[2024-11-12T07:54:48.405+0000] {processor.py:153} INFO - Started process (PID=81) to work on /home/airflow/.local/lib/python3.7/site-packages/airflow/example_dags/example_branch_python_dop_operator_3.py
[2024-11-12T07:54:48.406+0000] {processor.py:743} INFO - Processing file /home/airflow/.local/lib/python3.7/site-packages/airflow/example_dags/example_branch_python_dop_operator_3.py for tasks to queue
[2024-11-12T07:54:48.407+0000] {logging_mixin.py:137} INFO - [2024-11-12T07:54:48.407+0000] {dagbag.py:538} INFO - Filling up the DagBag from /home/airflow/.local/lib/python3.7/site-packages/airflow/example_dags/example_branch_python_dop_operator_3.py
[2024-11-12T07:54:48.444+0000] {processor.py:753} INFO - DAG(s) dict_keys(['example_branch_dop_operator_v3']) retrieved from /home/airflow/.local/lib/python3.7/site-packages/airflow/example_dags/example_branch_python_dop_operator_3.py
[2024-11-12T07:54:48.465+0000] {logging_mixin.py:137} INFO - [2024-11-12T07:54:48.464+0000] {dag.py:2690} INFO - Sync 1 DAGs
[2024-11-12T07:54:48.512+0000] {logging_mixin.py:137} INFO - [2024-11-12T07:54:48.512+0000] {dag.py:3441} INFO - Setting next_dagrun for example_branch_dop_operator_v3 to 2024-11-12T07:53:00+00:00, run_after=2024-11-12T07:54:00+00:00
[2024-11-12T07:54:48.535+0000] {processor.py:175} INFO - Processing /home/airflow/.local/lib/python3.7/site-packages/airflow/example_dags/example_branch_python_dop_operator_3.py took 0.147 seconds
[2024-11-12T07:55:18.633+0000] {processor.py:153} INFO - Started process (PID=152) to work on /home/airflow/.local/lib/python3.7/site-packages/airflow/example_dags/example_branch_python_dop_operator_3.py
[2024-11-12T07:55:18.634+0000] {processor.py:743} INFO - Processing file /home/airflow/.local/lib/python3.7/site-packages/airflow/example_dags/example_branch_python_dop_operator_3.py for tasks to queue
[2024-11-12T07:55:18.635+0000] {logging_mixin.py:137} INFO - [2024-11-12T07:55:18.635+0000] {dagbag.py:538} INFO - Filling up the DagBag from /home/airflow/.local/lib/python3.7/site-packages/airflow/example_dags/example_branch_python_dop_operator_3.py
[2024-11-12T07:55:18.661+0000] {processor.py:753} INFO - DAG(s) dict_keys(['example_branch_dop_operator_v3']) retrieved from /home/airflow/.local/lib/python3.7/site-packages/airflow/example_dags/example_branch_python_dop_operator_3.py
[2024-11-12T07:55:18.688+0000] {logging_mixin.py:137} INFO - [2024-11-12T07:55:18.688+0000] {dag.py:2690} INFO - Sync 1 DAGs
[2024-11-12T07:55:18.715+0000] {logging_mixin.py:137} INFO - [2024-11-12T07:55:18.715+0000] {dag.py:3441} INFO - Setting next_dagrun for example_branch_dop_operator_v3 to 2024-11-12T07:54:00+00:00, run_after=2024-11-12T07:55:00+00:00
[2024-11-12T07:55:18.741+0000] {processor.py:175} INFO - Processing /home/airflow/.local/lib/python3.7/site-packages/airflow/example_dags/example_branch_python_dop_operator_3.py took 0.111 seconds
[2024-11-12T07:55:49.674+0000] {processor.py:153} INFO - Started process (PID=239) to work on /home/airflow/.local/lib/python3.7/site-packages/airflow/example_dags/example_branch_python_dop_operator_3.py
[2024-11-12T07:55:49.675+0000] {processor.py:743} INFO - Processing file /home/airflow/.local/lib/python3.7/site-packages/airflow/example_dags/example_branch_python_dop_operator_3.py for tasks to queue
[2024-11-12T07:55:49.676+0000] {logging_mixin.py:137} INFO - [2024-11-12T07:55:49.676+0000] {dagbag.py:538} INFO - Filling up the DagBag from /home/airflow/.local/lib/python3.7/site-packages/airflow/example_dags/example_branch_python_dop_operator_3.py
[2024-11-12T07:55:49.701+0000] {processor.py:753} INFO - DAG(s) dict_keys(['example_branch_dop_operator_v3']) retrieved from /home/airflow/.local/lib/python3.7/site-packages/airflow/example_dags/example_branch_python_dop_operator_3.py
[2024-11-12T07:55:49.731+0000] {logging_mixin.py:137} INFO - [2024-11-12T07:55:49.731+0000] {dag.py:2690} INFO - Sync 1 DAGs
[2024-11-12T07:55:49.772+0000] {logging_mixin.py:137} INFO - [2024-11-12T07:55:49.772+0000] {dag.py:3441} INFO - Setting next_dagrun for example_branch_dop_operator_v3 to 2024-11-12T07:54:00+00:00, run_after=2024-11-12T07:55:00+00:00
[2024-11-12T07:55:49.797+0000] {processor.py:175} INFO - Processing /home/airflow/.local/lib/python3.7/site-packages/airflow/example_dags/example_branch_python_dop_operator_3.py took 0.126 seconds
[2024-11-12T07:56:19.870+0000] {processor.py:153} INFO - Started process (PID=310) to work on /home/airflow/.local/lib/python3.7/site-packages/airflow/example_dags/example_branch_python_dop_operator_3.py
[2024-11-12T07:56:19.871+0000] {processor.py:743} INFO - Processing file /home/airflow/.local/lib/python3.7/site-packages/airflow/example_dags/example_branch_python_dop_operator_3.py for tasks to queue
[2024-11-12T07:56:19.872+0000] {logging_mixin.py:137} INFO - [2024-11-12T07:56:19.872+0000] {dagbag.py:538} INFO - Filling up the DagBag from /home/airflow/.local/lib/python3.7/site-packages/airflow/example_dags/example_branch_python_dop_operator_3.py
[2024-11-12T07:56:19.895+0000] {processor.py:753} INFO - DAG(s) dict_keys(['example_branch_dop_operator_v3']) retrieved from /home/airflow/.local/lib/python3.7/site-packages/airflow/example_dags/example_branch_python_dop_operator_3.py
[2024-11-12T07:56:19.924+0000] {logging_mixin.py:137} INFO - [2024-11-12T07:56:19.924+0000] {dag.py:2690} INFO - Sync 1 DAGs
[2024-11-12T07:56:19.955+0000] {logging_mixin.py:137} INFO - [2024-11-12T07:56:19.955+0000] {dag.py:3441} INFO - Setting next_dagrun for example_branch_dop_operator_v3 to 2024-11-12T07:55:00+00:00, run_after=2024-11-12T07:56:00+00:00
[2024-11-12T07:56:19.979+0000] {processor.py:175} INFO - Processing /home/airflow/.local/lib/python3.7/site-packages/airflow/example_dags/example_branch_python_dop_operator_3.py took 0.113 seconds
[2024-11-12T07:56:50.571+0000] {processor.py:153} INFO - Started process (PID=388) to work on /home/airflow/.local/lib/python3.7/site-packages/airflow/example_dags/example_branch_python_dop_operator_3.py
[2024-11-12T07:56:50.573+0000] {processor.py:743} INFO - Processing file /home/airflow/.local/lib/python3.7/site-packages/airflow/example_dags/example_branch_python_dop_operator_3.py for tasks to queue
[2024-11-12T07:56:50.574+0000] {logging_mixin.py:137} INFO - [2024-11-12T07:56:50.574+0000] {dagbag.py:538} INFO - Filling up the DagBag from /home/airflow/.local/lib/python3.7/site-packages/airflow/example_dags/example_branch_python_dop_operator_3.py
[2024-11-12T07:56:50.611+0000] {processor.py:753} INFO - DAG(s) dict_keys(['example_branch_dop_operator_v3']) retrieved from /home/airflow/.local/lib/python3.7/site-packages/airflow/example_dags/example_branch_python_dop_operator_3.py
[2024-11-12T07:56:50.660+0000] {logging_mixin.py:137} INFO - [2024-11-12T07:56:50.660+0000] {dag.py:2690} INFO - Sync 1 DAGs
[2024-11-12T07:56:50.742+0000] {logging_mixin.py:137} INFO - [2024-11-12T07:56:50.741+0000] {dag.py:3441} INFO - Setting next_dagrun for example_branch_dop_operator_v3 to 2024-11-12T07:55:00+00:00, run_after=2024-11-12T07:56:00+00:00
[2024-11-12T07:56:50.775+0000] {processor.py:175} INFO - Processing /home/airflow/.local/lib/python3.7/site-packages/airflow/example_dags/example_branch_python_dop_operator_3.py took 0.208 seconds
[2024-11-12T07:57:21.714+0000] {processor.py:153} INFO - Started process (PID=468) to work on /home/airflow/.local/lib/python3.7/site-packages/airflow/example_dags/example_branch_python_dop_operator_3.py
[2024-11-12T07:57:21.722+0000] {processor.py:743} INFO - Processing file /home/airflow/.local/lib/python3.7/site-packages/airflow/example_dags/example_branch_python_dop_operator_3.py for tasks to queue
[2024-11-12T07:57:21.723+0000] {logging_mixin.py:137} INFO - [2024-11-12T07:57:21.722+0000] {dagbag.py:538} INFO - Filling up the DagBag from /home/airflow/.local/lib/python3.7/site-packages/airflow/example_dags/example_branch_python_dop_operator_3.py
[2024-11-12T07:57:21.744+0000] {processor.py:753} INFO - DAG(s) dict_keys(['example_branch_dop_operator_v3']) retrieved from /home/airflow/.local/lib/python3.7/site-packages/airflow/example_dags/example_branch_python_dop_operator_3.py
[2024-11-12T07:57:21.768+0000] {logging_mixin.py:137} INFO - [2024-11-12T07:57:21.768+0000] {dag.py:2690} INFO - Sync 1 DAGs
[2024-11-12T07:57:21.796+0000] {logging_mixin.py:137} INFO - [2024-11-12T07:57:21.796+0000] {dag.py:3441} INFO - Setting next_dagrun for example_branch_dop_operator_v3 to 2024-11-12T07:56:00+00:00, run_after=2024-11-12T07:57:00+00:00
[2024-11-12T07:57:21.824+0000] {processor.py:175} INFO - Processing /home/airflow/.local/lib/python3.7/site-packages/airflow/example_dags/example_branch_python_dop_operator_3.py took 0.113 seconds
[2024-11-12T07:57:51.881+0000] {processor.py:153} INFO - Started process (PID=539) to work on /home/airflow/.local/lib/python3.7/site-packages/airflow/example_dags/example_branch_python_dop_operator_3.py
[2024-11-12T07:57:51.882+0000] {processor.py:743} INFO - Processing file /home/airflow/.local/lib/python3.7/site-packages/airflow/example_dags/example_branch_python_dop_operator_3.py for tasks to queue
[2024-11-12T07:57:51.883+0000] {logging_mixin.py:137} INFO - [2024-11-12T07:57:51.883+0000] {dagbag.py:538} INFO - Filling up the DagBag from /home/airflow/.local/lib/python3.7/site-packages/airflow/example_dags/example_branch_python_dop_operator_3.py
[2024-11-12T07:57:51.912+0000] {processor.py:753} INFO - DAG(s) dict_keys(['example_branch_dop_operator_v3']) retrieved from /home/airflow/.local/lib/python3.7/site-packages/airflow/example_dags/example_branch_python_dop_operator_3.py
[2024-11-12T07:57:51.948+0000] {logging_mixin.py:137} INFO - [2024-11-12T07:57:51.948+0000] {dag.py:2690} INFO - Sync 1 DAGs
[2024-11-12T07:57:51.987+0000] {logging_mixin.py:137} INFO - [2024-11-12T07:57:51.987+0000] {dag.py:3441} INFO - Setting next_dagrun for example_branch_dop_operator_v3 to 2024-11-12T07:56:00+00:00, run_after=2024-11-12T07:57:00+00:00
[2024-11-12T07:57:52.012+0000] {processor.py:175} INFO - Processing /home/airflow/.local/lib/python3.7/site-packages/airflow/example_dags/example_branch_python_dop_operator_3.py took 0.136 seconds
[2024-11-12T07:58:22.242+0000] {processor.py:153} INFO - Started process (PID=626) to work on /home/airflow/.local/lib/python3.7/site-packages/airflow/example_dags/example_branch_python_dop_operator_3.py
[2024-11-12T07:58:22.244+0000] {processor.py:743} INFO - Processing file /home/airflow/.local/lib/python3.7/site-packages/airflow/example_dags/example_branch_python_dop_operator_3.py for tasks to queue
[2024-11-12T07:58:22.245+0000] {logging_mixin.py:137} INFO - [2024-11-12T07:58:22.245+0000] {dagbag.py:538} INFO - Filling up the DagBag from /home/airflow/.local/lib/python3.7/site-packages/airflow/example_dags/example_branch_python_dop_operator_3.py
[2024-11-12T07:58:22.269+0000] {processor.py:753} INFO - DAG(s) dict_keys(['example_branch_dop_operator_v3']) retrieved from /home/airflow/.local/lib/python3.7/site-packages/airflow/example_dags/example_branch_python_dop_operator_3.py
[2024-11-12T07:58:22.294+0000] {logging_mixin.py:137} INFO - [2024-11-12T07:58:22.294+0000] {dag.py:2690} INFO - Sync 1 DAGs
[2024-11-12T07:58:22.321+0000] {logging_mixin.py:137} INFO - [2024-11-12T07:58:22.321+0000] {dag.py:3441} INFO - Setting next_dagrun for example_branch_dop_operator_v3 to 2024-11-12T07:57:00+00:00, run_after=2024-11-12T07:58:00+00:00
[2024-11-12T07:58:22.344+0000] {processor.py:175} INFO - Processing /home/airflow/.local/lib/python3.7/site-packages/airflow/example_dags/example_branch_python_dop_operator_3.py took 0.105 seconds
[2024-11-12T07:58:53.141+0000] {processor.py:153} INFO - Started process (PID=697) to work on /home/airflow/.local/lib/python3.7/site-packages/airflow/example_dags/example_branch_python_dop_operator_3.py
[2024-11-12T07:58:53.142+0000] {processor.py:743} INFO - Processing file /home/airflow/.local/lib/python3.7/site-packages/airflow/example_dags/example_branch_python_dop_operator_3.py for tasks to queue
[2024-11-12T07:58:53.143+0000] {logging_mixin.py:137} INFO - [2024-11-12T07:58:53.143+0000] {dagbag.py:538} INFO - Filling up the DagBag from /home/airflow/.local/lib/python3.7/site-packages/airflow/example_dags/example_branch_python_dop_operator_3.py
[2024-11-12T07:58:53.175+0000] {processor.py:753} INFO - DAG(s) dict_keys(['example_branch_dop_operator_v3']) retrieved from /home/airflow/.local/lib/python3.7/site-packages/airflow/example_dags/example_branch_python_dop_operator_3.py
[2024-11-12T07:58:53.210+0000] {logging_mixin.py:137} INFO - [2024-11-12T07:58:53.209+0000] {dag.py:2690} INFO - Sync 1 DAGs
[2024-11-12T07:58:53.246+0000] {logging_mixin.py:137} INFO - [2024-11-12T07:58:53.246+0000] {dag.py:3441} INFO - Setting next_dagrun for example_branch_dop_operator_v3 to 2024-11-12T07:57:00+00:00, run_after=2024-11-12T07:58:00+00:00
[2024-11-12T07:58:53.274+0000] {processor.py:175} INFO - Processing /home/airflow/.local/lib/python3.7/site-packages/airflow/example_dags/example_branch_python_dop_operator_3.py took 0.140 seconds
[2024-11-12T07:59:23.337+0000] {processor.py:153} INFO - Started process (PID=786) to work on /home/airflow/.local/lib/python3.7/site-packages/airflow/example_dags/example_branch_python_dop_operator_3.py
[2024-11-12T07:59:23.338+0000] {processor.py:743} INFO - Processing file /home/airflow/.local/lib/python3.7/site-packages/airflow/example_dags/example_branch_python_dop_operator_3.py for tasks to queue
[2024-11-12T07:59:23.339+0000] {logging_mixin.py:137} INFO - [2024-11-12T07:59:23.339+0000] {dagbag.py:538} INFO - Filling up the DagBag from /home/airflow/.local/lib/python3.7/site-packages/airflow/example_dags/example_branch_python_dop_operator_3.py
[2024-11-12T07:59:23.362+0000] {processor.py:753} INFO - DAG(s) dict_keys(['example_branch_dop_operator_v3']) retrieved from /home/airflow/.local/lib/python3.7/site-packages/airflow/example_dags/example_branch_python_dop_operator_3.py
[2024-11-12T07:59:23.388+0000] {logging_mixin.py:137} INFO - [2024-11-12T07:59:23.388+0000] {dag.py:2690} INFO - Sync 1 DAGs
[2024-11-12T07:59:23.416+0000] {logging_mixin.py:137} INFO - [2024-11-12T07:59:23.416+0000] {dag.py:3441} INFO - Setting next_dagrun for example_branch_dop_operator_v3 to 2024-11-12T07:58:00+00:00, run_after=2024-11-12T07:59:00+00:00
[2024-11-12T07:59:23.440+0000] {processor.py:175} INFO - Processing /home/airflow/.local/lib/python3.7/site-packages/airflow/example_dags/example_branch_python_dop_operator_3.py took 0.107 seconds
[2024-11-12T07:59:53.542+0000] {processor.py:153} INFO - Started process (PID=857) to work on /home/airflow/.local/lib/python3.7/site-packages/airflow/example_dags/example_branch_python_dop_operator_3.py
[2024-11-12T07:59:53.543+0000] {processor.py:743} INFO - Processing file /home/airflow/.local/lib/python3.7/site-packages/airflow/example_dags/example_branch_python_dop_operator_3.py for tasks to queue
[2024-11-12T07:59:53.544+0000] {logging_mixin.py:137} INFO - [2024-11-12T07:59:53.544+0000] {dagbag.py:538} INFO - Filling up the DagBag from /home/airflow/.local/lib/python3.7/site-packages/airflow/example_dags/example_branch_python_dop_operator_3.py
[2024-11-12T07:59:53.571+0000] {processor.py:753} INFO - DAG(s) dict_keys(['example_branch_dop_operator_v3']) retrieved from /home/airflow/.local/lib/python3.7/site-packages/airflow/example_dags/example_branch_python_dop_operator_3.py
[2024-11-12T07:59:53.601+0000] {logging_mixin.py:137} INFO - [2024-11-12T07:59:53.601+0000] {dag.py:2690} INFO - Sync 1 DAGs
[2024-11-12T07:59:53.645+0000] {logging_mixin.py:137} INFO - [2024-11-12T07:59:53.644+0000] {dag.py:3441} INFO - Setting next_dagrun for example_branch_dop_operator_v3 to 2024-11-12T07:58:00+00:00, run_after=2024-11-12T07:59:00+00:00
[2024-11-12T07:59:53.676+0000] {processor.py:175} INFO - Processing /home/airflow/.local/lib/python3.7/site-packages/airflow/example_dags/example_branch_python_dop_operator_3.py took 0.140 seconds
[2024-11-12T08:00:23.699+0000] {processor.py:153} INFO - Started process (PID=944) to work on /home/airflow/.local/lib/python3.7/site-packages/airflow/example_dags/example_branch_python_dop_operator_3.py
[2024-11-12T08:00:23.700+0000] {processor.py:743} INFO - Processing file /home/airflow/.local/lib/python3.7/site-packages/airflow/example_dags/example_branch_python_dop_operator_3.py for tasks to queue
[2024-11-12T08:00:23.701+0000] {logging_mixin.py:137} INFO - [2024-11-12T08:00:23.701+0000] {dagbag.py:538} INFO - Filling up the DagBag from /home/airflow/.local/lib/python3.7/site-packages/airflow/example_dags/example_branch_python_dop_operator_3.py
[2024-11-12T08:00:23.723+0000] {processor.py:753} INFO - DAG(s) dict_keys(['example_branch_dop_operator_v3']) retrieved from /home/airflow/.local/lib/python3.7/site-packages/airflow/example_dags/example_branch_python_dop_operator_3.py
[2024-11-12T08:00:23.749+0000] {logging_mixin.py:137} INFO - [2024-11-12T08:00:23.749+0000] {dag.py:2690} INFO - Sync 1 DAGs
[2024-11-12T08:00:23.777+0000] {logging_mixin.py:137} INFO - [2024-11-12T08:00:23.776+0000] {dag.py:3441} INFO - Setting next_dagrun for example_branch_dop_operator_v3 to 2024-11-12T07:59:00+00:00, run_after=2024-11-12T08:00:00+00:00
[2024-11-12T08:00:23.798+0000] {processor.py:175} INFO - Processing /home/airflow/.local/lib/python3.7/site-packages/airflow/example_dags/example_branch_python_dop_operator_3.py took 0.102 seconds
[2024-11-12T08:00:54.620+0000] {processor.py:153} INFO - Started process (PID=1015) to work on /home/airflow/.local/lib/python3.7/site-packages/airflow/example_dags/example_branch_python_dop_operator_3.py
[2024-11-12T08:00:54.622+0000] {processor.py:743} INFO - Processing file /home/airflow/.local/lib/python3.7/site-packages/airflow/example_dags/example_branch_python_dop_operator_3.py for tasks to queue
[2024-11-12T08:00:54.622+0000] {logging_mixin.py:137} INFO - [2024-11-12T08:00:54.622+0000] {dagbag.py:538} INFO - Filling up the DagBag from /home/airflow/.local/lib/python3.7/site-packages/airflow/example_dags/example_branch_python_dop_operator_3.py
[2024-11-12T08:00:54.645+0000] {processor.py:753} INFO - DAG(s) dict_keys(['example_branch_dop_operator_v3']) retrieved from /home/airflow/.local/lib/python3.7/site-packages/airflow/example_dags/example_branch_python_dop_operator_3.py
[2024-11-12T08:00:54.671+0000] {logging_mixin.py:137} INFO - [2024-11-12T08:00:54.671+0000] {dag.py:2690} INFO - Sync 1 DAGs
[2024-11-12T08:00:54.699+0000] {logging_mixin.py:137} INFO - [2024-11-12T08:00:54.698+0000] {dag.py:3441} INFO - Setting next_dagrun for example_branch_dop_operator_v3 to 2024-11-12T07:59:00+00:00, run_after=2024-11-12T08:00:00+00:00
[2024-11-12T08:00:54.720+0000] {processor.py:175} INFO - Processing /home/airflow/.local/lib/python3.7/site-packages/airflow/example_dags/example_branch_python_dop_operator_3.py took 0.103 seconds
[2024-11-12T08:01:25.599+0000] {processor.py:153} INFO - Started process (PID=1102) to work on /home/airflow/.local/lib/python3.7/site-packages/airflow/example_dags/example_branch_python_dop_operator_3.py
[2024-11-12T08:01:25.600+0000] {processor.py:743} INFO - Processing file /home/airflow/.local/lib/python3.7/site-packages/airflow/example_dags/example_branch_python_dop_operator_3.py for tasks to queue
[2024-11-12T08:01:25.600+0000] {logging_mixin.py:137} INFO - [2024-11-12T08:01:25.600+0000] {dagbag.py:538} INFO - Filling up the DagBag from /home/airflow/.local/lib/python3.7/site-packages/airflow/example_dags/example_branch_python_dop_operator_3.py
[2024-11-12T08:01:25.627+0000] {processor.py:753} INFO - DAG(s) dict_keys(['example_branch_dop_operator_v3']) retrieved from /home/airflow/.local/lib/python3.7/site-packages/airflow/example_dags/example_branch_python_dop_operator_3.py
[2024-11-12T08:01:25.655+0000] {logging_mixin.py:137} INFO - [2024-11-12T08:01:25.655+0000] {dag.py:2690} INFO - Sync 1 DAGs
[2024-11-12T08:01:25.689+0000] {logging_mixin.py:137} INFO - [2024-11-12T08:01:25.689+0000] {dag.py:3441} INFO - Setting next_dagrun for example_branch_dop_operator_v3 to 2024-11-12T08:00:00+00:00, run_after=2024-11-12T08:01:00+00:00
[2024-11-12T08:01:25.714+0000] {processor.py:175} INFO - Processing /home/airflow/.local/lib/python3.7/site-packages/airflow/example_dags/example_branch_python_dop_operator_3.py took 0.119 seconds
[2024-11-12T08:02:38.870+0000] {processor.py:153} INFO - Started process (PID=63) to work on /home/airflow/.local/lib/python3.7/site-packages/airflow/example_dags/example_branch_python_dop_operator_3.py
[2024-11-12T08:02:38.871+0000] {processor.py:743} INFO - Processing file /home/airflow/.local/lib/python3.7/site-packages/airflow/example_dags/example_branch_python_dop_operator_3.py for tasks to queue
[2024-11-12T08:02:38.872+0000] {logging_mixin.py:137} INFO - [2024-11-12T08:02:38.872+0000] {dagbag.py:538} INFO - Filling up the DagBag from /home/airflow/.local/lib/python3.7/site-packages/airflow/example_dags/example_branch_python_dop_operator_3.py
[2024-11-12T08:02:38.907+0000] {processor.py:753} INFO - DAG(s) dict_keys(['example_branch_dop_operator_v3']) retrieved from /home/airflow/.local/lib/python3.7/site-packages/airflow/example_dags/example_branch_python_dop_operator_3.py
[2024-11-12T08:02:38.926+0000] {logging_mixin.py:137} INFO - [2024-11-12T08:02:38.926+0000] {dag.py:2690} INFO - Sync 1 DAGs
[2024-11-12T08:02:38.972+0000] {logging_mixin.py:137} INFO - [2024-11-12T08:02:38.971+0000] {dag.py:3441} INFO - Setting next_dagrun for example_branch_dop_operator_v3 to 2024-11-12T08:01:00+00:00, run_after=2024-11-12T08:02:00+00:00
[2024-11-12T08:02:38.999+0000] {processor.py:175} INFO - Processing /home/airflow/.local/lib/python3.7/site-packages/airflow/example_dags/example_branch_python_dop_operator_3.py took 0.137 seconds
[2024-11-12T08:03:09.820+0000] {processor.py:153} INFO - Started process (PID=150) to work on /home/airflow/.local/lib/python3.7/site-packages/airflow/example_dags/example_branch_python_dop_operator_3.py
[2024-11-12T08:03:09.822+0000] {processor.py:743} INFO - Processing file /home/airflow/.local/lib/python3.7/site-packages/airflow/example_dags/example_branch_python_dop_operator_3.py for tasks to queue
[2024-11-12T08:03:09.822+0000] {logging_mixin.py:137} INFO - [2024-11-12T08:03:09.822+0000] {dagbag.py:538} INFO - Filling up the DagBag from /home/airflow/.local/lib/python3.7/site-packages/airflow/example_dags/example_branch_python_dop_operator_3.py
[2024-11-12T08:03:09.848+0000] {processor.py:753} INFO - DAG(s) dict_keys(['example_branch_dop_operator_v3']) retrieved from /home/airflow/.local/lib/python3.7/site-packages/airflow/example_dags/example_branch_python_dop_operator_3.py
[2024-11-12T08:03:09.880+0000] {logging_mixin.py:137} INFO - [2024-11-12T08:03:09.879+0000] {dag.py:2690} INFO - Sync 1 DAGs
[2024-11-12T08:03:09.913+0000] {logging_mixin.py:137} INFO - [2024-11-12T08:03:09.913+0000] {dag.py:3441} INFO - Setting next_dagrun for example_branch_dop_operator_v3 to 2024-11-12T08:02:00+00:00, run_after=2024-11-12T08:03:00+00:00
[2024-11-12T08:03:09.934+0000] {processor.py:175} INFO - Processing /home/airflow/.local/lib/python3.7/site-packages/airflow/example_dags/example_branch_python_dop_operator_3.py took 0.118 seconds
[2024-11-12T08:03:40.331+0000] {processor.py:153} INFO - Started process (PID=221) to work on /home/airflow/.local/lib/python3.7/site-packages/airflow/example_dags/example_branch_python_dop_operator_3.py
[2024-11-12T08:03:40.332+0000] {processor.py:743} INFO - Processing file /home/airflow/.local/lib/python3.7/site-packages/airflow/example_dags/example_branch_python_dop_operator_3.py for tasks to queue
[2024-11-12T08:03:40.333+0000] {logging_mixin.py:137} INFO - [2024-11-12T08:03:40.332+0000] {dagbag.py:538} INFO - Filling up the DagBag from /home/airflow/.local/lib/python3.7/site-packages/airflow/example_dags/example_branch_python_dop_operator_3.py
[2024-11-12T08:03:40.355+0000] {processor.py:753} INFO - DAG(s) dict_keys(['example_branch_dop_operator_v3']) retrieved from /home/airflow/.local/lib/python3.7/site-packages/airflow/example_dags/example_branch_python_dop_operator_3.py
[2024-11-12T08:03:40.381+0000] {logging_mixin.py:137} INFO - [2024-11-12T08:03:40.381+0000] {dag.py:2690} INFO - Sync 1 DAGs
[2024-11-12T08:03:40.410+0000] {logging_mixin.py:137} INFO - [2024-11-12T08:03:40.410+0000] {dag.py:3441} INFO - Setting next_dagrun for example_branch_dop_operator_v3 to 2024-11-12T08:02:00+00:00, run_after=2024-11-12T08:03:00+00:00
[2024-11-12T08:03:40.435+0000] {processor.py:175} INFO - Processing /home/airflow/.local/lib/python3.7/site-packages/airflow/example_dags/example_branch_python_dop_operator_3.py took 0.107 seconds
[2024-11-12T08:04:11.043+0000] {processor.py:153} INFO - Started process (PID=308) to work on /home/airflow/.local/lib/python3.7/site-packages/airflow/example_dags/example_branch_python_dop_operator_3.py
[2024-11-12T08:04:11.045+0000] {processor.py:743} INFO - Processing file /home/airflow/.local/lib/python3.7/site-packages/airflow/example_dags/example_branch_python_dop_operator_3.py for tasks to queue
[2024-11-12T08:04:11.045+0000] {logging_mixin.py:137} INFO - [2024-11-12T08:04:11.045+0000] {dagbag.py:538} INFO - Filling up the DagBag from /home/airflow/.local/lib/python3.7/site-packages/airflow/example_dags/example_branch_python_dop_operator_3.py
[2024-11-12T08:04:11.071+0000] {processor.py:753} INFO - DAG(s) dict_keys(['example_branch_dop_operator_v3']) retrieved from /home/airflow/.local/lib/python3.7/site-packages/airflow/example_dags/example_branch_python_dop_operator_3.py
[2024-11-12T08:04:11.099+0000] {logging_mixin.py:137} INFO - [2024-11-12T08:04:11.099+0000] {dag.py:2690} INFO - Sync 1 DAGs
[2024-11-12T08:04:11.132+0000] {logging_mixin.py:137} INFO - [2024-11-12T08:04:11.132+0000] {dag.py:3441} INFO - Setting next_dagrun for example_branch_dop_operator_v3 to 2024-11-12T08:03:00+00:00, run_after=2024-11-12T08:04:00+00:00
[2024-11-12T08:04:11.159+0000] {processor.py:175} INFO - Processing /home/airflow/.local/lib/python3.7/site-packages/airflow/example_dags/example_branch_python_dop_operator_3.py took 0.120 seconds
[2024-11-12T08:04:42.000+0000] {processor.py:153} INFO - Started process (PID=379) to work on /home/airflow/.local/lib/python3.7/site-packages/airflow/example_dags/example_branch_python_dop_operator_3.py
[2024-11-12T08:04:42.001+0000] {processor.py:743} INFO - Processing file /home/airflow/.local/lib/python3.7/site-packages/airflow/example_dags/example_branch_python_dop_operator_3.py for tasks to queue
[2024-11-12T08:04:42.002+0000] {logging_mixin.py:137} INFO - [2024-11-12T08:04:42.002+0000] {dagbag.py:538} INFO - Filling up the DagBag from /home/airflow/.local/lib/python3.7/site-packages/airflow/example_dags/example_branch_python_dop_operator_3.py
[2024-11-12T08:04:42.030+0000] {processor.py:753} INFO - DAG(s) dict_keys(['example_branch_dop_operator_v3']) retrieved from /home/airflow/.local/lib/python3.7/site-packages/airflow/example_dags/example_branch_python_dop_operator_3.py
[2024-11-12T08:04:42.069+0000] {logging_mixin.py:137} INFO - [2024-11-12T08:04:42.068+0000] {dag.py:2690} INFO - Sync 1 DAGs
[2024-11-12T08:04:42.107+0000] {logging_mixin.py:137} INFO - [2024-11-12T08:04:42.106+0000] {dag.py:3441} INFO - Setting next_dagrun for example_branch_dop_operator_v3 to 2024-11-12T08:03:00+00:00, run_after=2024-11-12T08:04:00+00:00
[2024-11-12T08:04:42.137+0000] {processor.py:175} INFO - Processing /home/airflow/.local/lib/python3.7/site-packages/airflow/example_dags/example_branch_python_dop_operator_3.py took 0.140 seconds
[2024-11-12T08:05:12.228+0000] {processor.py:153} INFO - Started process (PID=466) to work on /home/airflow/.local/lib/python3.7/site-packages/airflow/example_dags/example_branch_python_dop_operator_3.py
[2024-11-12T08:05:12.229+0000] {processor.py:743} INFO - Processing file /home/airflow/.local/lib/python3.7/site-packages/airflow/example_dags/example_branch_python_dop_operator_3.py for tasks to queue
[2024-11-12T08:05:12.229+0000] {logging_mixin.py:137} INFO - [2024-11-12T08:05:12.229+0000] {dagbag.py:538} INFO - Filling up the DagBag from /home/airflow/.local/lib/python3.7/site-packages/airflow/example_dags/example_branch_python_dop_operator_3.py
[2024-11-12T08:05:12.250+0000] {processor.py:753} INFO - DAG(s) dict_keys(['example_branch_dop_operator_v3']) retrieved from /home/airflow/.local/lib/python3.7/site-packages/airflow/example_dags/example_branch_python_dop_operator_3.py
[2024-11-12T08:05:12.275+0000] {logging_mixin.py:137} INFO - [2024-11-12T08:05:12.275+0000] {dag.py:2690} INFO - Sync 1 DAGs
[2024-11-12T08:05:12.301+0000] {logging_mixin.py:137} INFO - [2024-11-12T08:05:12.301+0000] {dag.py:3441} INFO - Setting next_dagrun for example_branch_dop_operator_v3 to 2024-11-12T08:04:00+00:00, run_after=2024-11-12T08:05:00+00:00
[2024-11-12T08:05:12.324+0000] {processor.py:175} INFO - Processing /home/airflow/.local/lib/python3.7/site-packages/airflow/example_dags/example_branch_python_dop_operator_3.py took 0.100 seconds
[2024-11-12T08:05:43.136+0000] {processor.py:153} INFO - Started process (PID=537) to work on /home/airflow/.local/lib/python3.7/site-packages/airflow/example_dags/example_branch_python_dop_operator_3.py
[2024-11-12T08:05:43.137+0000] {processor.py:743} INFO - Processing file /home/airflow/.local/lib/python3.7/site-packages/airflow/example_dags/example_branch_python_dop_operator_3.py for tasks to queue
[2024-11-12T08:05:43.138+0000] {logging_mixin.py:137} INFO - [2024-11-12T08:05:43.138+0000] {dagbag.py:538} INFO - Filling up the DagBag from /home/airflow/.local/lib/python3.7/site-packages/airflow/example_dags/example_branch_python_dop_operator_3.py
[2024-11-12T08:05:43.161+0000] {processor.py:753} INFO - DAG(s) dict_keys(['example_branch_dop_operator_v3']) retrieved from /home/airflow/.local/lib/python3.7/site-packages/airflow/example_dags/example_branch_python_dop_operator_3.py
[2024-11-12T08:05:43.186+0000] {logging_mixin.py:137} INFO - [2024-11-12T08:05:43.186+0000] {dag.py:2690} INFO - Sync 1 DAGs
[2024-11-12T08:05:43.217+0000] {logging_mixin.py:137} INFO - [2024-11-12T08:05:43.217+0000] {dag.py:3441} INFO - Setting next_dagrun for example_branch_dop_operator_v3 to 2024-11-12T08:04:00+00:00, run_after=2024-11-12T08:05:00+00:00
[2024-11-12T08:05:43.243+0000] {processor.py:175} INFO - Processing /home/airflow/.local/lib/python3.7/site-packages/airflow/example_dags/example_branch_python_dop_operator_3.py took 0.111 seconds
[2024-11-12T08:06:14.676+0000] {processor.py:153} INFO - Started process (PID=624) to work on /home/airflow/.local/lib/python3.7/site-packages/airflow/example_dags/example_branch_python_dop_operator_3.py
[2024-11-12T08:06:14.677+0000] {processor.py:743} INFO - Processing file /home/airflow/.local/lib/python3.7/site-packages/airflow/example_dags/example_branch_python_dop_operator_3.py for tasks to queue
[2024-11-12T08:06:14.678+0000] {logging_mixin.py:137} INFO - [2024-11-12T08:06:14.678+0000] {dagbag.py:538} INFO - Filling up the DagBag from /home/airflow/.local/lib/python3.7/site-packages/airflow/example_dags/example_branch_python_dop_operator_3.py
[2024-11-12T08:06:14.710+0000] {processor.py:753} INFO - DAG(s) dict_keys(['example_branch_dop_operator_v3']) retrieved from /home/airflow/.local/lib/python3.7/site-packages/airflow/example_dags/example_branch_python_dop_operator_3.py
[2024-11-12T08:06:14.741+0000] {logging_mixin.py:137} INFO - [2024-11-12T08:06:14.741+0000] {dag.py:2690} INFO - Sync 1 DAGs
[2024-11-12T08:06:14.776+0000] {logging_mixin.py:137} INFO - [2024-11-12T08:06:14.776+0000] {dag.py:3441} INFO - Setting next_dagrun for example_branch_dop_operator_v3 to 2024-11-12T08:05:00+00:00, run_after=2024-11-12T08:06:00+00:00
[2024-11-12T08:06:14.805+0000] {processor.py:175} INFO - Processing /home/airflow/.local/lib/python3.7/site-packages/airflow/example_dags/example_branch_python_dop_operator_3.py took 0.134 seconds
[2024-11-12T08:06:45.291+0000] {processor.py:153} INFO - Started process (PID=695) to work on /home/airflow/.local/lib/python3.7/site-packages/airflow/example_dags/example_branch_python_dop_operator_3.py
[2024-11-12T08:06:45.292+0000] {processor.py:743} INFO - Processing file /home/airflow/.local/lib/python3.7/site-packages/airflow/example_dags/example_branch_python_dop_operator_3.py for tasks to queue
[2024-11-12T08:06:45.292+0000] {logging_mixin.py:137} INFO - [2024-11-12T08:06:45.292+0000] {dagbag.py:538} INFO - Filling up the DagBag from /home/airflow/.local/lib/python3.7/site-packages/airflow/example_dags/example_branch_python_dop_operator_3.py
[2024-11-12T08:06:45.315+0000] {processor.py:753} INFO - DAG(s) dict_keys(['example_branch_dop_operator_v3']) retrieved from /home/airflow/.local/lib/python3.7/site-packages/airflow/example_dags/example_branch_python_dop_operator_3.py
[2024-11-12T08:06:45.340+0000] {logging_mixin.py:137} INFO - [2024-11-12T08:06:45.340+0000] {dag.py:2690} INFO - Sync 1 DAGs
[2024-11-12T08:06:45.371+0000] {logging_mixin.py:137} INFO - [2024-11-12T08:06:45.370+0000] {dag.py:3441} INFO - Setting next_dagrun for example_branch_dop_operator_v3 to 2024-11-12T08:05:00+00:00, run_after=2024-11-12T08:06:00+00:00
[2024-11-12T08:06:45.393+0000] {processor.py:175} INFO - Processing /home/airflow/.local/lib/python3.7/site-packages/airflow/example_dags/example_branch_python_dop_operator_3.py took 0.105 seconds
[2024-11-12T08:07:15.878+0000] {processor.py:153} INFO - Started process (PID=782) to work on /home/airflow/.local/lib/python3.7/site-packages/airflow/example_dags/example_branch_python_dop_operator_3.py
[2024-11-12T08:07:15.880+0000] {processor.py:743} INFO - Processing file /home/airflow/.local/lib/python3.7/site-packages/airflow/example_dags/example_branch_python_dop_operator_3.py for tasks to queue
[2024-11-12T08:07:15.881+0000] {logging_mixin.py:137} INFO - [2024-11-12T08:07:15.881+0000] {dagbag.py:538} INFO - Filling up the DagBag from /home/airflow/.local/lib/python3.7/site-packages/airflow/example_dags/example_branch_python_dop_operator_3.py
[2024-11-12T08:07:15.915+0000] {processor.py:753} INFO - DAG(s) dict_keys(['example_branch_dop_operator_v3']) retrieved from /home/airflow/.local/lib/python3.7/site-packages/airflow/example_dags/example_branch_python_dop_operator_3.py
[2024-11-12T08:07:15.947+0000] {logging_mixin.py:137} INFO - [2024-11-12T08:07:15.947+0000] {dag.py:2690} INFO - Sync 1 DAGs
[2024-11-12T08:07:15.991+0000] {logging_mixin.py:137} INFO - [2024-11-12T08:07:15.990+0000] {dag.py:3441} INFO - Setting next_dagrun for example_branch_dop_operator_v3 to 2024-11-12T08:06:00+00:00, run_after=2024-11-12T08:07:00+00:00
[2024-11-12T08:07:16.018+0000] {processor.py:175} INFO - Processing /home/airflow/.local/lib/python3.7/site-packages/airflow/example_dags/example_branch_python_dop_operator_3.py took 0.146 seconds
[2024-11-12T08:07:46.238+0000] {processor.py:153} INFO - Started process (PID=853) to work on /home/airflow/.local/lib/python3.7/site-packages/airflow/example_dags/example_branch_python_dop_operator_3.py
[2024-11-12T08:07:46.239+0000] {processor.py:743} INFO - Processing file /home/airflow/.local/lib/python3.7/site-packages/airflow/example_dags/example_branch_python_dop_operator_3.py for tasks to queue
[2024-11-12T08:07:46.239+0000] {logging_mixin.py:137} INFO - [2024-11-12T08:07:46.239+0000] {dagbag.py:538} INFO - Filling up the DagBag from /home/airflow/.local/lib/python3.7/site-packages/airflow/example_dags/example_branch_python_dop_operator_3.py
[2024-11-12T08:07:46.261+0000] {processor.py:753} INFO - DAG(s) dict_keys(['example_branch_dop_operator_v3']) retrieved from /home/airflow/.local/lib/python3.7/site-packages/airflow/example_dags/example_branch_python_dop_operator_3.py
[2024-11-12T08:07:46.285+0000] {logging_mixin.py:137} INFO - [2024-11-12T08:07:46.284+0000] {dag.py:2690} INFO - Sync 1 DAGs
[2024-11-12T08:07:46.310+0000] {logging_mixin.py:137} INFO - [2024-11-12T08:07:46.310+0000] {dag.py:3441} INFO - Setting next_dagrun for example_branch_dop_operator_v3 to 2024-11-12T08:06:00+00:00, run_after=2024-11-12T08:07:00+00:00
[2024-11-12T08:07:46.331+0000] {processor.py:175} INFO - Processing /home/airflow/.local/lib/python3.7/site-packages/airflow/example_dags/example_branch_python_dop_operator_3.py took 0.096 seconds
[2024-11-12T08:08:16.398+0000] {processor.py:153} INFO - Started process (PID=924) to work on /home/airflow/.local/lib/python3.7/site-packages/airflow/example_dags/example_branch_python_dop_operator_3.py
[2024-11-12T08:08:16.399+0000] {processor.py:743} INFO - Processing file /home/airflow/.local/lib/python3.7/site-packages/airflow/example_dags/example_branch_python_dop_operator_3.py for tasks to queue
[2024-11-12T08:08:16.400+0000] {logging_mixin.py:137} INFO - [2024-11-12T08:08:16.400+0000] {dagbag.py:538} INFO - Filling up the DagBag from /home/airflow/.local/lib/python3.7/site-packages/airflow/example_dags/example_branch_python_dop_operator_3.py
[2024-11-12T08:08:16.421+0000] {processor.py:753} INFO - DAG(s) dict_keys(['example_branch_dop_operator_v3']) retrieved from /home/airflow/.local/lib/python3.7/site-packages/airflow/example_dags/example_branch_python_dop_operator_3.py
[2024-11-12T08:08:16.448+0000] {logging_mixin.py:137} INFO - [2024-11-12T08:08:16.448+0000] {dag.py:2690} INFO - Sync 1 DAGs
[2024-11-12T08:08:16.477+0000] {logging_mixin.py:137} INFO - [2024-11-12T08:08:16.477+0000] {dag.py:3441} INFO - Setting next_dagrun for example_branch_dop_operator_v3 to 2024-11-12T08:07:00+00:00, run_after=2024-11-12T08:08:00+00:00
[2024-11-12T08:08:16.499+0000] {processor.py:175} INFO - Processing /home/airflow/.local/lib/python3.7/site-packages/airflow/example_dags/example_branch_python_dop_operator_3.py took 0.105 seconds
[2024-11-12T08:08:47.048+0000] {processor.py:153} INFO - Started process (PID=995) to work on /home/airflow/.local/lib/python3.7/site-packages/airflow/example_dags/example_branch_python_dop_operator_3.py
[2024-11-12T08:08:47.049+0000] {processor.py:743} INFO - Processing file /home/airflow/.local/lib/python3.7/site-packages/airflow/example_dags/example_branch_python_dop_operator_3.py for tasks to queue
[2024-11-12T08:08:47.050+0000] {logging_mixin.py:137} INFO - [2024-11-12T08:08:47.050+0000] {dagbag.py:538} INFO - Filling up the DagBag from /home/airflow/.local/lib/python3.7/site-packages/airflow/example_dags/example_branch_python_dop_operator_3.py
[2024-11-12T08:08:47.072+0000] {processor.py:753} INFO - DAG(s) dict_keys(['example_branch_dop_operator_v3']) retrieved from /home/airflow/.local/lib/python3.7/site-packages/airflow/example_dags/example_branch_python_dop_operator_3.py
[2024-11-12T08:08:47.097+0000] {logging_mixin.py:137} INFO - [2024-11-12T08:08:47.097+0000] {dag.py:2690} INFO - Sync 1 DAGs
[2024-11-12T08:08:47.126+0000] {logging_mixin.py:137} INFO - [2024-11-12T08:08:47.126+0000] {dag.py:3441} INFO - Setting next_dagrun for example_branch_dop_operator_v3 to 2024-11-12T08:07:00+00:00, run_after=2024-11-12T08:08:00+00:00
[2024-11-12T08:08:47.148+0000] {processor.py:175} INFO - Processing /home/airflow/.local/lib/python3.7/site-packages/airflow/example_dags/example_branch_python_dop_operator_3.py took 0.103 seconds
[2024-11-12T08:09:18.349+0000] {processor.py:153} INFO - Started process (PID=1082) to work on /home/airflow/.local/lib/python3.7/site-packages/airflow/example_dags/example_branch_python_dop_operator_3.py
[2024-11-12T08:09:18.351+0000] {processor.py:743} INFO - Processing file /home/airflow/.local/lib/python3.7/site-packages/airflow/example_dags/example_branch_python_dop_operator_3.py for tasks to queue
[2024-11-12T08:09:18.352+0000] {logging_mixin.py:137} INFO - [2024-11-12T08:09:18.351+0000] {dagbag.py:538} INFO - Filling up the DagBag from /home/airflow/.local/lib/python3.7/site-packages/airflow/example_dags/example_branch_python_dop_operator_3.py
[2024-11-12T08:09:18.385+0000] {processor.py:753} INFO - DAG(s) dict_keys(['example_branch_dop_operator_v3']) retrieved from /home/airflow/.local/lib/python3.7/site-packages/airflow/example_dags/example_branch_python_dop_operator_3.py
[2024-11-12T08:09:18.418+0000] {logging_mixin.py:137} INFO - [2024-11-12T08:09:18.418+0000] {dag.py:2690} INFO - Sync 1 DAGs
[2024-11-12T08:09:18.472+0000] {logging_mixin.py:137} INFO - [2024-11-12T08:09:18.472+0000] {dag.py:3441} INFO - Setting next_dagrun for example_branch_dop_operator_v3 to 2024-11-12T08:08:00+00:00, run_after=2024-11-12T08:09:00+00:00
[2024-11-12T08:09:18.505+0000] {processor.py:175} INFO - Processing /home/airflow/.local/lib/python3.7/site-packages/airflow/example_dags/example_branch_python_dop_operator_3.py took 0.160 seconds
[2024-11-12T08:09:48.667+0000] {processor.py:153} INFO - Started process (PID=1154) to work on /home/airflow/.local/lib/python3.7/site-packages/airflow/example_dags/example_branch_python_dop_operator_3.py
[2024-11-12T08:09:48.669+0000] {processor.py:743} INFO - Processing file /home/airflow/.local/lib/python3.7/site-packages/airflow/example_dags/example_branch_python_dop_operator_3.py for tasks to queue
[2024-11-12T08:09:48.669+0000] {logging_mixin.py:137} INFO - [2024-11-12T08:09:48.669+0000] {dagbag.py:538} INFO - Filling up the DagBag from /home/airflow/.local/lib/python3.7/site-packages/airflow/example_dags/example_branch_python_dop_operator_3.py
[2024-11-12T08:09:48.691+0000] {processor.py:753} INFO - DAG(s) dict_keys(['example_branch_dop_operator_v3']) retrieved from /home/airflow/.local/lib/python3.7/site-packages/airflow/example_dags/example_branch_python_dop_operator_3.py
[2024-11-12T08:09:48.716+0000] {logging_mixin.py:137} INFO - [2024-11-12T08:09:48.716+0000] {dag.py:2690} INFO - Sync 1 DAGs
[2024-11-12T08:09:48.744+0000] {logging_mixin.py:137} INFO - [2024-11-12T08:09:48.744+0000] {dag.py:3441} INFO - Setting next_dagrun for example_branch_dop_operator_v3 to 2024-11-12T08:08:00+00:00, run_after=2024-11-12T08:09:00+00:00
[2024-11-12T08:09:48.767+0000] {processor.py:175} INFO - Processing /home/airflow/.local/lib/python3.7/site-packages/airflow/example_dags/example_branch_python_dop_operator_3.py took 0.103 seconds
[2024-11-12T08:10:19.280+0000] {processor.py:153} INFO - Started process (PID=1225) to work on /home/airflow/.local/lib/python3.7/site-packages/airflow/example_dags/example_branch_python_dop_operator_3.py
[2024-11-12T08:10:19.281+0000] {processor.py:743} INFO - Processing file /home/airflow/.local/lib/python3.7/site-packages/airflow/example_dags/example_branch_python_dop_operator_3.py for tasks to queue
[2024-11-12T08:10:19.282+0000] {logging_mixin.py:137} INFO - [2024-11-12T08:10:19.282+0000] {dagbag.py:538} INFO - Filling up the DagBag from /home/airflow/.local/lib/python3.7/site-packages/airflow/example_dags/example_branch_python_dop_operator_3.py
[2024-11-12T08:10:19.306+0000] {processor.py:753} INFO - DAG(s) dict_keys(['example_branch_dop_operator_v3']) retrieved from /home/airflow/.local/lib/python3.7/site-packages/airflow/example_dags/example_branch_python_dop_operator_3.py
[2024-11-12T08:10:19.332+0000] {logging_mixin.py:137} INFO - [2024-11-12T08:10:19.331+0000] {dag.py:2690} INFO - Sync 1 DAGs
[2024-11-12T08:10:19.362+0000] {logging_mixin.py:137} INFO - [2024-11-12T08:10:19.362+0000] {dag.py:3441} INFO - Setting next_dagrun for example_branch_dop_operator_v3 to 2024-11-12T08:09:00+00:00, run_after=2024-11-12T08:10:00+00:00
[2024-11-12T08:10:19.387+0000] {processor.py:175} INFO - Processing /home/airflow/.local/lib/python3.7/site-packages/airflow/example_dags/example_branch_python_dop_operator_3.py took 0.110 seconds
[2024-11-12T08:10:49.434+0000] {processor.py:153} INFO - Started process (PID=1312) to work on /home/airflow/.local/lib/python3.7/site-packages/airflow/example_dags/example_branch_python_dop_operator_3.py
[2024-11-12T08:10:49.435+0000] {processor.py:743} INFO - Processing file /home/airflow/.local/lib/python3.7/site-packages/airflow/example_dags/example_branch_python_dop_operator_3.py for tasks to queue
[2024-11-12T08:10:49.436+0000] {logging_mixin.py:137} INFO - [2024-11-12T08:10:49.436+0000] {dagbag.py:538} INFO - Filling up the DagBag from /home/airflow/.local/lib/python3.7/site-packages/airflow/example_dags/example_branch_python_dop_operator_3.py
[2024-11-12T08:10:49.469+0000] {processor.py:753} INFO - DAG(s) dict_keys(['example_branch_dop_operator_v3']) retrieved from /home/airflow/.local/lib/python3.7/site-packages/airflow/example_dags/example_branch_python_dop_operator_3.py
[2024-11-12T08:10:49.509+0000] {logging_mixin.py:137} INFO - [2024-11-12T08:10:49.509+0000] {dag.py:2690} INFO - Sync 1 DAGs
[2024-11-12T08:10:49.559+0000] {logging_mixin.py:137} INFO - [2024-11-12T08:10:49.559+0000] {dag.py:3441} INFO - Setting next_dagrun for example_branch_dop_operator_v3 to 2024-11-12T08:09:00+00:00, run_after=2024-11-12T08:10:00+00:00
[2024-11-12T08:10:49.581+0000] {processor.py:175} INFO - Processing /home/airflow/.local/lib/python3.7/site-packages/airflow/example_dags/example_branch_python_dop_operator_3.py took 0.150 seconds
