[2024-11-12T07:54:46.509+0000] {processor.py:153} INFO - Started process (PID=60) to work on /home/airflow/.local/lib/python3.7/site-packages/airflow/example_dags/example_sensors.py
[2024-11-12T07:54:46.510+0000] {processor.py:743} INFO - Processing file /home/airflow/.local/lib/python3.7/site-packages/airflow/example_dags/example_sensors.py for tasks to queue
[2024-11-12T07:54:46.511+0000] {logging_mixin.py:137} INFO - [2024-11-12T07:54:46.511+0000] {dagbag.py:538} INFO - Filling up the DagBag from /home/airflow/.local/lib/python3.7/site-packages/airflow/example_dags/example_sensors.py
[2024-11-12T07:54:46.552+0000] {processor.py:753} INFO - DAG(s) dict_keys(['example_sensors']) retrieved from /home/airflow/.local/lib/python3.7/site-packages/airflow/example_dags/example_sensors.py
[2024-11-12T07:54:46.571+0000] {logging_mixin.py:137} INFO - [2024-11-12T07:54:46.571+0000] {dag.py:2690} INFO - Sync 1 DAGs
[2024-11-12T07:54:46.611+0000] {logging_mixin.py:137} INFO - [2024-11-12T07:54:46.611+0000] {dag.py:3441} INFO - Setting next_dagrun for example_sensors to None, run_after=None
[2024-11-12T07:54:46.647+0000] {processor.py:175} INFO - Processing /home/airflow/.local/lib/python3.7/site-packages/airflow/example_dags/example_sensors.py took 0.143 seconds
[2024-11-12T07:55:17.296+0000] {processor.py:153} INFO - Started process (PID=131) to work on /home/airflow/.local/lib/python3.7/site-packages/airflow/example_dags/example_sensors.py
[2024-11-12T07:55:17.297+0000] {processor.py:743} INFO - Processing file /home/airflow/.local/lib/python3.7/site-packages/airflow/example_dags/example_sensors.py for tasks to queue
[2024-11-12T07:55:17.298+0000] {logging_mixin.py:137} INFO - [2024-11-12T07:55:17.297+0000] {dagbag.py:538} INFO - Filling up the DagBag from /home/airflow/.local/lib/python3.7/site-packages/airflow/example_dags/example_sensors.py
[2024-11-12T07:55:17.318+0000] {processor.py:753} INFO - DAG(s) dict_keys(['example_sensors']) retrieved from /home/airflow/.local/lib/python3.7/site-packages/airflow/example_dags/example_sensors.py
[2024-11-12T07:55:17.346+0000] {logging_mixin.py:137} INFO - [2024-11-12T07:55:17.346+0000] {dag.py:2690} INFO - Sync 1 DAGs
[2024-11-12T07:55:17.371+0000] {logging_mixin.py:137} INFO - [2024-11-12T07:55:17.371+0000] {dag.py:3441} INFO - Setting next_dagrun for example_sensors to None, run_after=None
[2024-11-12T07:55:17.392+0000] {processor.py:175} INFO - Processing /home/airflow/.local/lib/python3.7/site-packages/airflow/example_dags/example_sensors.py took 0.100 seconds
[2024-11-12T07:55:47.941+0000] {processor.py:153} INFO - Started process (PID=211) to work on /home/airflow/.local/lib/python3.7/site-packages/airflow/example_dags/example_sensors.py
[2024-11-12T07:55:47.942+0000] {processor.py:743} INFO - Processing file /home/airflow/.local/lib/python3.7/site-packages/airflow/example_dags/example_sensors.py for tasks to queue
[2024-11-12T07:55:47.943+0000] {logging_mixin.py:137} INFO - [2024-11-12T07:55:47.943+0000] {dagbag.py:538} INFO - Filling up the DagBag from /home/airflow/.local/lib/python3.7/site-packages/airflow/example_dags/example_sensors.py
[2024-11-12T07:55:47.966+0000] {processor.py:753} INFO - DAG(s) dict_keys(['example_sensors']) retrieved from /home/airflow/.local/lib/python3.7/site-packages/airflow/example_dags/example_sensors.py
[2024-11-12T07:55:48.005+0000] {logging_mixin.py:137} INFO - [2024-11-12T07:55:48.005+0000] {dag.py:2690} INFO - Sync 1 DAGs
[2024-11-12T07:55:48.037+0000] {logging_mixin.py:137} INFO - [2024-11-12T07:55:48.037+0000] {dag.py:3441} INFO - Setting next_dagrun for example_sensors to None, run_after=None
[2024-11-12T07:55:48.062+0000] {processor.py:175} INFO - Processing /home/airflow/.local/lib/python3.7/site-packages/airflow/example_dags/example_sensors.py took 0.125 seconds
[2024-11-12T07:56:18.496+0000] {processor.py:153} INFO - Started process (PID=289) to work on /home/airflow/.local/lib/python3.7/site-packages/airflow/example_dags/example_sensors.py
[2024-11-12T07:56:18.497+0000] {processor.py:743} INFO - Processing file /home/airflow/.local/lib/python3.7/site-packages/airflow/example_dags/example_sensors.py for tasks to queue
[2024-11-12T07:56:18.498+0000] {logging_mixin.py:137} INFO - [2024-11-12T07:56:18.498+0000] {dagbag.py:538} INFO - Filling up the DagBag from /home/airflow/.local/lib/python3.7/site-packages/airflow/example_dags/example_sensors.py
[2024-11-12T07:56:18.520+0000] {processor.py:753} INFO - DAG(s) dict_keys(['example_sensors']) retrieved from /home/airflow/.local/lib/python3.7/site-packages/airflow/example_dags/example_sensors.py
[2024-11-12T07:56:18.549+0000] {logging_mixin.py:137} INFO - [2024-11-12T07:56:18.549+0000] {dag.py:2690} INFO - Sync 1 DAGs
[2024-11-12T07:56:18.578+0000] {logging_mixin.py:137} INFO - [2024-11-12T07:56:18.577+0000] {dag.py:3441} INFO - Setting next_dagrun for example_sensors to None, run_after=None
[2024-11-12T07:56:18.600+0000] {processor.py:175} INFO - Processing /home/airflow/.local/lib/python3.7/site-packages/airflow/example_dags/example_sensors.py took 0.107 seconds
[2024-11-12T07:56:48.820+0000] {processor.py:153} INFO - Started process (PID=360) to work on /home/airflow/.local/lib/python3.7/site-packages/airflow/example_dags/example_sensors.py
[2024-11-12T07:56:48.821+0000] {processor.py:743} INFO - Processing file /home/airflow/.local/lib/python3.7/site-packages/airflow/example_dags/example_sensors.py for tasks to queue
[2024-11-12T07:56:48.822+0000] {logging_mixin.py:137} INFO - [2024-11-12T07:56:48.822+0000] {dagbag.py:538} INFO - Filling up the DagBag from /home/airflow/.local/lib/python3.7/site-packages/airflow/example_dags/example_sensors.py
[2024-11-12T07:56:48.843+0000] {processor.py:753} INFO - DAG(s) dict_keys(['example_sensors']) retrieved from /home/airflow/.local/lib/python3.7/site-packages/airflow/example_dags/example_sensors.py
[2024-11-12T07:56:48.871+0000] {logging_mixin.py:137} INFO - [2024-11-12T07:56:48.871+0000] {dag.py:2690} INFO - Sync 1 DAGs
[2024-11-12T07:56:48.895+0000] {logging_mixin.py:137} INFO - [2024-11-12T07:56:48.895+0000] {dag.py:3441} INFO - Setting next_dagrun for example_sensors to None, run_after=None
[2024-11-12T07:56:48.918+0000] {processor.py:175} INFO - Processing /home/airflow/.local/lib/python3.7/site-packages/airflow/example_dags/example_sensors.py took 0.102 seconds
[2024-11-12T07:57:19.222+0000] {processor.py:153} INFO - Started process (PID=447) to work on /home/airflow/.local/lib/python3.7/site-packages/airflow/example_dags/example_sensors.py
[2024-11-12T07:57:19.223+0000] {processor.py:743} INFO - Processing file /home/airflow/.local/lib/python3.7/site-packages/airflow/example_dags/example_sensors.py for tasks to queue
[2024-11-12T07:57:19.224+0000] {logging_mixin.py:137} INFO - [2024-11-12T07:57:19.224+0000] {dagbag.py:538} INFO - Filling up the DagBag from /home/airflow/.local/lib/python3.7/site-packages/airflow/example_dags/example_sensors.py
[2024-11-12T07:57:19.241+0000] {processor.py:753} INFO - DAG(s) dict_keys(['example_sensors']) retrieved from /home/airflow/.local/lib/python3.7/site-packages/airflow/example_dags/example_sensors.py
[2024-11-12T07:57:19.269+0000] {logging_mixin.py:137} INFO - [2024-11-12T07:57:19.269+0000] {dag.py:2690} INFO - Sync 1 DAGs
[2024-11-12T07:57:19.293+0000] {logging_mixin.py:137} INFO - [2024-11-12T07:57:19.293+0000] {dag.py:3441} INFO - Setting next_dagrun for example_sensors to None, run_after=None
[2024-11-12T07:57:19.315+0000] {processor.py:175} INFO - Processing /home/airflow/.local/lib/python3.7/site-packages/airflow/example_dags/example_sensors.py took 0.096 seconds
[2024-11-12T07:57:50.347+0000] {processor.py:153} INFO - Started process (PID=518) to work on /home/airflow/.local/lib/python3.7/site-packages/airflow/example_dags/example_sensors.py
[2024-11-12T07:57:50.349+0000] {processor.py:743} INFO - Processing file /home/airflow/.local/lib/python3.7/site-packages/airflow/example_dags/example_sensors.py for tasks to queue
[2024-11-12T07:57:50.349+0000] {logging_mixin.py:137} INFO - [2024-11-12T07:57:50.349+0000] {dagbag.py:538} INFO - Filling up the DagBag from /home/airflow/.local/lib/python3.7/site-packages/airflow/example_dags/example_sensors.py
[2024-11-12T07:57:50.368+0000] {processor.py:753} INFO - DAG(s) dict_keys(['example_sensors']) retrieved from /home/airflow/.local/lib/python3.7/site-packages/airflow/example_dags/example_sensors.py
[2024-11-12T07:57:50.397+0000] {logging_mixin.py:137} INFO - [2024-11-12T07:57:50.397+0000] {dag.py:2690} INFO - Sync 1 DAGs
[2024-11-12T07:57:50.421+0000] {logging_mixin.py:137} INFO - [2024-11-12T07:57:50.421+0000] {dag.py:3441} INFO - Setting next_dagrun for example_sensors to None, run_after=None
[2024-11-12T07:57:50.445+0000] {processor.py:175} INFO - Processing /home/airflow/.local/lib/python3.7/site-packages/airflow/example_dags/example_sensors.py took 0.101 seconds
[2024-11-12T07:58:20.934+0000] {processor.py:153} INFO - Started process (PID=605) to work on /home/airflow/.local/lib/python3.7/site-packages/airflow/example_dags/example_sensors.py
[2024-11-12T07:58:20.936+0000] {processor.py:743} INFO - Processing file /home/airflow/.local/lib/python3.7/site-packages/airflow/example_dags/example_sensors.py for tasks to queue
[2024-11-12T07:58:20.937+0000] {logging_mixin.py:137} INFO - [2024-11-12T07:58:20.936+0000] {dagbag.py:538} INFO - Filling up the DagBag from /home/airflow/.local/lib/python3.7/site-packages/airflow/example_dags/example_sensors.py
[2024-11-12T07:58:20.955+0000] {processor.py:753} INFO - DAG(s) dict_keys(['example_sensors']) retrieved from /home/airflow/.local/lib/python3.7/site-packages/airflow/example_dags/example_sensors.py
[2024-11-12T07:58:20.983+0000] {logging_mixin.py:137} INFO - [2024-11-12T07:58:20.983+0000] {dag.py:2690} INFO - Sync 1 DAGs
[2024-11-12T07:58:21.005+0000] {logging_mixin.py:137} INFO - [2024-11-12T07:58:21.005+0000] {dag.py:3441} INFO - Setting next_dagrun for example_sensors to None, run_after=None
[2024-11-12T07:58:21.026+0000] {processor.py:175} INFO - Processing /home/airflow/.local/lib/python3.7/site-packages/airflow/example_dags/example_sensors.py took 0.096 seconds
[2024-11-12T07:58:51.563+0000] {processor.py:153} INFO - Started process (PID=676) to work on /home/airflow/.local/lib/python3.7/site-packages/airflow/example_dags/example_sensors.py
[2024-11-12T07:58:51.574+0000] {processor.py:743} INFO - Processing file /home/airflow/.local/lib/python3.7/site-packages/airflow/example_dags/example_sensors.py for tasks to queue
[2024-11-12T07:58:51.575+0000] {logging_mixin.py:137} INFO - [2024-11-12T07:58:51.575+0000] {dagbag.py:538} INFO - Filling up the DagBag from /home/airflow/.local/lib/python3.7/site-packages/airflow/example_dags/example_sensors.py
[2024-11-12T07:58:51.609+0000] {processor.py:753} INFO - DAG(s) dict_keys(['example_sensors']) retrieved from /home/airflow/.local/lib/python3.7/site-packages/airflow/example_dags/example_sensors.py
[2024-11-12T07:58:51.641+0000] {logging_mixin.py:137} INFO - [2024-11-12T07:58:51.641+0000] {dag.py:2690} INFO - Sync 1 DAGs
[2024-11-12T07:58:51.686+0000] {logging_mixin.py:137} INFO - [2024-11-12T07:58:51.686+0000] {dag.py:3441} INFO - Setting next_dagrun for example_sensors to None, run_after=None
[2024-11-12T07:58:51.728+0000] {processor.py:175} INFO - Processing /home/airflow/.local/lib/python3.7/site-packages/airflow/example_dags/example_sensors.py took 0.171 seconds
[2024-11-12T07:59:21.816+0000] {processor.py:153} INFO - Started process (PID=765) to work on /home/airflow/.local/lib/python3.7/site-packages/airflow/example_dags/example_sensors.py
[2024-11-12T07:59:21.817+0000] {processor.py:743} INFO - Processing file /home/airflow/.local/lib/python3.7/site-packages/airflow/example_dags/example_sensors.py for tasks to queue
[2024-11-12T07:59:21.818+0000] {logging_mixin.py:137} INFO - [2024-11-12T07:59:21.818+0000] {dagbag.py:538} INFO - Filling up the DagBag from /home/airflow/.local/lib/python3.7/site-packages/airflow/example_dags/example_sensors.py
[2024-11-12T07:59:21.836+0000] {processor.py:753} INFO - DAG(s) dict_keys(['example_sensors']) retrieved from /home/airflow/.local/lib/python3.7/site-packages/airflow/example_dags/example_sensors.py
[2024-11-12T07:59:21.864+0000] {logging_mixin.py:137} INFO - [2024-11-12T07:59:21.864+0000] {dag.py:2690} INFO - Sync 1 DAGs
[2024-11-12T07:59:21.887+0000] {logging_mixin.py:137} INFO - [2024-11-12T07:59:21.887+0000] {dag.py:3441} INFO - Setting next_dagrun for example_sensors to None, run_after=None
[2024-11-12T07:59:21.910+0000] {processor.py:175} INFO - Processing /home/airflow/.local/lib/python3.7/site-packages/airflow/example_dags/example_sensors.py took 0.097 seconds
[2024-11-12T07:59:52.056+0000] {processor.py:153} INFO - Started process (PID=836) to work on /home/airflow/.local/lib/python3.7/site-packages/airflow/example_dags/example_sensors.py
[2024-11-12T07:59:52.058+0000] {processor.py:743} INFO - Processing file /home/airflow/.local/lib/python3.7/site-packages/airflow/example_dags/example_sensors.py for tasks to queue
[2024-11-12T07:59:52.060+0000] {logging_mixin.py:137} INFO - [2024-11-12T07:59:52.059+0000] {dagbag.py:538} INFO - Filling up the DagBag from /home/airflow/.local/lib/python3.7/site-packages/airflow/example_dags/example_sensors.py
[2024-11-12T07:59:52.081+0000] {processor.py:753} INFO - DAG(s) dict_keys(['example_sensors']) retrieved from /home/airflow/.local/lib/python3.7/site-packages/airflow/example_dags/example_sensors.py
[2024-11-12T07:59:52.110+0000] {logging_mixin.py:137} INFO - [2024-11-12T07:59:52.110+0000] {dag.py:2690} INFO - Sync 1 DAGs
[2024-11-12T07:59:52.132+0000] {logging_mixin.py:137} INFO - [2024-11-12T07:59:52.132+0000] {dag.py:3441} INFO - Setting next_dagrun for example_sensors to None, run_after=None
[2024-11-12T07:59:52.155+0000] {processor.py:175} INFO - Processing /home/airflow/.local/lib/python3.7/site-packages/airflow/example_dags/example_sensors.py took 0.102 seconds
[2024-11-12T08:00:22.338+0000] {processor.py:153} INFO - Started process (PID=923) to work on /home/airflow/.local/lib/python3.7/site-packages/airflow/example_dags/example_sensors.py
[2024-11-12T08:00:22.339+0000] {processor.py:743} INFO - Processing file /home/airflow/.local/lib/python3.7/site-packages/airflow/example_dags/example_sensors.py for tasks to queue
[2024-11-12T08:00:22.340+0000] {logging_mixin.py:137} INFO - [2024-11-12T08:00:22.340+0000] {dagbag.py:538} INFO - Filling up the DagBag from /home/airflow/.local/lib/python3.7/site-packages/airflow/example_dags/example_sensors.py
[2024-11-12T08:00:22.365+0000] {processor.py:753} INFO - DAG(s) dict_keys(['example_sensors']) retrieved from /home/airflow/.local/lib/python3.7/site-packages/airflow/example_dags/example_sensors.py
[2024-11-12T08:00:22.396+0000] {logging_mixin.py:137} INFO - [2024-11-12T08:00:22.396+0000] {dag.py:2690} INFO - Sync 1 DAGs
[2024-11-12T08:00:22.428+0000] {logging_mixin.py:137} INFO - [2024-11-12T08:00:22.427+0000] {dag.py:3441} INFO - Setting next_dagrun for example_sensors to None, run_after=None
[2024-11-12T08:00:22.456+0000] {processor.py:175} INFO - Processing /home/airflow/.local/lib/python3.7/site-packages/airflow/example_dags/example_sensors.py took 0.124 seconds
[2024-11-12T08:00:53.297+0000] {processor.py:153} INFO - Started process (PID=994) to work on /home/airflow/.local/lib/python3.7/site-packages/airflow/example_dags/example_sensors.py
[2024-11-12T08:00:53.299+0000] {processor.py:743} INFO - Processing file /home/airflow/.local/lib/python3.7/site-packages/airflow/example_dags/example_sensors.py for tasks to queue
[2024-11-12T08:00:53.300+0000] {logging_mixin.py:137} INFO - [2024-11-12T08:00:53.299+0000] {dagbag.py:538} INFO - Filling up the DagBag from /home/airflow/.local/lib/python3.7/site-packages/airflow/example_dags/example_sensors.py
[2024-11-12T08:00:53.317+0000] {processor.py:753} INFO - DAG(s) dict_keys(['example_sensors']) retrieved from /home/airflow/.local/lib/python3.7/site-packages/airflow/example_dags/example_sensors.py
[2024-11-12T08:00:53.345+0000] {logging_mixin.py:137} INFO - [2024-11-12T08:00:53.345+0000] {dag.py:2690} INFO - Sync 1 DAGs
[2024-11-12T08:00:53.368+0000] {logging_mixin.py:137} INFO - [2024-11-12T08:00:53.367+0000] {dag.py:3441} INFO - Setting next_dagrun for example_sensors to None, run_after=None
[2024-11-12T08:00:53.388+0000] {processor.py:175} INFO - Processing /home/airflow/.local/lib/python3.7/site-packages/airflow/example_dags/example_sensors.py took 0.094 seconds
[2024-11-12T08:01:24.026+0000] {processor.py:153} INFO - Started process (PID=1081) to work on /home/airflow/.local/lib/python3.7/site-packages/airflow/example_dags/example_sensors.py
[2024-11-12T08:01:24.028+0000] {processor.py:743} INFO - Processing file /home/airflow/.local/lib/python3.7/site-packages/airflow/example_dags/example_sensors.py for tasks to queue
[2024-11-12T08:01:24.028+0000] {logging_mixin.py:137} INFO - [2024-11-12T08:01:24.028+0000] {dagbag.py:538} INFO - Filling up the DagBag from /home/airflow/.local/lib/python3.7/site-packages/airflow/example_dags/example_sensors.py
[2024-11-12T08:01:24.051+0000] {processor.py:753} INFO - DAG(s) dict_keys(['example_sensors']) retrieved from /home/airflow/.local/lib/python3.7/site-packages/airflow/example_dags/example_sensors.py
[2024-11-12T08:01:24.079+0000] {logging_mixin.py:137} INFO - [2024-11-12T08:01:24.079+0000] {dag.py:2690} INFO - Sync 1 DAGs
[2024-11-12T08:01:24.102+0000] {logging_mixin.py:137} INFO - [2024-11-12T08:01:24.102+0000] {dag.py:3441} INFO - Setting next_dagrun for example_sensors to None, run_after=None
[2024-11-12T08:01:24.125+0000] {processor.py:175} INFO - Processing /home/airflow/.local/lib/python3.7/site-packages/airflow/example_dags/example_sensors.py took 0.103 seconds
[2024-11-12T08:02:37.097+0000] {processor.py:153} INFO - Started process (PID=42) to work on /home/airflow/.local/lib/python3.7/site-packages/airflow/example_dags/example_sensors.py
[2024-11-12T08:02:37.098+0000] {processor.py:743} INFO - Processing file /home/airflow/.local/lib/python3.7/site-packages/airflow/example_dags/example_sensors.py for tasks to queue
[2024-11-12T08:02:37.099+0000] {logging_mixin.py:137} INFO - [2024-11-12T08:02:37.099+0000] {dagbag.py:538} INFO - Filling up the DagBag from /home/airflow/.local/lib/python3.7/site-packages/airflow/example_dags/example_sensors.py
[2024-11-12T08:02:37.123+0000] {processor.py:753} INFO - DAG(s) dict_keys(['example_sensors']) retrieved from /home/airflow/.local/lib/python3.7/site-packages/airflow/example_dags/example_sensors.py
[2024-11-12T08:02:37.143+0000] {logging_mixin.py:137} INFO - [2024-11-12T08:02:37.142+0000] {dag.py:2690} INFO - Sync 1 DAGs
[2024-11-12T08:02:37.179+0000] {logging_mixin.py:137} INFO - [2024-11-12T08:02:37.179+0000] {dag.py:3441} INFO - Setting next_dagrun for example_sensors to None, run_after=None
[2024-11-12T08:02:37.209+0000] {processor.py:175} INFO - Processing /home/airflow/.local/lib/python3.7/site-packages/airflow/example_dags/example_sensors.py took 0.117 seconds
[2024-11-12T08:03:08.078+0000] {processor.py:153} INFO - Started process (PID=129) to work on /home/airflow/.local/lib/python3.7/site-packages/airflow/example_dags/example_sensors.py
[2024-11-12T08:03:08.079+0000] {processor.py:743} INFO - Processing file /home/airflow/.local/lib/python3.7/site-packages/airflow/example_dags/example_sensors.py for tasks to queue
[2024-11-12T08:03:08.080+0000] {logging_mixin.py:137} INFO - [2024-11-12T08:03:08.080+0000] {dagbag.py:538} INFO - Filling up the DagBag from /home/airflow/.local/lib/python3.7/site-packages/airflow/example_dags/example_sensors.py
[2024-11-12T08:03:08.112+0000] {processor.py:753} INFO - DAG(s) dict_keys(['example_sensors']) retrieved from /home/airflow/.local/lib/python3.7/site-packages/airflow/example_dags/example_sensors.py
[2024-11-12T08:03:08.158+0000] {logging_mixin.py:137} INFO - [2024-11-12T08:03:08.158+0000] {dag.py:2690} INFO - Sync 1 DAGs
[2024-11-12T08:03:08.203+0000] {logging_mixin.py:137} INFO - [2024-11-12T08:03:08.202+0000] {dag.py:3441} INFO - Setting next_dagrun for example_sensors to None, run_after=None
[2024-11-12T08:03:08.241+0000] {processor.py:175} INFO - Processing /home/airflow/.local/lib/python3.7/site-packages/airflow/example_dags/example_sensors.py took 0.169 seconds
[2024-11-12T08:03:39.035+0000] {processor.py:153} INFO - Started process (PID=200) to work on /home/airflow/.local/lib/python3.7/site-packages/airflow/example_dags/example_sensors.py
[2024-11-12T08:03:39.036+0000] {processor.py:743} INFO - Processing file /home/airflow/.local/lib/python3.7/site-packages/airflow/example_dags/example_sensors.py for tasks to queue
[2024-11-12T08:03:39.036+0000] {logging_mixin.py:137} INFO - [2024-11-12T08:03:39.036+0000] {dagbag.py:538} INFO - Filling up the DagBag from /home/airflow/.local/lib/python3.7/site-packages/airflow/example_dags/example_sensors.py
[2024-11-12T08:03:39.055+0000] {processor.py:753} INFO - DAG(s) dict_keys(['example_sensors']) retrieved from /home/airflow/.local/lib/python3.7/site-packages/airflow/example_dags/example_sensors.py
[2024-11-12T08:03:39.083+0000] {logging_mixin.py:137} INFO - [2024-11-12T08:03:39.083+0000] {dag.py:2690} INFO - Sync 1 DAGs
[2024-11-12T08:03:39.106+0000] {logging_mixin.py:137} INFO - [2024-11-12T08:03:39.106+0000] {dag.py:3441} INFO - Setting next_dagrun for example_sensors to None, run_after=None
[2024-11-12T08:03:39.126+0000] {processor.py:175} INFO - Processing /home/airflow/.local/lib/python3.7/site-packages/airflow/example_dags/example_sensors.py took 0.095 seconds
[2024-11-12T08:04:09.520+0000] {processor.py:153} INFO - Started process (PID=287) to work on /home/airflow/.local/lib/python3.7/site-packages/airflow/example_dags/example_sensors.py
[2024-11-12T08:04:09.522+0000] {processor.py:743} INFO - Processing file /home/airflow/.local/lib/python3.7/site-packages/airflow/example_dags/example_sensors.py for tasks to queue
[2024-11-12T08:04:09.523+0000] {logging_mixin.py:137} INFO - [2024-11-12T08:04:09.522+0000] {dagbag.py:538} INFO - Filling up the DagBag from /home/airflow/.local/lib/python3.7/site-packages/airflow/example_dags/example_sensors.py
[2024-11-12T08:04:09.545+0000] {processor.py:753} INFO - DAG(s) dict_keys(['example_sensors']) retrieved from /home/airflow/.local/lib/python3.7/site-packages/airflow/example_dags/example_sensors.py
[2024-11-12T08:04:09.580+0000] {logging_mixin.py:137} INFO - [2024-11-12T08:04:09.580+0000] {dag.py:2690} INFO - Sync 1 DAGs
[2024-11-12T08:04:09.611+0000] {logging_mixin.py:137} INFO - [2024-11-12T08:04:09.610+0000] {dag.py:3441} INFO - Setting next_dagrun for example_sensors to None, run_after=None
[2024-11-12T08:04:09.635+0000] {processor.py:175} INFO - Processing /home/airflow/.local/lib/python3.7/site-packages/airflow/example_dags/example_sensors.py took 0.118 seconds
[2024-11-12T08:04:40.379+0000] {processor.py:153} INFO - Started process (PID=358) to work on /home/airflow/.local/lib/python3.7/site-packages/airflow/example_dags/example_sensors.py
[2024-11-12T08:04:40.381+0000] {processor.py:743} INFO - Processing file /home/airflow/.local/lib/python3.7/site-packages/airflow/example_dags/example_sensors.py for tasks to queue
[2024-11-12T08:04:40.382+0000] {logging_mixin.py:137} INFO - [2024-11-12T08:04:40.381+0000] {dagbag.py:538} INFO - Filling up the DagBag from /home/airflow/.local/lib/python3.7/site-packages/airflow/example_dags/example_sensors.py
[2024-11-12T08:04:40.407+0000] {processor.py:753} INFO - DAG(s) dict_keys(['example_sensors']) retrieved from /home/airflow/.local/lib/python3.7/site-packages/airflow/example_dags/example_sensors.py
[2024-11-12T08:04:40.446+0000] {logging_mixin.py:137} INFO - [2024-11-12T08:04:40.446+0000] {dag.py:2690} INFO - Sync 1 DAGs
[2024-11-12T08:04:40.476+0000] {logging_mixin.py:137} INFO - [2024-11-12T08:04:40.475+0000] {dag.py:3441} INFO - Setting next_dagrun for example_sensors to None, run_after=None
[2024-11-12T08:04:40.504+0000] {processor.py:175} INFO - Processing /home/airflow/.local/lib/python3.7/site-packages/airflow/example_dags/example_sensors.py took 0.130 seconds
[2024-11-12T08:05:10.690+0000] {processor.py:153} INFO - Started process (PID=445) to work on /home/airflow/.local/lib/python3.7/site-packages/airflow/example_dags/example_sensors.py
[2024-11-12T08:05:10.692+0000] {processor.py:743} INFO - Processing file /home/airflow/.local/lib/python3.7/site-packages/airflow/example_dags/example_sensors.py for tasks to queue
[2024-11-12T08:05:10.693+0000] {logging_mixin.py:137} INFO - [2024-11-12T08:05:10.692+0000] {dagbag.py:538} INFO - Filling up the DagBag from /home/airflow/.local/lib/python3.7/site-packages/airflow/example_dags/example_sensors.py
[2024-11-12T08:05:10.715+0000] {processor.py:753} INFO - DAG(s) dict_keys(['example_sensors']) retrieved from /home/airflow/.local/lib/python3.7/site-packages/airflow/example_dags/example_sensors.py
[2024-11-12T08:05:10.756+0000] {logging_mixin.py:137} INFO - [2024-11-12T08:05:10.756+0000] {dag.py:2690} INFO - Sync 1 DAGs
[2024-11-12T08:05:10.804+0000] {logging_mixin.py:137} INFO - [2024-11-12T08:05:10.804+0000] {dag.py:3441} INFO - Setting next_dagrun for example_sensors to None, run_after=None
[2024-11-12T08:05:10.834+0000] {processor.py:175} INFO - Processing /home/airflow/.local/lib/python3.7/site-packages/airflow/example_dags/example_sensors.py took 0.147 seconds
[2024-11-12T08:05:41.701+0000] {processor.py:153} INFO - Started process (PID=516) to work on /home/airflow/.local/lib/python3.7/site-packages/airflow/example_dags/example_sensors.py
[2024-11-12T08:05:41.702+0000] {processor.py:743} INFO - Processing file /home/airflow/.local/lib/python3.7/site-packages/airflow/example_dags/example_sensors.py for tasks to queue
[2024-11-12T08:05:41.703+0000] {logging_mixin.py:137} INFO - [2024-11-12T08:05:41.703+0000] {dagbag.py:538} INFO - Filling up the DagBag from /home/airflow/.local/lib/python3.7/site-packages/airflow/example_dags/example_sensors.py
[2024-11-12T08:05:41.725+0000] {processor.py:753} INFO - DAG(s) dict_keys(['example_sensors']) retrieved from /home/airflow/.local/lib/python3.7/site-packages/airflow/example_dags/example_sensors.py
[2024-11-12T08:05:41.758+0000] {logging_mixin.py:137} INFO - [2024-11-12T08:05:41.758+0000] {dag.py:2690} INFO - Sync 1 DAGs
[2024-11-12T08:05:41.783+0000] {logging_mixin.py:137} INFO - [2024-11-12T08:05:41.783+0000] {dag.py:3441} INFO - Setting next_dagrun for example_sensors to None, run_after=None
[2024-11-12T08:05:41.808+0000] {processor.py:175} INFO - Processing /home/airflow/.local/lib/python3.7/site-packages/airflow/example_dags/example_sensors.py took 0.111 seconds
[2024-11-12T08:06:12.488+0000] {processor.py:153} INFO - Started process (PID=603) to work on /home/airflow/.local/lib/python3.7/site-packages/airflow/example_dags/example_sensors.py
[2024-11-12T08:06:12.490+0000] {processor.py:743} INFO - Processing file /home/airflow/.local/lib/python3.7/site-packages/airflow/example_dags/example_sensors.py for tasks to queue
[2024-11-12T08:06:12.491+0000] {logging_mixin.py:137} INFO - [2024-11-12T08:06:12.491+0000] {dagbag.py:538} INFO - Filling up the DagBag from /home/airflow/.local/lib/python3.7/site-packages/airflow/example_dags/example_sensors.py
[2024-11-12T08:06:12.528+0000] {processor.py:753} INFO - DAG(s) dict_keys(['example_sensors']) retrieved from /home/airflow/.local/lib/python3.7/site-packages/airflow/example_dags/example_sensors.py
[2024-11-12T08:06:12.572+0000] {logging_mixin.py:137} INFO - [2024-11-12T08:06:12.572+0000] {dag.py:2690} INFO - Sync 1 DAGs
[2024-11-12T08:06:12.618+0000] {logging_mixin.py:137} INFO - [2024-11-12T08:06:12.618+0000] {dag.py:3441} INFO - Setting next_dagrun for example_sensors to None, run_after=None
[2024-11-12T08:06:12.660+0000] {processor.py:175} INFO - Processing /home/airflow/.local/lib/python3.7/site-packages/airflow/example_dags/example_sensors.py took 0.176 seconds
[2024-11-12T08:06:43.082+0000] {processor.py:153} INFO - Started process (PID=674) to work on /home/airflow/.local/lib/python3.7/site-packages/airflow/example_dags/example_sensors.py
[2024-11-12T08:06:43.083+0000] {processor.py:743} INFO - Processing file /home/airflow/.local/lib/python3.7/site-packages/airflow/example_dags/example_sensors.py for tasks to queue
[2024-11-12T08:06:43.084+0000] {logging_mixin.py:137} INFO - [2024-11-12T08:06:43.084+0000] {dagbag.py:538} INFO - Filling up the DagBag from /home/airflow/.local/lib/python3.7/site-packages/airflow/example_dags/example_sensors.py
[2024-11-12T08:06:43.101+0000] {processor.py:753} INFO - DAG(s) dict_keys(['example_sensors']) retrieved from /home/airflow/.local/lib/python3.7/site-packages/airflow/example_dags/example_sensors.py
[2024-11-12T08:06:43.129+0000] {logging_mixin.py:137} INFO - [2024-11-12T08:06:43.129+0000] {dag.py:2690} INFO - Sync 1 DAGs
[2024-11-12T08:06:43.157+0000] {logging_mixin.py:137} INFO - [2024-11-12T08:06:43.157+0000] {dag.py:3441} INFO - Setting next_dagrun for example_sensors to None, run_after=None
[2024-11-12T08:06:43.179+0000] {processor.py:175} INFO - Processing /home/airflow/.local/lib/python3.7/site-packages/airflow/example_dags/example_sensors.py took 0.100 seconds
[2024-11-12T08:07:14.057+0000] {processor.py:153} INFO - Started process (PID=761) to work on /home/airflow/.local/lib/python3.7/site-packages/airflow/example_dags/example_sensors.py
[2024-11-12T08:07:14.058+0000] {processor.py:743} INFO - Processing file /home/airflow/.local/lib/python3.7/site-packages/airflow/example_dags/example_sensors.py for tasks to queue
[2024-11-12T08:07:14.059+0000] {logging_mixin.py:137} INFO - [2024-11-12T08:07:14.058+0000] {dagbag.py:538} INFO - Filling up the DagBag from /home/airflow/.local/lib/python3.7/site-packages/airflow/example_dags/example_sensors.py
[2024-11-12T08:07:14.078+0000] {processor.py:753} INFO - DAG(s) dict_keys(['example_sensors']) retrieved from /home/airflow/.local/lib/python3.7/site-packages/airflow/example_dags/example_sensors.py
[2024-11-12T08:07:14.111+0000] {logging_mixin.py:137} INFO - [2024-11-12T08:07:14.111+0000] {dag.py:2690} INFO - Sync 1 DAGs
[2024-11-12T08:07:14.136+0000] {logging_mixin.py:137} INFO - [2024-11-12T08:07:14.136+0000] {dag.py:3441} INFO - Setting next_dagrun for example_sensors to None, run_after=None
[2024-11-12T08:07:14.159+0000] {processor.py:175} INFO - Processing /home/airflow/.local/lib/python3.7/site-packages/airflow/example_dags/example_sensors.py took 0.106 seconds
