[2024-11-12T07:54:46.528+0000] {processor.py:153} INFO - Started process (PID=61) to work on /home/airflow/.local/lib/python3.7/site-packages/airflow/example_dags/example_branch_labels.py
[2024-11-12T07:54:46.529+0000] {processor.py:743} INFO - Processing file /home/airflow/.local/lib/python3.7/site-packages/airflow/example_dags/example_branch_labels.py for tasks to queue
[2024-11-12T07:54:46.530+0000] {logging_mixin.py:137} INFO - [2024-11-12T07:54:46.530+0000] {dagbag.py:538} INFO - Filling up the DagBag from /home/airflow/.local/lib/python3.7/site-packages/airflow/example_dags/example_branch_labels.py
[2024-11-12T07:54:46.553+0000] {processor.py:753} INFO - DAG(s) dict_keys(['example_branch_labels']) retrieved from /home/airflow/.local/lib/python3.7/site-packages/airflow/example_dags/example_branch_labels.py
[2024-11-12T07:54:46.574+0000] {logging_mixin.py:137} INFO - [2024-11-12T07:54:46.574+0000] {dag.py:2690} INFO - Sync 1 DAGs
[2024-11-12T07:54:46.618+0000] {logging_mixin.py:137} INFO - [2024-11-12T07:54:46.618+0000] {dag.py:3441} INFO - Setting next_dagrun for example_branch_labels to 2024-11-11T00:00:00+00:00, run_after=2024-11-12T00:00:00+00:00
[2024-11-12T07:54:46.655+0000] {processor.py:175} INFO - Processing /home/airflow/.local/lib/python3.7/site-packages/airflow/example_dags/example_branch_labels.py took 0.132 seconds
[2024-11-12T07:55:17.318+0000] {processor.py:153} INFO - Started process (PID=132) to work on /home/airflow/.local/lib/python3.7/site-packages/airflow/example_dags/example_branch_labels.py
[2024-11-12T07:55:17.319+0000] {processor.py:743} INFO - Processing file /home/airflow/.local/lib/python3.7/site-packages/airflow/example_dags/example_branch_labels.py for tasks to queue
[2024-11-12T07:55:17.320+0000] {logging_mixin.py:137} INFO - [2024-11-12T07:55:17.320+0000] {dagbag.py:538} INFO - Filling up the DagBag from /home/airflow/.local/lib/python3.7/site-packages/airflow/example_dags/example_branch_labels.py
[2024-11-12T07:55:17.335+0000] {processor.py:753} INFO - DAG(s) dict_keys(['example_branch_labels']) retrieved from /home/airflow/.local/lib/python3.7/site-packages/airflow/example_dags/example_branch_labels.py
[2024-11-12T07:55:17.360+0000] {logging_mixin.py:137} INFO - [2024-11-12T07:55:17.360+0000] {dag.py:2690} INFO - Sync 1 DAGs
[2024-11-12T07:55:17.386+0000] {logging_mixin.py:137} INFO - [2024-11-12T07:55:17.386+0000] {dag.py:3441} INFO - Setting next_dagrun for example_branch_labels to 2024-11-11T00:00:00+00:00, run_after=2024-11-12T00:00:00+00:00
[2024-11-12T07:55:17.409+0000] {processor.py:175} INFO - Processing /home/airflow/.local/lib/python3.7/site-packages/airflow/example_dags/example_branch_labels.py took 0.094 seconds
[2024-11-12T07:55:48.060+0000] {processor.py:153} INFO - Started process (PID=212) to work on /home/airflow/.local/lib/python3.7/site-packages/airflow/example_dags/example_branch_labels.py
[2024-11-12T07:55:48.062+0000] {processor.py:743} INFO - Processing file /home/airflow/.local/lib/python3.7/site-packages/airflow/example_dags/example_branch_labels.py for tasks to queue
[2024-11-12T07:55:48.063+0000] {logging_mixin.py:137} INFO - [2024-11-12T07:55:48.062+0000] {dagbag.py:538} INFO - Filling up the DagBag from /home/airflow/.local/lib/python3.7/site-packages/airflow/example_dags/example_branch_labels.py
[2024-11-12T07:55:48.083+0000] {processor.py:753} INFO - DAG(s) dict_keys(['example_branch_labels']) retrieved from /home/airflow/.local/lib/python3.7/site-packages/airflow/example_dags/example_branch_labels.py
[2024-11-12T07:55:48.113+0000] {logging_mixin.py:137} INFO - [2024-11-12T07:55:48.113+0000] {dag.py:2690} INFO - Sync 1 DAGs
[2024-11-12T07:55:48.155+0000] {logging_mixin.py:137} INFO - [2024-11-12T07:55:48.155+0000] {dag.py:3441} INFO - Setting next_dagrun for example_branch_labels to 2024-11-11T00:00:00+00:00, run_after=2024-11-12T00:00:00+00:00
[2024-11-12T07:55:48.183+0000] {processor.py:175} INFO - Processing /home/airflow/.local/lib/python3.7/site-packages/airflow/example_dags/example_branch_labels.py took 0.127 seconds
[2024-11-12T07:56:18.594+0000] {processor.py:153} INFO - Started process (PID=290) to work on /home/airflow/.local/lib/python3.7/site-packages/airflow/example_dags/example_branch_labels.py
[2024-11-12T07:56:18.595+0000] {processor.py:743} INFO - Processing file /home/airflow/.local/lib/python3.7/site-packages/airflow/example_dags/example_branch_labels.py for tasks to queue
[2024-11-12T07:56:18.596+0000] {logging_mixin.py:137} INFO - [2024-11-12T07:56:18.596+0000] {dagbag.py:538} INFO - Filling up the DagBag from /home/airflow/.local/lib/python3.7/site-packages/airflow/example_dags/example_branch_labels.py
[2024-11-12T07:56:18.613+0000] {processor.py:753} INFO - DAG(s) dict_keys(['example_branch_labels']) retrieved from /home/airflow/.local/lib/python3.7/site-packages/airflow/example_dags/example_branch_labels.py
[2024-11-12T07:56:18.642+0000] {logging_mixin.py:137} INFO - [2024-11-12T07:56:18.642+0000] {dag.py:2690} INFO - Sync 1 DAGs
[2024-11-12T07:56:18.669+0000] {logging_mixin.py:137} INFO - [2024-11-12T07:56:18.669+0000] {dag.py:3441} INFO - Setting next_dagrun for example_branch_labels to 2024-11-11T00:00:00+00:00, run_after=2024-11-12T00:00:00+00:00
[2024-11-12T07:56:18.688+0000] {processor.py:175} INFO - Processing /home/airflow/.local/lib/python3.7/site-packages/airflow/example_dags/example_branch_labels.py took 0.098 seconds
[2024-11-12T07:56:48.927+0000] {processor.py:153} INFO - Started process (PID=361) to work on /home/airflow/.local/lib/python3.7/site-packages/airflow/example_dags/example_branch_labels.py
[2024-11-12T07:56:48.929+0000] {processor.py:743} INFO - Processing file /home/airflow/.local/lib/python3.7/site-packages/airflow/example_dags/example_branch_labels.py for tasks to queue
[2024-11-12T07:56:48.930+0000] {logging_mixin.py:137} INFO - [2024-11-12T07:56:48.930+0000] {dagbag.py:538} INFO - Filling up the DagBag from /home/airflow/.local/lib/python3.7/site-packages/airflow/example_dags/example_branch_labels.py
[2024-11-12T07:56:48.948+0000] {processor.py:753} INFO - DAG(s) dict_keys(['example_branch_labels']) retrieved from /home/airflow/.local/lib/python3.7/site-packages/airflow/example_dags/example_branch_labels.py
[2024-11-12T07:56:48.981+0000] {logging_mixin.py:137} INFO - [2024-11-12T07:56:48.981+0000] {dag.py:2690} INFO - Sync 1 DAGs
[2024-11-12T07:56:49.011+0000] {logging_mixin.py:137} INFO - [2024-11-12T07:56:49.011+0000] {dag.py:3441} INFO - Setting next_dagrun for example_branch_labels to 2024-11-11T00:00:00+00:00, run_after=2024-11-12T00:00:00+00:00
[2024-11-12T07:56:49.041+0000] {processor.py:175} INFO - Processing /home/airflow/.local/lib/python3.7/site-packages/airflow/example_dags/example_branch_labels.py took 0.116 seconds
[2024-11-12T07:57:19.306+0000] {processor.py:153} INFO - Started process (PID=448) to work on /home/airflow/.local/lib/python3.7/site-packages/airflow/example_dags/example_branch_labels.py
[2024-11-12T07:57:19.307+0000] {processor.py:743} INFO - Processing file /home/airflow/.local/lib/python3.7/site-packages/airflow/example_dags/example_branch_labels.py for tasks to queue
[2024-11-12T07:57:19.308+0000] {logging_mixin.py:137} INFO - [2024-11-12T07:57:19.307+0000] {dagbag.py:538} INFO - Filling up the DagBag from /home/airflow/.local/lib/python3.7/site-packages/airflow/example_dags/example_branch_labels.py
[2024-11-12T07:57:19.322+0000] {processor.py:753} INFO - DAG(s) dict_keys(['example_branch_labels']) retrieved from /home/airflow/.local/lib/python3.7/site-packages/airflow/example_dags/example_branch_labels.py
[2024-11-12T07:57:19.348+0000] {logging_mixin.py:137} INFO - [2024-11-12T07:57:19.348+0000] {dag.py:2690} INFO - Sync 1 DAGs
[2024-11-12T07:57:19.373+0000] {logging_mixin.py:137} INFO - [2024-11-12T07:57:19.373+0000] {dag.py:3441} INFO - Setting next_dagrun for example_branch_labels to 2024-11-11T00:00:00+00:00, run_after=2024-11-12T00:00:00+00:00
[2024-11-12T07:57:19.396+0000] {processor.py:175} INFO - Processing /home/airflow/.local/lib/python3.7/site-packages/airflow/example_dags/example_branch_labels.py took 0.093 seconds
[2024-11-12T07:57:50.443+0000] {processor.py:153} INFO - Started process (PID=519) to work on /home/airflow/.local/lib/python3.7/site-packages/airflow/example_dags/example_branch_labels.py
[2024-11-12T07:57:50.445+0000] {processor.py:743} INFO - Processing file /home/airflow/.local/lib/python3.7/site-packages/airflow/example_dags/example_branch_labels.py for tasks to queue
[2024-11-12T07:57:50.445+0000] {logging_mixin.py:137} INFO - [2024-11-12T07:57:50.445+0000] {dagbag.py:538} INFO - Filling up the DagBag from /home/airflow/.local/lib/python3.7/site-packages/airflow/example_dags/example_branch_labels.py
[2024-11-12T07:57:50.462+0000] {processor.py:753} INFO - DAG(s) dict_keys(['example_branch_labels']) retrieved from /home/airflow/.local/lib/python3.7/site-packages/airflow/example_dags/example_branch_labels.py
[2024-11-12T07:57:50.494+0000] {logging_mixin.py:137} INFO - [2024-11-12T07:57:50.494+0000] {dag.py:2690} INFO - Sync 1 DAGs
[2024-11-12T07:57:50.527+0000] {logging_mixin.py:137} INFO - [2024-11-12T07:57:50.527+0000] {dag.py:3441} INFO - Setting next_dagrun for example_branch_labels to 2024-11-11T00:00:00+00:00, run_after=2024-11-12T00:00:00+00:00
[2024-11-12T07:57:50.549+0000] {processor.py:175} INFO - Processing /home/airflow/.local/lib/python3.7/site-packages/airflow/example_dags/example_branch_labels.py took 0.109 seconds
[2024-11-12T07:58:20.955+0000] {processor.py:153} INFO - Started process (PID=606) to work on /home/airflow/.local/lib/python3.7/site-packages/airflow/example_dags/example_branch_labels.py
[2024-11-12T07:58:20.956+0000] {processor.py:743} INFO - Processing file /home/airflow/.local/lib/python3.7/site-packages/airflow/example_dags/example_branch_labels.py for tasks to queue
[2024-11-12T07:58:20.957+0000] {logging_mixin.py:137} INFO - [2024-11-12T07:58:20.956+0000] {dagbag.py:538} INFO - Filling up the DagBag from /home/airflow/.local/lib/python3.7/site-packages/airflow/example_dags/example_branch_labels.py
[2024-11-12T07:58:20.970+0000] {processor.py:753} INFO - DAG(s) dict_keys(['example_branch_labels']) retrieved from /home/airflow/.local/lib/python3.7/site-packages/airflow/example_dags/example_branch_labels.py
[2024-11-12T07:58:20.996+0000] {logging_mixin.py:137} INFO - [2024-11-12T07:58:20.996+0000] {dag.py:2690} INFO - Sync 1 DAGs
[2024-11-12T07:58:21.019+0000] {logging_mixin.py:137} INFO - [2024-11-12T07:58:21.019+0000] {dag.py:3441} INFO - Setting next_dagrun for example_branch_labels to 2024-11-11T00:00:00+00:00, run_after=2024-11-12T00:00:00+00:00
[2024-11-12T07:58:21.041+0000] {processor.py:175} INFO - Processing /home/airflow/.local/lib/python3.7/site-packages/airflow/example_dags/example_branch_labels.py took 0.089 seconds
[2024-11-12T07:58:51.708+0000] {processor.py:153} INFO - Started process (PID=677) to work on /home/airflow/.local/lib/python3.7/site-packages/airflow/example_dags/example_branch_labels.py
[2024-11-12T07:58:51.710+0000] {processor.py:743} INFO - Processing file /home/airflow/.local/lib/python3.7/site-packages/airflow/example_dags/example_branch_labels.py for tasks to queue
[2024-11-12T07:58:51.711+0000] {logging_mixin.py:137} INFO - [2024-11-12T07:58:51.711+0000] {dagbag.py:538} INFO - Filling up the DagBag from /home/airflow/.local/lib/python3.7/site-packages/airflow/example_dags/example_branch_labels.py
[2024-11-12T07:58:51.733+0000] {processor.py:753} INFO - DAG(s) dict_keys(['example_branch_labels']) retrieved from /home/airflow/.local/lib/python3.7/site-packages/airflow/example_dags/example_branch_labels.py
[2024-11-12T07:58:51.767+0000] {logging_mixin.py:137} INFO - [2024-11-12T07:58:51.767+0000] {dag.py:2690} INFO - Sync 1 DAGs
[2024-11-12T07:58:51.818+0000] {logging_mixin.py:137} INFO - [2024-11-12T07:58:51.817+0000] {dag.py:3441} INFO - Setting next_dagrun for example_branch_labels to 2024-11-11T00:00:00+00:00, run_after=2024-11-12T00:00:00+00:00
[2024-11-12T07:58:51.840+0000] {processor.py:175} INFO - Processing /home/airflow/.local/lib/python3.7/site-packages/airflow/example_dags/example_branch_labels.py took 0.143 seconds
[2024-11-12T07:59:21.918+0000] {processor.py:153} INFO - Started process (PID=766) to work on /home/airflow/.local/lib/python3.7/site-packages/airflow/example_dags/example_branch_labels.py
[2024-11-12T07:59:21.919+0000] {processor.py:743} INFO - Processing file /home/airflow/.local/lib/python3.7/site-packages/airflow/example_dags/example_branch_labels.py for tasks to queue
[2024-11-12T07:59:21.920+0000] {logging_mixin.py:137} INFO - [2024-11-12T07:59:21.920+0000] {dagbag.py:538} INFO - Filling up the DagBag from /home/airflow/.local/lib/python3.7/site-packages/airflow/example_dags/example_branch_labels.py
[2024-11-12T07:59:21.933+0000] {processor.py:753} INFO - DAG(s) dict_keys(['example_branch_labels']) retrieved from /home/airflow/.local/lib/python3.7/site-packages/airflow/example_dags/example_branch_labels.py
[2024-11-12T07:59:21.959+0000] {logging_mixin.py:137} INFO - [2024-11-12T07:59:21.959+0000] {dag.py:2690} INFO - Sync 1 DAGs
[2024-11-12T07:59:21.987+0000] {logging_mixin.py:137} INFO - [2024-11-12T07:59:21.987+0000] {dag.py:3441} INFO - Setting next_dagrun for example_branch_labels to 2024-11-11T00:00:00+00:00, run_after=2024-11-12T00:00:00+00:00
[2024-11-12T07:59:22.024+0000] {processor.py:175} INFO - Processing /home/airflow/.local/lib/python3.7/site-packages/airflow/example_dags/example_branch_labels.py took 0.110 seconds
[2024-11-12T07:59:52.161+0000] {processor.py:153} INFO - Started process (PID=837) to work on /home/airflow/.local/lib/python3.7/site-packages/airflow/example_dags/example_branch_labels.py
[2024-11-12T07:59:52.163+0000] {processor.py:743} INFO - Processing file /home/airflow/.local/lib/python3.7/site-packages/airflow/example_dags/example_branch_labels.py for tasks to queue
[2024-11-12T07:59:52.163+0000] {logging_mixin.py:137} INFO - [2024-11-12T07:59:52.163+0000] {dagbag.py:538} INFO - Filling up the DagBag from /home/airflow/.local/lib/python3.7/site-packages/airflow/example_dags/example_branch_labels.py
[2024-11-12T07:59:52.177+0000] {processor.py:753} INFO - DAG(s) dict_keys(['example_branch_labels']) retrieved from /home/airflow/.local/lib/python3.7/site-packages/airflow/example_dags/example_branch_labels.py
[2024-11-12T07:59:52.201+0000] {logging_mixin.py:137} INFO - [2024-11-12T07:59:52.201+0000] {dag.py:2690} INFO - Sync 1 DAGs
[2024-11-12T07:59:52.226+0000] {logging_mixin.py:137} INFO - [2024-11-12T07:59:52.226+0000] {dag.py:3441} INFO - Setting next_dagrun for example_branch_labels to 2024-11-11T00:00:00+00:00, run_after=2024-11-12T00:00:00+00:00
[2024-11-12T07:59:52.252+0000] {processor.py:175} INFO - Processing /home/airflow/.local/lib/python3.7/site-packages/airflow/example_dags/example_branch_labels.py took 0.093 seconds
[2024-11-12T08:00:22.457+0000] {processor.py:153} INFO - Started process (PID=924) to work on /home/airflow/.local/lib/python3.7/site-packages/airflow/example_dags/example_branch_labels.py
[2024-11-12T08:00:22.458+0000] {processor.py:743} INFO - Processing file /home/airflow/.local/lib/python3.7/site-packages/airflow/example_dags/example_branch_labels.py for tasks to queue
[2024-11-12T08:00:22.459+0000] {logging_mixin.py:137} INFO - [2024-11-12T08:00:22.459+0000] {dagbag.py:538} INFO - Filling up the DagBag from /home/airflow/.local/lib/python3.7/site-packages/airflow/example_dags/example_branch_labels.py
[2024-11-12T08:00:22.479+0000] {processor.py:753} INFO - DAG(s) dict_keys(['example_branch_labels']) retrieved from /home/airflow/.local/lib/python3.7/site-packages/airflow/example_dags/example_branch_labels.py
[2024-11-12T08:00:22.515+0000] {logging_mixin.py:137} INFO - [2024-11-12T08:00:22.515+0000] {dag.py:2690} INFO - Sync 1 DAGs
[2024-11-12T08:00:22.567+0000] {logging_mixin.py:137} INFO - [2024-11-12T08:00:22.567+0000] {dag.py:3441} INFO - Setting next_dagrun for example_branch_labels to 2024-11-11T00:00:00+00:00, run_after=2024-11-12T00:00:00+00:00
[2024-11-12T08:00:22.595+0000] {processor.py:175} INFO - Processing /home/airflow/.local/lib/python3.7/site-packages/airflow/example_dags/example_branch_labels.py took 0.141 seconds
[2024-11-12T08:00:53.321+0000] {processor.py:153} INFO - Started process (PID=995) to work on /home/airflow/.local/lib/python3.7/site-packages/airflow/example_dags/example_branch_labels.py
[2024-11-12T08:00:53.323+0000] {processor.py:743} INFO - Processing file /home/airflow/.local/lib/python3.7/site-packages/airflow/example_dags/example_branch_labels.py for tasks to queue
[2024-11-12T08:00:53.324+0000] {logging_mixin.py:137} INFO - [2024-11-12T08:00:53.323+0000] {dagbag.py:538} INFO - Filling up the DagBag from /home/airflow/.local/lib/python3.7/site-packages/airflow/example_dags/example_branch_labels.py
[2024-11-12T08:00:53.336+0000] {processor.py:753} INFO - DAG(s) dict_keys(['example_branch_labels']) retrieved from /home/airflow/.local/lib/python3.7/site-packages/airflow/example_dags/example_branch_labels.py
[2024-11-12T08:00:53.363+0000] {logging_mixin.py:137} INFO - [2024-11-12T08:00:53.362+0000] {dag.py:2690} INFO - Sync 1 DAGs
[2024-11-12T08:00:53.386+0000] {logging_mixin.py:137} INFO - [2024-11-12T08:00:53.386+0000] {dag.py:3441} INFO - Setting next_dagrun for example_branch_labels to 2024-11-11T00:00:00+00:00, run_after=2024-11-12T00:00:00+00:00
[2024-11-12T08:00:53.419+0000] {processor.py:175} INFO - Processing /home/airflow/.local/lib/python3.7/site-packages/airflow/example_dags/example_branch_labels.py took 0.101 seconds
[2024-11-12T08:01:24.028+0000] {processor.py:153} INFO - Started process (PID=1082) to work on /home/airflow/.local/lib/python3.7/site-packages/airflow/example_dags/example_branch_labels.py
[2024-11-12T08:01:24.030+0000] {processor.py:743} INFO - Processing file /home/airflow/.local/lib/python3.7/site-packages/airflow/example_dags/example_branch_labels.py for tasks to queue
[2024-11-12T08:01:24.030+0000] {logging_mixin.py:137} INFO - [2024-11-12T08:01:24.030+0000] {dagbag.py:538} INFO - Filling up the DagBag from /home/airflow/.local/lib/python3.7/site-packages/airflow/example_dags/example_branch_labels.py
[2024-11-12T08:01:24.046+0000] {processor.py:753} INFO - DAG(s) dict_keys(['example_branch_labels']) retrieved from /home/airflow/.local/lib/python3.7/site-packages/airflow/example_dags/example_branch_labels.py
[2024-11-12T08:01:24.074+0000] {logging_mixin.py:137} INFO - [2024-11-12T08:01:24.074+0000] {dag.py:2690} INFO - Sync 1 DAGs
[2024-11-12T08:01:24.108+0000] {logging_mixin.py:137} INFO - [2024-11-12T08:01:24.107+0000] {dag.py:3441} INFO - Setting next_dagrun for example_branch_labels to 2024-11-11T00:00:00+00:00, run_after=2024-11-12T00:00:00+00:00
[2024-11-12T08:01:24.130+0000] {processor.py:175} INFO - Processing /home/airflow/.local/lib/python3.7/site-packages/airflow/example_dags/example_branch_labels.py took 0.105 seconds
[2024-11-12T08:02:37.117+0000] {processor.py:153} INFO - Started process (PID=43) to work on /home/airflow/.local/lib/python3.7/site-packages/airflow/example_dags/example_branch_labels.py
[2024-11-12T08:02:37.118+0000] {processor.py:743} INFO - Processing file /home/airflow/.local/lib/python3.7/site-packages/airflow/example_dags/example_branch_labels.py for tasks to queue
[2024-11-12T08:02:37.119+0000] {logging_mixin.py:137} INFO - [2024-11-12T08:02:37.119+0000] {dagbag.py:538} INFO - Filling up the DagBag from /home/airflow/.local/lib/python3.7/site-packages/airflow/example_dags/example_branch_labels.py
[2024-11-12T08:02:37.145+0000] {processor.py:753} INFO - DAG(s) dict_keys(['example_branch_labels']) retrieved from /home/airflow/.local/lib/python3.7/site-packages/airflow/example_dags/example_branch_labels.py
[2024-11-12T08:02:37.161+0000] {logging_mixin.py:137} INFO - [2024-11-12T08:02:37.161+0000] {dag.py:2690} INFO - Sync 1 DAGs
[2024-11-12T08:02:37.200+0000] {logging_mixin.py:137} INFO - [2024-11-12T08:02:37.200+0000] {dag.py:3441} INFO - Setting next_dagrun for example_branch_labels to 2024-11-11T00:00:00+00:00, run_after=2024-11-12T00:00:00+00:00
[2024-11-12T08:02:37.225+0000] {processor.py:175} INFO - Processing /home/airflow/.local/lib/python3.7/site-packages/airflow/example_dags/example_branch_labels.py took 0.111 seconds
[2024-11-12T08:03:08.099+0000] {processor.py:153} INFO - Started process (PID=130) to work on /home/airflow/.local/lib/python3.7/site-packages/airflow/example_dags/example_branch_labels.py
[2024-11-12T08:03:08.100+0000] {processor.py:743} INFO - Processing file /home/airflow/.local/lib/python3.7/site-packages/airflow/example_dags/example_branch_labels.py for tasks to queue
[2024-11-12T08:03:08.102+0000] {logging_mixin.py:137} INFO - [2024-11-12T08:03:08.102+0000] {dagbag.py:538} INFO - Filling up the DagBag from /home/airflow/.local/lib/python3.7/site-packages/airflow/example_dags/example_branch_labels.py
[2024-11-12T08:03:08.126+0000] {processor.py:753} INFO - DAG(s) dict_keys(['example_branch_labels']) retrieved from /home/airflow/.local/lib/python3.7/site-packages/airflow/example_dags/example_branch_labels.py
[2024-11-12T08:03:08.171+0000] {logging_mixin.py:137} INFO - [2024-11-12T08:03:08.170+0000] {dag.py:2690} INFO - Sync 1 DAGs
[2024-11-12T08:03:08.223+0000] {logging_mixin.py:137} INFO - [2024-11-12T08:03:08.222+0000] {dag.py:3441} INFO - Setting next_dagrun for example_branch_labels to 2024-11-11T00:00:00+00:00, run_after=2024-11-12T00:00:00+00:00
[2024-11-12T08:03:08.255+0000] {processor.py:175} INFO - Processing /home/airflow/.local/lib/python3.7/site-packages/airflow/example_dags/example_branch_labels.py took 0.161 seconds
[2024-11-12T08:03:39.057+0000] {processor.py:153} INFO - Started process (PID=201) to work on /home/airflow/.local/lib/python3.7/site-packages/airflow/example_dags/example_branch_labels.py
[2024-11-12T08:03:39.058+0000] {processor.py:743} INFO - Processing file /home/airflow/.local/lib/python3.7/site-packages/airflow/example_dags/example_branch_labels.py for tasks to queue
[2024-11-12T08:03:39.058+0000] {logging_mixin.py:137} INFO - [2024-11-12T08:03:39.058+0000] {dagbag.py:538} INFO - Filling up the DagBag from /home/airflow/.local/lib/python3.7/site-packages/airflow/example_dags/example_branch_labels.py
[2024-11-12T08:03:39.072+0000] {processor.py:753} INFO - DAG(s) dict_keys(['example_branch_labels']) retrieved from /home/airflow/.local/lib/python3.7/site-packages/airflow/example_dags/example_branch_labels.py
[2024-11-12T08:03:39.098+0000] {logging_mixin.py:137} INFO - [2024-11-12T08:03:39.098+0000] {dag.py:2690} INFO - Sync 1 DAGs
[2024-11-12T08:03:39.123+0000] {logging_mixin.py:137} INFO - [2024-11-12T08:03:39.122+0000] {dag.py:3441} INFO - Setting next_dagrun for example_branch_labels to 2024-11-11T00:00:00+00:00, run_after=2024-11-12T00:00:00+00:00
[2024-11-12T08:03:39.144+0000] {processor.py:175} INFO - Processing /home/airflow/.local/lib/python3.7/site-packages/airflow/example_dags/example_branch_labels.py took 0.090 seconds
[2024-11-12T08:04:09.558+0000] {processor.py:153} INFO - Started process (PID=288) to work on /home/airflow/.local/lib/python3.7/site-packages/airflow/example_dags/example_branch_labels.py
[2024-11-12T08:04:09.559+0000] {processor.py:743} INFO - Processing file /home/airflow/.local/lib/python3.7/site-packages/airflow/example_dags/example_branch_labels.py for tasks to queue
[2024-11-12T08:04:09.561+0000] {logging_mixin.py:137} INFO - [2024-11-12T08:04:09.560+0000] {dagbag.py:538} INFO - Filling up the DagBag from /home/airflow/.local/lib/python3.7/site-packages/airflow/example_dags/example_branch_labels.py
[2024-11-12T08:04:09.579+0000] {processor.py:753} INFO - DAG(s) dict_keys(['example_branch_labels']) retrieved from /home/airflow/.local/lib/python3.7/site-packages/airflow/example_dags/example_branch_labels.py
[2024-11-12T08:04:09.614+0000] {logging_mixin.py:137} INFO - [2024-11-12T08:04:09.614+0000] {dag.py:2690} INFO - Sync 1 DAGs
[2024-11-12T08:04:09.648+0000] {logging_mixin.py:137} INFO - [2024-11-12T08:04:09.647+0000] {dag.py:3441} INFO - Setting next_dagrun for example_branch_labels to 2024-11-11T00:00:00+00:00, run_after=2024-11-12T00:00:00+00:00
[2024-11-12T08:04:09.672+0000] {processor.py:175} INFO - Processing /home/airflow/.local/lib/python3.7/site-packages/airflow/example_dags/example_branch_labels.py took 0.119 seconds
[2024-11-12T08:04:40.413+0000] {processor.py:153} INFO - Started process (PID=359) to work on /home/airflow/.local/lib/python3.7/site-packages/airflow/example_dags/example_branch_labels.py
[2024-11-12T08:04:40.415+0000] {processor.py:743} INFO - Processing file /home/airflow/.local/lib/python3.7/site-packages/airflow/example_dags/example_branch_labels.py for tasks to queue
[2024-11-12T08:04:40.417+0000] {logging_mixin.py:137} INFO - [2024-11-12T08:04:40.417+0000] {dagbag.py:538} INFO - Filling up the DagBag from /home/airflow/.local/lib/python3.7/site-packages/airflow/example_dags/example_branch_labels.py
[2024-11-12T08:04:40.436+0000] {processor.py:753} INFO - DAG(s) dict_keys(['example_branch_labels']) retrieved from /home/airflow/.local/lib/python3.7/site-packages/airflow/example_dags/example_branch_labels.py
[2024-11-12T08:04:40.468+0000] {logging_mixin.py:137} INFO - [2024-11-12T08:04:40.468+0000] {dag.py:2690} INFO - Sync 1 DAGs
[2024-11-12T08:04:40.505+0000] {logging_mixin.py:137} INFO - [2024-11-12T08:04:40.504+0000] {dag.py:3441} INFO - Setting next_dagrun for example_branch_labels to 2024-11-11T00:00:00+00:00, run_after=2024-11-12T00:00:00+00:00
[2024-11-12T08:04:40.538+0000] {processor.py:175} INFO - Processing /home/airflow/.local/lib/python3.7/site-packages/airflow/example_dags/example_branch_labels.py took 0.130 seconds
[2024-11-12T08:05:10.714+0000] {processor.py:153} INFO - Started process (PID=446) to work on /home/airflow/.local/lib/python3.7/site-packages/airflow/example_dags/example_branch_labels.py
[2024-11-12T08:05:10.715+0000] {processor.py:743} INFO - Processing file /home/airflow/.local/lib/python3.7/site-packages/airflow/example_dags/example_branch_labels.py for tasks to queue
[2024-11-12T08:05:10.716+0000] {logging_mixin.py:137} INFO - [2024-11-12T08:05:10.716+0000] {dagbag.py:538} INFO - Filling up the DagBag from /home/airflow/.local/lib/python3.7/site-packages/airflow/example_dags/example_branch_labels.py
[2024-11-12T08:05:10.742+0000] {processor.py:753} INFO - DAG(s) dict_keys(['example_branch_labels']) retrieved from /home/airflow/.local/lib/python3.7/site-packages/airflow/example_dags/example_branch_labels.py
[2024-11-12T08:05:10.796+0000] {logging_mixin.py:137} INFO - [2024-11-12T08:05:10.796+0000] {dag.py:2690} INFO - Sync 1 DAGs
[2024-11-12T08:05:10.850+0000] {logging_mixin.py:137} INFO - [2024-11-12T08:05:10.850+0000] {dag.py:3441} INFO - Setting next_dagrun for example_branch_labels to 2024-11-11T00:00:00+00:00, run_after=2024-11-12T00:00:00+00:00
[2024-11-12T08:05:10.873+0000] {processor.py:175} INFO - Processing /home/airflow/.local/lib/python3.7/site-packages/airflow/example_dags/example_branch_labels.py took 0.164 seconds
[2024-11-12T08:05:41.773+0000] {processor.py:153} INFO - Started process (PID=517) to work on /home/airflow/.local/lib/python3.7/site-packages/airflow/example_dags/example_branch_labels.py
[2024-11-12T08:05:41.774+0000] {processor.py:743} INFO - Processing file /home/airflow/.local/lib/python3.7/site-packages/airflow/example_dags/example_branch_labels.py for tasks to queue
[2024-11-12T08:05:41.775+0000] {logging_mixin.py:137} INFO - [2024-11-12T08:05:41.774+0000] {dagbag.py:538} INFO - Filling up the DagBag from /home/airflow/.local/lib/python3.7/site-packages/airflow/example_dags/example_branch_labels.py
[2024-11-12T08:05:41.788+0000] {processor.py:753} INFO - DAG(s) dict_keys(['example_branch_labels']) retrieved from /home/airflow/.local/lib/python3.7/site-packages/airflow/example_dags/example_branch_labels.py
[2024-11-12T08:05:41.819+0000] {logging_mixin.py:137} INFO - [2024-11-12T08:05:41.819+0000] {dag.py:2690} INFO - Sync 1 DAGs
[2024-11-12T08:05:41.845+0000] {logging_mixin.py:137} INFO - [2024-11-12T08:05:41.844+0000] {dag.py:3441} INFO - Setting next_dagrun for example_branch_labels to 2024-11-11T00:00:00+00:00, run_after=2024-11-12T00:00:00+00:00
[2024-11-12T08:05:41.865+0000] {processor.py:175} INFO - Processing /home/airflow/.local/lib/python3.7/site-packages/airflow/example_dags/example_branch_labels.py took 0.097 seconds
[2024-11-12T08:06:12.627+0000] {processor.py:153} INFO - Started process (PID=604) to work on /home/airflow/.local/lib/python3.7/site-packages/airflow/example_dags/example_branch_labels.py
[2024-11-12T08:06:12.630+0000] {processor.py:743} INFO - Processing file /home/airflow/.local/lib/python3.7/site-packages/airflow/example_dags/example_branch_labels.py for tasks to queue
[2024-11-12T08:06:12.632+0000] {logging_mixin.py:137} INFO - [2024-11-12T08:06:12.631+0000] {dagbag.py:538} INFO - Filling up the DagBag from /home/airflow/.local/lib/python3.7/site-packages/airflow/example_dags/example_branch_labels.py
[2024-11-12T08:06:12.663+0000] {processor.py:753} INFO - DAG(s) dict_keys(['example_branch_labels']) retrieved from /home/airflow/.local/lib/python3.7/site-packages/airflow/example_dags/example_branch_labels.py
[2024-11-12T08:06:12.721+0000] {logging_mixin.py:137} INFO - [2024-11-12T08:06:12.721+0000] {dag.py:2690} INFO - Sync 1 DAGs
[2024-11-12T08:06:12.788+0000] {logging_mixin.py:137} INFO - [2024-11-12T08:06:12.788+0000] {dag.py:3441} INFO - Setting next_dagrun for example_branch_labels to 2024-11-11T00:00:00+00:00, run_after=2024-11-12T00:00:00+00:00
[2024-11-12T08:06:12.831+0000] {processor.py:175} INFO - Processing /home/airflow/.local/lib/python3.7/site-packages/airflow/example_dags/example_branch_labels.py took 0.210 seconds
[2024-11-12T08:06:43.153+0000] {processor.py:153} INFO - Started process (PID=675) to work on /home/airflow/.local/lib/python3.7/site-packages/airflow/example_dags/example_branch_labels.py
[2024-11-12T08:06:43.154+0000] {processor.py:743} INFO - Processing file /home/airflow/.local/lib/python3.7/site-packages/airflow/example_dags/example_branch_labels.py for tasks to queue
[2024-11-12T08:06:43.155+0000] {logging_mixin.py:137} INFO - [2024-11-12T08:06:43.155+0000] {dagbag.py:538} INFO - Filling up the DagBag from /home/airflow/.local/lib/python3.7/site-packages/airflow/example_dags/example_branch_labels.py
[2024-11-12T08:06:43.167+0000] {processor.py:753} INFO - DAG(s) dict_keys(['example_branch_labels']) retrieved from /home/airflow/.local/lib/python3.7/site-packages/airflow/example_dags/example_branch_labels.py
[2024-11-12T08:06:43.194+0000] {logging_mixin.py:137} INFO - [2024-11-12T08:06:43.194+0000] {dag.py:2690} INFO - Sync 1 DAGs
[2024-11-12T08:06:43.220+0000] {logging_mixin.py:137} INFO - [2024-11-12T08:06:43.220+0000] {dag.py:3441} INFO - Setting next_dagrun for example_branch_labels to 2024-11-11T00:00:00+00:00, run_after=2024-11-12T00:00:00+00:00
[2024-11-12T08:06:43.243+0000] {processor.py:175} INFO - Processing /home/airflow/.local/lib/python3.7/site-packages/airflow/example_dags/example_branch_labels.py took 0.093 seconds
[2024-11-12T08:07:14.155+0000] {processor.py:153} INFO - Started process (PID=762) to work on /home/airflow/.local/lib/python3.7/site-packages/airflow/example_dags/example_branch_labels.py
[2024-11-12T08:07:14.156+0000] {processor.py:743} INFO - Processing file /home/airflow/.local/lib/python3.7/site-packages/airflow/example_dags/example_branch_labels.py for tasks to queue
[2024-11-12T08:07:14.157+0000] {logging_mixin.py:137} INFO - [2024-11-12T08:07:14.157+0000] {dagbag.py:538} INFO - Filling up the DagBag from /home/airflow/.local/lib/python3.7/site-packages/airflow/example_dags/example_branch_labels.py
[2024-11-12T08:07:14.171+0000] {processor.py:753} INFO - DAG(s) dict_keys(['example_branch_labels']) retrieved from /home/airflow/.local/lib/python3.7/site-packages/airflow/example_dags/example_branch_labels.py
[2024-11-12T08:07:14.205+0000] {logging_mixin.py:137} INFO - [2024-11-12T08:07:14.204+0000] {dag.py:2690} INFO - Sync 1 DAGs
[2024-11-12T08:07:14.238+0000] {logging_mixin.py:137} INFO - [2024-11-12T08:07:14.238+0000] {dag.py:3441} INFO - Setting next_dagrun for example_branch_labels to 2024-11-11T00:00:00+00:00, run_after=2024-11-12T00:00:00+00:00
[2024-11-12T08:07:14.264+0000] {processor.py:175} INFO - Processing /home/airflow/.local/lib/python3.7/site-packages/airflow/example_dags/example_branch_labels.py took 0.112 seconds
[2024-11-12T08:07:44.935+0000] {processor.py:153} INFO - Started process (PID=833) to work on /home/airflow/.local/lib/python3.7/site-packages/airflow/example_dags/example_branch_labels.py
[2024-11-12T08:07:44.936+0000] {processor.py:743} INFO - Processing file /home/airflow/.local/lib/python3.7/site-packages/airflow/example_dags/example_branch_labels.py for tasks to queue
[2024-11-12T08:07:44.936+0000] {logging_mixin.py:137} INFO - [2024-11-12T08:07:44.936+0000] {dagbag.py:538} INFO - Filling up the DagBag from /home/airflow/.local/lib/python3.7/site-packages/airflow/example_dags/example_branch_labels.py
[2024-11-12T08:07:44.950+0000] {processor.py:753} INFO - DAG(s) dict_keys(['example_branch_labels']) retrieved from /home/airflow/.local/lib/python3.7/site-packages/airflow/example_dags/example_branch_labels.py
[2024-11-12T08:07:44.977+0000] {logging_mixin.py:137} INFO - [2024-11-12T08:07:44.977+0000] {dag.py:2690} INFO - Sync 1 DAGs
[2024-11-12T08:07:45.001+0000] {logging_mixin.py:137} INFO - [2024-11-12T08:07:45.001+0000] {dag.py:3441} INFO - Setting next_dagrun for example_branch_labels to 2024-11-11T00:00:00+00:00, run_after=2024-11-12T00:00:00+00:00
[2024-11-12T08:07:45.022+0000] {processor.py:175} INFO - Processing /home/airflow/.local/lib/python3.7/site-packages/airflow/example_dags/example_branch_labels.py took 0.090 seconds
[2024-11-12T08:08:15.165+0000] {processor.py:153} INFO - Started process (PID=904) to work on /home/airflow/.local/lib/python3.7/site-packages/airflow/example_dags/example_branch_labels.py
[2024-11-12T08:08:15.166+0000] {processor.py:743} INFO - Processing file /home/airflow/.local/lib/python3.7/site-packages/airflow/example_dags/example_branch_labels.py for tasks to queue
[2024-11-12T08:08:15.167+0000] {logging_mixin.py:137} INFO - [2024-11-12T08:08:15.167+0000] {dagbag.py:538} INFO - Filling up the DagBag from /home/airflow/.local/lib/python3.7/site-packages/airflow/example_dags/example_branch_labels.py
[2024-11-12T08:08:15.180+0000] {processor.py:753} INFO - DAG(s) dict_keys(['example_branch_labels']) retrieved from /home/airflow/.local/lib/python3.7/site-packages/airflow/example_dags/example_branch_labels.py
[2024-11-12T08:08:15.207+0000] {logging_mixin.py:137} INFO - [2024-11-12T08:08:15.207+0000] {dag.py:2690} INFO - Sync 1 DAGs
[2024-11-12T08:08:15.231+0000] {logging_mixin.py:137} INFO - [2024-11-12T08:08:15.231+0000] {dag.py:3441} INFO - Setting next_dagrun for example_branch_labels to 2024-11-11T00:00:00+00:00, run_after=2024-11-12T00:00:00+00:00
[2024-11-12T08:08:15.254+0000] {processor.py:175} INFO - Processing /home/airflow/.local/lib/python3.7/site-packages/airflow/example_dags/example_branch_labels.py took 0.092 seconds
[2024-11-12T08:08:45.831+0000] {processor.py:153} INFO - Started process (PID=975) to work on /home/airflow/.local/lib/python3.7/site-packages/airflow/example_dags/example_branch_labels.py
[2024-11-12T08:08:45.833+0000] {processor.py:743} INFO - Processing file /home/airflow/.local/lib/python3.7/site-packages/airflow/example_dags/example_branch_labels.py for tasks to queue
[2024-11-12T08:08:45.834+0000] {logging_mixin.py:137} INFO - [2024-11-12T08:08:45.834+0000] {dagbag.py:538} INFO - Filling up the DagBag from /home/airflow/.local/lib/python3.7/site-packages/airflow/example_dags/example_branch_labels.py
[2024-11-12T08:08:45.852+0000] {processor.py:753} INFO - DAG(s) dict_keys(['example_branch_labels']) retrieved from /home/airflow/.local/lib/python3.7/site-packages/airflow/example_dags/example_branch_labels.py
[2024-11-12T08:08:45.880+0000] {logging_mixin.py:137} INFO - [2024-11-12T08:08:45.880+0000] {dag.py:2690} INFO - Sync 1 DAGs
[2024-11-12T08:08:45.907+0000] {logging_mixin.py:137} INFO - [2024-11-12T08:08:45.906+0000] {dag.py:3441} INFO - Setting next_dagrun for example_branch_labels to 2024-11-11T00:00:00+00:00, run_after=2024-11-12T00:00:00+00:00
[2024-11-12T08:08:45.927+0000] {processor.py:175} INFO - Processing /home/airflow/.local/lib/python3.7/site-packages/airflow/example_dags/example_branch_labels.py took 0.100 seconds
[2024-11-12T08:09:16.831+0000] {processor.py:153} INFO - Started process (PID=1052) to work on /home/airflow/.local/lib/python3.7/site-packages/airflow/example_dags/example_branch_labels.py
[2024-11-12T08:09:16.832+0000] {processor.py:743} INFO - Processing file /home/airflow/.local/lib/python3.7/site-packages/airflow/example_dags/example_branch_labels.py for tasks to queue
[2024-11-12T08:09:16.833+0000] {logging_mixin.py:137} INFO - [2024-11-12T08:09:16.833+0000] {dagbag.py:538} INFO - Filling up the DagBag from /home/airflow/.local/lib/python3.7/site-packages/airflow/example_dags/example_branch_labels.py
[2024-11-12T08:09:16.851+0000] {processor.py:753} INFO - DAG(s) dict_keys(['example_branch_labels']) retrieved from /home/airflow/.local/lib/python3.7/site-packages/airflow/example_dags/example_branch_labels.py
[2024-11-12T08:09:16.883+0000] {logging_mixin.py:137} INFO - [2024-11-12T08:09:16.882+0000] {dag.py:2690} INFO - Sync 1 DAGs
[2024-11-12T08:09:16.919+0000] {logging_mixin.py:137} INFO - [2024-11-12T08:09:16.919+0000] {dag.py:3441} INFO - Setting next_dagrun for example_branch_labels to 2024-11-11T00:00:00+00:00, run_after=2024-11-12T00:00:00+00:00
[2024-11-12T08:09:16.940+0000] {processor.py:175} INFO - Processing /home/airflow/.local/lib/python3.7/site-packages/airflow/example_dags/example_branch_labels.py took 0.113 seconds
[2024-11-12T08:09:47.564+0000] {processor.py:153} INFO - Started process (PID=1134) to work on /home/airflow/.local/lib/python3.7/site-packages/airflow/example_dags/example_branch_labels.py
[2024-11-12T08:09:47.565+0000] {processor.py:743} INFO - Processing file /home/airflow/.local/lib/python3.7/site-packages/airflow/example_dags/example_branch_labels.py for tasks to queue
[2024-11-12T08:09:47.566+0000] {logging_mixin.py:137} INFO - [2024-11-12T08:09:47.565+0000] {dagbag.py:538} INFO - Filling up the DagBag from /home/airflow/.local/lib/python3.7/site-packages/airflow/example_dags/example_branch_labels.py
[2024-11-12T08:09:47.579+0000] {processor.py:753} INFO - DAG(s) dict_keys(['example_branch_labels']) retrieved from /home/airflow/.local/lib/python3.7/site-packages/airflow/example_dags/example_branch_labels.py
[2024-11-12T08:09:47.603+0000] {logging_mixin.py:137} INFO - [2024-11-12T08:09:47.603+0000] {dag.py:2690} INFO - Sync 1 DAGs
[2024-11-12T08:09:47.625+0000] {logging_mixin.py:137} INFO - [2024-11-12T08:09:47.625+0000] {dag.py:3441} INFO - Setting next_dagrun for example_branch_labels to 2024-11-11T00:00:00+00:00, run_after=2024-11-12T00:00:00+00:00
[2024-11-12T08:09:47.645+0000] {processor.py:175} INFO - Processing /home/airflow/.local/lib/python3.7/site-packages/airflow/example_dags/example_branch_labels.py took 0.084 seconds
[2024-11-12T08:10:17.765+0000] {processor.py:153} INFO - Started process (PID=1205) to work on /home/airflow/.local/lib/python3.7/site-packages/airflow/example_dags/example_branch_labels.py
[2024-11-12T08:10:17.766+0000] {processor.py:743} INFO - Processing file /home/airflow/.local/lib/python3.7/site-packages/airflow/example_dags/example_branch_labels.py for tasks to queue
[2024-11-12T08:10:17.767+0000] {logging_mixin.py:137} INFO - [2024-11-12T08:10:17.766+0000] {dagbag.py:538} INFO - Filling up the DagBag from /home/airflow/.local/lib/python3.7/site-packages/airflow/example_dags/example_branch_labels.py
[2024-11-12T08:10:17.794+0000] {processor.py:753} INFO - DAG(s) dict_keys(['example_branch_labels']) retrieved from /home/airflow/.local/lib/python3.7/site-packages/airflow/example_dags/example_branch_labels.py
[2024-11-12T08:10:17.824+0000] {logging_mixin.py:137} INFO - [2024-11-12T08:10:17.824+0000] {dag.py:2690} INFO - Sync 1 DAGs
[2024-11-12T08:10:17.853+0000] {logging_mixin.py:137} INFO - [2024-11-12T08:10:17.853+0000] {dag.py:3441} INFO - Setting next_dagrun for example_branch_labels to 2024-11-11T00:00:00+00:00, run_after=2024-11-12T00:00:00+00:00
[2024-11-12T08:10:17.881+0000] {processor.py:175} INFO - Processing /home/airflow/.local/lib/python3.7/site-packages/airflow/example_dags/example_branch_labels.py took 0.120 seconds
[2024-11-12T08:10:48.043+0000] {processor.py:153} INFO - Started process (PID=1292) to work on /home/airflow/.local/lib/python3.7/site-packages/airflow/example_dags/example_branch_labels.py
[2024-11-12T08:10:48.045+0000] {processor.py:743} INFO - Processing file /home/airflow/.local/lib/python3.7/site-packages/airflow/example_dags/example_branch_labels.py for tasks to queue
[2024-11-12T08:10:48.046+0000] {logging_mixin.py:137} INFO - [2024-11-12T08:10:48.046+0000] {dagbag.py:538} INFO - Filling up the DagBag from /home/airflow/.local/lib/python3.7/site-packages/airflow/example_dags/example_branch_labels.py
[2024-11-12T08:10:48.064+0000] {processor.py:753} INFO - DAG(s) dict_keys(['example_branch_labels']) retrieved from /home/airflow/.local/lib/python3.7/site-packages/airflow/example_dags/example_branch_labels.py
[2024-11-12T08:10:48.093+0000] {logging_mixin.py:137} INFO - [2024-11-12T08:10:48.093+0000] {dag.py:2690} INFO - Sync 1 DAGs
[2024-11-12T08:10:48.123+0000] {logging_mixin.py:137} INFO - [2024-11-12T08:10:48.123+0000] {dag.py:3441} INFO - Setting next_dagrun for example_branch_labels to 2024-11-11T00:00:00+00:00, run_after=2024-11-12T00:00:00+00:00
[2024-11-12T08:10:48.146+0000] {processor.py:175} INFO - Processing /home/airflow/.local/lib/python3.7/site-packages/airflow/example_dags/example_branch_labels.py took 0.107 seconds
