[2024-11-12T07:54:46.275+0000] {processor.py:153} INFO - Started process (PID=58) to work on /home/airflow/.local/lib/python3.7/site-packages/airflow/example_dags/example_subdag_operator.py
[2024-11-12T07:54:46.276+0000] {processor.py:743} INFO - Processing file /home/airflow/.local/lib/python3.7/site-packages/airflow/example_dags/example_subdag_operator.py for tasks to queue
[2024-11-12T07:54:46.278+0000] {logging_mixin.py:137} INFO - [2024-11-12T07:54:46.277+0000] {dagbag.py:538} INFO - Filling up the DagBag from /home/airflow/.local/lib/python3.7/site-packages/airflow/example_dags/example_subdag_operator.py
[2024-11-12T07:54:46.353+0000] {processor.py:753} INFO - DAG(s) dict_keys(['example_subdag_operator.section-1', 'example_subdag_operator.section-2', 'example_subdag_operator']) retrieved from /home/airflow/.local/lib/python3.7/site-packages/airflow/example_dags/example_subdag_operator.py
[2024-11-12T07:54:46.362+0000] {logging_mixin.py:137} INFO - [2024-11-12T07:54:46.361+0000] {dag.py:2690} INFO - Sync 3 DAGs
[2024-11-12T07:54:46.425+0000] {logging_mixin.py:137} INFO - [2024-11-12T07:54:46.425+0000] {dag.py:3441} INFO - Setting next_dagrun for example_subdag_operator to 2022-01-01T00:00:00+00:00, run_after=2022-01-01T00:00:00+00:00
[2024-11-12T07:54:46.433+0000] {logging_mixin.py:137} INFO - [2024-11-12T07:54:46.432+0000] {dag.py:3441} INFO - Setting next_dagrun for example_subdag_operator.section-1 to None, run_after=None
[2024-11-12T07:54:46.435+0000] {logging_mixin.py:137} INFO - [2024-11-12T07:54:46.435+0000] {dag.py:3441} INFO - Setting next_dagrun for example_subdag_operator.section-2 to None, run_after=None
[2024-11-12T07:54:46.451+0000] {logging_mixin.py:137} INFO - [2024-11-12T07:54:46.451+0000] {dag.py:2690} INFO - Sync 2 DAGs
[2024-11-12T07:54:46.462+0000] {logging_mixin.py:137} INFO - [2024-11-12T07:54:46.461+0000] {dag.py:3441} INFO - Setting next_dagrun for example_subdag_operator.section-1 to None, run_after=None
[2024-11-12T07:54:46.462+0000] {logging_mixin.py:137} INFO - [2024-11-12T07:54:46.462+0000] {dag.py:3441} INFO - Setting next_dagrun for example_subdag_operator.section-2 to None, run_after=None
[2024-11-12T07:54:46.498+0000] {processor.py:175} INFO - Processing /home/airflow/.local/lib/python3.7/site-packages/airflow/example_dags/example_subdag_operator.py took 0.229 seconds
[2024-11-12T07:55:17.187+0000] {processor.py:153} INFO - Started process (PID=129) to work on /home/airflow/.local/lib/python3.7/site-packages/airflow/example_dags/example_subdag_operator.py
[2024-11-12T07:55:17.188+0000] {processor.py:743} INFO - Processing file /home/airflow/.local/lib/python3.7/site-packages/airflow/example_dags/example_subdag_operator.py for tasks to queue
[2024-11-12T07:55:17.189+0000] {logging_mixin.py:137} INFO - [2024-11-12T07:55:17.188+0000] {dagbag.py:538} INFO - Filling up the DagBag from /home/airflow/.local/lib/python3.7/site-packages/airflow/example_dags/example_subdag_operator.py
[2024-11-12T07:55:17.223+0000] {processor.py:753} INFO - DAG(s) dict_keys(['example_subdag_operator.section-1', 'example_subdag_operator.section-2', 'example_subdag_operator']) retrieved from /home/airflow/.local/lib/python3.7/site-packages/airflow/example_dags/example_subdag_operator.py
[2024-11-12T07:55:17.243+0000] {logging_mixin.py:137} INFO - [2024-11-12T07:55:17.243+0000] {dag.py:2690} INFO - Sync 3 DAGs
[2024-11-12T07:55:17.264+0000] {logging_mixin.py:137} INFO - [2024-11-12T07:55:17.264+0000] {dag.py:3441} INFO - Setting next_dagrun for example_subdag_operator to 2022-01-01T00:00:00+00:00, run_after=2022-01-01T00:00:00+00:00
[2024-11-12T07:55:17.267+0000] {logging_mixin.py:137} INFO - [2024-11-12T07:55:17.267+0000] {dag.py:3441} INFO - Setting next_dagrun for example_subdag_operator.section-1 to None, run_after=None
[2024-11-12T07:55:17.269+0000] {logging_mixin.py:137} INFO - [2024-11-12T07:55:17.269+0000] {dag.py:3441} INFO - Setting next_dagrun for example_subdag_operator.section-2 to None, run_after=None
[2024-11-12T07:55:17.277+0000] {logging_mixin.py:137} INFO - [2024-11-12T07:55:17.277+0000] {dag.py:2690} INFO - Sync 2 DAGs
[2024-11-12T07:55:17.283+0000] {logging_mixin.py:137} INFO - [2024-11-12T07:55:17.283+0000] {dag.py:3441} INFO - Setting next_dagrun for example_subdag_operator.section-1 to None, run_after=None
[2024-11-12T07:55:17.283+0000] {logging_mixin.py:137} INFO - [2024-11-12T07:55:17.283+0000] {dag.py:3441} INFO - Setting next_dagrun for example_subdag_operator.section-2 to None, run_after=None
[2024-11-12T07:55:17.298+0000] {processor.py:175} INFO - Processing /home/airflow/.local/lib/python3.7/site-packages/airflow/example_dags/example_subdag_operator.py took 0.116 seconds
[2024-11-12T07:55:47.758+0000] {processor.py:153} INFO - Started process (PID=207) to work on /home/airflow/.local/lib/python3.7/site-packages/airflow/example_dags/example_subdag_operator.py
[2024-11-12T07:55:47.759+0000] {processor.py:743} INFO - Processing file /home/airflow/.local/lib/python3.7/site-packages/airflow/example_dags/example_subdag_operator.py for tasks to queue
[2024-11-12T07:55:47.760+0000] {logging_mixin.py:137} INFO - [2024-11-12T07:55:47.760+0000] {dagbag.py:538} INFO - Filling up the DagBag from /home/airflow/.local/lib/python3.7/site-packages/airflow/example_dags/example_subdag_operator.py
[2024-11-12T07:55:47.803+0000] {processor.py:753} INFO - DAG(s) dict_keys(['example_subdag_operator.section-1', 'example_subdag_operator.section-2', 'example_subdag_operator']) retrieved from /home/airflow/.local/lib/python3.7/site-packages/airflow/example_dags/example_subdag_operator.py
[2024-11-12T07:55:47.830+0000] {logging_mixin.py:137} INFO - [2024-11-12T07:55:47.830+0000] {dag.py:2690} INFO - Sync 3 DAGs
[2024-11-12T07:55:47.865+0000] {logging_mixin.py:137} INFO - [2024-11-12T07:55:47.865+0000] {dag.py:3441} INFO - Setting next_dagrun for example_subdag_operator to 2022-01-01T00:00:00+00:00, run_after=2022-01-01T00:00:00+00:00
[2024-11-12T07:55:47.870+0000] {logging_mixin.py:137} INFO - [2024-11-12T07:55:47.870+0000] {dag.py:3441} INFO - Setting next_dagrun for example_subdag_operator.section-1 to None, run_after=None
[2024-11-12T07:55:47.873+0000] {logging_mixin.py:137} INFO - [2024-11-12T07:55:47.872+0000] {dag.py:3441} INFO - Setting next_dagrun for example_subdag_operator.section-2 to None, run_after=None
[2024-11-12T07:55:47.884+0000] {logging_mixin.py:137} INFO - [2024-11-12T07:55:47.883+0000] {dag.py:2690} INFO - Sync 2 DAGs
[2024-11-12T07:55:47.893+0000] {logging_mixin.py:137} INFO - [2024-11-12T07:55:47.893+0000] {dag.py:3441} INFO - Setting next_dagrun for example_subdag_operator.section-1 to None, run_after=None
[2024-11-12T07:55:47.893+0000] {logging_mixin.py:137} INFO - [2024-11-12T07:55:47.893+0000] {dag.py:3441} INFO - Setting next_dagrun for example_subdag_operator.section-2 to None, run_after=None
[2024-11-12T07:55:47.913+0000] {processor.py:175} INFO - Processing /home/airflow/.local/lib/python3.7/site-packages/airflow/example_dags/example_subdag_operator.py took 0.160 seconds
[2024-11-12T07:56:18.345+0000] {processor.py:153} INFO - Started process (PID=287) to work on /home/airflow/.local/lib/python3.7/site-packages/airflow/example_dags/example_subdag_operator.py
[2024-11-12T07:56:18.346+0000] {processor.py:743} INFO - Processing file /home/airflow/.local/lib/python3.7/site-packages/airflow/example_dags/example_subdag_operator.py for tasks to queue
[2024-11-12T07:56:18.347+0000] {logging_mixin.py:137} INFO - [2024-11-12T07:56:18.347+0000] {dagbag.py:538} INFO - Filling up the DagBag from /home/airflow/.local/lib/python3.7/site-packages/airflow/example_dags/example_subdag_operator.py
[2024-11-12T07:56:18.380+0000] {processor.py:753} INFO - DAG(s) dict_keys(['example_subdag_operator.section-1', 'example_subdag_operator.section-2', 'example_subdag_operator']) retrieved from /home/airflow/.local/lib/python3.7/site-packages/airflow/example_dags/example_subdag_operator.py
[2024-11-12T07:56:18.398+0000] {logging_mixin.py:137} INFO - [2024-11-12T07:56:18.398+0000] {dag.py:2690} INFO - Sync 3 DAGs
[2024-11-12T07:56:18.426+0000] {logging_mixin.py:137} INFO - [2024-11-12T07:56:18.426+0000] {dag.py:3441} INFO - Setting next_dagrun for example_subdag_operator to 2022-01-01T00:00:00+00:00, run_after=2022-01-01T00:00:00+00:00
[2024-11-12T07:56:18.429+0000] {logging_mixin.py:137} INFO - [2024-11-12T07:56:18.429+0000] {dag.py:3441} INFO - Setting next_dagrun for example_subdag_operator.section-1 to None, run_after=None
[2024-11-12T07:56:18.431+0000] {logging_mixin.py:137} INFO - [2024-11-12T07:56:18.431+0000] {dag.py:3441} INFO - Setting next_dagrun for example_subdag_operator.section-2 to None, run_after=None
[2024-11-12T07:56:18.439+0000] {logging_mixin.py:137} INFO - [2024-11-12T07:56:18.439+0000] {dag.py:2690} INFO - Sync 2 DAGs
[2024-11-12T07:56:18.445+0000] {logging_mixin.py:137} INFO - [2024-11-12T07:56:18.445+0000] {dag.py:3441} INFO - Setting next_dagrun for example_subdag_operator.section-1 to None, run_after=None
[2024-11-12T07:56:18.446+0000] {logging_mixin.py:137} INFO - [2024-11-12T07:56:18.445+0000] {dag.py:3441} INFO - Setting next_dagrun for example_subdag_operator.section-2 to None, run_after=None
[2024-11-12T07:56:18.460+0000] {processor.py:175} INFO - Processing /home/airflow/.local/lib/python3.7/site-packages/airflow/example_dags/example_subdag_operator.py took 0.118 seconds
[2024-11-12T07:56:48.695+0000] {processor.py:153} INFO - Started process (PID=358) to work on /home/airflow/.local/lib/python3.7/site-packages/airflow/example_dags/example_subdag_operator.py
[2024-11-12T07:56:48.696+0000] {processor.py:743} INFO - Processing file /home/airflow/.local/lib/python3.7/site-packages/airflow/example_dags/example_subdag_operator.py for tasks to queue
[2024-11-12T07:56:48.697+0000] {logging_mixin.py:137} INFO - [2024-11-12T07:56:48.697+0000] {dagbag.py:538} INFO - Filling up the DagBag from /home/airflow/.local/lib/python3.7/site-packages/airflow/example_dags/example_subdag_operator.py
[2024-11-12T07:56:48.725+0000] {processor.py:753} INFO - DAG(s) dict_keys(['example_subdag_operator.section-1', 'example_subdag_operator.section-2', 'example_subdag_operator']) retrieved from /home/airflow/.local/lib/python3.7/site-packages/airflow/example_dags/example_subdag_operator.py
[2024-11-12T07:56:48.741+0000] {logging_mixin.py:137} INFO - [2024-11-12T07:56:48.740+0000] {dag.py:2690} INFO - Sync 3 DAGs
[2024-11-12T07:56:48.765+0000] {logging_mixin.py:137} INFO - [2024-11-12T07:56:48.764+0000] {dag.py:3441} INFO - Setting next_dagrun for example_subdag_operator to 2022-01-01T00:00:00+00:00, run_after=2022-01-01T00:00:00+00:00
[2024-11-12T07:56:48.768+0000] {logging_mixin.py:137} INFO - [2024-11-12T07:56:48.768+0000] {dag.py:3441} INFO - Setting next_dagrun for example_subdag_operator.section-1 to None, run_after=None
[2024-11-12T07:56:48.769+0000] {logging_mixin.py:137} INFO - [2024-11-12T07:56:48.769+0000] {dag.py:3441} INFO - Setting next_dagrun for example_subdag_operator.section-2 to None, run_after=None
[2024-11-12T07:56:48.777+0000] {logging_mixin.py:137} INFO - [2024-11-12T07:56:48.777+0000] {dag.py:2690} INFO - Sync 2 DAGs
[2024-11-12T07:56:48.782+0000] {logging_mixin.py:137} INFO - [2024-11-12T07:56:48.782+0000] {dag.py:3441} INFO - Setting next_dagrun for example_subdag_operator.section-1 to None, run_after=None
[2024-11-12T07:56:48.783+0000] {logging_mixin.py:137} INFO - [2024-11-12T07:56:48.783+0000] {dag.py:3441} INFO - Setting next_dagrun for example_subdag_operator.section-2 to None, run_after=None
[2024-11-12T07:56:48.797+0000] {processor.py:175} INFO - Processing /home/airflow/.local/lib/python3.7/site-packages/airflow/example_dags/example_subdag_operator.py took 0.105 seconds
[2024-11-12T07:57:19.080+0000] {processor.py:153} INFO - Started process (PID=445) to work on /home/airflow/.local/lib/python3.7/site-packages/airflow/example_dags/example_subdag_operator.py
[2024-11-12T07:57:19.081+0000] {processor.py:743} INFO - Processing file /home/airflow/.local/lib/python3.7/site-packages/airflow/example_dags/example_subdag_operator.py for tasks to queue
[2024-11-12T07:57:19.082+0000] {logging_mixin.py:137} INFO - [2024-11-12T07:57:19.082+0000] {dagbag.py:538} INFO - Filling up the DagBag from /home/airflow/.local/lib/python3.7/site-packages/airflow/example_dags/example_subdag_operator.py
[2024-11-12T07:57:19.114+0000] {processor.py:753} INFO - DAG(s) dict_keys(['example_subdag_operator.section-1', 'example_subdag_operator.section-2', 'example_subdag_operator']) retrieved from /home/airflow/.local/lib/python3.7/site-packages/airflow/example_dags/example_subdag_operator.py
[2024-11-12T07:57:19.131+0000] {logging_mixin.py:137} INFO - [2024-11-12T07:57:19.130+0000] {dag.py:2690} INFO - Sync 3 DAGs
[2024-11-12T07:57:19.153+0000] {logging_mixin.py:137} INFO - [2024-11-12T07:57:19.153+0000] {dag.py:3441} INFO - Setting next_dagrun for example_subdag_operator to 2022-01-01T00:00:00+00:00, run_after=2022-01-01T00:00:00+00:00
[2024-11-12T07:57:19.158+0000] {logging_mixin.py:137} INFO - [2024-11-12T07:57:19.158+0000] {dag.py:3441} INFO - Setting next_dagrun for example_subdag_operator.section-1 to None, run_after=None
[2024-11-12T07:57:19.159+0000] {logging_mixin.py:137} INFO - [2024-11-12T07:57:19.159+0000] {dag.py:3441} INFO - Setting next_dagrun for example_subdag_operator.section-2 to None, run_after=None
[2024-11-12T07:57:19.167+0000] {logging_mixin.py:137} INFO - [2024-11-12T07:57:19.167+0000] {dag.py:2690} INFO - Sync 2 DAGs
[2024-11-12T07:57:19.172+0000] {logging_mixin.py:137} INFO - [2024-11-12T07:57:19.172+0000] {dag.py:3441} INFO - Setting next_dagrun for example_subdag_operator.section-1 to None, run_after=None
[2024-11-12T07:57:19.173+0000] {logging_mixin.py:137} INFO - [2024-11-12T07:57:19.173+0000] {dag.py:3441} INFO - Setting next_dagrun for example_subdag_operator.section-2 to None, run_after=None
[2024-11-12T07:57:19.188+0000] {processor.py:175} INFO - Processing /home/airflow/.local/lib/python3.7/site-packages/airflow/example_dags/example_subdag_operator.py took 0.110 seconds
[2024-11-12T07:57:50.206+0000] {processor.py:153} INFO - Started process (PID=516) to work on /home/airflow/.local/lib/python3.7/site-packages/airflow/example_dags/example_subdag_operator.py
[2024-11-12T07:57:50.208+0000] {processor.py:743} INFO - Processing file /home/airflow/.local/lib/python3.7/site-packages/airflow/example_dags/example_subdag_operator.py for tasks to queue
[2024-11-12T07:57:50.208+0000] {logging_mixin.py:137} INFO - [2024-11-12T07:57:50.208+0000] {dagbag.py:538} INFO - Filling up the DagBag from /home/airflow/.local/lib/python3.7/site-packages/airflow/example_dags/example_subdag_operator.py
[2024-11-12T07:57:50.241+0000] {processor.py:753} INFO - DAG(s) dict_keys(['example_subdag_operator.section-1', 'example_subdag_operator.section-2', 'example_subdag_operator']) retrieved from /home/airflow/.local/lib/python3.7/site-packages/airflow/example_dags/example_subdag_operator.py
[2024-11-12T07:57:50.259+0000] {logging_mixin.py:137} INFO - [2024-11-12T07:57:50.259+0000] {dag.py:2690} INFO - Sync 3 DAGs
[2024-11-12T07:57:50.286+0000] {logging_mixin.py:137} INFO - [2024-11-12T07:57:50.285+0000] {dag.py:3441} INFO - Setting next_dagrun for example_subdag_operator to 2022-01-01T00:00:00+00:00, run_after=2022-01-01T00:00:00+00:00
[2024-11-12T07:57:50.289+0000] {logging_mixin.py:137} INFO - [2024-11-12T07:57:50.289+0000] {dag.py:3441} INFO - Setting next_dagrun for example_subdag_operator.section-1 to None, run_after=None
[2024-11-12T07:57:50.291+0000] {logging_mixin.py:137} INFO - [2024-11-12T07:57:50.290+0000] {dag.py:3441} INFO - Setting next_dagrun for example_subdag_operator.section-2 to None, run_after=None
[2024-11-12T07:57:50.299+0000] {logging_mixin.py:137} INFO - [2024-11-12T07:57:50.299+0000] {dag.py:2690} INFO - Sync 2 DAGs
[2024-11-12T07:57:50.306+0000] {logging_mixin.py:137} INFO - [2024-11-12T07:57:50.305+0000] {dag.py:3441} INFO - Setting next_dagrun for example_subdag_operator.section-1 to None, run_after=None
[2024-11-12T07:57:50.306+0000] {logging_mixin.py:137} INFO - [2024-11-12T07:57:50.306+0000] {dag.py:3441} INFO - Setting next_dagrun for example_subdag_operator.section-2 to None, run_after=None
[2024-11-12T07:57:50.319+0000] {processor.py:175} INFO - Processing /home/airflow/.local/lib/python3.7/site-packages/airflow/example_dags/example_subdag_operator.py took 0.116 seconds
[2024-11-12T07:58:20.821+0000] {processor.py:153} INFO - Started process (PID=603) to work on /home/airflow/.local/lib/python3.7/site-packages/airflow/example_dags/example_subdag_operator.py
[2024-11-12T07:58:20.823+0000] {processor.py:743} INFO - Processing file /home/airflow/.local/lib/python3.7/site-packages/airflow/example_dags/example_subdag_operator.py for tasks to queue
[2024-11-12T07:58:20.824+0000] {logging_mixin.py:137} INFO - [2024-11-12T07:58:20.823+0000] {dagbag.py:538} INFO - Filling up the DagBag from /home/airflow/.local/lib/python3.7/site-packages/airflow/example_dags/example_subdag_operator.py
[2024-11-12T07:58:20.860+0000] {processor.py:753} INFO - DAG(s) dict_keys(['example_subdag_operator.section-1', 'example_subdag_operator.section-2', 'example_subdag_operator']) retrieved from /home/airflow/.local/lib/python3.7/site-packages/airflow/example_dags/example_subdag_operator.py
[2024-11-12T07:58:20.879+0000] {logging_mixin.py:137} INFO - [2024-11-12T07:58:20.879+0000] {dag.py:2690} INFO - Sync 3 DAGs
[2024-11-12T07:58:20.902+0000] {logging_mixin.py:137} INFO - [2024-11-12T07:58:20.902+0000] {dag.py:3441} INFO - Setting next_dagrun for example_subdag_operator to 2022-01-01T00:00:00+00:00, run_after=2022-01-01T00:00:00+00:00
[2024-11-12T07:58:20.906+0000] {logging_mixin.py:137} INFO - [2024-11-12T07:58:20.906+0000] {dag.py:3441} INFO - Setting next_dagrun for example_subdag_operator.section-1 to None, run_after=None
[2024-11-12T07:58:20.907+0000] {logging_mixin.py:137} INFO - [2024-11-12T07:58:20.907+0000] {dag.py:3441} INFO - Setting next_dagrun for example_subdag_operator.section-2 to None, run_after=None
[2024-11-12T07:58:20.915+0000] {logging_mixin.py:137} INFO - [2024-11-12T07:58:20.915+0000] {dag.py:2690} INFO - Sync 2 DAGs
[2024-11-12T07:58:20.921+0000] {logging_mixin.py:137} INFO - [2024-11-12T07:58:20.921+0000] {dag.py:3441} INFO - Setting next_dagrun for example_subdag_operator.section-1 to None, run_after=None
[2024-11-12T07:58:20.921+0000] {logging_mixin.py:137} INFO - [2024-11-12T07:58:20.921+0000] {dag.py:3441} INFO - Setting next_dagrun for example_subdag_operator.section-2 to None, run_after=None
[2024-11-12T07:58:20.935+0000] {processor.py:175} INFO - Processing /home/airflow/.local/lib/python3.7/site-packages/airflow/example_dags/example_subdag_operator.py took 0.118 seconds
[2024-11-12T07:58:51.370+0000] {processor.py:153} INFO - Started process (PID=674) to work on /home/airflow/.local/lib/python3.7/site-packages/airflow/example_dags/example_subdag_operator.py
[2024-11-12T07:58:51.371+0000] {processor.py:743} INFO - Processing file /home/airflow/.local/lib/python3.7/site-packages/airflow/example_dags/example_subdag_operator.py for tasks to queue
[2024-11-12T07:58:51.372+0000] {logging_mixin.py:137} INFO - [2024-11-12T07:58:51.372+0000] {dagbag.py:538} INFO - Filling up the DagBag from /home/airflow/.local/lib/python3.7/site-packages/airflow/example_dags/example_subdag_operator.py
[2024-11-12T07:58:51.421+0000] {processor.py:753} INFO - DAG(s) dict_keys(['example_subdag_operator.section-1', 'example_subdag_operator.section-2', 'example_subdag_operator']) retrieved from /home/airflow/.local/lib/python3.7/site-packages/airflow/example_dags/example_subdag_operator.py
[2024-11-12T07:58:51.445+0000] {logging_mixin.py:137} INFO - [2024-11-12T07:58:51.445+0000] {dag.py:2690} INFO - Sync 3 DAGs
[2024-11-12T07:58:51.473+0000] {logging_mixin.py:137} INFO - [2024-11-12T07:58:51.473+0000] {dag.py:3441} INFO - Setting next_dagrun for example_subdag_operator to 2022-01-01T00:00:00+00:00, run_after=2022-01-01T00:00:00+00:00
[2024-11-12T07:58:51.478+0000] {logging_mixin.py:137} INFO - [2024-11-12T07:58:51.477+0000] {dag.py:3441} INFO - Setting next_dagrun for example_subdag_operator.section-1 to None, run_after=None
[2024-11-12T07:58:51.479+0000] {logging_mixin.py:137} INFO - [2024-11-12T07:58:51.479+0000] {dag.py:3441} INFO - Setting next_dagrun for example_subdag_operator.section-2 to None, run_after=None
[2024-11-12T07:58:51.489+0000] {logging_mixin.py:137} INFO - [2024-11-12T07:58:51.489+0000] {dag.py:2690} INFO - Sync 2 DAGs
[2024-11-12T07:58:51.497+0000] {logging_mixin.py:137} INFO - [2024-11-12T07:58:51.497+0000] {dag.py:3441} INFO - Setting next_dagrun for example_subdag_operator.section-1 to None, run_after=None
[2024-11-12T07:58:51.497+0000] {logging_mixin.py:137} INFO - [2024-11-12T07:58:51.497+0000] {dag.py:3441} INFO - Setting next_dagrun for example_subdag_operator.section-2 to None, run_after=None
[2024-11-12T07:58:51.516+0000] {processor.py:175} INFO - Processing /home/airflow/.local/lib/python3.7/site-packages/airflow/example_dags/example_subdag_operator.py took 0.151 seconds
[2024-11-12T07:59:21.543+0000] {processor.py:153} INFO - Started process (PID=762) to work on /home/airflow/.local/lib/python3.7/site-packages/airflow/example_dags/example_subdag_operator.py
[2024-11-12T07:59:21.544+0000] {processor.py:743} INFO - Processing file /home/airflow/.local/lib/python3.7/site-packages/airflow/example_dags/example_subdag_operator.py for tasks to queue
[2024-11-12T07:59:21.545+0000] {logging_mixin.py:137} INFO - [2024-11-12T07:59:21.545+0000] {dagbag.py:538} INFO - Filling up the DagBag from /home/airflow/.local/lib/python3.7/site-packages/airflow/example_dags/example_subdag_operator.py
[2024-11-12T07:59:21.576+0000] {processor.py:753} INFO - DAG(s) dict_keys(['example_subdag_operator.section-1', 'example_subdag_operator.section-2', 'example_subdag_operator']) retrieved from /home/airflow/.local/lib/python3.7/site-packages/airflow/example_dags/example_subdag_operator.py
[2024-11-12T07:59:21.592+0000] {logging_mixin.py:137} INFO - [2024-11-12T07:59:21.592+0000] {dag.py:2690} INFO - Sync 3 DAGs
[2024-11-12T07:59:21.616+0000] {logging_mixin.py:137} INFO - [2024-11-12T07:59:21.615+0000] {dag.py:3441} INFO - Setting next_dagrun for example_subdag_operator to 2022-01-01T00:00:00+00:00, run_after=2022-01-01T00:00:00+00:00
[2024-11-12T07:59:21.619+0000] {logging_mixin.py:137} INFO - [2024-11-12T07:59:21.619+0000] {dag.py:3441} INFO - Setting next_dagrun for example_subdag_operator.section-1 to None, run_after=None
[2024-11-12T07:59:21.620+0000] {logging_mixin.py:137} INFO - [2024-11-12T07:59:21.620+0000] {dag.py:3441} INFO - Setting next_dagrun for example_subdag_operator.section-2 to None, run_after=None
[2024-11-12T07:59:21.627+0000] {logging_mixin.py:137} INFO - [2024-11-12T07:59:21.627+0000] {dag.py:2690} INFO - Sync 2 DAGs
[2024-11-12T07:59:21.632+0000] {logging_mixin.py:137} INFO - [2024-11-12T07:59:21.632+0000] {dag.py:3441} INFO - Setting next_dagrun for example_subdag_operator.section-1 to None, run_after=None
[2024-11-12T07:59:21.632+0000] {logging_mixin.py:137} INFO - [2024-11-12T07:59:21.632+0000] {dag.py:3441} INFO - Setting next_dagrun for example_subdag_operator.section-2 to None, run_after=None
[2024-11-12T07:59:21.647+0000] {processor.py:175} INFO - Processing /home/airflow/.local/lib/python3.7/site-packages/airflow/example_dags/example_subdag_operator.py took 0.107 seconds
[2024-11-12T07:59:51.750+0000] {processor.py:153} INFO - Started process (PID=833) to work on /home/airflow/.local/lib/python3.7/site-packages/airflow/example_dags/example_subdag_operator.py
[2024-11-12T07:59:51.752+0000] {processor.py:743} INFO - Processing file /home/airflow/.local/lib/python3.7/site-packages/airflow/example_dags/example_subdag_operator.py for tasks to queue
[2024-11-12T07:59:51.752+0000] {logging_mixin.py:137} INFO - [2024-11-12T07:59:51.752+0000] {dagbag.py:538} INFO - Filling up the DagBag from /home/airflow/.local/lib/python3.7/site-packages/airflow/example_dags/example_subdag_operator.py
[2024-11-12T07:59:51.788+0000] {processor.py:753} INFO - DAG(s) dict_keys(['example_subdag_operator.section-1', 'example_subdag_operator.section-2', 'example_subdag_operator']) retrieved from /home/airflow/.local/lib/python3.7/site-packages/airflow/example_dags/example_subdag_operator.py
[2024-11-12T07:59:51.808+0000] {logging_mixin.py:137} INFO - [2024-11-12T07:59:51.808+0000] {dag.py:2690} INFO - Sync 3 DAGs
[2024-11-12T07:59:51.831+0000] {logging_mixin.py:137} INFO - [2024-11-12T07:59:51.830+0000] {dag.py:3441} INFO - Setting next_dagrun for example_subdag_operator to 2022-01-01T00:00:00+00:00, run_after=2022-01-01T00:00:00+00:00
[2024-11-12T07:59:51.835+0000] {logging_mixin.py:137} INFO - [2024-11-12T07:59:51.835+0000] {dag.py:3441} INFO - Setting next_dagrun for example_subdag_operator.section-1 to None, run_after=None
[2024-11-12T07:59:51.837+0000] {logging_mixin.py:137} INFO - [2024-11-12T07:59:51.837+0000] {dag.py:3441} INFO - Setting next_dagrun for example_subdag_operator.section-2 to None, run_after=None
[2024-11-12T07:59:51.844+0000] {logging_mixin.py:137} INFO - [2024-11-12T07:59:51.844+0000] {dag.py:2690} INFO - Sync 2 DAGs
[2024-11-12T07:59:51.849+0000] {logging_mixin.py:137} INFO - [2024-11-12T07:59:51.849+0000] {dag.py:3441} INFO - Setting next_dagrun for example_subdag_operator.section-1 to None, run_after=None
[2024-11-12T07:59:51.849+0000] {logging_mixin.py:137} INFO - [2024-11-12T07:59:51.849+0000] {dag.py:3441} INFO - Setting next_dagrun for example_subdag_operator.section-2 to None, run_after=None
[2024-11-12T07:59:51.865+0000] {processor.py:175} INFO - Processing /home/airflow/.local/lib/python3.7/site-packages/airflow/example_dags/example_subdag_operator.py took 0.118 seconds
[2024-11-12T08:00:21.984+0000] {processor.py:153} INFO - Started process (PID=920) to work on /home/airflow/.local/lib/python3.7/site-packages/airflow/example_dags/example_subdag_operator.py
[2024-11-12T08:00:21.985+0000] {processor.py:743} INFO - Processing file /home/airflow/.local/lib/python3.7/site-packages/airflow/example_dags/example_subdag_operator.py for tasks to queue
[2024-11-12T08:00:21.986+0000] {logging_mixin.py:137} INFO - [2024-11-12T08:00:21.986+0000] {dagbag.py:538} INFO - Filling up the DagBag from /home/airflow/.local/lib/python3.7/site-packages/airflow/example_dags/example_subdag_operator.py
[2024-11-12T08:00:22.027+0000] {processor.py:753} INFO - DAG(s) dict_keys(['example_subdag_operator.section-1', 'example_subdag_operator.section-2', 'example_subdag_operator']) retrieved from /home/airflow/.local/lib/python3.7/site-packages/airflow/example_dags/example_subdag_operator.py
[2024-11-12T08:00:22.052+0000] {logging_mixin.py:137} INFO - [2024-11-12T08:00:22.051+0000] {dag.py:2690} INFO - Sync 3 DAGs
[2024-11-12T08:00:22.091+0000] {logging_mixin.py:137} INFO - [2024-11-12T08:00:22.091+0000] {dag.py:3441} INFO - Setting next_dagrun for example_subdag_operator to 2022-01-01T00:00:00+00:00, run_after=2022-01-01T00:00:00+00:00
[2024-11-12T08:00:22.095+0000] {logging_mixin.py:137} INFO - [2024-11-12T08:00:22.095+0000] {dag.py:3441} INFO - Setting next_dagrun for example_subdag_operator.section-1 to None, run_after=None
[2024-11-12T08:00:22.097+0000] {logging_mixin.py:137} INFO - [2024-11-12T08:00:22.097+0000] {dag.py:3441} INFO - Setting next_dagrun for example_subdag_operator.section-2 to None, run_after=None
[2024-11-12T08:00:22.107+0000] {logging_mixin.py:137} INFO - [2024-11-12T08:00:22.107+0000] {dag.py:2690} INFO - Sync 2 DAGs
[2024-11-12T08:00:22.113+0000] {logging_mixin.py:137} INFO - [2024-11-12T08:00:22.113+0000] {dag.py:3441} INFO - Setting next_dagrun for example_subdag_operator.section-1 to None, run_after=None
[2024-11-12T08:00:22.114+0000] {logging_mixin.py:137} INFO - [2024-11-12T08:00:22.113+0000] {dag.py:3441} INFO - Setting next_dagrun for example_subdag_operator.section-2 to None, run_after=None
[2024-11-12T08:00:22.128+0000] {processor.py:175} INFO - Processing /home/airflow/.local/lib/python3.7/site-packages/airflow/example_dags/example_subdag_operator.py took 0.149 seconds
[2024-11-12T08:00:53.196+0000] {processor.py:153} INFO - Started process (PID=992) to work on /home/airflow/.local/lib/python3.7/site-packages/airflow/example_dags/example_subdag_operator.py
[2024-11-12T08:00:53.197+0000] {processor.py:743} INFO - Processing file /home/airflow/.local/lib/python3.7/site-packages/airflow/example_dags/example_subdag_operator.py for tasks to queue
[2024-11-12T08:00:53.198+0000] {logging_mixin.py:137} INFO - [2024-11-12T08:00:53.198+0000] {dagbag.py:538} INFO - Filling up the DagBag from /home/airflow/.local/lib/python3.7/site-packages/airflow/example_dags/example_subdag_operator.py
[2024-11-12T08:00:53.229+0000] {processor.py:753} INFO - DAG(s) dict_keys(['example_subdag_operator.section-1', 'example_subdag_operator.section-2', 'example_subdag_operator']) retrieved from /home/airflow/.local/lib/python3.7/site-packages/airflow/example_dags/example_subdag_operator.py
[2024-11-12T08:00:53.247+0000] {logging_mixin.py:137} INFO - [2024-11-12T08:00:53.247+0000] {dag.py:2690} INFO - Sync 3 DAGs
[2024-11-12T08:00:53.270+0000] {logging_mixin.py:137} INFO - [2024-11-12T08:00:53.269+0000] {dag.py:3441} INFO - Setting next_dagrun for example_subdag_operator to 2022-01-01T00:00:00+00:00, run_after=2022-01-01T00:00:00+00:00
[2024-11-12T08:00:53.273+0000] {logging_mixin.py:137} INFO - [2024-11-12T08:00:53.273+0000] {dag.py:3441} INFO - Setting next_dagrun for example_subdag_operator.section-1 to None, run_after=None
[2024-11-12T08:00:53.274+0000] {logging_mixin.py:137} INFO - [2024-11-12T08:00:53.274+0000] {dag.py:3441} INFO - Setting next_dagrun for example_subdag_operator.section-2 to None, run_after=None
[2024-11-12T08:00:53.283+0000] {logging_mixin.py:137} INFO - [2024-11-12T08:00:53.283+0000] {dag.py:2690} INFO - Sync 2 DAGs
[2024-11-12T08:00:53.288+0000] {logging_mixin.py:137} INFO - [2024-11-12T08:00:53.288+0000] {dag.py:3441} INFO - Setting next_dagrun for example_subdag_operator.section-1 to None, run_after=None
[2024-11-12T08:00:53.289+0000] {logging_mixin.py:137} INFO - [2024-11-12T08:00:53.289+0000] {dag.py:3441} INFO - Setting next_dagrun for example_subdag_operator.section-2 to None, run_after=None
[2024-11-12T08:00:53.303+0000] {processor.py:175} INFO - Processing /home/airflow/.local/lib/python3.7/site-packages/airflow/example_dags/example_subdag_operator.py took 0.111 seconds
[2024-11-12T08:01:23.752+0000] {processor.py:153} INFO - Started process (PID=1079) to work on /home/airflow/.local/lib/python3.7/site-packages/airflow/example_dags/example_subdag_operator.py
[2024-11-12T08:01:23.753+0000] {processor.py:743} INFO - Processing file /home/airflow/.local/lib/python3.7/site-packages/airflow/example_dags/example_subdag_operator.py for tasks to queue
[2024-11-12T08:01:23.754+0000] {logging_mixin.py:137} INFO - [2024-11-12T08:01:23.754+0000] {dagbag.py:538} INFO - Filling up the DagBag from /home/airflow/.local/lib/python3.7/site-packages/airflow/example_dags/example_subdag_operator.py
[2024-11-12T08:01:23.798+0000] {processor.py:753} INFO - DAG(s) dict_keys(['example_subdag_operator.section-1', 'example_subdag_operator.section-2', 'example_subdag_operator']) retrieved from /home/airflow/.local/lib/python3.7/site-packages/airflow/example_dags/example_subdag_operator.py
[2024-11-12T08:01:23.824+0000] {logging_mixin.py:137} INFO - [2024-11-12T08:01:23.824+0000] {dag.py:2690} INFO - Sync 3 DAGs
[2024-11-12T08:01:23.861+0000] {logging_mixin.py:137} INFO - [2024-11-12T08:01:23.861+0000] {dag.py:3441} INFO - Setting next_dagrun for example_subdag_operator to 2022-01-01T00:00:00+00:00, run_after=2022-01-01T00:00:00+00:00
[2024-11-12T08:01:23.867+0000] {logging_mixin.py:137} INFO - [2024-11-12T08:01:23.867+0000] {dag.py:3441} INFO - Setting next_dagrun for example_subdag_operator.section-1 to None, run_after=None
[2024-11-12T08:01:23.870+0000] {logging_mixin.py:137} INFO - [2024-11-12T08:01:23.869+0000] {dag.py:3441} INFO - Setting next_dagrun for example_subdag_operator.section-2 to None, run_after=None
[2024-11-12T08:01:23.878+0000] {logging_mixin.py:137} INFO - [2024-11-12T08:01:23.878+0000] {dag.py:2690} INFO - Sync 2 DAGs
[2024-11-12T08:01:23.884+0000] {logging_mixin.py:137} INFO - [2024-11-12T08:01:23.884+0000] {dag.py:3441} INFO - Setting next_dagrun for example_subdag_operator.section-1 to None, run_after=None
[2024-11-12T08:01:23.885+0000] {logging_mixin.py:137} INFO - [2024-11-12T08:01:23.885+0000] {dag.py:3441} INFO - Setting next_dagrun for example_subdag_operator.section-2 to None, run_after=None
[2024-11-12T08:01:23.901+0000] {processor.py:175} INFO - Processing /home/airflow/.local/lib/python3.7/site-packages/airflow/example_dags/example_subdag_operator.py took 0.153 seconds
[2024-11-12T08:02:36.949+0000] {processor.py:153} INFO - Started process (PID=40) to work on /home/airflow/.local/lib/python3.7/site-packages/airflow/example_dags/example_subdag_operator.py
[2024-11-12T08:02:36.953+0000] {processor.py:743} INFO - Processing file /home/airflow/.local/lib/python3.7/site-packages/airflow/example_dags/example_subdag_operator.py for tasks to queue
[2024-11-12T08:02:36.955+0000] {logging_mixin.py:137} INFO - [2024-11-12T08:02:36.954+0000] {dagbag.py:538} INFO - Filling up the DagBag from /home/airflow/.local/lib/python3.7/site-packages/airflow/example_dags/example_subdag_operator.py
[2024-11-12T08:02:37.001+0000] {processor.py:753} INFO - DAG(s) dict_keys(['example_subdag_operator.section-1', 'example_subdag_operator.section-2', 'example_subdag_operator']) retrieved from /home/airflow/.local/lib/python3.7/site-packages/airflow/example_dags/example_subdag_operator.py
[2024-11-12T08:02:37.008+0000] {logging_mixin.py:137} INFO - [2024-11-12T08:02:37.007+0000] {dag.py:2690} INFO - Sync 3 DAGs
[2024-11-12T08:02:37.052+0000] {logging_mixin.py:137} INFO - [2024-11-12T08:02:37.052+0000] {dag.py:3441} INFO - Setting next_dagrun for example_subdag_operator to 2022-01-01T00:00:00+00:00, run_after=2022-01-01T00:00:00+00:00
[2024-11-12T08:02:37.056+0000] {logging_mixin.py:137} INFO - [2024-11-12T08:02:37.056+0000] {dag.py:3441} INFO - Setting next_dagrun for example_subdag_operator.section-1 to None, run_after=None
[2024-11-12T08:02:37.058+0000] {logging_mixin.py:137} INFO - [2024-11-12T08:02:37.058+0000] {dag.py:3441} INFO - Setting next_dagrun for example_subdag_operator.section-2 to None, run_after=None
[2024-11-12T08:02:37.069+0000] {logging_mixin.py:137} INFO - [2024-11-12T08:02:37.069+0000] {dag.py:2690} INFO - Sync 2 DAGs
[2024-11-12T08:02:37.080+0000] {logging_mixin.py:137} INFO - [2024-11-12T08:02:37.080+0000] {dag.py:3441} INFO - Setting next_dagrun for example_subdag_operator.section-1 to None, run_after=None
[2024-11-12T08:02:37.081+0000] {logging_mixin.py:137} INFO - [2024-11-12T08:02:37.081+0000] {dag.py:3441} INFO - Setting next_dagrun for example_subdag_operator.section-2 to None, run_after=None
[2024-11-12T08:02:37.096+0000] {processor.py:175} INFO - Processing /home/airflow/.local/lib/python3.7/site-packages/airflow/example_dags/example_subdag_operator.py took 0.153 seconds
[2024-11-12T08:03:07.829+0000] {processor.py:153} INFO - Started process (PID=127) to work on /home/airflow/.local/lib/python3.7/site-packages/airflow/example_dags/example_subdag_operator.py
[2024-11-12T08:03:07.834+0000] {processor.py:743} INFO - Processing file /home/airflow/.local/lib/python3.7/site-packages/airflow/example_dags/example_subdag_operator.py for tasks to queue
[2024-11-12T08:03:07.835+0000] {logging_mixin.py:137} INFO - [2024-11-12T08:03:07.835+0000] {dagbag.py:538} INFO - Filling up the DagBag from /home/airflow/.local/lib/python3.7/site-packages/airflow/example_dags/example_subdag_operator.py
[2024-11-12T08:03:07.899+0000] {processor.py:753} INFO - DAG(s) dict_keys(['example_subdag_operator.section-1', 'example_subdag_operator.section-2', 'example_subdag_operator']) retrieved from /home/airflow/.local/lib/python3.7/site-packages/airflow/example_dags/example_subdag_operator.py
[2024-11-12T08:03:07.965+0000] {logging_mixin.py:137} INFO - [2024-11-12T08:03:07.964+0000] {dag.py:2690} INFO - Sync 3 DAGs
[2024-11-12T08:03:08.016+0000] {logging_mixin.py:137} INFO - [2024-11-12T08:03:08.015+0000] {dag.py:3441} INFO - Setting next_dagrun for example_subdag_operator to 2022-01-01T00:00:00+00:00, run_after=2022-01-01T00:00:00+00:00
[2024-11-12T08:03:08.022+0000] {logging_mixin.py:137} INFO - [2024-11-12T08:03:08.022+0000] {dag.py:3441} INFO - Setting next_dagrun for example_subdag_operator.section-1 to None, run_after=None
[2024-11-12T08:03:08.024+0000] {logging_mixin.py:137} INFO - [2024-11-12T08:03:08.024+0000] {dag.py:3441} INFO - Setting next_dagrun for example_subdag_operator.section-2 to None, run_after=None
[2024-11-12T08:03:08.037+0000] {logging_mixin.py:137} INFO - [2024-11-12T08:03:08.036+0000] {dag.py:2690} INFO - Sync 2 DAGs
[2024-11-12T08:03:08.046+0000] {logging_mixin.py:137} INFO - [2024-11-12T08:03:08.046+0000] {dag.py:3441} INFO - Setting next_dagrun for example_subdag_operator.section-1 to None, run_after=None
[2024-11-12T08:03:08.047+0000] {logging_mixin.py:137} INFO - [2024-11-12T08:03:08.047+0000] {dag.py:3441} INFO - Setting next_dagrun for example_subdag_operator.section-2 to None, run_after=None
[2024-11-12T08:03:08.067+0000] {processor.py:175} INFO - Processing /home/airflow/.local/lib/python3.7/site-packages/airflow/example_dags/example_subdag_operator.py took 0.243 seconds
[2024-11-12T08:03:38.932+0000] {processor.py:153} INFO - Started process (PID=198) to work on /home/airflow/.local/lib/python3.7/site-packages/airflow/example_dags/example_subdag_operator.py
[2024-11-12T08:03:38.933+0000] {processor.py:743} INFO - Processing file /home/airflow/.local/lib/python3.7/site-packages/airflow/example_dags/example_subdag_operator.py for tasks to queue
[2024-11-12T08:03:38.933+0000] {logging_mixin.py:137} INFO - [2024-11-12T08:03:38.933+0000] {dagbag.py:538} INFO - Filling up the DagBag from /home/airflow/.local/lib/python3.7/site-packages/airflow/example_dags/example_subdag_operator.py
[2024-11-12T08:03:38.964+0000] {processor.py:753} INFO - DAG(s) dict_keys(['example_subdag_operator.section-1', 'example_subdag_operator.section-2', 'example_subdag_operator']) retrieved from /home/airflow/.local/lib/python3.7/site-packages/airflow/example_dags/example_subdag_operator.py
[2024-11-12T08:03:38.982+0000] {logging_mixin.py:137} INFO - [2024-11-12T08:03:38.982+0000] {dag.py:2690} INFO - Sync 3 DAGs
[2024-11-12T08:03:39.004+0000] {logging_mixin.py:137} INFO - [2024-11-12T08:03:39.004+0000] {dag.py:3441} INFO - Setting next_dagrun for example_subdag_operator to 2022-01-01T00:00:00+00:00, run_after=2022-01-01T00:00:00+00:00
[2024-11-12T08:03:39.008+0000] {logging_mixin.py:137} INFO - [2024-11-12T08:03:39.007+0000] {dag.py:3441} INFO - Setting next_dagrun for example_subdag_operator.section-1 to None, run_after=None
[2024-11-12T08:03:39.009+0000] {logging_mixin.py:137} INFO - [2024-11-12T08:03:39.009+0000] {dag.py:3441} INFO - Setting next_dagrun for example_subdag_operator.section-2 to None, run_after=None
[2024-11-12T08:03:39.017+0000] {logging_mixin.py:137} INFO - [2024-11-12T08:03:39.017+0000] {dag.py:2690} INFO - Sync 2 DAGs
[2024-11-12T08:03:39.024+0000] {logging_mixin.py:137} INFO - [2024-11-12T08:03:39.023+0000] {dag.py:3441} INFO - Setting next_dagrun for example_subdag_operator.section-1 to None, run_after=None
[2024-11-12T08:03:39.024+0000] {logging_mixin.py:137} INFO - [2024-11-12T08:03:39.024+0000] {dag.py:3441} INFO - Setting next_dagrun for example_subdag_operator.section-2 to None, run_after=None
[2024-11-12T08:03:39.038+0000] {processor.py:175} INFO - Processing /home/airflow/.local/lib/python3.7/site-packages/airflow/example_dags/example_subdag_operator.py took 0.109 seconds
[2024-11-12T08:04:09.375+0000] {processor.py:153} INFO - Started process (PID=285) to work on /home/airflow/.local/lib/python3.7/site-packages/airflow/example_dags/example_subdag_operator.py
[2024-11-12T08:04:09.386+0000] {processor.py:743} INFO - Processing file /home/airflow/.local/lib/python3.7/site-packages/airflow/example_dags/example_subdag_operator.py for tasks to queue
[2024-11-12T08:04:09.387+0000] {logging_mixin.py:137} INFO - [2024-11-12T08:04:09.387+0000] {dagbag.py:538} INFO - Filling up the DagBag from /home/airflow/.local/lib/python3.7/site-packages/airflow/example_dags/example_subdag_operator.py
[2024-11-12T08:04:09.434+0000] {processor.py:753} INFO - DAG(s) dict_keys(['example_subdag_operator.section-1', 'example_subdag_operator.section-2', 'example_subdag_operator']) retrieved from /home/airflow/.local/lib/python3.7/site-packages/airflow/example_dags/example_subdag_operator.py
[2024-11-12T08:04:09.460+0000] {logging_mixin.py:137} INFO - [2024-11-12T08:04:09.460+0000] {dag.py:2690} INFO - Sync 3 DAGs
[2024-11-12T08:04:09.493+0000] {logging_mixin.py:137} INFO - [2024-11-12T08:04:09.493+0000] {dag.py:3441} INFO - Setting next_dagrun for example_subdag_operator to 2022-01-01T00:00:00+00:00, run_after=2022-01-01T00:00:00+00:00
[2024-11-12T08:04:09.497+0000] {logging_mixin.py:137} INFO - [2024-11-12T08:04:09.497+0000] {dag.py:3441} INFO - Setting next_dagrun for example_subdag_operator.section-1 to None, run_after=None
[2024-11-12T08:04:09.499+0000] {logging_mixin.py:137} INFO - [2024-11-12T08:04:09.499+0000] {dag.py:3441} INFO - Setting next_dagrun for example_subdag_operator.section-2 to None, run_after=None
[2024-11-12T08:04:09.510+0000] {logging_mixin.py:137} INFO - [2024-11-12T08:04:09.510+0000] {dag.py:2690} INFO - Sync 2 DAGs
[2024-11-12T08:04:09.518+0000] {logging_mixin.py:137} INFO - [2024-11-12T08:04:09.518+0000] {dag.py:3441} INFO - Setting next_dagrun for example_subdag_operator.section-1 to None, run_after=None
[2024-11-12T08:04:09.518+0000] {logging_mixin.py:137} INFO - [2024-11-12T08:04:09.518+0000] {dag.py:3441} INFO - Setting next_dagrun for example_subdag_operator.section-2 to None, run_after=None
[2024-11-12T08:04:09.533+0000] {processor.py:175} INFO - Processing /home/airflow/.local/lib/python3.7/site-packages/airflow/example_dags/example_subdag_operator.py took 0.163 seconds
[2024-11-12T08:04:40.231+0000] {processor.py:153} INFO - Started process (PID=356) to work on /home/airflow/.local/lib/python3.7/site-packages/airflow/example_dags/example_subdag_operator.py
[2024-11-12T08:04:40.232+0000] {processor.py:743} INFO - Processing file /home/airflow/.local/lib/python3.7/site-packages/airflow/example_dags/example_subdag_operator.py for tasks to queue
[2024-11-12T08:04:40.234+0000] {logging_mixin.py:137} INFO - [2024-11-12T08:04:40.233+0000] {dagbag.py:538} INFO - Filling up the DagBag from /home/airflow/.local/lib/python3.7/site-packages/airflow/example_dags/example_subdag_operator.py
[2024-11-12T08:04:40.282+0000] {processor.py:753} INFO - DAG(s) dict_keys(['example_subdag_operator.section-1', 'example_subdag_operator.section-2', 'example_subdag_operator']) retrieved from /home/airflow/.local/lib/python3.7/site-packages/airflow/example_dags/example_subdag_operator.py
[2024-11-12T08:04:40.308+0000] {logging_mixin.py:137} INFO - [2024-11-12T08:04:40.308+0000] {dag.py:2690} INFO - Sync 3 DAGs
[2024-11-12T08:04:40.342+0000] {logging_mixin.py:137} INFO - [2024-11-12T08:04:40.342+0000] {dag.py:3441} INFO - Setting next_dagrun for example_subdag_operator to 2022-01-01T00:00:00+00:00, run_after=2022-01-01T00:00:00+00:00
[2024-11-12T08:04:40.349+0000] {logging_mixin.py:137} INFO - [2024-11-12T08:04:40.349+0000] {dag.py:3441} INFO - Setting next_dagrun for example_subdag_operator.section-1 to None, run_after=None
[2024-11-12T08:04:40.351+0000] {logging_mixin.py:137} INFO - [2024-11-12T08:04:40.351+0000] {dag.py:3441} INFO - Setting next_dagrun for example_subdag_operator.section-2 to None, run_after=None
[2024-11-12T08:04:40.364+0000] {logging_mixin.py:137} INFO - [2024-11-12T08:04:40.363+0000] {dag.py:2690} INFO - Sync 2 DAGs
[2024-11-12T08:04:40.372+0000] {logging_mixin.py:137} INFO - [2024-11-12T08:04:40.372+0000] {dag.py:3441} INFO - Setting next_dagrun for example_subdag_operator.section-1 to None, run_after=None
[2024-11-12T08:04:40.372+0000] {logging_mixin.py:137} INFO - [2024-11-12T08:04:40.372+0000] {dag.py:3441} INFO - Setting next_dagrun for example_subdag_operator.section-2 to None, run_after=None
[2024-11-12T08:04:40.388+0000] {processor.py:175} INFO - Processing /home/airflow/.local/lib/python3.7/site-packages/airflow/example_dags/example_subdag_operator.py took 0.164 seconds
[2024-11-12T08:05:10.560+0000] {processor.py:153} INFO - Started process (PID=443) to work on /home/airflow/.local/lib/python3.7/site-packages/airflow/example_dags/example_subdag_operator.py
[2024-11-12T08:05:10.561+0000] {processor.py:743} INFO - Processing file /home/airflow/.local/lib/python3.7/site-packages/airflow/example_dags/example_subdag_operator.py for tasks to queue
[2024-11-12T08:05:10.562+0000] {logging_mixin.py:137} INFO - [2024-11-12T08:05:10.562+0000] {dagbag.py:538} INFO - Filling up the DagBag from /home/airflow/.local/lib/python3.7/site-packages/airflow/example_dags/example_subdag_operator.py
[2024-11-12T08:05:10.598+0000] {processor.py:753} INFO - DAG(s) dict_keys(['example_subdag_operator.section-1', 'example_subdag_operator.section-2', 'example_subdag_operator']) retrieved from /home/airflow/.local/lib/python3.7/site-packages/airflow/example_dags/example_subdag_operator.py
[2024-11-12T08:05:10.621+0000] {logging_mixin.py:137} INFO - [2024-11-12T08:05:10.621+0000] {dag.py:2690} INFO - Sync 3 DAGs
[2024-11-12T08:05:10.647+0000] {logging_mixin.py:137} INFO - [2024-11-12T08:05:10.647+0000] {dag.py:3441} INFO - Setting next_dagrun for example_subdag_operator to 2022-01-01T00:00:00+00:00, run_after=2022-01-01T00:00:00+00:00
[2024-11-12T08:05:10.652+0000] {logging_mixin.py:137} INFO - [2024-11-12T08:05:10.652+0000] {dag.py:3441} INFO - Setting next_dagrun for example_subdag_operator.section-1 to None, run_after=None
[2024-11-12T08:05:10.654+0000] {logging_mixin.py:137} INFO - [2024-11-12T08:05:10.654+0000] {dag.py:3441} INFO - Setting next_dagrun for example_subdag_operator.section-2 to None, run_after=None
[2024-11-12T08:05:10.663+0000] {logging_mixin.py:137} INFO - [2024-11-12T08:05:10.663+0000] {dag.py:2690} INFO - Sync 2 DAGs
[2024-11-12T08:05:10.671+0000] {logging_mixin.py:137} INFO - [2024-11-12T08:05:10.671+0000] {dag.py:3441} INFO - Setting next_dagrun for example_subdag_operator.section-1 to None, run_after=None
[2024-11-12T08:05:10.671+0000] {logging_mixin.py:137} INFO - [2024-11-12T08:05:10.671+0000] {dag.py:3441} INFO - Setting next_dagrun for example_subdag_operator.section-2 to None, run_after=None
[2024-11-12T08:05:10.688+0000] {processor.py:175} INFO - Processing /home/airflow/.local/lib/python3.7/site-packages/airflow/example_dags/example_subdag_operator.py took 0.132 seconds
[2024-11-12T08:05:41.501+0000] {processor.py:153} INFO - Started process (PID=514) to work on /home/airflow/.local/lib/python3.7/site-packages/airflow/example_dags/example_subdag_operator.py
[2024-11-12T08:05:41.513+0000] {processor.py:743} INFO - Processing file /home/airflow/.local/lib/python3.7/site-packages/airflow/example_dags/example_subdag_operator.py for tasks to queue
[2024-11-12T08:05:41.514+0000] {logging_mixin.py:137} INFO - [2024-11-12T08:05:41.514+0000] {dagbag.py:538} INFO - Filling up the DagBag from /home/airflow/.local/lib/python3.7/site-packages/airflow/example_dags/example_subdag_operator.py
[2024-11-12T08:05:41.558+0000] {processor.py:753} INFO - DAG(s) dict_keys(['example_subdag_operator.section-1', 'example_subdag_operator.section-2', 'example_subdag_operator']) retrieved from /home/airflow/.local/lib/python3.7/site-packages/airflow/example_dags/example_subdag_operator.py
[2024-11-12T08:05:41.582+0000] {logging_mixin.py:137} INFO - [2024-11-12T08:05:41.582+0000] {dag.py:2690} INFO - Sync 3 DAGs
[2024-11-12T08:05:41.604+0000] {logging_mixin.py:137} INFO - [2024-11-12T08:05:41.604+0000] {dag.py:3441} INFO - Setting next_dagrun for example_subdag_operator to 2022-01-01T00:00:00+00:00, run_after=2022-01-01T00:00:00+00:00
[2024-11-12T08:05:41.608+0000] {logging_mixin.py:137} INFO - [2024-11-12T08:05:41.607+0000] {dag.py:3441} INFO - Setting next_dagrun for example_subdag_operator.section-1 to None, run_after=None
[2024-11-12T08:05:41.609+0000] {logging_mixin.py:137} INFO - [2024-11-12T08:05:41.609+0000] {dag.py:3441} INFO - Setting next_dagrun for example_subdag_operator.section-2 to None, run_after=None
[2024-11-12T08:05:41.616+0000] {logging_mixin.py:137} INFO - [2024-11-12T08:05:41.616+0000] {dag.py:2690} INFO - Sync 2 DAGs
[2024-11-12T08:05:41.623+0000] {logging_mixin.py:137} INFO - [2024-11-12T08:05:41.622+0000] {dag.py:3441} INFO - Setting next_dagrun for example_subdag_operator.section-1 to None, run_after=None
[2024-11-12T08:05:41.623+0000] {logging_mixin.py:137} INFO - [2024-11-12T08:05:41.623+0000] {dag.py:3441} INFO - Setting next_dagrun for example_subdag_operator.section-2 to None, run_after=None
[2024-11-12T08:05:41.637+0000] {processor.py:175} INFO - Processing /home/airflow/.local/lib/python3.7/site-packages/airflow/example_dags/example_subdag_operator.py took 0.140 seconds
[2024-11-12T08:06:12.179+0000] {processor.py:153} INFO - Started process (PID=601) to work on /home/airflow/.local/lib/python3.7/site-packages/airflow/example_dags/example_subdag_operator.py
[2024-11-12T08:06:12.182+0000] {processor.py:743} INFO - Processing file /home/airflow/.local/lib/python3.7/site-packages/airflow/example_dags/example_subdag_operator.py for tasks to queue
[2024-11-12T08:06:12.183+0000] {logging_mixin.py:137} INFO - [2024-11-12T08:06:12.183+0000] {dagbag.py:538} INFO - Filling up the DagBag from /home/airflow/.local/lib/python3.7/site-packages/airflow/example_dags/example_subdag_operator.py
[2024-11-12T08:06:12.254+0000] {processor.py:753} INFO - DAG(s) dict_keys(['example_subdag_operator.section-1', 'example_subdag_operator.section-2', 'example_subdag_operator']) retrieved from /home/airflow/.local/lib/python3.7/site-packages/airflow/example_dags/example_subdag_operator.py
[2024-11-12T08:06:12.289+0000] {logging_mixin.py:137} INFO - [2024-11-12T08:06:12.288+0000] {dag.py:2690} INFO - Sync 3 DAGs
[2024-11-12T08:06:12.340+0000] {logging_mixin.py:137} INFO - [2024-11-12T08:06:12.340+0000] {dag.py:3441} INFO - Setting next_dagrun for example_subdag_operator to 2022-01-01T00:00:00+00:00, run_after=2022-01-01T00:00:00+00:00
[2024-11-12T08:06:12.347+0000] {logging_mixin.py:137} INFO - [2024-11-12T08:06:12.347+0000] {dag.py:3441} INFO - Setting next_dagrun for example_subdag_operator.section-1 to None, run_after=None
[2024-11-12T08:06:12.350+0000] {logging_mixin.py:137} INFO - [2024-11-12T08:06:12.349+0000] {dag.py:3441} INFO - Setting next_dagrun for example_subdag_operator.section-2 to None, run_after=None
[2024-11-12T08:06:12.365+0000] {logging_mixin.py:137} INFO - [2024-11-12T08:06:12.365+0000] {dag.py:2690} INFO - Sync 2 DAGs
[2024-11-12T08:06:12.376+0000] {logging_mixin.py:137} INFO - [2024-11-12T08:06:12.376+0000] {dag.py:3441} INFO - Setting next_dagrun for example_subdag_operator.section-1 to None, run_after=None
[2024-11-12T08:06:12.377+0000] {logging_mixin.py:137} INFO - [2024-11-12T08:06:12.376+0000] {dag.py:3441} INFO - Setting next_dagrun for example_subdag_operator.section-2 to None, run_after=None
[2024-11-12T08:06:12.405+0000] {processor.py:175} INFO - Processing /home/airflow/.local/lib/python3.7/site-packages/airflow/example_dags/example_subdag_operator.py took 0.234 seconds
[2024-11-12T08:06:42.914+0000] {processor.py:153} INFO - Started process (PID=672) to work on /home/airflow/.local/lib/python3.7/site-packages/airflow/example_dags/example_subdag_operator.py
[2024-11-12T08:06:42.920+0000] {processor.py:743} INFO - Processing file /home/airflow/.local/lib/python3.7/site-packages/airflow/example_dags/example_subdag_operator.py for tasks to queue
[2024-11-12T08:06:42.920+0000] {logging_mixin.py:137} INFO - [2024-11-12T08:06:42.920+0000] {dagbag.py:538} INFO - Filling up the DagBag from /home/airflow/.local/lib/python3.7/site-packages/airflow/example_dags/example_subdag_operator.py
[2024-11-12T08:06:42.954+0000] {processor.py:753} INFO - DAG(s) dict_keys(['example_subdag_operator.section-1', 'example_subdag_operator.section-2', 'example_subdag_operator']) retrieved from /home/airflow/.local/lib/python3.7/site-packages/airflow/example_dags/example_subdag_operator.py
[2024-11-12T08:06:42.971+0000] {logging_mixin.py:137} INFO - [2024-11-12T08:06:42.971+0000] {dag.py:2690} INFO - Sync 3 DAGs
[2024-11-12T08:06:42.996+0000] {logging_mixin.py:137} INFO - [2024-11-12T08:06:42.996+0000] {dag.py:3441} INFO - Setting next_dagrun for example_subdag_operator to 2022-01-01T00:00:00+00:00, run_after=2022-01-01T00:00:00+00:00
[2024-11-12T08:06:43.000+0000] {logging_mixin.py:137} INFO - [2024-11-12T08:06:43.000+0000] {dag.py:3441} INFO - Setting next_dagrun for example_subdag_operator.section-1 to None, run_after=None
[2024-11-12T08:06:43.002+0000] {logging_mixin.py:137} INFO - [2024-11-12T08:06:43.002+0000] {dag.py:3441} INFO - Setting next_dagrun for example_subdag_operator.section-2 to None, run_after=None
[2024-11-12T08:06:43.011+0000] {logging_mixin.py:137} INFO - [2024-11-12T08:06:43.011+0000] {dag.py:2690} INFO - Sync 2 DAGs
[2024-11-12T08:06:43.018+0000] {logging_mixin.py:137} INFO - [2024-11-12T08:06:43.017+0000] {dag.py:3441} INFO - Setting next_dagrun for example_subdag_operator.section-1 to None, run_after=None
[2024-11-12T08:06:43.018+0000] {logging_mixin.py:137} INFO - [2024-11-12T08:06:43.018+0000] {dag.py:3441} INFO - Setting next_dagrun for example_subdag_operator.section-2 to None, run_after=None
[2024-11-12T08:06:43.032+0000] {processor.py:175} INFO - Processing /home/airflow/.local/lib/python3.7/site-packages/airflow/example_dags/example_subdag_operator.py took 0.121 seconds
[2024-11-12T08:07:13.871+0000] {processor.py:153} INFO - Started process (PID=752) to work on /home/airflow/.local/lib/python3.7/site-packages/airflow/example_dags/example_subdag_operator.py
[2024-11-12T08:07:13.873+0000] {processor.py:743} INFO - Processing file /home/airflow/.local/lib/python3.7/site-packages/airflow/example_dags/example_subdag_operator.py for tasks to queue
[2024-11-12T08:07:13.873+0000] {logging_mixin.py:137} INFO - [2024-11-12T08:07:13.873+0000] {dagbag.py:538} INFO - Filling up the DagBag from /home/airflow/.local/lib/python3.7/site-packages/airflow/example_dags/example_subdag_operator.py
[2024-11-12T08:07:13.914+0000] {processor.py:753} INFO - DAG(s) dict_keys(['example_subdag_operator.section-1', 'example_subdag_operator.section-2', 'example_subdag_operator']) retrieved from /home/airflow/.local/lib/python3.7/site-packages/airflow/example_dags/example_subdag_operator.py
[2024-11-12T08:07:13.939+0000] {logging_mixin.py:137} INFO - [2024-11-12T08:07:13.939+0000] {dag.py:2690} INFO - Sync 3 DAGs
[2024-11-12T08:07:13.978+0000] {logging_mixin.py:137} INFO - [2024-11-12T08:07:13.978+0000] {dag.py:3441} INFO - Setting next_dagrun for example_subdag_operator to 2022-01-01T00:00:00+00:00, run_after=2022-01-01T00:00:00+00:00
[2024-11-12T08:07:13.983+0000] {logging_mixin.py:137} INFO - [2024-11-12T08:07:13.983+0000] {dag.py:3441} INFO - Setting next_dagrun for example_subdag_operator.section-1 to None, run_after=None
[2024-11-12T08:07:13.984+0000] {logging_mixin.py:137} INFO - [2024-11-12T08:07:13.984+0000] {dag.py:3441} INFO - Setting next_dagrun for example_subdag_operator.section-2 to None, run_after=None
[2024-11-12T08:07:13.993+0000] {logging_mixin.py:137} INFO - [2024-11-12T08:07:13.993+0000] {dag.py:2690} INFO - Sync 2 DAGs
[2024-11-12T08:07:14.000+0000] {logging_mixin.py:137} INFO - [2024-11-12T08:07:14.000+0000] {dag.py:3441} INFO - Setting next_dagrun for example_subdag_operator.section-1 to None, run_after=None
[2024-11-12T08:07:14.000+0000] {logging_mixin.py:137} INFO - [2024-11-12T08:07:14.000+0000] {dag.py:3441} INFO - Setting next_dagrun for example_subdag_operator.section-2 to None, run_after=None
[2024-11-12T08:07:14.018+0000] {processor.py:175} INFO - Processing /home/airflow/.local/lib/python3.7/site-packages/airflow/example_dags/example_subdag_operator.py took 0.151 seconds
[2024-11-12T08:07:44.701+0000] {processor.py:153} INFO - Started process (PID=830) to work on /home/airflow/.local/lib/python3.7/site-packages/airflow/example_dags/example_subdag_operator.py
[2024-11-12T08:07:44.708+0000] {processor.py:743} INFO - Processing file /home/airflow/.local/lib/python3.7/site-packages/airflow/example_dags/example_subdag_operator.py for tasks to queue
[2024-11-12T08:07:44.709+0000] {logging_mixin.py:137} INFO - [2024-11-12T08:07:44.708+0000] {dagbag.py:538} INFO - Filling up the DagBag from /home/airflow/.local/lib/python3.7/site-packages/airflow/example_dags/example_subdag_operator.py
[2024-11-12T08:07:44.740+0000] {processor.py:753} INFO - DAG(s) dict_keys(['example_subdag_operator.section-1', 'example_subdag_operator.section-2', 'example_subdag_operator']) retrieved from /home/airflow/.local/lib/python3.7/site-packages/airflow/example_dags/example_subdag_operator.py
[2024-11-12T08:07:44.757+0000] {logging_mixin.py:137} INFO - [2024-11-12T08:07:44.756+0000] {dag.py:2690} INFO - Sync 3 DAGs
[2024-11-12T08:07:44.778+0000] {logging_mixin.py:137} INFO - [2024-11-12T08:07:44.778+0000] {dag.py:3441} INFO - Setting next_dagrun for example_subdag_operator to 2022-01-01T00:00:00+00:00, run_after=2022-01-01T00:00:00+00:00
[2024-11-12T08:07:44.781+0000] {logging_mixin.py:137} INFO - [2024-11-12T08:07:44.781+0000] {dag.py:3441} INFO - Setting next_dagrun for example_subdag_operator.section-1 to None, run_after=None
[2024-11-12T08:07:44.782+0000] {logging_mixin.py:137} INFO - [2024-11-12T08:07:44.782+0000] {dag.py:3441} INFO - Setting next_dagrun for example_subdag_operator.section-2 to None, run_after=None
[2024-11-12T08:07:44.790+0000] {logging_mixin.py:137} INFO - [2024-11-12T08:07:44.790+0000] {dag.py:2690} INFO - Sync 2 DAGs
[2024-11-12T08:07:44.797+0000] {logging_mixin.py:137} INFO - [2024-11-12T08:07:44.797+0000] {dag.py:3441} INFO - Setting next_dagrun for example_subdag_operator.section-1 to None, run_after=None
[2024-11-12T08:07:44.797+0000] {logging_mixin.py:137} INFO - [2024-11-12T08:07:44.797+0000] {dag.py:3441} INFO - Setting next_dagrun for example_subdag_operator.section-2 to None, run_after=None
[2024-11-12T08:07:44.813+0000] {processor.py:175} INFO - Processing /home/airflow/.local/lib/python3.7/site-packages/airflow/example_dags/example_subdag_operator.py took 0.114 seconds
[2024-11-12T08:08:14.910+0000] {processor.py:153} INFO - Started process (PID=901) to work on /home/airflow/.local/lib/python3.7/site-packages/airflow/example_dags/example_subdag_operator.py
[2024-11-12T08:08:14.911+0000] {processor.py:743} INFO - Processing file /home/airflow/.local/lib/python3.7/site-packages/airflow/example_dags/example_subdag_operator.py for tasks to queue
[2024-11-12T08:08:14.911+0000] {logging_mixin.py:137} INFO - [2024-11-12T08:08:14.911+0000] {dagbag.py:538} INFO - Filling up the DagBag from /home/airflow/.local/lib/python3.7/site-packages/airflow/example_dags/example_subdag_operator.py
[2024-11-12T08:08:14.947+0000] {processor.py:753} INFO - DAG(s) dict_keys(['example_subdag_operator.section-1', 'example_subdag_operator.section-2', 'example_subdag_operator']) retrieved from /home/airflow/.local/lib/python3.7/site-packages/airflow/example_dags/example_subdag_operator.py
[2024-11-12T08:08:14.970+0000] {logging_mixin.py:137} INFO - [2024-11-12T08:08:14.970+0000] {dag.py:2690} INFO - Sync 3 DAGs
[2024-11-12T08:08:14.996+0000] {logging_mixin.py:137} INFO - [2024-11-12T08:08:14.996+0000] {dag.py:3441} INFO - Setting next_dagrun for example_subdag_operator to 2022-01-01T00:00:00+00:00, run_after=2022-01-01T00:00:00+00:00
[2024-11-12T08:08:15.000+0000] {logging_mixin.py:137} INFO - [2024-11-12T08:08:15.000+0000] {dag.py:3441} INFO - Setting next_dagrun for example_subdag_operator.section-1 to None, run_after=None
[2024-11-12T08:08:15.002+0000] {logging_mixin.py:137} INFO - [2024-11-12T08:08:15.001+0000] {dag.py:3441} INFO - Setting next_dagrun for example_subdag_operator.section-2 to None, run_after=None
[2024-11-12T08:08:15.011+0000] {logging_mixin.py:137} INFO - [2024-11-12T08:08:15.011+0000] {dag.py:2690} INFO - Sync 2 DAGs
[2024-11-12T08:08:15.019+0000] {logging_mixin.py:137} INFO - [2024-11-12T08:08:15.019+0000] {dag.py:3441} INFO - Setting next_dagrun for example_subdag_operator.section-1 to None, run_after=None
[2024-11-12T08:08:15.019+0000] {logging_mixin.py:137} INFO - [2024-11-12T08:08:15.019+0000] {dag.py:3441} INFO - Setting next_dagrun for example_subdag_operator.section-2 to None, run_after=None
[2024-11-12T08:08:15.033+0000] {processor.py:175} INFO - Processing /home/airflow/.local/lib/python3.7/site-packages/airflow/example_dags/example_subdag_operator.py took 0.128 seconds
[2024-11-12T08:08:45.572+0000] {processor.py:153} INFO - Started process (PID=972) to work on /home/airflow/.local/lib/python3.7/site-packages/airflow/example_dags/example_subdag_operator.py
[2024-11-12T08:08:45.575+0000] {processor.py:743} INFO - Processing file /home/airflow/.local/lib/python3.7/site-packages/airflow/example_dags/example_subdag_operator.py for tasks to queue
[2024-11-12T08:08:45.575+0000] {logging_mixin.py:137} INFO - [2024-11-12T08:08:45.575+0000] {dagbag.py:538} INFO - Filling up the DagBag from /home/airflow/.local/lib/python3.7/site-packages/airflow/example_dags/example_subdag_operator.py
[2024-11-12T08:08:45.607+0000] {processor.py:753} INFO - DAG(s) dict_keys(['example_subdag_operator.section-1', 'example_subdag_operator.section-2', 'example_subdag_operator']) retrieved from /home/airflow/.local/lib/python3.7/site-packages/airflow/example_dags/example_subdag_operator.py
[2024-11-12T08:08:45.626+0000] {logging_mixin.py:137} INFO - [2024-11-12T08:08:45.625+0000] {dag.py:2690} INFO - Sync 3 DAGs
[2024-11-12T08:08:45.652+0000] {logging_mixin.py:137} INFO - [2024-11-12T08:08:45.652+0000] {dag.py:3441} INFO - Setting next_dagrun for example_subdag_operator to 2022-01-01T00:00:00+00:00, run_after=2022-01-01T00:00:00+00:00
[2024-11-12T08:08:45.656+0000] {logging_mixin.py:137} INFO - [2024-11-12T08:08:45.656+0000] {dag.py:3441} INFO - Setting next_dagrun for example_subdag_operator.section-1 to None, run_after=None
[2024-11-12T08:08:45.658+0000] {logging_mixin.py:137} INFO - [2024-11-12T08:08:45.658+0000] {dag.py:3441} INFO - Setting next_dagrun for example_subdag_operator.section-2 to None, run_after=None
[2024-11-12T08:08:45.666+0000] {logging_mixin.py:137} INFO - [2024-11-12T08:08:45.666+0000] {dag.py:2690} INFO - Sync 2 DAGs
[2024-11-12T08:08:45.672+0000] {logging_mixin.py:137} INFO - [2024-11-12T08:08:45.672+0000] {dag.py:3441} INFO - Setting next_dagrun for example_subdag_operator.section-1 to None, run_after=None
[2024-11-12T08:08:45.673+0000] {logging_mixin.py:137} INFO - [2024-11-12T08:08:45.673+0000] {dag.py:3441} INFO - Setting next_dagrun for example_subdag_operator.section-2 to None, run_after=None
[2024-11-12T08:08:45.687+0000] {processor.py:175} INFO - Processing /home/airflow/.local/lib/python3.7/site-packages/airflow/example_dags/example_subdag_operator.py took 0.118 seconds
[2024-11-12T08:09:16.596+0000] {processor.py:153} INFO - Started process (PID=1043) to work on /home/airflow/.local/lib/python3.7/site-packages/airflow/example_dags/example_subdag_operator.py
[2024-11-12T08:09:16.597+0000] {processor.py:743} INFO - Processing file /home/airflow/.local/lib/python3.7/site-packages/airflow/example_dags/example_subdag_operator.py for tasks to queue
[2024-11-12T08:09:16.598+0000] {logging_mixin.py:137} INFO - [2024-11-12T08:09:16.598+0000] {dagbag.py:538} INFO - Filling up the DagBag from /home/airflow/.local/lib/python3.7/site-packages/airflow/example_dags/example_subdag_operator.py
[2024-11-12T08:09:16.627+0000] {processor.py:753} INFO - DAG(s) dict_keys(['example_subdag_operator.section-1', 'example_subdag_operator.section-2', 'example_subdag_operator']) retrieved from /home/airflow/.local/lib/python3.7/site-packages/airflow/example_dags/example_subdag_operator.py
[2024-11-12T08:09:16.646+0000] {logging_mixin.py:137} INFO - [2024-11-12T08:09:16.646+0000] {dag.py:2690} INFO - Sync 3 DAGs
[2024-11-12T08:09:16.671+0000] {logging_mixin.py:137} INFO - [2024-11-12T08:09:16.671+0000] {dag.py:3441} INFO - Setting next_dagrun for example_subdag_operator to 2022-01-01T00:00:00+00:00, run_after=2022-01-01T00:00:00+00:00
[2024-11-12T08:09:16.674+0000] {logging_mixin.py:137} INFO - [2024-11-12T08:09:16.674+0000] {dag.py:3441} INFO - Setting next_dagrun for example_subdag_operator.section-1 to None, run_after=None
[2024-11-12T08:09:16.675+0000] {logging_mixin.py:137} INFO - [2024-11-12T08:09:16.675+0000] {dag.py:3441} INFO - Setting next_dagrun for example_subdag_operator.section-2 to None, run_after=None
[2024-11-12T08:09:16.683+0000] {logging_mixin.py:137} INFO - [2024-11-12T08:09:16.683+0000] {dag.py:2690} INFO - Sync 2 DAGs
[2024-11-12T08:09:16.688+0000] {logging_mixin.py:137} INFO - [2024-11-12T08:09:16.688+0000] {dag.py:3441} INFO - Setting next_dagrun for example_subdag_operator.section-1 to None, run_after=None
[2024-11-12T08:09:16.688+0000] {logging_mixin.py:137} INFO - [2024-11-12T08:09:16.688+0000] {dag.py:3441} INFO - Setting next_dagrun for example_subdag_operator.section-2 to None, run_after=None
[2024-11-12T08:09:16.702+0000] {processor.py:175} INFO - Processing /home/airflow/.local/lib/python3.7/site-packages/airflow/example_dags/example_subdag_operator.py took 0.109 seconds
[2024-11-12T08:09:47.353+0000] {processor.py:153} INFO - Started process (PID=1131) to work on /home/airflow/.local/lib/python3.7/site-packages/airflow/example_dags/example_subdag_operator.py
[2024-11-12T08:09:47.354+0000] {processor.py:743} INFO - Processing file /home/airflow/.local/lib/python3.7/site-packages/airflow/example_dags/example_subdag_operator.py for tasks to queue
[2024-11-12T08:09:47.354+0000] {logging_mixin.py:137} INFO - [2024-11-12T08:09:47.354+0000] {dagbag.py:538} INFO - Filling up the DagBag from /home/airflow/.local/lib/python3.7/site-packages/airflow/example_dags/example_subdag_operator.py
[2024-11-12T08:09:47.383+0000] {processor.py:753} INFO - DAG(s) dict_keys(['example_subdag_operator.section-1', 'example_subdag_operator.section-2', 'example_subdag_operator']) retrieved from /home/airflow/.local/lib/python3.7/site-packages/airflow/example_dags/example_subdag_operator.py
[2024-11-12T08:09:47.399+0000] {logging_mixin.py:137} INFO - [2024-11-12T08:09:47.399+0000] {dag.py:2690} INFO - Sync 3 DAGs
[2024-11-12T08:09:47.420+0000] {logging_mixin.py:137} INFO - [2024-11-12T08:09:47.420+0000] {dag.py:3441} INFO - Setting next_dagrun for example_subdag_operator to 2022-01-01T00:00:00+00:00, run_after=2022-01-01T00:00:00+00:00
[2024-11-12T08:09:47.423+0000] {logging_mixin.py:137} INFO - [2024-11-12T08:09:47.423+0000] {dag.py:3441} INFO - Setting next_dagrun for example_subdag_operator.section-1 to None, run_after=None
[2024-11-12T08:09:47.425+0000] {logging_mixin.py:137} INFO - [2024-11-12T08:09:47.425+0000] {dag.py:3441} INFO - Setting next_dagrun for example_subdag_operator.section-2 to None, run_after=None
[2024-11-12T08:09:47.432+0000] {logging_mixin.py:137} INFO - [2024-11-12T08:09:47.432+0000] {dag.py:2690} INFO - Sync 2 DAGs
[2024-11-12T08:09:47.437+0000] {logging_mixin.py:137} INFO - [2024-11-12T08:09:47.437+0000] {dag.py:3441} INFO - Setting next_dagrun for example_subdag_operator.section-1 to None, run_after=None
[2024-11-12T08:09:47.437+0000] {logging_mixin.py:137} INFO - [2024-11-12T08:09:47.437+0000] {dag.py:3441} INFO - Setting next_dagrun for example_subdag_operator.section-2 to None, run_after=None
[2024-11-12T08:09:47.451+0000] {processor.py:175} INFO - Processing /home/airflow/.local/lib/python3.7/site-packages/airflow/example_dags/example_subdag_operator.py took 0.101 seconds
[2024-11-12T08:10:17.499+0000] {processor.py:153} INFO - Started process (PID=1202) to work on /home/airflow/.local/lib/python3.7/site-packages/airflow/example_dags/example_subdag_operator.py
[2024-11-12T08:10:17.500+0000] {processor.py:743} INFO - Processing file /home/airflow/.local/lib/python3.7/site-packages/airflow/example_dags/example_subdag_operator.py for tasks to queue
[2024-11-12T08:10:17.500+0000] {logging_mixin.py:137} INFO - [2024-11-12T08:10:17.500+0000] {dagbag.py:538} INFO - Filling up the DagBag from /home/airflow/.local/lib/python3.7/site-packages/airflow/example_dags/example_subdag_operator.py
[2024-11-12T08:10:17.531+0000] {processor.py:753} INFO - DAG(s) dict_keys(['example_subdag_operator.section-1', 'example_subdag_operator.section-2', 'example_subdag_operator']) retrieved from /home/airflow/.local/lib/python3.7/site-packages/airflow/example_dags/example_subdag_operator.py
[2024-11-12T08:10:17.549+0000] {logging_mixin.py:137} INFO - [2024-11-12T08:10:17.549+0000] {dag.py:2690} INFO - Sync 3 DAGs
[2024-11-12T08:10:17.586+0000] {logging_mixin.py:137} INFO - [2024-11-12T08:10:17.586+0000] {dag.py:3441} INFO - Setting next_dagrun for example_subdag_operator to 2022-01-01T00:00:00+00:00, run_after=2022-01-01T00:00:00+00:00
[2024-11-12T08:10:17.591+0000] {logging_mixin.py:137} INFO - [2024-11-12T08:10:17.591+0000] {dag.py:3441} INFO - Setting next_dagrun for example_subdag_operator.section-1 to None, run_after=None
[2024-11-12T08:10:17.592+0000] {logging_mixin.py:137} INFO - [2024-11-12T08:10:17.592+0000] {dag.py:3441} INFO - Setting next_dagrun for example_subdag_operator.section-2 to None, run_after=None
[2024-11-12T08:10:17.601+0000] {logging_mixin.py:137} INFO - [2024-11-12T08:10:17.601+0000] {dag.py:2690} INFO - Sync 2 DAGs
[2024-11-12T08:10:17.609+0000] {logging_mixin.py:137} INFO - [2024-11-12T08:10:17.609+0000] {dag.py:3441} INFO - Setting next_dagrun for example_subdag_operator.section-1 to None, run_after=None
[2024-11-12T08:10:17.609+0000] {logging_mixin.py:137} INFO - [2024-11-12T08:10:17.609+0000] {dag.py:3441} INFO - Setting next_dagrun for example_subdag_operator.section-2 to None, run_after=None
[2024-11-12T08:10:17.624+0000] {processor.py:175} INFO - Processing /home/airflow/.local/lib/python3.7/site-packages/airflow/example_dags/example_subdag_operator.py took 0.131 seconds
[2024-11-12T08:10:47.791+0000] {processor.py:153} INFO - Started process (PID=1289) to work on /home/airflow/.local/lib/python3.7/site-packages/airflow/example_dags/example_subdag_operator.py
[2024-11-12T08:10:47.798+0000] {processor.py:743} INFO - Processing file /home/airflow/.local/lib/python3.7/site-packages/airflow/example_dags/example_subdag_operator.py for tasks to queue
[2024-11-12T08:10:47.799+0000] {logging_mixin.py:137} INFO - [2024-11-12T08:10:47.799+0000] {dagbag.py:538} INFO - Filling up the DagBag from /home/airflow/.local/lib/python3.7/site-packages/airflow/example_dags/example_subdag_operator.py
[2024-11-12T08:10:47.830+0000] {processor.py:753} INFO - DAG(s) dict_keys(['example_subdag_operator.section-1', 'example_subdag_operator.section-2', 'example_subdag_operator']) retrieved from /home/airflow/.local/lib/python3.7/site-packages/airflow/example_dags/example_subdag_operator.py
[2024-11-12T08:10:47.850+0000] {logging_mixin.py:137} INFO - [2024-11-12T08:10:47.849+0000] {dag.py:2690} INFO - Sync 3 DAGs
[2024-11-12T08:10:47.875+0000] {logging_mixin.py:137} INFO - [2024-11-12T08:10:47.875+0000] {dag.py:3441} INFO - Setting next_dagrun for example_subdag_operator to 2022-01-01T00:00:00+00:00, run_after=2022-01-01T00:00:00+00:00
[2024-11-12T08:10:47.879+0000] {logging_mixin.py:137} INFO - [2024-11-12T08:10:47.879+0000] {dag.py:3441} INFO - Setting next_dagrun for example_subdag_operator.section-1 to None, run_after=None
[2024-11-12T08:10:47.880+0000] {logging_mixin.py:137} INFO - [2024-11-12T08:10:47.880+0000] {dag.py:3441} INFO - Setting next_dagrun for example_subdag_operator.section-2 to None, run_after=None
[2024-11-12T08:10:47.888+0000] {logging_mixin.py:137} INFO - [2024-11-12T08:10:47.888+0000] {dag.py:2690} INFO - Sync 2 DAGs
[2024-11-12T08:10:47.895+0000] {logging_mixin.py:137} INFO - [2024-11-12T08:10:47.894+0000] {dag.py:3441} INFO - Setting next_dagrun for example_subdag_operator.section-1 to None, run_after=None
[2024-11-12T08:10:47.895+0000] {logging_mixin.py:137} INFO - [2024-11-12T08:10:47.895+0000] {dag.py:3441} INFO - Setting next_dagrun for example_subdag_operator.section-2 to None, run_after=None
[2024-11-12T08:10:47.909+0000] {processor.py:175} INFO - Processing /home/airflow/.local/lib/python3.7/site-packages/airflow/example_dags/example_subdag_operator.py took 0.122 seconds
