[2024-11-12T07:54:47.719+0000] {processor.py:153} INFO - Started process (PID=75) to work on /home/airflow/.local/lib/python3.7/site-packages/airflow/example_dags/example_branch_day_of_week_operator.py
[2024-11-12T07:54:47.720+0000] {processor.py:743} INFO - Processing file /home/airflow/.local/lib/python3.7/site-packages/airflow/example_dags/example_branch_day_of_week_operator.py for tasks to queue
[2024-11-12T07:54:47.721+0000] {logging_mixin.py:137} INFO - [2024-11-12T07:54:47.721+0000] {dagbag.py:538} INFO - Filling up the DagBag from /home/airflow/.local/lib/python3.7/site-packages/airflow/example_dags/example_branch_day_of_week_operator.py
[2024-11-12T07:54:47.757+0000] {processor.py:753} INFO - DAG(s) dict_keys(['example_weekday_branch_operator']) retrieved from /home/airflow/.local/lib/python3.7/site-packages/airflow/example_dags/example_branch_day_of_week_operator.py
[2024-11-12T07:54:47.783+0000] {logging_mixin.py:137} INFO - [2024-11-12T07:54:47.782+0000] {dag.py:2690} INFO - Sync 1 DAGs
[2024-11-12T07:54:47.835+0000] {logging_mixin.py:137} INFO - [2024-11-12T07:54:47.835+0000] {dag.py:3441} INFO - Setting next_dagrun for example_weekday_branch_operator to 2024-11-11T00:00:00+00:00, run_after=2024-11-12T00:00:00+00:00
[2024-11-12T07:54:47.883+0000] {processor.py:175} INFO - Processing /home/airflow/.local/lib/python3.7/site-packages/airflow/example_dags/example_branch_day_of_week_operator.py took 0.171 seconds
[2024-11-12T07:55:18.279+0000] {processor.py:153} INFO - Started process (PID=146) to work on /home/airflow/.local/lib/python3.7/site-packages/airflow/example_dags/example_branch_day_of_week_operator.py
[2024-11-12T07:55:18.280+0000] {processor.py:743} INFO - Processing file /home/airflow/.local/lib/python3.7/site-packages/airflow/example_dags/example_branch_day_of_week_operator.py for tasks to queue
[2024-11-12T07:55:18.281+0000] {logging_mixin.py:137} INFO - [2024-11-12T07:55:18.281+0000] {dagbag.py:538} INFO - Filling up the DagBag from /home/airflow/.local/lib/python3.7/site-packages/airflow/example_dags/example_branch_day_of_week_operator.py
[2024-11-12T07:55:18.298+0000] {processor.py:753} INFO - DAG(s) dict_keys(['example_weekday_branch_operator']) retrieved from /home/airflow/.local/lib/python3.7/site-packages/airflow/example_dags/example_branch_day_of_week_operator.py
[2024-11-12T07:55:18.324+0000] {logging_mixin.py:137} INFO - [2024-11-12T07:55:18.324+0000] {dag.py:2690} INFO - Sync 1 DAGs
[2024-11-12T07:55:18.346+0000] {logging_mixin.py:137} INFO - [2024-11-12T07:55:18.346+0000] {dag.py:3441} INFO - Setting next_dagrun for example_weekday_branch_operator to 2024-11-11T00:00:00+00:00, run_after=2024-11-12T00:00:00+00:00
[2024-11-12T07:55:18.368+0000] {processor.py:175} INFO - Processing /home/airflow/.local/lib/python3.7/site-packages/airflow/example_dags/example_branch_day_of_week_operator.py took 0.092 seconds
[2024-11-12T07:55:49.248+0000] {processor.py:153} INFO - Started process (PID=233) to work on /home/airflow/.local/lib/python3.7/site-packages/airflow/example_dags/example_branch_day_of_week_operator.py
[2024-11-12T07:55:49.249+0000] {processor.py:743} INFO - Processing file /home/airflow/.local/lib/python3.7/site-packages/airflow/example_dags/example_branch_day_of_week_operator.py for tasks to queue
[2024-11-12T07:55:49.250+0000] {logging_mixin.py:137} INFO - [2024-11-12T07:55:49.250+0000] {dagbag.py:538} INFO - Filling up the DagBag from /home/airflow/.local/lib/python3.7/site-packages/airflow/example_dags/example_branch_day_of_week_operator.py
[2024-11-12T07:55:49.269+0000] {processor.py:753} INFO - DAG(s) dict_keys(['example_weekday_branch_operator']) retrieved from /home/airflow/.local/lib/python3.7/site-packages/airflow/example_dags/example_branch_day_of_week_operator.py
[2024-11-12T07:55:49.300+0000] {logging_mixin.py:137} INFO - [2024-11-12T07:55:49.300+0000] {dag.py:2690} INFO - Sync 1 DAGs
[2024-11-12T07:55:49.333+0000] {logging_mixin.py:137} INFO - [2024-11-12T07:55:49.333+0000] {dag.py:3441} INFO - Setting next_dagrun for example_weekday_branch_operator to 2024-11-11T00:00:00+00:00, run_after=2024-11-12T00:00:00+00:00
[2024-11-12T07:55:49.360+0000] {processor.py:175} INFO - Processing /home/airflow/.local/lib/python3.7/site-packages/airflow/example_dags/example_branch_day_of_week_operator.py took 0.117 seconds
[2024-11-12T07:56:19.465+0000] {processor.py:153} INFO - Started process (PID=304) to work on /home/airflow/.local/lib/python3.7/site-packages/airflow/example_dags/example_branch_day_of_week_operator.py
[2024-11-12T07:56:19.466+0000] {processor.py:743} INFO - Processing file /home/airflow/.local/lib/python3.7/site-packages/airflow/example_dags/example_branch_day_of_week_operator.py for tasks to queue
[2024-11-12T07:56:19.467+0000] {logging_mixin.py:137} INFO - [2024-11-12T07:56:19.467+0000] {dagbag.py:538} INFO - Filling up the DagBag from /home/airflow/.local/lib/python3.7/site-packages/airflow/example_dags/example_branch_day_of_week_operator.py
[2024-11-12T07:56:19.486+0000] {processor.py:753} INFO - DAG(s) dict_keys(['example_weekday_branch_operator']) retrieved from /home/airflow/.local/lib/python3.7/site-packages/airflow/example_dags/example_branch_day_of_week_operator.py
[2024-11-12T07:56:19.527+0000] {logging_mixin.py:137} INFO - [2024-11-12T07:56:19.526+0000] {dag.py:2690} INFO - Sync 1 DAGs
[2024-11-12T07:56:19.562+0000] {logging_mixin.py:137} INFO - [2024-11-12T07:56:19.562+0000] {dag.py:3441} INFO - Setting next_dagrun for example_weekday_branch_operator to 2024-11-11T00:00:00+00:00, run_after=2024-11-12T00:00:00+00:00
[2024-11-12T07:56:19.593+0000] {processor.py:175} INFO - Processing /home/airflow/.local/lib/python3.7/site-packages/airflow/example_dags/example_branch_day_of_week_operator.py took 0.133 seconds
[2024-11-12T07:56:49.998+0000] {processor.py:153} INFO - Started process (PID=375) to work on /home/airflow/.local/lib/python3.7/site-packages/airflow/example_dags/example_branch_day_of_week_operator.py
[2024-11-12T07:56:49.999+0000] {processor.py:743} INFO - Processing file /home/airflow/.local/lib/python3.7/site-packages/airflow/example_dags/example_branch_day_of_week_operator.py for tasks to queue
[2024-11-12T07:56:50.000+0000] {logging_mixin.py:137} INFO - [2024-11-12T07:56:50.000+0000] {dagbag.py:538} INFO - Filling up the DagBag from /home/airflow/.local/lib/python3.7/site-packages/airflow/example_dags/example_branch_day_of_week_operator.py
[2024-11-12T07:56:50.022+0000] {processor.py:753} INFO - DAG(s) dict_keys(['example_weekday_branch_operator']) retrieved from /home/airflow/.local/lib/python3.7/site-packages/airflow/example_dags/example_branch_day_of_week_operator.py
[2024-11-12T07:56:50.058+0000] {logging_mixin.py:137} INFO - [2024-11-12T07:56:50.057+0000] {dag.py:2690} INFO - Sync 1 DAGs
[2024-11-12T07:56:50.097+0000] {logging_mixin.py:137} INFO - [2024-11-12T07:56:50.097+0000] {dag.py:3441} INFO - Setting next_dagrun for example_weekday_branch_operator to 2024-11-11T00:00:00+00:00, run_after=2024-11-12T00:00:00+00:00
[2024-11-12T07:56:50.132+0000] {processor.py:175} INFO - Processing /home/airflow/.local/lib/python3.7/site-packages/airflow/example_dags/example_branch_day_of_week_operator.py took 0.139 seconds
[2024-11-12T07:57:20.246+0000] {processor.py:153} INFO - Started process (PID=462) to work on /home/airflow/.local/lib/python3.7/site-packages/airflow/example_dags/example_branch_day_of_week_operator.py
[2024-11-12T07:57:20.248+0000] {processor.py:743} INFO - Processing file /home/airflow/.local/lib/python3.7/site-packages/airflow/example_dags/example_branch_day_of_week_operator.py for tasks to queue
[2024-11-12T07:57:20.248+0000] {logging_mixin.py:137} INFO - [2024-11-12T07:57:20.248+0000] {dagbag.py:538} INFO - Filling up the DagBag from /home/airflow/.local/lib/python3.7/site-packages/airflow/example_dags/example_branch_day_of_week_operator.py
[2024-11-12T07:57:20.265+0000] {processor.py:753} INFO - DAG(s) dict_keys(['example_weekday_branch_operator']) retrieved from /home/airflow/.local/lib/python3.7/site-packages/airflow/example_dags/example_branch_day_of_week_operator.py
[2024-11-12T07:57:20.293+0000] {logging_mixin.py:137} INFO - [2024-11-12T07:57:20.292+0000] {dag.py:2690} INFO - Sync 1 DAGs
[2024-11-12T07:57:20.321+0000] {logging_mixin.py:137} INFO - [2024-11-12T07:57:20.321+0000] {dag.py:3441} INFO - Setting next_dagrun for example_weekday_branch_operator to 2024-11-11T00:00:00+00:00, run_after=2024-11-12T00:00:00+00:00
[2024-11-12T07:57:20.344+0000] {processor.py:175} INFO - Processing /home/airflow/.local/lib/python3.7/site-packages/airflow/example_dags/example_branch_day_of_week_operator.py took 0.101 seconds
[2024-11-12T07:57:51.346+0000] {processor.py:153} INFO - Started process (PID=533) to work on /home/airflow/.local/lib/python3.7/site-packages/airflow/example_dags/example_branch_day_of_week_operator.py
[2024-11-12T07:57:51.347+0000] {processor.py:743} INFO - Processing file /home/airflow/.local/lib/python3.7/site-packages/airflow/example_dags/example_branch_day_of_week_operator.py for tasks to queue
[2024-11-12T07:57:51.347+0000] {logging_mixin.py:137} INFO - [2024-11-12T07:57:51.347+0000] {dagbag.py:538} INFO - Filling up the DagBag from /home/airflow/.local/lib/python3.7/site-packages/airflow/example_dags/example_branch_day_of_week_operator.py
[2024-11-12T07:57:51.363+0000] {processor.py:753} INFO - DAG(s) dict_keys(['example_weekday_branch_operator']) retrieved from /home/airflow/.local/lib/python3.7/site-packages/airflow/example_dags/example_branch_day_of_week_operator.py
[2024-11-12T07:57:51.390+0000] {logging_mixin.py:137} INFO - [2024-11-12T07:57:51.390+0000] {dag.py:2690} INFO - Sync 1 DAGs
[2024-11-12T07:57:51.421+0000] {logging_mixin.py:137} INFO - [2024-11-12T07:57:51.421+0000] {dag.py:3441} INFO - Setting next_dagrun for example_weekday_branch_operator to 2024-11-11T00:00:00+00:00, run_after=2024-11-12T00:00:00+00:00
[2024-11-12T07:57:51.447+0000] {processor.py:175} INFO - Processing /home/airflow/.local/lib/python3.7/site-packages/airflow/example_dags/example_branch_day_of_week_operator.py took 0.104 seconds
[2024-11-12T07:58:21.877+0000] {processor.py:153} INFO - Started process (PID=620) to work on /home/airflow/.local/lib/python3.7/site-packages/airflow/example_dags/example_branch_day_of_week_operator.py
[2024-11-12T07:58:21.878+0000] {processor.py:743} INFO - Processing file /home/airflow/.local/lib/python3.7/site-packages/airflow/example_dags/example_branch_day_of_week_operator.py for tasks to queue
[2024-11-12T07:58:21.879+0000] {logging_mixin.py:137} INFO - [2024-11-12T07:58:21.879+0000] {dagbag.py:538} INFO - Filling up the DagBag from /home/airflow/.local/lib/python3.7/site-packages/airflow/example_dags/example_branch_day_of_week_operator.py
[2024-11-12T07:58:21.894+0000] {processor.py:753} INFO - DAG(s) dict_keys(['example_weekday_branch_operator']) retrieved from /home/airflow/.local/lib/python3.7/site-packages/airflow/example_dags/example_branch_day_of_week_operator.py
[2024-11-12T07:58:21.921+0000] {logging_mixin.py:137} INFO - [2024-11-12T07:58:21.920+0000] {dag.py:2690} INFO - Sync 1 DAGs
[2024-11-12T07:58:21.944+0000] {logging_mixin.py:137} INFO - [2024-11-12T07:58:21.944+0000] {dag.py:3441} INFO - Setting next_dagrun for example_weekday_branch_operator to 2024-11-11T00:00:00+00:00, run_after=2024-11-12T00:00:00+00:00
[2024-11-12T07:58:21.967+0000] {processor.py:175} INFO - Processing /home/airflow/.local/lib/python3.7/site-packages/airflow/example_dags/example_branch_day_of_week_operator.py took 0.095 seconds
[2024-11-12T07:58:52.669+0000] {processor.py:153} INFO - Started process (PID=691) to work on /home/airflow/.local/lib/python3.7/site-packages/airflow/example_dags/example_branch_day_of_week_operator.py
[2024-11-12T07:58:52.671+0000] {processor.py:743} INFO - Processing file /home/airflow/.local/lib/python3.7/site-packages/airflow/example_dags/example_branch_day_of_week_operator.py for tasks to queue
[2024-11-12T07:58:52.672+0000] {logging_mixin.py:137} INFO - [2024-11-12T07:58:52.672+0000] {dagbag.py:538} INFO - Filling up the DagBag from /home/airflow/.local/lib/python3.7/site-packages/airflow/example_dags/example_branch_day_of_week_operator.py
[2024-11-12T07:58:52.690+0000] {processor.py:753} INFO - DAG(s) dict_keys(['example_weekday_branch_operator']) retrieved from /home/airflow/.local/lib/python3.7/site-packages/airflow/example_dags/example_branch_day_of_week_operator.py
[2024-11-12T07:58:52.730+0000] {logging_mixin.py:137} INFO - [2024-11-12T07:58:52.730+0000] {dag.py:2690} INFO - Sync 1 DAGs
[2024-11-12T07:58:52.760+0000] {logging_mixin.py:137} INFO - [2024-11-12T07:58:52.760+0000] {dag.py:3441} INFO - Setting next_dagrun for example_weekday_branch_operator to 2024-11-11T00:00:00+00:00, run_after=2024-11-12T00:00:00+00:00
[2024-11-12T07:58:52.788+0000] {processor.py:175} INFO - Processing /home/airflow/.local/lib/python3.7/site-packages/airflow/example_dags/example_branch_day_of_week_operator.py took 0.123 seconds
[2024-11-12T07:59:22.950+0000] {processor.py:153} INFO - Started process (PID=780) to work on /home/airflow/.local/lib/python3.7/site-packages/airflow/example_dags/example_branch_day_of_week_operator.py
[2024-11-12T07:59:22.953+0000] {processor.py:743} INFO - Processing file /home/airflow/.local/lib/python3.7/site-packages/airflow/example_dags/example_branch_day_of_week_operator.py for tasks to queue
[2024-11-12T07:59:22.954+0000] {logging_mixin.py:137} INFO - [2024-11-12T07:59:22.953+0000] {dagbag.py:538} INFO - Filling up the DagBag from /home/airflow/.local/lib/python3.7/site-packages/airflow/example_dags/example_branch_day_of_week_operator.py
[2024-11-12T07:59:22.974+0000] {processor.py:753} INFO - DAG(s) dict_keys(['example_weekday_branch_operator']) retrieved from /home/airflow/.local/lib/python3.7/site-packages/airflow/example_dags/example_branch_day_of_week_operator.py
[2024-11-12T07:59:23.009+0000] {logging_mixin.py:137} INFO - [2024-11-12T07:59:23.009+0000] {dag.py:2690} INFO - Sync 1 DAGs
[2024-11-12T07:59:23.047+0000] {logging_mixin.py:137} INFO - [2024-11-12T07:59:23.046+0000] {dag.py:3441} INFO - Setting next_dagrun for example_weekday_branch_operator to 2024-11-11T00:00:00+00:00, run_after=2024-11-12T00:00:00+00:00
[2024-11-12T07:59:23.075+0000] {processor.py:175} INFO - Processing /home/airflow/.local/lib/python3.7/site-packages/airflow/example_dags/example_branch_day_of_week_operator.py took 0.130 seconds
[2024-11-12T07:59:53.152+0000] {processor.py:153} INFO - Started process (PID=851) to work on /home/airflow/.local/lib/python3.7/site-packages/airflow/example_dags/example_branch_day_of_week_operator.py
[2024-11-12T07:59:53.153+0000] {processor.py:743} INFO - Processing file /home/airflow/.local/lib/python3.7/site-packages/airflow/example_dags/example_branch_day_of_week_operator.py for tasks to queue
[2024-11-12T07:59:53.154+0000] {logging_mixin.py:137} INFO - [2024-11-12T07:59:53.153+0000] {dagbag.py:538} INFO - Filling up the DagBag from /home/airflow/.local/lib/python3.7/site-packages/airflow/example_dags/example_branch_day_of_week_operator.py
[2024-11-12T07:59:53.169+0000] {processor.py:753} INFO - DAG(s) dict_keys(['example_weekday_branch_operator']) retrieved from /home/airflow/.local/lib/python3.7/site-packages/airflow/example_dags/example_branch_day_of_week_operator.py
[2024-11-12T07:59:53.195+0000] {logging_mixin.py:137} INFO - [2024-11-12T07:59:53.194+0000] {dag.py:2690} INFO - Sync 1 DAGs
[2024-11-12T07:59:53.226+0000] {logging_mixin.py:137} INFO - [2024-11-12T07:59:53.225+0000] {dag.py:3441} INFO - Setting next_dagrun for example_weekday_branch_operator to 2024-11-11T00:00:00+00:00, run_after=2024-11-12T00:00:00+00:00
[2024-11-12T07:59:53.254+0000] {processor.py:175} INFO - Processing /home/airflow/.local/lib/python3.7/site-packages/airflow/example_dags/example_branch_day_of_week_operator.py took 0.105 seconds
[2024-11-12T08:00:23.362+0000] {processor.py:153} INFO - Started process (PID=938) to work on /home/airflow/.local/lib/python3.7/site-packages/airflow/example_dags/example_branch_day_of_week_operator.py
[2024-11-12T08:00:23.363+0000] {processor.py:743} INFO - Processing file /home/airflow/.local/lib/python3.7/site-packages/airflow/example_dags/example_branch_day_of_week_operator.py for tasks to queue
[2024-11-12T08:00:23.364+0000] {logging_mixin.py:137} INFO - [2024-11-12T08:00:23.363+0000] {dagbag.py:538} INFO - Filling up the DagBag from /home/airflow/.local/lib/python3.7/site-packages/airflow/example_dags/example_branch_day_of_week_operator.py
[2024-11-12T08:00:23.378+0000] {processor.py:753} INFO - DAG(s) dict_keys(['example_weekday_branch_operator']) retrieved from /home/airflow/.local/lib/python3.7/site-packages/airflow/example_dags/example_branch_day_of_week_operator.py
[2024-11-12T08:00:23.406+0000] {logging_mixin.py:137} INFO - [2024-11-12T08:00:23.406+0000] {dag.py:2690} INFO - Sync 1 DAGs
[2024-11-12T08:00:23.429+0000] {logging_mixin.py:137} INFO - [2024-11-12T08:00:23.429+0000] {dag.py:3441} INFO - Setting next_dagrun for example_weekday_branch_operator to 2024-11-11T00:00:00+00:00, run_after=2024-11-12T00:00:00+00:00
[2024-11-12T08:00:23.454+0000] {processor.py:175} INFO - Processing /home/airflow/.local/lib/python3.7/site-packages/airflow/example_dags/example_branch_day_of_week_operator.py took 0.096 seconds
[2024-11-12T08:00:54.265+0000] {processor.py:153} INFO - Started process (PID=1009) to work on /home/airflow/.local/lib/python3.7/site-packages/airflow/example_dags/example_branch_day_of_week_operator.py
[2024-11-12T08:00:54.266+0000] {processor.py:743} INFO - Processing file /home/airflow/.local/lib/python3.7/site-packages/airflow/example_dags/example_branch_day_of_week_operator.py for tasks to queue
[2024-11-12T08:00:54.267+0000] {logging_mixin.py:137} INFO - [2024-11-12T08:00:54.267+0000] {dagbag.py:538} INFO - Filling up the DagBag from /home/airflow/.local/lib/python3.7/site-packages/airflow/example_dags/example_branch_day_of_week_operator.py
[2024-11-12T08:00:54.283+0000] {processor.py:753} INFO - DAG(s) dict_keys(['example_weekday_branch_operator']) retrieved from /home/airflow/.local/lib/python3.7/site-packages/airflow/example_dags/example_branch_day_of_week_operator.py
[2024-11-12T08:00:54.312+0000] {logging_mixin.py:137} INFO - [2024-11-12T08:00:54.311+0000] {dag.py:2690} INFO - Sync 1 DAGs
[2024-11-12T08:00:54.341+0000] {logging_mixin.py:137} INFO - [2024-11-12T08:00:54.341+0000] {dag.py:3441} INFO - Setting next_dagrun for example_weekday_branch_operator to 2024-11-11T00:00:00+00:00, run_after=2024-11-12T00:00:00+00:00
[2024-11-12T08:00:54.368+0000] {processor.py:175} INFO - Processing /home/airflow/.local/lib/python3.7/site-packages/airflow/example_dags/example_branch_day_of_week_operator.py took 0.108 seconds
[2024-11-12T08:01:25.199+0000] {processor.py:153} INFO - Started process (PID=1096) to work on /home/airflow/.local/lib/python3.7/site-packages/airflow/example_dags/example_branch_day_of_week_operator.py
[2024-11-12T08:01:25.200+0000] {processor.py:743} INFO - Processing file /home/airflow/.local/lib/python3.7/site-packages/airflow/example_dags/example_branch_day_of_week_operator.py for tasks to queue
[2024-11-12T08:01:25.201+0000] {logging_mixin.py:137} INFO - [2024-11-12T08:01:25.201+0000] {dagbag.py:538} INFO - Filling up the DagBag from /home/airflow/.local/lib/python3.7/site-packages/airflow/example_dags/example_branch_day_of_week_operator.py
[2024-11-12T08:01:25.218+0000] {processor.py:753} INFO - DAG(s) dict_keys(['example_weekday_branch_operator']) retrieved from /home/airflow/.local/lib/python3.7/site-packages/airflow/example_dags/example_branch_day_of_week_operator.py
[2024-11-12T08:01:25.248+0000] {logging_mixin.py:137} INFO - [2024-11-12T08:01:25.248+0000] {dag.py:2690} INFO - Sync 1 DAGs
[2024-11-12T08:01:25.281+0000] {logging_mixin.py:137} INFO - [2024-11-12T08:01:25.281+0000] {dag.py:3441} INFO - Setting next_dagrun for example_weekday_branch_operator to 2024-11-11T00:00:00+00:00, run_after=2024-11-12T00:00:00+00:00
[2024-11-12T08:01:25.307+0000] {processor.py:175} INFO - Processing /home/airflow/.local/lib/python3.7/site-packages/airflow/example_dags/example_branch_day_of_week_operator.py took 0.112 seconds
[2024-11-12T08:02:38.371+0000] {processor.py:153} INFO - Started process (PID=57) to work on /home/airflow/.local/lib/python3.7/site-packages/airflow/example_dags/example_branch_day_of_week_operator.py
[2024-11-12T08:02:38.372+0000] {processor.py:743} INFO - Processing file /home/airflow/.local/lib/python3.7/site-packages/airflow/example_dags/example_branch_day_of_week_operator.py for tasks to queue
[2024-11-12T08:02:38.373+0000] {logging_mixin.py:137} INFO - [2024-11-12T08:02:38.373+0000] {dagbag.py:538} INFO - Filling up the DagBag from /home/airflow/.local/lib/python3.7/site-packages/airflow/example_dags/example_branch_day_of_week_operator.py
[2024-11-12T08:02:38.390+0000] {processor.py:753} INFO - DAG(s) dict_keys(['example_weekday_branch_operator']) retrieved from /home/airflow/.local/lib/python3.7/site-packages/airflow/example_dags/example_branch_day_of_week_operator.py
[2024-11-12T08:02:38.409+0000] {logging_mixin.py:137} INFO - [2024-11-12T08:02:38.409+0000] {dag.py:2690} INFO - Sync 1 DAGs
[2024-11-12T08:02:38.451+0000] {logging_mixin.py:137} INFO - [2024-11-12T08:02:38.451+0000] {dag.py:3441} INFO - Setting next_dagrun for example_weekday_branch_operator to 2024-11-11T00:00:00+00:00, run_after=2024-11-12T00:00:00+00:00
[2024-11-12T08:02:38.487+0000] {processor.py:175} INFO - Processing /home/airflow/.local/lib/python3.7/site-packages/airflow/example_dags/example_branch_day_of_week_operator.py took 0.120 seconds
[2024-11-12T08:03:09.386+0000] {processor.py:153} INFO - Started process (PID=144) to work on /home/airflow/.local/lib/python3.7/site-packages/airflow/example_dags/example_branch_day_of_week_operator.py
[2024-11-12T08:03:09.387+0000] {processor.py:743} INFO - Processing file /home/airflow/.local/lib/python3.7/site-packages/airflow/example_dags/example_branch_day_of_week_operator.py for tasks to queue
[2024-11-12T08:03:09.388+0000] {logging_mixin.py:137} INFO - [2024-11-12T08:03:09.388+0000] {dagbag.py:538} INFO - Filling up the DagBag from /home/airflow/.local/lib/python3.7/site-packages/airflow/example_dags/example_branch_day_of_week_operator.py
[2024-11-12T08:03:09.413+0000] {processor.py:753} INFO - DAG(s) dict_keys(['example_weekday_branch_operator']) retrieved from /home/airflow/.local/lib/python3.7/site-packages/airflow/example_dags/example_branch_day_of_week_operator.py
[2024-11-12T08:03:09.452+0000] {logging_mixin.py:137} INFO - [2024-11-12T08:03:09.452+0000] {dag.py:2690} INFO - Sync 1 DAGs
[2024-11-12T08:03:09.491+0000] {logging_mixin.py:137} INFO - [2024-11-12T08:03:09.491+0000] {dag.py:3441} INFO - Setting next_dagrun for example_weekday_branch_operator to 2024-11-11T00:00:00+00:00, run_after=2024-11-12T00:00:00+00:00
[2024-11-12T08:03:09.524+0000] {processor.py:175} INFO - Processing /home/airflow/.local/lib/python3.7/site-packages/airflow/example_dags/example_branch_day_of_week_operator.py took 0.143 seconds
[2024-11-12T08:03:39.974+0000] {processor.py:153} INFO - Started process (PID=215) to work on /home/airflow/.local/lib/python3.7/site-packages/airflow/example_dags/example_branch_day_of_week_operator.py
[2024-11-12T08:03:39.975+0000] {processor.py:743} INFO - Processing file /home/airflow/.local/lib/python3.7/site-packages/airflow/example_dags/example_branch_day_of_week_operator.py for tasks to queue
[2024-11-12T08:03:39.976+0000] {logging_mixin.py:137} INFO - [2024-11-12T08:03:39.976+0000] {dagbag.py:538} INFO - Filling up the DagBag from /home/airflow/.local/lib/python3.7/site-packages/airflow/example_dags/example_branch_day_of_week_operator.py
[2024-11-12T08:03:39.989+0000] {processor.py:753} INFO - DAG(s) dict_keys(['example_weekday_branch_operator']) retrieved from /home/airflow/.local/lib/python3.7/site-packages/airflow/example_dags/example_branch_day_of_week_operator.py
[2024-11-12T08:03:40.016+0000] {logging_mixin.py:137} INFO - [2024-11-12T08:03:40.016+0000] {dag.py:2690} INFO - Sync 1 DAGs
[2024-11-12T08:03:40.043+0000] {logging_mixin.py:137} INFO - [2024-11-12T08:03:40.043+0000] {dag.py:3441} INFO - Setting next_dagrun for example_weekday_branch_operator to 2024-11-11T00:00:00+00:00, run_after=2024-11-12T00:00:00+00:00
[2024-11-12T08:03:40.070+0000] {processor.py:175} INFO - Processing /home/airflow/.local/lib/python3.7/site-packages/airflow/example_dags/example_branch_day_of_week_operator.py took 0.100 seconds
[2024-11-12T08:04:10.567+0000] {processor.py:153} INFO - Started process (PID=302) to work on /home/airflow/.local/lib/python3.7/site-packages/airflow/example_dags/example_branch_day_of_week_operator.py
[2024-11-12T08:04:10.569+0000] {processor.py:743} INFO - Processing file /home/airflow/.local/lib/python3.7/site-packages/airflow/example_dags/example_branch_day_of_week_operator.py for tasks to queue
[2024-11-12T08:04:10.571+0000] {logging_mixin.py:137} INFO - [2024-11-12T08:04:10.571+0000] {dagbag.py:538} INFO - Filling up the DagBag from /home/airflow/.local/lib/python3.7/site-packages/airflow/example_dags/example_branch_day_of_week_operator.py
[2024-11-12T08:04:10.591+0000] {processor.py:753} INFO - DAG(s) dict_keys(['example_weekday_branch_operator']) retrieved from /home/airflow/.local/lib/python3.7/site-packages/airflow/example_dags/example_branch_day_of_week_operator.py
[2024-11-12T08:04:10.617+0000] {logging_mixin.py:137} INFO - [2024-11-12T08:04:10.617+0000] {dag.py:2690} INFO - Sync 1 DAGs
[2024-11-12T08:04:10.643+0000] {logging_mixin.py:137} INFO - [2024-11-12T08:04:10.642+0000] {dag.py:3441} INFO - Setting next_dagrun for example_weekday_branch_operator to 2024-11-11T00:00:00+00:00, run_after=2024-11-12T00:00:00+00:00
[2024-11-12T08:04:10.667+0000] {processor.py:175} INFO - Processing /home/airflow/.local/lib/python3.7/site-packages/airflow/example_dags/example_branch_day_of_week_operator.py took 0.104 seconds
[2024-11-12T08:04:41.465+0000] {processor.py:153} INFO - Started process (PID=373) to work on /home/airflow/.local/lib/python3.7/site-packages/airflow/example_dags/example_branch_day_of_week_operator.py
[2024-11-12T08:04:41.467+0000] {processor.py:743} INFO - Processing file /home/airflow/.local/lib/python3.7/site-packages/airflow/example_dags/example_branch_day_of_week_operator.py for tasks to queue
[2024-11-12T08:04:41.468+0000] {logging_mixin.py:137} INFO - [2024-11-12T08:04:41.468+0000] {dagbag.py:538} INFO - Filling up the DagBag from /home/airflow/.local/lib/python3.7/site-packages/airflow/example_dags/example_branch_day_of_week_operator.py
[2024-11-12T08:04:41.487+0000] {processor.py:753} INFO - DAG(s) dict_keys(['example_weekday_branch_operator']) retrieved from /home/airflow/.local/lib/python3.7/site-packages/airflow/example_dags/example_branch_day_of_week_operator.py
[2024-11-12T08:04:41.516+0000] {logging_mixin.py:137} INFO - [2024-11-12T08:04:41.516+0000] {dag.py:2690} INFO - Sync 1 DAGs
[2024-11-12T08:04:41.548+0000] {logging_mixin.py:137} INFO - [2024-11-12T08:04:41.548+0000] {dag.py:3441} INFO - Setting next_dagrun for example_weekday_branch_operator to 2024-11-11T00:00:00+00:00, run_after=2024-11-12T00:00:00+00:00
[2024-11-12T08:04:41.573+0000] {processor.py:175} INFO - Processing /home/airflow/.local/lib/python3.7/site-packages/airflow/example_dags/example_branch_day_of_week_operator.py took 0.112 seconds
[2024-11-12T08:05:11.873+0000] {processor.py:153} INFO - Started process (PID=460) to work on /home/airflow/.local/lib/python3.7/site-packages/airflow/example_dags/example_branch_day_of_week_operator.py
[2024-11-12T08:05:11.874+0000] {processor.py:743} INFO - Processing file /home/airflow/.local/lib/python3.7/site-packages/airflow/example_dags/example_branch_day_of_week_operator.py for tasks to queue
[2024-11-12T08:05:11.875+0000] {logging_mixin.py:137} INFO - [2024-11-12T08:05:11.875+0000] {dagbag.py:538} INFO - Filling up the DagBag from /home/airflow/.local/lib/python3.7/site-packages/airflow/example_dags/example_branch_day_of_week_operator.py
[2024-11-12T08:05:11.894+0000] {processor.py:753} INFO - DAG(s) dict_keys(['example_weekday_branch_operator']) retrieved from /home/airflow/.local/lib/python3.7/site-packages/airflow/example_dags/example_branch_day_of_week_operator.py
[2024-11-12T08:05:11.922+0000] {logging_mixin.py:137} INFO - [2024-11-12T08:05:11.921+0000] {dag.py:2690} INFO - Sync 1 DAGs
[2024-11-12T08:05:11.949+0000] {logging_mixin.py:137} INFO - [2024-11-12T08:05:11.949+0000] {dag.py:3441} INFO - Setting next_dagrun for example_weekday_branch_operator to 2024-11-11T00:00:00+00:00, run_after=2024-11-12T00:00:00+00:00
[2024-11-12T08:05:11.973+0000] {processor.py:175} INFO - Processing /home/airflow/.local/lib/python3.7/site-packages/airflow/example_dags/example_branch_day_of_week_operator.py took 0.103 seconds
[2024-11-12T08:05:42.684+0000] {processor.py:153} INFO - Started process (PID=531) to work on /home/airflow/.local/lib/python3.7/site-packages/airflow/example_dags/example_branch_day_of_week_operator.py
[2024-11-12T08:05:42.685+0000] {processor.py:743} INFO - Processing file /home/airflow/.local/lib/python3.7/site-packages/airflow/example_dags/example_branch_day_of_week_operator.py for tasks to queue
[2024-11-12T08:05:42.685+0000] {logging_mixin.py:137} INFO - [2024-11-12T08:05:42.685+0000] {dagbag.py:538} INFO - Filling up the DagBag from /home/airflow/.local/lib/python3.7/site-packages/airflow/example_dags/example_branch_day_of_week_operator.py
[2024-11-12T08:05:42.701+0000] {processor.py:753} INFO - DAG(s) dict_keys(['example_weekday_branch_operator']) retrieved from /home/airflow/.local/lib/python3.7/site-packages/airflow/example_dags/example_branch_day_of_week_operator.py
[2024-11-12T08:05:42.728+0000] {logging_mixin.py:137} INFO - [2024-11-12T08:05:42.728+0000] {dag.py:2690} INFO - Sync 1 DAGs
[2024-11-12T08:05:42.755+0000] {logging_mixin.py:137} INFO - [2024-11-12T08:05:42.755+0000] {dag.py:3441} INFO - Setting next_dagrun for example_weekday_branch_operator to 2024-11-11T00:00:00+00:00, run_after=2024-11-12T00:00:00+00:00
[2024-11-12T08:05:42.781+0000] {processor.py:175} INFO - Processing /home/airflow/.local/lib/python3.7/site-packages/airflow/example_dags/example_branch_day_of_week_operator.py took 0.101 seconds
[2024-11-12T08:06:14.177+0000] {processor.py:153} INFO - Started process (PID=618) to work on /home/airflow/.local/lib/python3.7/site-packages/airflow/example_dags/example_branch_day_of_week_operator.py
[2024-11-12T08:06:14.179+0000] {processor.py:743} INFO - Processing file /home/airflow/.local/lib/python3.7/site-packages/airflow/example_dags/example_branch_day_of_week_operator.py for tasks to queue
[2024-11-12T08:06:14.182+0000] {logging_mixin.py:137} INFO - [2024-11-12T08:06:14.182+0000] {dagbag.py:538} INFO - Filling up the DagBag from /home/airflow/.local/lib/python3.7/site-packages/airflow/example_dags/example_branch_day_of_week_operator.py
[2024-11-12T08:06:14.208+0000] {processor.py:753} INFO - DAG(s) dict_keys(['example_weekday_branch_operator']) retrieved from /home/airflow/.local/lib/python3.7/site-packages/airflow/example_dags/example_branch_day_of_week_operator.py
[2024-11-12T08:06:14.249+0000] {logging_mixin.py:137} INFO - [2024-11-12T08:06:14.249+0000] {dag.py:2690} INFO - Sync 1 DAGs
[2024-11-12T08:06:14.287+0000] {logging_mixin.py:137} INFO - [2024-11-12T08:06:14.287+0000] {dag.py:3441} INFO - Setting next_dagrun for example_weekday_branch_operator to 2024-11-11T00:00:00+00:00, run_after=2024-11-12T00:00:00+00:00
[2024-11-12T08:06:14.317+0000] {processor.py:175} INFO - Processing /home/airflow/.local/lib/python3.7/site-packages/airflow/example_dags/example_branch_day_of_week_operator.py took 0.143 seconds
