[2024-11-12T07:54:47.897+0000] {processor.py:153} INFO - Started process (PID=76) to work on /home/airflow/.local/lib/python3.7/site-packages/airflow/example_dags/example_task_group.py
[2024-11-12T07:54:47.898+0000] {processor.py:743} INFO - Processing file /home/airflow/.local/lib/python3.7/site-packages/airflow/example_dags/example_task_group.py for tasks to queue
[2024-11-12T07:54:47.900+0000] {logging_mixin.py:137} INFO - [2024-11-12T07:54:47.899+0000] {dagbag.py:538} INFO - Filling up the DagBag from /home/airflow/.local/lib/python3.7/site-packages/airflow/example_dags/example_task_group.py
[2024-11-12T07:54:47.934+0000] {processor.py:753} INFO - DAG(s) dict_keys(['example_task_group']) retrieved from /home/airflow/.local/lib/python3.7/site-packages/airflow/example_dags/example_task_group.py
[2024-11-12T07:54:47.958+0000] {logging_mixin.py:137} INFO - [2024-11-12T07:54:47.957+0000] {dag.py:2690} INFO - Sync 1 DAGs
[2024-11-12T07:54:48.005+0000] {logging_mixin.py:137} INFO - [2024-11-12T07:54:48.005+0000] {dag.py:3441} INFO - Setting next_dagrun for example_task_group to 2024-11-11T07:54:48.004945+00:00, run_after=2024-11-12T07:54:48.004945+00:00
[2024-11-12T07:54:48.040+0000] {processor.py:175} INFO - Processing /home/airflow/.local/lib/python3.7/site-packages/airflow/example_dags/example_task_group.py took 0.147 seconds
[2024-11-12T07:55:18.385+0000] {processor.py:153} INFO - Started process (PID=147) to work on /home/airflow/.local/lib/python3.7/site-packages/airflow/example_dags/example_task_group.py
[2024-11-12T07:55:18.387+0000] {processor.py:743} INFO - Processing file /home/airflow/.local/lib/python3.7/site-packages/airflow/example_dags/example_task_group.py for tasks to queue
[2024-11-12T07:55:18.387+0000] {logging_mixin.py:137} INFO - [2024-11-12T07:55:18.387+0000] {dagbag.py:538} INFO - Filling up the DagBag from /home/airflow/.local/lib/python3.7/site-packages/airflow/example_dags/example_task_group.py
[2024-11-12T07:55:18.404+0000] {processor.py:753} INFO - DAG(s) dict_keys(['example_task_group']) retrieved from /home/airflow/.local/lib/python3.7/site-packages/airflow/example_dags/example_task_group.py
[2024-11-12T07:55:18.429+0000] {logging_mixin.py:137} INFO - [2024-11-12T07:55:18.428+0000] {dag.py:2690} INFO - Sync 1 DAGs
[2024-11-12T07:55:18.451+0000] {logging_mixin.py:137} INFO - [2024-11-12T07:55:18.451+0000] {dag.py:3441} INFO - Setting next_dagrun for example_task_group to 2024-11-11T07:55:18.451540+00:00, run_after=2024-11-12T07:55:18.451540+00:00
[2024-11-12T07:55:18.476+0000] {processor.py:175} INFO - Processing /home/airflow/.local/lib/python3.7/site-packages/airflow/example_dags/example_task_group.py took 0.094 seconds
[2024-11-12T07:55:49.335+0000] {processor.py:153} INFO - Started process (PID=234) to work on /home/airflow/.local/lib/python3.7/site-packages/airflow/example_dags/example_task_group.py
[2024-11-12T07:55:49.337+0000] {processor.py:743} INFO - Processing file /home/airflow/.local/lib/python3.7/site-packages/airflow/example_dags/example_task_group.py for tasks to queue
[2024-11-12T07:55:49.338+0000] {logging_mixin.py:137} INFO - [2024-11-12T07:55:49.338+0000] {dagbag.py:538} INFO - Filling up the DagBag from /home/airflow/.local/lib/python3.7/site-packages/airflow/example_dags/example_task_group.py
[2024-11-12T07:55:49.357+0000] {processor.py:753} INFO - DAG(s) dict_keys(['example_task_group']) retrieved from /home/airflow/.local/lib/python3.7/site-packages/airflow/example_dags/example_task_group.py
[2024-11-12T07:55:49.393+0000] {logging_mixin.py:137} INFO - [2024-11-12T07:55:49.393+0000] {dag.py:2690} INFO - Sync 1 DAGs
[2024-11-12T07:55:49.432+0000] {logging_mixin.py:137} INFO - [2024-11-12T07:55:49.432+0000] {dag.py:3441} INFO - Setting next_dagrun for example_task_group to 2024-11-11T07:55:49.431777+00:00, run_after=2024-11-12T07:55:49.431777+00:00
[2024-11-12T07:55:49.459+0000] {processor.py:175} INFO - Processing /home/airflow/.local/lib/python3.7/site-packages/airflow/example_dags/example_task_group.py took 0.128 seconds
[2024-11-12T07:56:19.598+0000] {processor.py:153} INFO - Started process (PID=305) to work on /home/airflow/.local/lib/python3.7/site-packages/airflow/example_dags/example_task_group.py
[2024-11-12T07:56:19.599+0000] {processor.py:743} INFO - Processing file /home/airflow/.local/lib/python3.7/site-packages/airflow/example_dags/example_task_group.py for tasks to queue
[2024-11-12T07:56:19.600+0000] {logging_mixin.py:137} INFO - [2024-11-12T07:56:19.600+0000] {dagbag.py:538} INFO - Filling up the DagBag from /home/airflow/.local/lib/python3.7/site-packages/airflow/example_dags/example_task_group.py
[2024-11-12T07:56:19.620+0000] {processor.py:753} INFO - DAG(s) dict_keys(['example_task_group']) retrieved from /home/airflow/.local/lib/python3.7/site-packages/airflow/example_dags/example_task_group.py
[2024-11-12T07:56:19.651+0000] {logging_mixin.py:137} INFO - [2024-11-12T07:56:19.651+0000] {dag.py:2690} INFO - Sync 1 DAGs
[2024-11-12T07:56:19.678+0000] {logging_mixin.py:137} INFO - [2024-11-12T07:56:19.677+0000] {dag.py:3441} INFO - Setting next_dagrun for example_task_group to 2024-11-11T07:56:19.677591+00:00, run_after=2024-11-12T07:56:19.677591+00:00
[2024-11-12T07:56:19.700+0000] {processor.py:175} INFO - Processing /home/airflow/.local/lib/python3.7/site-packages/airflow/example_dags/example_task_group.py took 0.109 seconds
[2024-11-12T07:56:50.149+0000] {processor.py:153} INFO - Started process (PID=376) to work on /home/airflow/.local/lib/python3.7/site-packages/airflow/example_dags/example_task_group.py
[2024-11-12T07:56:50.151+0000] {processor.py:743} INFO - Processing file /home/airflow/.local/lib/python3.7/site-packages/airflow/example_dags/example_task_group.py for tasks to queue
[2024-11-12T07:56:50.151+0000] {logging_mixin.py:137} INFO - [2024-11-12T07:56:50.151+0000] {dagbag.py:538} INFO - Filling up the DagBag from /home/airflow/.local/lib/python3.7/site-packages/airflow/example_dags/example_task_group.py
[2024-11-12T07:56:50.170+0000] {processor.py:753} INFO - DAG(s) dict_keys(['example_task_group']) retrieved from /home/airflow/.local/lib/python3.7/site-packages/airflow/example_dags/example_task_group.py
[2024-11-12T07:56:50.202+0000] {logging_mixin.py:137} INFO - [2024-11-12T07:56:50.202+0000] {dag.py:2690} INFO - Sync 1 DAGs
[2024-11-12T07:56:50.229+0000] {logging_mixin.py:137} INFO - [2024-11-12T07:56:50.229+0000] {dag.py:3441} INFO - Setting next_dagrun for example_task_group to 2024-11-11T07:56:50.229261+00:00, run_after=2024-11-12T07:56:50.229261+00:00
[2024-11-12T07:56:50.251+0000] {processor.py:175} INFO - Processing /home/airflow/.local/lib/python3.7/site-packages/airflow/example_dags/example_task_group.py took 0.105 seconds
[2024-11-12T07:57:20.364+0000] {processor.py:153} INFO - Started process (PID=463) to work on /home/airflow/.local/lib/python3.7/site-packages/airflow/example_dags/example_task_group.py
[2024-11-12T07:57:20.365+0000] {processor.py:743} INFO - Processing file /home/airflow/.local/lib/python3.7/site-packages/airflow/example_dags/example_task_group.py for tasks to queue
[2024-11-12T07:57:20.365+0000] {logging_mixin.py:137} INFO - [2024-11-12T07:57:20.365+0000] {dagbag.py:538} INFO - Filling up the DagBag from /home/airflow/.local/lib/python3.7/site-packages/airflow/example_dags/example_task_group.py
[2024-11-12T07:57:20.380+0000] {processor.py:753} INFO - DAG(s) dict_keys(['example_task_group']) retrieved from /home/airflow/.local/lib/python3.7/site-packages/airflow/example_dags/example_task_group.py
[2024-11-12T07:57:20.404+0000] {logging_mixin.py:137} INFO - [2024-11-12T07:57:20.404+0000] {dag.py:2690} INFO - Sync 1 DAGs
[2024-11-12T07:57:20.429+0000] {logging_mixin.py:137} INFO - [2024-11-12T07:57:20.429+0000] {dag.py:3441} INFO - Setting next_dagrun for example_task_group to 2024-11-11T07:57:20.429169+00:00, run_after=2024-11-12T07:57:20.429169+00:00
[2024-11-12T07:57:20.450+0000] {processor.py:175} INFO - Processing /home/airflow/.local/lib/python3.7/site-packages/airflow/example_dags/example_task_group.py took 0.090 seconds
[2024-11-12T07:57:51.464+0000] {processor.py:153} INFO - Started process (PID=534) to work on /home/airflow/.local/lib/python3.7/site-packages/airflow/example_dags/example_task_group.py
[2024-11-12T07:57:51.465+0000] {processor.py:743} INFO - Processing file /home/airflow/.local/lib/python3.7/site-packages/airflow/example_dags/example_task_group.py for tasks to queue
[2024-11-12T07:57:51.466+0000] {logging_mixin.py:137} INFO - [2024-11-12T07:57:51.466+0000] {dagbag.py:538} INFO - Filling up the DagBag from /home/airflow/.local/lib/python3.7/site-packages/airflow/example_dags/example_task_group.py
[2024-11-12T07:57:51.481+0000] {processor.py:753} INFO - DAG(s) dict_keys(['example_task_group']) retrieved from /home/airflow/.local/lib/python3.7/site-packages/airflow/example_dags/example_task_group.py
[2024-11-12T07:57:51.511+0000] {logging_mixin.py:137} INFO - [2024-11-12T07:57:51.511+0000] {dag.py:2690} INFO - Sync 1 DAGs
[2024-11-12T07:57:51.540+0000] {logging_mixin.py:137} INFO - [2024-11-12T07:57:51.539+0000] {dag.py:3441} INFO - Setting next_dagrun for example_task_group to 2024-11-11T07:57:51.539631+00:00, run_after=2024-11-12T07:57:51.539631+00:00
[2024-11-12T07:57:51.562+0000] {processor.py:175} INFO - Processing /home/airflow/.local/lib/python3.7/site-packages/airflow/example_dags/example_task_group.py took 0.102 seconds
[2024-11-12T07:58:21.972+0000] {processor.py:153} INFO - Started process (PID=621) to work on /home/airflow/.local/lib/python3.7/site-packages/airflow/example_dags/example_task_group.py
[2024-11-12T07:58:21.974+0000] {processor.py:743} INFO - Processing file /home/airflow/.local/lib/python3.7/site-packages/airflow/example_dags/example_task_group.py for tasks to queue
[2024-11-12T07:58:21.975+0000] {logging_mixin.py:137} INFO - [2024-11-12T07:58:21.975+0000] {dagbag.py:538} INFO - Filling up the DagBag from /home/airflow/.local/lib/python3.7/site-packages/airflow/example_dags/example_task_group.py
[2024-11-12T07:58:21.991+0000] {processor.py:753} INFO - DAG(s) dict_keys(['example_task_group']) retrieved from /home/airflow/.local/lib/python3.7/site-packages/airflow/example_dags/example_task_group.py
[2024-11-12T07:58:22.018+0000] {logging_mixin.py:137} INFO - [2024-11-12T07:58:22.018+0000] {dag.py:2690} INFO - Sync 1 DAGs
[2024-11-12T07:58:22.044+0000] {logging_mixin.py:137} INFO - [2024-11-12T07:58:22.044+0000] {dag.py:3441} INFO - Setting next_dagrun for example_task_group to 2024-11-11T07:58:22.044243+00:00, run_after=2024-11-12T07:58:22.044243+00:00
[2024-11-12T07:58:22.066+0000] {processor.py:175} INFO - Processing /home/airflow/.local/lib/python3.7/site-packages/airflow/example_dags/example_task_group.py took 0.097 seconds
[2024-11-12T07:58:52.798+0000] {processor.py:153} INFO - Started process (PID=692) to work on /home/airflow/.local/lib/python3.7/site-packages/airflow/example_dags/example_task_group.py
[2024-11-12T07:58:52.799+0000] {processor.py:743} INFO - Processing file /home/airflow/.local/lib/python3.7/site-packages/airflow/example_dags/example_task_group.py for tasks to queue
[2024-11-12T07:58:52.800+0000] {logging_mixin.py:137} INFO - [2024-11-12T07:58:52.800+0000] {dagbag.py:538} INFO - Filling up the DagBag from /home/airflow/.local/lib/python3.7/site-packages/airflow/example_dags/example_task_group.py
[2024-11-12T07:58:52.828+0000] {processor.py:753} INFO - DAG(s) dict_keys(['example_task_group']) retrieved from /home/airflow/.local/lib/python3.7/site-packages/airflow/example_dags/example_task_group.py
[2024-11-12T07:58:52.861+0000] {logging_mixin.py:137} INFO - [2024-11-12T07:58:52.861+0000] {dag.py:2690} INFO - Sync 1 DAGs
[2024-11-12T07:58:52.909+0000] {logging_mixin.py:137} INFO - [2024-11-12T07:58:52.909+0000] {dag.py:3441} INFO - Setting next_dagrun for example_task_group to 2024-11-11T07:58:52.909134+00:00, run_after=2024-11-12T07:58:52.909134+00:00
[2024-11-12T07:58:52.934+0000] {processor.py:175} INFO - Processing /home/airflow/.local/lib/python3.7/site-packages/airflow/example_dags/example_task_group.py took 0.139 seconds
[2024-11-12T07:59:23.077+0000] {processor.py:153} INFO - Started process (PID=781) to work on /home/airflow/.local/lib/python3.7/site-packages/airflow/example_dags/example_task_group.py
[2024-11-12T07:59:23.079+0000] {processor.py:743} INFO - Processing file /home/airflow/.local/lib/python3.7/site-packages/airflow/example_dags/example_task_group.py for tasks to queue
[2024-11-12T07:59:23.080+0000] {logging_mixin.py:137} INFO - [2024-11-12T07:59:23.080+0000] {dagbag.py:538} INFO - Filling up the DagBag from /home/airflow/.local/lib/python3.7/site-packages/airflow/example_dags/example_task_group.py
[2024-11-12T07:59:23.101+0000] {processor.py:753} INFO - DAG(s) dict_keys(['example_task_group']) retrieved from /home/airflow/.local/lib/python3.7/site-packages/airflow/example_dags/example_task_group.py
[2024-11-12T07:59:23.130+0000] {logging_mixin.py:137} INFO - [2024-11-12T07:59:23.129+0000] {dag.py:2690} INFO - Sync 1 DAGs
[2024-11-12T07:59:23.157+0000] {logging_mixin.py:137} INFO - [2024-11-12T07:59:23.157+0000] {dag.py:3441} INFO - Setting next_dagrun for example_task_group to 2024-11-11T07:59:23.156888+00:00, run_after=2024-11-12T07:59:23.156888+00:00
[2024-11-12T07:59:23.180+0000] {processor.py:175} INFO - Processing /home/airflow/.local/lib/python3.7/site-packages/airflow/example_dags/example_task_group.py took 0.106 seconds
[2024-11-12T07:59:53.252+0000] {processor.py:153} INFO - Started process (PID=852) to work on /home/airflow/.local/lib/python3.7/site-packages/airflow/example_dags/example_task_group.py
[2024-11-12T07:59:53.253+0000] {processor.py:743} INFO - Processing file /home/airflow/.local/lib/python3.7/site-packages/airflow/example_dags/example_task_group.py for tasks to queue
[2024-11-12T07:59:53.254+0000] {logging_mixin.py:137} INFO - [2024-11-12T07:59:53.254+0000] {dagbag.py:538} INFO - Filling up the DagBag from /home/airflow/.local/lib/python3.7/site-packages/airflow/example_dags/example_task_group.py
[2024-11-12T07:59:53.272+0000] {processor.py:753} INFO - DAG(s) dict_keys(['example_task_group']) retrieved from /home/airflow/.local/lib/python3.7/site-packages/airflow/example_dags/example_task_group.py
[2024-11-12T07:59:53.303+0000] {logging_mixin.py:137} INFO - [2024-11-12T07:59:53.303+0000] {dag.py:2690} INFO - Sync 1 DAGs
[2024-11-12T07:59:53.329+0000] {logging_mixin.py:137} INFO - [2024-11-12T07:59:53.329+0000] {dag.py:3441} INFO - Setting next_dagrun for example_task_group to 2024-11-11T07:59:53.328892+00:00, run_after=2024-11-12T07:59:53.328892+00:00
[2024-11-12T07:59:53.358+0000] {processor.py:175} INFO - Processing /home/airflow/.local/lib/python3.7/site-packages/airflow/example_dags/example_task_group.py took 0.111 seconds
[2024-11-12T08:00:23.456+0000] {processor.py:153} INFO - Started process (PID=939) to work on /home/airflow/.local/lib/python3.7/site-packages/airflow/example_dags/example_task_group.py
[2024-11-12T08:00:23.457+0000] {processor.py:743} INFO - Processing file /home/airflow/.local/lib/python3.7/site-packages/airflow/example_dags/example_task_group.py for tasks to queue
[2024-11-12T08:00:23.458+0000] {logging_mixin.py:137} INFO - [2024-11-12T08:00:23.458+0000] {dagbag.py:538} INFO - Filling up the DagBag from /home/airflow/.local/lib/python3.7/site-packages/airflow/example_dags/example_task_group.py
[2024-11-12T08:00:23.473+0000] {processor.py:753} INFO - DAG(s) dict_keys(['example_task_group']) retrieved from /home/airflow/.local/lib/python3.7/site-packages/airflow/example_dags/example_task_group.py
[2024-11-12T08:00:23.500+0000] {logging_mixin.py:137} INFO - [2024-11-12T08:00:23.500+0000] {dag.py:2690} INFO - Sync 1 DAGs
[2024-11-12T08:00:23.523+0000] {logging_mixin.py:137} INFO - [2024-11-12T08:00:23.523+0000] {dag.py:3441} INFO - Setting next_dagrun for example_task_group to 2024-11-11T08:00:23.523044+00:00, run_after=2024-11-12T08:00:23.523044+00:00
[2024-11-12T08:00:23.545+0000] {processor.py:175} INFO - Processing /home/airflow/.local/lib/python3.7/site-packages/airflow/example_dags/example_task_group.py took 0.093 seconds
[2024-11-12T08:00:54.283+0000] {processor.py:153} INFO - Started process (PID=1010) to work on /home/airflow/.local/lib/python3.7/site-packages/airflow/example_dags/example_task_group.py
[2024-11-12T08:00:54.284+0000] {processor.py:743} INFO - Processing file /home/airflow/.local/lib/python3.7/site-packages/airflow/example_dags/example_task_group.py for tasks to queue
[2024-11-12T08:00:54.285+0000] {logging_mixin.py:137} INFO - [2024-11-12T08:00:54.285+0000] {dagbag.py:538} INFO - Filling up the DagBag from /home/airflow/.local/lib/python3.7/site-packages/airflow/example_dags/example_task_group.py
[2024-11-12T08:00:54.302+0000] {processor.py:753} INFO - DAG(s) dict_keys(['example_task_group']) retrieved from /home/airflow/.local/lib/python3.7/site-packages/airflow/example_dags/example_task_group.py
[2024-11-12T08:00:54.331+0000] {logging_mixin.py:137} INFO - [2024-11-12T08:00:54.331+0000] {dag.py:2690} INFO - Sync 1 DAGs
[2024-11-12T08:00:54.357+0000] {logging_mixin.py:137} INFO - [2024-11-12T08:00:54.357+0000] {dag.py:3441} INFO - Setting next_dagrun for example_task_group to 2024-11-11T08:00:54.357416+00:00, run_after=2024-11-12T08:00:54.357416+00:00
[2024-11-12T08:00:54.384+0000] {processor.py:175} INFO - Processing /home/airflow/.local/lib/python3.7/site-packages/airflow/example_dags/example_task_group.py took 0.105 seconds
[2024-11-12T08:01:25.296+0000] {processor.py:153} INFO - Started process (PID=1097) to work on /home/airflow/.local/lib/python3.7/site-packages/airflow/example_dags/example_task_group.py
[2024-11-12T08:01:25.297+0000] {processor.py:743} INFO - Processing file /home/airflow/.local/lib/python3.7/site-packages/airflow/example_dags/example_task_group.py for tasks to queue
[2024-11-12T08:01:25.298+0000] {logging_mixin.py:137} INFO - [2024-11-12T08:01:25.298+0000] {dagbag.py:538} INFO - Filling up the DagBag from /home/airflow/.local/lib/python3.7/site-packages/airflow/example_dags/example_task_group.py
[2024-11-12T08:01:25.320+0000] {processor.py:753} INFO - DAG(s) dict_keys(['example_task_group']) retrieved from /home/airflow/.local/lib/python3.7/site-packages/airflow/example_dags/example_task_group.py
[2024-11-12T08:01:25.350+0000] {logging_mixin.py:137} INFO - [2024-11-12T08:01:25.349+0000] {dag.py:2690} INFO - Sync 1 DAGs
[2024-11-12T08:01:25.384+0000] {logging_mixin.py:137} INFO - [2024-11-12T08:01:25.384+0000] {dag.py:3441} INFO - Setting next_dagrun for example_task_group to 2024-11-11T08:01:25.384361+00:00, run_after=2024-11-12T08:01:25.384361+00:00
[2024-11-12T08:01:25.408+0000] {processor.py:175} INFO - Processing /home/airflow/.local/lib/python3.7/site-packages/airflow/example_dags/example_task_group.py took 0.116 seconds
[2024-11-12T08:02:38.379+0000] {processor.py:153} INFO - Started process (PID=58) to work on /home/airflow/.local/lib/python3.7/site-packages/airflow/example_dags/example_task_group.py
[2024-11-12T08:02:38.380+0000] {processor.py:743} INFO - Processing file /home/airflow/.local/lib/python3.7/site-packages/airflow/example_dags/example_task_group.py for tasks to queue
[2024-11-12T08:02:38.381+0000] {logging_mixin.py:137} INFO - [2024-11-12T08:02:38.381+0000] {dagbag.py:538} INFO - Filling up the DagBag from /home/airflow/.local/lib/python3.7/site-packages/airflow/example_dags/example_task_group.py
[2024-11-12T08:02:38.405+0000] {processor.py:753} INFO - DAG(s) dict_keys(['example_task_group']) retrieved from /home/airflow/.local/lib/python3.7/site-packages/airflow/example_dags/example_task_group.py
[2024-11-12T08:02:38.428+0000] {logging_mixin.py:137} INFO - [2024-11-12T08:02:38.428+0000] {dag.py:2690} INFO - Sync 1 DAGs
[2024-11-12T08:02:38.469+0000] {logging_mixin.py:137} INFO - [2024-11-12T08:02:38.469+0000] {dag.py:3441} INFO - Setting next_dagrun for example_task_group to 2024-11-11T08:02:38.468635+00:00, run_after=2024-11-12T08:02:38.468635+00:00
[2024-11-12T08:02:38.508+0000] {processor.py:175} INFO - Processing /home/airflow/.local/lib/python3.7/site-packages/airflow/example_dags/example_task_group.py took 0.134 seconds
[2024-11-12T08:03:09.478+0000] {processor.py:153} INFO - Started process (PID=145) to work on /home/airflow/.local/lib/python3.7/site-packages/airflow/example_dags/example_task_group.py
[2024-11-12T08:03:09.479+0000] {processor.py:743} INFO - Processing file /home/airflow/.local/lib/python3.7/site-packages/airflow/example_dags/example_task_group.py for tasks to queue
[2024-11-12T08:03:09.480+0000] {logging_mixin.py:137} INFO - [2024-11-12T08:03:09.480+0000] {dagbag.py:538} INFO - Filling up the DagBag from /home/airflow/.local/lib/python3.7/site-packages/airflow/example_dags/example_task_group.py
[2024-11-12T08:03:09.503+0000] {processor.py:753} INFO - DAG(s) dict_keys(['example_task_group']) retrieved from /home/airflow/.local/lib/python3.7/site-packages/airflow/example_dags/example_task_group.py
[2024-11-12T08:03:09.538+0000] {logging_mixin.py:137} INFO - [2024-11-12T08:03:09.538+0000] {dag.py:2690} INFO - Sync 1 DAGs
[2024-11-12T08:03:09.567+0000] {logging_mixin.py:137} INFO - [2024-11-12T08:03:09.567+0000] {dag.py:3441} INFO - Setting next_dagrun for example_task_group to 2024-11-11T08:03:09.567388+00:00, run_after=2024-11-12T08:03:09.567388+00:00
[2024-11-12T08:03:09.594+0000] {processor.py:175} INFO - Processing /home/airflow/.local/lib/python3.7/site-packages/airflow/example_dags/example_task_group.py took 0.121 seconds
[2024-11-12T08:03:40.053+0000] {processor.py:153} INFO - Started process (PID=216) to work on /home/airflow/.local/lib/python3.7/site-packages/airflow/example_dags/example_task_group.py
[2024-11-12T08:03:40.054+0000] {processor.py:743} INFO - Processing file /home/airflow/.local/lib/python3.7/site-packages/airflow/example_dags/example_task_group.py for tasks to queue
[2024-11-12T08:03:40.057+0000] {logging_mixin.py:137} INFO - [2024-11-12T08:03:40.055+0000] {dagbag.py:538} INFO - Filling up the DagBag from /home/airflow/.local/lib/python3.7/site-packages/airflow/example_dags/example_task_group.py
[2024-11-12T08:03:40.073+0000] {processor.py:753} INFO - DAG(s) dict_keys(['example_task_group']) retrieved from /home/airflow/.local/lib/python3.7/site-packages/airflow/example_dags/example_task_group.py
[2024-11-12T08:03:40.100+0000] {logging_mixin.py:137} INFO - [2024-11-12T08:03:40.099+0000] {dag.py:2690} INFO - Sync 1 DAGs
[2024-11-12T08:03:40.127+0000] {logging_mixin.py:137} INFO - [2024-11-12T08:03:40.127+0000] {dag.py:3441} INFO - Setting next_dagrun for example_task_group to 2024-11-11T08:03:40.126819+00:00, run_after=2024-11-12T08:03:40.126819+00:00
[2024-11-12T08:03:40.150+0000] {processor.py:175} INFO - Processing /home/airflow/.local/lib/python3.7/site-packages/airflow/example_dags/example_task_group.py took 0.100 seconds
[2024-11-12T08:04:10.685+0000] {processor.py:153} INFO - Started process (PID=303) to work on /home/airflow/.local/lib/python3.7/site-packages/airflow/example_dags/example_task_group.py
[2024-11-12T08:04:10.686+0000] {processor.py:743} INFO - Processing file /home/airflow/.local/lib/python3.7/site-packages/airflow/example_dags/example_task_group.py for tasks to queue
[2024-11-12T08:04:10.687+0000] {logging_mixin.py:137} INFO - [2024-11-12T08:04:10.687+0000] {dagbag.py:538} INFO - Filling up the DagBag from /home/airflow/.local/lib/python3.7/site-packages/airflow/example_dags/example_task_group.py
[2024-11-12T08:04:10.702+0000] {processor.py:753} INFO - DAG(s) dict_keys(['example_task_group']) retrieved from /home/airflow/.local/lib/python3.7/site-packages/airflow/example_dags/example_task_group.py
[2024-11-12T08:04:10.731+0000] {logging_mixin.py:137} INFO - [2024-11-12T08:04:10.731+0000] {dag.py:2690} INFO - Sync 1 DAGs
[2024-11-12T08:04:10.759+0000] {logging_mixin.py:137} INFO - [2024-11-12T08:04:10.759+0000] {dag.py:3441} INFO - Setting next_dagrun for example_task_group to 2024-11-11T08:04:10.759174+00:00, run_after=2024-11-12T08:04:10.759174+00:00
[2024-11-12T08:04:10.780+0000] {processor.py:175} INFO - Processing /home/airflow/.local/lib/python3.7/site-packages/airflow/example_dags/example_task_group.py took 0.098 seconds
[2024-11-12T08:04:41.590+0000] {processor.py:153} INFO - Started process (PID=374) to work on /home/airflow/.local/lib/python3.7/site-packages/airflow/example_dags/example_task_group.py
[2024-11-12T08:04:41.591+0000] {processor.py:743} INFO - Processing file /home/airflow/.local/lib/python3.7/site-packages/airflow/example_dags/example_task_group.py for tasks to queue
[2024-11-12T08:04:41.592+0000] {logging_mixin.py:137} INFO - [2024-11-12T08:04:41.592+0000] {dagbag.py:538} INFO - Filling up the DagBag from /home/airflow/.local/lib/python3.7/site-packages/airflow/example_dags/example_task_group.py
[2024-11-12T08:04:41.611+0000] {processor.py:753} INFO - DAG(s) dict_keys(['example_task_group']) retrieved from /home/airflow/.local/lib/python3.7/site-packages/airflow/example_dags/example_task_group.py
[2024-11-12T08:04:41.637+0000] {logging_mixin.py:137} INFO - [2024-11-12T08:04:41.637+0000] {dag.py:2690} INFO - Sync 1 DAGs
[2024-11-12T08:04:41.664+0000] {logging_mixin.py:137} INFO - [2024-11-12T08:04:41.664+0000] {dag.py:3441} INFO - Setting next_dagrun for example_task_group to 2024-11-11T08:04:41.664331+00:00, run_after=2024-11-12T08:04:41.664331+00:00
[2024-11-12T08:04:41.687+0000] {processor.py:175} INFO - Processing /home/airflow/.local/lib/python3.7/site-packages/airflow/example_dags/example_task_group.py took 0.100 seconds
[2024-11-12T08:05:11.893+0000] {processor.py:153} INFO - Started process (PID=461) to work on /home/airflow/.local/lib/python3.7/site-packages/airflow/example_dags/example_task_group.py
[2024-11-12T08:05:11.895+0000] {processor.py:743} INFO - Processing file /home/airflow/.local/lib/python3.7/site-packages/airflow/example_dags/example_task_group.py for tasks to queue
[2024-11-12T08:05:11.895+0000] {logging_mixin.py:137} INFO - [2024-11-12T08:05:11.895+0000] {dagbag.py:538} INFO - Filling up the DagBag from /home/airflow/.local/lib/python3.7/site-packages/airflow/example_dags/example_task_group.py
[2024-11-12T08:05:11.911+0000] {processor.py:753} INFO - DAG(s) dict_keys(['example_task_group']) retrieved from /home/airflow/.local/lib/python3.7/site-packages/airflow/example_dags/example_task_group.py
[2024-11-12T08:05:11.941+0000] {logging_mixin.py:137} INFO - [2024-11-12T08:05:11.941+0000] {dag.py:2690} INFO - Sync 1 DAGs
[2024-11-12T08:05:11.966+0000] {logging_mixin.py:137} INFO - [2024-11-12T08:05:11.966+0000] {dag.py:3441} INFO - Setting next_dagrun for example_task_group to 2024-11-11T08:05:11.966353+00:00, run_after=2024-11-12T08:05:11.966353+00:00
[2024-11-12T08:05:11.992+0000] {processor.py:175} INFO - Processing /home/airflow/.local/lib/python3.7/site-packages/airflow/example_dags/example_task_group.py took 0.102 seconds
[2024-11-12T08:05:42.689+0000] {processor.py:153} INFO - Started process (PID=532) to work on /home/airflow/.local/lib/python3.7/site-packages/airflow/example_dags/example_task_group.py
[2024-11-12T08:05:42.690+0000] {processor.py:743} INFO - Processing file /home/airflow/.local/lib/python3.7/site-packages/airflow/example_dags/example_task_group.py for tasks to queue
[2024-11-12T08:05:42.690+0000] {logging_mixin.py:137} INFO - [2024-11-12T08:05:42.690+0000] {dagbag.py:538} INFO - Filling up the DagBag from /home/airflow/.local/lib/python3.7/site-packages/airflow/example_dags/example_task_group.py
[2024-11-12T08:05:42.710+0000] {processor.py:753} INFO - DAG(s) dict_keys(['example_task_group']) retrieved from /home/airflow/.local/lib/python3.7/site-packages/airflow/example_dags/example_task_group.py
[2024-11-12T08:05:42.738+0000] {logging_mixin.py:137} INFO - [2024-11-12T08:05:42.738+0000] {dag.py:2690} INFO - Sync 1 DAGs
[2024-11-12T08:05:42.763+0000] {logging_mixin.py:137} INFO - [2024-11-12T08:05:42.763+0000] {dag.py:3441} INFO - Setting next_dagrun for example_task_group to 2024-11-11T08:05:42.762815+00:00, run_after=2024-11-12T08:05:42.762815+00:00
[2024-11-12T08:05:42.789+0000] {processor.py:175} INFO - Processing /home/airflow/.local/lib/python3.7/site-packages/airflow/example_dags/example_task_group.py took 0.104 seconds
[2024-11-12T08:06:14.314+0000] {processor.py:153} INFO - Started process (PID=619) to work on /home/airflow/.local/lib/python3.7/site-packages/airflow/example_dags/example_task_group.py
[2024-11-12T08:06:14.316+0000] {processor.py:743} INFO - Processing file /home/airflow/.local/lib/python3.7/site-packages/airflow/example_dags/example_task_group.py for tasks to queue
[2024-11-12T08:06:14.317+0000] {logging_mixin.py:137} INFO - [2024-11-12T08:06:14.317+0000] {dagbag.py:538} INFO - Filling up the DagBag from /home/airflow/.local/lib/python3.7/site-packages/airflow/example_dags/example_task_group.py
[2024-11-12T08:06:14.343+0000] {processor.py:753} INFO - DAG(s) dict_keys(['example_task_group']) retrieved from /home/airflow/.local/lib/python3.7/site-packages/airflow/example_dags/example_task_group.py
[2024-11-12T08:06:14.379+0000] {logging_mixin.py:137} INFO - [2024-11-12T08:06:14.378+0000] {dag.py:2690} INFO - Sync 1 DAGs
[2024-11-12T08:06:14.411+0000] {logging_mixin.py:137} INFO - [2024-11-12T08:06:14.410+0000] {dag.py:3441} INFO - Setting next_dagrun for example_task_group to 2024-11-11T08:06:14.410189+00:00, run_after=2024-11-12T08:06:14.410189+00:00
[2024-11-12T08:06:14.440+0000] {processor.py:175} INFO - Processing /home/airflow/.local/lib/python3.7/site-packages/airflow/example_dags/example_task_group.py took 0.131 seconds
[2024-11-12T08:06:45.055+0000] {processor.py:153} INFO - Started process (PID=690) to work on /home/airflow/.local/lib/python3.7/site-packages/airflow/example_dags/example_task_group.py
[2024-11-12T08:06:45.056+0000] {processor.py:743} INFO - Processing file /home/airflow/.local/lib/python3.7/site-packages/airflow/example_dags/example_task_group.py for tasks to queue
[2024-11-12T08:06:45.057+0000] {logging_mixin.py:137} INFO - [2024-11-12T08:06:45.057+0000] {dagbag.py:538} INFO - Filling up the DagBag from /home/airflow/.local/lib/python3.7/site-packages/airflow/example_dags/example_task_group.py
[2024-11-12T08:06:45.071+0000] {processor.py:753} INFO - DAG(s) dict_keys(['example_task_group']) retrieved from /home/airflow/.local/lib/python3.7/site-packages/airflow/example_dags/example_task_group.py
[2024-11-12T08:06:45.097+0000] {logging_mixin.py:137} INFO - [2024-11-12T08:06:45.097+0000] {dag.py:2690} INFO - Sync 1 DAGs
[2024-11-12T08:06:45.120+0000] {logging_mixin.py:137} INFO - [2024-11-12T08:06:45.120+0000] {dag.py:3441} INFO - Setting next_dagrun for example_task_group to 2024-11-11T08:06:45.120036+00:00, run_after=2024-11-12T08:06:45.120036+00:00
[2024-11-12T08:06:45.143+0000] {processor.py:175} INFO - Processing /home/airflow/.local/lib/python3.7/site-packages/airflow/example_dags/example_task_group.py took 0.091 seconds
[2024-11-12T08:07:15.496+0000] {processor.py:153} INFO - Started process (PID=777) to work on /home/airflow/.local/lib/python3.7/site-packages/airflow/example_dags/example_task_group.py
[2024-11-12T08:07:15.498+0000] {processor.py:743} INFO - Processing file /home/airflow/.local/lib/python3.7/site-packages/airflow/example_dags/example_task_group.py for tasks to queue
[2024-11-12T08:07:15.498+0000] {logging_mixin.py:137} INFO - [2024-11-12T08:07:15.498+0000] {dagbag.py:538} INFO - Filling up the DagBag from /home/airflow/.local/lib/python3.7/site-packages/airflow/example_dags/example_task_group.py
[2024-11-12T08:07:15.517+0000] {processor.py:753} INFO - DAG(s) dict_keys(['example_task_group']) retrieved from /home/airflow/.local/lib/python3.7/site-packages/airflow/example_dags/example_task_group.py
[2024-11-12T08:07:15.556+0000] {logging_mixin.py:137} INFO - [2024-11-12T08:07:15.556+0000] {dag.py:2690} INFO - Sync 1 DAGs
[2024-11-12T08:07:15.590+0000] {logging_mixin.py:137} INFO - [2024-11-12T08:07:15.589+0000] {dag.py:3441} INFO - Setting next_dagrun for example_task_group to 2024-11-11T08:07:15.589562+00:00, run_after=2024-11-12T08:07:15.589562+00:00
[2024-11-12T08:07:15.619+0000] {processor.py:175} INFO - Processing /home/airflow/.local/lib/python3.7/site-packages/airflow/example_dags/example_task_group.py took 0.127 seconds
