[2024-11-12T07:54:47.085+0000] {processor.py:153} INFO - Started process (PID=67) to work on /home/airflow/.local/lib/python3.7/site-packages/airflow/example_dags/example_branch_datetime_operator.py
[2024-11-12T07:54:47.086+0000] {processor.py:743} INFO - Processing file /home/airflow/.local/lib/python3.7/site-packages/airflow/example_dags/example_branch_datetime_operator.py for tasks to queue
[2024-11-12T07:54:47.087+0000] {logging_mixin.py:137} INFO - [2024-11-12T07:54:47.086+0000] {dagbag.py:538} INFO - Filling up the DagBag from /home/airflow/.local/lib/python3.7/site-packages/airflow/example_dags/example_branch_datetime_operator.py
[2024-11-12T07:54:47.115+0000] {processor.py:753} INFO - DAG(s) dict_keys(['example_branch_datetime_operator_2', 'example_branch_datetime_operator_3', 'example_branch_datetime_operator']) retrieved from /home/airflow/.local/lib/python3.7/site-packages/airflow/example_dags/example_branch_datetime_operator.py
[2024-11-12T07:54:47.136+0000] {logging_mixin.py:137} INFO - [2024-11-12T07:54:47.136+0000] {dag.py:2690} INFO - Sync 3 DAGs
[2024-11-12T07:54:47.174+0000] {logging_mixin.py:137} INFO - [2024-11-12T07:54:47.173+0000] {dag.py:3441} INFO - Setting next_dagrun for example_branch_datetime_operator to 2024-11-11T00:00:00+00:00, run_after=2024-11-12T00:00:00+00:00
[2024-11-12T07:54:47.179+0000] {logging_mixin.py:137} INFO - [2024-11-12T07:54:47.179+0000] {dag.py:3441} INFO - Setting next_dagrun for example_branch_datetime_operator_2 to 2024-11-11T00:00:00+00:00, run_after=2024-11-12T00:00:00+00:00
[2024-11-12T07:54:47.183+0000] {logging_mixin.py:137} INFO - [2024-11-12T07:54:47.183+0000] {dag.py:3441} INFO - Setting next_dagrun for example_branch_datetime_operator_3 to 2024-11-11T00:00:00+00:00, run_after=2024-11-12T00:00:00+00:00
[2024-11-12T07:54:47.208+0000] {processor.py:175} INFO - Processing /home/airflow/.local/lib/python3.7/site-packages/airflow/example_dags/example_branch_datetime_operator.py took 0.128 seconds
[2024-11-12T07:55:17.688+0000] {processor.py:153} INFO - Started process (PID=138) to work on /home/airflow/.local/lib/python3.7/site-packages/airflow/example_dags/example_branch_datetime_operator.py
[2024-11-12T07:55:17.690+0000] {processor.py:743} INFO - Processing file /home/airflow/.local/lib/python3.7/site-packages/airflow/example_dags/example_branch_datetime_operator.py for tasks to queue
[2024-11-12T07:55:17.690+0000] {logging_mixin.py:137} INFO - [2024-11-12T07:55:17.690+0000] {dagbag.py:538} INFO - Filling up the DagBag from /home/airflow/.local/lib/python3.7/site-packages/airflow/example_dags/example_branch_datetime_operator.py
[2024-11-12T07:55:17.706+0000] {processor.py:753} INFO - DAG(s) dict_keys(['example_branch_datetime_operator_2', 'example_branch_datetime_operator_3', 'example_branch_datetime_operator']) retrieved from /home/airflow/.local/lib/python3.7/site-packages/airflow/example_dags/example_branch_datetime_operator.py
[2024-11-12T07:55:17.741+0000] {logging_mixin.py:137} INFO - [2024-11-12T07:55:17.741+0000] {dag.py:2690} INFO - Sync 3 DAGs
[2024-11-12T07:55:17.768+0000] {logging_mixin.py:137} INFO - [2024-11-12T07:55:17.768+0000] {dag.py:3441} INFO - Setting next_dagrun for example_branch_datetime_operator to 2024-11-11T00:00:00+00:00, run_after=2024-11-12T00:00:00+00:00
[2024-11-12T07:55:17.772+0000] {logging_mixin.py:137} INFO - [2024-11-12T07:55:17.772+0000] {dag.py:3441} INFO - Setting next_dagrun for example_branch_datetime_operator_2 to 2024-11-11T00:00:00+00:00, run_after=2024-11-12T00:00:00+00:00
[2024-11-12T07:55:17.775+0000] {logging_mixin.py:137} INFO - [2024-11-12T07:55:17.775+0000] {dag.py:3441} INFO - Setting next_dagrun for example_branch_datetime_operator_3 to 2024-11-11T00:00:00+00:00, run_after=2024-11-12T00:00:00+00:00
[2024-11-12T07:55:17.799+0000] {processor.py:175} INFO - Processing /home/airflow/.local/lib/python3.7/site-packages/airflow/example_dags/example_branch_datetime_operator.py took 0.115 seconds
[2024-11-12T07:55:48.521+0000] {processor.py:153} INFO - Started process (PID=218) to work on /home/airflow/.local/lib/python3.7/site-packages/airflow/example_dags/example_branch_datetime_operator.py
[2024-11-12T07:55:48.523+0000] {processor.py:743} INFO - Processing file /home/airflow/.local/lib/python3.7/site-packages/airflow/example_dags/example_branch_datetime_operator.py for tasks to queue
[2024-11-12T07:55:48.523+0000] {logging_mixin.py:137} INFO - [2024-11-12T07:55:48.523+0000] {dagbag.py:538} INFO - Filling up the DagBag from /home/airflow/.local/lib/python3.7/site-packages/airflow/example_dags/example_branch_datetime_operator.py
[2024-11-12T07:55:48.547+0000] {processor.py:753} INFO - DAG(s) dict_keys(['example_branch_datetime_operator_3', 'example_branch_datetime_operator_2', 'example_branch_datetime_operator']) retrieved from /home/airflow/.local/lib/python3.7/site-packages/airflow/example_dags/example_branch_datetime_operator.py
[2024-11-12T07:55:48.590+0000] {logging_mixin.py:137} INFO - [2024-11-12T07:55:48.590+0000] {dag.py:2690} INFO - Sync 3 DAGs
[2024-11-12T07:55:48.629+0000] {logging_mixin.py:137} INFO - [2024-11-12T07:55:48.629+0000] {dag.py:3441} INFO - Setting next_dagrun for example_branch_datetime_operator to 2024-11-11T00:00:00+00:00, run_after=2024-11-12T00:00:00+00:00
[2024-11-12T07:55:48.636+0000] {logging_mixin.py:137} INFO - [2024-11-12T07:55:48.636+0000] {dag.py:3441} INFO - Setting next_dagrun for example_branch_datetime_operator_2 to 2024-11-11T00:00:00+00:00, run_after=2024-11-12T00:00:00+00:00
[2024-11-12T07:55:48.642+0000] {logging_mixin.py:137} INFO - [2024-11-12T07:55:48.641+0000] {dag.py:3441} INFO - Setting next_dagrun for example_branch_datetime_operator_3 to 2024-11-11T00:00:00+00:00, run_after=2024-11-12T00:00:00+00:00
[2024-11-12T07:55:48.665+0000] {processor.py:175} INFO - Processing /home/airflow/.local/lib/python3.7/site-packages/airflow/example_dags/example_branch_datetime_operator.py took 0.149 seconds
[2024-11-12T07:56:18.950+0000] {processor.py:153} INFO - Started process (PID=296) to work on /home/airflow/.local/lib/python3.7/site-packages/airflow/example_dags/example_branch_datetime_operator.py
[2024-11-12T07:56:18.951+0000] {processor.py:743} INFO - Processing file /home/airflow/.local/lib/python3.7/site-packages/airflow/example_dags/example_branch_datetime_operator.py for tasks to queue
[2024-11-12T07:56:18.952+0000] {logging_mixin.py:137} INFO - [2024-11-12T07:56:18.952+0000] {dagbag.py:538} INFO - Filling up the DagBag from /home/airflow/.local/lib/python3.7/site-packages/airflow/example_dags/example_branch_datetime_operator.py
[2024-11-12T07:56:18.971+0000] {processor.py:753} INFO - DAG(s) dict_keys(['example_branch_datetime_operator', 'example_branch_datetime_operator_2', 'example_branch_datetime_operator_3']) retrieved from /home/airflow/.local/lib/python3.7/site-packages/airflow/example_dags/example_branch_datetime_operator.py
[2024-11-12T07:56:19.010+0000] {logging_mixin.py:137} INFO - [2024-11-12T07:56:19.009+0000] {dag.py:2690} INFO - Sync 3 DAGs
[2024-11-12T07:56:19.039+0000] {logging_mixin.py:137} INFO - [2024-11-12T07:56:19.039+0000] {dag.py:3441} INFO - Setting next_dagrun for example_branch_datetime_operator to 2024-11-11T00:00:00+00:00, run_after=2024-11-12T00:00:00+00:00
[2024-11-12T07:56:19.046+0000] {logging_mixin.py:137} INFO - [2024-11-12T07:56:19.045+0000] {dag.py:3441} INFO - Setting next_dagrun for example_branch_datetime_operator_2 to 2024-11-11T00:00:00+00:00, run_after=2024-11-12T00:00:00+00:00
[2024-11-12T07:56:19.048+0000] {logging_mixin.py:137} INFO - [2024-11-12T07:56:19.048+0000] {dag.py:3441} INFO - Setting next_dagrun for example_branch_datetime_operator_3 to 2024-11-11T00:00:00+00:00, run_after=2024-11-12T00:00:00+00:00
[2024-11-12T07:56:19.069+0000] {processor.py:175} INFO - Processing /home/airflow/.local/lib/python3.7/site-packages/airflow/example_dags/example_branch_datetime_operator.py took 0.124 seconds
[2024-11-12T07:56:49.395+0000] {processor.py:153} INFO - Started process (PID=367) to work on /home/airflow/.local/lib/python3.7/site-packages/airflow/example_dags/example_branch_datetime_operator.py
[2024-11-12T07:56:49.397+0000] {processor.py:743} INFO - Processing file /home/airflow/.local/lib/python3.7/site-packages/airflow/example_dags/example_branch_datetime_operator.py for tasks to queue
[2024-11-12T07:56:49.398+0000] {logging_mixin.py:137} INFO - [2024-11-12T07:56:49.398+0000] {dagbag.py:538} INFO - Filling up the DagBag from /home/airflow/.local/lib/python3.7/site-packages/airflow/example_dags/example_branch_datetime_operator.py
[2024-11-12T07:56:49.430+0000] {processor.py:753} INFO - DAG(s) dict_keys(['example_branch_datetime_operator', 'example_branch_datetime_operator_2', 'example_branch_datetime_operator_3']) retrieved from /home/airflow/.local/lib/python3.7/site-packages/airflow/example_dags/example_branch_datetime_operator.py
[2024-11-12T07:56:49.474+0000] {logging_mixin.py:137} INFO - [2024-11-12T07:56:49.474+0000] {dag.py:2690} INFO - Sync 3 DAGs
[2024-11-12T07:56:49.514+0000] {logging_mixin.py:137} INFO - [2024-11-12T07:56:49.514+0000] {dag.py:3441} INFO - Setting next_dagrun for example_branch_datetime_operator to 2024-11-11T00:00:00+00:00, run_after=2024-11-12T00:00:00+00:00
[2024-11-12T07:56:49.521+0000] {logging_mixin.py:137} INFO - [2024-11-12T07:56:49.521+0000] {dag.py:3441} INFO - Setting next_dagrun for example_branch_datetime_operator_2 to 2024-11-11T00:00:00+00:00, run_after=2024-11-12T00:00:00+00:00
[2024-11-12T07:56:49.525+0000] {logging_mixin.py:137} INFO - [2024-11-12T07:56:49.525+0000] {dag.py:3441} INFO - Setting next_dagrun for example_branch_datetime_operator_3 to 2024-11-11T00:00:00+00:00, run_after=2024-11-12T00:00:00+00:00
[2024-11-12T07:56:49.553+0000] {processor.py:175} INFO - Processing /home/airflow/.local/lib/python3.7/site-packages/airflow/example_dags/example_branch_datetime_operator.py took 0.163 seconds
[2024-11-12T07:57:19.630+0000] {processor.py:153} INFO - Started process (PID=454) to work on /home/airflow/.local/lib/python3.7/site-packages/airflow/example_dags/example_branch_datetime_operator.py
[2024-11-12T07:57:19.631+0000] {processor.py:743} INFO - Processing file /home/airflow/.local/lib/python3.7/site-packages/airflow/example_dags/example_branch_datetime_operator.py for tasks to queue
[2024-11-12T07:57:19.632+0000] {logging_mixin.py:137} INFO - [2024-11-12T07:57:19.632+0000] {dagbag.py:538} INFO - Filling up the DagBag from /home/airflow/.local/lib/python3.7/site-packages/airflow/example_dags/example_branch_datetime_operator.py
[2024-11-12T07:57:19.648+0000] {processor.py:753} INFO - DAG(s) dict_keys(['example_branch_datetime_operator', 'example_branch_datetime_operator_2', 'example_branch_datetime_operator_3']) retrieved from /home/airflow/.local/lib/python3.7/site-packages/airflow/example_dags/example_branch_datetime_operator.py
[2024-11-12T07:57:19.683+0000] {logging_mixin.py:137} INFO - [2024-11-12T07:57:19.683+0000] {dag.py:2690} INFO - Sync 3 DAGs
[2024-11-12T07:57:19.708+0000] {logging_mixin.py:137} INFO - [2024-11-12T07:57:19.708+0000] {dag.py:3441} INFO - Setting next_dagrun for example_branch_datetime_operator to 2024-11-11T00:00:00+00:00, run_after=2024-11-12T00:00:00+00:00
[2024-11-12T07:57:19.713+0000] {logging_mixin.py:137} INFO - [2024-11-12T07:57:19.713+0000] {dag.py:3441} INFO - Setting next_dagrun for example_branch_datetime_operator_2 to 2024-11-11T00:00:00+00:00, run_after=2024-11-12T00:00:00+00:00
[2024-11-12T07:57:19.716+0000] {logging_mixin.py:137} INFO - [2024-11-12T07:57:19.716+0000] {dag.py:3441} INFO - Setting next_dagrun for example_branch_datetime_operator_3 to 2024-11-11T00:00:00+00:00, run_after=2024-11-12T00:00:00+00:00
[2024-11-12T07:57:19.736+0000] {processor.py:175} INFO - Processing /home/airflow/.local/lib/python3.7/site-packages/airflow/example_dags/example_branch_datetime_operator.py took 0.109 seconds
[2024-11-12T07:57:50.797+0000] {processor.py:153} INFO - Started process (PID=525) to work on /home/airflow/.local/lib/python3.7/site-packages/airflow/example_dags/example_branch_datetime_operator.py
[2024-11-12T07:57:50.798+0000] {processor.py:743} INFO - Processing file /home/airflow/.local/lib/python3.7/site-packages/airflow/example_dags/example_branch_datetime_operator.py for tasks to queue
[2024-11-12T07:57:50.798+0000] {logging_mixin.py:137} INFO - [2024-11-12T07:57:50.798+0000] {dagbag.py:538} INFO - Filling up the DagBag from /home/airflow/.local/lib/python3.7/site-packages/airflow/example_dags/example_branch_datetime_operator.py
[2024-11-12T07:57:50.818+0000] {processor.py:753} INFO - DAG(s) dict_keys(['example_branch_datetime_operator_2', 'example_branch_datetime_operator', 'example_branch_datetime_operator_3']) retrieved from /home/airflow/.local/lib/python3.7/site-packages/airflow/example_dags/example_branch_datetime_operator.py
[2024-11-12T07:57:50.854+0000] {logging_mixin.py:137} INFO - [2024-11-12T07:57:50.853+0000] {dag.py:2690} INFO - Sync 3 DAGs
[2024-11-12T07:57:50.881+0000] {logging_mixin.py:137} INFO - [2024-11-12T07:57:50.881+0000] {dag.py:3441} INFO - Setting next_dagrun for example_branch_datetime_operator to 2024-11-11T00:00:00+00:00, run_after=2024-11-12T00:00:00+00:00
[2024-11-12T07:57:50.886+0000] {logging_mixin.py:137} INFO - [2024-11-12T07:57:50.886+0000] {dag.py:3441} INFO - Setting next_dagrun for example_branch_datetime_operator_2 to 2024-11-11T00:00:00+00:00, run_after=2024-11-12T00:00:00+00:00
[2024-11-12T07:57:50.889+0000] {logging_mixin.py:137} INFO - [2024-11-12T07:57:50.889+0000] {dag.py:3441} INFO - Setting next_dagrun for example_branch_datetime_operator_3 to 2024-11-11T00:00:00+00:00, run_after=2024-11-12T00:00:00+00:00
[2024-11-12T07:57:50.909+0000] {processor.py:175} INFO - Processing /home/airflow/.local/lib/python3.7/site-packages/airflow/example_dags/example_branch_datetime_operator.py took 0.116 seconds
[2024-11-12T07:58:21.367+0000] {processor.py:153} INFO - Started process (PID=612) to work on /home/airflow/.local/lib/python3.7/site-packages/airflow/example_dags/example_branch_datetime_operator.py
[2024-11-12T07:58:21.368+0000] {processor.py:743} INFO - Processing file /home/airflow/.local/lib/python3.7/site-packages/airflow/example_dags/example_branch_datetime_operator.py for tasks to queue
[2024-11-12T07:58:21.369+0000] {logging_mixin.py:137} INFO - [2024-11-12T07:58:21.369+0000] {dagbag.py:538} INFO - Filling up the DagBag from /home/airflow/.local/lib/python3.7/site-packages/airflow/example_dags/example_branch_datetime_operator.py
[2024-11-12T07:58:21.384+0000] {processor.py:753} INFO - DAG(s) dict_keys(['example_branch_datetime_operator', 'example_branch_datetime_operator_3', 'example_branch_datetime_operator_2']) retrieved from /home/airflow/.local/lib/python3.7/site-packages/airflow/example_dags/example_branch_datetime_operator.py
[2024-11-12T07:58:21.417+0000] {logging_mixin.py:137} INFO - [2024-11-12T07:58:21.417+0000] {dag.py:2690} INFO - Sync 3 DAGs
[2024-11-12T07:58:21.440+0000] {logging_mixin.py:137} INFO - [2024-11-12T07:58:21.440+0000] {dag.py:3441} INFO - Setting next_dagrun for example_branch_datetime_operator to 2024-11-11T00:00:00+00:00, run_after=2024-11-12T00:00:00+00:00
[2024-11-12T07:58:21.445+0000] {logging_mixin.py:137} INFO - [2024-11-12T07:58:21.445+0000] {dag.py:3441} INFO - Setting next_dagrun for example_branch_datetime_operator_2 to 2024-11-11T00:00:00+00:00, run_after=2024-11-12T00:00:00+00:00
[2024-11-12T07:58:21.448+0000] {logging_mixin.py:137} INFO - [2024-11-12T07:58:21.448+0000] {dag.py:3441} INFO - Setting next_dagrun for example_branch_datetime_operator_3 to 2024-11-11T00:00:00+00:00, run_after=2024-11-12T00:00:00+00:00
[2024-11-12T07:58:21.469+0000] {processor.py:175} INFO - Processing /home/airflow/.local/lib/python3.7/site-packages/airflow/example_dags/example_branch_datetime_operator.py took 0.105 seconds
[2024-11-12T07:58:52.130+0000] {processor.py:153} INFO - Started process (PID=683) to work on /home/airflow/.local/lib/python3.7/site-packages/airflow/example_dags/example_branch_datetime_operator.py
[2024-11-12T07:58:52.132+0000] {processor.py:743} INFO - Processing file /home/airflow/.local/lib/python3.7/site-packages/airflow/example_dags/example_branch_datetime_operator.py for tasks to queue
[2024-11-12T07:58:52.132+0000] {logging_mixin.py:137} INFO - [2024-11-12T07:58:52.132+0000] {dagbag.py:538} INFO - Filling up the DagBag from /home/airflow/.local/lib/python3.7/site-packages/airflow/example_dags/example_branch_datetime_operator.py
[2024-11-12T07:58:52.152+0000] {processor.py:753} INFO - DAG(s) dict_keys(['example_branch_datetime_operator_3', 'example_branch_datetime_operator', 'example_branch_datetime_operator_2']) retrieved from /home/airflow/.local/lib/python3.7/site-packages/airflow/example_dags/example_branch_datetime_operator.py
[2024-11-12T07:58:52.190+0000] {logging_mixin.py:137} INFO - [2024-11-12T07:58:52.190+0000] {dag.py:2690} INFO - Sync 3 DAGs
[2024-11-12T07:58:52.219+0000] {logging_mixin.py:137} INFO - [2024-11-12T07:58:52.219+0000] {dag.py:3441} INFO - Setting next_dagrun for example_branch_datetime_operator to 2024-11-11T00:00:00+00:00, run_after=2024-11-12T00:00:00+00:00
[2024-11-12T07:58:52.224+0000] {logging_mixin.py:137} INFO - [2024-11-12T07:58:52.224+0000] {dag.py:3441} INFO - Setting next_dagrun for example_branch_datetime_operator_2 to 2024-11-11T00:00:00+00:00, run_after=2024-11-12T00:00:00+00:00
[2024-11-12T07:58:52.229+0000] {logging_mixin.py:137} INFO - [2024-11-12T07:58:52.228+0000] {dag.py:3441} INFO - Setting next_dagrun for example_branch_datetime_operator_3 to 2024-11-11T00:00:00+00:00, run_after=2024-11-12T00:00:00+00:00
[2024-11-12T07:58:52.251+0000] {processor.py:175} INFO - Processing /home/airflow/.local/lib/python3.7/site-packages/airflow/example_dags/example_branch_datetime_operator.py took 0.127 seconds
[2024-11-12T07:59:22.268+0000] {processor.py:153} INFO - Started process (PID=772) to work on /home/airflow/.local/lib/python3.7/site-packages/airflow/example_dags/example_branch_datetime_operator.py
[2024-11-12T07:59:22.270+0000] {processor.py:743} INFO - Processing file /home/airflow/.local/lib/python3.7/site-packages/airflow/example_dags/example_branch_datetime_operator.py for tasks to queue
[2024-11-12T07:59:22.270+0000] {logging_mixin.py:137} INFO - [2024-11-12T07:59:22.270+0000] {dagbag.py:538} INFO - Filling up the DagBag from /home/airflow/.local/lib/python3.7/site-packages/airflow/example_dags/example_branch_datetime_operator.py
[2024-11-12T07:59:22.287+0000] {processor.py:753} INFO - DAG(s) dict_keys(['example_branch_datetime_operator_3', 'example_branch_datetime_operator', 'example_branch_datetime_operator_2']) retrieved from /home/airflow/.local/lib/python3.7/site-packages/airflow/example_dags/example_branch_datetime_operator.py
[2024-11-12T07:59:22.319+0000] {logging_mixin.py:137} INFO - [2024-11-12T07:59:22.319+0000] {dag.py:2690} INFO - Sync 3 DAGs
[2024-11-12T07:59:22.343+0000] {logging_mixin.py:137} INFO - [2024-11-12T07:59:22.343+0000] {dag.py:3441} INFO - Setting next_dagrun for example_branch_datetime_operator to 2024-11-11T00:00:00+00:00, run_after=2024-11-12T00:00:00+00:00
[2024-11-12T07:59:22.348+0000] {logging_mixin.py:137} INFO - [2024-11-12T07:59:22.348+0000] {dag.py:3441} INFO - Setting next_dagrun for example_branch_datetime_operator_2 to 2024-11-11T00:00:00+00:00, run_after=2024-11-12T00:00:00+00:00
[2024-11-12T07:59:22.351+0000] {logging_mixin.py:137} INFO - [2024-11-12T07:59:22.351+0000] {dag.py:3441} INFO - Setting next_dagrun for example_branch_datetime_operator_3 to 2024-11-11T00:00:00+00:00, run_after=2024-11-12T00:00:00+00:00
[2024-11-12T07:59:22.371+0000] {processor.py:175} INFO - Processing /home/airflow/.local/lib/python3.7/site-packages/airflow/example_dags/example_branch_datetime_operator.py took 0.106 seconds
[2024-11-12T07:59:52.513+0000] {processor.py:153} INFO - Started process (PID=843) to work on /home/airflow/.local/lib/python3.7/site-packages/airflow/example_dags/example_branch_datetime_operator.py
[2024-11-12T07:59:52.527+0000] {processor.py:743} INFO - Processing file /home/airflow/.local/lib/python3.7/site-packages/airflow/example_dags/example_branch_datetime_operator.py for tasks to queue
[2024-11-12T07:59:52.528+0000] {logging_mixin.py:137} INFO - [2024-11-12T07:59:52.528+0000] {dagbag.py:538} INFO - Filling up the DagBag from /home/airflow/.local/lib/python3.7/site-packages/airflow/example_dags/example_branch_datetime_operator.py
[2024-11-12T07:59:52.551+0000] {processor.py:753} INFO - DAG(s) dict_keys(['example_branch_datetime_operator_2', 'example_branch_datetime_operator_3', 'example_branch_datetime_operator']) retrieved from /home/airflow/.local/lib/python3.7/site-packages/airflow/example_dags/example_branch_datetime_operator.py
[2024-11-12T07:59:52.596+0000] {logging_mixin.py:137} INFO - [2024-11-12T07:59:52.596+0000] {dag.py:2690} INFO - Sync 3 DAGs
[2024-11-12T07:59:52.627+0000] {logging_mixin.py:137} INFO - [2024-11-12T07:59:52.627+0000] {dag.py:3441} INFO - Setting next_dagrun for example_branch_datetime_operator to 2024-11-11T00:00:00+00:00, run_after=2024-11-12T00:00:00+00:00
[2024-11-12T07:59:52.637+0000] {logging_mixin.py:137} INFO - [2024-11-12T07:59:52.637+0000] {dag.py:3441} INFO - Setting next_dagrun for example_branch_datetime_operator_2 to 2024-11-11T00:00:00+00:00, run_after=2024-11-12T00:00:00+00:00
[2024-11-12T07:59:52.641+0000] {logging_mixin.py:137} INFO - [2024-11-12T07:59:52.641+0000] {dag.py:3441} INFO - Setting next_dagrun for example_branch_datetime_operator_3 to 2024-11-11T00:00:00+00:00, run_after=2024-11-12T00:00:00+00:00
[2024-11-12T07:59:52.667+0000] {processor.py:175} INFO - Processing /home/airflow/.local/lib/python3.7/site-packages/airflow/example_dags/example_branch_datetime_operator.py took 0.162 seconds
[2024-11-12T08:00:22.882+0000] {processor.py:153} INFO - Started process (PID=930) to work on /home/airflow/.local/lib/python3.7/site-packages/airflow/example_dags/example_branch_datetime_operator.py
[2024-11-12T08:00:22.883+0000] {processor.py:743} INFO - Processing file /home/airflow/.local/lib/python3.7/site-packages/airflow/example_dags/example_branch_datetime_operator.py for tasks to queue
[2024-11-12T08:00:22.884+0000] {logging_mixin.py:137} INFO - [2024-11-12T08:00:22.884+0000] {dagbag.py:538} INFO - Filling up the DagBag from /home/airflow/.local/lib/python3.7/site-packages/airflow/example_dags/example_branch_datetime_operator.py
[2024-11-12T08:00:22.904+0000] {processor.py:753} INFO - DAG(s) dict_keys(['example_branch_datetime_operator_2', 'example_branch_datetime_operator', 'example_branch_datetime_operator_3']) retrieved from /home/airflow/.local/lib/python3.7/site-packages/airflow/example_dags/example_branch_datetime_operator.py
[2024-11-12T08:00:22.939+0000] {logging_mixin.py:137} INFO - [2024-11-12T08:00:22.939+0000] {dag.py:2690} INFO - Sync 3 DAGs
[2024-11-12T08:00:22.971+0000] {logging_mixin.py:137} INFO - [2024-11-12T08:00:22.970+0000] {dag.py:3441} INFO - Setting next_dagrun for example_branch_datetime_operator to 2024-11-11T00:00:00+00:00, run_after=2024-11-12T00:00:00+00:00
[2024-11-12T08:00:22.976+0000] {logging_mixin.py:137} INFO - [2024-11-12T08:00:22.976+0000] {dag.py:3441} INFO - Setting next_dagrun for example_branch_datetime_operator_2 to 2024-11-11T00:00:00+00:00, run_after=2024-11-12T00:00:00+00:00
[2024-11-12T08:00:22.980+0000] {logging_mixin.py:137} INFO - [2024-11-12T08:00:22.979+0000] {dag.py:3441} INFO - Setting next_dagrun for example_branch_datetime_operator_3 to 2024-11-11T00:00:00+00:00, run_after=2024-11-12T00:00:00+00:00
[2024-11-12T08:00:23.000+0000] {processor.py:175} INFO - Processing /home/airflow/.local/lib/python3.7/site-packages/airflow/example_dags/example_branch_datetime_operator.py took 0.122 seconds
[2024-11-12T08:00:53.693+0000] {processor.py:153} INFO - Started process (PID=1001) to work on /home/airflow/.local/lib/python3.7/site-packages/airflow/example_dags/example_branch_datetime_operator.py
[2024-11-12T08:00:53.694+0000] {processor.py:743} INFO - Processing file /home/airflow/.local/lib/python3.7/site-packages/airflow/example_dags/example_branch_datetime_operator.py for tasks to queue
[2024-11-12T08:00:53.695+0000] {logging_mixin.py:137} INFO - [2024-11-12T08:00:53.695+0000] {dagbag.py:538} INFO - Filling up the DagBag from /home/airflow/.local/lib/python3.7/site-packages/airflow/example_dags/example_branch_datetime_operator.py
[2024-11-12T08:00:53.711+0000] {processor.py:753} INFO - DAG(s) dict_keys(['example_branch_datetime_operator', 'example_branch_datetime_operator_3', 'example_branch_datetime_operator_2']) retrieved from /home/airflow/.local/lib/python3.7/site-packages/airflow/example_dags/example_branch_datetime_operator.py
[2024-11-12T08:00:53.743+0000] {logging_mixin.py:137} INFO - [2024-11-12T08:00:53.743+0000] {dag.py:2690} INFO - Sync 3 DAGs
[2024-11-12T08:00:53.769+0000] {logging_mixin.py:137} INFO - [2024-11-12T08:00:53.768+0000] {dag.py:3441} INFO - Setting next_dagrun for example_branch_datetime_operator to 2024-11-11T00:00:00+00:00, run_after=2024-11-12T00:00:00+00:00
[2024-11-12T08:00:53.774+0000] {logging_mixin.py:137} INFO - [2024-11-12T08:00:53.774+0000] {dag.py:3441} INFO - Setting next_dagrun for example_branch_datetime_operator_2 to 2024-11-11T00:00:00+00:00, run_after=2024-11-12T00:00:00+00:00
[2024-11-12T08:00:53.776+0000] {logging_mixin.py:137} INFO - [2024-11-12T08:00:53.776+0000] {dag.py:3441} INFO - Setting next_dagrun for example_branch_datetime_operator_3 to 2024-11-11T00:00:00+00:00, run_after=2024-11-12T00:00:00+00:00
[2024-11-12T08:00:53.797+0000] {processor.py:175} INFO - Processing /home/airflow/.local/lib/python3.7/site-packages/airflow/example_dags/example_branch_datetime_operator.py took 0.107 seconds
[2024-11-12T08:01:24.621+0000] {processor.py:153} INFO - Started process (PID=1088) to work on /home/airflow/.local/lib/python3.7/site-packages/airflow/example_dags/example_branch_datetime_operator.py
[2024-11-12T08:01:24.622+0000] {processor.py:743} INFO - Processing file /home/airflow/.local/lib/python3.7/site-packages/airflow/example_dags/example_branch_datetime_operator.py for tasks to queue
[2024-11-12T08:01:24.623+0000] {logging_mixin.py:137} INFO - [2024-11-12T08:01:24.623+0000] {dagbag.py:538} INFO - Filling up the DagBag from /home/airflow/.local/lib/python3.7/site-packages/airflow/example_dags/example_branch_datetime_operator.py
[2024-11-12T08:01:24.640+0000] {processor.py:753} INFO - DAG(s) dict_keys(['example_branch_datetime_operator_3', 'example_branch_datetime_operator', 'example_branch_datetime_operator_2']) retrieved from /home/airflow/.local/lib/python3.7/site-packages/airflow/example_dags/example_branch_datetime_operator.py
[2024-11-12T08:01:24.676+0000] {logging_mixin.py:137} INFO - [2024-11-12T08:01:24.676+0000] {dag.py:2690} INFO - Sync 3 DAGs
[2024-11-12T08:01:24.704+0000] {logging_mixin.py:137} INFO - [2024-11-12T08:01:24.704+0000] {dag.py:3441} INFO - Setting next_dagrun for example_branch_datetime_operator to 2024-11-11T00:00:00+00:00, run_after=2024-11-12T00:00:00+00:00
[2024-11-12T08:01:24.708+0000] {logging_mixin.py:137} INFO - [2024-11-12T08:01:24.708+0000] {dag.py:3441} INFO - Setting next_dagrun for example_branch_datetime_operator_2 to 2024-11-11T00:00:00+00:00, run_after=2024-11-12T00:00:00+00:00
[2024-11-12T08:01:24.711+0000] {logging_mixin.py:137} INFO - [2024-11-12T08:01:24.711+0000] {dag.py:3441} INFO - Setting next_dagrun for example_branch_datetime_operator_3 to 2024-11-11T00:00:00+00:00, run_after=2024-11-12T00:00:00+00:00
[2024-11-12T08:01:24.732+0000] {processor.py:175} INFO - Processing /home/airflow/.local/lib/python3.7/site-packages/airflow/example_dags/example_branch_datetime_operator.py took 0.114 seconds
[2024-11-12T08:02:37.683+0000] {processor.py:153} INFO - Started process (PID=49) to work on /home/airflow/.local/lib/python3.7/site-packages/airflow/example_dags/example_branch_datetime_operator.py
[2024-11-12T08:02:37.685+0000] {processor.py:743} INFO - Processing file /home/airflow/.local/lib/python3.7/site-packages/airflow/example_dags/example_branch_datetime_operator.py for tasks to queue
[2024-11-12T08:02:37.686+0000] {logging_mixin.py:137} INFO - [2024-11-12T08:02:37.685+0000] {dagbag.py:538} INFO - Filling up the DagBag from /home/airflow/.local/lib/python3.7/site-packages/airflow/example_dags/example_branch_datetime_operator.py
[2024-11-12T08:02:37.718+0000] {processor.py:753} INFO - DAG(s) dict_keys(['example_branch_datetime_operator', 'example_branch_datetime_operator_3', 'example_branch_datetime_operator_2']) retrieved from /home/airflow/.local/lib/python3.7/site-packages/airflow/example_dags/example_branch_datetime_operator.py
[2024-11-12T08:02:37.740+0000] {logging_mixin.py:137} INFO - [2024-11-12T08:02:37.740+0000] {dag.py:2690} INFO - Sync 3 DAGs
[2024-11-12T08:02:37.784+0000] {logging_mixin.py:137} INFO - [2024-11-12T08:02:37.783+0000] {dag.py:3441} INFO - Setting next_dagrun for example_branch_datetime_operator to 2024-11-11T00:00:00+00:00, run_after=2024-11-12T00:00:00+00:00
[2024-11-12T08:02:37.791+0000] {logging_mixin.py:137} INFO - [2024-11-12T08:02:37.791+0000] {dag.py:3441} INFO - Setting next_dagrun for example_branch_datetime_operator_2 to 2024-11-11T00:00:00+00:00, run_after=2024-11-12T00:00:00+00:00
[2024-11-12T08:02:37.794+0000] {logging_mixin.py:137} INFO - [2024-11-12T08:02:37.794+0000] {dag.py:3441} INFO - Setting next_dagrun for example_branch_datetime_operator_3 to 2024-11-11T00:00:00+00:00, run_after=2024-11-12T00:00:00+00:00
[2024-11-12T08:02:37.818+0000] {processor.py:175} INFO - Processing /home/airflow/.local/lib/python3.7/site-packages/airflow/example_dags/example_branch_datetime_operator.py took 0.140 seconds
[2024-11-12T08:03:08.743+0000] {processor.py:153} INFO - Started process (PID=136) to work on /home/airflow/.local/lib/python3.7/site-packages/airflow/example_dags/example_branch_datetime_operator.py
[2024-11-12T08:03:08.745+0000] {processor.py:743} INFO - Processing file /home/airflow/.local/lib/python3.7/site-packages/airflow/example_dags/example_branch_datetime_operator.py for tasks to queue
[2024-11-12T08:03:08.746+0000] {logging_mixin.py:137} INFO - [2024-11-12T08:03:08.746+0000] {dagbag.py:538} INFO - Filling up the DagBag from /home/airflow/.local/lib/python3.7/site-packages/airflow/example_dags/example_branch_datetime_operator.py
[2024-11-12T08:03:08.772+0000] {processor.py:753} INFO - DAG(s) dict_keys(['example_branch_datetime_operator_2', 'example_branch_datetime_operator_3', 'example_branch_datetime_operator']) retrieved from /home/airflow/.local/lib/python3.7/site-packages/airflow/example_dags/example_branch_datetime_operator.py
[2024-11-12T08:03:08.813+0000] {logging_mixin.py:137} INFO - [2024-11-12T08:03:08.813+0000] {dag.py:2690} INFO - Sync 3 DAGs
[2024-11-12T08:03:08.855+0000] {logging_mixin.py:137} INFO - [2024-11-12T08:03:08.855+0000] {dag.py:3441} INFO - Setting next_dagrun for example_branch_datetime_operator to 2024-11-11T00:00:00+00:00, run_after=2024-11-12T00:00:00+00:00
[2024-11-12T08:03:08.862+0000] {logging_mixin.py:137} INFO - [2024-11-12T08:03:08.862+0000] {dag.py:3441} INFO - Setting next_dagrun for example_branch_datetime_operator_2 to 2024-11-11T00:00:00+00:00, run_after=2024-11-12T00:00:00+00:00
[2024-11-12T08:03:08.867+0000] {logging_mixin.py:137} INFO - [2024-11-12T08:03:08.866+0000] {dag.py:3441} INFO - Setting next_dagrun for example_branch_datetime_operator_3 to 2024-11-11T00:00:00+00:00, run_after=2024-11-12T00:00:00+00:00
[2024-11-12T08:03:08.898+0000] {processor.py:175} INFO - Processing /home/airflow/.local/lib/python3.7/site-packages/airflow/example_dags/example_branch_datetime_operator.py took 0.158 seconds
[2024-11-12T08:03:39.488+0000] {processor.py:153} INFO - Started process (PID=207) to work on /home/airflow/.local/lib/python3.7/site-packages/airflow/example_dags/example_branch_datetime_operator.py
[2024-11-12T08:03:39.490+0000] {processor.py:743} INFO - Processing file /home/airflow/.local/lib/python3.7/site-packages/airflow/example_dags/example_branch_datetime_operator.py for tasks to queue
[2024-11-12T08:03:39.490+0000] {logging_mixin.py:137} INFO - [2024-11-12T08:03:39.490+0000] {dagbag.py:538} INFO - Filling up the DagBag from /home/airflow/.local/lib/python3.7/site-packages/airflow/example_dags/example_branch_datetime_operator.py
[2024-11-12T08:03:39.507+0000] {processor.py:753} INFO - DAG(s) dict_keys(['example_branch_datetime_operator_3', 'example_branch_datetime_operator_2', 'example_branch_datetime_operator']) retrieved from /home/airflow/.local/lib/python3.7/site-packages/airflow/example_dags/example_branch_datetime_operator.py
[2024-11-12T08:03:39.544+0000] {logging_mixin.py:137} INFO - [2024-11-12T08:03:39.544+0000] {dag.py:2690} INFO - Sync 3 DAGs
[2024-11-12T08:03:39.568+0000] {logging_mixin.py:137} INFO - [2024-11-12T08:03:39.568+0000] {dag.py:3441} INFO - Setting next_dagrun for example_branch_datetime_operator to 2024-11-11T00:00:00+00:00, run_after=2024-11-12T00:00:00+00:00
[2024-11-12T08:03:39.573+0000] {logging_mixin.py:137} INFO - [2024-11-12T08:03:39.573+0000] {dag.py:3441} INFO - Setting next_dagrun for example_branch_datetime_operator_2 to 2024-11-11T00:00:00+00:00, run_after=2024-11-12T00:00:00+00:00
[2024-11-12T08:03:39.576+0000] {logging_mixin.py:137} INFO - [2024-11-12T08:03:39.576+0000] {dag.py:3441} INFO - Setting next_dagrun for example_branch_datetime_operator_3 to 2024-11-11T00:00:00+00:00, run_after=2024-11-12T00:00:00+00:00
[2024-11-12T08:03:39.598+0000] {processor.py:175} INFO - Processing /home/airflow/.local/lib/python3.7/site-packages/airflow/example_dags/example_branch_datetime_operator.py took 0.113 seconds
[2024-11-12T08:04:09.962+0000] {processor.py:153} INFO - Started process (PID=294) to work on /home/airflow/.local/lib/python3.7/site-packages/airflow/example_dags/example_branch_datetime_operator.py
[2024-11-12T08:04:09.963+0000] {processor.py:743} INFO - Processing file /home/airflow/.local/lib/python3.7/site-packages/airflow/example_dags/example_branch_datetime_operator.py for tasks to queue
[2024-11-12T08:04:09.964+0000] {logging_mixin.py:137} INFO - [2024-11-12T08:04:09.964+0000] {dagbag.py:538} INFO - Filling up the DagBag from /home/airflow/.local/lib/python3.7/site-packages/airflow/example_dags/example_branch_datetime_operator.py
[2024-11-12T08:04:09.982+0000] {processor.py:753} INFO - DAG(s) dict_keys(['example_branch_datetime_operator_2', 'example_branch_datetime_operator', 'example_branch_datetime_operator_3']) retrieved from /home/airflow/.local/lib/python3.7/site-packages/airflow/example_dags/example_branch_datetime_operator.py
[2024-11-12T08:04:10.023+0000] {logging_mixin.py:137} INFO - [2024-11-12T08:04:10.023+0000] {dag.py:2690} INFO - Sync 3 DAGs
[2024-11-12T08:04:10.052+0000] {logging_mixin.py:137} INFO - [2024-11-12T08:04:10.052+0000] {dag.py:3441} INFO - Setting next_dagrun for example_branch_datetime_operator to 2024-11-11T00:00:00+00:00, run_after=2024-11-12T00:00:00+00:00
[2024-11-12T08:04:10.057+0000] {logging_mixin.py:137} INFO - [2024-11-12T08:04:10.057+0000] {dag.py:3441} INFO - Setting next_dagrun for example_branch_datetime_operator_2 to 2024-11-11T00:00:00+00:00, run_after=2024-11-12T00:00:00+00:00
[2024-11-12T08:04:10.060+0000] {logging_mixin.py:137} INFO - [2024-11-12T08:04:10.060+0000] {dag.py:3441} INFO - Setting next_dagrun for example_branch_datetime_operator_3 to 2024-11-11T00:00:00+00:00, run_after=2024-11-12T00:00:00+00:00
[2024-11-12T08:04:10.081+0000] {processor.py:175} INFO - Processing /home/airflow/.local/lib/python3.7/site-packages/airflow/example_dags/example_branch_datetime_operator.py took 0.124 seconds
[2024-11-12T08:04:40.872+0000] {processor.py:153} INFO - Started process (PID=365) to work on /home/airflow/.local/lib/python3.7/site-packages/airflow/example_dags/example_branch_datetime_operator.py
[2024-11-12T08:04:40.873+0000] {processor.py:743} INFO - Processing file /home/airflow/.local/lib/python3.7/site-packages/airflow/example_dags/example_branch_datetime_operator.py for tasks to queue
[2024-11-12T08:04:40.874+0000] {logging_mixin.py:137} INFO - [2024-11-12T08:04:40.873+0000] {dagbag.py:538} INFO - Filling up the DagBag from /home/airflow/.local/lib/python3.7/site-packages/airflow/example_dags/example_branch_datetime_operator.py
[2024-11-12T08:04:40.891+0000] {processor.py:753} INFO - DAG(s) dict_keys(['example_branch_datetime_operator_2', 'example_branch_datetime_operator_3', 'example_branch_datetime_operator']) retrieved from /home/airflow/.local/lib/python3.7/site-packages/airflow/example_dags/example_branch_datetime_operator.py
[2024-11-12T08:04:40.938+0000] {logging_mixin.py:137} INFO - [2024-11-12T08:04:40.938+0000] {dag.py:2690} INFO - Sync 3 DAGs
[2024-11-12T08:04:40.975+0000] {logging_mixin.py:137} INFO - [2024-11-12T08:04:40.975+0000] {dag.py:3441} INFO - Setting next_dagrun for example_branch_datetime_operator to 2024-11-11T00:00:00+00:00, run_after=2024-11-12T00:00:00+00:00
[2024-11-12T08:04:40.982+0000] {logging_mixin.py:137} INFO - [2024-11-12T08:04:40.982+0000] {dag.py:3441} INFO - Setting next_dagrun for example_branch_datetime_operator_2 to 2024-11-11T00:00:00+00:00, run_after=2024-11-12T00:00:00+00:00
[2024-11-12T08:04:40.985+0000] {logging_mixin.py:137} INFO - [2024-11-12T08:04:40.985+0000] {dag.py:3441} INFO - Setting next_dagrun for example_branch_datetime_operator_3 to 2024-11-11T00:00:00+00:00, run_after=2024-11-12T00:00:00+00:00
[2024-11-12T08:04:41.006+0000] {processor.py:175} INFO - Processing /home/airflow/.local/lib/python3.7/site-packages/airflow/example_dags/example_branch_datetime_operator.py took 0.138 seconds
[2024-11-12T08:05:11.171+0000] {processor.py:153} INFO - Started process (PID=452) to work on /home/airflow/.local/lib/python3.7/site-packages/airflow/example_dags/example_branch_datetime_operator.py
[2024-11-12T08:05:11.172+0000] {processor.py:743} INFO - Processing file /home/airflow/.local/lib/python3.7/site-packages/airflow/example_dags/example_branch_datetime_operator.py for tasks to queue
[2024-11-12T08:05:11.173+0000] {logging_mixin.py:137} INFO - [2024-11-12T08:05:11.173+0000] {dagbag.py:538} INFO - Filling up the DagBag from /home/airflow/.local/lib/python3.7/site-packages/airflow/example_dags/example_branch_datetime_operator.py
[2024-11-12T08:05:11.192+0000] {processor.py:753} INFO - DAG(s) dict_keys(['example_branch_datetime_operator_2', 'example_branch_datetime_operator', 'example_branch_datetime_operator_3']) retrieved from /home/airflow/.local/lib/python3.7/site-packages/airflow/example_dags/example_branch_datetime_operator.py
[2024-11-12T08:05:11.229+0000] {logging_mixin.py:137} INFO - [2024-11-12T08:05:11.229+0000] {dag.py:2690} INFO - Sync 3 DAGs
[2024-11-12T08:05:11.259+0000] {logging_mixin.py:137} INFO - [2024-11-12T08:05:11.259+0000] {dag.py:3441} INFO - Setting next_dagrun for example_branch_datetime_operator to 2024-11-11T00:00:00+00:00, run_after=2024-11-12T00:00:00+00:00
[2024-11-12T08:05:11.264+0000] {logging_mixin.py:137} INFO - [2024-11-12T08:05:11.264+0000] {dag.py:3441} INFO - Setting next_dagrun for example_branch_datetime_operator_2 to 2024-11-11T00:00:00+00:00, run_after=2024-11-12T00:00:00+00:00
[2024-11-12T08:05:11.267+0000] {logging_mixin.py:137} INFO - [2024-11-12T08:05:11.267+0000] {dag.py:3441} INFO - Setting next_dagrun for example_branch_datetime_operator_3 to 2024-11-11T00:00:00+00:00, run_after=2024-11-12T00:00:00+00:00
[2024-11-12T08:05:11.294+0000] {processor.py:175} INFO - Processing /home/airflow/.local/lib/python3.7/site-packages/airflow/example_dags/example_branch_datetime_operator.py took 0.126 seconds
[2024-11-12T08:05:42.110+0000] {processor.py:153} INFO - Started process (PID=523) to work on /home/airflow/.local/lib/python3.7/site-packages/airflow/example_dags/example_branch_datetime_operator.py
[2024-11-12T08:05:42.111+0000] {processor.py:743} INFO - Processing file /home/airflow/.local/lib/python3.7/site-packages/airflow/example_dags/example_branch_datetime_operator.py for tasks to queue
[2024-11-12T08:05:42.112+0000] {logging_mixin.py:137} INFO - [2024-11-12T08:05:42.112+0000] {dagbag.py:538} INFO - Filling up the DagBag from /home/airflow/.local/lib/python3.7/site-packages/airflow/example_dags/example_branch_datetime_operator.py
[2024-11-12T08:05:42.131+0000] {processor.py:753} INFO - DAG(s) dict_keys(['example_branch_datetime_operator', 'example_branch_datetime_operator_3', 'example_branch_datetime_operator_2']) retrieved from /home/airflow/.local/lib/python3.7/site-packages/airflow/example_dags/example_branch_datetime_operator.py
[2024-11-12T08:05:42.168+0000] {logging_mixin.py:137} INFO - [2024-11-12T08:05:42.168+0000] {dag.py:2690} INFO - Sync 3 DAGs
[2024-11-12T08:05:42.197+0000] {logging_mixin.py:137} INFO - [2024-11-12T08:05:42.197+0000] {dag.py:3441} INFO - Setting next_dagrun for example_branch_datetime_operator to 2024-11-11T00:00:00+00:00, run_after=2024-11-12T00:00:00+00:00
[2024-11-12T08:05:42.204+0000] {logging_mixin.py:137} INFO - [2024-11-12T08:05:42.203+0000] {dag.py:3441} INFO - Setting next_dagrun for example_branch_datetime_operator_2 to 2024-11-11T00:00:00+00:00, run_after=2024-11-12T00:00:00+00:00
[2024-11-12T08:05:42.207+0000] {logging_mixin.py:137} INFO - [2024-11-12T08:05:42.207+0000] {dag.py:3441} INFO - Setting next_dagrun for example_branch_datetime_operator_3 to 2024-11-11T00:00:00+00:00, run_after=2024-11-12T00:00:00+00:00
[2024-11-12T08:05:42.230+0000] {processor.py:175} INFO - Processing /home/airflow/.local/lib/python3.7/site-packages/airflow/example_dags/example_branch_datetime_operator.py took 0.124 seconds
[2024-11-12T08:06:13.246+0000] {processor.py:153} INFO - Started process (PID=610) to work on /home/airflow/.local/lib/python3.7/site-packages/airflow/example_dags/example_branch_datetime_operator.py
[2024-11-12T08:06:13.248+0000] {processor.py:743} INFO - Processing file /home/airflow/.local/lib/python3.7/site-packages/airflow/example_dags/example_branch_datetime_operator.py for tasks to queue
[2024-11-12T08:06:13.249+0000] {logging_mixin.py:137} INFO - [2024-11-12T08:06:13.249+0000] {dagbag.py:538} INFO - Filling up the DagBag from /home/airflow/.local/lib/python3.7/site-packages/airflow/example_dags/example_branch_datetime_operator.py
[2024-11-12T08:06:13.284+0000] {processor.py:753} INFO - DAG(s) dict_keys(['example_branch_datetime_operator', 'example_branch_datetime_operator_2', 'example_branch_datetime_operator_3']) retrieved from /home/airflow/.local/lib/python3.7/site-packages/airflow/example_dags/example_branch_datetime_operator.py
[2024-11-12T08:06:13.350+0000] {logging_mixin.py:137} INFO - [2024-11-12T08:06:13.349+0000] {dag.py:2690} INFO - Sync 3 DAGs
[2024-11-12T08:06:13.396+0000] {logging_mixin.py:137} INFO - [2024-11-12T08:06:13.396+0000] {dag.py:3441} INFO - Setting next_dagrun for example_branch_datetime_operator to 2024-11-11T00:00:00+00:00, run_after=2024-11-12T00:00:00+00:00
[2024-11-12T08:06:13.405+0000] {logging_mixin.py:137} INFO - [2024-11-12T08:06:13.404+0000] {dag.py:3441} INFO - Setting next_dagrun for example_branch_datetime_operator_2 to 2024-11-11T00:00:00+00:00, run_after=2024-11-12T00:00:00+00:00
[2024-11-12T08:06:13.409+0000] {logging_mixin.py:137} INFO - [2024-11-12T08:06:13.409+0000] {dag.py:3441} INFO - Setting next_dagrun for example_branch_datetime_operator_3 to 2024-11-11T00:00:00+00:00, run_after=2024-11-12T00:00:00+00:00
[2024-11-12T08:06:13.441+0000] {processor.py:175} INFO - Processing /home/airflow/.local/lib/python3.7/site-packages/airflow/example_dags/example_branch_datetime_operator.py took 0.202 seconds
[2024-11-12T08:06:43.497+0000] {processor.py:153} INFO - Started process (PID=681) to work on /home/airflow/.local/lib/python3.7/site-packages/airflow/example_dags/example_branch_datetime_operator.py
[2024-11-12T08:06:43.499+0000] {processor.py:743} INFO - Processing file /home/airflow/.local/lib/python3.7/site-packages/airflow/example_dags/example_branch_datetime_operator.py for tasks to queue
[2024-11-12T08:06:43.499+0000] {logging_mixin.py:137} INFO - [2024-11-12T08:06:43.499+0000] {dagbag.py:538} INFO - Filling up the DagBag from /home/airflow/.local/lib/python3.7/site-packages/airflow/example_dags/example_branch_datetime_operator.py
[2024-11-12T08:06:43.519+0000] {processor.py:753} INFO - DAG(s) dict_keys(['example_branch_datetime_operator_2', 'example_branch_datetime_operator_3', 'example_branch_datetime_operator']) retrieved from /home/airflow/.local/lib/python3.7/site-packages/airflow/example_dags/example_branch_datetime_operator.py
[2024-11-12T08:06:43.552+0000] {logging_mixin.py:137} INFO - [2024-11-12T08:06:43.551+0000] {dag.py:2690} INFO - Sync 3 DAGs
[2024-11-12T08:06:43.582+0000] {logging_mixin.py:137} INFO - [2024-11-12T08:06:43.582+0000] {dag.py:3441} INFO - Setting next_dagrun for example_branch_datetime_operator to 2024-11-11T00:00:00+00:00, run_after=2024-11-12T00:00:00+00:00
[2024-11-12T08:06:43.587+0000] {logging_mixin.py:137} INFO - [2024-11-12T08:06:43.587+0000] {dag.py:3441} INFO - Setting next_dagrun for example_branch_datetime_operator_2 to 2024-11-11T00:00:00+00:00, run_after=2024-11-12T00:00:00+00:00
[2024-11-12T08:06:43.591+0000] {logging_mixin.py:137} INFO - [2024-11-12T08:06:43.591+0000] {dag.py:3441} INFO - Setting next_dagrun for example_branch_datetime_operator_3 to 2024-11-11T00:00:00+00:00, run_after=2024-11-12T00:00:00+00:00
[2024-11-12T08:06:43.611+0000] {processor.py:175} INFO - Processing /home/airflow/.local/lib/python3.7/site-packages/airflow/example_dags/example_branch_datetime_operator.py took 0.118 seconds
[2024-11-12T08:07:14.528+0000] {processor.py:153} INFO - Started process (PID=768) to work on /home/airflow/.local/lib/python3.7/site-packages/airflow/example_dags/example_branch_datetime_operator.py
[2024-11-12T08:07:14.530+0000] {processor.py:743} INFO - Processing file /home/airflow/.local/lib/python3.7/site-packages/airflow/example_dags/example_branch_datetime_operator.py for tasks to queue
[2024-11-12T08:07:14.530+0000] {logging_mixin.py:137} INFO - [2024-11-12T08:07:14.530+0000] {dagbag.py:538} INFO - Filling up the DagBag from /home/airflow/.local/lib/python3.7/site-packages/airflow/example_dags/example_branch_datetime_operator.py
[2024-11-12T08:07:14.555+0000] {processor.py:753} INFO - DAG(s) dict_keys(['example_branch_datetime_operator', 'example_branch_datetime_operator_2', 'example_branch_datetime_operator_3']) retrieved from /home/airflow/.local/lib/python3.7/site-packages/airflow/example_dags/example_branch_datetime_operator.py
[2024-11-12T08:07:14.593+0000] {logging_mixin.py:137} INFO - [2024-11-12T08:07:14.593+0000] {dag.py:2690} INFO - Sync 3 DAGs
[2024-11-12T08:07:14.624+0000] {logging_mixin.py:137} INFO - [2024-11-12T08:07:14.624+0000] {dag.py:3441} INFO - Setting next_dagrun for example_branch_datetime_operator to 2024-11-11T00:00:00+00:00, run_after=2024-11-12T00:00:00+00:00
[2024-11-12T08:07:14.631+0000] {logging_mixin.py:137} INFO - [2024-11-12T08:07:14.631+0000] {dag.py:3441} INFO - Setting next_dagrun for example_branch_datetime_operator_2 to 2024-11-11T00:00:00+00:00, run_after=2024-11-12T00:00:00+00:00
[2024-11-12T08:07:14.635+0000] {logging_mixin.py:137} INFO - [2024-11-12T08:07:14.635+0000] {dag.py:3441} INFO - Setting next_dagrun for example_branch_datetime_operator_3 to 2024-11-11T00:00:00+00:00, run_after=2024-11-12T00:00:00+00:00
[2024-11-12T08:07:14.662+0000] {processor.py:175} INFO - Processing /home/airflow/.local/lib/python3.7/site-packages/airflow/example_dags/example_branch_datetime_operator.py took 0.137 seconds
