[2024-11-12T07:54:48.973+0000] {processor.py:153} INFO - Started process (PID=89) to work on /home/airflow/.local/lib/python3.7/site-packages/airflow/example_dags/example_complex.py
[2024-11-12T07:54:48.974+0000] {processor.py:743} INFO - Processing file /home/airflow/.local/lib/python3.7/site-packages/airflow/example_dags/example_complex.py for tasks to queue
[2024-11-12T07:54:48.976+0000] {logging_mixin.py:137} INFO - [2024-11-12T07:54:48.975+0000] {dagbag.py:538} INFO - Filling up the DagBag from /home/airflow/.local/lib/python3.7/site-packages/airflow/example_dags/example_complex.py
[2024-11-12T07:54:48.994+0000] {logging_mixin.py:137} INFO - [2024-11-12T07:54:48.994+0000] {taskmixin.py:205} WARNING - Dependency <Task(BashOperator): create_entry_group>, delete_entry_group already registered for DAG: example_complex
[2024-11-12T07:54:48.995+0000] {logging_mixin.py:137} INFO - [2024-11-12T07:54:48.994+0000] {taskmixin.py:205} WARNING - Dependency <Task(BashOperator): delete_entry_group>, create_entry_group already registered for DAG: example_complex
[2024-11-12T07:54:48.995+0000] {logging_mixin.py:137} INFO - [2024-11-12T07:54:48.995+0000] {taskmixin.py:205} WARNING - Dependency <Task(BashOperator): create_entry_gcs>, delete_entry already registered for DAG: example_complex
[2024-11-12T07:54:48.995+0000] {logging_mixin.py:137} INFO - [2024-11-12T07:54:48.995+0000] {taskmixin.py:205} WARNING - Dependency <Task(BashOperator): delete_entry>, create_entry_gcs already registered for DAG: example_complex
[2024-11-12T07:54:48.995+0000] {logging_mixin.py:137} INFO - [2024-11-12T07:54:48.995+0000] {taskmixin.py:205} WARNING - Dependency <Task(BashOperator): create_tag>, delete_tag already registered for DAG: example_complex
[2024-11-12T07:54:48.996+0000] {logging_mixin.py:137} INFO - [2024-11-12T07:54:48.996+0000] {taskmixin.py:205} WARNING - Dependency <Task(BashOperator): delete_tag>, create_tag already registered for DAG: example_complex
[2024-11-12T07:54:49.007+0000] {processor.py:753} INFO - DAG(s) dict_keys(['example_complex']) retrieved from /home/airflow/.local/lib/python3.7/site-packages/airflow/example_dags/example_complex.py
[2024-11-12T07:54:49.022+0000] {logging_mixin.py:137} INFO - [2024-11-12T07:54:49.022+0000] {dag.py:2690} INFO - Sync 1 DAGs
[2024-11-12T07:54:49.049+0000] {logging_mixin.py:137} INFO - [2024-11-12T07:54:49.049+0000] {dag.py:3441} INFO - Setting next_dagrun for example_complex to None, run_after=None
[2024-11-12T07:54:49.073+0000] {processor.py:175} INFO - Processing /home/airflow/.local/lib/python3.7/site-packages/airflow/example_dags/example_complex.py took 0.104 seconds
[2024-11-12T07:55:19.129+0000] {processor.py:153} INFO - Started process (PID=160) to work on /home/airflow/.local/lib/python3.7/site-packages/airflow/example_dags/example_complex.py
[2024-11-12T07:55:19.132+0000] {processor.py:743} INFO - Processing file /home/airflow/.local/lib/python3.7/site-packages/airflow/example_dags/example_complex.py for tasks to queue
[2024-11-12T07:55:19.132+0000] {logging_mixin.py:137} INFO - [2024-11-12T07:55:19.132+0000] {dagbag.py:538} INFO - Filling up the DagBag from /home/airflow/.local/lib/python3.7/site-packages/airflow/example_dags/example_complex.py
[2024-11-12T07:55:19.142+0000] {logging_mixin.py:137} INFO - [2024-11-12T07:55:19.142+0000] {taskmixin.py:205} WARNING - Dependency <Task(BashOperator): create_entry_group>, delete_entry_group already registered for DAG: example_complex
[2024-11-12T07:55:19.142+0000] {logging_mixin.py:137} INFO - [2024-11-12T07:55:19.142+0000] {taskmixin.py:205} WARNING - Dependency <Task(BashOperator): delete_entry_group>, create_entry_group already registered for DAG: example_complex
[2024-11-12T07:55:19.143+0000] {logging_mixin.py:137} INFO - [2024-11-12T07:55:19.143+0000] {taskmixin.py:205} WARNING - Dependency <Task(BashOperator): create_entry_gcs>, delete_entry already registered for DAG: example_complex
[2024-11-12T07:55:19.143+0000] {logging_mixin.py:137} INFO - [2024-11-12T07:55:19.143+0000] {taskmixin.py:205} WARNING - Dependency <Task(BashOperator): delete_entry>, create_entry_gcs already registered for DAG: example_complex
[2024-11-12T07:55:19.143+0000] {logging_mixin.py:137} INFO - [2024-11-12T07:55:19.143+0000] {taskmixin.py:205} WARNING - Dependency <Task(BashOperator): create_tag>, delete_tag already registered for DAG: example_complex
[2024-11-12T07:55:19.143+0000] {logging_mixin.py:137} INFO - [2024-11-12T07:55:19.143+0000] {taskmixin.py:205} WARNING - Dependency <Task(BashOperator): delete_tag>, create_tag already registered for DAG: example_complex
[2024-11-12T07:55:19.149+0000] {processor.py:753} INFO - DAG(s) dict_keys(['example_complex']) retrieved from /home/airflow/.local/lib/python3.7/site-packages/airflow/example_dags/example_complex.py
[2024-11-12T07:55:19.180+0000] {logging_mixin.py:137} INFO - [2024-11-12T07:55:19.179+0000] {dag.py:2690} INFO - Sync 1 DAGs
[2024-11-12T07:55:19.207+0000] {logging_mixin.py:137} INFO - [2024-11-12T07:55:19.207+0000] {dag.py:3441} INFO - Setting next_dagrun for example_complex to None, run_after=None
[2024-11-12T07:55:19.229+0000] {processor.py:175} INFO - Processing /home/airflow/.local/lib/python3.7/site-packages/airflow/example_dags/example_complex.py took 0.103 seconds
[2024-11-12T07:55:50.307+0000] {processor.py:153} INFO - Started process (PID=247) to work on /home/airflow/.local/lib/python3.7/site-packages/airflow/example_dags/example_complex.py
[2024-11-12T07:55:50.309+0000] {processor.py:743} INFO - Processing file /home/airflow/.local/lib/python3.7/site-packages/airflow/example_dags/example_complex.py for tasks to queue
[2024-11-12T07:55:50.309+0000] {logging_mixin.py:137} INFO - [2024-11-12T07:55:50.309+0000] {dagbag.py:538} INFO - Filling up the DagBag from /home/airflow/.local/lib/python3.7/site-packages/airflow/example_dags/example_complex.py
[2024-11-12T07:55:50.325+0000] {logging_mixin.py:137} INFO - [2024-11-12T07:55:50.325+0000] {taskmixin.py:205} WARNING - Dependency <Task(BashOperator): create_entry_group>, delete_entry_group already registered for DAG: example_complex
[2024-11-12T07:55:50.325+0000] {logging_mixin.py:137} INFO - [2024-11-12T07:55:50.325+0000] {taskmixin.py:205} WARNING - Dependency <Task(BashOperator): delete_entry_group>, create_entry_group already registered for DAG: example_complex
[2024-11-12T07:55:50.325+0000] {logging_mixin.py:137} INFO - [2024-11-12T07:55:50.325+0000] {taskmixin.py:205} WARNING - Dependency <Task(BashOperator): create_entry_gcs>, delete_entry already registered for DAG: example_complex
[2024-11-12T07:55:50.325+0000] {logging_mixin.py:137} INFO - [2024-11-12T07:55:50.325+0000] {taskmixin.py:205} WARNING - Dependency <Task(BashOperator): delete_entry>, create_entry_gcs already registered for DAG: example_complex
[2024-11-12T07:55:50.326+0000] {logging_mixin.py:137} INFO - [2024-11-12T07:55:50.326+0000] {taskmixin.py:205} WARNING - Dependency <Task(BashOperator): create_tag>, delete_tag already registered for DAG: example_complex
[2024-11-12T07:55:50.326+0000] {logging_mixin.py:137} INFO - [2024-11-12T07:55:50.326+0000] {taskmixin.py:205} WARNING - Dependency <Task(BashOperator): delete_tag>, create_tag already registered for DAG: example_complex
[2024-11-12T07:55:50.335+0000] {processor.py:753} INFO - DAG(s) dict_keys(['example_complex']) retrieved from /home/airflow/.local/lib/python3.7/site-packages/airflow/example_dags/example_complex.py
[2024-11-12T07:55:50.378+0000] {logging_mixin.py:137} INFO - [2024-11-12T07:55:50.378+0000] {dag.py:2690} INFO - Sync 1 DAGs
[2024-11-12T07:55:50.420+0000] {logging_mixin.py:137} INFO - [2024-11-12T07:55:50.420+0000] {dag.py:3441} INFO - Setting next_dagrun for example_complex to None, run_after=None
[2024-11-12T07:55:50.447+0000] {processor.py:175} INFO - Processing /home/airflow/.local/lib/python3.7/site-packages/airflow/example_dags/example_complex.py took 0.144 seconds
[2024-11-12T07:56:20.530+0000] {processor.py:153} INFO - Started process (PID=318) to work on /home/airflow/.local/lib/python3.7/site-packages/airflow/example_dags/example_complex.py
[2024-11-12T07:56:20.532+0000] {processor.py:743} INFO - Processing file /home/airflow/.local/lib/python3.7/site-packages/airflow/example_dags/example_complex.py for tasks to queue
[2024-11-12T07:56:20.532+0000] {logging_mixin.py:137} INFO - [2024-11-12T07:56:20.532+0000] {dagbag.py:538} INFO - Filling up the DagBag from /home/airflow/.local/lib/python3.7/site-packages/airflow/example_dags/example_complex.py
[2024-11-12T07:56:20.543+0000] {logging_mixin.py:137} INFO - [2024-11-12T07:56:20.543+0000] {taskmixin.py:205} WARNING - Dependency <Task(BashOperator): create_entry_group>, delete_entry_group already registered for DAG: example_complex
[2024-11-12T07:56:20.543+0000] {logging_mixin.py:137} INFO - [2024-11-12T07:56:20.543+0000] {taskmixin.py:205} WARNING - Dependency <Task(BashOperator): delete_entry_group>, create_entry_group already registered for DAG: example_complex
[2024-11-12T07:56:20.544+0000] {logging_mixin.py:137} INFO - [2024-11-12T07:56:20.544+0000] {taskmixin.py:205} WARNING - Dependency <Task(BashOperator): create_entry_gcs>, delete_entry already registered for DAG: example_complex
[2024-11-12T07:56:20.544+0000] {logging_mixin.py:137} INFO - [2024-11-12T07:56:20.544+0000] {taskmixin.py:205} WARNING - Dependency <Task(BashOperator): delete_entry>, create_entry_gcs already registered for DAG: example_complex
[2024-11-12T07:56:20.544+0000] {logging_mixin.py:137} INFO - [2024-11-12T07:56:20.544+0000] {taskmixin.py:205} WARNING - Dependency <Task(BashOperator): create_tag>, delete_tag already registered for DAG: example_complex
[2024-11-12T07:56:20.544+0000] {logging_mixin.py:137} INFO - [2024-11-12T07:56:20.544+0000] {taskmixin.py:205} WARNING - Dependency <Task(BashOperator): delete_tag>, create_tag already registered for DAG: example_complex
[2024-11-12T07:56:20.551+0000] {processor.py:753} INFO - DAG(s) dict_keys(['example_complex']) retrieved from /home/airflow/.local/lib/python3.7/site-packages/airflow/example_dags/example_complex.py
[2024-11-12T07:56:20.583+0000] {logging_mixin.py:137} INFO - [2024-11-12T07:56:20.583+0000] {dag.py:2690} INFO - Sync 1 DAGs
[2024-11-12T07:56:20.611+0000] {logging_mixin.py:137} INFO - [2024-11-12T07:56:20.611+0000] {dag.py:3441} INFO - Setting next_dagrun for example_complex to None, run_after=None
[2024-11-12T07:56:20.636+0000] {processor.py:175} INFO - Processing /home/airflow/.local/lib/python3.7/site-packages/airflow/example_dags/example_complex.py took 0.110 seconds
[2024-11-12T07:56:51.383+0000] {processor.py:153} INFO - Started process (PID=398) to work on /home/airflow/.local/lib/python3.7/site-packages/airflow/example_dags/example_complex.py
[2024-11-12T07:56:51.384+0000] {processor.py:743} INFO - Processing file /home/airflow/.local/lib/python3.7/site-packages/airflow/example_dags/example_complex.py for tasks to queue
[2024-11-12T07:56:51.385+0000] {logging_mixin.py:137} INFO - [2024-11-12T07:56:51.385+0000] {dagbag.py:538} INFO - Filling up the DagBag from /home/airflow/.local/lib/python3.7/site-packages/airflow/example_dags/example_complex.py
[2024-11-12T07:56:51.402+0000] {logging_mixin.py:137} INFO - [2024-11-12T07:56:51.402+0000] {taskmixin.py:205} WARNING - Dependency <Task(BashOperator): create_entry_group>, delete_entry_group already registered for DAG: example_complex
[2024-11-12T07:56:51.403+0000] {logging_mixin.py:137} INFO - [2024-11-12T07:56:51.403+0000] {taskmixin.py:205} WARNING - Dependency <Task(BashOperator): delete_entry_group>, create_entry_group already registered for DAG: example_complex
[2024-11-12T07:56:51.403+0000] {logging_mixin.py:137} INFO - [2024-11-12T07:56:51.403+0000] {taskmixin.py:205} WARNING - Dependency <Task(BashOperator): create_entry_gcs>, delete_entry already registered for DAG: example_complex
[2024-11-12T07:56:51.403+0000] {logging_mixin.py:137} INFO - [2024-11-12T07:56:51.403+0000] {taskmixin.py:205} WARNING - Dependency <Task(BashOperator): delete_entry>, create_entry_gcs already registered for DAG: example_complex
[2024-11-12T07:56:51.404+0000] {logging_mixin.py:137} INFO - [2024-11-12T07:56:51.404+0000] {taskmixin.py:205} WARNING - Dependency <Task(BashOperator): create_tag>, delete_tag already registered for DAG: example_complex
[2024-11-12T07:56:51.404+0000] {logging_mixin.py:137} INFO - [2024-11-12T07:56:51.404+0000] {taskmixin.py:205} WARNING - Dependency <Task(BashOperator): delete_tag>, create_tag already registered for DAG: example_complex
[2024-11-12T07:56:51.415+0000] {processor.py:753} INFO - DAG(s) dict_keys(['example_complex']) retrieved from /home/airflow/.local/lib/python3.7/site-packages/airflow/example_dags/example_complex.py
[2024-11-12T07:56:51.457+0000] {logging_mixin.py:137} INFO - [2024-11-12T07:56:51.457+0000] {dag.py:2690} INFO - Sync 1 DAGs
[2024-11-12T07:56:51.495+0000] {logging_mixin.py:137} INFO - [2024-11-12T07:56:51.494+0000] {dag.py:3441} INFO - Setting next_dagrun for example_complex to None, run_after=None
[2024-11-12T07:56:51.530+0000] {processor.py:175} INFO - Processing /home/airflow/.local/lib/python3.7/site-packages/airflow/example_dags/example_complex.py took 0.152 seconds
[2024-11-12T07:57:22.203+0000] {processor.py:153} INFO - Started process (PID=476) to work on /home/airflow/.local/lib/python3.7/site-packages/airflow/example_dags/example_complex.py
[2024-11-12T07:57:22.205+0000] {processor.py:743} INFO - Processing file /home/airflow/.local/lib/python3.7/site-packages/airflow/example_dags/example_complex.py for tasks to queue
[2024-11-12T07:57:22.205+0000] {logging_mixin.py:137} INFO - [2024-11-12T07:57:22.205+0000] {dagbag.py:538} INFO - Filling up the DagBag from /home/airflow/.local/lib/python3.7/site-packages/airflow/example_dags/example_complex.py
[2024-11-12T07:57:22.215+0000] {logging_mixin.py:137} INFO - [2024-11-12T07:57:22.215+0000] {taskmixin.py:205} WARNING - Dependency <Task(BashOperator): create_entry_group>, delete_entry_group already registered for DAG: example_complex
[2024-11-12T07:57:22.215+0000] {logging_mixin.py:137} INFO - [2024-11-12T07:57:22.215+0000] {taskmixin.py:205} WARNING - Dependency <Task(BashOperator): delete_entry_group>, create_entry_group already registered for DAG: example_complex
[2024-11-12T07:57:22.215+0000] {logging_mixin.py:137} INFO - [2024-11-12T07:57:22.215+0000] {taskmixin.py:205} WARNING - Dependency <Task(BashOperator): create_entry_gcs>, delete_entry already registered for DAG: example_complex
[2024-11-12T07:57:22.216+0000] {logging_mixin.py:137} INFO - [2024-11-12T07:57:22.215+0000] {taskmixin.py:205} WARNING - Dependency <Task(BashOperator): delete_entry>, create_entry_gcs already registered for DAG: example_complex
[2024-11-12T07:57:22.216+0000] {logging_mixin.py:137} INFO - [2024-11-12T07:57:22.216+0000] {taskmixin.py:205} WARNING - Dependency <Task(BashOperator): create_tag>, delete_tag already registered for DAG: example_complex
[2024-11-12T07:57:22.216+0000] {logging_mixin.py:137} INFO - [2024-11-12T07:57:22.216+0000] {taskmixin.py:205} WARNING - Dependency <Task(BashOperator): delete_tag>, create_tag already registered for DAG: example_complex
[2024-11-12T07:57:22.222+0000] {processor.py:753} INFO - DAG(s) dict_keys(['example_complex']) retrieved from /home/airflow/.local/lib/python3.7/site-packages/airflow/example_dags/example_complex.py
[2024-11-12T07:57:22.254+0000] {logging_mixin.py:137} INFO - [2024-11-12T07:57:22.253+0000] {dag.py:2690} INFO - Sync 1 DAGs
[2024-11-12T07:57:22.278+0000] {logging_mixin.py:137} INFO - [2024-11-12T07:57:22.278+0000] {dag.py:3441} INFO - Setting next_dagrun for example_complex to None, run_after=None
[2024-11-12T07:57:22.300+0000] {processor.py:175} INFO - Processing /home/airflow/.local/lib/python3.7/site-packages/airflow/example_dags/example_complex.py took 0.100 seconds
[2024-11-12T07:57:52.602+0000] {processor.py:153} INFO - Started process (PID=556) to work on /home/airflow/.local/lib/python3.7/site-packages/airflow/example_dags/example_complex.py
[2024-11-12T07:57:52.605+0000] {processor.py:743} INFO - Processing file /home/airflow/.local/lib/python3.7/site-packages/airflow/example_dags/example_complex.py for tasks to queue
[2024-11-12T07:57:52.606+0000] {logging_mixin.py:137} INFO - [2024-11-12T07:57:52.606+0000] {dagbag.py:538} INFO - Filling up the DagBag from /home/airflow/.local/lib/python3.7/site-packages/airflow/example_dags/example_complex.py
[2024-11-12T07:57:52.633+0000] {logging_mixin.py:137} INFO - [2024-11-12T07:57:52.633+0000] {taskmixin.py:205} WARNING - Dependency <Task(BashOperator): create_entry_group>, delete_entry_group already registered for DAG: example_complex
[2024-11-12T07:57:52.633+0000] {logging_mixin.py:137} INFO - [2024-11-12T07:57:52.633+0000] {taskmixin.py:205} WARNING - Dependency <Task(BashOperator): delete_entry_group>, create_entry_group already registered for DAG: example_complex
[2024-11-12T07:57:52.634+0000] {logging_mixin.py:137} INFO - [2024-11-12T07:57:52.633+0000] {taskmixin.py:205} WARNING - Dependency <Task(BashOperator): create_entry_gcs>, delete_entry already registered for DAG: example_complex
[2024-11-12T07:57:52.634+0000] {logging_mixin.py:137} INFO - [2024-11-12T07:57:52.634+0000] {taskmixin.py:205} WARNING - Dependency <Task(BashOperator): delete_entry>, create_entry_gcs already registered for DAG: example_complex
[2024-11-12T07:57:52.634+0000] {logging_mixin.py:137} INFO - [2024-11-12T07:57:52.634+0000] {taskmixin.py:205} WARNING - Dependency <Task(BashOperator): create_tag>, delete_tag already registered for DAG: example_complex
[2024-11-12T07:57:52.635+0000] {logging_mixin.py:137} INFO - [2024-11-12T07:57:52.635+0000] {taskmixin.py:205} WARNING - Dependency <Task(BashOperator): delete_tag>, create_tag already registered for DAG: example_complex
[2024-11-12T07:57:52.652+0000] {processor.py:753} INFO - DAG(s) dict_keys(['example_complex']) retrieved from /home/airflow/.local/lib/python3.7/site-packages/airflow/example_dags/example_complex.py
[2024-11-12T07:57:52.714+0000] {logging_mixin.py:137} INFO - [2024-11-12T07:57:52.713+0000] {dag.py:2690} INFO - Sync 1 DAGs
[2024-11-12T07:57:52.744+0000] {logging_mixin.py:137} INFO - [2024-11-12T07:57:52.744+0000] {dag.py:3441} INFO - Setting next_dagrun for example_complex to None, run_after=None
[2024-11-12T07:57:52.768+0000] {processor.py:175} INFO - Processing /home/airflow/.local/lib/python3.7/site-packages/airflow/example_dags/example_complex.py took 0.171 seconds
[2024-11-12T07:58:22.808+0000] {processor.py:153} INFO - Started process (PID=634) to work on /home/airflow/.local/lib/python3.7/site-packages/airflow/example_dags/example_complex.py
[2024-11-12T07:58:22.809+0000] {processor.py:743} INFO - Processing file /home/airflow/.local/lib/python3.7/site-packages/airflow/example_dags/example_complex.py for tasks to queue
[2024-11-12T07:58:22.810+0000] {logging_mixin.py:137} INFO - [2024-11-12T07:58:22.809+0000] {dagbag.py:538} INFO - Filling up the DagBag from /home/airflow/.local/lib/python3.7/site-packages/airflow/example_dags/example_complex.py
[2024-11-12T07:58:22.820+0000] {logging_mixin.py:137} INFO - [2024-11-12T07:58:22.820+0000] {taskmixin.py:205} WARNING - Dependency <Task(BashOperator): create_entry_group>, delete_entry_group already registered for DAG: example_complex
[2024-11-12T07:58:22.820+0000] {logging_mixin.py:137} INFO - [2024-11-12T07:58:22.820+0000] {taskmixin.py:205} WARNING - Dependency <Task(BashOperator): delete_entry_group>, create_entry_group already registered for DAG: example_complex
[2024-11-12T07:58:22.821+0000] {logging_mixin.py:137} INFO - [2024-11-12T07:58:22.821+0000] {taskmixin.py:205} WARNING - Dependency <Task(BashOperator): create_entry_gcs>, delete_entry already registered for DAG: example_complex
[2024-11-12T07:58:22.821+0000] {logging_mixin.py:137} INFO - [2024-11-12T07:58:22.821+0000] {taskmixin.py:205} WARNING - Dependency <Task(BashOperator): delete_entry>, create_entry_gcs already registered for DAG: example_complex
[2024-11-12T07:58:22.821+0000] {logging_mixin.py:137} INFO - [2024-11-12T07:58:22.821+0000] {taskmixin.py:205} WARNING - Dependency <Task(BashOperator): create_tag>, delete_tag already registered for DAG: example_complex
[2024-11-12T07:58:22.821+0000] {logging_mixin.py:137} INFO - [2024-11-12T07:58:22.821+0000] {taskmixin.py:205} WARNING - Dependency <Task(BashOperator): delete_tag>, create_tag already registered for DAG: example_complex
[2024-11-12T07:58:22.827+0000] {processor.py:753} INFO - DAG(s) dict_keys(['example_complex']) retrieved from /home/airflow/.local/lib/python3.7/site-packages/airflow/example_dags/example_complex.py
[2024-11-12T07:58:22.858+0000] {logging_mixin.py:137} INFO - [2024-11-12T07:58:22.857+0000] {dag.py:2690} INFO - Sync 1 DAGs
[2024-11-12T07:58:22.880+0000] {logging_mixin.py:137} INFO - [2024-11-12T07:58:22.879+0000] {dag.py:3441} INFO - Setting next_dagrun for example_complex to None, run_after=None
[2024-11-12T07:58:22.902+0000] {processor.py:175} INFO - Processing /home/airflow/.local/lib/python3.7/site-packages/airflow/example_dags/example_complex.py took 0.098 seconds
[2024-11-12T07:58:53.879+0000] {processor.py:153} INFO - Started process (PID=715) to work on /home/airflow/.local/lib/python3.7/site-packages/airflow/example_dags/example_complex.py
[2024-11-12T07:58:53.880+0000] {processor.py:743} INFO - Processing file /home/airflow/.local/lib/python3.7/site-packages/airflow/example_dags/example_complex.py for tasks to queue
[2024-11-12T07:58:53.881+0000] {logging_mixin.py:137} INFO - [2024-11-12T07:58:53.881+0000] {dagbag.py:538} INFO - Filling up the DagBag from /home/airflow/.local/lib/python3.7/site-packages/airflow/example_dags/example_complex.py
[2024-11-12T07:58:53.902+0000] {logging_mixin.py:137} INFO - [2024-11-12T07:58:53.902+0000] {taskmixin.py:205} WARNING - Dependency <Task(BashOperator): create_entry_group>, delete_entry_group already registered for DAG: example_complex
[2024-11-12T07:58:53.903+0000] {logging_mixin.py:137} INFO - [2024-11-12T07:58:53.903+0000] {taskmixin.py:205} WARNING - Dependency <Task(BashOperator): delete_entry_group>, create_entry_group already registered for DAG: example_complex
[2024-11-12T07:58:53.903+0000] {logging_mixin.py:137} INFO - [2024-11-12T07:58:53.903+0000] {taskmixin.py:205} WARNING - Dependency <Task(BashOperator): create_entry_gcs>, delete_entry already registered for DAG: example_complex
[2024-11-12T07:58:53.904+0000] {logging_mixin.py:137} INFO - [2024-11-12T07:58:53.904+0000] {taskmixin.py:205} WARNING - Dependency <Task(BashOperator): delete_entry>, create_entry_gcs already registered for DAG: example_complex
[2024-11-12T07:58:53.904+0000] {logging_mixin.py:137} INFO - [2024-11-12T07:58:53.904+0000] {taskmixin.py:205} WARNING - Dependency <Task(BashOperator): create_tag>, delete_tag already registered for DAG: example_complex
[2024-11-12T07:58:53.904+0000] {logging_mixin.py:137} INFO - [2024-11-12T07:58:53.904+0000] {taskmixin.py:205} WARNING - Dependency <Task(BashOperator): delete_tag>, create_tag already registered for DAG: example_complex
[2024-11-12T07:58:53.913+0000] {processor.py:753} INFO - DAG(s) dict_keys(['example_complex']) retrieved from /home/airflow/.local/lib/python3.7/site-packages/airflow/example_dags/example_complex.py
[2024-11-12T07:58:53.959+0000] {logging_mixin.py:137} INFO - [2024-11-12T07:58:53.959+0000] {dag.py:2690} INFO - Sync 1 DAGs
[2024-11-12T07:58:53.993+0000] {logging_mixin.py:137} INFO - [2024-11-12T07:58:53.993+0000] {dag.py:3441} INFO - Setting next_dagrun for example_complex to None, run_after=None
[2024-11-12T07:58:54.025+0000] {processor.py:175} INFO - Processing /home/airflow/.local/lib/python3.7/site-packages/airflow/example_dags/example_complex.py took 0.152 seconds
[2024-11-12T07:59:24.129+0000] {processor.py:153} INFO - Started process (PID=794) to work on /home/airflow/.local/lib/python3.7/site-packages/airflow/example_dags/example_complex.py
[2024-11-12T07:59:24.130+0000] {processor.py:743} INFO - Processing file /home/airflow/.local/lib/python3.7/site-packages/airflow/example_dags/example_complex.py for tasks to queue
[2024-11-12T07:59:24.130+0000] {logging_mixin.py:137} INFO - [2024-11-12T07:59:24.130+0000] {dagbag.py:538} INFO - Filling up the DagBag from /home/airflow/.local/lib/python3.7/site-packages/airflow/example_dags/example_complex.py
[2024-11-12T07:59:24.140+0000] {logging_mixin.py:137} INFO - [2024-11-12T07:59:24.140+0000] {taskmixin.py:205} WARNING - Dependency <Task(BashOperator): create_entry_group>, delete_entry_group already registered for DAG: example_complex
[2024-11-12T07:59:24.140+0000] {logging_mixin.py:137} INFO - [2024-11-12T07:59:24.140+0000] {taskmixin.py:205} WARNING - Dependency <Task(BashOperator): delete_entry_group>, create_entry_group already registered for DAG: example_complex
[2024-11-12T07:59:24.140+0000] {logging_mixin.py:137} INFO - [2024-11-12T07:59:24.140+0000] {taskmixin.py:205} WARNING - Dependency <Task(BashOperator): create_entry_gcs>, delete_entry already registered for DAG: example_complex
[2024-11-12T07:59:24.140+0000] {logging_mixin.py:137} INFO - [2024-11-12T07:59:24.140+0000] {taskmixin.py:205} WARNING - Dependency <Task(BashOperator): delete_entry>, create_entry_gcs already registered for DAG: example_complex
[2024-11-12T07:59:24.141+0000] {logging_mixin.py:137} INFO - [2024-11-12T07:59:24.141+0000] {taskmixin.py:205} WARNING - Dependency <Task(BashOperator): create_tag>, delete_tag already registered for DAG: example_complex
[2024-11-12T07:59:24.141+0000] {logging_mixin.py:137} INFO - [2024-11-12T07:59:24.141+0000] {taskmixin.py:205} WARNING - Dependency <Task(BashOperator): delete_tag>, create_tag already registered for DAG: example_complex
[2024-11-12T07:59:24.147+0000] {processor.py:753} INFO - DAG(s) dict_keys(['example_complex']) retrieved from /home/airflow/.local/lib/python3.7/site-packages/airflow/example_dags/example_complex.py
[2024-11-12T07:59:24.177+0000] {logging_mixin.py:137} INFO - [2024-11-12T07:59:24.176+0000] {dag.py:2690} INFO - Sync 1 DAGs
[2024-11-12T07:59:24.199+0000] {logging_mixin.py:137} INFO - [2024-11-12T07:59:24.199+0000] {dag.py:3441} INFO - Setting next_dagrun for example_complex to None, run_after=None
[2024-11-12T07:59:24.221+0000] {processor.py:175} INFO - Processing /home/airflow/.local/lib/python3.7/site-packages/airflow/example_dags/example_complex.py took 0.095 seconds
[2024-11-12T07:59:54.349+0000] {processor.py:153} INFO - Started process (PID=865) to work on /home/airflow/.local/lib/python3.7/site-packages/airflow/example_dags/example_complex.py
[2024-11-12T07:59:54.350+0000] {processor.py:743} INFO - Processing file /home/airflow/.local/lib/python3.7/site-packages/airflow/example_dags/example_complex.py for tasks to queue
[2024-11-12T07:59:54.351+0000] {logging_mixin.py:137} INFO - [2024-11-12T07:59:54.351+0000] {dagbag.py:538} INFO - Filling up the DagBag from /home/airflow/.local/lib/python3.7/site-packages/airflow/example_dags/example_complex.py
[2024-11-12T07:59:54.363+0000] {logging_mixin.py:137} INFO - [2024-11-12T07:59:54.363+0000] {taskmixin.py:205} WARNING - Dependency <Task(BashOperator): create_entry_group>, delete_entry_group already registered for DAG: example_complex
[2024-11-12T07:59:54.364+0000] {logging_mixin.py:137} INFO - [2024-11-12T07:59:54.363+0000] {taskmixin.py:205} WARNING - Dependency <Task(BashOperator): delete_entry_group>, create_entry_group already registered for DAG: example_complex
[2024-11-12T07:59:54.364+0000] {logging_mixin.py:137} INFO - [2024-11-12T07:59:54.364+0000] {taskmixin.py:205} WARNING - Dependency <Task(BashOperator): create_entry_gcs>, delete_entry already registered for DAG: example_complex
[2024-11-12T07:59:54.364+0000] {logging_mixin.py:137} INFO - [2024-11-12T07:59:54.364+0000] {taskmixin.py:205} WARNING - Dependency <Task(BashOperator): delete_entry>, create_entry_gcs already registered for DAG: example_complex
[2024-11-12T07:59:54.364+0000] {logging_mixin.py:137} INFO - [2024-11-12T07:59:54.364+0000] {taskmixin.py:205} WARNING - Dependency <Task(BashOperator): create_tag>, delete_tag already registered for DAG: example_complex
[2024-11-12T07:59:54.364+0000] {logging_mixin.py:137} INFO - [2024-11-12T07:59:54.364+0000] {taskmixin.py:205} WARNING - Dependency <Task(BashOperator): delete_tag>, create_tag already registered for DAG: example_complex
[2024-11-12T07:59:54.370+0000] {processor.py:753} INFO - DAG(s) dict_keys(['example_complex']) retrieved from /home/airflow/.local/lib/python3.7/site-packages/airflow/example_dags/example_complex.py
[2024-11-12T07:59:54.406+0000] {logging_mixin.py:137} INFO - [2024-11-12T07:59:54.406+0000] {dag.py:2690} INFO - Sync 1 DAGs
[2024-11-12T07:59:54.434+0000] {logging_mixin.py:137} INFO - [2024-11-12T07:59:54.433+0000] {dag.py:3441} INFO - Setting next_dagrun for example_complex to None, run_after=None
[2024-11-12T07:59:54.462+0000] {processor.py:175} INFO - Processing /home/airflow/.local/lib/python3.7/site-packages/airflow/example_dags/example_complex.py took 0.117 seconds
[2024-11-12T08:00:25.326+0000] {processor.py:153} INFO - Started process (PID=952) to work on /home/airflow/.local/lib/python3.7/site-packages/airflow/example_dags/example_complex.py
[2024-11-12T08:00:25.327+0000] {processor.py:743} INFO - Processing file /home/airflow/.local/lib/python3.7/site-packages/airflow/example_dags/example_complex.py for tasks to queue
[2024-11-12T08:00:25.328+0000] {logging_mixin.py:137} INFO - [2024-11-12T08:00:25.328+0000] {dagbag.py:538} INFO - Filling up the DagBag from /home/airflow/.local/lib/python3.7/site-packages/airflow/example_dags/example_complex.py
[2024-11-12T08:00:25.347+0000] {logging_mixin.py:137} INFO - [2024-11-12T08:00:25.347+0000] {taskmixin.py:205} WARNING - Dependency <Task(BashOperator): create_entry_group>, delete_entry_group already registered for DAG: example_complex
[2024-11-12T08:00:25.347+0000] {logging_mixin.py:137} INFO - [2024-11-12T08:00:25.347+0000] {taskmixin.py:205} WARNING - Dependency <Task(BashOperator): delete_entry_group>, create_entry_group already registered for DAG: example_complex
[2024-11-12T08:00:25.347+0000] {logging_mixin.py:137} INFO - [2024-11-12T08:00:25.347+0000] {taskmixin.py:205} WARNING - Dependency <Task(BashOperator): create_entry_gcs>, delete_entry already registered for DAG: example_complex
[2024-11-12T08:00:25.347+0000] {logging_mixin.py:137} INFO - [2024-11-12T08:00:25.347+0000] {taskmixin.py:205} WARNING - Dependency <Task(BashOperator): delete_entry>, create_entry_gcs already registered for DAG: example_complex
[2024-11-12T08:00:25.348+0000] {logging_mixin.py:137} INFO - [2024-11-12T08:00:25.348+0000] {taskmixin.py:205} WARNING - Dependency <Task(BashOperator): create_tag>, delete_tag already registered for DAG: example_complex
[2024-11-12T08:00:25.348+0000] {logging_mixin.py:137} INFO - [2024-11-12T08:00:25.348+0000] {taskmixin.py:205} WARNING - Dependency <Task(BashOperator): delete_tag>, create_tag already registered for DAG: example_complex
[2024-11-12T08:00:25.361+0000] {processor.py:753} INFO - DAG(s) dict_keys(['example_complex']) retrieved from /home/airflow/.local/lib/python3.7/site-packages/airflow/example_dags/example_complex.py
[2024-11-12T08:00:25.411+0000] {logging_mixin.py:137} INFO - [2024-11-12T08:00:25.410+0000] {dag.py:2690} INFO - Sync 1 DAGs
[2024-11-12T08:00:25.457+0000] {logging_mixin.py:137} INFO - [2024-11-12T08:00:25.457+0000] {dag.py:3441} INFO - Setting next_dagrun for example_complex to None, run_after=None
[2024-11-12T08:00:25.488+0000] {processor.py:175} INFO - Processing /home/airflow/.local/lib/python3.7/site-packages/airflow/example_dags/example_complex.py took 0.169 seconds
[2024-11-12T08:00:56.095+0000] {processor.py:153} INFO - Started process (PID=1023) to work on /home/airflow/.local/lib/python3.7/site-packages/airflow/example_dags/example_complex.py
[2024-11-12T08:00:56.096+0000] {processor.py:743} INFO - Processing file /home/airflow/.local/lib/python3.7/site-packages/airflow/example_dags/example_complex.py for tasks to queue
[2024-11-12T08:00:56.097+0000] {logging_mixin.py:137} INFO - [2024-11-12T08:00:56.097+0000] {dagbag.py:538} INFO - Filling up the DagBag from /home/airflow/.local/lib/python3.7/site-packages/airflow/example_dags/example_complex.py
[2024-11-12T08:00:56.107+0000] {logging_mixin.py:137} INFO - [2024-11-12T08:00:56.107+0000] {taskmixin.py:205} WARNING - Dependency <Task(BashOperator): create_entry_group>, delete_entry_group already registered for DAG: example_complex
[2024-11-12T08:00:56.107+0000] {logging_mixin.py:137} INFO - [2024-11-12T08:00:56.107+0000] {taskmixin.py:205} WARNING - Dependency <Task(BashOperator): delete_entry_group>, create_entry_group already registered for DAG: example_complex
[2024-11-12T08:00:56.107+0000] {logging_mixin.py:137} INFO - [2024-11-12T08:00:56.107+0000] {taskmixin.py:205} WARNING - Dependency <Task(BashOperator): create_entry_gcs>, delete_entry already registered for DAG: example_complex
[2024-11-12T08:00:56.107+0000] {logging_mixin.py:137} INFO - [2024-11-12T08:00:56.107+0000] {taskmixin.py:205} WARNING - Dependency <Task(BashOperator): delete_entry>, create_entry_gcs already registered for DAG: example_complex
[2024-11-12T08:00:56.108+0000] {logging_mixin.py:137} INFO - [2024-11-12T08:00:56.108+0000] {taskmixin.py:205} WARNING - Dependency <Task(BashOperator): create_tag>, delete_tag already registered for DAG: example_complex
[2024-11-12T08:00:56.108+0000] {logging_mixin.py:137} INFO - [2024-11-12T08:00:56.108+0000] {taskmixin.py:205} WARNING - Dependency <Task(BashOperator): delete_tag>, create_tag already registered for DAG: example_complex
[2024-11-12T08:00:56.114+0000] {processor.py:753} INFO - DAG(s) dict_keys(['example_complex']) retrieved from /home/airflow/.local/lib/python3.7/site-packages/airflow/example_dags/example_complex.py
[2024-11-12T08:00:56.146+0000] {logging_mixin.py:137} INFO - [2024-11-12T08:00:56.146+0000] {dag.py:2690} INFO - Sync 1 DAGs
[2024-11-12T08:00:56.169+0000] {logging_mixin.py:137} INFO - [2024-11-12T08:00:56.169+0000] {dag.py:3441} INFO - Setting next_dagrun for example_complex to None, run_after=None
[2024-11-12T08:00:56.193+0000] {processor.py:175} INFO - Processing /home/airflow/.local/lib/python3.7/site-packages/airflow/example_dags/example_complex.py took 0.101 seconds
[2024-11-12T08:01:27.046+0000] {processor.py:153} INFO - Started process (PID=1110) to work on /home/airflow/.local/lib/python3.7/site-packages/airflow/example_dags/example_complex.py
[2024-11-12T08:01:27.047+0000] {processor.py:743} INFO - Processing file /home/airflow/.local/lib/python3.7/site-packages/airflow/example_dags/example_complex.py for tasks to queue
[2024-11-12T08:01:27.048+0000] {logging_mixin.py:137} INFO - [2024-11-12T08:01:27.048+0000] {dagbag.py:538} INFO - Filling up the DagBag from /home/airflow/.local/lib/python3.7/site-packages/airflow/example_dags/example_complex.py
[2024-11-12T08:01:27.059+0000] {logging_mixin.py:137} INFO - [2024-11-12T08:01:27.058+0000] {taskmixin.py:205} WARNING - Dependency <Task(BashOperator): create_entry_group>, delete_entry_group already registered for DAG: example_complex
[2024-11-12T08:01:27.059+0000] {logging_mixin.py:137} INFO - [2024-11-12T08:01:27.059+0000] {taskmixin.py:205} WARNING - Dependency <Task(BashOperator): delete_entry_group>, create_entry_group already registered for DAG: example_complex
[2024-11-12T08:01:27.059+0000] {logging_mixin.py:137} INFO - [2024-11-12T08:01:27.059+0000] {taskmixin.py:205} WARNING - Dependency <Task(BashOperator): create_entry_gcs>, delete_entry already registered for DAG: example_complex
[2024-11-12T08:01:27.059+0000] {logging_mixin.py:137} INFO - [2024-11-12T08:01:27.059+0000] {taskmixin.py:205} WARNING - Dependency <Task(BashOperator): delete_entry>, create_entry_gcs already registered for DAG: example_complex
[2024-11-12T08:01:27.059+0000] {logging_mixin.py:137} INFO - [2024-11-12T08:01:27.059+0000] {taskmixin.py:205} WARNING - Dependency <Task(BashOperator): create_tag>, delete_tag already registered for DAG: example_complex
[2024-11-12T08:01:27.059+0000] {logging_mixin.py:137} INFO - [2024-11-12T08:01:27.059+0000] {taskmixin.py:205} WARNING - Dependency <Task(BashOperator): delete_tag>, create_tag already registered for DAG: example_complex
[2024-11-12T08:01:27.066+0000] {processor.py:753} INFO - DAG(s) dict_keys(['example_complex']) retrieved from /home/airflow/.local/lib/python3.7/site-packages/airflow/example_dags/example_complex.py
[2024-11-12T08:01:27.097+0000] {logging_mixin.py:137} INFO - [2024-11-12T08:01:27.097+0000] {dag.py:2690} INFO - Sync 1 DAGs
[2024-11-12T08:01:27.137+0000] {logging_mixin.py:137} INFO - [2024-11-12T08:01:27.137+0000] {dag.py:3441} INFO - Setting next_dagrun for example_complex to None, run_after=None
[2024-11-12T08:01:27.173+0000] {processor.py:175} INFO - Processing /home/airflow/.local/lib/python3.7/site-packages/airflow/example_dags/example_complex.py took 0.130 seconds
[2024-11-12T08:02:39.504+0000] {processor.py:153} INFO - Started process (PID=78) to work on /home/airflow/.local/lib/python3.7/site-packages/airflow/example_dags/example_complex.py
[2024-11-12T08:02:39.506+0000] {processor.py:743} INFO - Processing file /home/airflow/.local/lib/python3.7/site-packages/airflow/example_dags/example_complex.py for tasks to queue
[2024-11-12T08:02:39.508+0000] {logging_mixin.py:137} INFO - [2024-11-12T08:02:39.507+0000] {dagbag.py:538} INFO - Filling up the DagBag from /home/airflow/.local/lib/python3.7/site-packages/airflow/example_dags/example_complex.py
[2024-11-12T08:02:39.528+0000] {logging_mixin.py:137} INFO - [2024-11-12T08:02:39.528+0000] {taskmixin.py:205} WARNING - Dependency <Task(BashOperator): create_entry_group>, delete_entry_group already registered for DAG: example_complex
[2024-11-12T08:02:39.528+0000] {logging_mixin.py:137} INFO - [2024-11-12T08:02:39.528+0000] {taskmixin.py:205} WARNING - Dependency <Task(BashOperator): delete_entry_group>, create_entry_group already registered for DAG: example_complex
[2024-11-12T08:02:39.529+0000] {logging_mixin.py:137} INFO - [2024-11-12T08:02:39.529+0000] {taskmixin.py:205} WARNING - Dependency <Task(BashOperator): create_entry_gcs>, delete_entry already registered for DAG: example_complex
[2024-11-12T08:02:39.529+0000] {logging_mixin.py:137} INFO - [2024-11-12T08:02:39.529+0000] {taskmixin.py:205} WARNING - Dependency <Task(BashOperator): delete_entry>, create_entry_gcs already registered for DAG: example_complex
[2024-11-12T08:02:39.529+0000] {logging_mixin.py:137} INFO - [2024-11-12T08:02:39.529+0000] {taskmixin.py:205} WARNING - Dependency <Task(BashOperator): create_tag>, delete_tag already registered for DAG: example_complex
[2024-11-12T08:02:39.530+0000] {logging_mixin.py:137} INFO - [2024-11-12T08:02:39.530+0000] {taskmixin.py:205} WARNING - Dependency <Task(BashOperator): delete_tag>, create_tag already registered for DAG: example_complex
[2024-11-12T08:02:39.541+0000] {processor.py:753} INFO - DAG(s) dict_keys(['example_complex']) retrieved from /home/airflow/.local/lib/python3.7/site-packages/airflow/example_dags/example_complex.py
[2024-11-12T08:02:39.566+0000] {logging_mixin.py:137} INFO - [2024-11-12T08:02:39.565+0000] {dag.py:2690} INFO - Sync 1 DAGs
[2024-11-12T08:02:39.625+0000] {logging_mixin.py:137} INFO - [2024-11-12T08:02:39.625+0000] {dag.py:3441} INFO - Setting next_dagrun for example_complex to None, run_after=None
[2024-11-12T08:02:39.670+0000] {processor.py:175} INFO - Processing /home/airflow/.local/lib/python3.7/site-packages/airflow/example_dags/example_complex.py took 0.171 seconds
[2024-11-12T08:03:10.324+0000] {processor.py:153} INFO - Started process (PID=158) to work on /home/airflow/.local/lib/python3.7/site-packages/airflow/example_dags/example_complex.py
[2024-11-12T08:03:10.326+0000] {processor.py:743} INFO - Processing file /home/airflow/.local/lib/python3.7/site-packages/airflow/example_dags/example_complex.py for tasks to queue
[2024-11-12T08:03:10.326+0000] {logging_mixin.py:137} INFO - [2024-11-12T08:03:10.326+0000] {dagbag.py:538} INFO - Filling up the DagBag from /home/airflow/.local/lib/python3.7/site-packages/airflow/example_dags/example_complex.py
[2024-11-12T08:03:10.336+0000] {logging_mixin.py:137} INFO - [2024-11-12T08:03:10.336+0000] {taskmixin.py:205} WARNING - Dependency <Task(BashOperator): create_entry_group>, delete_entry_group already registered for DAG: example_complex
[2024-11-12T08:03:10.337+0000] {logging_mixin.py:137} INFO - [2024-11-12T08:03:10.336+0000] {taskmixin.py:205} WARNING - Dependency <Task(BashOperator): delete_entry_group>, create_entry_group already registered for DAG: example_complex
[2024-11-12T08:03:10.337+0000] {logging_mixin.py:137} INFO - [2024-11-12T08:03:10.337+0000] {taskmixin.py:205} WARNING - Dependency <Task(BashOperator): create_entry_gcs>, delete_entry already registered for DAG: example_complex
[2024-11-12T08:03:10.337+0000] {logging_mixin.py:137} INFO - [2024-11-12T08:03:10.337+0000] {taskmixin.py:205} WARNING - Dependency <Task(BashOperator): delete_entry>, create_entry_gcs already registered for DAG: example_complex
[2024-11-12T08:03:10.337+0000] {logging_mixin.py:137} INFO - [2024-11-12T08:03:10.337+0000] {taskmixin.py:205} WARNING - Dependency <Task(BashOperator): create_tag>, delete_tag already registered for DAG: example_complex
[2024-11-12T08:03:10.337+0000] {logging_mixin.py:137} INFO - [2024-11-12T08:03:10.337+0000] {taskmixin.py:205} WARNING - Dependency <Task(BashOperator): delete_tag>, create_tag already registered for DAG: example_complex
[2024-11-12T08:03:10.344+0000] {processor.py:753} INFO - DAG(s) dict_keys(['example_complex']) retrieved from /home/airflow/.local/lib/python3.7/site-packages/airflow/example_dags/example_complex.py
[2024-11-12T08:03:10.373+0000] {logging_mixin.py:137} INFO - [2024-11-12T08:03:10.373+0000] {dag.py:2690} INFO - Sync 1 DAGs
[2024-11-12T08:03:10.397+0000] {logging_mixin.py:137} INFO - [2024-11-12T08:03:10.397+0000] {dag.py:3441} INFO - Setting next_dagrun for example_complex to None, run_after=None
[2024-11-12T08:03:10.418+0000] {processor.py:175} INFO - Processing /home/airflow/.local/lib/python3.7/site-packages/airflow/example_dags/example_complex.py took 0.097 seconds
[2024-11-12T08:03:40.816+0000] {processor.py:153} INFO - Started process (PID=229) to work on /home/airflow/.local/lib/python3.7/site-packages/airflow/example_dags/example_complex.py
[2024-11-12T08:03:40.817+0000] {processor.py:743} INFO - Processing file /home/airflow/.local/lib/python3.7/site-packages/airflow/example_dags/example_complex.py for tasks to queue
[2024-11-12T08:03:40.817+0000] {logging_mixin.py:137} INFO - [2024-11-12T08:03:40.817+0000] {dagbag.py:538} INFO - Filling up the DagBag from /home/airflow/.local/lib/python3.7/site-packages/airflow/example_dags/example_complex.py
[2024-11-12T08:03:40.828+0000] {logging_mixin.py:137} INFO - [2024-11-12T08:03:40.828+0000] {taskmixin.py:205} WARNING - Dependency <Task(BashOperator): create_entry_group>, delete_entry_group already registered for DAG: example_complex
[2024-11-12T08:03:40.828+0000] {logging_mixin.py:137} INFO - [2024-11-12T08:03:40.828+0000] {taskmixin.py:205} WARNING - Dependency <Task(BashOperator): delete_entry_group>, create_entry_group already registered for DAG: example_complex
[2024-11-12T08:03:40.829+0000] {logging_mixin.py:137} INFO - [2024-11-12T08:03:40.828+0000] {taskmixin.py:205} WARNING - Dependency <Task(BashOperator): create_entry_gcs>, delete_entry already registered for DAG: example_complex
[2024-11-12T08:03:40.829+0000] {logging_mixin.py:137} INFO - [2024-11-12T08:03:40.829+0000] {taskmixin.py:205} WARNING - Dependency <Task(BashOperator): delete_entry>, create_entry_gcs already registered for DAG: example_complex
[2024-11-12T08:03:40.829+0000] {logging_mixin.py:137} INFO - [2024-11-12T08:03:40.829+0000] {taskmixin.py:205} WARNING - Dependency <Task(BashOperator): create_tag>, delete_tag already registered for DAG: example_complex
[2024-11-12T08:03:40.829+0000] {logging_mixin.py:137} INFO - [2024-11-12T08:03:40.829+0000] {taskmixin.py:205} WARNING - Dependency <Task(BashOperator): delete_tag>, create_tag already registered for DAG: example_complex
[2024-11-12T08:03:40.835+0000] {processor.py:753} INFO - DAG(s) dict_keys(['example_complex']) retrieved from /home/airflow/.local/lib/python3.7/site-packages/airflow/example_dags/example_complex.py
[2024-11-12T08:03:40.868+0000] {logging_mixin.py:137} INFO - [2024-11-12T08:03:40.868+0000] {dag.py:2690} INFO - Sync 1 DAGs
[2024-11-12T08:03:40.895+0000] {logging_mixin.py:137} INFO - [2024-11-12T08:03:40.895+0000] {dag.py:3441} INFO - Setting next_dagrun for example_complex to None, run_after=None
[2024-11-12T08:03:40.919+0000] {processor.py:175} INFO - Processing /home/airflow/.local/lib/python3.7/site-packages/airflow/example_dags/example_complex.py took 0.107 seconds
[2024-11-12T08:04:11.585+0000] {processor.py:153} INFO - Started process (PID=316) to work on /home/airflow/.local/lib/python3.7/site-packages/airflow/example_dags/example_complex.py
[2024-11-12T08:04:11.587+0000] {processor.py:743} INFO - Processing file /home/airflow/.local/lib/python3.7/site-packages/airflow/example_dags/example_complex.py for tasks to queue
[2024-11-12T08:04:11.588+0000] {logging_mixin.py:137} INFO - [2024-11-12T08:04:11.588+0000] {dagbag.py:538} INFO - Filling up the DagBag from /home/airflow/.local/lib/python3.7/site-packages/airflow/example_dags/example_complex.py
[2024-11-12T08:04:11.607+0000] {logging_mixin.py:137} INFO - [2024-11-12T08:04:11.607+0000] {taskmixin.py:205} WARNING - Dependency <Task(BashOperator): create_entry_group>, delete_entry_group already registered for DAG: example_complex
[2024-11-12T08:04:11.608+0000] {logging_mixin.py:137} INFO - [2024-11-12T08:04:11.608+0000] {taskmixin.py:205} WARNING - Dependency <Task(BashOperator): delete_entry_group>, create_entry_group already registered for DAG: example_complex
[2024-11-12T08:04:11.608+0000] {logging_mixin.py:137} INFO - [2024-11-12T08:04:11.608+0000] {taskmixin.py:205} WARNING - Dependency <Task(BashOperator): create_entry_gcs>, delete_entry already registered for DAG: example_complex
[2024-11-12T08:04:11.608+0000] {logging_mixin.py:137} INFO - [2024-11-12T08:04:11.608+0000] {taskmixin.py:205} WARNING - Dependency <Task(BashOperator): delete_entry>, create_entry_gcs already registered for DAG: example_complex
[2024-11-12T08:04:11.609+0000] {logging_mixin.py:137} INFO - [2024-11-12T08:04:11.609+0000] {taskmixin.py:205} WARNING - Dependency <Task(BashOperator): create_tag>, delete_tag already registered for DAG: example_complex
[2024-11-12T08:04:11.609+0000] {logging_mixin.py:137} INFO - [2024-11-12T08:04:11.609+0000] {taskmixin.py:205} WARNING - Dependency <Task(BashOperator): delete_tag>, create_tag already registered for DAG: example_complex
[2024-11-12T08:04:11.619+0000] {processor.py:753} INFO - DAG(s) dict_keys(['example_complex']) retrieved from /home/airflow/.local/lib/python3.7/site-packages/airflow/example_dags/example_complex.py
[2024-11-12T08:04:11.660+0000] {logging_mixin.py:137} INFO - [2024-11-12T08:04:11.660+0000] {dag.py:2690} INFO - Sync 1 DAGs
[2024-11-12T08:04:11.700+0000] {logging_mixin.py:137} INFO - [2024-11-12T08:04:11.700+0000] {dag.py:3441} INFO - Setting next_dagrun for example_complex to None, run_after=None
[2024-11-12T08:04:11.731+0000] {processor.py:175} INFO - Processing /home/airflow/.local/lib/python3.7/site-packages/airflow/example_dags/example_complex.py took 0.150 seconds
[2024-11-12T08:04:42.700+0000] {processor.py:153} INFO - Started process (PID=387) to work on /home/airflow/.local/lib/python3.7/site-packages/airflow/example_dags/example_complex.py
[2024-11-12T08:04:42.701+0000] {processor.py:743} INFO - Processing file /home/airflow/.local/lib/python3.7/site-packages/airflow/example_dags/example_complex.py for tasks to queue
[2024-11-12T08:04:42.702+0000] {logging_mixin.py:137} INFO - [2024-11-12T08:04:42.702+0000] {dagbag.py:538} INFO - Filling up the DagBag from /home/airflow/.local/lib/python3.7/site-packages/airflow/example_dags/example_complex.py
[2024-11-12T08:04:42.721+0000] {logging_mixin.py:137} INFO - [2024-11-12T08:04:42.721+0000] {taskmixin.py:205} WARNING - Dependency <Task(BashOperator): create_entry_group>, delete_entry_group already registered for DAG: example_complex
[2024-11-12T08:04:42.722+0000] {logging_mixin.py:137} INFO - [2024-11-12T08:04:42.722+0000] {taskmixin.py:205} WARNING - Dependency <Task(BashOperator): delete_entry_group>, create_entry_group already registered for DAG: example_complex
[2024-11-12T08:04:42.722+0000] {logging_mixin.py:137} INFO - [2024-11-12T08:04:42.722+0000] {taskmixin.py:205} WARNING - Dependency <Task(BashOperator): create_entry_gcs>, delete_entry already registered for DAG: example_complex
[2024-11-12T08:04:42.722+0000] {logging_mixin.py:137} INFO - [2024-11-12T08:04:42.722+0000] {taskmixin.py:205} WARNING - Dependency <Task(BashOperator): delete_entry>, create_entry_gcs already registered for DAG: example_complex
[2024-11-12T08:04:42.723+0000] {logging_mixin.py:137} INFO - [2024-11-12T08:04:42.723+0000] {taskmixin.py:205} WARNING - Dependency <Task(BashOperator): create_tag>, delete_tag already registered for DAG: example_complex
[2024-11-12T08:04:42.723+0000] {logging_mixin.py:137} INFO - [2024-11-12T08:04:42.723+0000] {taskmixin.py:205} WARNING - Dependency <Task(BashOperator): delete_tag>, create_tag already registered for DAG: example_complex
[2024-11-12T08:04:42.731+0000] {processor.py:753} INFO - DAG(s) dict_keys(['example_complex']) retrieved from /home/airflow/.local/lib/python3.7/site-packages/airflow/example_dags/example_complex.py
[2024-11-12T08:04:42.775+0000] {logging_mixin.py:137} INFO - [2024-11-12T08:04:42.775+0000] {dag.py:2690} INFO - Sync 1 DAGs
[2024-11-12T08:04:42.805+0000] {logging_mixin.py:137} INFO - [2024-11-12T08:04:42.805+0000] {dag.py:3441} INFO - Setting next_dagrun for example_complex to None, run_after=None
[2024-11-12T08:04:42.834+0000] {processor.py:175} INFO - Processing /home/airflow/.local/lib/python3.7/site-packages/airflow/example_dags/example_complex.py took 0.140 seconds
[2024-11-12T08:05:12.889+0000] {processor.py:153} INFO - Started process (PID=474) to work on /home/airflow/.local/lib/python3.7/site-packages/airflow/example_dags/example_complex.py
[2024-11-12T08:05:12.890+0000] {processor.py:743} INFO - Processing file /home/airflow/.local/lib/python3.7/site-packages/airflow/example_dags/example_complex.py for tasks to queue
[2024-11-12T08:05:12.891+0000] {logging_mixin.py:137} INFO - [2024-11-12T08:05:12.891+0000] {dagbag.py:538} INFO - Filling up the DagBag from /home/airflow/.local/lib/python3.7/site-packages/airflow/example_dags/example_complex.py
[2024-11-12T08:05:12.900+0000] {logging_mixin.py:137} INFO - [2024-11-12T08:05:12.900+0000] {taskmixin.py:205} WARNING - Dependency <Task(BashOperator): create_entry_group>, delete_entry_group already registered for DAG: example_complex
[2024-11-12T08:05:12.901+0000] {logging_mixin.py:137} INFO - [2024-11-12T08:05:12.900+0000] {taskmixin.py:205} WARNING - Dependency <Task(BashOperator): delete_entry_group>, create_entry_group already registered for DAG: example_complex
[2024-11-12T08:05:12.901+0000] {logging_mixin.py:137} INFO - [2024-11-12T08:05:12.901+0000] {taskmixin.py:205} WARNING - Dependency <Task(BashOperator): create_entry_gcs>, delete_entry already registered for DAG: example_complex
[2024-11-12T08:05:12.901+0000] {logging_mixin.py:137} INFO - [2024-11-12T08:05:12.901+0000] {taskmixin.py:205} WARNING - Dependency <Task(BashOperator): delete_entry>, create_entry_gcs already registered for DAG: example_complex
[2024-11-12T08:05:12.901+0000] {logging_mixin.py:137} INFO - [2024-11-12T08:05:12.901+0000] {taskmixin.py:205} WARNING - Dependency <Task(BashOperator): create_tag>, delete_tag already registered for DAG: example_complex
[2024-11-12T08:05:12.901+0000] {logging_mixin.py:137} INFO - [2024-11-12T08:05:12.901+0000] {taskmixin.py:205} WARNING - Dependency <Task(BashOperator): delete_tag>, create_tag already registered for DAG: example_complex
[2024-11-12T08:05:12.907+0000] {processor.py:753} INFO - DAG(s) dict_keys(['example_complex']) retrieved from /home/airflow/.local/lib/python3.7/site-packages/airflow/example_dags/example_complex.py
[2024-11-12T08:05:12.937+0000] {logging_mixin.py:137} INFO - [2024-11-12T08:05:12.936+0000] {dag.py:2690} INFO - Sync 1 DAGs
[2024-11-12T08:05:12.960+0000] {logging_mixin.py:137} INFO - [2024-11-12T08:05:12.960+0000] {dag.py:3441} INFO - Setting next_dagrun for example_complex to None, run_after=None
[2024-11-12T08:05:12.982+0000] {processor.py:175} INFO - Processing /home/airflow/.local/lib/python3.7/site-packages/airflow/example_dags/example_complex.py took 0.096 seconds
[2024-11-12T08:05:43.586+0000] {processor.py:153} INFO - Started process (PID=545) to work on /home/airflow/.local/lib/python3.7/site-packages/airflow/example_dags/example_complex.py
[2024-11-12T08:05:43.587+0000] {processor.py:743} INFO - Processing file /home/airflow/.local/lib/python3.7/site-packages/airflow/example_dags/example_complex.py for tasks to queue
[2024-11-12T08:05:43.588+0000] {logging_mixin.py:137} INFO - [2024-11-12T08:05:43.587+0000] {dagbag.py:538} INFO - Filling up the DagBag from /home/airflow/.local/lib/python3.7/site-packages/airflow/example_dags/example_complex.py
[2024-11-12T08:05:43.601+0000] {logging_mixin.py:137} INFO - [2024-11-12T08:05:43.601+0000] {taskmixin.py:205} WARNING - Dependency <Task(BashOperator): create_entry_group>, delete_entry_group already registered for DAG: example_complex
[2024-11-12T08:05:43.601+0000] {logging_mixin.py:137} INFO - [2024-11-12T08:05:43.601+0000] {taskmixin.py:205} WARNING - Dependency <Task(BashOperator): delete_entry_group>, create_entry_group already registered for DAG: example_complex
[2024-11-12T08:05:43.601+0000] {logging_mixin.py:137} INFO - [2024-11-12T08:05:43.601+0000] {taskmixin.py:205} WARNING - Dependency <Task(BashOperator): create_entry_gcs>, delete_entry already registered for DAG: example_complex
[2024-11-12T08:05:43.601+0000] {logging_mixin.py:137} INFO - [2024-11-12T08:05:43.601+0000] {taskmixin.py:205} WARNING - Dependency <Task(BashOperator): delete_entry>, create_entry_gcs already registered for DAG: example_complex
[2024-11-12T08:05:43.602+0000] {logging_mixin.py:137} INFO - [2024-11-12T08:05:43.602+0000] {taskmixin.py:205} WARNING - Dependency <Task(BashOperator): create_tag>, delete_tag already registered for DAG: example_complex
[2024-11-12T08:05:43.602+0000] {logging_mixin.py:137} INFO - [2024-11-12T08:05:43.602+0000] {taskmixin.py:205} WARNING - Dependency <Task(BashOperator): delete_tag>, create_tag already registered for DAG: example_complex
[2024-11-12T08:05:43.609+0000] {processor.py:753} INFO - DAG(s) dict_keys(['example_complex']) retrieved from /home/airflow/.local/lib/python3.7/site-packages/airflow/example_dags/example_complex.py
[2024-11-12T08:05:43.640+0000] {logging_mixin.py:137} INFO - [2024-11-12T08:05:43.640+0000] {dag.py:2690} INFO - Sync 1 DAGs
[2024-11-12T08:05:43.666+0000] {logging_mixin.py:137} INFO - [2024-11-12T08:05:43.666+0000] {dag.py:3441} INFO - Setting next_dagrun for example_complex to None, run_after=None
[2024-11-12T08:05:43.687+0000] {processor.py:175} INFO - Processing /home/airflow/.local/lib/python3.7/site-packages/airflow/example_dags/example_complex.py took 0.104 seconds
[2024-11-12T08:06:15.211+0000] {processor.py:153} INFO - Started process (PID=632) to work on /home/airflow/.local/lib/python3.7/site-packages/airflow/example_dags/example_complex.py
[2024-11-12T08:06:15.212+0000] {processor.py:743} INFO - Processing file /home/airflow/.local/lib/python3.7/site-packages/airflow/example_dags/example_complex.py for tasks to queue
[2024-11-12T08:06:15.212+0000] {logging_mixin.py:137} INFO - [2024-11-12T08:06:15.212+0000] {dagbag.py:538} INFO - Filling up the DagBag from /home/airflow/.local/lib/python3.7/site-packages/airflow/example_dags/example_complex.py
[2024-11-12T08:06:15.222+0000] {logging_mixin.py:137} INFO - [2024-11-12T08:06:15.222+0000] {taskmixin.py:205} WARNING - Dependency <Task(BashOperator): create_entry_group>, delete_entry_group already registered for DAG: example_complex
[2024-11-12T08:06:15.223+0000] {logging_mixin.py:137} INFO - [2024-11-12T08:06:15.222+0000] {taskmixin.py:205} WARNING - Dependency <Task(BashOperator): delete_entry_group>, create_entry_group already registered for DAG: example_complex
[2024-11-12T08:06:15.223+0000] {logging_mixin.py:137} INFO - [2024-11-12T08:06:15.223+0000] {taskmixin.py:205} WARNING - Dependency <Task(BashOperator): create_entry_gcs>, delete_entry already registered for DAG: example_complex
[2024-11-12T08:06:15.223+0000] {logging_mixin.py:137} INFO - [2024-11-12T08:06:15.223+0000] {taskmixin.py:205} WARNING - Dependency <Task(BashOperator): delete_entry>, create_entry_gcs already registered for DAG: example_complex
[2024-11-12T08:06:15.223+0000] {logging_mixin.py:137} INFO - [2024-11-12T08:06:15.223+0000] {taskmixin.py:205} WARNING - Dependency <Task(BashOperator): create_tag>, delete_tag already registered for DAG: example_complex
[2024-11-12T08:06:15.223+0000] {logging_mixin.py:137} INFO - [2024-11-12T08:06:15.223+0000] {taskmixin.py:205} WARNING - Dependency <Task(BashOperator): delete_tag>, create_tag already registered for DAG: example_complex
[2024-11-12T08:06:15.229+0000] {processor.py:753} INFO - DAG(s) dict_keys(['example_complex']) retrieved from /home/airflow/.local/lib/python3.7/site-packages/airflow/example_dags/example_complex.py
[2024-11-12T08:06:15.259+0000] {logging_mixin.py:137} INFO - [2024-11-12T08:06:15.259+0000] {dag.py:2690} INFO - Sync 1 DAGs
[2024-11-12T08:06:15.281+0000] {logging_mixin.py:137} INFO - [2024-11-12T08:06:15.281+0000] {dag.py:3441} INFO - Setting next_dagrun for example_complex to None, run_after=None
[2024-11-12T08:06:15.304+0000] {processor.py:175} INFO - Processing /home/airflow/.local/lib/python3.7/site-packages/airflow/example_dags/example_complex.py took 0.096 seconds
