[2024-11-12T07:54:46.678+0000] {processor.py:153} INFO - Started process (PID=62) to work on /home/airflow/.local/lib/python3.7/site-packages/airflow/example_dags/example_local_kubernetes_executor.py
[2024-11-12T07:54:46.679+0000] {processor.py:743} INFO - Processing file /home/airflow/.local/lib/python3.7/site-packages/airflow/example_dags/example_local_kubernetes_executor.py for tasks to queue
[2024-11-12T07:54:46.680+0000] {logging_mixin.py:137} INFO - [2024-11-12T07:54:46.679+0000] {dagbag.py:538} INFO - Filling up the DagBag from /home/airflow/.local/lib/python3.7/site-packages/airflow/example_dags/example_local_kubernetes_executor.py
[2024-11-12T07:54:46.721+0000] {processor.py:753} INFO - DAG(s) dict_keys(['example_local_kubernetes_executor']) retrieved from /home/airflow/.local/lib/python3.7/site-packages/airflow/example_dags/example_local_kubernetes_executor.py
[2024-11-12T07:54:46.739+0000] {logging_mixin.py:137} INFO - [2024-11-12T07:54:46.739+0000] {dag.py:2690} INFO - Sync 1 DAGs
[2024-11-12T07:54:46.773+0000] {logging_mixin.py:137} INFO - [2024-11-12T07:54:46.772+0000] {dag.py:3441} INFO - Setting next_dagrun for example_local_kubernetes_executor to None, run_after=None
[2024-11-12T07:54:46.805+0000] {processor.py:175} INFO - Processing /home/airflow/.local/lib/python3.7/site-packages/airflow/example_dags/example_local_kubernetes_executor.py took 0.132 seconds
[2024-11-12T07:55:17.410+0000] {processor.py:153} INFO - Started process (PID=133) to work on /home/airflow/.local/lib/python3.7/site-packages/airflow/example_dags/example_local_kubernetes_executor.py
[2024-11-12T07:55:17.412+0000] {processor.py:743} INFO - Processing file /home/airflow/.local/lib/python3.7/site-packages/airflow/example_dags/example_local_kubernetes_executor.py for tasks to queue
[2024-11-12T07:55:17.412+0000] {logging_mixin.py:137} INFO - [2024-11-12T07:55:17.412+0000] {dagbag.py:538} INFO - Filling up the DagBag from /home/airflow/.local/lib/python3.7/site-packages/airflow/example_dags/example_local_kubernetes_executor.py
[2024-11-12T07:55:17.438+0000] {processor.py:753} INFO - DAG(s) dict_keys(['example_local_kubernetes_executor']) retrieved from /home/airflow/.local/lib/python3.7/site-packages/airflow/example_dags/example_local_kubernetes_executor.py
[2024-11-12T07:55:17.473+0000] {logging_mixin.py:137} INFO - [2024-11-12T07:55:17.473+0000] {dag.py:2690} INFO - Sync 1 DAGs
[2024-11-12T07:55:17.495+0000] {logging_mixin.py:137} INFO - [2024-11-12T07:55:17.495+0000] {dag.py:3441} INFO - Setting next_dagrun for example_local_kubernetes_executor to None, run_after=None
[2024-11-12T07:55:17.518+0000] {processor.py:175} INFO - Processing /home/airflow/.local/lib/python3.7/site-packages/airflow/example_dags/example_local_kubernetes_executor.py took 0.111 seconds
[2024-11-12T07:55:48.087+0000] {processor.py:153} INFO - Started process (PID=213) to work on /home/airflow/.local/lib/python3.7/site-packages/airflow/example_dags/example_local_kubernetes_executor.py
[2024-11-12T07:55:48.088+0000] {processor.py:743} INFO - Processing file /home/airflow/.local/lib/python3.7/site-packages/airflow/example_dags/example_local_kubernetes_executor.py for tasks to queue
[2024-11-12T07:55:48.089+0000] {logging_mixin.py:137} INFO - [2024-11-12T07:55:48.089+0000] {dagbag.py:538} INFO - Filling up the DagBag from /home/airflow/.local/lib/python3.7/site-packages/airflow/example_dags/example_local_kubernetes_executor.py
[2024-11-12T07:55:48.117+0000] {processor.py:753} INFO - DAG(s) dict_keys(['example_local_kubernetes_executor']) retrieved from /home/airflow/.local/lib/python3.7/site-packages/airflow/example_dags/example_local_kubernetes_executor.py
[2024-11-12T07:55:48.155+0000] {logging_mixin.py:137} INFO - [2024-11-12T07:55:48.154+0000] {dag.py:2690} INFO - Sync 1 DAGs
[2024-11-12T07:55:48.191+0000] {logging_mixin.py:137} INFO - [2024-11-12T07:55:48.191+0000] {dag.py:3441} INFO - Setting next_dagrun for example_local_kubernetes_executor to None, run_after=None
[2024-11-12T07:55:48.223+0000] {processor.py:175} INFO - Processing /home/airflow/.local/lib/python3.7/site-packages/airflow/example_dags/example_local_kubernetes_executor.py took 0.140 seconds
[2024-11-12T07:56:18.620+0000] {processor.py:153} INFO - Started process (PID=291) to work on /home/airflow/.local/lib/python3.7/site-packages/airflow/example_dags/example_local_kubernetes_executor.py
[2024-11-12T07:56:18.622+0000] {processor.py:743} INFO - Processing file /home/airflow/.local/lib/python3.7/site-packages/airflow/example_dags/example_local_kubernetes_executor.py for tasks to queue
[2024-11-12T07:56:18.622+0000] {logging_mixin.py:137} INFO - [2024-11-12T07:56:18.622+0000] {dagbag.py:538} INFO - Filling up the DagBag from /home/airflow/.local/lib/python3.7/site-packages/airflow/example_dags/example_local_kubernetes_executor.py
[2024-11-12T07:56:18.648+0000] {processor.py:753} INFO - DAG(s) dict_keys(['example_local_kubernetes_executor']) retrieved from /home/airflow/.local/lib/python3.7/site-packages/airflow/example_dags/example_local_kubernetes_executor.py
[2024-11-12T07:56:18.675+0000] {logging_mixin.py:137} INFO - [2024-11-12T07:56:18.675+0000] {dag.py:2690} INFO - Sync 1 DAGs
[2024-11-12T07:56:18.700+0000] {logging_mixin.py:137} INFO - [2024-11-12T07:56:18.699+0000] {dag.py:3441} INFO - Setting next_dagrun for example_local_kubernetes_executor to None, run_after=None
[2024-11-12T07:56:18.721+0000] {processor.py:175} INFO - Processing /home/airflow/.local/lib/python3.7/site-packages/airflow/example_dags/example_local_kubernetes_executor.py took 0.104 seconds
[2024-11-12T07:56:48.939+0000] {processor.py:153} INFO - Started process (PID=362) to work on /home/airflow/.local/lib/python3.7/site-packages/airflow/example_dags/example_local_kubernetes_executor.py
[2024-11-12T07:56:48.940+0000] {processor.py:743} INFO - Processing file /home/airflow/.local/lib/python3.7/site-packages/airflow/example_dags/example_local_kubernetes_executor.py for tasks to queue
[2024-11-12T07:56:48.941+0000] {logging_mixin.py:137} INFO - [2024-11-12T07:56:48.941+0000] {dagbag.py:538} INFO - Filling up the DagBag from /home/airflow/.local/lib/python3.7/site-packages/airflow/example_dags/example_local_kubernetes_executor.py
[2024-11-12T07:56:48.965+0000] {processor.py:753} INFO - DAG(s) dict_keys(['example_local_kubernetes_executor']) retrieved from /home/airflow/.local/lib/python3.7/site-packages/airflow/example_dags/example_local_kubernetes_executor.py
[2024-11-12T07:56:49.001+0000] {logging_mixin.py:137} INFO - [2024-11-12T07:56:49.000+0000] {dag.py:2690} INFO - Sync 1 DAGs
[2024-11-12T07:56:49.036+0000] {logging_mixin.py:137} INFO - [2024-11-12T07:56:49.035+0000] {dag.py:3441} INFO - Setting next_dagrun for example_local_kubernetes_executor to None, run_after=None
[2024-11-12T07:56:49.068+0000] {processor.py:175} INFO - Processing /home/airflow/.local/lib/python3.7/site-packages/airflow/example_dags/example_local_kubernetes_executor.py took 0.132 seconds
[2024-11-12T07:57:19.334+0000] {processor.py:153} INFO - Started process (PID=449) to work on /home/airflow/.local/lib/python3.7/site-packages/airflow/example_dags/example_local_kubernetes_executor.py
[2024-11-12T07:57:19.336+0000] {processor.py:743} INFO - Processing file /home/airflow/.local/lib/python3.7/site-packages/airflow/example_dags/example_local_kubernetes_executor.py for tasks to queue
[2024-11-12T07:57:19.336+0000] {logging_mixin.py:137} INFO - [2024-11-12T07:57:19.336+0000] {dagbag.py:538} INFO - Filling up the DagBag from /home/airflow/.local/lib/python3.7/site-packages/airflow/example_dags/example_local_kubernetes_executor.py
[2024-11-12T07:57:19.357+0000] {processor.py:753} INFO - DAG(s) dict_keys(['example_local_kubernetes_executor']) retrieved from /home/airflow/.local/lib/python3.7/site-packages/airflow/example_dags/example_local_kubernetes_executor.py
[2024-11-12T07:57:19.385+0000] {logging_mixin.py:137} INFO - [2024-11-12T07:57:19.385+0000] {dag.py:2690} INFO - Sync 1 DAGs
[2024-11-12T07:57:19.409+0000] {logging_mixin.py:137} INFO - [2024-11-12T07:57:19.409+0000] {dag.py:3441} INFO - Setting next_dagrun for example_local_kubernetes_executor to None, run_after=None
[2024-11-12T07:57:19.431+0000] {processor.py:175} INFO - Processing /home/airflow/.local/lib/python3.7/site-packages/airflow/example_dags/example_local_kubernetes_executor.py took 0.100 seconds
[2024-11-12T07:57:50.469+0000] {processor.py:153} INFO - Started process (PID=520) to work on /home/airflow/.local/lib/python3.7/site-packages/airflow/example_dags/example_local_kubernetes_executor.py
[2024-11-12T07:57:50.470+0000] {processor.py:743} INFO - Processing file /home/airflow/.local/lib/python3.7/site-packages/airflow/example_dags/example_local_kubernetes_executor.py for tasks to queue
[2024-11-12T07:57:50.471+0000] {logging_mixin.py:137} INFO - [2024-11-12T07:57:50.471+0000] {dagbag.py:538} INFO - Filling up the DagBag from /home/airflow/.local/lib/python3.7/site-packages/airflow/example_dags/example_local_kubernetes_executor.py
[2024-11-12T07:57:50.502+0000] {processor.py:753} INFO - DAG(s) dict_keys(['example_local_kubernetes_executor']) retrieved from /home/airflow/.local/lib/python3.7/site-packages/airflow/example_dags/example_local_kubernetes_executor.py
[2024-11-12T07:57:50.534+0000] {logging_mixin.py:137} INFO - [2024-11-12T07:57:50.534+0000] {dag.py:2690} INFO - Sync 1 DAGs
[2024-11-12T07:57:50.558+0000] {logging_mixin.py:137} INFO - [2024-11-12T07:57:50.558+0000] {dag.py:3441} INFO - Setting next_dagrun for example_local_kubernetes_executor to None, run_after=None
[2024-11-12T07:57:50.580+0000] {processor.py:175} INFO - Processing /home/airflow/.local/lib/python3.7/site-packages/airflow/example_dags/example_local_kubernetes_executor.py took 0.115 seconds
[2024-11-12T07:58:21.044+0000] {processor.py:153} INFO - Started process (PID=607) to work on /home/airflow/.local/lib/python3.7/site-packages/airflow/example_dags/example_local_kubernetes_executor.py
[2024-11-12T07:58:21.045+0000] {processor.py:743} INFO - Processing file /home/airflow/.local/lib/python3.7/site-packages/airflow/example_dags/example_local_kubernetes_executor.py for tasks to queue
[2024-11-12T07:58:21.046+0000] {logging_mixin.py:137} INFO - [2024-11-12T07:58:21.046+0000] {dagbag.py:538} INFO - Filling up the DagBag from /home/airflow/.local/lib/python3.7/site-packages/airflow/example_dags/example_local_kubernetes_executor.py
[2024-11-12T07:58:21.067+0000] {processor.py:753} INFO - DAG(s) dict_keys(['example_local_kubernetes_executor']) retrieved from /home/airflow/.local/lib/python3.7/site-packages/airflow/example_dags/example_local_kubernetes_executor.py
[2024-11-12T07:58:21.094+0000] {logging_mixin.py:137} INFO - [2024-11-12T07:58:21.093+0000] {dag.py:2690} INFO - Sync 1 DAGs
[2024-11-12T07:58:21.116+0000] {logging_mixin.py:137} INFO - [2024-11-12T07:58:21.116+0000] {dag.py:3441} INFO - Setting next_dagrun for example_local_kubernetes_executor to None, run_after=None
[2024-11-12T07:58:21.137+0000] {processor.py:175} INFO - Processing /home/airflow/.local/lib/python3.7/site-packages/airflow/example_dags/example_local_kubernetes_executor.py took 0.096 seconds
[2024-11-12T07:58:51.755+0000] {processor.py:153} INFO - Started process (PID=678) to work on /home/airflow/.local/lib/python3.7/site-packages/airflow/example_dags/example_local_kubernetes_executor.py
[2024-11-12T07:58:51.757+0000] {processor.py:743} INFO - Processing file /home/airflow/.local/lib/python3.7/site-packages/airflow/example_dags/example_local_kubernetes_executor.py for tasks to queue
[2024-11-12T07:58:51.758+0000] {logging_mixin.py:137} INFO - [2024-11-12T07:58:51.757+0000] {dagbag.py:538} INFO - Filling up the DagBag from /home/airflow/.local/lib/python3.7/site-packages/airflow/example_dags/example_local_kubernetes_executor.py
[2024-11-12T07:58:51.792+0000] {processor.py:753} INFO - DAG(s) dict_keys(['example_local_kubernetes_executor']) retrieved from /home/airflow/.local/lib/python3.7/site-packages/airflow/example_dags/example_local_kubernetes_executor.py
[2024-11-12T07:58:51.837+0000] {logging_mixin.py:137} INFO - [2024-11-12T07:58:51.836+0000] {dag.py:2690} INFO - Sync 1 DAGs
[2024-11-12T07:58:51.862+0000] {logging_mixin.py:137} INFO - [2024-11-12T07:58:51.862+0000] {dag.py:3441} INFO - Setting next_dagrun for example_local_kubernetes_executor to None, run_after=None
[2024-11-12T07:58:51.887+0000] {processor.py:175} INFO - Processing /home/airflow/.local/lib/python3.7/site-packages/airflow/example_dags/example_local_kubernetes_executor.py took 0.138 seconds
[2024-11-12T07:59:21.931+0000] {processor.py:153} INFO - Started process (PID=767) to work on /home/airflow/.local/lib/python3.7/site-packages/airflow/example_dags/example_local_kubernetes_executor.py
[2024-11-12T07:59:21.933+0000] {processor.py:743} INFO - Processing file /home/airflow/.local/lib/python3.7/site-packages/airflow/example_dags/example_local_kubernetes_executor.py for tasks to queue
[2024-11-12T07:59:21.933+0000] {logging_mixin.py:137} INFO - [2024-11-12T07:59:21.933+0000] {dagbag.py:538} INFO - Filling up the DagBag from /home/airflow/.local/lib/python3.7/site-packages/airflow/example_dags/example_local_kubernetes_executor.py
[2024-11-12T07:59:21.954+0000] {processor.py:753} INFO - DAG(s) dict_keys(['example_local_kubernetes_executor']) retrieved from /home/airflow/.local/lib/python3.7/site-packages/airflow/example_dags/example_local_kubernetes_executor.py
[2024-11-12T07:59:21.983+0000] {logging_mixin.py:137} INFO - [2024-11-12T07:59:21.983+0000] {dag.py:2690} INFO - Sync 1 DAGs
[2024-11-12T07:59:22.029+0000] {logging_mixin.py:137} INFO - [2024-11-12T07:59:22.028+0000] {dag.py:3441} INFO - Setting next_dagrun for example_local_kubernetes_executor to None, run_after=None
[2024-11-12T07:59:22.058+0000] {processor.py:175} INFO - Processing /home/airflow/.local/lib/python3.7/site-packages/airflow/example_dags/example_local_kubernetes_executor.py took 0.130 seconds
[2024-11-12T07:59:52.175+0000] {processor.py:153} INFO - Started process (PID=838) to work on /home/airflow/.local/lib/python3.7/site-packages/airflow/example_dags/example_local_kubernetes_executor.py
[2024-11-12T07:59:52.176+0000] {processor.py:743} INFO - Processing file /home/airflow/.local/lib/python3.7/site-packages/airflow/example_dags/example_local_kubernetes_executor.py for tasks to queue
[2024-11-12T07:59:52.177+0000] {logging_mixin.py:137} INFO - [2024-11-12T07:59:52.176+0000] {dagbag.py:538} INFO - Filling up the DagBag from /home/airflow/.local/lib/python3.7/site-packages/airflow/example_dags/example_local_kubernetes_executor.py
[2024-11-12T07:59:52.198+0000] {processor.py:753} INFO - DAG(s) dict_keys(['example_local_kubernetes_executor']) retrieved from /home/airflow/.local/lib/python3.7/site-packages/airflow/example_dags/example_local_kubernetes_executor.py
[2024-11-12T07:59:52.226+0000] {logging_mixin.py:137} INFO - [2024-11-12T07:59:52.226+0000] {dag.py:2690} INFO - Sync 1 DAGs
[2024-11-12T07:59:52.249+0000] {logging_mixin.py:137} INFO - [2024-11-12T07:59:52.249+0000] {dag.py:3441} INFO - Setting next_dagrun for example_local_kubernetes_executor to None, run_after=None
[2024-11-12T07:59:52.272+0000] {processor.py:175} INFO - Processing /home/airflow/.local/lib/python3.7/site-packages/airflow/example_dags/example_local_kubernetes_executor.py took 0.101 seconds
[2024-11-12T08:00:22.480+0000] {processor.py:153} INFO - Started process (PID=925) to work on /home/airflow/.local/lib/python3.7/site-packages/airflow/example_dags/example_local_kubernetes_executor.py
[2024-11-12T08:00:22.482+0000] {processor.py:743} INFO - Processing file /home/airflow/.local/lib/python3.7/site-packages/airflow/example_dags/example_local_kubernetes_executor.py for tasks to queue
[2024-11-12T08:00:22.483+0000] {logging_mixin.py:137} INFO - [2024-11-12T08:00:22.483+0000] {dagbag.py:538} INFO - Filling up the DagBag from /home/airflow/.local/lib/python3.7/site-packages/airflow/example_dags/example_local_kubernetes_executor.py
[2024-11-12T08:00:22.514+0000] {processor.py:753} INFO - DAG(s) dict_keys(['example_local_kubernetes_executor']) retrieved from /home/airflow/.local/lib/python3.7/site-packages/airflow/example_dags/example_local_kubernetes_executor.py
[2024-11-12T08:00:22.560+0000] {logging_mixin.py:137} INFO - [2024-11-12T08:00:22.560+0000] {dag.py:2690} INFO - Sync 1 DAGs
[2024-11-12T08:00:22.591+0000] {logging_mixin.py:137} INFO - [2024-11-12T08:00:22.591+0000] {dag.py:3441} INFO - Setting next_dagrun for example_local_kubernetes_executor to None, run_after=None
[2024-11-12T08:00:22.618+0000] {processor.py:175} INFO - Processing /home/airflow/.local/lib/python3.7/site-packages/airflow/example_dags/example_local_kubernetes_executor.py took 0.141 seconds
[2024-11-12T08:00:53.410+0000] {processor.py:153} INFO - Started process (PID=996) to work on /home/airflow/.local/lib/python3.7/site-packages/airflow/example_dags/example_local_kubernetes_executor.py
[2024-11-12T08:00:53.411+0000] {processor.py:743} INFO - Processing file /home/airflow/.local/lib/python3.7/site-packages/airflow/example_dags/example_local_kubernetes_executor.py for tasks to queue
[2024-11-12T08:00:53.412+0000] {logging_mixin.py:137} INFO - [2024-11-12T08:00:53.412+0000] {dagbag.py:538} INFO - Filling up the DagBag from /home/airflow/.local/lib/python3.7/site-packages/airflow/example_dags/example_local_kubernetes_executor.py
[2024-11-12T08:00:53.443+0000] {processor.py:753} INFO - DAG(s) dict_keys(['example_local_kubernetes_executor']) retrieved from /home/airflow/.local/lib/python3.7/site-packages/airflow/example_dags/example_local_kubernetes_executor.py
[2024-11-12T08:00:53.474+0000] {logging_mixin.py:137} INFO - [2024-11-12T08:00:53.473+0000] {dag.py:2690} INFO - Sync 1 DAGs
[2024-11-12T08:00:53.503+0000] {logging_mixin.py:137} INFO - [2024-11-12T08:00:53.503+0000] {dag.py:3441} INFO - Setting next_dagrun for example_local_kubernetes_executor to None, run_after=None
[2024-11-12T08:00:53.528+0000] {processor.py:175} INFO - Processing /home/airflow/.local/lib/python3.7/site-packages/airflow/example_dags/example_local_kubernetes_executor.py took 0.122 seconds
[2024-11-12T08:01:24.146+0000] {processor.py:153} INFO - Started process (PID=1083) to work on /home/airflow/.local/lib/python3.7/site-packages/airflow/example_dags/example_local_kubernetes_executor.py
[2024-11-12T08:01:24.147+0000] {processor.py:743} INFO - Processing file /home/airflow/.local/lib/python3.7/site-packages/airflow/example_dags/example_local_kubernetes_executor.py for tasks to queue
[2024-11-12T08:01:24.148+0000] {logging_mixin.py:137} INFO - [2024-11-12T08:01:24.148+0000] {dagbag.py:538} INFO - Filling up the DagBag from /home/airflow/.local/lib/python3.7/site-packages/airflow/example_dags/example_local_kubernetes_executor.py
[2024-11-12T08:01:24.172+0000] {processor.py:753} INFO - DAG(s) dict_keys(['example_local_kubernetes_executor']) retrieved from /home/airflow/.local/lib/python3.7/site-packages/airflow/example_dags/example_local_kubernetes_executor.py
[2024-11-12T08:01:24.201+0000] {logging_mixin.py:137} INFO - [2024-11-12T08:01:24.201+0000] {dag.py:2690} INFO - Sync 1 DAGs
[2024-11-12T08:01:24.224+0000] {logging_mixin.py:137} INFO - [2024-11-12T08:01:24.224+0000] {dag.py:3441} INFO - Setting next_dagrun for example_local_kubernetes_executor to None, run_after=None
[2024-11-12T08:01:24.245+0000] {processor.py:175} INFO - Processing /home/airflow/.local/lib/python3.7/site-packages/airflow/example_dags/example_local_kubernetes_executor.py took 0.103 seconds
[2024-11-12T08:02:37.236+0000] {processor.py:153} INFO - Started process (PID=44) to work on /home/airflow/.local/lib/python3.7/site-packages/airflow/example_dags/example_local_kubernetes_executor.py
[2024-11-12T08:02:37.237+0000] {processor.py:743} INFO - Processing file /home/airflow/.local/lib/python3.7/site-packages/airflow/example_dags/example_local_kubernetes_executor.py for tasks to queue
[2024-11-12T08:02:37.238+0000] {logging_mixin.py:137} INFO - [2024-11-12T08:02:37.238+0000] {dagbag.py:538} INFO - Filling up the DagBag from /home/airflow/.local/lib/python3.7/site-packages/airflow/example_dags/example_local_kubernetes_executor.py
[2024-11-12T08:02:37.268+0000] {processor.py:753} INFO - DAG(s) dict_keys(['example_local_kubernetes_executor']) retrieved from /home/airflow/.local/lib/python3.7/site-packages/airflow/example_dags/example_local_kubernetes_executor.py
[2024-11-12T08:02:37.290+0000] {logging_mixin.py:137} INFO - [2024-11-12T08:02:37.290+0000] {dag.py:2690} INFO - Sync 1 DAGs
[2024-11-12T08:02:37.328+0000] {logging_mixin.py:137} INFO - [2024-11-12T08:02:37.328+0000] {dag.py:3441} INFO - Setting next_dagrun for example_local_kubernetes_executor to None, run_after=None
[2024-11-12T08:02:37.355+0000] {processor.py:175} INFO - Processing /home/airflow/.local/lib/python3.7/site-packages/airflow/example_dags/example_local_kubernetes_executor.py took 0.124 seconds
[2024-11-12T08:03:08.270+0000] {processor.py:153} INFO - Started process (PID=131) to work on /home/airflow/.local/lib/python3.7/site-packages/airflow/example_dags/example_local_kubernetes_executor.py
[2024-11-12T08:03:08.271+0000] {processor.py:743} INFO - Processing file /home/airflow/.local/lib/python3.7/site-packages/airflow/example_dags/example_local_kubernetes_executor.py for tasks to queue
[2024-11-12T08:03:08.272+0000] {logging_mixin.py:137} INFO - [2024-11-12T08:03:08.272+0000] {dagbag.py:538} INFO - Filling up the DagBag from /home/airflow/.local/lib/python3.7/site-packages/airflow/example_dags/example_local_kubernetes_executor.py
[2024-11-12T08:03:08.308+0000] {processor.py:753} INFO - DAG(s) dict_keys(['example_local_kubernetes_executor']) retrieved from /home/airflow/.local/lib/python3.7/site-packages/airflow/example_dags/example_local_kubernetes_executor.py
[2024-11-12T08:03:08.345+0000] {logging_mixin.py:137} INFO - [2024-11-12T08:03:08.345+0000] {dag.py:2690} INFO - Sync 1 DAGs
[2024-11-12T08:03:08.381+0000] {logging_mixin.py:137} INFO - [2024-11-12T08:03:08.381+0000] {dag.py:3441} INFO - Setting next_dagrun for example_local_kubernetes_executor to None, run_after=None
[2024-11-12T08:03:08.410+0000] {processor.py:175} INFO - Processing /home/airflow/.local/lib/python3.7/site-packages/airflow/example_dags/example_local_kubernetes_executor.py took 0.146 seconds
[2024-11-12T08:03:39.145+0000] {processor.py:153} INFO - Started process (PID=202) to work on /home/airflow/.local/lib/python3.7/site-packages/airflow/example_dags/example_local_kubernetes_executor.py
[2024-11-12T08:03:39.146+0000] {processor.py:743} INFO - Processing file /home/airflow/.local/lib/python3.7/site-packages/airflow/example_dags/example_local_kubernetes_executor.py for tasks to queue
[2024-11-12T08:03:39.146+0000] {logging_mixin.py:137} INFO - [2024-11-12T08:03:39.146+0000] {dagbag.py:538} INFO - Filling up the DagBag from /home/airflow/.local/lib/python3.7/site-packages/airflow/example_dags/example_local_kubernetes_executor.py
[2024-11-12T08:03:39.171+0000] {processor.py:753} INFO - DAG(s) dict_keys(['example_local_kubernetes_executor']) retrieved from /home/airflow/.local/lib/python3.7/site-packages/airflow/example_dags/example_local_kubernetes_executor.py
[2024-11-12T08:03:39.204+0000] {logging_mixin.py:137} INFO - [2024-11-12T08:03:39.204+0000] {dag.py:2690} INFO - Sync 1 DAGs
[2024-11-12T08:03:39.229+0000] {logging_mixin.py:137} INFO - [2024-11-12T08:03:39.228+0000] {dag.py:3441} INFO - Setting next_dagrun for example_local_kubernetes_executor to None, run_after=None
[2024-11-12T08:03:39.252+0000] {processor.py:175} INFO - Processing /home/airflow/.local/lib/python3.7/site-packages/airflow/example_dags/example_local_kubernetes_executor.py took 0.111 seconds
[2024-11-12T08:04:09.656+0000] {processor.py:153} INFO - Started process (PID=289) to work on /home/airflow/.local/lib/python3.7/site-packages/airflow/example_dags/example_local_kubernetes_executor.py
[2024-11-12T08:04:09.657+0000] {processor.py:743} INFO - Processing file /home/airflow/.local/lib/python3.7/site-packages/airflow/example_dags/example_local_kubernetes_executor.py for tasks to queue
[2024-11-12T08:04:09.658+0000] {logging_mixin.py:137} INFO - [2024-11-12T08:04:09.658+0000] {dagbag.py:538} INFO - Filling up the DagBag from /home/airflow/.local/lib/python3.7/site-packages/airflow/example_dags/example_local_kubernetes_executor.py
[2024-11-12T08:04:09.692+0000] {processor.py:753} INFO - DAG(s) dict_keys(['example_local_kubernetes_executor']) retrieved from /home/airflow/.local/lib/python3.7/site-packages/airflow/example_dags/example_local_kubernetes_executor.py
[2024-11-12T08:04:09.723+0000] {logging_mixin.py:137} INFO - [2024-11-12T08:04:09.723+0000] {dag.py:2690} INFO - Sync 1 DAGs
[2024-11-12T08:04:09.753+0000] {logging_mixin.py:137} INFO - [2024-11-12T08:04:09.753+0000] {dag.py:3441} INFO - Setting next_dagrun for example_local_kubernetes_executor to None, run_after=None
[2024-11-12T08:04:09.779+0000] {processor.py:175} INFO - Processing /home/airflow/.local/lib/python3.7/site-packages/airflow/example_dags/example_local_kubernetes_executor.py took 0.127 seconds
[2024-11-12T08:04:40.533+0000] {processor.py:153} INFO - Started process (PID=360) to work on /home/airflow/.local/lib/python3.7/site-packages/airflow/example_dags/example_local_kubernetes_executor.py
[2024-11-12T08:04:40.535+0000] {processor.py:743} INFO - Processing file /home/airflow/.local/lib/python3.7/site-packages/airflow/example_dags/example_local_kubernetes_executor.py for tasks to queue
[2024-11-12T08:04:40.536+0000] {logging_mixin.py:137} INFO - [2024-11-12T08:04:40.536+0000] {dagbag.py:538} INFO - Filling up the DagBag from /home/airflow/.local/lib/python3.7/site-packages/airflow/example_dags/example_local_kubernetes_executor.py
[2024-11-12T08:04:40.567+0000] {processor.py:753} INFO - DAG(s) dict_keys(['example_local_kubernetes_executor']) retrieved from /home/airflow/.local/lib/python3.7/site-packages/airflow/example_dags/example_local_kubernetes_executor.py
[2024-11-12T08:04:40.613+0000] {logging_mixin.py:137} INFO - [2024-11-12T08:04:40.612+0000] {dag.py:2690} INFO - Sync 1 DAGs
[2024-11-12T08:04:40.661+0000] {logging_mixin.py:137} INFO - [2024-11-12T08:04:40.660+0000] {dag.py:3441} INFO - Setting next_dagrun for example_local_kubernetes_executor to None, run_after=None
[2024-11-12T08:04:40.691+0000] {processor.py:175} INFO - Processing /home/airflow/.local/lib/python3.7/site-packages/airflow/example_dags/example_local_kubernetes_executor.py took 0.164 seconds
[2024-11-12T08:05:10.862+0000] {processor.py:153} INFO - Started process (PID=447) to work on /home/airflow/.local/lib/python3.7/site-packages/airflow/example_dags/example_local_kubernetes_executor.py
[2024-11-12T08:05:10.863+0000] {processor.py:743} INFO - Processing file /home/airflow/.local/lib/python3.7/site-packages/airflow/example_dags/example_local_kubernetes_executor.py for tasks to queue
[2024-11-12T08:05:10.864+0000] {logging_mixin.py:137} INFO - [2024-11-12T08:05:10.864+0000] {dagbag.py:538} INFO - Filling up the DagBag from /home/airflow/.local/lib/python3.7/site-packages/airflow/example_dags/example_local_kubernetes_executor.py
[2024-11-12T08:05:10.890+0000] {processor.py:753} INFO - DAG(s) dict_keys(['example_local_kubernetes_executor']) retrieved from /home/airflow/.local/lib/python3.7/site-packages/airflow/example_dags/example_local_kubernetes_executor.py
[2024-11-12T08:05:10.926+0000] {logging_mixin.py:137} INFO - [2024-11-12T08:05:10.926+0000] {dag.py:2690} INFO - Sync 1 DAGs
[2024-11-12T08:05:10.960+0000] {logging_mixin.py:137} INFO - [2024-11-12T08:05:10.960+0000] {dag.py:3441} INFO - Setting next_dagrun for example_local_kubernetes_executor to None, run_after=None
[2024-11-12T08:05:10.981+0000] {processor.py:175} INFO - Processing /home/airflow/.local/lib/python3.7/site-packages/airflow/example_dags/example_local_kubernetes_executor.py took 0.123 seconds
[2024-11-12T08:05:41.828+0000] {processor.py:153} INFO - Started process (PID=518) to work on /home/airflow/.local/lib/python3.7/site-packages/airflow/example_dags/example_local_kubernetes_executor.py
[2024-11-12T08:05:41.829+0000] {processor.py:743} INFO - Processing file /home/airflow/.local/lib/python3.7/site-packages/airflow/example_dags/example_local_kubernetes_executor.py for tasks to queue
[2024-11-12T08:05:41.830+0000] {logging_mixin.py:137} INFO - [2024-11-12T08:05:41.830+0000] {dagbag.py:538} INFO - Filling up the DagBag from /home/airflow/.local/lib/python3.7/site-packages/airflow/example_dags/example_local_kubernetes_executor.py
[2024-11-12T08:05:41.852+0000] {processor.py:753} INFO - DAG(s) dict_keys(['example_local_kubernetes_executor']) retrieved from /home/airflow/.local/lib/python3.7/site-packages/airflow/example_dags/example_local_kubernetes_executor.py
[2024-11-12T08:05:41.880+0000] {logging_mixin.py:137} INFO - [2024-11-12T08:05:41.880+0000] {dag.py:2690} INFO - Sync 1 DAGs
[2024-11-12T08:05:41.906+0000] {logging_mixin.py:137} INFO - [2024-11-12T08:05:41.906+0000] {dag.py:3441} INFO - Setting next_dagrun for example_local_kubernetes_executor to None, run_after=None
[2024-11-12T08:05:41.927+0000] {processor.py:175} INFO - Processing /home/airflow/.local/lib/python3.7/site-packages/airflow/example_dags/example_local_kubernetes_executor.py took 0.102 seconds
[2024-11-12T08:06:12.695+0000] {processor.py:153} INFO - Started process (PID=605) to work on /home/airflow/.local/lib/python3.7/site-packages/airflow/example_dags/example_local_kubernetes_executor.py
[2024-11-12T08:06:12.698+0000] {processor.py:743} INFO - Processing file /home/airflow/.local/lib/python3.7/site-packages/airflow/example_dags/example_local_kubernetes_executor.py for tasks to queue
[2024-11-12T08:06:12.700+0000] {logging_mixin.py:137} INFO - [2024-11-12T08:06:12.699+0000] {dagbag.py:538} INFO - Filling up the DagBag from /home/airflow/.local/lib/python3.7/site-packages/airflow/example_dags/example_local_kubernetes_executor.py
[2024-11-12T08:06:12.767+0000] {processor.py:753} INFO - DAG(s) dict_keys(['example_local_kubernetes_executor']) retrieved from /home/airflow/.local/lib/python3.7/site-packages/airflow/example_dags/example_local_kubernetes_executor.py
[2024-11-12T08:06:12.816+0000] {logging_mixin.py:137} INFO - [2024-11-12T08:06:12.816+0000] {dag.py:2690} INFO - Sync 1 DAGs
[2024-11-12T08:06:12.864+0000] {logging_mixin.py:137} INFO - [2024-11-12T08:06:12.864+0000] {dag.py:3441} INFO - Setting next_dagrun for example_local_kubernetes_executor to None, run_after=None
[2024-11-12T08:06:12.901+0000] {processor.py:175} INFO - Processing /home/airflow/.local/lib/python3.7/site-packages/airflow/example_dags/example_local_kubernetes_executor.py took 0.211 seconds
[2024-11-12T08:06:43.200+0000] {processor.py:153} INFO - Started process (PID=676) to work on /home/airflow/.local/lib/python3.7/site-packages/airflow/example_dags/example_local_kubernetes_executor.py
[2024-11-12T08:06:43.201+0000] {processor.py:743} INFO - Processing file /home/airflow/.local/lib/python3.7/site-packages/airflow/example_dags/example_local_kubernetes_executor.py for tasks to queue
[2024-11-12T08:06:43.202+0000] {logging_mixin.py:137} INFO - [2024-11-12T08:06:43.202+0000] {dagbag.py:538} INFO - Filling up the DagBag from /home/airflow/.local/lib/python3.7/site-packages/airflow/example_dags/example_local_kubernetes_executor.py
[2024-11-12T08:06:43.223+0000] {processor.py:753} INFO - DAG(s) dict_keys(['example_local_kubernetes_executor']) retrieved from /home/airflow/.local/lib/python3.7/site-packages/airflow/example_dags/example_local_kubernetes_executor.py
[2024-11-12T08:06:43.250+0000] {logging_mixin.py:137} INFO - [2024-11-12T08:06:43.250+0000] {dag.py:2690} INFO - Sync 1 DAGs
[2024-11-12T08:06:43.273+0000] {logging_mixin.py:137} INFO - [2024-11-12T08:06:43.273+0000] {dag.py:3441} INFO - Setting next_dagrun for example_local_kubernetes_executor to None, run_after=None
[2024-11-12T08:06:43.297+0000] {processor.py:175} INFO - Processing /home/airflow/.local/lib/python3.7/site-packages/airflow/example_dags/example_local_kubernetes_executor.py took 0.101 seconds
