[2024-11-12T07:54:47.919+0000] {processor.py:153} INFO - Started process (PID=77) to work on /home/airflow/.local/lib/python3.7/site-packages/airflow/example_dags/example_skip_dag.py
[2024-11-12T07:54:47.920+0000] {processor.py:743} INFO - Processing file /home/airflow/.local/lib/python3.7/site-packages/airflow/example_dags/example_skip_dag.py for tasks to queue
[2024-11-12T07:54:47.922+0000] {logging_mixin.py:137} INFO - [2024-11-12T07:54:47.921+0000] {dagbag.py:538} INFO - Filling up the DagBag from /home/airflow/.local/lib/python3.7/site-packages/airflow/example_dags/example_skip_dag.py
[2024-11-12T07:54:47.948+0000] {processor.py:753} INFO - DAG(s) dict_keys(['example_skip_dag']) retrieved from /home/airflow/.local/lib/python3.7/site-packages/airflow/example_dags/example_skip_dag.py
[2024-11-12T07:54:47.970+0000] {logging_mixin.py:137} INFO - [2024-11-12T07:54:47.970+0000] {dag.py:2690} INFO - Sync 1 DAGs
[2024-11-12T07:54:48.007+0000] {logging_mixin.py:137} INFO - [2024-11-12T07:54:48.007+0000] {dag.py:3441} INFO - Setting next_dagrun for example_skip_dag to 2024-11-11T07:54:48.007204+00:00, run_after=2024-11-12T07:54:48.007204+00:00
[2024-11-12T07:54:48.039+0000] {processor.py:175} INFO - Processing /home/airflow/.local/lib/python3.7/site-packages/airflow/example_dags/example_skip_dag.py took 0.126 seconds
[2024-11-12T07:55:18.401+0000] {processor.py:153} INFO - Started process (PID=148) to work on /home/airflow/.local/lib/python3.7/site-packages/airflow/example_dags/example_skip_dag.py
[2024-11-12T07:55:18.402+0000] {processor.py:743} INFO - Processing file /home/airflow/.local/lib/python3.7/site-packages/airflow/example_dags/example_skip_dag.py for tasks to queue
[2024-11-12T07:55:18.403+0000] {logging_mixin.py:137} INFO - [2024-11-12T07:55:18.403+0000] {dagbag.py:538} INFO - Filling up the DagBag from /home/airflow/.local/lib/python3.7/site-packages/airflow/example_dags/example_skip_dag.py
[2024-11-12T07:55:18.417+0000] {processor.py:753} INFO - DAG(s) dict_keys(['example_skip_dag']) retrieved from /home/airflow/.local/lib/python3.7/site-packages/airflow/example_dags/example_skip_dag.py
[2024-11-12T07:55:18.441+0000] {logging_mixin.py:137} INFO - [2024-11-12T07:55:18.441+0000] {dag.py:2690} INFO - Sync 1 DAGs
[2024-11-12T07:55:18.464+0000] {logging_mixin.py:137} INFO - [2024-11-12T07:55:18.464+0000] {dag.py:3441} INFO - Setting next_dagrun for example_skip_dag to 2024-11-11T07:55:18.464513+00:00, run_after=2024-11-12T07:55:18.464513+00:00
[2024-11-12T07:55:18.491+0000] {processor.py:175} INFO - Processing /home/airflow/.local/lib/python3.7/site-packages/airflow/example_dags/example_skip_dag.py took 0.093 seconds
[2024-11-12T07:55:49.386+0000] {processor.py:153} INFO - Started process (PID=235) to work on /home/airflow/.local/lib/python3.7/site-packages/airflow/example_dags/example_skip_dag.py
[2024-11-12T07:55:49.387+0000] {processor.py:743} INFO - Processing file /home/airflow/.local/lib/python3.7/site-packages/airflow/example_dags/example_skip_dag.py for tasks to queue
[2024-11-12T07:55:49.388+0000] {logging_mixin.py:137} INFO - [2024-11-12T07:55:49.388+0000] {dagbag.py:538} INFO - Filling up the DagBag from /home/airflow/.local/lib/python3.7/site-packages/airflow/example_dags/example_skip_dag.py
[2024-11-12T07:55:49.407+0000] {processor.py:753} INFO - DAG(s) dict_keys(['example_skip_dag']) retrieved from /home/airflow/.local/lib/python3.7/site-packages/airflow/example_dags/example_skip_dag.py
[2024-11-12T07:55:49.438+0000] {logging_mixin.py:137} INFO - [2024-11-12T07:55:49.438+0000] {dag.py:2690} INFO - Sync 1 DAGs
[2024-11-12T07:55:49.477+0000] {logging_mixin.py:137} INFO - [2024-11-12T07:55:49.477+0000] {dag.py:3441} INFO - Setting next_dagrun for example_skip_dag to 2024-11-11T07:55:49.477147+00:00, run_after=2024-11-12T07:55:49.477147+00:00
[2024-11-12T07:55:49.503+0000] {processor.py:175} INFO - Processing /home/airflow/.local/lib/python3.7/site-packages/airflow/example_dags/example_skip_dag.py took 0.124 seconds
[2024-11-12T07:56:19.620+0000] {processor.py:153} INFO - Started process (PID=306) to work on /home/airflow/.local/lib/python3.7/site-packages/airflow/example_dags/example_skip_dag.py
[2024-11-12T07:56:19.621+0000] {processor.py:743} INFO - Processing file /home/airflow/.local/lib/python3.7/site-packages/airflow/example_dags/example_skip_dag.py for tasks to queue
[2024-11-12T07:56:19.622+0000] {logging_mixin.py:137} INFO - [2024-11-12T07:56:19.622+0000] {dagbag.py:538} INFO - Filling up the DagBag from /home/airflow/.local/lib/python3.7/site-packages/airflow/example_dags/example_skip_dag.py
[2024-11-12T07:56:19.641+0000] {processor.py:753} INFO - DAG(s) dict_keys(['example_skip_dag']) retrieved from /home/airflow/.local/lib/python3.7/site-packages/airflow/example_dags/example_skip_dag.py
[2024-11-12T07:56:19.669+0000] {logging_mixin.py:137} INFO - [2024-11-12T07:56:19.669+0000] {dag.py:2690} INFO - Sync 1 DAGs
[2024-11-12T07:56:19.694+0000] {logging_mixin.py:137} INFO - [2024-11-12T07:56:19.694+0000] {dag.py:3441} INFO - Setting next_dagrun for example_skip_dag to 2024-11-11T07:56:19.694125+00:00, run_after=2024-11-12T07:56:19.694125+00:00
[2024-11-12T07:56:19.717+0000] {processor.py:175} INFO - Processing /home/airflow/.local/lib/python3.7/site-packages/airflow/example_dags/example_skip_dag.py took 0.100 seconds
[2024-11-12T07:56:50.272+0000] {processor.py:153} INFO - Started process (PID=377) to work on /home/airflow/.local/lib/python3.7/site-packages/airflow/example_dags/example_skip_dag.py
[2024-11-12T07:56:50.273+0000] {processor.py:743} INFO - Processing file /home/airflow/.local/lib/python3.7/site-packages/airflow/example_dags/example_skip_dag.py for tasks to queue
[2024-11-12T07:56:50.274+0000] {logging_mixin.py:137} INFO - [2024-11-12T07:56:50.274+0000] {dagbag.py:538} INFO - Filling up the DagBag from /home/airflow/.local/lib/python3.7/site-packages/airflow/example_dags/example_skip_dag.py
[2024-11-12T07:56:50.288+0000] {processor.py:753} INFO - DAG(s) dict_keys(['example_skip_dag']) retrieved from /home/airflow/.local/lib/python3.7/site-packages/airflow/example_dags/example_skip_dag.py
[2024-11-12T07:56:50.312+0000] {logging_mixin.py:137} INFO - [2024-11-12T07:56:50.312+0000] {dag.py:2690} INFO - Sync 1 DAGs
[2024-11-12T07:56:50.340+0000] {logging_mixin.py:137} INFO - [2024-11-12T07:56:50.340+0000] {dag.py:3441} INFO - Setting next_dagrun for example_skip_dag to 2024-11-11T07:56:50.339780+00:00, run_after=2024-11-12T07:56:50.339780+00:00
[2024-11-12T07:56:50.371+0000] {processor.py:175} INFO - Processing /home/airflow/.local/lib/python3.7/site-packages/airflow/example_dags/example_skip_dag.py took 0.103 seconds
[2024-11-12T07:57:20.469+0000] {processor.py:153} INFO - Started process (PID=464) to work on /home/airflow/.local/lib/python3.7/site-packages/airflow/example_dags/example_skip_dag.py
[2024-11-12T07:57:20.470+0000] {processor.py:743} INFO - Processing file /home/airflow/.local/lib/python3.7/site-packages/airflow/example_dags/example_skip_dag.py for tasks to queue
[2024-11-12T07:57:20.470+0000] {logging_mixin.py:137} INFO - [2024-11-12T07:57:20.470+0000] {dagbag.py:538} INFO - Filling up the DagBag from /home/airflow/.local/lib/python3.7/site-packages/airflow/example_dags/example_skip_dag.py
[2024-11-12T07:57:20.483+0000] {processor.py:753} INFO - DAG(s) dict_keys(['example_skip_dag']) retrieved from /home/airflow/.local/lib/python3.7/site-packages/airflow/example_dags/example_skip_dag.py
[2024-11-12T07:57:20.507+0000] {logging_mixin.py:137} INFO - [2024-11-12T07:57:20.507+0000] {dag.py:2690} INFO - Sync 1 DAGs
[2024-11-12T07:57:20.532+0000] {logging_mixin.py:137} INFO - [2024-11-12T07:57:20.531+0000] {dag.py:3441} INFO - Setting next_dagrun for example_skip_dag to 2024-11-11T07:57:20.531637+00:00, run_after=2024-11-12T07:57:20.531637+00:00
[2024-11-12T07:57:20.553+0000] {processor.py:175} INFO - Processing /home/airflow/.local/lib/python3.7/site-packages/airflow/example_dags/example_skip_dag.py took 0.088 seconds
[2024-11-12T07:57:51.582+0000] {processor.py:153} INFO - Started process (PID=535) to work on /home/airflow/.local/lib/python3.7/site-packages/airflow/example_dags/example_skip_dag.py
[2024-11-12T07:57:51.584+0000] {processor.py:743} INFO - Processing file /home/airflow/.local/lib/python3.7/site-packages/airflow/example_dags/example_skip_dag.py for tasks to queue
[2024-11-12T07:57:51.585+0000] {logging_mixin.py:137} INFO - [2024-11-12T07:57:51.584+0000] {dagbag.py:538} INFO - Filling up the DagBag from /home/airflow/.local/lib/python3.7/site-packages/airflow/example_dags/example_skip_dag.py
[2024-11-12T07:57:51.600+0000] {processor.py:753} INFO - DAG(s) dict_keys(['example_skip_dag']) retrieved from /home/airflow/.local/lib/python3.7/site-packages/airflow/example_dags/example_skip_dag.py
[2024-11-12T07:57:51.642+0000] {logging_mixin.py:137} INFO - [2024-11-12T07:57:51.642+0000] {dag.py:2690} INFO - Sync 1 DAGs
[2024-11-12T07:57:51.691+0000] {logging_mixin.py:137} INFO - [2024-11-12T07:57:51.690+0000] {dag.py:3441} INFO - Setting next_dagrun for example_skip_dag to 2024-11-11T07:57:51.690405+00:00, run_after=2024-11-12T07:57:51.690405+00:00
[2024-11-12T07:57:51.726+0000] {processor.py:175} INFO - Processing /home/airflow/.local/lib/python3.7/site-packages/airflow/example_dags/example_skip_dag.py took 0.148 seconds
[2024-11-12T07:58:21.987+0000] {processor.py:153} INFO - Started process (PID=622) to work on /home/airflow/.local/lib/python3.7/site-packages/airflow/example_dags/example_skip_dag.py
[2024-11-12T07:58:21.988+0000] {processor.py:743} INFO - Processing file /home/airflow/.local/lib/python3.7/site-packages/airflow/example_dags/example_skip_dag.py for tasks to queue
[2024-11-12T07:58:21.989+0000] {logging_mixin.py:137} INFO - [2024-11-12T07:58:21.989+0000] {dagbag.py:538} INFO - Filling up the DagBag from /home/airflow/.local/lib/python3.7/site-packages/airflow/example_dags/example_skip_dag.py
[2024-11-12T07:58:22.004+0000] {processor.py:753} INFO - DAG(s) dict_keys(['example_skip_dag']) retrieved from /home/airflow/.local/lib/python3.7/site-packages/airflow/example_dags/example_skip_dag.py
[2024-11-12T07:58:22.033+0000] {logging_mixin.py:137} INFO - [2024-11-12T07:58:22.033+0000] {dag.py:2690} INFO - Sync 1 DAGs
[2024-11-12T07:58:22.058+0000] {logging_mixin.py:137} INFO - [2024-11-12T07:58:22.058+0000] {dag.py:3441} INFO - Setting next_dagrun for example_skip_dag to 2024-11-11T07:58:22.057876+00:00, run_after=2024-11-12T07:58:22.057876+00:00
[2024-11-12T07:58:22.082+0000] {processor.py:175} INFO - Processing /home/airflow/.local/lib/python3.7/site-packages/airflow/example_dags/example_skip_dag.py took 0.098 seconds
[2024-11-12T07:58:52.810+0000] {processor.py:153} INFO - Started process (PID=693) to work on /home/airflow/.local/lib/python3.7/site-packages/airflow/example_dags/example_skip_dag.py
[2024-11-12T07:58:52.811+0000] {processor.py:743} INFO - Processing file /home/airflow/.local/lib/python3.7/site-packages/airflow/example_dags/example_skip_dag.py for tasks to queue
[2024-11-12T07:58:52.812+0000] {logging_mixin.py:137} INFO - [2024-11-12T07:58:52.812+0000] {dagbag.py:538} INFO - Filling up the DagBag from /home/airflow/.local/lib/python3.7/site-packages/airflow/example_dags/example_skip_dag.py
[2024-11-12T07:58:52.843+0000] {processor.py:753} INFO - DAG(s) dict_keys(['example_skip_dag']) retrieved from /home/airflow/.local/lib/python3.7/site-packages/airflow/example_dags/example_skip_dag.py
[2024-11-12T07:58:52.878+0000] {logging_mixin.py:137} INFO - [2024-11-12T07:58:52.878+0000] {dag.py:2690} INFO - Sync 1 DAGs
[2024-11-12T07:58:52.923+0000] {logging_mixin.py:137} INFO - [2024-11-12T07:58:52.923+0000] {dag.py:3441} INFO - Setting next_dagrun for example_skip_dag to 2024-11-11T07:58:52.923145+00:00, run_after=2024-11-12T07:58:52.923145+00:00
[2024-11-12T07:58:52.945+0000] {processor.py:175} INFO - Processing /home/airflow/.local/lib/python3.7/site-packages/airflow/example_dags/example_skip_dag.py took 0.138 seconds
[2024-11-12T07:59:23.100+0000] {processor.py:153} INFO - Started process (PID=782) to work on /home/airflow/.local/lib/python3.7/site-packages/airflow/example_dags/example_skip_dag.py
[2024-11-12T07:59:23.102+0000] {processor.py:743} INFO - Processing file /home/airflow/.local/lib/python3.7/site-packages/airflow/example_dags/example_skip_dag.py for tasks to queue
[2024-11-12T07:59:23.104+0000] {logging_mixin.py:137} INFO - [2024-11-12T07:59:23.104+0000] {dagbag.py:538} INFO - Filling up the DagBag from /home/airflow/.local/lib/python3.7/site-packages/airflow/example_dags/example_skip_dag.py
[2024-11-12T07:59:23.118+0000] {processor.py:753} INFO - DAG(s) dict_keys(['example_skip_dag']) retrieved from /home/airflow/.local/lib/python3.7/site-packages/airflow/example_dags/example_skip_dag.py
[2024-11-12T07:59:23.144+0000] {logging_mixin.py:137} INFO - [2024-11-12T07:59:23.144+0000] {dag.py:2690} INFO - Sync 1 DAGs
[2024-11-12T07:59:23.169+0000] {logging_mixin.py:137} INFO - [2024-11-12T07:59:23.169+0000] {dag.py:3441} INFO - Setting next_dagrun for example_skip_dag to 2024-11-11T07:59:23.168862+00:00, run_after=2024-11-12T07:59:23.168862+00:00
[2024-11-12T07:59:23.193+0000] {processor.py:175} INFO - Processing /home/airflow/.local/lib/python3.7/site-packages/airflow/example_dags/example_skip_dag.py took 0.098 seconds
[2024-11-12T07:59:53.276+0000] {processor.py:153} INFO - Started process (PID=853) to work on /home/airflow/.local/lib/python3.7/site-packages/airflow/example_dags/example_skip_dag.py
[2024-11-12T07:59:53.277+0000] {processor.py:743} INFO - Processing file /home/airflow/.local/lib/python3.7/site-packages/airflow/example_dags/example_skip_dag.py for tasks to queue
[2024-11-12T07:59:53.278+0000] {logging_mixin.py:137} INFO - [2024-11-12T07:59:53.277+0000] {dagbag.py:538} INFO - Filling up the DagBag from /home/airflow/.local/lib/python3.7/site-packages/airflow/example_dags/example_skip_dag.py
[2024-11-12T07:59:53.295+0000] {processor.py:753} INFO - DAG(s) dict_keys(['example_skip_dag']) retrieved from /home/airflow/.local/lib/python3.7/site-packages/airflow/example_dags/example_skip_dag.py
[2024-11-12T07:59:53.324+0000] {logging_mixin.py:137} INFO - [2024-11-12T07:59:53.324+0000] {dag.py:2690} INFO - Sync 1 DAGs
[2024-11-12T07:59:53.350+0000] {logging_mixin.py:137} INFO - [2024-11-12T07:59:53.350+0000] {dag.py:3441} INFO - Setting next_dagrun for example_skip_dag to 2024-11-11T07:59:53.349848+00:00, run_after=2024-11-12T07:59:53.349848+00:00
[2024-11-12T07:59:53.382+0000] {processor.py:175} INFO - Processing /home/airflow/.local/lib/python3.7/site-packages/airflow/example_dags/example_skip_dag.py took 0.110 seconds
[2024-11-12T08:00:23.473+0000] {processor.py:153} INFO - Started process (PID=940) to work on /home/airflow/.local/lib/python3.7/site-packages/airflow/example_dags/example_skip_dag.py
[2024-11-12T08:00:23.475+0000] {processor.py:743} INFO - Processing file /home/airflow/.local/lib/python3.7/site-packages/airflow/example_dags/example_skip_dag.py for tasks to queue
[2024-11-12T08:00:23.475+0000] {logging_mixin.py:137} INFO - [2024-11-12T08:00:23.475+0000] {dagbag.py:538} INFO - Filling up the DagBag from /home/airflow/.local/lib/python3.7/site-packages/airflow/example_dags/example_skip_dag.py
[2024-11-12T08:00:23.489+0000] {processor.py:753} INFO - DAG(s) dict_keys(['example_skip_dag']) retrieved from /home/airflow/.local/lib/python3.7/site-packages/airflow/example_dags/example_skip_dag.py
[2024-11-12T08:00:23.514+0000] {logging_mixin.py:137} INFO - [2024-11-12T08:00:23.514+0000] {dag.py:2690} INFO - Sync 1 DAGs
[2024-11-12T08:00:23.537+0000] {logging_mixin.py:137} INFO - [2024-11-12T08:00:23.537+0000] {dag.py:3441} INFO - Setting next_dagrun for example_skip_dag to 2024-11-11T08:00:23.537047+00:00, run_after=2024-11-12T08:00:23.537047+00:00
[2024-11-12T08:00:23.560+0000] {processor.py:175} INFO - Processing /home/airflow/.local/lib/python3.7/site-packages/airflow/example_dags/example_skip_dag.py took 0.090 seconds
[2024-11-12T08:00:54.388+0000] {processor.py:153} INFO - Started process (PID=1011) to work on /home/airflow/.local/lib/python3.7/site-packages/airflow/example_dags/example_skip_dag.py
[2024-11-12T08:00:54.390+0000] {processor.py:743} INFO - Processing file /home/airflow/.local/lib/python3.7/site-packages/airflow/example_dags/example_skip_dag.py for tasks to queue
[2024-11-12T08:00:54.390+0000] {logging_mixin.py:137} INFO - [2024-11-12T08:00:54.390+0000] {dagbag.py:538} INFO - Filling up the DagBag from /home/airflow/.local/lib/python3.7/site-packages/airflow/example_dags/example_skip_dag.py
[2024-11-12T08:00:54.404+0000] {processor.py:753} INFO - DAG(s) dict_keys(['example_skip_dag']) retrieved from /home/airflow/.local/lib/python3.7/site-packages/airflow/example_dags/example_skip_dag.py
[2024-11-12T08:00:54.429+0000] {logging_mixin.py:137} INFO - [2024-11-12T08:00:54.429+0000] {dag.py:2690} INFO - Sync 1 DAGs
[2024-11-12T08:00:54.457+0000] {logging_mixin.py:137} INFO - [2024-11-12T08:00:54.457+0000] {dag.py:3441} INFO - Setting next_dagrun for example_skip_dag to 2024-11-11T08:00:54.457583+00:00, run_after=2024-11-12T08:00:54.457583+00:00
[2024-11-12T08:00:54.482+0000] {processor.py:175} INFO - Processing /home/airflow/.local/lib/python3.7/site-packages/airflow/example_dags/example_skip_dag.py took 0.098 seconds
[2024-11-12T08:01:25.330+0000] {processor.py:153} INFO - Started process (PID=1098) to work on /home/airflow/.local/lib/python3.7/site-packages/airflow/example_dags/example_skip_dag.py
[2024-11-12T08:01:25.332+0000] {processor.py:743} INFO - Processing file /home/airflow/.local/lib/python3.7/site-packages/airflow/example_dags/example_skip_dag.py for tasks to queue
[2024-11-12T08:01:25.332+0000] {logging_mixin.py:137} INFO - [2024-11-12T08:01:25.332+0000] {dagbag.py:538} INFO - Filling up the DagBag from /home/airflow/.local/lib/python3.7/site-packages/airflow/example_dags/example_skip_dag.py
[2024-11-12T08:01:25.349+0000] {processor.py:753} INFO - DAG(s) dict_keys(['example_skip_dag']) retrieved from /home/airflow/.local/lib/python3.7/site-packages/airflow/example_dags/example_skip_dag.py
[2024-11-12T08:01:25.382+0000] {logging_mixin.py:137} INFO - [2024-11-12T08:01:25.382+0000] {dag.py:2690} INFO - Sync 1 DAGs
[2024-11-12T08:01:25.413+0000] {logging_mixin.py:137} INFO - [2024-11-12T08:01:25.412+0000] {dag.py:3441} INFO - Setting next_dagrun for example_skip_dag to 2024-11-11T08:01:25.412653+00:00, run_after=2024-11-12T08:01:25.412653+00:00
[2024-11-12T08:01:25.437+0000] {processor.py:175} INFO - Processing /home/airflow/.local/lib/python3.7/site-packages/airflow/example_dags/example_skip_dag.py took 0.111 seconds
[2024-11-12T08:02:38.522+0000] {processor.py:153} INFO - Started process (PID=59) to work on /home/airflow/.local/lib/python3.7/site-packages/airflow/example_dags/example_skip_dag.py
[2024-11-12T08:02:38.523+0000] {processor.py:743} INFO - Processing file /home/airflow/.local/lib/python3.7/site-packages/airflow/example_dags/example_skip_dag.py for tasks to queue
[2024-11-12T08:02:38.525+0000] {logging_mixin.py:137} INFO - [2024-11-12T08:02:38.524+0000] {dagbag.py:538} INFO - Filling up the DagBag from /home/airflow/.local/lib/python3.7/site-packages/airflow/example_dags/example_skip_dag.py
[2024-11-12T08:02:38.548+0000] {processor.py:753} INFO - DAG(s) dict_keys(['example_skip_dag']) retrieved from /home/airflow/.local/lib/python3.7/site-packages/airflow/example_dags/example_skip_dag.py
[2024-11-12T08:02:38.570+0000] {logging_mixin.py:137} INFO - [2024-11-12T08:02:38.570+0000] {dag.py:2690} INFO - Sync 1 DAGs
[2024-11-12T08:02:38.618+0000] {logging_mixin.py:137} INFO - [2024-11-12T08:02:38.617+0000] {dag.py:3441} INFO - Setting next_dagrun for example_skip_dag to 2024-11-11T08:02:38.616137+00:00, run_after=2024-11-12T08:02:38.616137+00:00
[2024-11-12T08:02:38.656+0000] {processor.py:175} INFO - Processing /home/airflow/.local/lib/python3.7/site-packages/airflow/example_dags/example_skip_dag.py took 0.139 seconds
[2024-11-12T08:03:09.545+0000] {processor.py:153} INFO - Started process (PID=146) to work on /home/airflow/.local/lib/python3.7/site-packages/airflow/example_dags/example_skip_dag.py
[2024-11-12T08:03:09.547+0000] {processor.py:743} INFO - Processing file /home/airflow/.local/lib/python3.7/site-packages/airflow/example_dags/example_skip_dag.py for tasks to queue
[2024-11-12T08:03:09.548+0000] {logging_mixin.py:137} INFO - [2024-11-12T08:03:09.547+0000] {dagbag.py:538} INFO - Filling up the DagBag from /home/airflow/.local/lib/python3.7/site-packages/airflow/example_dags/example_skip_dag.py
[2024-11-12T08:03:09.563+0000] {processor.py:753} INFO - DAG(s) dict_keys(['example_skip_dag']) retrieved from /home/airflow/.local/lib/python3.7/site-packages/airflow/example_dags/example_skip_dag.py
[2024-11-12T08:03:09.593+0000] {logging_mixin.py:137} INFO - [2024-11-12T08:03:09.593+0000] {dag.py:2690} INFO - Sync 1 DAGs
[2024-11-12T08:03:09.624+0000] {logging_mixin.py:137} INFO - [2024-11-12T08:03:09.624+0000] {dag.py:3441} INFO - Setting next_dagrun for example_skip_dag to 2024-11-11T08:03:09.624373+00:00, run_after=2024-11-12T08:03:09.624373+00:00
[2024-11-12T08:03:09.647+0000] {processor.py:175} INFO - Processing /home/airflow/.local/lib/python3.7/site-packages/airflow/example_dags/example_skip_dag.py took 0.105 seconds
[2024-11-12T08:03:40.089+0000] {processor.py:153} INFO - Started process (PID=217) to work on /home/airflow/.local/lib/python3.7/site-packages/airflow/example_dags/example_skip_dag.py
[2024-11-12T08:03:40.090+0000] {processor.py:743} INFO - Processing file /home/airflow/.local/lib/python3.7/site-packages/airflow/example_dags/example_skip_dag.py for tasks to queue
[2024-11-12T08:03:40.091+0000] {logging_mixin.py:137} INFO - [2024-11-12T08:03:40.090+0000] {dagbag.py:538} INFO - Filling up the DagBag from /home/airflow/.local/lib/python3.7/site-packages/airflow/example_dags/example_skip_dag.py
[2024-11-12T08:03:40.105+0000] {processor.py:753} INFO - DAG(s) dict_keys(['example_skip_dag']) retrieved from /home/airflow/.local/lib/python3.7/site-packages/airflow/example_dags/example_skip_dag.py
[2024-11-12T08:03:40.133+0000] {logging_mixin.py:137} INFO - [2024-11-12T08:03:40.132+0000] {dag.py:2690} INFO - Sync 1 DAGs
[2024-11-12T08:03:40.157+0000] {logging_mixin.py:137} INFO - [2024-11-12T08:03:40.157+0000] {dag.py:3441} INFO - Setting next_dagrun for example_skip_dag to 2024-11-11T08:03:40.157173+00:00, run_after=2024-11-12T08:03:40.157173+00:00
[2024-11-12T08:03:40.181+0000] {processor.py:175} INFO - Processing /home/airflow/.local/lib/python3.7/site-packages/airflow/example_dags/example_skip_dag.py took 0.095 seconds
[2024-11-12T08:04:10.798+0000] {processor.py:153} INFO - Started process (PID=304) to work on /home/airflow/.local/lib/python3.7/site-packages/airflow/example_dags/example_skip_dag.py
[2024-11-12T08:04:10.799+0000] {processor.py:743} INFO - Processing file /home/airflow/.local/lib/python3.7/site-packages/airflow/example_dags/example_skip_dag.py for tasks to queue
[2024-11-12T08:04:10.800+0000] {logging_mixin.py:137} INFO - [2024-11-12T08:04:10.800+0000] {dagbag.py:538} INFO - Filling up the DagBag from /home/airflow/.local/lib/python3.7/site-packages/airflow/example_dags/example_skip_dag.py
[2024-11-12T08:04:10.814+0000] {processor.py:753} INFO - DAG(s) dict_keys(['example_skip_dag']) retrieved from /home/airflow/.local/lib/python3.7/site-packages/airflow/example_dags/example_skip_dag.py
[2024-11-12T08:04:10.838+0000] {logging_mixin.py:137} INFO - [2024-11-12T08:04:10.838+0000] {dag.py:2690} INFO - Sync 1 DAGs
[2024-11-12T08:04:10.862+0000] {logging_mixin.py:137} INFO - [2024-11-12T08:04:10.862+0000] {dag.py:3441} INFO - Setting next_dagrun for example_skip_dag to 2024-11-11T08:04:10.861895+00:00, run_after=2024-11-12T08:04:10.861895+00:00
[2024-11-12T08:04:10.884+0000] {processor.py:175} INFO - Processing /home/airflow/.local/lib/python3.7/site-packages/airflow/example_dags/example_skip_dag.py took 0.089 seconds
[2024-11-12T08:04:41.707+0000] {processor.py:153} INFO - Started process (PID=375) to work on /home/airflow/.local/lib/python3.7/site-packages/airflow/example_dags/example_skip_dag.py
[2024-11-12T08:04:41.708+0000] {processor.py:743} INFO - Processing file /home/airflow/.local/lib/python3.7/site-packages/airflow/example_dags/example_skip_dag.py for tasks to queue
[2024-11-12T08:04:41.709+0000] {logging_mixin.py:137} INFO - [2024-11-12T08:04:41.709+0000] {dagbag.py:538} INFO - Filling up the DagBag from /home/airflow/.local/lib/python3.7/site-packages/airflow/example_dags/example_skip_dag.py
[2024-11-12T08:04:41.726+0000] {processor.py:753} INFO - DAG(s) dict_keys(['example_skip_dag']) retrieved from /home/airflow/.local/lib/python3.7/site-packages/airflow/example_dags/example_skip_dag.py
[2024-11-12T08:04:41.768+0000] {logging_mixin.py:137} INFO - [2024-11-12T08:04:41.768+0000] {dag.py:2690} INFO - Sync 1 DAGs
[2024-11-12T08:04:41.797+0000] {logging_mixin.py:137} INFO - [2024-11-12T08:04:41.797+0000] {dag.py:3441} INFO - Setting next_dagrun for example_skip_dag to 2024-11-11T08:04:41.796919+00:00, run_after=2024-11-12T08:04:41.796919+00:00
[2024-11-12T08:04:41.822+0000] {processor.py:175} INFO - Processing /home/airflow/.local/lib/python3.7/site-packages/airflow/example_dags/example_skip_dag.py took 0.119 seconds
[2024-11-12T08:05:11.993+0000] {processor.py:153} INFO - Started process (PID=462) to work on /home/airflow/.local/lib/python3.7/site-packages/airflow/example_dags/example_skip_dag.py
[2024-11-12T08:05:11.994+0000] {processor.py:743} INFO - Processing file /home/airflow/.local/lib/python3.7/site-packages/airflow/example_dags/example_skip_dag.py for tasks to queue
[2024-11-12T08:05:11.995+0000] {logging_mixin.py:137} INFO - [2024-11-12T08:05:11.995+0000] {dagbag.py:538} INFO - Filling up the DagBag from /home/airflow/.local/lib/python3.7/site-packages/airflow/example_dags/example_skip_dag.py
[2024-11-12T08:05:12.012+0000] {processor.py:753} INFO - DAG(s) dict_keys(['example_skip_dag']) retrieved from /home/airflow/.local/lib/python3.7/site-packages/airflow/example_dags/example_skip_dag.py
[2024-11-12T08:05:12.038+0000] {logging_mixin.py:137} INFO - [2024-11-12T08:05:12.038+0000] {dag.py:2690} INFO - Sync 1 DAGs
[2024-11-12T08:05:12.065+0000] {logging_mixin.py:137} INFO - [2024-11-12T08:05:12.065+0000] {dag.py:3441} INFO - Setting next_dagrun for example_skip_dag to 2024-11-11T08:05:12.065076+00:00, run_after=2024-11-12T08:05:12.065076+00:00
[2024-11-12T08:05:12.089+0000] {processor.py:175} INFO - Processing /home/airflow/.local/lib/python3.7/site-packages/airflow/example_dags/example_skip_dag.py took 0.099 seconds
[2024-11-12T08:05:42.803+0000] {processor.py:153} INFO - Started process (PID=533) to work on /home/airflow/.local/lib/python3.7/site-packages/airflow/example_dags/example_skip_dag.py
[2024-11-12T08:05:42.805+0000] {processor.py:743} INFO - Processing file /home/airflow/.local/lib/python3.7/site-packages/airflow/example_dags/example_skip_dag.py for tasks to queue
[2024-11-12T08:05:42.805+0000] {logging_mixin.py:137} INFO - [2024-11-12T08:05:42.805+0000] {dagbag.py:538} INFO - Filling up the DagBag from /home/airflow/.local/lib/python3.7/site-packages/airflow/example_dags/example_skip_dag.py
[2024-11-12T08:05:42.818+0000] {processor.py:753} INFO - DAG(s) dict_keys(['example_skip_dag']) retrieved from /home/airflow/.local/lib/python3.7/site-packages/airflow/example_dags/example_skip_dag.py
[2024-11-12T08:05:42.842+0000] {logging_mixin.py:137} INFO - [2024-11-12T08:05:42.842+0000] {dag.py:2690} INFO - Sync 1 DAGs
[2024-11-12T08:05:42.865+0000] {logging_mixin.py:137} INFO - [2024-11-12T08:05:42.865+0000] {dag.py:3441} INFO - Setting next_dagrun for example_skip_dag to 2024-11-11T08:05:42.864893+00:00, run_after=2024-11-12T08:05:42.864893+00:00
[2024-11-12T08:05:42.885+0000] {processor.py:175} INFO - Processing /home/airflow/.local/lib/python3.7/site-packages/airflow/example_dags/example_skip_dag.py took 0.086 seconds
[2024-11-12T08:06:14.347+0000] {processor.py:153} INFO - Started process (PID=620) to work on /home/airflow/.local/lib/python3.7/site-packages/airflow/example_dags/example_skip_dag.py
[2024-11-12T08:06:14.349+0000] {processor.py:743} INFO - Processing file /home/airflow/.local/lib/python3.7/site-packages/airflow/example_dags/example_skip_dag.py for tasks to queue
[2024-11-12T08:06:14.350+0000] {logging_mixin.py:137} INFO - [2024-11-12T08:06:14.350+0000] {dagbag.py:538} INFO - Filling up the DagBag from /home/airflow/.local/lib/python3.7/site-packages/airflow/example_dags/example_skip_dag.py
[2024-11-12T08:06:14.368+0000] {processor.py:753} INFO - DAG(s) dict_keys(['example_skip_dag']) retrieved from /home/airflow/.local/lib/python3.7/site-packages/airflow/example_dags/example_skip_dag.py
[2024-11-12T08:06:14.398+0000] {logging_mixin.py:137} INFO - [2024-11-12T08:06:14.398+0000] {dag.py:2690} INFO - Sync 1 DAGs
[2024-11-12T08:06:14.430+0000] {logging_mixin.py:137} INFO - [2024-11-12T08:06:14.430+0000] {dag.py:3441} INFO - Setting next_dagrun for example_skip_dag to 2024-11-11T08:06:14.430085+00:00, run_after=2024-11-12T08:06:14.430085+00:00
[2024-11-12T08:06:14.457+0000] {processor.py:175} INFO - Processing /home/airflow/.local/lib/python3.7/site-packages/airflow/example_dags/example_skip_dag.py took 0.115 seconds
[2024-11-12T08:06:45.066+0000] {processor.py:153} INFO - Started process (PID=691) to work on /home/airflow/.local/lib/python3.7/site-packages/airflow/example_dags/example_skip_dag.py
[2024-11-12T08:06:45.067+0000] {processor.py:743} INFO - Processing file /home/airflow/.local/lib/python3.7/site-packages/airflow/example_dags/example_skip_dag.py for tasks to queue
[2024-11-12T08:06:45.067+0000] {logging_mixin.py:137} INFO - [2024-11-12T08:06:45.067+0000] {dagbag.py:538} INFO - Filling up the DagBag from /home/airflow/.local/lib/python3.7/site-packages/airflow/example_dags/example_skip_dag.py
[2024-11-12T08:06:45.080+0000] {processor.py:753} INFO - DAG(s) dict_keys(['example_skip_dag']) retrieved from /home/airflow/.local/lib/python3.7/site-packages/airflow/example_dags/example_skip_dag.py
[2024-11-12T08:06:45.104+0000] {logging_mixin.py:137} INFO - [2024-11-12T08:06:45.104+0000] {dag.py:2690} INFO - Sync 1 DAGs
[2024-11-12T08:06:45.128+0000] {logging_mixin.py:137} INFO - [2024-11-12T08:06:45.128+0000] {dag.py:3441} INFO - Setting next_dagrun for example_skip_dag to 2024-11-11T08:06:45.127921+00:00, run_after=2024-11-12T08:06:45.127921+00:00
[2024-11-12T08:06:45.153+0000] {processor.py:175} INFO - Processing /home/airflow/.local/lib/python3.7/site-packages/airflow/example_dags/example_skip_dag.py took 0.090 seconds
[2024-11-12T08:07:15.572+0000] {processor.py:153} INFO - Started process (PID=778) to work on /home/airflow/.local/lib/python3.7/site-packages/airflow/example_dags/example_skip_dag.py
[2024-11-12T08:07:15.574+0000] {processor.py:743} INFO - Processing file /home/airflow/.local/lib/python3.7/site-packages/airflow/example_dags/example_skip_dag.py for tasks to queue
[2024-11-12T08:07:15.575+0000] {logging_mixin.py:137} INFO - [2024-11-12T08:07:15.575+0000] {dagbag.py:538} INFO - Filling up the DagBag from /home/airflow/.local/lib/python3.7/site-packages/airflow/example_dags/example_skip_dag.py
[2024-11-12T08:07:15.597+0000] {processor.py:753} INFO - DAG(s) dict_keys(['example_skip_dag']) retrieved from /home/airflow/.local/lib/python3.7/site-packages/airflow/example_dags/example_skip_dag.py
[2024-11-12T08:07:15.630+0000] {logging_mixin.py:137} INFO - [2024-11-12T08:07:15.630+0000] {dag.py:2690} INFO - Sync 1 DAGs
[2024-11-12T08:07:15.665+0000] {logging_mixin.py:137} INFO - [2024-11-12T08:07:15.665+0000] {dag.py:3441} INFO - Setting next_dagrun for example_skip_dag to 2024-11-11T08:07:15.665010+00:00, run_after=2024-11-12T08:07:15.665010+00:00
[2024-11-12T08:07:15.693+0000] {processor.py:175} INFO - Processing /home/airflow/.local/lib/python3.7/site-packages/airflow/example_dags/example_skip_dag.py took 0.125 seconds
[2024-11-12T08:07:45.997+0000] {processor.py:153} INFO - Started process (PID=849) to work on /home/airflow/.local/lib/python3.7/site-packages/airflow/example_dags/example_skip_dag.py
[2024-11-12T08:07:45.998+0000] {processor.py:743} INFO - Processing file /home/airflow/.local/lib/python3.7/site-packages/airflow/example_dags/example_skip_dag.py for tasks to queue
[2024-11-12T08:07:45.999+0000] {logging_mixin.py:137} INFO - [2024-11-12T08:07:45.998+0000] {dagbag.py:538} INFO - Filling up the DagBag from /home/airflow/.local/lib/python3.7/site-packages/airflow/example_dags/example_skip_dag.py
[2024-11-12T08:07:46.013+0000] {processor.py:753} INFO - DAG(s) dict_keys(['example_skip_dag']) retrieved from /home/airflow/.local/lib/python3.7/site-packages/airflow/example_dags/example_skip_dag.py
[2024-11-12T08:07:46.040+0000] {logging_mixin.py:137} INFO - [2024-11-12T08:07:46.040+0000] {dag.py:2690} INFO - Sync 1 DAGs
[2024-11-12T08:07:46.067+0000] {logging_mixin.py:137} INFO - [2024-11-12T08:07:46.067+0000] {dag.py:3441} INFO - Setting next_dagrun for example_skip_dag to 2024-11-11T08:07:46.067328+00:00, run_after=2024-11-12T08:07:46.067328+00:00
[2024-11-12T08:07:46.090+0000] {processor.py:175} INFO - Processing /home/airflow/.local/lib/python3.7/site-packages/airflow/example_dags/example_skip_dag.py took 0.097 seconds
[2024-11-12T08:08:16.171+0000] {processor.py:153} INFO - Started process (PID=920) to work on /home/airflow/.local/lib/python3.7/site-packages/airflow/example_dags/example_skip_dag.py
[2024-11-12T08:08:16.173+0000] {processor.py:743} INFO - Processing file /home/airflow/.local/lib/python3.7/site-packages/airflow/example_dags/example_skip_dag.py for tasks to queue
[2024-11-12T08:08:16.173+0000] {logging_mixin.py:137} INFO - [2024-11-12T08:08:16.173+0000] {dagbag.py:538} INFO - Filling up the DagBag from /home/airflow/.local/lib/python3.7/site-packages/airflow/example_dags/example_skip_dag.py
[2024-11-12T08:08:16.187+0000] {processor.py:753} INFO - DAG(s) dict_keys(['example_skip_dag']) retrieved from /home/airflow/.local/lib/python3.7/site-packages/airflow/example_dags/example_skip_dag.py
[2024-11-12T08:08:16.212+0000] {logging_mixin.py:137} INFO - [2024-11-12T08:08:16.212+0000] {dag.py:2690} INFO - Sync 1 DAGs
[2024-11-12T08:08:16.235+0000] {logging_mixin.py:137} INFO - [2024-11-12T08:08:16.234+0000] {dag.py:3441} INFO - Setting next_dagrun for example_skip_dag to 2024-11-11T08:08:16.234687+00:00, run_after=2024-11-12T08:08:16.234687+00:00
[2024-11-12T08:08:16.259+0000] {processor.py:175} INFO - Processing /home/airflow/.local/lib/python3.7/site-packages/airflow/example_dags/example_skip_dag.py took 0.091 seconds
[2024-11-12T08:08:46.833+0000] {processor.py:153} INFO - Started process (PID=991) to work on /home/airflow/.local/lib/python3.7/site-packages/airflow/example_dags/example_skip_dag.py
[2024-11-12T08:08:46.835+0000] {processor.py:743} INFO - Processing file /home/airflow/.local/lib/python3.7/site-packages/airflow/example_dags/example_skip_dag.py for tasks to queue
[2024-11-12T08:08:46.835+0000] {logging_mixin.py:137} INFO - [2024-11-12T08:08:46.835+0000] {dagbag.py:538} INFO - Filling up the DagBag from /home/airflow/.local/lib/python3.7/site-packages/airflow/example_dags/example_skip_dag.py
[2024-11-12T08:08:46.847+0000] {processor.py:753} INFO - DAG(s) dict_keys(['example_skip_dag']) retrieved from /home/airflow/.local/lib/python3.7/site-packages/airflow/example_dags/example_skip_dag.py
[2024-11-12T08:08:46.872+0000] {logging_mixin.py:137} INFO - [2024-11-12T08:08:46.872+0000] {dag.py:2690} INFO - Sync 1 DAGs
[2024-11-12T08:08:46.896+0000] {logging_mixin.py:137} INFO - [2024-11-12T08:08:46.896+0000] {dag.py:3441} INFO - Setting next_dagrun for example_skip_dag to 2024-11-11T08:08:46.896515+00:00, run_after=2024-11-12T08:08:46.896515+00:00
[2024-11-12T08:08:46.918+0000] {processor.py:175} INFO - Processing /home/airflow/.local/lib/python3.7/site-packages/airflow/example_dags/example_skip_dag.py took 0.088 seconds
[2024-11-12T08:09:17.962+0000] {processor.py:153} INFO - Started process (PID=1071) to work on /home/airflow/.local/lib/python3.7/site-packages/airflow/example_dags/example_skip_dag.py
[2024-11-12T08:09:17.964+0000] {processor.py:743} INFO - Processing file /home/airflow/.local/lib/python3.7/site-packages/airflow/example_dags/example_skip_dag.py for tasks to queue
[2024-11-12T08:09:17.965+0000] {logging_mixin.py:137} INFO - [2024-11-12T08:09:17.965+0000] {dagbag.py:538} INFO - Filling up the DagBag from /home/airflow/.local/lib/python3.7/site-packages/airflow/example_dags/example_skip_dag.py
[2024-11-12T08:09:17.986+0000] {processor.py:753} INFO - DAG(s) dict_keys(['example_skip_dag']) retrieved from /home/airflow/.local/lib/python3.7/site-packages/airflow/example_dags/example_skip_dag.py
[2024-11-12T08:09:18.019+0000] {logging_mixin.py:137} INFO - [2024-11-12T08:09:18.019+0000] {dag.py:2690} INFO - Sync 1 DAGs
[2024-11-12T08:09:18.052+0000] {logging_mixin.py:137} INFO - [2024-11-12T08:09:18.052+0000] {dag.py:3441} INFO - Setting next_dagrun for example_skip_dag to 2024-11-11T08:09:18.052157+00:00, run_after=2024-11-12T08:09:18.052157+00:00
[2024-11-12T08:09:18.082+0000] {processor.py:175} INFO - Processing /home/airflow/.local/lib/python3.7/site-packages/airflow/example_dags/example_skip_dag.py took 0.125 seconds
[2024-11-12T08:09:48.432+0000] {processor.py:153} INFO - Started process (PID=1150) to work on /home/airflow/.local/lib/python3.7/site-packages/airflow/example_dags/example_skip_dag.py
[2024-11-12T08:09:48.433+0000] {processor.py:743} INFO - Processing file /home/airflow/.local/lib/python3.7/site-packages/airflow/example_dags/example_skip_dag.py for tasks to queue
[2024-11-12T08:09:48.434+0000] {logging_mixin.py:137} INFO - [2024-11-12T08:09:48.434+0000] {dagbag.py:538} INFO - Filling up the DagBag from /home/airflow/.local/lib/python3.7/site-packages/airflow/example_dags/example_skip_dag.py
[2024-11-12T08:09:48.449+0000] {processor.py:753} INFO - DAG(s) dict_keys(['example_skip_dag']) retrieved from /home/airflow/.local/lib/python3.7/site-packages/airflow/example_dags/example_skip_dag.py
[2024-11-12T08:09:48.474+0000] {logging_mixin.py:137} INFO - [2024-11-12T08:09:48.474+0000] {dag.py:2690} INFO - Sync 1 DAGs
[2024-11-12T08:09:48.500+0000] {logging_mixin.py:137} INFO - [2024-11-12T08:09:48.500+0000] {dag.py:3441} INFO - Setting next_dagrun for example_skip_dag to 2024-11-11T08:09:48.500220+00:00, run_after=2024-11-12T08:09:48.500220+00:00
[2024-11-12T08:09:48.524+0000] {processor.py:175} INFO - Processing /home/airflow/.local/lib/python3.7/site-packages/airflow/example_dags/example_skip_dag.py took 0.095 seconds
[2024-11-12T08:10:19.020+0000] {processor.py:153} INFO - Started process (PID=1221) to work on /home/airflow/.local/lib/python3.7/site-packages/airflow/example_dags/example_skip_dag.py
[2024-11-12T08:10:19.021+0000] {processor.py:743} INFO - Processing file /home/airflow/.local/lib/python3.7/site-packages/airflow/example_dags/example_skip_dag.py for tasks to queue
[2024-11-12T08:10:19.022+0000] {logging_mixin.py:137} INFO - [2024-11-12T08:10:19.022+0000] {dagbag.py:538} INFO - Filling up the DagBag from /home/airflow/.local/lib/python3.7/site-packages/airflow/example_dags/example_skip_dag.py
[2024-11-12T08:10:19.048+0000] {processor.py:753} INFO - DAG(s) dict_keys(['example_skip_dag']) retrieved from /home/airflow/.local/lib/python3.7/site-packages/airflow/example_dags/example_skip_dag.py
[2024-11-12T08:10:19.080+0000] {logging_mixin.py:137} INFO - [2024-11-12T08:10:19.079+0000] {dag.py:2690} INFO - Sync 1 DAGs
[2024-11-12T08:10:19.115+0000] {logging_mixin.py:137} INFO - [2024-11-12T08:10:19.115+0000] {dag.py:3441} INFO - Setting next_dagrun for example_skip_dag to 2024-11-11T08:10:19.115018+00:00, run_after=2024-11-12T08:10:19.115018+00:00
[2024-11-12T08:10:19.145+0000] {processor.py:175} INFO - Processing /home/airflow/.local/lib/python3.7/site-packages/airflow/example_dags/example_skip_dag.py took 0.128 seconds
[2024-11-12T08:10:49.200+0000] {processor.py:153} INFO - Started process (PID=1308) to work on /home/airflow/.local/lib/python3.7/site-packages/airflow/example_dags/example_skip_dag.py
[2024-11-12T08:10:49.201+0000] {processor.py:743} INFO - Processing file /home/airflow/.local/lib/python3.7/site-packages/airflow/example_dags/example_skip_dag.py for tasks to queue
[2024-11-12T08:10:49.202+0000] {logging_mixin.py:137} INFO - [2024-11-12T08:10:49.202+0000] {dagbag.py:538} INFO - Filling up the DagBag from /home/airflow/.local/lib/python3.7/site-packages/airflow/example_dags/example_skip_dag.py
[2024-11-12T08:10:49.216+0000] {processor.py:753} INFO - DAG(s) dict_keys(['example_skip_dag']) retrieved from /home/airflow/.local/lib/python3.7/site-packages/airflow/example_dags/example_skip_dag.py
[2024-11-12T08:10:49.242+0000] {logging_mixin.py:137} INFO - [2024-11-12T08:10:49.242+0000] {dag.py:2690} INFO - Sync 1 DAGs
[2024-11-12T08:10:49.267+0000] {logging_mixin.py:137} INFO - [2024-11-12T08:10:49.267+0000] {dag.py:3441} INFO - Setting next_dagrun for example_skip_dag to 2024-11-11T08:10:49.267467+00:00, run_after=2024-11-12T08:10:49.267467+00:00
[2024-11-12T08:10:49.292+0000] {processor.py:175} INFO - Processing /home/airflow/.local/lib/python3.7/site-packages/airflow/example_dags/example_skip_dag.py took 0.095 seconds
[2024-11-12T08:11:19.395+0000] {processor.py:153} INFO - Started process (PID=1379) to work on /home/airflow/.local/lib/python3.7/site-packages/airflow/example_dags/example_skip_dag.py
[2024-11-12T08:11:19.397+0000] {processor.py:743} INFO - Processing file /home/airflow/.local/lib/python3.7/site-packages/airflow/example_dags/example_skip_dag.py for tasks to queue
[2024-11-12T08:11:19.397+0000] {logging_mixin.py:137} INFO - [2024-11-12T08:11:19.397+0000] {dagbag.py:538} INFO - Filling up the DagBag from /home/airflow/.local/lib/python3.7/site-packages/airflow/example_dags/example_skip_dag.py
[2024-11-12T08:11:19.412+0000] {processor.py:753} INFO - DAG(s) dict_keys(['example_skip_dag']) retrieved from /home/airflow/.local/lib/python3.7/site-packages/airflow/example_dags/example_skip_dag.py
[2024-11-12T08:11:19.442+0000] {logging_mixin.py:137} INFO - [2024-11-12T08:11:19.442+0000] {dag.py:2690} INFO - Sync 1 DAGs
[2024-11-12T08:11:19.465+0000] {logging_mixin.py:137} INFO - [2024-11-12T08:11:19.465+0000] {dag.py:3441} INFO - Setting next_dagrun for example_skip_dag to 2024-11-11T08:11:19.465530+00:00, run_after=2024-11-12T08:11:19.465530+00:00
[2024-11-12T08:11:19.492+0000] {processor.py:175} INFO - Processing /home/airflow/.local/lib/python3.7/site-packages/airflow/example_dags/example_skip_dag.py took 0.102 seconds
[2024-11-12T08:11:50.525+0000] {processor.py:153} INFO - Started process (PID=1467) to work on /home/airflow/.local/lib/python3.7/site-packages/airflow/example_dags/example_skip_dag.py
[2024-11-12T08:11:50.526+0000] {processor.py:743} INFO - Processing file /home/airflow/.local/lib/python3.7/site-packages/airflow/example_dags/example_skip_dag.py for tasks to queue
[2024-11-12T08:11:50.526+0000] {logging_mixin.py:137} INFO - [2024-11-12T08:11:50.526+0000] {dagbag.py:538} INFO - Filling up the DagBag from /home/airflow/.local/lib/python3.7/site-packages/airflow/example_dags/example_skip_dag.py
[2024-11-12T08:11:50.540+0000] {processor.py:753} INFO - DAG(s) dict_keys(['example_skip_dag']) retrieved from /home/airflow/.local/lib/python3.7/site-packages/airflow/example_dags/example_skip_dag.py
[2024-11-12T08:11:50.567+0000] {logging_mixin.py:137} INFO - [2024-11-12T08:11:50.566+0000] {dag.py:2690} INFO - Sync 1 DAGs
[2024-11-12T08:11:50.589+0000] {logging_mixin.py:137} INFO - [2024-11-12T08:11:50.588+0000] {dag.py:3441} INFO - Setting next_dagrun for example_skip_dag to 2024-11-11T08:11:50.588626+00:00, run_after=2024-11-12T08:11:50.588626+00:00
[2024-11-12T08:11:50.612+0000] {processor.py:175} INFO - Processing /home/airflow/.local/lib/python3.7/site-packages/airflow/example_dags/example_skip_dag.py took 0.090 seconds
[2024-11-12T08:12:21.151+0000] {processor.py:153} INFO - Started process (PID=1538) to work on /home/airflow/.local/lib/python3.7/site-packages/airflow/example_dags/example_skip_dag.py
[2024-11-12T08:12:21.152+0000] {processor.py:743} INFO - Processing file /home/airflow/.local/lib/python3.7/site-packages/airflow/example_dags/example_skip_dag.py for tasks to queue
[2024-11-12T08:12:21.153+0000] {logging_mixin.py:137} INFO - [2024-11-12T08:12:21.152+0000] {dagbag.py:538} INFO - Filling up the DagBag from /home/airflow/.local/lib/python3.7/site-packages/airflow/example_dags/example_skip_dag.py
[2024-11-12T08:12:21.166+0000] {processor.py:753} INFO - DAG(s) dict_keys(['example_skip_dag']) retrieved from /home/airflow/.local/lib/python3.7/site-packages/airflow/example_dags/example_skip_dag.py
[2024-11-12T08:12:21.189+0000] {logging_mixin.py:137} INFO - [2024-11-12T08:12:21.189+0000] {dag.py:2690} INFO - Sync 1 DAGs
[2024-11-12T08:12:21.213+0000] {logging_mixin.py:137} INFO - [2024-11-12T08:12:21.213+0000] {dag.py:3441} INFO - Setting next_dagrun for example_skip_dag to 2024-11-11T08:12:21.213069+00:00, run_after=2024-11-12T08:12:21.213069+00:00
[2024-11-12T08:12:21.235+0000] {processor.py:175} INFO - Processing /home/airflow/.local/lib/python3.7/site-packages/airflow/example_dags/example_skip_dag.py took 0.088 seconds
[2024-11-12T08:12:51.829+0000] {processor.py:153} INFO - Started process (PID=1625) to work on /home/airflow/.local/lib/python3.7/site-packages/airflow/example_dags/example_skip_dag.py
[2024-11-12T08:12:51.830+0000] {processor.py:743} INFO - Processing file /home/airflow/.local/lib/python3.7/site-packages/airflow/example_dags/example_skip_dag.py for tasks to queue
[2024-11-12T08:12:51.831+0000] {logging_mixin.py:137} INFO - [2024-11-12T08:12:51.831+0000] {dagbag.py:538} INFO - Filling up the DagBag from /home/airflow/.local/lib/python3.7/site-packages/airflow/example_dags/example_skip_dag.py
[2024-11-12T08:12:51.849+0000] {processor.py:753} INFO - DAG(s) dict_keys(['example_skip_dag']) retrieved from /home/airflow/.local/lib/python3.7/site-packages/airflow/example_dags/example_skip_dag.py
[2024-11-12T08:12:51.876+0000] {logging_mixin.py:137} INFO - [2024-11-12T08:12:51.876+0000] {dag.py:2690} INFO - Sync 1 DAGs
[2024-11-12T08:12:51.900+0000] {logging_mixin.py:137} INFO - [2024-11-12T08:12:51.900+0000] {dag.py:3441} INFO - Setting next_dagrun for example_skip_dag to 2024-11-11T08:12:51.900044+00:00, run_after=2024-11-12T08:12:51.900044+00:00
[2024-11-12T08:12:51.922+0000] {processor.py:175} INFO - Processing /home/airflow/.local/lib/python3.7/site-packages/airflow/example_dags/example_skip_dag.py took 0.097 seconds
