[2024-11-12T07:54:47.228+0000] {processor.py:153} INFO - Started process (PID=69) to work on /home/airflow/.local/lib/python3.7/site-packages/airflow/example_dags/example_short_circuit_operator.py
[2024-11-12T07:54:47.229+0000] {processor.py:743} INFO - Processing file /home/airflow/.local/lib/python3.7/site-packages/airflow/example_dags/example_short_circuit_operator.py for tasks to queue
[2024-11-12T07:54:47.231+0000] {logging_mixin.py:137} INFO - [2024-11-12T07:54:47.230+0000] {dagbag.py:538} INFO - Filling up the DagBag from /home/airflow/.local/lib/python3.7/site-packages/airflow/example_dags/example_short_circuit_operator.py
[2024-11-12T07:54:47.249+0000] {processor.py:753} INFO - DAG(s) dict_keys(['example_short_circuit_operator']) retrieved from /home/airflow/.local/lib/python3.7/site-packages/airflow/example_dags/example_short_circuit_operator.py
[2024-11-12T07:54:47.265+0000] {logging_mixin.py:137} INFO - [2024-11-12T07:54:47.265+0000] {dag.py:2690} INFO - Sync 1 DAGs
[2024-11-12T07:54:47.305+0000] {logging_mixin.py:137} INFO - [2024-11-12T07:54:47.305+0000] {dag.py:3441} INFO - Setting next_dagrun for example_short_circuit_operator to 2024-11-11T07:54:47.304983+00:00, run_after=2024-11-12T07:54:47.304983+00:00
[2024-11-12T07:54:47.339+0000] {processor.py:175} INFO - Processing /home/airflow/.local/lib/python3.7/site-packages/airflow/example_dags/example_short_circuit_operator.py took 0.114 seconds
[2024-11-12T07:55:17.819+0000] {processor.py:153} INFO - Started process (PID=140) to work on /home/airflow/.local/lib/python3.7/site-packages/airflow/example_dags/example_short_circuit_operator.py
[2024-11-12T07:55:17.821+0000] {processor.py:743} INFO - Processing file /home/airflow/.local/lib/python3.7/site-packages/airflow/example_dags/example_short_circuit_operator.py for tasks to queue
[2024-11-12T07:55:17.822+0000] {logging_mixin.py:137} INFO - [2024-11-12T07:55:17.822+0000] {dagbag.py:538} INFO - Filling up the DagBag from /home/airflow/.local/lib/python3.7/site-packages/airflow/example_dags/example_short_circuit_operator.py
[2024-11-12T07:55:17.839+0000] {processor.py:753} INFO - DAG(s) dict_keys(['example_short_circuit_operator']) retrieved from /home/airflow/.local/lib/python3.7/site-packages/airflow/example_dags/example_short_circuit_operator.py
[2024-11-12T07:55:17.865+0000] {logging_mixin.py:137} INFO - [2024-11-12T07:55:17.865+0000] {dag.py:2690} INFO - Sync 1 DAGs
[2024-11-12T07:55:17.889+0000] {logging_mixin.py:137} INFO - [2024-11-12T07:55:17.888+0000] {dag.py:3441} INFO - Setting next_dagrun for example_short_circuit_operator to 2024-11-11T07:55:17.888703+00:00, run_after=2024-11-12T07:55:17.888703+00:00
[2024-11-12T07:55:17.911+0000] {processor.py:175} INFO - Processing /home/airflow/.local/lib/python3.7/site-packages/airflow/example_dags/example_short_circuit_operator.py took 0.097 seconds
[2024-11-12T07:55:48.692+0000] {processor.py:153} INFO - Started process (PID=220) to work on /home/airflow/.local/lib/python3.7/site-packages/airflow/example_dags/example_short_circuit_operator.py
[2024-11-12T07:55:48.694+0000] {processor.py:743} INFO - Processing file /home/airflow/.local/lib/python3.7/site-packages/airflow/example_dags/example_short_circuit_operator.py for tasks to queue
[2024-11-12T07:55:48.694+0000] {logging_mixin.py:137} INFO - [2024-11-12T07:55:48.694+0000] {dagbag.py:538} INFO - Filling up the DagBag from /home/airflow/.local/lib/python3.7/site-packages/airflow/example_dags/example_short_circuit_operator.py
[2024-11-12T07:55:48.713+0000] {processor.py:753} INFO - DAG(s) dict_keys(['example_short_circuit_operator']) retrieved from /home/airflow/.local/lib/python3.7/site-packages/airflow/example_dags/example_short_circuit_operator.py
[2024-11-12T07:55:48.749+0000] {logging_mixin.py:137} INFO - [2024-11-12T07:55:48.749+0000] {dag.py:2690} INFO - Sync 1 DAGs
[2024-11-12T07:55:48.793+0000] {logging_mixin.py:137} INFO - [2024-11-12T07:55:48.793+0000] {dag.py:3441} INFO - Setting next_dagrun for example_short_circuit_operator to 2024-11-11T07:55:48.792951+00:00, run_after=2024-11-12T07:55:48.792951+00:00
[2024-11-12T07:55:48.822+0000] {processor.py:175} INFO - Processing /home/airflow/.local/lib/python3.7/site-packages/airflow/example_dags/example_short_circuit_operator.py took 0.135 seconds
[2024-11-12T07:56:19.087+0000] {processor.py:153} INFO - Started process (PID=298) to work on /home/airflow/.local/lib/python3.7/site-packages/airflow/example_dags/example_short_circuit_operator.py
[2024-11-12T07:56:19.089+0000] {processor.py:743} INFO - Processing file /home/airflow/.local/lib/python3.7/site-packages/airflow/example_dags/example_short_circuit_operator.py for tasks to queue
[2024-11-12T07:56:19.089+0000] {logging_mixin.py:137} INFO - [2024-11-12T07:56:19.089+0000] {dagbag.py:538} INFO - Filling up the DagBag from /home/airflow/.local/lib/python3.7/site-packages/airflow/example_dags/example_short_circuit_operator.py
[2024-11-12T07:56:19.105+0000] {processor.py:753} INFO - DAG(s) dict_keys(['example_short_circuit_operator']) retrieved from /home/airflow/.local/lib/python3.7/site-packages/airflow/example_dags/example_short_circuit_operator.py
[2024-11-12T07:56:19.132+0000] {logging_mixin.py:137} INFO - [2024-11-12T07:56:19.131+0000] {dag.py:2690} INFO - Sync 1 DAGs
[2024-11-12T07:56:19.154+0000] {logging_mixin.py:137} INFO - [2024-11-12T07:56:19.154+0000] {dag.py:3441} INFO - Setting next_dagrun for example_short_circuit_operator to 2024-11-11T07:56:19.154546+00:00, run_after=2024-11-12T07:56:19.154546+00:00
[2024-11-12T07:56:19.176+0000] {processor.py:175} INFO - Processing /home/airflow/.local/lib/python3.7/site-packages/airflow/example_dags/example_short_circuit_operator.py took 0.092 seconds
[2024-11-12T07:56:49.578+0000] {processor.py:153} INFO - Started process (PID=369) to work on /home/airflow/.local/lib/python3.7/site-packages/airflow/example_dags/example_short_circuit_operator.py
[2024-11-12T07:56:49.579+0000] {processor.py:743} INFO - Processing file /home/airflow/.local/lib/python3.7/site-packages/airflow/example_dags/example_short_circuit_operator.py for tasks to queue
[2024-11-12T07:56:49.580+0000] {logging_mixin.py:137} INFO - [2024-11-12T07:56:49.580+0000] {dagbag.py:538} INFO - Filling up the DagBag from /home/airflow/.local/lib/python3.7/site-packages/airflow/example_dags/example_short_circuit_operator.py
[2024-11-12T07:56:49.605+0000] {processor.py:753} INFO - DAG(s) dict_keys(['example_short_circuit_operator']) retrieved from /home/airflow/.local/lib/python3.7/site-packages/airflow/example_dags/example_short_circuit_operator.py
[2024-11-12T07:56:49.637+0000] {logging_mixin.py:137} INFO - [2024-11-12T07:56:49.637+0000] {dag.py:2690} INFO - Sync 1 DAGs
[2024-11-12T07:56:49.667+0000] {logging_mixin.py:137} INFO - [2024-11-12T07:56:49.667+0000] {dag.py:3441} INFO - Setting next_dagrun for example_short_circuit_operator to 2024-11-11T07:56:49.666973+00:00, run_after=2024-11-12T07:56:49.666973+00:00
[2024-11-12T07:56:49.693+0000] {processor.py:175} INFO - Processing /home/airflow/.local/lib/python3.7/site-packages/airflow/example_dags/example_short_circuit_operator.py took 0.119 seconds
[2024-11-12T07:57:19.754+0000] {processor.py:153} INFO - Started process (PID=456) to work on /home/airflow/.local/lib/python3.7/site-packages/airflow/example_dags/example_short_circuit_operator.py
[2024-11-12T07:57:19.755+0000] {processor.py:743} INFO - Processing file /home/airflow/.local/lib/python3.7/site-packages/airflow/example_dags/example_short_circuit_operator.py for tasks to queue
[2024-11-12T07:57:19.756+0000] {logging_mixin.py:137} INFO - [2024-11-12T07:57:19.756+0000] {dagbag.py:538} INFO - Filling up the DagBag from /home/airflow/.local/lib/python3.7/site-packages/airflow/example_dags/example_short_circuit_operator.py
[2024-11-12T07:57:19.771+0000] {processor.py:753} INFO - DAG(s) dict_keys(['example_short_circuit_operator']) retrieved from /home/airflow/.local/lib/python3.7/site-packages/airflow/example_dags/example_short_circuit_operator.py
[2024-11-12T07:57:19.795+0000] {logging_mixin.py:137} INFO - [2024-11-12T07:57:19.795+0000] {dag.py:2690} INFO - Sync 1 DAGs
[2024-11-12T07:57:19.818+0000] {logging_mixin.py:137} INFO - [2024-11-12T07:57:19.818+0000] {dag.py:3441} INFO - Setting next_dagrun for example_short_circuit_operator to 2024-11-11T07:57:19.817817+00:00, run_after=2024-11-12T07:57:19.817817+00:00
[2024-11-12T07:57:19.839+0000] {processor.py:175} INFO - Processing /home/airflow/.local/lib/python3.7/site-packages/airflow/example_dags/example_short_circuit_operator.py took 0.088 seconds
[2024-11-12T07:57:50.927+0000] {processor.py:153} INFO - Started process (PID=527) to work on /home/airflow/.local/lib/python3.7/site-packages/airflow/example_dags/example_short_circuit_operator.py
[2024-11-12T07:57:50.929+0000] {processor.py:743} INFO - Processing file /home/airflow/.local/lib/python3.7/site-packages/airflow/example_dags/example_short_circuit_operator.py for tasks to queue
[2024-11-12T07:57:50.930+0000] {logging_mixin.py:137} INFO - [2024-11-12T07:57:50.930+0000] {dagbag.py:538} INFO - Filling up the DagBag from /home/airflow/.local/lib/python3.7/site-packages/airflow/example_dags/example_short_circuit_operator.py
[2024-11-12T07:57:50.952+0000] {processor.py:753} INFO - DAG(s) dict_keys(['example_short_circuit_operator']) retrieved from /home/airflow/.local/lib/python3.7/site-packages/airflow/example_dags/example_short_circuit_operator.py
[2024-11-12T07:57:50.978+0000] {logging_mixin.py:137} INFO - [2024-11-12T07:57:50.978+0000] {dag.py:2690} INFO - Sync 1 DAGs
[2024-11-12T07:57:51.023+0000] {logging_mixin.py:137} INFO - [2024-11-12T07:57:51.023+0000] {dag.py:3441} INFO - Setting next_dagrun for example_short_circuit_operator to 2024-11-11T07:57:51.023370+00:00, run_after=2024-11-12T07:57:51.023370+00:00
[2024-11-12T07:57:51.053+0000] {processor.py:175} INFO - Processing /home/airflow/.local/lib/python3.7/site-packages/airflow/example_dags/example_short_circuit_operator.py took 0.129 seconds
[2024-11-12T07:58:21.490+0000] {processor.py:153} INFO - Started process (PID=614) to work on /home/airflow/.local/lib/python3.7/site-packages/airflow/example_dags/example_short_circuit_operator.py
[2024-11-12T07:58:21.492+0000] {processor.py:743} INFO - Processing file /home/airflow/.local/lib/python3.7/site-packages/airflow/example_dags/example_short_circuit_operator.py for tasks to queue
[2024-11-12T07:58:21.492+0000] {logging_mixin.py:137} INFO - [2024-11-12T07:58:21.492+0000] {dagbag.py:538} INFO - Filling up the DagBag from /home/airflow/.local/lib/python3.7/site-packages/airflow/example_dags/example_short_circuit_operator.py
[2024-11-12T07:58:21.507+0000] {processor.py:753} INFO - DAG(s) dict_keys(['example_short_circuit_operator']) retrieved from /home/airflow/.local/lib/python3.7/site-packages/airflow/example_dags/example_short_circuit_operator.py
[2024-11-12T07:58:21.533+0000] {logging_mixin.py:137} INFO - [2024-11-12T07:58:21.533+0000] {dag.py:2690} INFO - Sync 1 DAGs
[2024-11-12T07:58:21.556+0000] {logging_mixin.py:137} INFO - [2024-11-12T07:58:21.555+0000] {dag.py:3441} INFO - Setting next_dagrun for example_short_circuit_operator to 2024-11-11T07:58:21.555665+00:00, run_after=2024-11-12T07:58:21.555665+00:00
[2024-11-12T07:58:21.577+0000] {processor.py:175} INFO - Processing /home/airflow/.local/lib/python3.7/site-packages/airflow/example_dags/example_short_circuit_operator.py took 0.090 seconds
[2024-11-12T07:58:52.273+0000] {processor.py:153} INFO - Started process (PID=685) to work on /home/airflow/.local/lib/python3.7/site-packages/airflow/example_dags/example_short_circuit_operator.py
[2024-11-12T07:58:52.274+0000] {processor.py:743} INFO - Processing file /home/airflow/.local/lib/python3.7/site-packages/airflow/example_dags/example_short_circuit_operator.py for tasks to queue
[2024-11-12T07:58:52.275+0000] {logging_mixin.py:137} INFO - [2024-11-12T07:58:52.275+0000] {dagbag.py:538} INFO - Filling up the DagBag from /home/airflow/.local/lib/python3.7/site-packages/airflow/example_dags/example_short_circuit_operator.py
[2024-11-12T07:58:52.294+0000] {processor.py:753} INFO - DAG(s) dict_keys(['example_short_circuit_operator']) retrieved from /home/airflow/.local/lib/python3.7/site-packages/airflow/example_dags/example_short_circuit_operator.py
[2024-11-12T07:58:52.323+0000] {logging_mixin.py:137} INFO - [2024-11-12T07:58:52.323+0000] {dag.py:2690} INFO - Sync 1 DAGs
[2024-11-12T07:58:52.355+0000] {logging_mixin.py:137} INFO - [2024-11-12T07:58:52.355+0000] {dag.py:3441} INFO - Setting next_dagrun for example_short_circuit_operator to 2024-11-11T07:58:52.354555+00:00, run_after=2024-11-12T07:58:52.354555+00:00
[2024-11-12T07:58:52.384+0000] {processor.py:175} INFO - Processing /home/airflow/.local/lib/python3.7/site-packages/airflow/example_dags/example_short_circuit_operator.py took 0.114 seconds
[2024-11-12T07:59:22.494+0000] {processor.py:153} INFO - Started process (PID=774) to work on /home/airflow/.local/lib/python3.7/site-packages/airflow/example_dags/example_short_circuit_operator.py
[2024-11-12T07:59:22.495+0000] {processor.py:743} INFO - Processing file /home/airflow/.local/lib/python3.7/site-packages/airflow/example_dags/example_short_circuit_operator.py for tasks to queue
[2024-11-12T07:59:22.496+0000] {logging_mixin.py:137} INFO - [2024-11-12T07:59:22.496+0000] {dagbag.py:538} INFO - Filling up the DagBag from /home/airflow/.local/lib/python3.7/site-packages/airflow/example_dags/example_short_circuit_operator.py
[2024-11-12T07:59:22.510+0000] {processor.py:753} INFO - DAG(s) dict_keys(['example_short_circuit_operator']) retrieved from /home/airflow/.local/lib/python3.7/site-packages/airflow/example_dags/example_short_circuit_operator.py
[2024-11-12T07:59:22.536+0000] {logging_mixin.py:137} INFO - [2024-11-12T07:59:22.535+0000] {dag.py:2690} INFO - Sync 1 DAGs
[2024-11-12T07:59:22.558+0000] {logging_mixin.py:137} INFO - [2024-11-12T07:59:22.558+0000] {dag.py:3441} INFO - Setting next_dagrun for example_short_circuit_operator to 2024-11-11T07:59:22.558437+00:00, run_after=2024-11-12T07:59:22.558437+00:00
[2024-11-12T07:59:22.582+0000] {processor.py:175} INFO - Processing /home/airflow/.local/lib/python3.7/site-packages/airflow/example_dags/example_short_circuit_operator.py took 0.092 seconds
[2024-11-12T07:59:52.701+0000] {processor.py:153} INFO - Started process (PID=845) to work on /home/airflow/.local/lib/python3.7/site-packages/airflow/example_dags/example_short_circuit_operator.py
[2024-11-12T07:59:52.702+0000] {processor.py:743} INFO - Processing file /home/airflow/.local/lib/python3.7/site-packages/airflow/example_dags/example_short_circuit_operator.py for tasks to queue
[2024-11-12T07:59:52.703+0000] {logging_mixin.py:137} INFO - [2024-11-12T07:59:52.703+0000] {dagbag.py:538} INFO - Filling up the DagBag from /home/airflow/.local/lib/python3.7/site-packages/airflow/example_dags/example_short_circuit_operator.py
[2024-11-12T07:59:52.717+0000] {processor.py:753} INFO - DAG(s) dict_keys(['example_short_circuit_operator']) retrieved from /home/airflow/.local/lib/python3.7/site-packages/airflow/example_dags/example_short_circuit_operator.py
[2024-11-12T07:59:52.744+0000] {logging_mixin.py:137} INFO - [2024-11-12T07:59:52.744+0000] {dag.py:2690} INFO - Sync 1 DAGs
[2024-11-12T07:59:52.767+0000] {logging_mixin.py:137} INFO - [2024-11-12T07:59:52.766+0000] {dag.py:3441} INFO - Setting next_dagrun for example_short_circuit_operator to 2024-11-11T07:59:52.766746+00:00, run_after=2024-11-12T07:59:52.766746+00:00
[2024-11-12T07:59:52.789+0000] {processor.py:175} INFO - Processing /home/airflow/.local/lib/python3.7/site-packages/airflow/example_dags/example_short_circuit_operator.py took 0.095 seconds
[2024-11-12T08:00:23.020+0000] {processor.py:153} INFO - Started process (PID=932) to work on /home/airflow/.local/lib/python3.7/site-packages/airflow/example_dags/example_short_circuit_operator.py
[2024-11-12T08:00:23.021+0000] {processor.py:743} INFO - Processing file /home/airflow/.local/lib/python3.7/site-packages/airflow/example_dags/example_short_circuit_operator.py for tasks to queue
[2024-11-12T08:00:23.022+0000] {logging_mixin.py:137} INFO - [2024-11-12T08:00:23.022+0000] {dagbag.py:538} INFO - Filling up the DagBag from /home/airflow/.local/lib/python3.7/site-packages/airflow/example_dags/example_short_circuit_operator.py
[2024-11-12T08:00:23.037+0000] {processor.py:753} INFO - DAG(s) dict_keys(['example_short_circuit_operator']) retrieved from /home/airflow/.local/lib/python3.7/site-packages/airflow/example_dags/example_short_circuit_operator.py
[2024-11-12T08:00:23.064+0000] {logging_mixin.py:137} INFO - [2024-11-12T08:00:23.064+0000] {dag.py:2690} INFO - Sync 1 DAGs
[2024-11-12T08:00:23.088+0000] {logging_mixin.py:137} INFO - [2024-11-12T08:00:23.088+0000] {dag.py:3441} INFO - Setting next_dagrun for example_short_circuit_operator to 2024-11-11T08:00:23.087994+00:00, run_after=2024-11-12T08:00:23.087994+00:00
[2024-11-12T08:00:23.110+0000] {processor.py:175} INFO - Processing /home/airflow/.local/lib/python3.7/site-packages/airflow/example_dags/example_short_circuit_operator.py took 0.094 seconds
[2024-11-12T08:00:53.815+0000] {processor.py:153} INFO - Started process (PID=1003) to work on /home/airflow/.local/lib/python3.7/site-packages/airflow/example_dags/example_short_circuit_operator.py
[2024-11-12T08:00:53.817+0000] {processor.py:743} INFO - Processing file /home/airflow/.local/lib/python3.7/site-packages/airflow/example_dags/example_short_circuit_operator.py for tasks to queue
[2024-11-12T08:00:53.817+0000] {logging_mixin.py:137} INFO - [2024-11-12T08:00:53.817+0000] {dagbag.py:538} INFO - Filling up the DagBag from /home/airflow/.local/lib/python3.7/site-packages/airflow/example_dags/example_short_circuit_operator.py
[2024-11-12T08:00:53.831+0000] {processor.py:753} INFO - DAG(s) dict_keys(['example_short_circuit_operator']) retrieved from /home/airflow/.local/lib/python3.7/site-packages/airflow/example_dags/example_short_circuit_operator.py
[2024-11-12T08:00:53.857+0000] {logging_mixin.py:137} INFO - [2024-11-12T08:00:53.857+0000] {dag.py:2690} INFO - Sync 1 DAGs
[2024-11-12T08:00:53.881+0000] {logging_mixin.py:137} INFO - [2024-11-12T08:00:53.880+0000] {dag.py:3441} INFO - Setting next_dagrun for example_short_circuit_operator to 2024-11-11T08:00:53.880708+00:00, run_after=2024-11-12T08:00:53.880708+00:00
[2024-11-12T08:00:53.904+0000] {processor.py:175} INFO - Processing /home/airflow/.local/lib/python3.7/site-packages/airflow/example_dags/example_short_circuit_operator.py took 0.092 seconds
[2024-11-12T08:01:24.745+0000] {processor.py:153} INFO - Started process (PID=1090) to work on /home/airflow/.local/lib/python3.7/site-packages/airflow/example_dags/example_short_circuit_operator.py
[2024-11-12T08:01:24.747+0000] {processor.py:743} INFO - Processing file /home/airflow/.local/lib/python3.7/site-packages/airflow/example_dags/example_short_circuit_operator.py for tasks to queue
[2024-11-12T08:01:24.747+0000] {logging_mixin.py:137} INFO - [2024-11-12T08:01:24.747+0000] {dagbag.py:538} INFO - Filling up the DagBag from /home/airflow/.local/lib/python3.7/site-packages/airflow/example_dags/example_short_circuit_operator.py
[2024-11-12T08:01:24.763+0000] {processor.py:753} INFO - DAG(s) dict_keys(['example_short_circuit_operator']) retrieved from /home/airflow/.local/lib/python3.7/site-packages/airflow/example_dags/example_short_circuit_operator.py
[2024-11-12T08:01:24.793+0000] {logging_mixin.py:137} INFO - [2024-11-12T08:01:24.793+0000] {dag.py:2690} INFO - Sync 1 DAGs
[2024-11-12T08:01:24.824+0000] {logging_mixin.py:137} INFO - [2024-11-12T08:01:24.824+0000] {dag.py:3441} INFO - Setting next_dagrun for example_short_circuit_operator to 2024-11-11T08:01:24.824075+00:00, run_after=2024-11-12T08:01:24.824075+00:00
[2024-11-12T08:01:24.847+0000] {processor.py:175} INFO - Processing /home/airflow/.local/lib/python3.7/site-packages/airflow/example_dags/example_short_circuit_operator.py took 0.105 seconds
[2024-11-12T08:02:37.838+0000] {processor.py:153} INFO - Started process (PID=51) to work on /home/airflow/.local/lib/python3.7/site-packages/airflow/example_dags/example_short_circuit_operator.py
[2024-11-12T08:02:37.839+0000] {processor.py:743} INFO - Processing file /home/airflow/.local/lib/python3.7/site-packages/airflow/example_dags/example_short_circuit_operator.py for tasks to queue
[2024-11-12T08:02:37.839+0000] {logging_mixin.py:137} INFO - [2024-11-12T08:02:37.839+0000] {dagbag.py:538} INFO - Filling up the DagBag from /home/airflow/.local/lib/python3.7/site-packages/airflow/example_dags/example_short_circuit_operator.py
[2024-11-12T08:02:37.862+0000] {processor.py:753} INFO - DAG(s) dict_keys(['example_short_circuit_operator']) retrieved from /home/airflow/.local/lib/python3.7/site-packages/airflow/example_dags/example_short_circuit_operator.py
[2024-11-12T08:02:37.878+0000] {logging_mixin.py:137} INFO - [2024-11-12T08:02:37.877+0000] {dag.py:2690} INFO - Sync 1 DAGs
[2024-11-12T08:02:37.905+0000] {logging_mixin.py:137} INFO - [2024-11-12T08:02:37.905+0000] {dag.py:3441} INFO - Setting next_dagrun for example_short_circuit_operator to 2024-11-11T08:02:37.905501+00:00, run_after=2024-11-12T08:02:37.905501+00:00
[2024-11-12T08:02:37.929+0000] {processor.py:175} INFO - Processing /home/airflow/.local/lib/python3.7/site-packages/airflow/example_dags/example_short_circuit_operator.py took 0.095 seconds
[2024-11-12T08:03:08.914+0000] {processor.py:153} INFO - Started process (PID=138) to work on /home/airflow/.local/lib/python3.7/site-packages/airflow/example_dags/example_short_circuit_operator.py
[2024-11-12T08:03:08.916+0000] {processor.py:743} INFO - Processing file /home/airflow/.local/lib/python3.7/site-packages/airflow/example_dags/example_short_circuit_operator.py for tasks to queue
[2024-11-12T08:03:08.917+0000] {logging_mixin.py:137} INFO - [2024-11-12T08:03:08.916+0000] {dagbag.py:538} INFO - Filling up the DagBag from /home/airflow/.local/lib/python3.7/site-packages/airflow/example_dags/example_short_circuit_operator.py
[2024-11-12T08:03:08.947+0000] {processor.py:753} INFO - DAG(s) dict_keys(['example_short_circuit_operator']) retrieved from /home/airflow/.local/lib/python3.7/site-packages/airflow/example_dags/example_short_circuit_operator.py
[2024-11-12T08:03:08.988+0000] {logging_mixin.py:137} INFO - [2024-11-12T08:03:08.988+0000] {dag.py:2690} INFO - Sync 1 DAGs
[2024-11-12T08:03:09.029+0000] {logging_mixin.py:137} INFO - [2024-11-12T08:03:09.029+0000] {dag.py:3441} INFO - Setting next_dagrun for example_short_circuit_operator to 2024-11-11T08:03:09.029156+00:00, run_after=2024-11-12T08:03:09.029156+00:00
[2024-11-12T08:03:09.061+0000] {processor.py:175} INFO - Processing /home/airflow/.local/lib/python3.7/site-packages/airflow/example_dags/example_short_circuit_operator.py took 0.152 seconds
[2024-11-12T08:03:39.606+0000] {processor.py:153} INFO - Started process (PID=209) to work on /home/airflow/.local/lib/python3.7/site-packages/airflow/example_dags/example_short_circuit_operator.py
[2024-11-12T08:03:39.608+0000] {processor.py:743} INFO - Processing file /home/airflow/.local/lib/python3.7/site-packages/airflow/example_dags/example_short_circuit_operator.py for tasks to queue
[2024-11-12T08:03:39.608+0000] {logging_mixin.py:137} INFO - [2024-11-12T08:03:39.608+0000] {dagbag.py:538} INFO - Filling up the DagBag from /home/airflow/.local/lib/python3.7/site-packages/airflow/example_dags/example_short_circuit_operator.py
[2024-11-12T08:03:39.624+0000] {processor.py:753} INFO - DAG(s) dict_keys(['example_short_circuit_operator']) retrieved from /home/airflow/.local/lib/python3.7/site-packages/airflow/example_dags/example_short_circuit_operator.py
[2024-11-12T08:03:39.651+0000] {logging_mixin.py:137} INFO - [2024-11-12T08:03:39.651+0000] {dag.py:2690} INFO - Sync 1 DAGs
[2024-11-12T08:03:39.676+0000] {logging_mixin.py:137} INFO - [2024-11-12T08:03:39.676+0000] {dag.py:3441} INFO - Setting next_dagrun for example_short_circuit_operator to 2024-11-11T08:03:39.676140+00:00, run_after=2024-11-12T08:03:39.676140+00:00
[2024-11-12T08:03:39.699+0000] {processor.py:175} INFO - Processing /home/airflow/.local/lib/python3.7/site-packages/airflow/example_dags/example_short_circuit_operator.py took 0.095 seconds
[2024-11-12T08:04:10.103+0000] {processor.py:153} INFO - Started process (PID=296) to work on /home/airflow/.local/lib/python3.7/site-packages/airflow/example_dags/example_short_circuit_operator.py
[2024-11-12T08:04:10.104+0000] {processor.py:743} INFO - Processing file /home/airflow/.local/lib/python3.7/site-packages/airflow/example_dags/example_short_circuit_operator.py for tasks to queue
[2024-11-12T08:04:10.105+0000] {logging_mixin.py:137} INFO - [2024-11-12T08:04:10.104+0000] {dagbag.py:538} INFO - Filling up the DagBag from /home/airflow/.local/lib/python3.7/site-packages/airflow/example_dags/example_short_circuit_operator.py
[2024-11-12T08:04:10.122+0000] {processor.py:753} INFO - DAG(s) dict_keys(['example_short_circuit_operator']) retrieved from /home/airflow/.local/lib/python3.7/site-packages/airflow/example_dags/example_short_circuit_operator.py
[2024-11-12T08:04:10.156+0000] {logging_mixin.py:137} INFO - [2024-11-12T08:04:10.156+0000] {dag.py:2690} INFO - Sync 1 DAGs
[2024-11-12T08:04:10.190+0000] {logging_mixin.py:137} INFO - [2024-11-12T08:04:10.190+0000] {dag.py:3441} INFO - Setting next_dagrun for example_short_circuit_operator to 2024-11-11T08:04:10.190086+00:00, run_after=2024-11-12T08:04:10.190086+00:00
[2024-11-12T08:04:10.216+0000] {processor.py:175} INFO - Processing /home/airflow/.local/lib/python3.7/site-packages/airflow/example_dags/example_short_circuit_operator.py took 0.117 seconds
[2024-11-12T08:04:41.028+0000] {processor.py:153} INFO - Started process (PID=367) to work on /home/airflow/.local/lib/python3.7/site-packages/airflow/example_dags/example_short_circuit_operator.py
[2024-11-12T08:04:41.030+0000] {processor.py:743} INFO - Processing file /home/airflow/.local/lib/python3.7/site-packages/airflow/example_dags/example_short_circuit_operator.py for tasks to queue
[2024-11-12T08:04:41.030+0000] {logging_mixin.py:137} INFO - [2024-11-12T08:04:41.030+0000] {dagbag.py:538} INFO - Filling up the DagBag from /home/airflow/.local/lib/python3.7/site-packages/airflow/example_dags/example_short_circuit_operator.py
[2024-11-12T08:04:41.051+0000] {processor.py:753} INFO - DAG(s) dict_keys(['example_short_circuit_operator']) retrieved from /home/airflow/.local/lib/python3.7/site-packages/airflow/example_dags/example_short_circuit_operator.py
[2024-11-12T08:04:41.087+0000] {logging_mixin.py:137} INFO - [2024-11-12T08:04:41.087+0000] {dag.py:2690} INFO - Sync 1 DAGs
[2024-11-12T08:04:41.123+0000] {logging_mixin.py:137} INFO - [2024-11-12T08:04:41.123+0000] {dag.py:3441} INFO - Setting next_dagrun for example_short_circuit_operator to 2024-11-11T08:04:41.122760+00:00, run_after=2024-11-12T08:04:41.122760+00:00
[2024-11-12T08:04:41.145+0000] {processor.py:175} INFO - Processing /home/airflow/.local/lib/python3.7/site-packages/airflow/example_dags/example_short_circuit_operator.py took 0.121 seconds
[2024-11-12T08:05:11.318+0000] {processor.py:153} INFO - Started process (PID=454) to work on /home/airflow/.local/lib/python3.7/site-packages/airflow/example_dags/example_short_circuit_operator.py
[2024-11-12T08:05:11.320+0000] {processor.py:743} INFO - Processing file /home/airflow/.local/lib/python3.7/site-packages/airflow/example_dags/example_short_circuit_operator.py for tasks to queue
[2024-11-12T08:05:11.320+0000] {logging_mixin.py:137} INFO - [2024-11-12T08:05:11.320+0000] {dagbag.py:538} INFO - Filling up the DagBag from /home/airflow/.local/lib/python3.7/site-packages/airflow/example_dags/example_short_circuit_operator.py
[2024-11-12T08:05:11.343+0000] {processor.py:753} INFO - DAG(s) dict_keys(['example_short_circuit_operator']) retrieved from /home/airflow/.local/lib/python3.7/site-packages/airflow/example_dags/example_short_circuit_operator.py
[2024-11-12T08:05:11.373+0000] {logging_mixin.py:137} INFO - [2024-11-12T08:05:11.372+0000] {dag.py:2690} INFO - Sync 1 DAGs
[2024-11-12T08:05:11.401+0000] {logging_mixin.py:137} INFO - [2024-11-12T08:05:11.401+0000] {dag.py:3441} INFO - Setting next_dagrun for example_short_circuit_operator to 2024-11-11T08:05:11.401539+00:00, run_after=2024-11-12T08:05:11.401539+00:00
[2024-11-12T08:05:11.427+0000] {processor.py:175} INFO - Processing /home/airflow/.local/lib/python3.7/site-packages/airflow/example_dags/example_short_circuit_operator.py took 0.113 seconds
[2024-11-12T08:05:42.249+0000] {processor.py:153} INFO - Started process (PID=525) to work on /home/airflow/.local/lib/python3.7/site-packages/airflow/example_dags/example_short_circuit_operator.py
[2024-11-12T08:05:42.250+0000] {processor.py:743} INFO - Processing file /home/airflow/.local/lib/python3.7/site-packages/airflow/example_dags/example_short_circuit_operator.py for tasks to queue
[2024-11-12T08:05:42.250+0000] {logging_mixin.py:137} INFO - [2024-11-12T08:05:42.250+0000] {dagbag.py:538} INFO - Filling up the DagBag from /home/airflow/.local/lib/python3.7/site-packages/airflow/example_dags/example_short_circuit_operator.py
[2024-11-12T08:05:42.265+0000] {processor.py:753} INFO - DAG(s) dict_keys(['example_short_circuit_operator']) retrieved from /home/airflow/.local/lib/python3.7/site-packages/airflow/example_dags/example_short_circuit_operator.py
[2024-11-12T08:05:42.292+0000] {logging_mixin.py:137} INFO - [2024-11-12T08:05:42.292+0000] {dag.py:2690} INFO - Sync 1 DAGs
[2024-11-12T08:05:42.314+0000] {logging_mixin.py:137} INFO - [2024-11-12T08:05:42.314+0000] {dag.py:3441} INFO - Setting next_dagrun for example_short_circuit_operator to 2024-11-11T08:05:42.313935+00:00, run_after=2024-11-12T08:05:42.313935+00:00
[2024-11-12T08:05:42.335+0000] {processor.py:175} INFO - Processing /home/airflow/.local/lib/python3.7/site-packages/airflow/example_dags/example_short_circuit_operator.py took 0.090 seconds
[2024-11-12T08:06:13.471+0000] {processor.py:153} INFO - Started process (PID=612) to work on /home/airflow/.local/lib/python3.7/site-packages/airflow/example_dags/example_short_circuit_operator.py
[2024-11-12T08:06:13.472+0000] {processor.py:743} INFO - Processing file /home/airflow/.local/lib/python3.7/site-packages/airflow/example_dags/example_short_circuit_operator.py for tasks to queue
[2024-11-12T08:06:13.473+0000] {logging_mixin.py:137} INFO - [2024-11-12T08:06:13.472+0000] {dagbag.py:538} INFO - Filling up the DagBag from /home/airflow/.local/lib/python3.7/site-packages/airflow/example_dags/example_short_circuit_operator.py
[2024-11-12T08:06:13.502+0000] {processor.py:753} INFO - DAG(s) dict_keys(['example_short_circuit_operator']) retrieved from /home/airflow/.local/lib/python3.7/site-packages/airflow/example_dags/example_short_circuit_operator.py
[2024-11-12T08:06:13.552+0000] {logging_mixin.py:137} INFO - [2024-11-12T08:06:13.552+0000] {dag.py:2690} INFO - Sync 1 DAGs
[2024-11-12T08:06:13.589+0000] {logging_mixin.py:137} INFO - [2024-11-12T08:06:13.588+0000] {dag.py:3441} INFO - Setting next_dagrun for example_short_circuit_operator to 2024-11-11T08:06:13.588563+00:00, run_after=2024-11-12T08:06:13.588563+00:00
[2024-11-12T08:06:13.620+0000] {processor.py:175} INFO - Processing /home/airflow/.local/lib/python3.7/site-packages/airflow/example_dags/example_short_circuit_operator.py took 0.153 seconds
[2024-11-12T08:06:43.669+0000] {processor.py:153} INFO - Started process (PID=683) to work on /home/airflow/.local/lib/python3.7/site-packages/airflow/example_dags/example_short_circuit_operator.py
[2024-11-12T08:06:43.670+0000] {processor.py:743} INFO - Processing file /home/airflow/.local/lib/python3.7/site-packages/airflow/example_dags/example_short_circuit_operator.py for tasks to queue
[2024-11-12T08:06:43.671+0000] {logging_mixin.py:137} INFO - [2024-11-12T08:06:43.671+0000] {dagbag.py:538} INFO - Filling up the DagBag from /home/airflow/.local/lib/python3.7/site-packages/airflow/example_dags/example_short_circuit_operator.py
[2024-11-12T08:06:43.687+0000] {processor.py:753} INFO - DAG(s) dict_keys(['example_short_circuit_operator']) retrieved from /home/airflow/.local/lib/python3.7/site-packages/airflow/example_dags/example_short_circuit_operator.py
[2024-11-12T08:06:43.716+0000] {logging_mixin.py:137} INFO - [2024-11-12T08:06:43.716+0000] {dag.py:2690} INFO - Sync 1 DAGs
[2024-11-12T08:06:43.740+0000] {logging_mixin.py:137} INFO - [2024-11-12T08:06:43.740+0000] {dag.py:3441} INFO - Setting next_dagrun for example_short_circuit_operator to 2024-11-11T08:06:43.740500+00:00, run_after=2024-11-12T08:06:43.740500+00:00
[2024-11-12T08:06:43.763+0000] {processor.py:175} INFO - Processing /home/airflow/.local/lib/python3.7/site-packages/airflow/example_dags/example_short_circuit_operator.py took 0.097 seconds
[2024-11-12T08:07:14.687+0000] {processor.py:153} INFO - Started process (PID=770) to work on /home/airflow/.local/lib/python3.7/site-packages/airflow/example_dags/example_short_circuit_operator.py
[2024-11-12T08:07:14.688+0000] {processor.py:743} INFO - Processing file /home/airflow/.local/lib/python3.7/site-packages/airflow/example_dags/example_short_circuit_operator.py for tasks to queue
[2024-11-12T08:07:14.689+0000] {logging_mixin.py:137} INFO - [2024-11-12T08:07:14.689+0000] {dagbag.py:538} INFO - Filling up the DagBag from /home/airflow/.local/lib/python3.7/site-packages/airflow/example_dags/example_short_circuit_operator.py
[2024-11-12T08:07:14.711+0000] {processor.py:753} INFO - DAG(s) dict_keys(['example_short_circuit_operator']) retrieved from /home/airflow/.local/lib/python3.7/site-packages/airflow/example_dags/example_short_circuit_operator.py
[2024-11-12T08:07:14.736+0000] {logging_mixin.py:137} INFO - [2024-11-12T08:07:14.736+0000] {dag.py:2690} INFO - Sync 1 DAGs
[2024-11-12T08:07:14.759+0000] {logging_mixin.py:137} INFO - [2024-11-12T08:07:14.759+0000] {dag.py:3441} INFO - Setting next_dagrun for example_short_circuit_operator to 2024-11-11T08:07:14.759005+00:00, run_after=2024-11-12T08:07:14.759005+00:00
[2024-11-12T08:07:14.781+0000] {processor.py:175} INFO - Processing /home/airflow/.local/lib/python3.7/site-packages/airflow/example_dags/example_short_circuit_operator.py took 0.099 seconds
[2024-11-12T08:07:45.510+0000] {processor.py:153} INFO - Started process (PID=841) to work on /home/airflow/.local/lib/python3.7/site-packages/airflow/example_dags/example_short_circuit_operator.py
[2024-11-12T08:07:45.511+0000] {processor.py:743} INFO - Processing file /home/airflow/.local/lib/python3.7/site-packages/airflow/example_dags/example_short_circuit_operator.py for tasks to queue
[2024-11-12T08:07:45.512+0000] {logging_mixin.py:137} INFO - [2024-11-12T08:07:45.512+0000] {dagbag.py:538} INFO - Filling up the DagBag from /home/airflow/.local/lib/python3.7/site-packages/airflow/example_dags/example_short_circuit_operator.py
[2024-11-12T08:07:45.529+0000] {processor.py:753} INFO - DAG(s) dict_keys(['example_short_circuit_operator']) retrieved from /home/airflow/.local/lib/python3.7/site-packages/airflow/example_dags/example_short_circuit_operator.py
[2024-11-12T08:07:45.558+0000] {logging_mixin.py:137} INFO - [2024-11-12T08:07:45.558+0000] {dag.py:2690} INFO - Sync 1 DAGs
[2024-11-12T08:07:45.586+0000] {logging_mixin.py:137} INFO - [2024-11-12T08:07:45.586+0000] {dag.py:3441} INFO - Setting next_dagrun for example_short_circuit_operator to 2024-11-11T08:07:45.586461+00:00, run_after=2024-11-12T08:07:45.586461+00:00
[2024-11-12T08:07:45.610+0000] {processor.py:175} INFO - Processing /home/airflow/.local/lib/python3.7/site-packages/airflow/example_dags/example_short_circuit_operator.py took 0.103 seconds
[2024-11-12T08:08:15.670+0000] {processor.py:153} INFO - Started process (PID=912) to work on /home/airflow/.local/lib/python3.7/site-packages/airflow/example_dags/example_short_circuit_operator.py
[2024-11-12T08:08:15.672+0000] {processor.py:743} INFO - Processing file /home/airflow/.local/lib/python3.7/site-packages/airflow/example_dags/example_short_circuit_operator.py for tasks to queue
[2024-11-12T08:08:15.673+0000] {logging_mixin.py:137} INFO - [2024-11-12T08:08:15.673+0000] {dagbag.py:538} INFO - Filling up the DagBag from /home/airflow/.local/lib/python3.7/site-packages/airflow/example_dags/example_short_circuit_operator.py
[2024-11-12T08:08:15.687+0000] {processor.py:753} INFO - DAG(s) dict_keys(['example_short_circuit_operator']) retrieved from /home/airflow/.local/lib/python3.7/site-packages/airflow/example_dags/example_short_circuit_operator.py
[2024-11-12T08:08:15.713+0000] {logging_mixin.py:137} INFO - [2024-11-12T08:08:15.712+0000] {dag.py:2690} INFO - Sync 1 DAGs
[2024-11-12T08:08:15.736+0000] {logging_mixin.py:137} INFO - [2024-11-12T08:08:15.736+0000] {dag.py:3441} INFO - Setting next_dagrun for example_short_circuit_operator to 2024-11-11T08:08:15.736122+00:00, run_after=2024-11-12T08:08:15.736122+00:00
[2024-11-12T08:08:15.761+0000] {processor.py:175} INFO - Processing /home/airflow/.local/lib/python3.7/site-packages/airflow/example_dags/example_short_circuit_operator.py took 0.094 seconds
[2024-11-12T08:08:46.285+0000] {processor.py:153} INFO - Started process (PID=983) to work on /home/airflow/.local/lib/python3.7/site-packages/airflow/example_dags/example_short_circuit_operator.py
[2024-11-12T08:08:46.287+0000] {processor.py:743} INFO - Processing file /home/airflow/.local/lib/python3.7/site-packages/airflow/example_dags/example_short_circuit_operator.py for tasks to queue
[2024-11-12T08:08:46.287+0000] {logging_mixin.py:137} INFO - [2024-11-12T08:08:46.287+0000] {dagbag.py:538} INFO - Filling up the DagBag from /home/airflow/.local/lib/python3.7/site-packages/airflow/example_dags/example_short_circuit_operator.py
[2024-11-12T08:08:46.302+0000] {processor.py:753} INFO - DAG(s) dict_keys(['example_short_circuit_operator']) retrieved from /home/airflow/.local/lib/python3.7/site-packages/airflow/example_dags/example_short_circuit_operator.py
[2024-11-12T08:08:46.329+0000] {logging_mixin.py:137} INFO - [2024-11-12T08:08:46.329+0000] {dag.py:2690} INFO - Sync 1 DAGs
[2024-11-12T08:08:46.354+0000] {logging_mixin.py:137} INFO - [2024-11-12T08:08:46.354+0000] {dag.py:3441} INFO - Setting next_dagrun for example_short_circuit_operator to 2024-11-11T08:08:46.354029+00:00, run_after=2024-11-12T08:08:46.354029+00:00
[2024-11-12T08:08:46.376+0000] {processor.py:175} INFO - Processing /home/airflow/.local/lib/python3.7/site-packages/airflow/example_dags/example_short_circuit_operator.py took 0.094 seconds
[2024-11-12T08:09:17.377+0000] {processor.py:153} INFO - Started process (PID=1063) to work on /home/airflow/.local/lib/python3.7/site-packages/airflow/example_dags/example_short_circuit_operator.py
[2024-11-12T08:09:17.378+0000] {processor.py:743} INFO - Processing file /home/airflow/.local/lib/python3.7/site-packages/airflow/example_dags/example_short_circuit_operator.py for tasks to queue
[2024-11-12T08:09:17.379+0000] {logging_mixin.py:137} INFO - [2024-11-12T08:09:17.379+0000] {dagbag.py:538} INFO - Filling up the DagBag from /home/airflow/.local/lib/python3.7/site-packages/airflow/example_dags/example_short_circuit_operator.py
[2024-11-12T08:09:17.397+0000] {processor.py:753} INFO - DAG(s) dict_keys(['example_short_circuit_operator']) retrieved from /home/airflow/.local/lib/python3.7/site-packages/airflow/example_dags/example_short_circuit_operator.py
[2024-11-12T08:09:17.429+0000] {logging_mixin.py:137} INFO - [2024-11-12T08:09:17.428+0000] {dag.py:2690} INFO - Sync 1 DAGs
[2024-11-12T08:09:17.457+0000] {logging_mixin.py:137} INFO - [2024-11-12T08:09:17.457+0000] {dag.py:3441} INFO - Setting next_dagrun for example_short_circuit_operator to 2024-11-11T08:09:17.457325+00:00, run_after=2024-11-12T08:09:17.457325+00:00
[2024-11-12T08:09:17.486+0000] {processor.py:175} INFO - Processing /home/airflow/.local/lib/python3.7/site-packages/airflow/example_dags/example_short_circuit_operator.py took 0.114 seconds
[2024-11-12T08:09:47.999+0000] {processor.py:153} INFO - Started process (PID=1142) to work on /home/airflow/.local/lib/python3.7/site-packages/airflow/example_dags/example_short_circuit_operator.py
[2024-11-12T08:09:48.000+0000] {processor.py:743} INFO - Processing file /home/airflow/.local/lib/python3.7/site-packages/airflow/example_dags/example_short_circuit_operator.py for tasks to queue
[2024-11-12T08:09:48.001+0000] {logging_mixin.py:137} INFO - [2024-11-12T08:09:48.001+0000] {dagbag.py:538} INFO - Filling up the DagBag from /home/airflow/.local/lib/python3.7/site-packages/airflow/example_dags/example_short_circuit_operator.py
[2024-11-12T08:09:48.017+0000] {processor.py:753} INFO - DAG(s) dict_keys(['example_short_circuit_operator']) retrieved from /home/airflow/.local/lib/python3.7/site-packages/airflow/example_dags/example_short_circuit_operator.py
[2024-11-12T08:09:48.040+0000] {logging_mixin.py:137} INFO - [2024-11-12T08:09:48.039+0000] {dag.py:2690} INFO - Sync 1 DAGs
[2024-11-12T08:09:48.061+0000] {logging_mixin.py:137} INFO - [2024-11-12T08:09:48.061+0000] {dag.py:3441} INFO - Setting next_dagrun for example_short_circuit_operator to 2024-11-11T08:09:48.061115+00:00, run_after=2024-11-12T08:09:48.061115+00:00
[2024-11-12T08:09:48.085+0000] {processor.py:175} INFO - Processing /home/airflow/.local/lib/python3.7/site-packages/airflow/example_dags/example_short_circuit_operator.py took 0.089 seconds
[2024-11-12T08:10:18.351+0000] {processor.py:153} INFO - Started process (PID=1213) to work on /home/airflow/.local/lib/python3.7/site-packages/airflow/example_dags/example_short_circuit_operator.py
[2024-11-12T08:10:18.353+0000] {processor.py:743} INFO - Processing file /home/airflow/.local/lib/python3.7/site-packages/airflow/example_dags/example_short_circuit_operator.py for tasks to queue
[2024-11-12T08:10:18.354+0000] {logging_mixin.py:137} INFO - [2024-11-12T08:10:18.354+0000] {dagbag.py:538} INFO - Filling up the DagBag from /home/airflow/.local/lib/python3.7/site-packages/airflow/example_dags/example_short_circuit_operator.py
[2024-11-12T08:10:18.373+0000] {processor.py:753} INFO - DAG(s) dict_keys(['example_short_circuit_operator']) retrieved from /home/airflow/.local/lib/python3.7/site-packages/airflow/example_dags/example_short_circuit_operator.py
[2024-11-12T08:10:18.403+0000] {logging_mixin.py:137} INFO - [2024-11-12T08:10:18.403+0000] {dag.py:2690} INFO - Sync 1 DAGs
[2024-11-12T08:10:18.435+0000] {logging_mixin.py:137} INFO - [2024-11-12T08:10:18.435+0000] {dag.py:3441} INFO - Setting next_dagrun for example_short_circuit_operator to 2024-11-11T08:10:18.435218+00:00, run_after=2024-11-12T08:10:18.435218+00:00
[2024-11-12T08:10:18.459+0000] {processor.py:175} INFO - Processing /home/airflow/.local/lib/python3.7/site-packages/airflow/example_dags/example_short_circuit_operator.py took 0.112 seconds
[2024-11-12T08:10:48.521+0000] {processor.py:153} INFO - Started process (PID=1300) to work on /home/airflow/.local/lib/python3.7/site-packages/airflow/example_dags/example_short_circuit_operator.py
[2024-11-12T08:10:48.522+0000] {processor.py:743} INFO - Processing file /home/airflow/.local/lib/python3.7/site-packages/airflow/example_dags/example_short_circuit_operator.py for tasks to queue
[2024-11-12T08:10:48.523+0000] {logging_mixin.py:137} INFO - [2024-11-12T08:10:48.523+0000] {dagbag.py:538} INFO - Filling up the DagBag from /home/airflow/.local/lib/python3.7/site-packages/airflow/example_dags/example_short_circuit_operator.py
[2024-11-12T08:10:48.537+0000] {processor.py:753} INFO - DAG(s) dict_keys(['example_short_circuit_operator']) retrieved from /home/airflow/.local/lib/python3.7/site-packages/airflow/example_dags/example_short_circuit_operator.py
[2024-11-12T08:10:48.562+0000] {logging_mixin.py:137} INFO - [2024-11-12T08:10:48.561+0000] {dag.py:2690} INFO - Sync 1 DAGs
[2024-11-12T08:10:48.583+0000] {logging_mixin.py:137} INFO - [2024-11-12T08:10:48.583+0000] {dag.py:3441} INFO - Setting next_dagrun for example_short_circuit_operator to 2024-11-11T08:10:48.583062+00:00, run_after=2024-11-12T08:10:48.583062+00:00
[2024-11-12T08:10:48.604+0000] {processor.py:175} INFO - Processing /home/airflow/.local/lib/python3.7/site-packages/airflow/example_dags/example_short_circuit_operator.py took 0.086 seconds
[2024-11-12T08:11:18.873+0000] {processor.py:153} INFO - Started process (PID=1371) to work on /home/airflow/.local/lib/python3.7/site-packages/airflow/example_dags/example_short_circuit_operator.py
[2024-11-12T08:11:18.874+0000] {processor.py:743} INFO - Processing file /home/airflow/.local/lib/python3.7/site-packages/airflow/example_dags/example_short_circuit_operator.py for tasks to queue
[2024-11-12T08:11:18.875+0000] {logging_mixin.py:137} INFO - [2024-11-12T08:11:18.875+0000] {dagbag.py:538} INFO - Filling up the DagBag from /home/airflow/.local/lib/python3.7/site-packages/airflow/example_dags/example_short_circuit_operator.py
[2024-11-12T08:11:18.895+0000] {processor.py:753} INFO - DAG(s) dict_keys(['example_short_circuit_operator']) retrieved from /home/airflow/.local/lib/python3.7/site-packages/airflow/example_dags/example_short_circuit_operator.py
[2024-11-12T08:11:18.921+0000] {logging_mixin.py:137} INFO - [2024-11-12T08:11:18.921+0000] {dag.py:2690} INFO - Sync 1 DAGs
[2024-11-12T08:11:18.948+0000] {logging_mixin.py:137} INFO - [2024-11-12T08:11:18.948+0000] {dag.py:3441} INFO - Setting next_dagrun for example_short_circuit_operator to 2024-11-11T08:11:18.948351+00:00, run_after=2024-11-12T08:11:18.948351+00:00
[2024-11-12T08:11:18.970+0000] {processor.py:175} INFO - Processing /home/airflow/.local/lib/python3.7/site-packages/airflow/example_dags/example_short_circuit_operator.py took 0.101 seconds
[2024-11-12T08:11:49.397+0000] {processor.py:153} INFO - Started process (PID=1459) to work on /home/airflow/.local/lib/python3.7/site-packages/airflow/example_dags/example_short_circuit_operator.py
[2024-11-12T08:11:49.398+0000] {processor.py:743} INFO - Processing file /home/airflow/.local/lib/python3.7/site-packages/airflow/example_dags/example_short_circuit_operator.py for tasks to queue
[2024-11-12T08:11:49.399+0000] {logging_mixin.py:137} INFO - [2024-11-12T08:11:49.399+0000] {dagbag.py:538} INFO - Filling up the DagBag from /home/airflow/.local/lib/python3.7/site-packages/airflow/example_dags/example_short_circuit_operator.py
[2024-11-12T08:11:49.415+0000] {processor.py:753} INFO - DAG(s) dict_keys(['example_short_circuit_operator']) retrieved from /home/airflow/.local/lib/python3.7/site-packages/airflow/example_dags/example_short_circuit_operator.py
[2024-11-12T08:11:49.441+0000] {logging_mixin.py:137} INFO - [2024-11-12T08:11:49.440+0000] {dag.py:2690} INFO - Sync 1 DAGs
[2024-11-12T08:11:50.013+0000] {logging_mixin.py:137} INFO - [2024-11-12T08:11:50.013+0000] {dag.py:3441} INFO - Setting next_dagrun for example_short_circuit_operator to 2024-11-11T08:11:50.012488+00:00, run_after=2024-11-12T08:11:50.012488+00:00
[2024-11-12T08:11:50.036+0000] {processor.py:175} INFO - Processing /home/airflow/.local/lib/python3.7/site-packages/airflow/example_dags/example_short_circuit_operator.py took 0.101 seconds
[2024-11-12T08:12:20.583+0000] {processor.py:153} INFO - Started process (PID=1530) to work on /home/airflow/.local/lib/python3.7/site-packages/airflow/example_dags/example_short_circuit_operator.py
[2024-11-12T08:12:20.585+0000] {processor.py:743} INFO - Processing file /home/airflow/.local/lib/python3.7/site-packages/airflow/example_dags/example_short_circuit_operator.py for tasks to queue
[2024-11-12T08:12:20.585+0000] {logging_mixin.py:137} INFO - [2024-11-12T08:12:20.585+0000] {dagbag.py:538} INFO - Filling up the DagBag from /home/airflow/.local/lib/python3.7/site-packages/airflow/example_dags/example_short_circuit_operator.py
[2024-11-12T08:12:20.602+0000] {processor.py:753} INFO - DAG(s) dict_keys(['example_short_circuit_operator']) retrieved from /home/airflow/.local/lib/python3.7/site-packages/airflow/example_dags/example_short_circuit_operator.py
[2024-11-12T08:12:20.634+0000] {logging_mixin.py:137} INFO - [2024-11-12T08:12:20.634+0000] {dag.py:2690} INFO - Sync 1 DAGs
[2024-11-12T08:12:20.663+0000] {logging_mixin.py:137} INFO - [2024-11-12T08:12:20.663+0000] {dag.py:3441} INFO - Setting next_dagrun for example_short_circuit_operator to 2024-11-11T08:12:20.663296+00:00, run_after=2024-11-12T08:12:20.663296+00:00
[2024-11-12T08:12:20.690+0000] {processor.py:175} INFO - Processing /home/airflow/.local/lib/python3.7/site-packages/airflow/example_dags/example_short_circuit_operator.py took 0.110 seconds
[2024-11-12T08:12:51.347+0000] {processor.py:153} INFO - Started process (PID=1617) to work on /home/airflow/.local/lib/python3.7/site-packages/airflow/example_dags/example_short_circuit_operator.py
[2024-11-12T08:12:51.359+0000] {processor.py:743} INFO - Processing file /home/airflow/.local/lib/python3.7/site-packages/airflow/example_dags/example_short_circuit_operator.py for tasks to queue
[2024-11-12T08:12:51.359+0000] {logging_mixin.py:137} INFO - [2024-11-12T08:12:51.359+0000] {dagbag.py:538} INFO - Filling up the DagBag from /home/airflow/.local/lib/python3.7/site-packages/airflow/example_dags/example_short_circuit_operator.py
[2024-11-12T08:12:51.373+0000] {processor.py:753} INFO - DAG(s) dict_keys(['example_short_circuit_operator']) retrieved from /home/airflow/.local/lib/python3.7/site-packages/airflow/example_dags/example_short_circuit_operator.py
[2024-11-12T08:12:51.400+0000] {logging_mixin.py:137} INFO - [2024-11-12T08:12:51.400+0000] {dag.py:2690} INFO - Sync 1 DAGs
[2024-11-12T08:12:51.424+0000] {logging_mixin.py:137} INFO - [2024-11-12T08:12:51.424+0000] {dag.py:3441} INFO - Setting next_dagrun for example_short_circuit_operator to 2024-11-11T08:12:51.423808+00:00, run_after=2024-11-12T08:12:51.423808+00:00
[2024-11-12T08:12:51.446+0000] {processor.py:175} INFO - Processing /home/airflow/.local/lib/python3.7/site-packages/airflow/example_dags/example_short_circuit_operator.py took 0.102 seconds
