[2024-11-12T07:54:48.226+0000] {processor.py:153} INFO - Started process (PID=80) to work on /home/airflow/.local/lib/python3.7/site-packages/airflow/example_dags/example_sla_dag.py
[2024-11-12T07:54:48.227+0000] {processor.py:743} INFO - Processing file /home/airflow/.local/lib/python3.7/site-packages/airflow/example_dags/example_sla_dag.py for tasks to queue
[2024-11-12T07:54:48.227+0000] {logging_mixin.py:137} INFO - [2024-11-12T07:54:48.227+0000] {dagbag.py:538} INFO - Filling up the DagBag from /home/airflow/.local/lib/python3.7/site-packages/airflow/example_dags/example_sla_dag.py
[2024-11-12T07:54:48.263+0000] {processor.py:753} INFO - DAG(s) dict_keys(['example_sla_dag']) retrieved from /home/airflow/.local/lib/python3.7/site-packages/airflow/example_dags/example_sla_dag.py
[2024-11-12T07:54:48.282+0000] {logging_mixin.py:137} INFO - [2024-11-12T07:54:48.282+0000] {dag.py:2690} INFO - Sync 1 DAGs
[2024-11-12T07:54:48.334+0000] {logging_mixin.py:137} INFO - [2024-11-12T07:54:48.333+0000] {dag.py:3441} INFO - Setting next_dagrun for example_sla_dag to 2024-11-12T07:52:00+00:00, run_after=2024-11-12T07:54:00+00:00
[2024-11-12T07:54:48.367+0000] {processor.py:175} INFO - Processing /home/airflow/.local/lib/python3.7/site-packages/airflow/example_dags/example_sla_dag.py took 0.144 seconds
[2024-11-12T07:55:18.610+0000] {processor.py:153} INFO - Started process (PID=151) to work on /home/airflow/.local/lib/python3.7/site-packages/airflow/example_dags/example_sla_dag.py
[2024-11-12T07:55:18.611+0000] {processor.py:743} INFO - Processing file /home/airflow/.local/lib/python3.7/site-packages/airflow/example_dags/example_sla_dag.py for tasks to queue
[2024-11-12T07:55:18.613+0000] {logging_mixin.py:137} INFO - [2024-11-12T07:55:18.613+0000] {dagbag.py:538} INFO - Filling up the DagBag from /home/airflow/.local/lib/python3.7/site-packages/airflow/example_dags/example_sla_dag.py
[2024-11-12T07:55:18.637+0000] {processor.py:753} INFO - DAG(s) dict_keys(['example_sla_dag']) retrieved from /home/airflow/.local/lib/python3.7/site-packages/airflow/example_dags/example_sla_dag.py
[2024-11-12T07:55:18.666+0000] {logging_mixin.py:137} INFO - [2024-11-12T07:55:18.665+0000] {dag.py:2690} INFO - Sync 1 DAGs
[2024-11-12T07:55:18.694+0000] {logging_mixin.py:137} INFO - [2024-11-12T07:55:18.694+0000] {dag.py:3441} INFO - Setting next_dagrun for example_sla_dag to 2024-11-12T07:52:00+00:00, run_after=2024-11-12T07:54:00+00:00
[2024-11-12T07:55:18.715+0000] {processor.py:175} INFO - Processing /home/airflow/.local/lib/python3.7/site-packages/airflow/example_dags/example_sla_dag.py took 0.109 seconds
[2024-11-12T07:55:49.611+0000] {processor.py:153} INFO - Started process (PID=238) to work on /home/airflow/.local/lib/python3.7/site-packages/airflow/example_dags/example_sla_dag.py
[2024-11-12T07:55:49.612+0000] {processor.py:743} INFO - Processing file /home/airflow/.local/lib/python3.7/site-packages/airflow/example_dags/example_sla_dag.py for tasks to queue
[2024-11-12T07:55:49.613+0000] {logging_mixin.py:137} INFO - [2024-11-12T07:55:49.613+0000] {dagbag.py:538} INFO - Filling up the DagBag from /home/airflow/.local/lib/python3.7/site-packages/airflow/example_dags/example_sla_dag.py
[2024-11-12T07:55:49.645+0000] {processor.py:753} INFO - DAG(s) dict_keys(['example_sla_dag']) retrieved from /home/airflow/.local/lib/python3.7/site-packages/airflow/example_dags/example_sla_dag.py
[2024-11-12T07:55:49.676+0000] {logging_mixin.py:137} INFO - [2024-11-12T07:55:49.676+0000] {dag.py:2690} INFO - Sync 1 DAGs
[2024-11-12T07:55:49.707+0000] {logging_mixin.py:137} INFO - [2024-11-12T07:55:49.707+0000] {dag.py:3441} INFO - Setting next_dagrun for example_sla_dag to 2024-11-12T07:52:00+00:00, run_after=2024-11-12T07:54:00+00:00
[2024-11-12T07:55:49.734+0000] {processor.py:175} INFO - Processing /home/airflow/.local/lib/python3.7/site-packages/airflow/example_dags/example_sla_dag.py took 0.127 seconds
[2024-11-12T07:56:19.845+0000] {processor.py:153} INFO - Started process (PID=309) to work on /home/airflow/.local/lib/python3.7/site-packages/airflow/example_dags/example_sla_dag.py
[2024-11-12T07:56:19.846+0000] {processor.py:743} INFO - Processing file /home/airflow/.local/lib/python3.7/site-packages/airflow/example_dags/example_sla_dag.py for tasks to queue
[2024-11-12T07:56:19.847+0000] {logging_mixin.py:137} INFO - [2024-11-12T07:56:19.847+0000] {dagbag.py:538} INFO - Filling up the DagBag from /home/airflow/.local/lib/python3.7/site-packages/airflow/example_dags/example_sla_dag.py
[2024-11-12T07:56:19.873+0000] {processor.py:753} INFO - DAG(s) dict_keys(['example_sla_dag']) retrieved from /home/airflow/.local/lib/python3.7/site-packages/airflow/example_dags/example_sla_dag.py
[2024-11-12T07:56:19.897+0000] {logging_mixin.py:137} INFO - [2024-11-12T07:56:19.896+0000] {dag.py:2690} INFO - Sync 1 DAGs
[2024-11-12T07:56:19.927+0000] {logging_mixin.py:137} INFO - [2024-11-12T07:56:19.927+0000] {dag.py:3441} INFO - Setting next_dagrun for example_sla_dag to 2024-11-12T07:54:00+00:00, run_after=2024-11-12T07:56:00+00:00
[2024-11-12T07:56:19.952+0000] {processor.py:175} INFO - Processing /home/airflow/.local/lib/python3.7/site-packages/airflow/example_dags/example_sla_dag.py took 0.110 seconds
[2024-11-12T07:56:50.542+0000] {processor.py:153} INFO - Started process (PID=387) to work on /home/airflow/.local/lib/python3.7/site-packages/airflow/example_dags/example_sla_dag.py
[2024-11-12T07:56:50.543+0000] {processor.py:743} INFO - Processing file /home/airflow/.local/lib/python3.7/site-packages/airflow/example_dags/example_sla_dag.py for tasks to queue
[2024-11-12T07:56:50.544+0000] {logging_mixin.py:137} INFO - [2024-11-12T07:56:50.544+0000] {dagbag.py:538} INFO - Filling up the DagBag from /home/airflow/.local/lib/python3.7/site-packages/airflow/example_dags/example_sla_dag.py
[2024-11-12T07:56:50.577+0000] {processor.py:753} INFO - DAG(s) dict_keys(['example_sla_dag']) retrieved from /home/airflow/.local/lib/python3.7/site-packages/airflow/example_dags/example_sla_dag.py
[2024-11-12T07:56:50.615+0000] {logging_mixin.py:137} INFO - [2024-11-12T07:56:50.614+0000] {dag.py:2690} INFO - Sync 1 DAGs
[2024-11-12T07:56:50.666+0000] {logging_mixin.py:137} INFO - [2024-11-12T07:56:50.666+0000] {dag.py:3441} INFO - Setting next_dagrun for example_sla_dag to 2024-11-12T07:54:00+00:00, run_after=2024-11-12T07:56:00+00:00
[2024-11-12T07:56:50.724+0000] {processor.py:175} INFO - Processing /home/airflow/.local/lib/python3.7/site-packages/airflow/example_dags/example_sla_dag.py took 0.189 seconds
[2024-11-12T07:57:21.711+0000] {processor.py:153} INFO - Started process (PID=467) to work on /home/airflow/.local/lib/python3.7/site-packages/airflow/example_dags/example_sla_dag.py
[2024-11-12T07:57:21.722+0000] {processor.py:743} INFO - Processing file /home/airflow/.local/lib/python3.7/site-packages/airflow/example_dags/example_sla_dag.py for tasks to queue
[2024-11-12T07:57:21.723+0000] {logging_mixin.py:137} INFO - [2024-11-12T07:57:21.722+0000] {dagbag.py:538} INFO - Filling up the DagBag from /home/airflow/.local/lib/python3.7/site-packages/airflow/example_dags/example_sla_dag.py
[2024-11-12T07:57:21.744+0000] {processor.py:753} INFO - DAG(s) dict_keys(['example_sla_dag']) retrieved from /home/airflow/.local/lib/python3.7/site-packages/airflow/example_dags/example_sla_dag.py
[2024-11-12T07:57:21.768+0000] {logging_mixin.py:137} INFO - [2024-11-12T07:57:21.768+0000] {dag.py:2690} INFO - Sync 1 DAGs
[2024-11-12T07:57:21.795+0000] {logging_mixin.py:137} INFO - [2024-11-12T07:57:21.795+0000] {dag.py:3441} INFO - Setting next_dagrun for example_sla_dag to 2024-11-12T07:54:00+00:00, run_after=2024-11-12T07:56:00+00:00
[2024-11-12T07:57:21.823+0000] {processor.py:175} INFO - Processing /home/airflow/.local/lib/python3.7/site-packages/airflow/example_dags/example_sla_dag.py took 0.115 seconds
[2024-11-12T07:57:51.875+0000] {processor.py:153} INFO - Started process (PID=538) to work on /home/airflow/.local/lib/python3.7/site-packages/airflow/example_dags/example_sla_dag.py
[2024-11-12T07:57:51.876+0000] {processor.py:743} INFO - Processing file /home/airflow/.local/lib/python3.7/site-packages/airflow/example_dags/example_sla_dag.py for tasks to queue
[2024-11-12T07:57:51.877+0000] {logging_mixin.py:137} INFO - [2024-11-12T07:57:51.877+0000] {dagbag.py:538} INFO - Filling up the DagBag from /home/airflow/.local/lib/python3.7/site-packages/airflow/example_dags/example_sla_dag.py
[2024-11-12T07:57:51.909+0000] {processor.py:753} INFO - DAG(s) dict_keys(['example_sla_dag']) retrieved from /home/airflow/.local/lib/python3.7/site-packages/airflow/example_dags/example_sla_dag.py
[2024-11-12T07:57:51.942+0000] {logging_mixin.py:137} INFO - [2024-11-12T07:57:51.942+0000] {dag.py:2690} INFO - Sync 1 DAGs
[2024-11-12T07:57:51.978+0000] {logging_mixin.py:137} INFO - [2024-11-12T07:57:51.978+0000] {dag.py:3441} INFO - Setting next_dagrun for example_sla_dag to 2024-11-12T07:54:00+00:00, run_after=2024-11-12T07:56:00+00:00
[2024-11-12T07:57:52.003+0000] {processor.py:175} INFO - Processing /home/airflow/.local/lib/python3.7/site-packages/airflow/example_dags/example_sla_dag.py took 0.132 seconds
[2024-11-12T07:58:22.217+0000] {processor.py:153} INFO - Started process (PID=625) to work on /home/airflow/.local/lib/python3.7/site-packages/airflow/example_dags/example_sla_dag.py
[2024-11-12T07:58:22.219+0000] {processor.py:743} INFO - Processing file /home/airflow/.local/lib/python3.7/site-packages/airflow/example_dags/example_sla_dag.py for tasks to queue
[2024-11-12T07:58:22.219+0000] {logging_mixin.py:137} INFO - [2024-11-12T07:58:22.219+0000] {dagbag.py:538} INFO - Filling up the DagBag from /home/airflow/.local/lib/python3.7/site-packages/airflow/example_dags/example_sla_dag.py
[2024-11-12T07:58:22.242+0000] {processor.py:753} INFO - DAG(s) dict_keys(['example_sla_dag']) retrieved from /home/airflow/.local/lib/python3.7/site-packages/airflow/example_dags/example_sla_dag.py
[2024-11-12T07:58:22.272+0000] {logging_mixin.py:137} INFO - [2024-11-12T07:58:22.272+0000] {dag.py:2690} INFO - Sync 1 DAGs
[2024-11-12T07:58:22.299+0000] {logging_mixin.py:137} INFO - [2024-11-12T07:58:22.299+0000] {dag.py:3441} INFO - Setting next_dagrun for example_sla_dag to 2024-11-12T07:56:00+00:00, run_after=2024-11-12T07:58:00+00:00
[2024-11-12T07:58:22.321+0000] {processor.py:175} INFO - Processing /home/airflow/.local/lib/python3.7/site-packages/airflow/example_dags/example_sla_dag.py took 0.107 seconds
[2024-11-12T07:58:53.122+0000] {processor.py:153} INFO - Started process (PID=696) to work on /home/airflow/.local/lib/python3.7/site-packages/airflow/example_dags/example_sla_dag.py
[2024-11-12T07:58:53.123+0000] {processor.py:743} INFO - Processing file /home/airflow/.local/lib/python3.7/site-packages/airflow/example_dags/example_sla_dag.py for tasks to queue
[2024-11-12T07:58:53.124+0000] {logging_mixin.py:137} INFO - [2024-11-12T07:58:53.123+0000] {dagbag.py:538} INFO - Filling up the DagBag from /home/airflow/.local/lib/python3.7/site-packages/airflow/example_dags/example_sla_dag.py
[2024-11-12T07:58:53.158+0000] {processor.py:753} INFO - DAG(s) dict_keys(['example_sla_dag']) retrieved from /home/airflow/.local/lib/python3.7/site-packages/airflow/example_dags/example_sla_dag.py
[2024-11-12T07:58:53.191+0000] {logging_mixin.py:137} INFO - [2024-11-12T07:58:53.191+0000] {dag.py:2690} INFO - Sync 1 DAGs
[2024-11-12T07:58:53.229+0000] {logging_mixin.py:137} INFO - [2024-11-12T07:58:53.229+0000] {dag.py:3441} INFO - Setting next_dagrun for example_sla_dag to 2024-11-12T07:56:00+00:00, run_after=2024-11-12T07:58:00+00:00
[2024-11-12T07:58:53.256+0000] {processor.py:175} INFO - Processing /home/airflow/.local/lib/python3.7/site-packages/airflow/example_dags/example_sla_dag.py took 0.137 seconds
[2024-11-12T07:59:23.318+0000] {processor.py:153} INFO - Started process (PID=785) to work on /home/airflow/.local/lib/python3.7/site-packages/airflow/example_dags/example_sla_dag.py
[2024-11-12T07:59:23.319+0000] {processor.py:743} INFO - Processing file /home/airflow/.local/lib/python3.7/site-packages/airflow/example_dags/example_sla_dag.py for tasks to queue
[2024-11-12T07:59:23.320+0000] {logging_mixin.py:137} INFO - [2024-11-12T07:59:23.320+0000] {dagbag.py:538} INFO - Filling up the DagBag from /home/airflow/.local/lib/python3.7/site-packages/airflow/example_dags/example_sla_dag.py
[2024-11-12T07:59:23.341+0000] {processor.py:753} INFO - DAG(s) dict_keys(['example_sla_dag']) retrieved from /home/airflow/.local/lib/python3.7/site-packages/airflow/example_dags/example_sla_dag.py
[2024-11-12T07:59:23.368+0000] {logging_mixin.py:137} INFO - [2024-11-12T07:59:23.368+0000] {dag.py:2690} INFO - Sync 1 DAGs
[2024-11-12T07:59:23.395+0000] {logging_mixin.py:137} INFO - [2024-11-12T07:59:23.394+0000] {dag.py:3441} INFO - Setting next_dagrun for example_sla_dag to 2024-11-12T07:56:00+00:00, run_after=2024-11-12T07:58:00+00:00
[2024-11-12T07:59:23.417+0000] {processor.py:175} INFO - Processing /home/airflow/.local/lib/python3.7/site-packages/airflow/example_dags/example_sla_dag.py took 0.102 seconds
[2024-11-12T07:59:53.512+0000] {processor.py:153} INFO - Started process (PID=856) to work on /home/airflow/.local/lib/python3.7/site-packages/airflow/example_dags/example_sla_dag.py
[2024-11-12T07:59:53.514+0000] {processor.py:743} INFO - Processing file /home/airflow/.local/lib/python3.7/site-packages/airflow/example_dags/example_sla_dag.py for tasks to queue
[2024-11-12T07:59:53.514+0000] {logging_mixin.py:137} INFO - [2024-11-12T07:59:53.514+0000] {dagbag.py:538} INFO - Filling up the DagBag from /home/airflow/.local/lib/python3.7/site-packages/airflow/example_dags/example_sla_dag.py
[2024-11-12T07:59:53.539+0000] {processor.py:753} INFO - DAG(s) dict_keys(['example_sla_dag']) retrieved from /home/airflow/.local/lib/python3.7/site-packages/airflow/example_dags/example_sla_dag.py
[2024-11-12T07:59:53.572+0000] {logging_mixin.py:137} INFO - [2024-11-12T07:59:53.572+0000] {dag.py:2690} INFO - Sync 1 DAGs
[2024-11-12T07:59:53.602+0000] {logging_mixin.py:137} INFO - [2024-11-12T07:59:53.602+0000] {dag.py:3441} INFO - Setting next_dagrun for example_sla_dag to 2024-11-12T07:56:00+00:00, run_after=2024-11-12T07:58:00+00:00
[2024-11-12T07:59:53.633+0000] {processor.py:175} INFO - Processing /home/airflow/.local/lib/python3.7/site-packages/airflow/example_dags/example_sla_dag.py took 0.123 seconds
[2024-11-12T08:00:23.679+0000] {processor.py:153} INFO - Started process (PID=943) to work on /home/airflow/.local/lib/python3.7/site-packages/airflow/example_dags/example_sla_dag.py
[2024-11-12T08:00:23.681+0000] {processor.py:743} INFO - Processing file /home/airflow/.local/lib/python3.7/site-packages/airflow/example_dags/example_sla_dag.py for tasks to queue
[2024-11-12T08:00:23.682+0000] {logging_mixin.py:137} INFO - [2024-11-12T08:00:23.681+0000] {dagbag.py:538} INFO - Filling up the DagBag from /home/airflow/.local/lib/python3.7/site-packages/airflow/example_dags/example_sla_dag.py
[2024-11-12T08:00:23.704+0000] {processor.py:753} INFO - DAG(s) dict_keys(['example_sla_dag']) retrieved from /home/airflow/.local/lib/python3.7/site-packages/airflow/example_dags/example_sla_dag.py
[2024-11-12T08:00:23.729+0000] {logging_mixin.py:137} INFO - [2024-11-12T08:00:23.729+0000] {dag.py:2690} INFO - Sync 1 DAGs
[2024-11-12T08:00:23.754+0000] {logging_mixin.py:137} INFO - [2024-11-12T08:00:23.754+0000] {dag.py:3441} INFO - Setting next_dagrun for example_sla_dag to 2024-11-12T07:58:00+00:00, run_after=2024-11-12T08:00:00+00:00
[2024-11-12T08:00:23.775+0000] {processor.py:175} INFO - Processing /home/airflow/.local/lib/python3.7/site-packages/airflow/example_dags/example_sla_dag.py took 0.099 seconds
[2024-11-12T08:00:54.521+0000] {processor.py:153} INFO - Started process (PID=1014) to work on /home/airflow/.local/lib/python3.7/site-packages/airflow/example_dags/example_sla_dag.py
[2024-11-12T08:00:54.523+0000] {processor.py:743} INFO - Processing file /home/airflow/.local/lib/python3.7/site-packages/airflow/example_dags/example_sla_dag.py for tasks to queue
[2024-11-12T08:00:54.523+0000] {logging_mixin.py:137} INFO - [2024-11-12T08:00:54.523+0000] {dagbag.py:538} INFO - Filling up the DagBag from /home/airflow/.local/lib/python3.7/site-packages/airflow/example_dags/example_sla_dag.py
[2024-11-12T08:00:54.547+0000] {processor.py:753} INFO - DAG(s) dict_keys(['example_sla_dag']) retrieved from /home/airflow/.local/lib/python3.7/site-packages/airflow/example_dags/example_sla_dag.py
[2024-11-12T08:00:54.574+0000] {logging_mixin.py:137} INFO - [2024-11-12T08:00:54.573+0000] {dag.py:2690} INFO - Sync 1 DAGs
[2024-11-12T08:00:54.599+0000] {logging_mixin.py:137} INFO - [2024-11-12T08:00:54.599+0000] {dag.py:3441} INFO - Setting next_dagrun for example_sla_dag to 2024-11-12T07:58:00+00:00, run_after=2024-11-12T08:00:00+00:00
[2024-11-12T08:00:54.621+0000] {processor.py:175} INFO - Processing /home/airflow/.local/lib/python3.7/site-packages/airflow/example_dags/example_sla_dag.py took 0.103 seconds
[2024-11-12T08:01:25.558+0000] {processor.py:153} INFO - Started process (PID=1101) to work on /home/airflow/.local/lib/python3.7/site-packages/airflow/example_dags/example_sla_dag.py
[2024-11-12T08:01:25.559+0000] {processor.py:743} INFO - Processing file /home/airflow/.local/lib/python3.7/site-packages/airflow/example_dags/example_sla_dag.py for tasks to queue
[2024-11-12T08:01:25.560+0000] {logging_mixin.py:137} INFO - [2024-11-12T08:01:25.560+0000] {dagbag.py:538} INFO - Filling up the DagBag from /home/airflow/.local/lib/python3.7/site-packages/airflow/example_dags/example_sla_dag.py
[2024-11-12T08:01:25.586+0000] {processor.py:753} INFO - DAG(s) dict_keys(['example_sla_dag']) retrieved from /home/airflow/.local/lib/python3.7/site-packages/airflow/example_dags/example_sla_dag.py
[2024-11-12T08:01:25.615+0000] {logging_mixin.py:137} INFO - [2024-11-12T08:01:25.615+0000] {dag.py:2690} INFO - Sync 1 DAGs
[2024-11-12T08:01:25.646+0000] {logging_mixin.py:137} INFO - [2024-11-12T08:01:25.645+0000] {dag.py:3441} INFO - Setting next_dagrun for example_sla_dag to 2024-11-12T07:58:00+00:00, run_after=2024-11-12T08:00:00+00:00
[2024-11-12T08:01:25.667+0000] {processor.py:175} INFO - Processing /home/airflow/.local/lib/python3.7/site-packages/airflow/example_dags/example_sla_dag.py took 0.113 seconds
[2024-11-12T08:02:38.730+0000] {processor.py:153} INFO - Started process (PID=62) to work on /home/airflow/.local/lib/python3.7/site-packages/airflow/example_dags/example_sla_dag.py
[2024-11-12T08:02:38.731+0000] {processor.py:743} INFO - Processing file /home/airflow/.local/lib/python3.7/site-packages/airflow/example_dags/example_sla_dag.py for tasks to queue
[2024-11-12T08:02:38.733+0000] {logging_mixin.py:137} INFO - [2024-11-12T08:02:38.733+0000] {dagbag.py:538} INFO - Filling up the DagBag from /home/airflow/.local/lib/python3.7/site-packages/airflow/example_dags/example_sla_dag.py
[2024-11-12T08:02:38.773+0000] {processor.py:753} INFO - DAG(s) dict_keys(['example_sla_dag']) retrieved from /home/airflow/.local/lib/python3.7/site-packages/airflow/example_dags/example_sla_dag.py
[2024-11-12T08:02:38.789+0000] {logging_mixin.py:137} INFO - [2024-11-12T08:02:38.789+0000] {dag.py:2690} INFO - Sync 1 DAGs
[2024-11-12T08:02:38.826+0000] {logging_mixin.py:137} INFO - [2024-11-12T08:02:38.825+0000] {dag.py:3441} INFO - Setting next_dagrun for example_sla_dag to 2024-11-12T08:00:00+00:00, run_after=2024-11-12T08:02:00+00:00
[2024-11-12T08:02:38.864+0000] {processor.py:175} INFO - Processing /home/airflow/.local/lib/python3.7/site-packages/airflow/example_dags/example_sla_dag.py took 0.140 seconds
[2024-11-12T08:03:09.757+0000] {processor.py:153} INFO - Started process (PID=149) to work on /home/airflow/.local/lib/python3.7/site-packages/airflow/example_dags/example_sla_dag.py
[2024-11-12T08:03:09.759+0000] {processor.py:743} INFO - Processing file /home/airflow/.local/lib/python3.7/site-packages/airflow/example_dags/example_sla_dag.py for tasks to queue
[2024-11-12T08:03:09.760+0000] {logging_mixin.py:137} INFO - [2024-11-12T08:03:09.759+0000] {dagbag.py:538} INFO - Filling up the DagBag from /home/airflow/.local/lib/python3.7/site-packages/airflow/example_dags/example_sla_dag.py
[2024-11-12T08:03:09.794+0000] {processor.py:753} INFO - DAG(s) dict_keys(['example_sla_dag']) retrieved from /home/airflow/.local/lib/python3.7/site-packages/airflow/example_dags/example_sla_dag.py
[2024-11-12T08:03:09.826+0000] {logging_mixin.py:137} INFO - [2024-11-12T08:03:09.826+0000] {dag.py:2690} INFO - Sync 1 DAGs
[2024-11-12T08:03:09.857+0000] {logging_mixin.py:137} INFO - [2024-11-12T08:03:09.857+0000] {dag.py:3441} INFO - Setting next_dagrun for example_sla_dag to 2024-11-12T08:00:00+00:00, run_after=2024-11-12T08:02:00+00:00
[2024-11-12T08:03:09.880+0000] {processor.py:175} INFO - Processing /home/airflow/.local/lib/python3.7/site-packages/airflow/example_dags/example_sla_dag.py took 0.128 seconds
[2024-11-12T08:03:40.286+0000] {processor.py:153} INFO - Started process (PID=220) to work on /home/airflow/.local/lib/python3.7/site-packages/airflow/example_dags/example_sla_dag.py
[2024-11-12T08:03:40.287+0000] {processor.py:743} INFO - Processing file /home/airflow/.local/lib/python3.7/site-packages/airflow/example_dags/example_sla_dag.py for tasks to queue
[2024-11-12T08:03:40.288+0000] {logging_mixin.py:137} INFO - [2024-11-12T08:03:40.288+0000] {dagbag.py:538} INFO - Filling up the DagBag from /home/airflow/.local/lib/python3.7/site-packages/airflow/example_dags/example_sla_dag.py
[2024-11-12T08:03:40.320+0000] {processor.py:753} INFO - DAG(s) dict_keys(['example_sla_dag']) retrieved from /home/airflow/.local/lib/python3.7/site-packages/airflow/example_dags/example_sla_dag.py
[2024-11-12T08:03:40.344+0000] {logging_mixin.py:137} INFO - [2024-11-12T08:03:40.344+0000] {dag.py:2690} INFO - Sync 1 DAGs
[2024-11-12T08:03:40.372+0000] {logging_mixin.py:137} INFO - [2024-11-12T08:03:40.371+0000] {dag.py:3441} INFO - Setting next_dagrun for example_sla_dag to 2024-11-12T08:00:00+00:00, run_after=2024-11-12T08:02:00+00:00
[2024-11-12T08:03:40.393+0000] {processor.py:175} INFO - Processing /home/airflow/.local/lib/python3.7/site-packages/airflow/example_dags/example_sla_dag.py took 0.112 seconds
[2024-11-12T08:04:11.030+0000] {processor.py:153} INFO - Started process (PID=307) to work on /home/airflow/.local/lib/python3.7/site-packages/airflow/example_dags/example_sla_dag.py
[2024-11-12T08:04:11.031+0000] {processor.py:743} INFO - Processing file /home/airflow/.local/lib/python3.7/site-packages/airflow/example_dags/example_sla_dag.py for tasks to queue
[2024-11-12T08:04:11.032+0000] {logging_mixin.py:137} INFO - [2024-11-12T08:04:11.032+0000] {dagbag.py:538} INFO - Filling up the DagBag from /home/airflow/.local/lib/python3.7/site-packages/airflow/example_dags/example_sla_dag.py
[2024-11-12T08:04:11.059+0000] {processor.py:753} INFO - DAG(s) dict_keys(['example_sla_dag']) retrieved from /home/airflow/.local/lib/python3.7/site-packages/airflow/example_dags/example_sla_dag.py
[2024-11-12T08:04:11.087+0000] {logging_mixin.py:137} INFO - [2024-11-12T08:04:11.087+0000] {dag.py:2690} INFO - Sync 1 DAGs
[2024-11-12T08:04:11.116+0000] {logging_mixin.py:137} INFO - [2024-11-12T08:04:11.116+0000] {dag.py:3441} INFO - Setting next_dagrun for example_sla_dag to 2024-11-12T08:02:00+00:00, run_after=2024-11-12T08:04:00+00:00
[2024-11-12T08:04:11.141+0000] {processor.py:175} INFO - Processing /home/airflow/.local/lib/python3.7/site-packages/airflow/example_dags/example_sla_dag.py took 0.115 seconds
[2024-11-12T08:04:41.867+0000] {processor.py:153} INFO - Started process (PID=378) to work on /home/airflow/.local/lib/python3.7/site-packages/airflow/example_dags/example_sla_dag.py
[2024-11-12T08:04:41.868+0000] {processor.py:743} INFO - Processing file /home/airflow/.local/lib/python3.7/site-packages/airflow/example_dags/example_sla_dag.py for tasks to queue
[2024-11-12T08:04:41.869+0000] {logging_mixin.py:137} INFO - [2024-11-12T08:04:41.869+0000] {dagbag.py:538} INFO - Filling up the DagBag from /home/airflow/.local/lib/python3.7/site-packages/airflow/example_dags/example_sla_dag.py
[2024-11-12T08:04:41.897+0000] {processor.py:753} INFO - DAG(s) dict_keys(['example_sla_dag']) retrieved from /home/airflow/.local/lib/python3.7/site-packages/airflow/example_dags/example_sla_dag.py
[2024-11-12T08:04:41.926+0000] {logging_mixin.py:137} INFO - [2024-11-12T08:04:41.925+0000] {dag.py:2690} INFO - Sync 1 DAGs
[2024-11-12T08:04:41.966+0000] {logging_mixin.py:137} INFO - [2024-11-12T08:04:41.966+0000] {dag.py:3441} INFO - Setting next_dagrun for example_sla_dag to 2024-11-12T08:02:00+00:00, run_after=2024-11-12T08:04:00+00:00
[2024-11-12T08:04:41.995+0000] {processor.py:175} INFO - Processing /home/airflow/.local/lib/python3.7/site-packages/airflow/example_dags/example_sla_dag.py took 0.132 seconds
[2024-11-12T08:05:12.126+0000] {processor.py:153} INFO - Started process (PID=465) to work on /home/airflow/.local/lib/python3.7/site-packages/airflow/example_dags/example_sla_dag.py
[2024-11-12T08:05:12.127+0000] {processor.py:743} INFO - Processing file /home/airflow/.local/lib/python3.7/site-packages/airflow/example_dags/example_sla_dag.py for tasks to queue
[2024-11-12T08:05:12.128+0000] {logging_mixin.py:137} INFO - [2024-11-12T08:05:12.128+0000] {dagbag.py:538} INFO - Filling up the DagBag from /home/airflow/.local/lib/python3.7/site-packages/airflow/example_dags/example_sla_dag.py
[2024-11-12T08:05:12.149+0000] {processor.py:753} INFO - DAG(s) dict_keys(['example_sla_dag']) retrieved from /home/airflow/.local/lib/python3.7/site-packages/airflow/example_dags/example_sla_dag.py
[2024-11-12T08:05:12.179+0000] {logging_mixin.py:137} INFO - [2024-11-12T08:05:12.179+0000] {dag.py:2690} INFO - Sync 1 DAGs
[2024-11-12T08:05:12.208+0000] {logging_mixin.py:137} INFO - [2024-11-12T08:05:12.208+0000] {dag.py:3441} INFO - Setting next_dagrun for example_sla_dag to 2024-11-12T08:02:00+00:00, run_after=2024-11-12T08:04:00+00:00
[2024-11-12T08:05:12.230+0000] {processor.py:175} INFO - Processing /home/airflow/.local/lib/python3.7/site-packages/airflow/example_dags/example_sla_dag.py took 0.107 seconds
[2024-11-12T08:05:43.022+0000] {processor.py:153} INFO - Started process (PID=536) to work on /home/airflow/.local/lib/python3.7/site-packages/airflow/example_dags/example_sla_dag.py
[2024-11-12T08:05:43.023+0000] {processor.py:743} INFO - Processing file /home/airflow/.local/lib/python3.7/site-packages/airflow/example_dags/example_sla_dag.py for tasks to queue
[2024-11-12T08:05:43.024+0000] {logging_mixin.py:137} INFO - [2024-11-12T08:05:43.024+0000] {dagbag.py:538} INFO - Filling up the DagBag from /home/airflow/.local/lib/python3.7/site-packages/airflow/example_dags/example_sla_dag.py
[2024-11-12T08:05:43.046+0000] {processor.py:753} INFO - DAG(s) dict_keys(['example_sla_dag']) retrieved from /home/airflow/.local/lib/python3.7/site-packages/airflow/example_dags/example_sla_dag.py
[2024-11-12T08:05:43.072+0000] {logging_mixin.py:137} INFO - [2024-11-12T08:05:43.071+0000] {dag.py:2690} INFO - Sync 1 DAGs
[2024-11-12T08:05:43.096+0000] {logging_mixin.py:137} INFO - [2024-11-12T08:05:43.096+0000] {dag.py:3441} INFO - Setting next_dagrun for example_sla_dag to 2024-11-12T08:02:00+00:00, run_after=2024-11-12T08:04:00+00:00
[2024-11-12T08:05:43.117+0000] {processor.py:175} INFO - Processing /home/airflow/.local/lib/python3.7/site-packages/airflow/example_dags/example_sla_dag.py took 0.098 seconds
[2024-11-12T08:06:14.642+0000] {processor.py:153} INFO - Started process (PID=623) to work on /home/airflow/.local/lib/python3.7/site-packages/airflow/example_dags/example_sla_dag.py
[2024-11-12T08:06:14.644+0000] {processor.py:743} INFO - Processing file /home/airflow/.local/lib/python3.7/site-packages/airflow/example_dags/example_sla_dag.py for tasks to queue
[2024-11-12T08:06:14.645+0000] {logging_mixin.py:137} INFO - [2024-11-12T08:06:14.645+0000] {dagbag.py:538} INFO - Filling up the DagBag from /home/airflow/.local/lib/python3.7/site-packages/airflow/example_dags/example_sla_dag.py
[2024-11-12T08:06:14.676+0000] {processor.py:753} INFO - DAG(s) dict_keys(['example_sla_dag']) retrieved from /home/airflow/.local/lib/python3.7/site-packages/airflow/example_dags/example_sla_dag.py
[2024-11-12T08:06:14.709+0000] {logging_mixin.py:137} INFO - [2024-11-12T08:06:14.709+0000] {dag.py:2690} INFO - Sync 1 DAGs
[2024-11-12T08:06:14.746+0000] {logging_mixin.py:137} INFO - [2024-11-12T08:06:14.746+0000] {dag.py:3441} INFO - Setting next_dagrun for example_sla_dag to 2024-11-12T08:04:00+00:00, run_after=2024-11-12T08:06:00+00:00
[2024-11-12T08:06:14.773+0000] {processor.py:175} INFO - Processing /home/airflow/.local/lib/python3.7/site-packages/airflow/example_dags/example_sla_dag.py took 0.138 seconds
[2024-11-12T08:06:45.273+0000] {processor.py:153} INFO - Started process (PID=694) to work on /home/airflow/.local/lib/python3.7/site-packages/airflow/example_dags/example_sla_dag.py
[2024-11-12T08:06:45.274+0000] {processor.py:743} INFO - Processing file /home/airflow/.local/lib/python3.7/site-packages/airflow/example_dags/example_sla_dag.py for tasks to queue
[2024-11-12T08:06:45.275+0000] {logging_mixin.py:137} INFO - [2024-11-12T08:06:45.275+0000] {dagbag.py:538} INFO - Filling up the DagBag from /home/airflow/.local/lib/python3.7/site-packages/airflow/example_dags/example_sla_dag.py
[2024-11-12T08:06:45.297+0000] {processor.py:753} INFO - DAG(s) dict_keys(['example_sla_dag']) retrieved from /home/airflow/.local/lib/python3.7/site-packages/airflow/example_dags/example_sla_dag.py
[2024-11-12T08:06:45.321+0000] {logging_mixin.py:137} INFO - [2024-11-12T08:06:45.321+0000] {dag.py:2690} INFO - Sync 1 DAGs
[2024-11-12T08:06:45.347+0000] {logging_mixin.py:137} INFO - [2024-11-12T08:06:45.347+0000] {dag.py:3441} INFO - Setting next_dagrun for example_sla_dag to 2024-11-12T08:04:00+00:00, run_after=2024-11-12T08:06:00+00:00
[2024-11-12T08:06:45.373+0000] {processor.py:175} INFO - Processing /home/airflow/.local/lib/python3.7/site-packages/airflow/example_dags/example_sla_dag.py took 0.103 seconds
[2024-11-12T08:07:15.781+0000] {processor.py:153} INFO - Started process (PID=781) to work on /home/airflow/.local/lib/python3.7/site-packages/airflow/example_dags/example_sla_dag.py
[2024-11-12T08:07:15.783+0000] {processor.py:743} INFO - Processing file /home/airflow/.local/lib/python3.7/site-packages/airflow/example_dags/example_sla_dag.py for tasks to queue
[2024-11-12T08:07:15.785+0000] {logging_mixin.py:137} INFO - [2024-11-12T08:07:15.784+0000] {dagbag.py:538} INFO - Filling up the DagBag from /home/airflow/.local/lib/python3.7/site-packages/airflow/example_dags/example_sla_dag.py
[2024-11-12T08:07:15.822+0000] {processor.py:753} INFO - DAG(s) dict_keys(['example_sla_dag']) retrieved from /home/airflow/.local/lib/python3.7/site-packages/airflow/example_dags/example_sla_dag.py
[2024-11-12T08:07:15.869+0000] {logging_mixin.py:137} INFO - [2024-11-12T08:07:15.869+0000] {dag.py:2690} INFO - Sync 1 DAGs
[2024-11-12T08:07:15.908+0000] {logging_mixin.py:137} INFO - [2024-11-12T08:07:15.908+0000] {dag.py:3441} INFO - Setting next_dagrun for example_sla_dag to 2024-11-12T08:04:00+00:00, run_after=2024-11-12T08:06:00+00:00
[2024-11-12T08:07:15.933+0000] {processor.py:175} INFO - Processing /home/airflow/.local/lib/python3.7/site-packages/airflow/example_dags/example_sla_dag.py took 0.159 seconds
[2024-11-12T08:07:46.219+0000] {processor.py:153} INFO - Started process (PID=852) to work on /home/airflow/.local/lib/python3.7/site-packages/airflow/example_dags/example_sla_dag.py
[2024-11-12T08:07:46.220+0000] {processor.py:743} INFO - Processing file /home/airflow/.local/lib/python3.7/site-packages/airflow/example_dags/example_sla_dag.py for tasks to queue
[2024-11-12T08:07:46.221+0000] {logging_mixin.py:137} INFO - [2024-11-12T08:07:46.221+0000] {dagbag.py:538} INFO - Filling up the DagBag from /home/airflow/.local/lib/python3.7/site-packages/airflow/example_dags/example_sla_dag.py
[2024-11-12T08:07:46.242+0000] {processor.py:753} INFO - DAG(s) dict_keys(['example_sla_dag']) retrieved from /home/airflow/.local/lib/python3.7/site-packages/airflow/example_dags/example_sla_dag.py
[2024-11-12T08:07:46.264+0000] {logging_mixin.py:137} INFO - [2024-11-12T08:07:46.264+0000] {dag.py:2690} INFO - Sync 1 DAGs
[2024-11-12T08:07:46.288+0000] {logging_mixin.py:137} INFO - [2024-11-12T08:07:46.288+0000] {dag.py:3441} INFO - Setting next_dagrun for example_sla_dag to 2024-11-12T08:04:00+00:00, run_after=2024-11-12T08:06:00+00:00
[2024-11-12T08:07:46.307+0000] {processor.py:175} INFO - Processing /home/airflow/.local/lib/python3.7/site-packages/airflow/example_dags/example_sla_dag.py took 0.091 seconds
[2024-11-12T08:08:16.371+0000] {processor.py:153} INFO - Started process (PID=923) to work on /home/airflow/.local/lib/python3.7/site-packages/airflow/example_dags/example_sla_dag.py
[2024-11-12T08:08:16.372+0000] {processor.py:743} INFO - Processing file /home/airflow/.local/lib/python3.7/site-packages/airflow/example_dags/example_sla_dag.py for tasks to queue
[2024-11-12T08:08:16.373+0000] {logging_mixin.py:137} INFO - [2024-11-12T08:08:16.373+0000] {dagbag.py:538} INFO - Filling up the DagBag from /home/airflow/.local/lib/python3.7/site-packages/airflow/example_dags/example_sla_dag.py
[2024-11-12T08:08:16.394+0000] {processor.py:753} INFO - DAG(s) dict_keys(['example_sla_dag']) retrieved from /home/airflow/.local/lib/python3.7/site-packages/airflow/example_dags/example_sla_dag.py
[2024-11-12T08:08:16.418+0000] {logging_mixin.py:137} INFO - [2024-11-12T08:08:16.418+0000] {dag.py:2690} INFO - Sync 1 DAGs
[2024-11-12T08:08:16.447+0000] {logging_mixin.py:137} INFO - [2024-11-12T08:08:16.447+0000] {dag.py:3441} INFO - Setting next_dagrun for example_sla_dag to 2024-11-12T08:06:00+00:00, run_after=2024-11-12T08:08:00+00:00
[2024-11-12T08:08:16.468+0000] {processor.py:175} INFO - Processing /home/airflow/.local/lib/python3.7/site-packages/airflow/example_dags/example_sla_dag.py took 0.101 seconds
[2024-11-12T08:08:46.950+0000] {processor.py:153} INFO - Started process (PID=994) to work on /home/airflow/.local/lib/python3.7/site-packages/airflow/example_dags/example_sla_dag.py
[2024-11-12T08:08:46.951+0000] {processor.py:743} INFO - Processing file /home/airflow/.local/lib/python3.7/site-packages/airflow/example_dags/example_sla_dag.py for tasks to queue
[2024-11-12T08:08:46.952+0000] {logging_mixin.py:137} INFO - [2024-11-12T08:08:46.952+0000] {dagbag.py:538} INFO - Filling up the DagBag from /home/airflow/.local/lib/python3.7/site-packages/airflow/example_dags/example_sla_dag.py
[2024-11-12T08:08:46.974+0000] {processor.py:753} INFO - DAG(s) dict_keys(['example_sla_dag']) retrieved from /home/airflow/.local/lib/python3.7/site-packages/airflow/example_dags/example_sla_dag.py
[2024-11-12T08:08:46.999+0000] {logging_mixin.py:137} INFO - [2024-11-12T08:08:46.999+0000] {dag.py:2690} INFO - Sync 1 DAGs
[2024-11-12T08:08:47.024+0000] {logging_mixin.py:137} INFO - [2024-11-12T08:08:47.024+0000] {dag.py:3441} INFO - Setting next_dagrun for example_sla_dag to 2024-11-12T08:06:00+00:00, run_after=2024-11-12T08:08:00+00:00
[2024-11-12T08:08:47.046+0000] {processor.py:175} INFO - Processing /home/airflow/.local/lib/python3.7/site-packages/airflow/example_dags/example_sla_dag.py took 0.099 seconds
[2024-11-12T08:09:18.297+0000] {processor.py:153} INFO - Started process (PID=1081) to work on /home/airflow/.local/lib/python3.7/site-packages/airflow/example_dags/example_sla_dag.py
[2024-11-12T08:09:18.298+0000] {processor.py:743} INFO - Processing file /home/airflow/.local/lib/python3.7/site-packages/airflow/example_dags/example_sla_dag.py for tasks to queue
[2024-11-12T08:09:18.299+0000] {logging_mixin.py:137} INFO - [2024-11-12T08:09:18.299+0000] {dagbag.py:538} INFO - Filling up the DagBag from /home/airflow/.local/lib/python3.7/site-packages/airflow/example_dags/example_sla_dag.py
[2024-11-12T08:09:18.332+0000] {processor.py:753} INFO - DAG(s) dict_keys(['example_sla_dag']) retrieved from /home/airflow/.local/lib/python3.7/site-packages/airflow/example_dags/example_sla_dag.py
[2024-11-12T08:09:18.362+0000] {logging_mixin.py:137} INFO - [2024-11-12T08:09:18.362+0000] {dag.py:2690} INFO - Sync 1 DAGs
[2024-11-12T08:09:18.394+0000] {logging_mixin.py:137} INFO - [2024-11-12T08:09:18.394+0000] {dag.py:3441} INFO - Setting next_dagrun for example_sla_dag to 2024-11-12T08:06:00+00:00, run_after=2024-11-12T08:08:00+00:00
[2024-11-12T08:09:18.424+0000] {processor.py:175} INFO - Processing /home/airflow/.local/lib/python3.7/site-packages/airflow/example_dags/example_sla_dag.py took 0.131 seconds
[2024-11-12T08:09:48.644+0000] {processor.py:153} INFO - Started process (PID=1153) to work on /home/airflow/.local/lib/python3.7/site-packages/airflow/example_dags/example_sla_dag.py
[2024-11-12T08:09:48.645+0000] {processor.py:743} INFO - Processing file /home/airflow/.local/lib/python3.7/site-packages/airflow/example_dags/example_sla_dag.py for tasks to queue
[2024-11-12T08:09:48.646+0000] {logging_mixin.py:137} INFO - [2024-11-12T08:09:48.646+0000] {dagbag.py:538} INFO - Filling up the DagBag from /home/airflow/.local/lib/python3.7/site-packages/airflow/example_dags/example_sla_dag.py
[2024-11-12T08:09:48.669+0000] {processor.py:753} INFO - DAG(s) dict_keys(['example_sla_dag']) retrieved from /home/airflow/.local/lib/python3.7/site-packages/airflow/example_dags/example_sla_dag.py
[2024-11-12T08:09:48.694+0000] {logging_mixin.py:137} INFO - [2024-11-12T08:09:48.694+0000] {dag.py:2690} INFO - Sync 1 DAGs
[2024-11-12T08:09:48.722+0000] {logging_mixin.py:137} INFO - [2024-11-12T08:09:48.722+0000] {dag.py:3441} INFO - Setting next_dagrun for example_sla_dag to 2024-11-12T08:06:00+00:00, run_after=2024-11-12T08:08:00+00:00
[2024-11-12T08:09:48.743+0000] {processor.py:175} INFO - Processing /home/airflow/.local/lib/python3.7/site-packages/airflow/example_dags/example_sla_dag.py took 0.102 seconds
[2024-11-12T08:10:19.179+0000] {processor.py:153} INFO - Started process (PID=1224) to work on /home/airflow/.local/lib/python3.7/site-packages/airflow/example_dags/example_sla_dag.py
[2024-11-12T08:10:19.181+0000] {processor.py:743} INFO - Processing file /home/airflow/.local/lib/python3.7/site-packages/airflow/example_dags/example_sla_dag.py for tasks to queue
[2024-11-12T08:10:19.181+0000] {logging_mixin.py:137} INFO - [2024-11-12T08:10:19.181+0000] {dagbag.py:538} INFO - Filling up the DagBag from /home/airflow/.local/lib/python3.7/site-packages/airflow/example_dags/example_sla_dag.py
[2024-11-12T08:10:19.207+0000] {processor.py:753} INFO - DAG(s) dict_keys(['example_sla_dag']) retrieved from /home/airflow/.local/lib/python3.7/site-packages/airflow/example_dags/example_sla_dag.py
[2024-11-12T08:10:19.231+0000] {logging_mixin.py:137} INFO - [2024-11-12T08:10:19.231+0000] {dag.py:2690} INFO - Sync 1 DAGs
[2024-11-12T08:10:19.258+0000] {logging_mixin.py:137} INFO - [2024-11-12T08:10:19.258+0000] {dag.py:3441} INFO - Setting next_dagrun for example_sla_dag to 2024-11-12T08:08:00+00:00, run_after=2024-11-12T08:10:00+00:00
[2024-11-12T08:10:19.279+0000] {processor.py:175} INFO - Processing /home/airflow/.local/lib/python3.7/site-packages/airflow/example_dags/example_sla_dag.py took 0.103 seconds
[2024-11-12T08:10:49.327+0000] {processor.py:153} INFO - Started process (PID=1311) to work on /home/airflow/.local/lib/python3.7/site-packages/airflow/example_dags/example_sla_dag.py
[2024-11-12T08:10:49.328+0000] {processor.py:743} INFO - Processing file /home/airflow/.local/lib/python3.7/site-packages/airflow/example_dags/example_sla_dag.py for tasks to queue
[2024-11-12T08:10:49.329+0000] {logging_mixin.py:137} INFO - [2024-11-12T08:10:49.329+0000] {dagbag.py:538} INFO - Filling up the DagBag from /home/airflow/.local/lib/python3.7/site-packages/airflow/example_dags/example_sla_dag.py
[2024-11-12T08:10:49.351+0000] {processor.py:753} INFO - DAG(s) dict_keys(['example_sla_dag']) retrieved from /home/airflow/.local/lib/python3.7/site-packages/airflow/example_dags/example_sla_dag.py
[2024-11-12T08:10:49.378+0000] {logging_mixin.py:137} INFO - [2024-11-12T08:10:49.378+0000] {dag.py:2690} INFO - Sync 1 DAGs
[2024-11-12T08:10:49.406+0000] {logging_mixin.py:137} INFO - [2024-11-12T08:10:49.406+0000] {dag.py:3441} INFO - Setting next_dagrun for example_sla_dag to 2024-11-12T08:08:00+00:00, run_after=2024-11-12T08:10:00+00:00
[2024-11-12T08:10:49.428+0000] {processor.py:175} INFO - Processing /home/airflow/.local/lib/python3.7/site-packages/airflow/example_dags/example_sla_dag.py took 0.105 seconds
[2024-11-12T08:11:19.614+0000] {processor.py:153} INFO - Started process (PID=1382) to work on /home/airflow/.local/lib/python3.7/site-packages/airflow/example_dags/example_sla_dag.py
[2024-11-12T08:11:19.615+0000] {processor.py:743} INFO - Processing file /home/airflow/.local/lib/python3.7/site-packages/airflow/example_dags/example_sla_dag.py for tasks to queue
[2024-11-12T08:11:19.616+0000] {logging_mixin.py:137} INFO - [2024-11-12T08:11:19.615+0000] {dagbag.py:538} INFO - Filling up the DagBag from /home/airflow/.local/lib/python3.7/site-packages/airflow/example_dags/example_sla_dag.py
[2024-11-12T08:11:19.637+0000] {processor.py:753} INFO - DAG(s) dict_keys(['example_sla_dag']) retrieved from /home/airflow/.local/lib/python3.7/site-packages/airflow/example_dags/example_sla_dag.py
[2024-11-12T08:11:19.663+0000] {logging_mixin.py:137} INFO - [2024-11-12T08:11:19.663+0000] {dag.py:2690} INFO - Sync 1 DAGs
[2024-11-12T08:11:19.688+0000] {logging_mixin.py:137} INFO - [2024-11-12T08:11:19.688+0000] {dag.py:3441} INFO - Setting next_dagrun for example_sla_dag to 2024-11-12T08:08:00+00:00, run_after=2024-11-12T08:10:00+00:00
[2024-11-12T08:11:19.709+0000] {processor.py:175} INFO - Processing /home/airflow/.local/lib/python3.7/site-packages/airflow/example_dags/example_sla_dag.py took 0.099 seconds
[2024-11-12T08:11:50.649+0000] {processor.py:153} INFO - Started process (PID=1470) to work on /home/airflow/.local/lib/python3.7/site-packages/airflow/example_dags/example_sla_dag.py
[2024-11-12T08:11:50.650+0000] {processor.py:743} INFO - Processing file /home/airflow/.local/lib/python3.7/site-packages/airflow/example_dags/example_sla_dag.py for tasks to queue
[2024-11-12T08:11:50.651+0000] {logging_mixin.py:137} INFO - [2024-11-12T08:11:50.651+0000] {dagbag.py:538} INFO - Filling up the DagBag from /home/airflow/.local/lib/python3.7/site-packages/airflow/example_dags/example_sla_dag.py
[2024-11-12T08:11:50.672+0000] {processor.py:753} INFO - DAG(s) dict_keys(['example_sla_dag']) retrieved from /home/airflow/.local/lib/python3.7/site-packages/airflow/example_dags/example_sla_dag.py
[2024-11-12T08:11:50.698+0000] {logging_mixin.py:137} INFO - [2024-11-12T08:11:50.697+0000] {dag.py:2690} INFO - Sync 1 DAGs
[2024-11-12T08:11:50.728+0000] {logging_mixin.py:137} INFO - [2024-11-12T08:11:50.727+0000] {dag.py:3441} INFO - Setting next_dagrun for example_sla_dag to 2024-11-12T08:08:00+00:00, run_after=2024-11-12T08:10:00+00:00
[2024-11-12T08:11:50.753+0000] {processor.py:175} INFO - Processing /home/airflow/.local/lib/python3.7/site-packages/airflow/example_dags/example_sla_dag.py took 0.108 seconds
[2024-11-12T08:12:21.340+0000] {processor.py:153} INFO - Started process (PID=1541) to work on /home/airflow/.local/lib/python3.7/site-packages/airflow/example_dags/example_sla_dag.py
[2024-11-12T08:12:21.341+0000] {processor.py:743} INFO - Processing file /home/airflow/.local/lib/python3.7/site-packages/airflow/example_dags/example_sla_dag.py for tasks to queue
[2024-11-12T08:12:21.342+0000] {logging_mixin.py:137} INFO - [2024-11-12T08:12:21.342+0000] {dagbag.py:538} INFO - Filling up the DagBag from /home/airflow/.local/lib/python3.7/site-packages/airflow/example_dags/example_sla_dag.py
[2024-11-12T08:12:21.363+0000] {processor.py:753} INFO - DAG(s) dict_keys(['example_sla_dag']) retrieved from /home/airflow/.local/lib/python3.7/site-packages/airflow/example_dags/example_sla_dag.py
[2024-11-12T08:12:21.389+0000] {logging_mixin.py:137} INFO - [2024-11-12T08:12:21.389+0000] {dag.py:2690} INFO - Sync 1 DAGs
[2024-11-12T08:12:21.416+0000] {logging_mixin.py:137} INFO - [2024-11-12T08:12:21.415+0000] {dag.py:3441} INFO - Setting next_dagrun for example_sla_dag to 2024-11-12T08:10:00+00:00, run_after=2024-11-12T08:12:00+00:00
[2024-11-12T08:12:21.439+0000] {processor.py:175} INFO - Processing /home/airflow/.local/lib/python3.7/site-packages/airflow/example_dags/example_sla_dag.py took 0.102 seconds
[2024-11-12T08:12:52.007+0000] {processor.py:153} INFO - Started process (PID=1628) to work on /home/airflow/.local/lib/python3.7/site-packages/airflow/example_dags/example_sla_dag.py
[2024-11-12T08:12:52.008+0000] {processor.py:743} INFO - Processing file /home/airflow/.local/lib/python3.7/site-packages/airflow/example_dags/example_sla_dag.py for tasks to queue
[2024-11-12T08:12:52.009+0000] {logging_mixin.py:137} INFO - [2024-11-12T08:12:52.009+0000] {dagbag.py:538} INFO - Filling up the DagBag from /home/airflow/.local/lib/python3.7/site-packages/airflow/example_dags/example_sla_dag.py
[2024-11-12T08:12:52.029+0000] {processor.py:753} INFO - DAG(s) dict_keys(['example_sla_dag']) retrieved from /home/airflow/.local/lib/python3.7/site-packages/airflow/example_dags/example_sla_dag.py
[2024-11-12T08:12:52.056+0000] {logging_mixin.py:137} INFO - [2024-11-12T08:12:52.056+0000] {dag.py:2690} INFO - Sync 1 DAGs
[2024-11-12T08:12:52.082+0000] {logging_mixin.py:137} INFO - [2024-11-12T08:12:52.082+0000] {dag.py:3441} INFO - Setting next_dagrun for example_sla_dag to 2024-11-12T08:10:00+00:00, run_after=2024-11-12T08:12:00+00:00
[2024-11-12T08:12:52.104+0000] {processor.py:175} INFO - Processing /home/airflow/.local/lib/python3.7/site-packages/airflow/example_dags/example_sla_dag.py took 0.101 seconds
