[2024-11-12T07:54:47.534+0000] {processor.py:153} INFO - Started process (PID=73) to work on /home/airflow/.local/lib/python3.7/site-packages/airflow/example_dags/example_branch_operator.py
[2024-11-12T07:54:47.535+0000] {processor.py:743} INFO - Processing file /home/airflow/.local/lib/python3.7/site-packages/airflow/example_dags/example_branch_operator.py for tasks to queue
[2024-11-12T07:54:47.537+0000] {logging_mixin.py:137} INFO - [2024-11-12T07:54:47.536+0000] {dagbag.py:538} INFO - Filling up the DagBag from /home/airflow/.local/lib/python3.7/site-packages/airflow/example_dags/example_branch_operator.py
[2024-11-12T07:54:47.571+0000] {processor.py:753} INFO - DAG(s) dict_keys(['example_branch_operator']) retrieved from /home/airflow/.local/lib/python3.7/site-packages/airflow/example_dags/example_branch_operator.py
[2024-11-12T07:54:47.594+0000] {logging_mixin.py:137} INFO - [2024-11-12T07:54:47.593+0000] {dag.py:2690} INFO - Sync 1 DAGs
[2024-11-12T07:54:47.642+0000] {logging_mixin.py:137} INFO - [2024-11-12T07:54:47.642+0000] {dag.py:3441} INFO - Setting next_dagrun for example_branch_operator to 2024-11-11T00:00:00+00:00, run_after=2024-11-12T00:00:00+00:00
[2024-11-12T07:54:47.683+0000] {processor.py:175} INFO - Processing /home/airflow/.local/lib/python3.7/site-packages/airflow/example_dags/example_branch_operator.py took 0.155 seconds
[2024-11-12T07:55:18.168+0000] {processor.py:153} INFO - Started process (PID=144) to work on /home/airflow/.local/lib/python3.7/site-packages/airflow/example_dags/example_branch_operator.py
[2024-11-12T07:55:18.170+0000] {processor.py:743} INFO - Processing file /home/airflow/.local/lib/python3.7/site-packages/airflow/example_dags/example_branch_operator.py for tasks to queue
[2024-11-12T07:55:18.170+0000] {logging_mixin.py:137} INFO - [2024-11-12T07:55:18.170+0000] {dagbag.py:538} INFO - Filling up the DagBag from /home/airflow/.local/lib/python3.7/site-packages/airflow/example_dags/example_branch_operator.py
[2024-11-12T07:55:18.184+0000] {processor.py:753} INFO - DAG(s) dict_keys(['example_branch_operator']) retrieved from /home/airflow/.local/lib/python3.7/site-packages/airflow/example_dags/example_branch_operator.py
[2024-11-12T07:55:18.210+0000] {logging_mixin.py:137} INFO - [2024-11-12T07:55:18.210+0000] {dag.py:2690} INFO - Sync 1 DAGs
[2024-11-12T07:55:18.235+0000] {logging_mixin.py:137} INFO - [2024-11-12T07:55:18.235+0000] {dag.py:3441} INFO - Setting next_dagrun for example_branch_operator to 2024-11-11T00:00:00+00:00, run_after=2024-11-12T00:00:00+00:00
[2024-11-12T07:55:18.256+0000] {processor.py:175} INFO - Processing /home/airflow/.local/lib/python3.7/site-packages/airflow/example_dags/example_branch_operator.py took 0.090 seconds
[2024-11-12T07:55:49.091+0000] {processor.py:153} INFO - Started process (PID=231) to work on /home/airflow/.local/lib/python3.7/site-packages/airflow/example_dags/example_branch_operator.py
[2024-11-12T07:55:49.093+0000] {processor.py:743} INFO - Processing file /home/airflow/.local/lib/python3.7/site-packages/airflow/example_dags/example_branch_operator.py for tasks to queue
[2024-11-12T07:55:49.094+0000] {logging_mixin.py:137} INFO - [2024-11-12T07:55:49.093+0000] {dagbag.py:538} INFO - Filling up the DagBag from /home/airflow/.local/lib/python3.7/site-packages/airflow/example_dags/example_branch_operator.py
[2024-11-12T07:55:49.115+0000] {processor.py:753} INFO - DAG(s) dict_keys(['example_branch_operator']) retrieved from /home/airflow/.local/lib/python3.7/site-packages/airflow/example_dags/example_branch_operator.py
[2024-11-12T07:55:49.161+0000] {logging_mixin.py:137} INFO - [2024-11-12T07:55:49.161+0000] {dag.py:2690} INFO - Sync 1 DAGs
[2024-11-12T07:55:49.201+0000] {logging_mixin.py:137} INFO - [2024-11-12T07:55:49.200+0000] {dag.py:3441} INFO - Setting next_dagrun for example_branch_operator to 2024-11-11T00:00:00+00:00, run_after=2024-11-12T00:00:00+00:00
[2024-11-12T07:55:49.226+0000] {processor.py:175} INFO - Processing /home/airflow/.local/lib/python3.7/site-packages/airflow/example_dags/example_branch_operator.py took 0.140 seconds
[2024-11-12T07:56:19.319+0000] {processor.py:153} INFO - Started process (PID=302) to work on /home/airflow/.local/lib/python3.7/site-packages/airflow/example_dags/example_branch_operator.py
[2024-11-12T07:56:19.320+0000] {processor.py:743} INFO - Processing file /home/airflow/.local/lib/python3.7/site-packages/airflow/example_dags/example_branch_operator.py for tasks to queue
[2024-11-12T07:56:19.321+0000] {logging_mixin.py:137} INFO - [2024-11-12T07:56:19.321+0000] {dagbag.py:538} INFO - Filling up the DagBag from /home/airflow/.local/lib/python3.7/site-packages/airflow/example_dags/example_branch_operator.py
[2024-11-12T07:56:19.342+0000] {processor.py:753} INFO - DAG(s) dict_keys(['example_branch_operator']) retrieved from /home/airflow/.local/lib/python3.7/site-packages/airflow/example_dags/example_branch_operator.py
[2024-11-12T07:56:19.379+0000] {logging_mixin.py:137} INFO - [2024-11-12T07:56:19.378+0000] {dag.py:2690} INFO - Sync 1 DAGs
[2024-11-12T07:56:19.410+0000] {logging_mixin.py:137} INFO - [2024-11-12T07:56:19.410+0000] {dag.py:3441} INFO - Setting next_dagrun for example_branch_operator to 2024-11-11T00:00:00+00:00, run_after=2024-11-12T00:00:00+00:00
[2024-11-12T07:56:19.440+0000] {processor.py:175} INFO - Processing /home/airflow/.local/lib/python3.7/site-packages/airflow/example_dags/example_branch_operator.py took 0.125 seconds
[2024-11-12T07:56:49.870+0000] {processor.py:153} INFO - Started process (PID=373) to work on /home/airflow/.local/lib/python3.7/site-packages/airflow/example_dags/example_branch_operator.py
[2024-11-12T07:56:49.871+0000] {processor.py:743} INFO - Processing file /home/airflow/.local/lib/python3.7/site-packages/airflow/example_dags/example_branch_operator.py for tasks to queue
[2024-11-12T07:56:49.871+0000] {logging_mixin.py:137} INFO - [2024-11-12T07:56:49.871+0000] {dagbag.py:538} INFO - Filling up the DagBag from /home/airflow/.local/lib/python3.7/site-packages/airflow/example_dags/example_branch_operator.py
[2024-11-12T07:56:49.891+0000] {processor.py:753} INFO - DAG(s) dict_keys(['example_branch_operator']) retrieved from /home/airflow/.local/lib/python3.7/site-packages/airflow/example_dags/example_branch_operator.py
[2024-11-12T07:56:49.925+0000] {logging_mixin.py:137} INFO - [2024-11-12T07:56:49.925+0000] {dag.py:2690} INFO - Sync 1 DAGs
[2024-11-12T07:56:49.954+0000] {logging_mixin.py:137} INFO - [2024-11-12T07:56:49.954+0000] {dag.py:3441} INFO - Setting next_dagrun for example_branch_operator to 2024-11-11T00:00:00+00:00, run_after=2024-11-12T00:00:00+00:00
[2024-11-12T07:56:49.976+0000] {processor.py:175} INFO - Processing /home/airflow/.local/lib/python3.7/site-packages/airflow/example_dags/example_branch_operator.py took 0.111 seconds
[2024-11-12T07:57:20.123+0000] {processor.py:153} INFO - Started process (PID=460) to work on /home/airflow/.local/lib/python3.7/site-packages/airflow/example_dags/example_branch_operator.py
[2024-11-12T07:57:20.125+0000] {processor.py:743} INFO - Processing file /home/airflow/.local/lib/python3.7/site-packages/airflow/example_dags/example_branch_operator.py for tasks to queue
[2024-11-12T07:57:20.125+0000] {logging_mixin.py:137} INFO - [2024-11-12T07:57:20.125+0000] {dagbag.py:538} INFO - Filling up the DagBag from /home/airflow/.local/lib/python3.7/site-packages/airflow/example_dags/example_branch_operator.py
[2024-11-12T07:57:20.139+0000] {processor.py:753} INFO - DAG(s) dict_keys(['example_branch_operator']) retrieved from /home/airflow/.local/lib/python3.7/site-packages/airflow/example_dags/example_branch_operator.py
[2024-11-12T07:57:20.165+0000] {logging_mixin.py:137} INFO - [2024-11-12T07:57:20.164+0000] {dag.py:2690} INFO - Sync 1 DAGs
[2024-11-12T07:57:20.187+0000] {logging_mixin.py:137} INFO - [2024-11-12T07:57:20.187+0000] {dag.py:3441} INFO - Setting next_dagrun for example_branch_operator to 2024-11-11T00:00:00+00:00, run_after=2024-11-12T00:00:00+00:00
[2024-11-12T07:57:20.224+0000] {processor.py:175} INFO - Processing /home/airflow/.local/lib/python3.7/site-packages/airflow/example_dags/example_branch_operator.py took 0.103 seconds
[2024-11-12T07:57:51.221+0000] {processor.py:153} INFO - Started process (PID=531) to work on /home/airflow/.local/lib/python3.7/site-packages/airflow/example_dags/example_branch_operator.py
[2024-11-12T07:57:51.223+0000] {processor.py:743} INFO - Processing file /home/airflow/.local/lib/python3.7/site-packages/airflow/example_dags/example_branch_operator.py for tasks to queue
[2024-11-12T07:57:51.224+0000] {logging_mixin.py:137} INFO - [2024-11-12T07:57:51.224+0000] {dagbag.py:538} INFO - Filling up the DagBag from /home/airflow/.local/lib/python3.7/site-packages/airflow/example_dags/example_branch_operator.py
[2024-11-12T07:57:51.242+0000] {processor.py:753} INFO - DAG(s) dict_keys(['example_branch_operator']) retrieved from /home/airflow/.local/lib/python3.7/site-packages/airflow/example_dags/example_branch_operator.py
[2024-11-12T07:57:51.271+0000] {logging_mixin.py:137} INFO - [2024-11-12T07:57:51.271+0000] {dag.py:2690} INFO - Sync 1 DAGs
[2024-11-12T07:57:51.303+0000] {logging_mixin.py:137} INFO - [2024-11-12T07:57:51.302+0000] {dag.py:3441} INFO - Setting next_dagrun for example_branch_operator to 2024-11-11T00:00:00+00:00, run_after=2024-11-12T00:00:00+00:00
[2024-11-12T07:57:51.325+0000] {processor.py:175} INFO - Processing /home/airflow/.local/lib/python3.7/site-packages/airflow/example_dags/example_branch_operator.py took 0.108 seconds
[2024-11-12T07:58:21.754+0000] {processor.py:153} INFO - Started process (PID=618) to work on /home/airflow/.local/lib/python3.7/site-packages/airflow/example_dags/example_branch_operator.py
[2024-11-12T07:58:21.755+0000] {processor.py:743} INFO - Processing file /home/airflow/.local/lib/python3.7/site-packages/airflow/example_dags/example_branch_operator.py for tasks to queue
[2024-11-12T07:58:21.756+0000] {logging_mixin.py:137} INFO - [2024-11-12T07:58:21.756+0000] {dagbag.py:538} INFO - Filling up the DagBag from /home/airflow/.local/lib/python3.7/site-packages/airflow/example_dags/example_branch_operator.py
[2024-11-12T07:58:21.777+0000] {processor.py:753} INFO - DAG(s) dict_keys(['example_branch_operator']) retrieved from /home/airflow/.local/lib/python3.7/site-packages/airflow/example_dags/example_branch_operator.py
[2024-11-12T07:58:21.807+0000] {logging_mixin.py:137} INFO - [2024-11-12T07:58:21.807+0000] {dag.py:2690} INFO - Sync 1 DAGs
[2024-11-12T07:58:21.834+0000] {logging_mixin.py:137} INFO - [2024-11-12T07:58:21.834+0000] {dag.py:3441} INFO - Setting next_dagrun for example_branch_operator to 2024-11-11T00:00:00+00:00, run_after=2024-11-12T00:00:00+00:00
[2024-11-12T07:58:21.856+0000] {processor.py:175} INFO - Processing /home/airflow/.local/lib/python3.7/site-packages/airflow/example_dags/example_branch_operator.py took 0.108 seconds
[2024-11-12T07:58:52.542+0000] {processor.py:153} INFO - Started process (PID=689) to work on /home/airflow/.local/lib/python3.7/site-packages/airflow/example_dags/example_branch_operator.py
[2024-11-12T07:58:52.544+0000] {processor.py:743} INFO - Processing file /home/airflow/.local/lib/python3.7/site-packages/airflow/example_dags/example_branch_operator.py for tasks to queue
[2024-11-12T07:58:52.545+0000] {logging_mixin.py:137} INFO - [2024-11-12T07:58:52.544+0000] {dagbag.py:538} INFO - Filling up the DagBag from /home/airflow/.local/lib/python3.7/site-packages/airflow/example_dags/example_branch_operator.py
[2024-11-12T07:58:52.563+0000] {processor.py:753} INFO - DAG(s) dict_keys(['example_branch_operator']) retrieved from /home/airflow/.local/lib/python3.7/site-packages/airflow/example_dags/example_branch_operator.py
[2024-11-12T07:58:52.592+0000] {logging_mixin.py:137} INFO - [2024-11-12T07:58:52.592+0000] {dag.py:2690} INFO - Sync 1 DAGs
[2024-11-12T07:58:52.619+0000] {logging_mixin.py:137} INFO - [2024-11-12T07:58:52.619+0000] {dag.py:3441} INFO - Setting next_dagrun for example_branch_operator to 2024-11-11T00:00:00+00:00, run_after=2024-11-12T00:00:00+00:00
[2024-11-12T07:58:52.645+0000] {processor.py:175} INFO - Processing /home/airflow/.local/lib/python3.7/site-packages/airflow/example_dags/example_branch_operator.py took 0.108 seconds
[2024-11-12T07:59:22.806+0000] {processor.py:153} INFO - Started process (PID=778) to work on /home/airflow/.local/lib/python3.7/site-packages/airflow/example_dags/example_branch_operator.py
[2024-11-12T07:59:22.807+0000] {processor.py:743} INFO - Processing file /home/airflow/.local/lib/python3.7/site-packages/airflow/example_dags/example_branch_operator.py for tasks to queue
[2024-11-12T07:59:22.807+0000] {logging_mixin.py:137} INFO - [2024-11-12T07:59:22.807+0000] {dagbag.py:538} INFO - Filling up the DagBag from /home/airflow/.local/lib/python3.7/site-packages/airflow/example_dags/example_branch_operator.py
[2024-11-12T07:59:22.826+0000] {processor.py:753} INFO - DAG(s) dict_keys(['example_branch_operator']) retrieved from /home/airflow/.local/lib/python3.7/site-packages/airflow/example_dags/example_branch_operator.py
[2024-11-12T07:59:22.857+0000] {logging_mixin.py:137} INFO - [2024-11-12T07:59:22.857+0000] {dag.py:2690} INFO - Sync 1 DAGs
[2024-11-12T07:59:22.890+0000] {logging_mixin.py:137} INFO - [2024-11-12T07:59:22.890+0000] {dag.py:3441} INFO - Setting next_dagrun for example_branch_operator to 2024-11-11T00:00:00+00:00, run_after=2024-11-12T00:00:00+00:00
[2024-11-12T07:59:22.922+0000] {processor.py:175} INFO - Processing /home/airflow/.local/lib/python3.7/site-packages/airflow/example_dags/example_branch_operator.py took 0.122 seconds
[2024-11-12T07:59:53.018+0000] {processor.py:153} INFO - Started process (PID=849) to work on /home/airflow/.local/lib/python3.7/site-packages/airflow/example_dags/example_branch_operator.py
[2024-11-12T07:59:53.020+0000] {processor.py:743} INFO - Processing file /home/airflow/.local/lib/python3.7/site-packages/airflow/example_dags/example_branch_operator.py for tasks to queue
[2024-11-12T07:59:53.021+0000] {logging_mixin.py:137} INFO - [2024-11-12T07:59:53.021+0000] {dagbag.py:538} INFO - Filling up the DagBag from /home/airflow/.local/lib/python3.7/site-packages/airflow/example_dags/example_branch_operator.py
[2024-11-12T07:59:53.042+0000] {processor.py:753} INFO - DAG(s) dict_keys(['example_branch_operator']) retrieved from /home/airflow/.local/lib/python3.7/site-packages/airflow/example_dags/example_branch_operator.py
[2024-11-12T07:59:53.077+0000] {logging_mixin.py:137} INFO - [2024-11-12T07:59:53.076+0000] {dag.py:2690} INFO - Sync 1 DAGs
[2024-11-12T07:59:53.109+0000] {logging_mixin.py:137} INFO - [2024-11-12T07:59:53.108+0000] {dag.py:3441} INFO - Setting next_dagrun for example_branch_operator to 2024-11-11T00:00:00+00:00, run_after=2024-11-12T00:00:00+00:00
[2024-11-12T07:59:53.132+0000] {processor.py:175} INFO - Processing /home/airflow/.local/lib/python3.7/site-packages/airflow/example_dags/example_branch_operator.py took 0.118 seconds
[2024-11-12T08:00:23.250+0000] {processor.py:153} INFO - Started process (PID=936) to work on /home/airflow/.local/lib/python3.7/site-packages/airflow/example_dags/example_branch_operator.py
[2024-11-12T08:00:23.251+0000] {processor.py:743} INFO - Processing file /home/airflow/.local/lib/python3.7/site-packages/airflow/example_dags/example_branch_operator.py for tasks to queue
[2024-11-12T08:00:23.252+0000] {logging_mixin.py:137} INFO - [2024-11-12T08:00:23.252+0000] {dagbag.py:538} INFO - Filling up the DagBag from /home/airflow/.local/lib/python3.7/site-packages/airflow/example_dags/example_branch_operator.py
[2024-11-12T08:00:23.267+0000] {processor.py:753} INFO - DAG(s) dict_keys(['example_branch_operator']) retrieved from /home/airflow/.local/lib/python3.7/site-packages/airflow/example_dags/example_branch_operator.py
[2024-11-12T08:00:23.295+0000] {logging_mixin.py:137} INFO - [2024-11-12T08:00:23.295+0000] {dag.py:2690} INFO - Sync 1 DAGs
[2024-11-12T08:00:23.320+0000] {logging_mixin.py:137} INFO - [2024-11-12T08:00:23.320+0000] {dag.py:3441} INFO - Setting next_dagrun for example_branch_operator to 2024-11-11T00:00:00+00:00, run_after=2024-11-12T00:00:00+00:00
[2024-11-12T08:00:23.342+0000] {processor.py:175} INFO - Processing /home/airflow/.local/lib/python3.7/site-packages/airflow/example_dags/example_branch_operator.py took 0.095 seconds
[2024-11-12T08:00:54.150+0000] {processor.py:153} INFO - Started process (PID=1007) to work on /home/airflow/.local/lib/python3.7/site-packages/airflow/example_dags/example_branch_operator.py
[2024-11-12T08:00:54.151+0000] {processor.py:743} INFO - Processing file /home/airflow/.local/lib/python3.7/site-packages/airflow/example_dags/example_branch_operator.py for tasks to queue
[2024-11-12T08:00:54.152+0000] {logging_mixin.py:137} INFO - [2024-11-12T08:00:54.152+0000] {dagbag.py:538} INFO - Filling up the DagBag from /home/airflow/.local/lib/python3.7/site-packages/airflow/example_dags/example_branch_operator.py
[2024-11-12T08:00:54.168+0000] {processor.py:753} INFO - DAG(s) dict_keys(['example_branch_operator']) retrieved from /home/airflow/.local/lib/python3.7/site-packages/airflow/example_dags/example_branch_operator.py
[2024-11-12T08:00:54.197+0000] {logging_mixin.py:137} INFO - [2024-11-12T08:00:54.197+0000] {dag.py:2690} INFO - Sync 1 DAGs
[2024-11-12T08:00:54.221+0000] {logging_mixin.py:137} INFO - [2024-11-12T08:00:54.221+0000] {dag.py:3441} INFO - Setting next_dagrun for example_branch_operator to 2024-11-11T00:00:00+00:00, run_after=2024-11-12T00:00:00+00:00
[2024-11-12T08:00:54.245+0000] {processor.py:175} INFO - Processing /home/airflow/.local/lib/python3.7/site-packages/airflow/example_dags/example_branch_operator.py took 0.098 seconds
[2024-11-12T08:01:25.052+0000] {processor.py:153} INFO - Started process (PID=1094) to work on /home/airflow/.local/lib/python3.7/site-packages/airflow/example_dags/example_branch_operator.py
[2024-11-12T08:01:25.053+0000] {processor.py:743} INFO - Processing file /home/airflow/.local/lib/python3.7/site-packages/airflow/example_dags/example_branch_operator.py for tasks to queue
[2024-11-12T08:01:25.054+0000] {logging_mixin.py:137} INFO - [2024-11-12T08:01:25.054+0000] {dagbag.py:538} INFO - Filling up the DagBag from /home/airflow/.local/lib/python3.7/site-packages/airflow/example_dags/example_branch_operator.py
[2024-11-12T08:01:25.070+0000] {processor.py:753} INFO - DAG(s) dict_keys(['example_branch_operator']) retrieved from /home/airflow/.local/lib/python3.7/site-packages/airflow/example_dags/example_branch_operator.py
[2024-11-12T08:01:25.105+0000] {logging_mixin.py:137} INFO - [2024-11-12T08:01:25.105+0000] {dag.py:2690} INFO - Sync 1 DAGs
[2024-11-12T08:01:25.141+0000] {logging_mixin.py:137} INFO - [2024-11-12T08:01:25.141+0000] {dag.py:3441} INFO - Setting next_dagrun for example_branch_operator to 2024-11-11T00:00:00+00:00, run_after=2024-11-12T00:00:00+00:00
[2024-11-12T08:01:25.171+0000] {processor.py:175} INFO - Processing /home/airflow/.local/lib/python3.7/site-packages/airflow/example_dags/example_branch_operator.py took 0.124 seconds
[2024-11-12T08:02:38.121+0000] {processor.py:153} INFO - Started process (PID=55) to work on /home/airflow/.local/lib/python3.7/site-packages/airflow/example_dags/example_branch_operator.py
[2024-11-12T08:02:38.123+0000] {processor.py:743} INFO - Processing file /home/airflow/.local/lib/python3.7/site-packages/airflow/example_dags/example_branch_operator.py for tasks to queue
[2024-11-12T08:02:38.123+0000] {logging_mixin.py:137} INFO - [2024-11-12T08:02:38.123+0000] {dagbag.py:538} INFO - Filling up the DagBag from /home/airflow/.local/lib/python3.7/site-packages/airflow/example_dags/example_branch_operator.py
[2024-11-12T08:02:38.151+0000] {processor.py:753} INFO - DAG(s) dict_keys(['example_branch_operator']) retrieved from /home/airflow/.local/lib/python3.7/site-packages/airflow/example_dags/example_branch_operator.py
[2024-11-12T08:02:38.167+0000] {logging_mixin.py:137} INFO - [2024-11-12T08:02:38.167+0000] {dag.py:2690} INFO - Sync 1 DAGs
[2024-11-12T08:02:38.205+0000] {logging_mixin.py:137} INFO - [2024-11-12T08:02:38.205+0000] {dag.py:3441} INFO - Setting next_dagrun for example_branch_operator to 2024-11-11T00:00:00+00:00, run_after=2024-11-12T00:00:00+00:00
[2024-11-12T08:02:38.231+0000] {processor.py:175} INFO - Processing /home/airflow/.local/lib/python3.7/site-packages/airflow/example_dags/example_branch_operator.py took 0.116 seconds
[2024-11-12T08:03:09.261+0000] {processor.py:153} INFO - Started process (PID=142) to work on /home/airflow/.local/lib/python3.7/site-packages/airflow/example_dags/example_branch_operator.py
[2024-11-12T08:03:09.262+0000] {processor.py:743} INFO - Processing file /home/airflow/.local/lib/python3.7/site-packages/airflow/example_dags/example_branch_operator.py for tasks to queue
[2024-11-12T08:03:09.263+0000] {logging_mixin.py:137} INFO - [2024-11-12T08:03:09.263+0000] {dagbag.py:538} INFO - Filling up the DagBag from /home/airflow/.local/lib/python3.7/site-packages/airflow/example_dags/example_branch_operator.py
[2024-11-12T08:03:09.280+0000] {processor.py:753} INFO - DAG(s) dict_keys(['example_branch_operator']) retrieved from /home/airflow/.local/lib/python3.7/site-packages/airflow/example_dags/example_branch_operator.py
[2024-11-12T08:03:09.310+0000] {logging_mixin.py:137} INFO - [2024-11-12T08:03:09.310+0000] {dag.py:2690} INFO - Sync 1 DAGs
[2024-11-12T08:03:09.341+0000] {logging_mixin.py:137} INFO - [2024-11-12T08:03:09.341+0000] {dag.py:3441} INFO - Setting next_dagrun for example_branch_operator to 2024-11-11T00:00:00+00:00, run_after=2024-11-12T00:00:00+00:00
[2024-11-12T08:03:09.362+0000] {processor.py:175} INFO - Processing /home/airflow/.local/lib/python3.7/site-packages/airflow/example_dags/example_branch_operator.py took 0.106 seconds
[2024-11-12T08:03:39.849+0000] {processor.py:153} INFO - Started process (PID=213) to work on /home/airflow/.local/lib/python3.7/site-packages/airflow/example_dags/example_branch_operator.py
[2024-11-12T08:03:39.851+0000] {processor.py:743} INFO - Processing file /home/airflow/.local/lib/python3.7/site-packages/airflow/example_dags/example_branch_operator.py for tasks to queue
[2024-11-12T08:03:39.852+0000] {logging_mixin.py:137} INFO - [2024-11-12T08:03:39.852+0000] {dagbag.py:538} INFO - Filling up the DagBag from /home/airflow/.local/lib/python3.7/site-packages/airflow/example_dags/example_branch_operator.py
[2024-11-12T08:03:39.872+0000] {processor.py:753} INFO - DAG(s) dict_keys(['example_branch_operator']) retrieved from /home/airflow/.local/lib/python3.7/site-packages/airflow/example_dags/example_branch_operator.py
[2024-11-12T08:03:39.902+0000] {logging_mixin.py:137} INFO - [2024-11-12T08:03:39.902+0000] {dag.py:2690} INFO - Sync 1 DAGs
[2024-11-12T08:03:39.929+0000] {logging_mixin.py:137} INFO - [2024-11-12T08:03:39.929+0000] {dag.py:3441} INFO - Setting next_dagrun for example_branch_operator to 2024-11-11T00:00:00+00:00, run_after=2024-11-12T00:00:00+00:00
[2024-11-12T08:03:39.952+0000] {processor.py:175} INFO - Processing /home/airflow/.local/lib/python3.7/site-packages/airflow/example_dags/example_branch_operator.py took 0.106 seconds
[2024-11-12T08:04:10.415+0000] {processor.py:153} INFO - Started process (PID=300) to work on /home/airflow/.local/lib/python3.7/site-packages/airflow/example_dags/example_branch_operator.py
[2024-11-12T08:04:10.416+0000] {processor.py:743} INFO - Processing file /home/airflow/.local/lib/python3.7/site-packages/airflow/example_dags/example_branch_operator.py for tasks to queue
[2024-11-12T08:04:10.417+0000] {logging_mixin.py:137} INFO - [2024-11-12T08:04:10.417+0000] {dagbag.py:538} INFO - Filling up the DagBag from /home/airflow/.local/lib/python3.7/site-packages/airflow/example_dags/example_branch_operator.py
[2024-11-12T08:04:10.452+0000] {processor.py:753} INFO - DAG(s) dict_keys(['example_branch_operator']) retrieved from /home/airflow/.local/lib/python3.7/site-packages/airflow/example_dags/example_branch_operator.py
[2024-11-12T08:04:10.487+0000] {logging_mixin.py:137} INFO - [2024-11-12T08:04:10.487+0000] {dag.py:2690} INFO - Sync 1 DAGs
[2024-11-12T08:04:10.517+0000] {logging_mixin.py:137} INFO - [2024-11-12T08:04:10.517+0000] {dag.py:3441} INFO - Setting next_dagrun for example_branch_operator to 2024-11-11T00:00:00+00:00, run_after=2024-11-12T00:00:00+00:00
[2024-11-12T08:04:10.543+0000] {processor.py:175} INFO - Processing /home/airflow/.local/lib/python3.7/site-packages/airflow/example_dags/example_branch_operator.py took 0.132 seconds
[2024-11-12T08:04:41.327+0000] {processor.py:153} INFO - Started process (PID=371) to work on /home/airflow/.local/lib/python3.7/site-packages/airflow/example_dags/example_branch_operator.py
[2024-11-12T08:04:41.328+0000] {processor.py:743} INFO - Processing file /home/airflow/.local/lib/python3.7/site-packages/airflow/example_dags/example_branch_operator.py for tasks to queue
[2024-11-12T08:04:41.329+0000] {logging_mixin.py:137} INFO - [2024-11-12T08:04:41.329+0000] {dagbag.py:538} INFO - Filling up the DagBag from /home/airflow/.local/lib/python3.7/site-packages/airflow/example_dags/example_branch_operator.py
[2024-11-12T08:04:41.348+0000] {processor.py:753} INFO - DAG(s) dict_keys(['example_branch_operator']) retrieved from /home/airflow/.local/lib/python3.7/site-packages/airflow/example_dags/example_branch_operator.py
[2024-11-12T08:04:41.377+0000] {logging_mixin.py:137} INFO - [2024-11-12T08:04:41.377+0000] {dag.py:2690} INFO - Sync 1 DAGs
[2024-11-12T08:04:41.412+0000] {logging_mixin.py:137} INFO - [2024-11-12T08:04:41.412+0000] {dag.py:3441} INFO - Setting next_dagrun for example_branch_operator to 2024-11-11T00:00:00+00:00, run_after=2024-11-12T00:00:00+00:00
[2024-11-12T08:04:41.440+0000] {processor.py:175} INFO - Processing /home/airflow/.local/lib/python3.7/site-packages/airflow/example_dags/example_branch_operator.py took 0.117 seconds
[2024-11-12T08:05:11.751+0000] {processor.py:153} INFO - Started process (PID=458) to work on /home/airflow/.local/lib/python3.7/site-packages/airflow/example_dags/example_branch_operator.py
[2024-11-12T08:05:11.752+0000] {processor.py:743} INFO - Processing file /home/airflow/.local/lib/python3.7/site-packages/airflow/example_dags/example_branch_operator.py for tasks to queue
[2024-11-12T08:05:11.753+0000] {logging_mixin.py:137} INFO - [2024-11-12T08:05:11.753+0000] {dagbag.py:538} INFO - Filling up the DagBag from /home/airflow/.local/lib/python3.7/site-packages/airflow/example_dags/example_branch_operator.py
[2024-11-12T08:05:11.777+0000] {processor.py:753} INFO - DAG(s) dict_keys(['example_branch_operator']) retrieved from /home/airflow/.local/lib/python3.7/site-packages/airflow/example_dags/example_branch_operator.py
[2024-11-12T08:05:11.804+0000] {logging_mixin.py:137} INFO - [2024-11-12T08:05:11.804+0000] {dag.py:2690} INFO - Sync 1 DAGs
[2024-11-12T08:05:11.832+0000] {logging_mixin.py:137} INFO - [2024-11-12T08:05:11.832+0000] {dag.py:3441} INFO - Setting next_dagrun for example_branch_operator to 2024-11-11T00:00:00+00:00, run_after=2024-11-12T00:00:00+00:00
[2024-11-12T08:05:11.854+0000] {processor.py:175} INFO - Processing /home/airflow/.local/lib/python3.7/site-packages/airflow/example_dags/example_branch_operator.py took 0.107 seconds
[2024-11-12T08:05:42.469+0000] {processor.py:153} INFO - Started process (PID=529) to work on /home/airflow/.local/lib/python3.7/site-packages/airflow/example_dags/example_branch_operator.py
[2024-11-12T08:05:42.470+0000] {processor.py:743} INFO - Processing file /home/airflow/.local/lib/python3.7/site-packages/airflow/example_dags/example_branch_operator.py for tasks to queue
[2024-11-12T08:05:42.471+0000] {logging_mixin.py:137} INFO - [2024-11-12T08:05:42.471+0000] {dagbag.py:538} INFO - Filling up the DagBag from /home/airflow/.local/lib/python3.7/site-packages/airflow/example_dags/example_branch_operator.py
[2024-11-12T08:05:42.485+0000] {processor.py:753} INFO - DAG(s) dict_keys(['example_branch_operator']) retrieved from /home/airflow/.local/lib/python3.7/site-packages/airflow/example_dags/example_branch_operator.py
[2024-11-12T08:05:42.512+0000] {logging_mixin.py:137} INFO - [2024-11-12T08:05:42.512+0000] {dag.py:2690} INFO - Sync 1 DAGs
[2024-11-12T08:05:42.535+0000] {logging_mixin.py:137} INFO - [2024-11-12T08:05:42.535+0000] {dag.py:3441} INFO - Setting next_dagrun for example_branch_operator to 2024-11-11T00:00:00+00:00, run_after=2024-11-12T00:00:00+00:00
[2024-11-12T08:05:42.556+0000] {processor.py:175} INFO - Processing /home/airflow/.local/lib/python3.7/site-packages/airflow/example_dags/example_branch_operator.py took 0.090 seconds
[2024-11-12T08:06:13.942+0000] {processor.py:153} INFO - Started process (PID=616) to work on /home/airflow/.local/lib/python3.7/site-packages/airflow/example_dags/example_branch_operator.py
[2024-11-12T08:06:13.945+0000] {processor.py:743} INFO - Processing file /home/airflow/.local/lib/python3.7/site-packages/airflow/example_dags/example_branch_operator.py for tasks to queue
[2024-11-12T08:06:13.954+0000] {logging_mixin.py:137} INFO - [2024-11-12T08:06:13.953+0000] {dagbag.py:538} INFO - Filling up the DagBag from /home/airflow/.local/lib/python3.7/site-packages/airflow/example_dags/example_branch_operator.py
[2024-11-12T08:06:13.993+0000] {processor.py:753} INFO - DAG(s) dict_keys(['example_branch_operator']) retrieved from /home/airflow/.local/lib/python3.7/site-packages/airflow/example_dags/example_branch_operator.py
[2024-11-12T08:06:14.054+0000] {logging_mixin.py:137} INFO - [2024-11-12T08:06:14.054+0000] {dag.py:2690} INFO - Sync 1 DAGs
[2024-11-12T08:06:14.105+0000] {logging_mixin.py:137} INFO - [2024-11-12T08:06:14.105+0000] {dag.py:3441} INFO - Setting next_dagrun for example_branch_operator to 2024-11-11T00:00:00+00:00, run_after=2024-11-12T00:00:00+00:00
[2024-11-12T08:06:14.146+0000] {processor.py:175} INFO - Processing /home/airflow/.local/lib/python3.7/site-packages/airflow/example_dags/example_branch_operator.py took 0.210 seconds
