[2024-11-12T07:54:48.842+0000] {processor.py:153} INFO - Started process (PID=87) to work on /home/airflow/.local/lib/python3.7/site-packages/airflow/example_dags/example_xcom.py
[2024-11-12T07:54:48.842+0000] {processor.py:743} INFO - Processing file /home/airflow/.local/lib/python3.7/site-packages/airflow/example_dags/example_xcom.py for tasks to queue
[2024-11-12T07:54:48.843+0000] {logging_mixin.py:137} INFO - [2024-11-12T07:54:48.843+0000] {dagbag.py:538} INFO - Filling up the DagBag from /home/airflow/.local/lib/python3.7/site-packages/airflow/example_dags/example_xcom.py
[2024-11-12T07:54:48.874+0000] {processor.py:753} INFO - DAG(s) dict_keys(['example_xcom']) retrieved from /home/airflow/.local/lib/python3.7/site-packages/airflow/example_dags/example_xcom.py
[2024-11-12T07:54:48.890+0000] {logging_mixin.py:137} INFO - [2024-11-12T07:54:48.889+0000] {dag.py:2690} INFO - Sync 1 DAGs
[2024-11-12T07:54:48.921+0000] {logging_mixin.py:137} INFO - [2024-11-12T07:54:48.921+0000] {dag.py:3441} INFO - Setting next_dagrun for example_xcom to 2021-01-01T00:00:00+00:00, run_after=2021-01-01T00:00:00+00:00
[2024-11-12T07:54:48.948+0000] {processor.py:175} INFO - Processing /home/airflow/.local/lib/python3.7/site-packages/airflow/example_dags/example_xcom.py took 0.111 seconds
[2024-11-12T07:55:19.013+0000] {processor.py:153} INFO - Started process (PID=158) to work on /home/airflow/.local/lib/python3.7/site-packages/airflow/example_dags/example_xcom.py
[2024-11-12T07:55:19.014+0000] {processor.py:743} INFO - Processing file /home/airflow/.local/lib/python3.7/site-packages/airflow/example_dags/example_xcom.py for tasks to queue
[2024-11-12T07:55:19.015+0000] {logging_mixin.py:137} INFO - [2024-11-12T07:55:19.015+0000] {dagbag.py:538} INFO - Filling up the DagBag from /home/airflow/.local/lib/python3.7/site-packages/airflow/example_dags/example_xcom.py
[2024-11-12T07:55:19.035+0000] {processor.py:753} INFO - DAG(s) dict_keys(['example_xcom']) retrieved from /home/airflow/.local/lib/python3.7/site-packages/airflow/example_dags/example_xcom.py
[2024-11-12T07:55:19.061+0000] {logging_mixin.py:137} INFO - [2024-11-12T07:55:19.061+0000] {dag.py:2690} INFO - Sync 1 DAGs
[2024-11-12T07:55:19.090+0000] {logging_mixin.py:137} INFO - [2024-11-12T07:55:19.089+0000] {dag.py:3441} INFO - Setting next_dagrun for example_xcom to 2021-01-01T00:00:00+00:00, run_after=2021-01-01T00:00:00+00:00
[2024-11-12T07:55:19.111+0000] {processor.py:175} INFO - Processing /home/airflow/.local/lib/python3.7/site-packages/airflow/example_dags/example_xcom.py took 0.102 seconds
[2024-11-12T07:55:50.152+0000] {processor.py:153} INFO - Started process (PID=245) to work on /home/airflow/.local/lib/python3.7/site-packages/airflow/example_dags/example_xcom.py
[2024-11-12T07:55:50.153+0000] {processor.py:743} INFO - Processing file /home/airflow/.local/lib/python3.7/site-packages/airflow/example_dags/example_xcom.py for tasks to queue
[2024-11-12T07:55:50.154+0000] {logging_mixin.py:137} INFO - [2024-11-12T07:55:50.154+0000] {dagbag.py:538} INFO - Filling up the DagBag from /home/airflow/.local/lib/python3.7/site-packages/airflow/example_dags/example_xcom.py
[2024-11-12T07:55:50.190+0000] {processor.py:753} INFO - DAG(s) dict_keys(['example_xcom']) retrieved from /home/airflow/.local/lib/python3.7/site-packages/airflow/example_dags/example_xcom.py
[2024-11-12T07:55:50.226+0000] {logging_mixin.py:137} INFO - [2024-11-12T07:55:50.225+0000] {dag.py:2690} INFO - Sync 1 DAGs
[2024-11-12T07:55:50.257+0000] {logging_mixin.py:137} INFO - [2024-11-12T07:55:50.256+0000] {dag.py:3441} INFO - Setting next_dagrun for example_xcom to 2021-01-01T00:00:00+00:00, run_after=2021-01-01T00:00:00+00:00
[2024-11-12T07:55:50.283+0000] {processor.py:175} INFO - Processing /home/airflow/.local/lib/python3.7/site-packages/airflow/example_dags/example_xcom.py took 0.136 seconds
[2024-11-12T07:56:20.307+0000] {processor.py:153} INFO - Started process (PID=316) to work on /home/airflow/.local/lib/python3.7/site-packages/airflow/example_dags/example_xcom.py
[2024-11-12T07:56:20.308+0000] {processor.py:743} INFO - Processing file /home/airflow/.local/lib/python3.7/site-packages/airflow/example_dags/example_xcom.py for tasks to queue
[2024-11-12T07:56:20.308+0000] {logging_mixin.py:137} INFO - [2024-11-12T07:56:20.308+0000] {dagbag.py:538} INFO - Filling up the DagBag from /home/airflow/.local/lib/python3.7/site-packages/airflow/example_dags/example_xcom.py
[2024-11-12T07:56:20.328+0000] {processor.py:753} INFO - DAG(s) dict_keys(['example_xcom']) retrieved from /home/airflow/.local/lib/python3.7/site-packages/airflow/example_dags/example_xcom.py
[2024-11-12T07:56:20.351+0000] {logging_mixin.py:137} INFO - [2024-11-12T07:56:20.350+0000] {dag.py:2690} INFO - Sync 1 DAGs
[2024-11-12T07:56:20.374+0000] {logging_mixin.py:137} INFO - [2024-11-12T07:56:20.374+0000] {dag.py:3441} INFO - Setting next_dagrun for example_xcom to 2021-01-01T00:00:00+00:00, run_after=2021-01-01T00:00:00+00:00
[2024-11-12T07:56:20.394+0000] {processor.py:175} INFO - Processing /home/airflow/.local/lib/python3.7/site-packages/airflow/example_dags/example_xcom.py took 0.090 seconds
[2024-11-12T07:56:51.196+0000] {processor.py:153} INFO - Started process (PID=396) to work on /home/airflow/.local/lib/python3.7/site-packages/airflow/example_dags/example_xcom.py
[2024-11-12T07:56:51.197+0000] {processor.py:743} INFO - Processing file /home/airflow/.local/lib/python3.7/site-packages/airflow/example_dags/example_xcom.py for tasks to queue
[2024-11-12T07:56:51.198+0000] {logging_mixin.py:137} INFO - [2024-11-12T07:56:51.198+0000] {dagbag.py:538} INFO - Filling up the DagBag from /home/airflow/.local/lib/python3.7/site-packages/airflow/example_dags/example_xcom.py
[2024-11-12T07:56:51.242+0000] {processor.py:753} INFO - DAG(s) dict_keys(['example_xcom']) retrieved from /home/airflow/.local/lib/python3.7/site-packages/airflow/example_dags/example_xcom.py
[2024-11-12T07:56:51.292+0000] {logging_mixin.py:137} INFO - [2024-11-12T07:56:51.292+0000] {dag.py:2690} INFO - Sync 1 DAGs
[2024-11-12T07:56:51.328+0000] {logging_mixin.py:137} INFO - [2024-11-12T07:56:51.328+0000] {dag.py:3441} INFO - Setting next_dagrun for example_xcom to 2021-01-01T00:00:00+00:00, run_after=2021-01-01T00:00:00+00:00
[2024-11-12T07:56:51.357+0000] {processor.py:175} INFO - Processing /home/airflow/.local/lib/python3.7/site-packages/airflow/example_dags/example_xcom.py took 0.166 seconds
[2024-11-12T07:57:22.086+0000] {processor.py:153} INFO - Started process (PID=474) to work on /home/airflow/.local/lib/python3.7/site-packages/airflow/example_dags/example_xcom.py
[2024-11-12T07:57:22.087+0000] {processor.py:743} INFO - Processing file /home/airflow/.local/lib/python3.7/site-packages/airflow/example_dags/example_xcom.py for tasks to queue
[2024-11-12T07:57:22.087+0000] {logging_mixin.py:137} INFO - [2024-11-12T07:57:22.087+0000] {dagbag.py:538} INFO - Filling up the DagBag from /home/airflow/.local/lib/python3.7/site-packages/airflow/example_dags/example_xcom.py
[2024-11-12T07:57:22.111+0000] {processor.py:753} INFO - DAG(s) dict_keys(['example_xcom']) retrieved from /home/airflow/.local/lib/python3.7/site-packages/airflow/example_dags/example_xcom.py
[2024-11-12T07:57:22.138+0000] {logging_mixin.py:137} INFO - [2024-11-12T07:57:22.138+0000] {dag.py:2690} INFO - Sync 1 DAGs
[2024-11-12T07:57:22.162+0000] {logging_mixin.py:137} INFO - [2024-11-12T07:57:22.162+0000] {dag.py:3441} INFO - Setting next_dagrun for example_xcom to 2021-01-01T00:00:00+00:00, run_after=2021-01-01T00:00:00+00:00
[2024-11-12T07:57:22.184+0000] {processor.py:175} INFO - Processing /home/airflow/.local/lib/python3.7/site-packages/airflow/example_dags/example_xcom.py took 0.101 seconds
[2024-11-12T07:57:52.468+0000] {processor.py:153} INFO - Started process (PID=554) to work on /home/airflow/.local/lib/python3.7/site-packages/airflow/example_dags/example_xcom.py
[2024-11-12T07:57:52.469+0000] {processor.py:743} INFO - Processing file /home/airflow/.local/lib/python3.7/site-packages/airflow/example_dags/example_xcom.py for tasks to queue
[2024-11-12T07:57:52.470+0000] {logging_mixin.py:137} INFO - [2024-11-12T07:57:52.470+0000] {dagbag.py:538} INFO - Filling up the DagBag from /home/airflow/.local/lib/python3.7/site-packages/airflow/example_dags/example_xcom.py
[2024-11-12T07:57:52.496+0000] {processor.py:753} INFO - DAG(s) dict_keys(['example_xcom']) retrieved from /home/airflow/.local/lib/python3.7/site-packages/airflow/example_dags/example_xcom.py
[2024-11-12T07:57:52.525+0000] {logging_mixin.py:137} INFO - [2024-11-12T07:57:52.525+0000] {dag.py:2690} INFO - Sync 1 DAGs
[2024-11-12T07:57:52.557+0000] {logging_mixin.py:137} INFO - [2024-11-12T07:57:52.556+0000] {dag.py:3441} INFO - Setting next_dagrun for example_xcom to 2021-01-01T00:00:00+00:00, run_after=2021-01-01T00:00:00+00:00
[2024-11-12T07:57:52.578+0000] {processor.py:175} INFO - Processing /home/airflow/.local/lib/python3.7/site-packages/airflow/example_dags/example_xcom.py took 0.115 seconds
[2024-11-12T07:58:22.688+0000] {processor.py:153} INFO - Started process (PID=632) to work on /home/airflow/.local/lib/python3.7/site-packages/airflow/example_dags/example_xcom.py
[2024-11-12T07:58:22.689+0000] {processor.py:743} INFO - Processing file /home/airflow/.local/lib/python3.7/site-packages/airflow/example_dags/example_xcom.py for tasks to queue
[2024-11-12T07:58:22.690+0000] {logging_mixin.py:137} INFO - [2024-11-12T07:58:22.690+0000] {dagbag.py:538} INFO - Filling up the DagBag from /home/airflow/.local/lib/python3.7/site-packages/airflow/example_dags/example_xcom.py
[2024-11-12T07:58:22.710+0000] {processor.py:753} INFO - DAG(s) dict_keys(['example_xcom']) retrieved from /home/airflow/.local/lib/python3.7/site-packages/airflow/example_dags/example_xcom.py
[2024-11-12T07:58:22.740+0000] {logging_mixin.py:137} INFO - [2024-11-12T07:58:22.740+0000] {dag.py:2690} INFO - Sync 1 DAGs
[2024-11-12T07:58:22.763+0000] {logging_mixin.py:137} INFO - [2024-11-12T07:58:22.763+0000] {dag.py:3441} INFO - Setting next_dagrun for example_xcom to 2021-01-01T00:00:00+00:00, run_after=2021-01-01T00:00:00+00:00
[2024-11-12T07:58:22.785+0000] {processor.py:175} INFO - Processing /home/airflow/.local/lib/python3.7/site-packages/airflow/example_dags/example_xcom.py took 0.100 seconds
[2024-11-12T07:58:53.659+0000] {processor.py:153} INFO - Started process (PID=711) to work on /home/airflow/.local/lib/python3.7/site-packages/airflow/example_dags/example_xcom.py
[2024-11-12T07:58:53.662+0000] {processor.py:743} INFO - Processing file /home/airflow/.local/lib/python3.7/site-packages/airflow/example_dags/example_xcom.py for tasks to queue
[2024-11-12T07:58:53.663+0000] {logging_mixin.py:137} INFO - [2024-11-12T07:58:53.662+0000] {dagbag.py:538} INFO - Filling up the DagBag from /home/airflow/.local/lib/python3.7/site-packages/airflow/example_dags/example_xcom.py
[2024-11-12T07:58:53.695+0000] {processor.py:753} INFO - DAG(s) dict_keys(['example_xcom']) retrieved from /home/airflow/.local/lib/python3.7/site-packages/airflow/example_dags/example_xcom.py
[2024-11-12T07:58:53.757+0000] {logging_mixin.py:137} INFO - [2024-11-12T07:58:53.753+0000] {dag.py:2690} INFO - Sync 1 DAGs
[2024-11-12T07:58:53.814+0000] {logging_mixin.py:137} INFO - [2024-11-12T07:58:53.814+0000] {dag.py:3441} INFO - Setting next_dagrun for example_xcom to 2021-01-01T00:00:00+00:00, run_after=2021-01-01T00:00:00+00:00
[2024-11-12T07:58:53.849+0000] {processor.py:175} INFO - Processing /home/airflow/.local/lib/python3.7/site-packages/airflow/example_dags/example_xcom.py took 0.195 seconds
[2024-11-12T07:59:23.881+0000] {processor.py:153} INFO - Started process (PID=792) to work on /home/airflow/.local/lib/python3.7/site-packages/airflow/example_dags/example_xcom.py
[2024-11-12T07:59:23.883+0000] {processor.py:743} INFO - Processing file /home/airflow/.local/lib/python3.7/site-packages/airflow/example_dags/example_xcom.py for tasks to queue
[2024-11-12T07:59:23.884+0000] {logging_mixin.py:137} INFO - [2024-11-12T07:59:23.884+0000] {dagbag.py:538} INFO - Filling up the DagBag from /home/airflow/.local/lib/python3.7/site-packages/airflow/example_dags/example_xcom.py
[2024-11-12T07:59:23.908+0000] {processor.py:753} INFO - DAG(s) dict_keys(['example_xcom']) retrieved from /home/airflow/.local/lib/python3.7/site-packages/airflow/example_dags/example_xcom.py
[2024-11-12T07:59:23.937+0000] {logging_mixin.py:137} INFO - [2024-11-12T07:59:23.937+0000] {dag.py:2690} INFO - Sync 1 DAGs
[2024-11-12T07:59:23.963+0000] {logging_mixin.py:137} INFO - [2024-11-12T07:59:23.962+0000] {dag.py:3441} INFO - Setting next_dagrun for example_xcom to 2021-01-01T00:00:00+00:00, run_after=2021-01-01T00:00:00+00:00
[2024-11-12T07:59:23.989+0000] {processor.py:175} INFO - Processing /home/airflow/.local/lib/python3.7/site-packages/airflow/example_dags/example_xcom.py took 0.111 seconds
[2024-11-12T07:59:54.035+0000] {processor.py:153} INFO - Started process (PID=863) to work on /home/airflow/.local/lib/python3.7/site-packages/airflow/example_dags/example_xcom.py
[2024-11-12T07:59:54.038+0000] {processor.py:743} INFO - Processing file /home/airflow/.local/lib/python3.7/site-packages/airflow/example_dags/example_xcom.py for tasks to queue
[2024-11-12T07:59:54.039+0000] {logging_mixin.py:137} INFO - [2024-11-12T07:59:54.039+0000] {dagbag.py:538} INFO - Filling up the DagBag from /home/airflow/.local/lib/python3.7/site-packages/airflow/example_dags/example_xcom.py
[2024-11-12T07:59:54.077+0000] {processor.py:753} INFO - DAG(s) dict_keys(['example_xcom']) retrieved from /home/airflow/.local/lib/python3.7/site-packages/airflow/example_dags/example_xcom.py
[2024-11-12T07:59:54.116+0000] {logging_mixin.py:137} INFO - [2024-11-12T07:59:54.116+0000] {dag.py:2690} INFO - Sync 1 DAGs
[2024-11-12T07:59:54.154+0000] {logging_mixin.py:137} INFO - [2024-11-12T07:59:54.154+0000] {dag.py:3441} INFO - Setting next_dagrun for example_xcom to 2021-01-01T00:00:00+00:00, run_after=2021-01-01T00:00:00+00:00
[2024-11-12T07:59:54.186+0000] {processor.py:175} INFO - Processing /home/airflow/.local/lib/python3.7/site-packages/airflow/example_dags/example_xcom.py took 0.155 seconds
[2024-11-12T08:00:25.155+0000] {processor.py:153} INFO - Started process (PID=950) to work on /home/airflow/.local/lib/python3.7/site-packages/airflow/example_dags/example_xcom.py
[2024-11-12T08:00:25.157+0000] {processor.py:743} INFO - Processing file /home/airflow/.local/lib/python3.7/site-packages/airflow/example_dags/example_xcom.py for tasks to queue
[2024-11-12T08:00:25.158+0000] {logging_mixin.py:137} INFO - [2024-11-12T08:00:25.158+0000] {dagbag.py:538} INFO - Filling up the DagBag from /home/airflow/.local/lib/python3.7/site-packages/airflow/example_dags/example_xcom.py
[2024-11-12T08:00:25.189+0000] {processor.py:753} INFO - DAG(s) dict_keys(['example_xcom']) retrieved from /home/airflow/.local/lib/python3.7/site-packages/airflow/example_dags/example_xcom.py
[2024-11-12T08:00:25.222+0000] {logging_mixin.py:137} INFO - [2024-11-12T08:00:25.222+0000] {dag.py:2690} INFO - Sync 1 DAGs
[2024-11-12T08:00:25.256+0000] {logging_mixin.py:137} INFO - [2024-11-12T08:00:25.256+0000] {dag.py:3441} INFO - Setting next_dagrun for example_xcom to 2021-01-01T00:00:00+00:00, run_after=2021-01-01T00:00:00+00:00
[2024-11-12T08:00:25.297+0000] {processor.py:175} INFO - Processing /home/airflow/.local/lib/python3.7/site-packages/airflow/example_dags/example_xcom.py took 0.145 seconds
[2024-11-12T08:00:55.973+0000] {processor.py:153} INFO - Started process (PID=1021) to work on /home/airflow/.local/lib/python3.7/site-packages/airflow/example_dags/example_xcom.py
[2024-11-12T08:00:55.979+0000] {processor.py:743} INFO - Processing file /home/airflow/.local/lib/python3.7/site-packages/airflow/example_dags/example_xcom.py for tasks to queue
[2024-11-12T08:00:55.980+0000] {logging_mixin.py:137} INFO - [2024-11-12T08:00:55.980+0000] {dagbag.py:538} INFO - Filling up the DagBag from /home/airflow/.local/lib/python3.7/site-packages/airflow/example_dags/example_xcom.py
[2024-11-12T08:00:56.002+0000] {processor.py:753} INFO - DAG(s) dict_keys(['example_xcom']) retrieved from /home/airflow/.local/lib/python3.7/site-packages/airflow/example_dags/example_xcom.py
[2024-11-12T08:00:56.028+0000] {logging_mixin.py:137} INFO - [2024-11-12T08:00:56.027+0000] {dag.py:2690} INFO - Sync 1 DAGs
[2024-11-12T08:00:56.052+0000] {logging_mixin.py:137} INFO - [2024-11-12T08:00:56.051+0000] {dag.py:3441} INFO - Setting next_dagrun for example_xcom to 2021-01-01T00:00:00+00:00, run_after=2021-01-01T00:00:00+00:00
[2024-11-12T08:00:56.075+0000] {processor.py:175} INFO - Processing /home/airflow/.local/lib/python3.7/site-packages/airflow/example_dags/example_xcom.py took 0.105 seconds
[2024-11-12T08:01:26.933+0000] {processor.py:153} INFO - Started process (PID=1108) to work on /home/airflow/.local/lib/python3.7/site-packages/airflow/example_dags/example_xcom.py
[2024-11-12T08:01:26.935+0000] {processor.py:743} INFO - Processing file /home/airflow/.local/lib/python3.7/site-packages/airflow/example_dags/example_xcom.py for tasks to queue
[2024-11-12T08:01:26.935+0000] {logging_mixin.py:137} INFO - [2024-11-12T08:01:26.935+0000] {dagbag.py:538} INFO - Filling up the DagBag from /home/airflow/.local/lib/python3.7/site-packages/airflow/example_dags/example_xcom.py
[2024-11-12T08:01:26.956+0000] {processor.py:753} INFO - DAG(s) dict_keys(['example_xcom']) retrieved from /home/airflow/.local/lib/python3.7/site-packages/airflow/example_dags/example_xcom.py
[2024-11-12T08:01:26.983+0000] {logging_mixin.py:137} INFO - [2024-11-12T08:01:26.982+0000] {dag.py:2690} INFO - Sync 1 DAGs
[2024-11-12T08:01:27.005+0000] {logging_mixin.py:137} INFO - [2024-11-12T08:01:27.005+0000] {dag.py:3441} INFO - Setting next_dagrun for example_xcom to 2021-01-01T00:00:00+00:00, run_after=2021-01-01T00:00:00+00:00
[2024-11-12T08:01:27.027+0000] {processor.py:175} INFO - Processing /home/airflow/.local/lib/python3.7/site-packages/airflow/example_dags/example_xcom.py took 0.096 seconds
[2024-11-12T08:02:39.352+0000] {processor.py:153} INFO - Started process (PID=69) to work on /home/airflow/.local/lib/python3.7/site-packages/airflow/example_dags/example_xcom.py
[2024-11-12T08:02:39.353+0000] {processor.py:743} INFO - Processing file /home/airflow/.local/lib/python3.7/site-packages/airflow/example_dags/example_xcom.py for tasks to queue
[2024-11-12T08:02:39.354+0000] {logging_mixin.py:137} INFO - [2024-11-12T08:02:39.354+0000] {dagbag.py:538} INFO - Filling up the DagBag from /home/airflow/.local/lib/python3.7/site-packages/airflow/example_dags/example_xcom.py
[2024-11-12T08:02:39.384+0000] {processor.py:753} INFO - DAG(s) dict_keys(['example_xcom']) retrieved from /home/airflow/.local/lib/python3.7/site-packages/airflow/example_dags/example_xcom.py
[2024-11-12T08:02:39.404+0000] {logging_mixin.py:137} INFO - [2024-11-12T08:02:39.404+0000] {dag.py:2690} INFO - Sync 1 DAGs
[2024-11-12T08:02:39.440+0000] {logging_mixin.py:137} INFO - [2024-11-12T08:02:39.440+0000] {dag.py:3441} INFO - Setting next_dagrun for example_xcom to 2021-01-01T00:00:00+00:00, run_after=2021-01-01T00:00:00+00:00
[2024-11-12T08:02:39.470+0000] {processor.py:175} INFO - Processing /home/airflow/.local/lib/python3.7/site-packages/airflow/example_dags/example_xcom.py took 0.123 seconds
[2024-11-12T08:03:10.219+0000] {processor.py:153} INFO - Started process (PID=156) to work on /home/airflow/.local/lib/python3.7/site-packages/airflow/example_dags/example_xcom.py
[2024-11-12T08:03:10.220+0000] {processor.py:743} INFO - Processing file /home/airflow/.local/lib/python3.7/site-packages/airflow/example_dags/example_xcom.py for tasks to queue
[2024-11-12T08:03:10.221+0000] {logging_mixin.py:137} INFO - [2024-11-12T08:03:10.221+0000] {dagbag.py:538} INFO - Filling up the DagBag from /home/airflow/.local/lib/python3.7/site-packages/airflow/example_dags/example_xcom.py
[2024-11-12T08:03:10.242+0000] {processor.py:753} INFO - DAG(s) dict_keys(['example_xcom']) retrieved from /home/airflow/.local/lib/python3.7/site-packages/airflow/example_dags/example_xcom.py
[2024-11-12T08:03:10.268+0000] {logging_mixin.py:137} INFO - [2024-11-12T08:03:10.267+0000] {dag.py:2690} INFO - Sync 1 DAGs
[2024-11-12T08:03:10.290+0000] {logging_mixin.py:137} INFO - [2024-11-12T08:03:10.290+0000] {dag.py:3441} INFO - Setting next_dagrun for example_xcom to 2021-01-01T00:00:00+00:00, run_after=2021-01-01T00:00:00+00:00
[2024-11-12T08:03:10.308+0000] {processor.py:175} INFO - Processing /home/airflow/.local/lib/python3.7/site-packages/airflow/example_dags/example_xcom.py took 0.092 seconds
[2024-11-12T08:03:40.700+0000] {processor.py:153} INFO - Started process (PID=227) to work on /home/airflow/.local/lib/python3.7/site-packages/airflow/example_dags/example_xcom.py
[2024-11-12T08:03:40.701+0000] {processor.py:743} INFO - Processing file /home/airflow/.local/lib/python3.7/site-packages/airflow/example_dags/example_xcom.py for tasks to queue
[2024-11-12T08:03:40.701+0000] {logging_mixin.py:137} INFO - [2024-11-12T08:03:40.701+0000] {dagbag.py:538} INFO - Filling up the DagBag from /home/airflow/.local/lib/python3.7/site-packages/airflow/example_dags/example_xcom.py
[2024-11-12T08:03:40.724+0000] {processor.py:753} INFO - DAG(s) dict_keys(['example_xcom']) retrieved from /home/airflow/.local/lib/python3.7/site-packages/airflow/example_dags/example_xcom.py
[2024-11-12T08:03:40.751+0000] {logging_mixin.py:137} INFO - [2024-11-12T08:03:40.751+0000] {dag.py:2690} INFO - Sync 1 DAGs
[2024-11-12T08:03:40.774+0000] {logging_mixin.py:137} INFO - [2024-11-12T08:03:40.774+0000] {dag.py:3441} INFO - Setting next_dagrun for example_xcom to 2021-01-01T00:00:00+00:00, run_after=2021-01-01T00:00:00+00:00
[2024-11-12T08:03:40.797+0000] {processor.py:175} INFO - Processing /home/airflow/.local/lib/python3.7/site-packages/airflow/example_dags/example_xcom.py took 0.100 seconds
[2024-11-12T08:04:11.450+0000] {processor.py:153} INFO - Started process (PID=314) to work on /home/airflow/.local/lib/python3.7/site-packages/airflow/example_dags/example_xcom.py
[2024-11-12T08:04:11.452+0000] {processor.py:743} INFO - Processing file /home/airflow/.local/lib/python3.7/site-packages/airflow/example_dags/example_xcom.py for tasks to queue
[2024-11-12T08:04:11.452+0000] {logging_mixin.py:137} INFO - [2024-11-12T08:04:11.452+0000] {dagbag.py:538} INFO - Filling up the DagBag from /home/airflow/.local/lib/python3.7/site-packages/airflow/example_dags/example_xcom.py
[2024-11-12T08:04:11.474+0000] {processor.py:753} INFO - DAG(s) dict_keys(['example_xcom']) retrieved from /home/airflow/.local/lib/python3.7/site-packages/airflow/example_dags/example_xcom.py
[2024-11-12T08:04:11.504+0000] {logging_mixin.py:137} INFO - [2024-11-12T08:04:11.504+0000] {dag.py:2690} INFO - Sync 1 DAGs
[2024-11-12T08:04:11.539+0000] {logging_mixin.py:137} INFO - [2024-11-12T08:04:11.539+0000] {dag.py:3441} INFO - Setting next_dagrun for example_xcom to 2021-01-01T00:00:00+00:00, run_after=2021-01-01T00:00:00+00:00
[2024-11-12T08:04:11.562+0000] {processor.py:175} INFO - Processing /home/airflow/.local/lib/python3.7/site-packages/airflow/example_dags/example_xcom.py took 0.116 seconds
[2024-11-12T08:04:42.510+0000] {processor.py:153} INFO - Started process (PID=385) to work on /home/airflow/.local/lib/python3.7/site-packages/airflow/example_dags/example_xcom.py
[2024-11-12T08:04:42.513+0000] {processor.py:743} INFO - Processing file /home/airflow/.local/lib/python3.7/site-packages/airflow/example_dags/example_xcom.py for tasks to queue
[2024-11-12T08:04:42.514+0000] {logging_mixin.py:137} INFO - [2024-11-12T08:04:42.514+0000] {dagbag.py:538} INFO - Filling up the DagBag from /home/airflow/.local/lib/python3.7/site-packages/airflow/example_dags/example_xcom.py
[2024-11-12T08:04:42.576+0000] {processor.py:753} INFO - DAG(s) dict_keys(['example_xcom']) retrieved from /home/airflow/.local/lib/python3.7/site-packages/airflow/example_dags/example_xcom.py
[2024-11-12T08:04:42.611+0000] {logging_mixin.py:137} INFO - [2024-11-12T08:04:42.610+0000] {dag.py:2690} INFO - Sync 1 DAGs
[2024-11-12T08:04:42.643+0000] {logging_mixin.py:137} INFO - [2024-11-12T08:04:42.643+0000] {dag.py:3441} INFO - Setting next_dagrun for example_xcom to 2021-01-01T00:00:00+00:00, run_after=2021-01-01T00:00:00+00:00
[2024-11-12T08:04:42.671+0000] {processor.py:175} INFO - Processing /home/airflow/.local/lib/python3.7/site-packages/airflow/example_dags/example_xcom.py took 0.176 seconds
[2024-11-12T08:05:12.772+0000] {processor.py:153} INFO - Started process (PID=472) to work on /home/airflow/.local/lib/python3.7/site-packages/airflow/example_dags/example_xcom.py
[2024-11-12T08:05:12.773+0000] {processor.py:743} INFO - Processing file /home/airflow/.local/lib/python3.7/site-packages/airflow/example_dags/example_xcom.py for tasks to queue
[2024-11-12T08:05:12.774+0000] {logging_mixin.py:137} INFO - [2024-11-12T08:05:12.774+0000] {dagbag.py:538} INFO - Filling up the DagBag from /home/airflow/.local/lib/python3.7/site-packages/airflow/example_dags/example_xcom.py
[2024-11-12T08:05:12.794+0000] {processor.py:753} INFO - DAG(s) dict_keys(['example_xcom']) retrieved from /home/airflow/.local/lib/python3.7/site-packages/airflow/example_dags/example_xcom.py
[2024-11-12T08:05:12.822+0000] {logging_mixin.py:137} INFO - [2024-11-12T08:05:12.822+0000] {dag.py:2690} INFO - Sync 1 DAGs
[2024-11-12T08:05:12.846+0000] {logging_mixin.py:137} INFO - [2024-11-12T08:05:12.845+0000] {dag.py:3441} INFO - Setting next_dagrun for example_xcom to 2021-01-01T00:00:00+00:00, run_after=2021-01-01T00:00:00+00:00
[2024-11-12T08:05:12.869+0000] {processor.py:175} INFO - Processing /home/airflow/.local/lib/python3.7/site-packages/airflow/example_dags/example_xcom.py took 0.100 seconds
[2024-11-12T08:05:43.473+0000] {processor.py:153} INFO - Started process (PID=543) to work on /home/airflow/.local/lib/python3.7/site-packages/airflow/example_dags/example_xcom.py
[2024-11-12T08:05:43.474+0000] {processor.py:743} INFO - Processing file /home/airflow/.local/lib/python3.7/site-packages/airflow/example_dags/example_xcom.py for tasks to queue
[2024-11-12T08:05:43.474+0000] {logging_mixin.py:137} INFO - [2024-11-12T08:05:43.474+0000] {dagbag.py:538} INFO - Filling up the DagBag from /home/airflow/.local/lib/python3.7/site-packages/airflow/example_dags/example_xcom.py
[2024-11-12T08:05:43.495+0000] {processor.py:753} INFO - DAG(s) dict_keys(['example_xcom']) retrieved from /home/airflow/.local/lib/python3.7/site-packages/airflow/example_dags/example_xcom.py
[2024-11-12T08:05:43.520+0000] {logging_mixin.py:137} INFO - [2024-11-12T08:05:43.520+0000] {dag.py:2690} INFO - Sync 1 DAGs
[2024-11-12T08:05:43.541+0000] {logging_mixin.py:137} INFO - [2024-11-12T08:05:43.541+0000] {dag.py:3441} INFO - Setting next_dagrun for example_xcom to 2021-01-01T00:00:00+00:00, run_after=2021-01-01T00:00:00+00:00
[2024-11-12T08:05:43.563+0000] {processor.py:175} INFO - Processing /home/airflow/.local/lib/python3.7/site-packages/airflow/example_dags/example_xcom.py took 0.093 seconds
[2024-11-12T08:06:15.102+0000] {processor.py:153} INFO - Started process (PID=630) to work on /home/airflow/.local/lib/python3.7/site-packages/airflow/example_dags/example_xcom.py
[2024-11-12T08:06:15.103+0000] {processor.py:743} INFO - Processing file /home/airflow/.local/lib/python3.7/site-packages/airflow/example_dags/example_xcom.py for tasks to queue
[2024-11-12T08:06:15.104+0000] {logging_mixin.py:137} INFO - [2024-11-12T08:06:15.104+0000] {dagbag.py:538} INFO - Filling up the DagBag from /home/airflow/.local/lib/python3.7/site-packages/airflow/example_dags/example_xcom.py
[2024-11-12T08:06:15.125+0000] {processor.py:753} INFO - DAG(s) dict_keys(['example_xcom']) retrieved from /home/airflow/.local/lib/python3.7/site-packages/airflow/example_dags/example_xcom.py
[2024-11-12T08:06:15.149+0000] {logging_mixin.py:137} INFO - [2024-11-12T08:06:15.149+0000] {dag.py:2690} INFO - Sync 1 DAGs
[2024-11-12T08:06:15.172+0000] {logging_mixin.py:137} INFO - [2024-11-12T08:06:15.172+0000] {dag.py:3441} INFO - Setting next_dagrun for example_xcom to 2021-01-01T00:00:00+00:00, run_after=2021-01-01T00:00:00+00:00
[2024-11-12T08:06:15.193+0000] {processor.py:175} INFO - Processing /home/airflow/.local/lib/python3.7/site-packages/airflow/example_dags/example_xcom.py took 0.094 seconds
[2024-11-12T08:06:45.732+0000] {processor.py:153} INFO - Started process (PID=701) to work on /home/airflow/.local/lib/python3.7/site-packages/airflow/example_dags/example_xcom.py
[2024-11-12T08:06:45.733+0000] {processor.py:743} INFO - Processing file /home/airflow/.local/lib/python3.7/site-packages/airflow/example_dags/example_xcom.py for tasks to queue
[2024-11-12T08:06:45.734+0000] {logging_mixin.py:137} INFO - [2024-11-12T08:06:45.734+0000] {dagbag.py:538} INFO - Filling up the DagBag from /home/airflow/.local/lib/python3.7/site-packages/airflow/example_dags/example_xcom.py
[2024-11-12T08:06:45.755+0000] {processor.py:753} INFO - DAG(s) dict_keys(['example_xcom']) retrieved from /home/airflow/.local/lib/python3.7/site-packages/airflow/example_dags/example_xcom.py
[2024-11-12T08:06:45.789+0000] {logging_mixin.py:137} INFO - [2024-11-12T08:06:45.789+0000] {dag.py:2690} INFO - Sync 1 DAGs
[2024-11-12T08:06:45.837+0000] {logging_mixin.py:137} INFO - [2024-11-12T08:06:45.837+0000] {dag.py:3441} INFO - Setting next_dagrun for example_xcom to 2021-01-01T00:00:00+00:00, run_after=2021-01-01T00:00:00+00:00
[2024-11-12T08:06:45.867+0000] {processor.py:175} INFO - Processing /home/airflow/.local/lib/python3.7/site-packages/airflow/example_dags/example_xcom.py took 0.140 seconds
[2024-11-12T08:07:16.419+0000] {processor.py:153} INFO - Started process (PID=788) to work on /home/airflow/.local/lib/python3.7/site-packages/airflow/example_dags/example_xcom.py
[2024-11-12T08:07:16.420+0000] {processor.py:743} INFO - Processing file /home/airflow/.local/lib/python3.7/site-packages/airflow/example_dags/example_xcom.py for tasks to queue
[2024-11-12T08:07:16.421+0000] {logging_mixin.py:137} INFO - [2024-11-12T08:07:16.421+0000] {dagbag.py:538} INFO - Filling up the DagBag from /home/airflow/.local/lib/python3.7/site-packages/airflow/example_dags/example_xcom.py
[2024-11-12T08:07:16.455+0000] {processor.py:753} INFO - DAG(s) dict_keys(['example_xcom']) retrieved from /home/airflow/.local/lib/python3.7/site-packages/airflow/example_dags/example_xcom.py
[2024-11-12T08:07:16.486+0000] {logging_mixin.py:137} INFO - [2024-11-12T08:07:16.485+0000] {dag.py:2690} INFO - Sync 1 DAGs
[2024-11-12T08:07:16.517+0000] {logging_mixin.py:137} INFO - [2024-11-12T08:07:16.517+0000] {dag.py:3441} INFO - Setting next_dagrun for example_xcom to 2021-01-01T00:00:00+00:00, run_after=2021-01-01T00:00:00+00:00
[2024-11-12T08:07:16.546+0000] {processor.py:175} INFO - Processing /home/airflow/.local/lib/python3.7/site-packages/airflow/example_dags/example_xcom.py took 0.130 seconds
[2024-11-12T08:07:46.579+0000] {processor.py:153} INFO - Started process (PID=859) to work on /home/airflow/.local/lib/python3.7/site-packages/airflow/example_dags/example_xcom.py
[2024-11-12T08:07:46.581+0000] {processor.py:743} INFO - Processing file /home/airflow/.local/lib/python3.7/site-packages/airflow/example_dags/example_xcom.py for tasks to queue
[2024-11-12T08:07:46.581+0000] {logging_mixin.py:137} INFO - [2024-11-12T08:07:46.581+0000] {dagbag.py:538} INFO - Filling up the DagBag from /home/airflow/.local/lib/python3.7/site-packages/airflow/example_dags/example_xcom.py
[2024-11-12T08:07:46.602+0000] {processor.py:753} INFO - DAG(s) dict_keys(['example_xcom']) retrieved from /home/airflow/.local/lib/python3.7/site-packages/airflow/example_dags/example_xcom.py
[2024-11-12T08:07:46.626+0000] {logging_mixin.py:137} INFO - [2024-11-12T08:07:46.626+0000] {dag.py:2690} INFO - Sync 1 DAGs
[2024-11-12T08:07:46.647+0000] {logging_mixin.py:137} INFO - [2024-11-12T08:07:46.647+0000] {dag.py:3441} INFO - Setting next_dagrun for example_xcom to 2021-01-01T00:00:00+00:00, run_after=2021-01-01T00:00:00+00:00
[2024-11-12T08:07:46.668+0000] {processor.py:175} INFO - Processing /home/airflow/.local/lib/python3.7/site-packages/airflow/example_dags/example_xcom.py took 0.092 seconds
[2024-11-12T08:08:16.840+0000] {processor.py:153} INFO - Started process (PID=930) to work on /home/airflow/.local/lib/python3.7/site-packages/airflow/example_dags/example_xcom.py
[2024-11-12T08:08:16.842+0000] {processor.py:743} INFO - Processing file /home/airflow/.local/lib/python3.7/site-packages/airflow/example_dags/example_xcom.py for tasks to queue
[2024-11-12T08:08:16.844+0000] {logging_mixin.py:137} INFO - [2024-11-12T08:08:16.844+0000] {dagbag.py:538} INFO - Filling up the DagBag from /home/airflow/.local/lib/python3.7/site-packages/airflow/example_dags/example_xcom.py
[2024-11-12T08:08:16.889+0000] {processor.py:753} INFO - DAG(s) dict_keys(['example_xcom']) retrieved from /home/airflow/.local/lib/python3.7/site-packages/airflow/example_dags/example_xcom.py
[2024-11-12T08:08:16.953+0000] {logging_mixin.py:137} INFO - [2024-11-12T08:08:16.952+0000] {dag.py:2690} INFO - Sync 1 DAGs
[2024-11-12T08:08:17.037+0000] {logging_mixin.py:137} INFO - [2024-11-12T08:08:17.036+0000] {dag.py:3441} INFO - Setting next_dagrun for example_xcom to 2021-01-01T00:00:00+00:00, run_after=2021-01-01T00:00:00+00:00
[2024-11-12T08:08:17.089+0000] {processor.py:175} INFO - Processing /home/airflow/.local/lib/python3.7/site-packages/airflow/example_dags/example_xcom.py took 0.257 seconds
[2024-11-12T08:08:47.399+0000] {processor.py:153} INFO - Started process (PID=1001) to work on /home/airflow/.local/lib/python3.7/site-packages/airflow/example_dags/example_xcom.py
[2024-11-12T08:08:47.401+0000] {processor.py:743} INFO - Processing file /home/airflow/.local/lib/python3.7/site-packages/airflow/example_dags/example_xcom.py for tasks to queue
[2024-11-12T08:08:47.401+0000] {logging_mixin.py:137} INFO - [2024-11-12T08:08:47.401+0000] {dagbag.py:538} INFO - Filling up the DagBag from /home/airflow/.local/lib/python3.7/site-packages/airflow/example_dags/example_xcom.py
[2024-11-12T08:08:47.423+0000] {processor.py:753} INFO - DAG(s) dict_keys(['example_xcom']) retrieved from /home/airflow/.local/lib/python3.7/site-packages/airflow/example_dags/example_xcom.py
[2024-11-12T08:08:47.449+0000] {logging_mixin.py:137} INFO - [2024-11-12T08:08:47.449+0000] {dag.py:2690} INFO - Sync 1 DAGs
[2024-11-12T08:08:47.471+0000] {logging_mixin.py:137} INFO - [2024-11-12T08:08:47.471+0000] {dag.py:3441} INFO - Setting next_dagrun for example_xcom to 2021-01-01T00:00:00+00:00, run_after=2021-01-01T00:00:00+00:00
[2024-11-12T08:08:47.493+0000] {processor.py:175} INFO - Processing /home/airflow/.local/lib/python3.7/site-packages/airflow/example_dags/example_xcom.py took 0.097 seconds
[2024-11-12T08:09:18.967+0000] {processor.py:153} INFO - Started process (PID=1088) to work on /home/airflow/.local/lib/python3.7/site-packages/airflow/example_dags/example_xcom.py
[2024-11-12T08:09:18.969+0000] {processor.py:743} INFO - Processing file /home/airflow/.local/lib/python3.7/site-packages/airflow/example_dags/example_xcom.py for tasks to queue
[2024-11-12T08:09:18.970+0000] {logging_mixin.py:137} INFO - [2024-11-12T08:09:18.970+0000] {dagbag.py:538} INFO - Filling up the DagBag from /home/airflow/.local/lib/python3.7/site-packages/airflow/example_dags/example_xcom.py
[2024-11-12T08:09:19.009+0000] {processor.py:753} INFO - DAG(s) dict_keys(['example_xcom']) retrieved from /home/airflow/.local/lib/python3.7/site-packages/airflow/example_dags/example_xcom.py
[2024-11-12T08:09:19.048+0000] {logging_mixin.py:137} INFO - [2024-11-12T08:09:19.048+0000] {dag.py:2690} INFO - Sync 1 DAGs
[2024-11-12T08:09:19.088+0000] {logging_mixin.py:137} INFO - [2024-11-12T08:09:19.088+0000] {dag.py:3441} INFO - Setting next_dagrun for example_xcom to 2021-01-01T00:00:00+00:00, run_after=2021-01-01T00:00:00+00:00
[2024-11-12T08:09:19.123+0000] {processor.py:175} INFO - Processing /home/airflow/.local/lib/python3.7/site-packages/airflow/example_dags/example_xcom.py took 0.162 seconds
[2024-11-12T08:09:49.182+0000] {processor.py:153} INFO - Started process (PID=1160) to work on /home/airflow/.local/lib/python3.7/site-packages/airflow/example_dags/example_xcom.py
[2024-11-12T08:09:49.183+0000] {processor.py:743} INFO - Processing file /home/airflow/.local/lib/python3.7/site-packages/airflow/example_dags/example_xcom.py for tasks to queue
[2024-11-12T08:09:49.184+0000] {logging_mixin.py:137} INFO - [2024-11-12T08:09:49.184+0000] {dagbag.py:538} INFO - Filling up the DagBag from /home/airflow/.local/lib/python3.7/site-packages/airflow/example_dags/example_xcom.py
[2024-11-12T08:09:49.202+0000] {processor.py:753} INFO - DAG(s) dict_keys(['example_xcom']) retrieved from /home/airflow/.local/lib/python3.7/site-packages/airflow/example_dags/example_xcom.py
[2024-11-12T08:09:49.226+0000] {logging_mixin.py:137} INFO - [2024-11-12T08:09:49.226+0000] {dag.py:2690} INFO - Sync 1 DAGs
[2024-11-12T08:09:49.247+0000] {logging_mixin.py:137} INFO - [2024-11-12T08:09:49.246+0000] {dag.py:3441} INFO - Setting next_dagrun for example_xcom to 2021-01-01T00:00:00+00:00, run_after=2021-01-01T00:00:00+00:00
[2024-11-12T08:09:49.267+0000] {processor.py:175} INFO - Processing /home/airflow/.local/lib/python3.7/site-packages/airflow/example_dags/example_xcom.py took 0.088 seconds
[2024-11-12T08:10:19.649+0000] {processor.py:153} INFO - Started process (PID=1231) to work on /home/airflow/.local/lib/python3.7/site-packages/airflow/example_dags/example_xcom.py
[2024-11-12T08:10:19.650+0000] {processor.py:743} INFO - Processing file /home/airflow/.local/lib/python3.7/site-packages/airflow/example_dags/example_xcom.py for tasks to queue
[2024-11-12T08:10:19.651+0000] {logging_mixin.py:137} INFO - [2024-11-12T08:10:19.651+0000] {dagbag.py:538} INFO - Filling up the DagBag from /home/airflow/.local/lib/python3.7/site-packages/airflow/example_dags/example_xcom.py
[2024-11-12T08:10:19.673+0000] {processor.py:753} INFO - DAG(s) dict_keys(['example_xcom']) retrieved from /home/airflow/.local/lib/python3.7/site-packages/airflow/example_dags/example_xcom.py
[2024-11-12T08:10:19.704+0000] {logging_mixin.py:137} INFO - [2024-11-12T08:10:19.704+0000] {dag.py:2690} INFO - Sync 1 DAGs
[2024-11-12T08:10:19.735+0000] {logging_mixin.py:137} INFO - [2024-11-12T08:10:19.735+0000] {dag.py:3441} INFO - Setting next_dagrun for example_xcom to 2021-01-01T00:00:00+00:00, run_after=2021-01-01T00:00:00+00:00
[2024-11-12T08:10:19.758+0000] {processor.py:175} INFO - Processing /home/airflow/.local/lib/python3.7/site-packages/airflow/example_dags/example_xcom.py took 0.112 seconds
[2024-11-12T08:10:49.841+0000] {processor.py:153} INFO - Started process (PID=1318) to work on /home/airflow/.local/lib/python3.7/site-packages/airflow/example_dags/example_xcom.py
[2024-11-12T08:10:49.842+0000] {processor.py:743} INFO - Processing file /home/airflow/.local/lib/python3.7/site-packages/airflow/example_dags/example_xcom.py for tasks to queue
[2024-11-12T08:10:49.843+0000] {logging_mixin.py:137} INFO - [2024-11-12T08:10:49.843+0000] {dagbag.py:538} INFO - Filling up the DagBag from /home/airflow/.local/lib/python3.7/site-packages/airflow/example_dags/example_xcom.py
[2024-11-12T08:10:49.864+0000] {processor.py:753} INFO - DAG(s) dict_keys(['example_xcom']) retrieved from /home/airflow/.local/lib/python3.7/site-packages/airflow/example_dags/example_xcom.py
[2024-11-12T08:10:49.889+0000] {logging_mixin.py:137} INFO - [2024-11-12T08:10:49.889+0000] {dag.py:2690} INFO - Sync 1 DAGs
[2024-11-12T08:10:49.912+0000] {logging_mixin.py:137} INFO - [2024-11-12T08:10:49.912+0000] {dag.py:3441} INFO - Setting next_dagrun for example_xcom to 2021-01-01T00:00:00+00:00, run_after=2021-01-01T00:00:00+00:00
[2024-11-12T08:10:49.934+0000] {processor.py:175} INFO - Processing /home/airflow/.local/lib/python3.7/site-packages/airflow/example_dags/example_xcom.py took 0.097 seconds
