[2024-11-12T07:54:47.079+0000] {processor.py:153} INFO - Started process (PID=66) to work on /home/airflow/.local/lib/python3.7/site-packages/airflow/example_dags/example_latest_only_with_trigger.py
[2024-11-12T07:54:47.080+0000] {processor.py:743} INFO - Processing file /home/airflow/.local/lib/python3.7/site-packages/airflow/example_dags/example_latest_only_with_trigger.py for tasks to queue
[2024-11-12T07:54:47.081+0000] {logging_mixin.py:137} INFO - [2024-11-12T07:54:47.081+0000] {dagbag.py:538} INFO - Filling up the DagBag from /home/airflow/.local/lib/python3.7/site-packages/airflow/example_dags/example_latest_only_with_trigger.py
[2024-11-12T07:54:47.101+0000] {processor.py:753} INFO - DAG(s) dict_keys(['latest_only_with_trigger']) retrieved from /home/airflow/.local/lib/python3.7/site-packages/airflow/example_dags/example_latest_only_with_trigger.py
[2024-11-12T07:54:47.115+0000] {logging_mixin.py:137} INFO - [2024-11-12T07:54:47.115+0000] {dag.py:2690} INFO - Sync 1 DAGs
[2024-11-12T07:54:47.149+0000] {logging_mixin.py:137} INFO - [2024-11-12T07:54:47.149+0000] {dag.py:3441} INFO - Setting next_dagrun for latest_only_with_trigger to 2024-11-12T03:54:47.148320+00:00, run_after=2024-11-12T07:54:47.148320+00:00
[2024-11-12T07:54:47.175+0000] {processor.py:175} INFO - Processing /home/airflow/.local/lib/python3.7/site-packages/airflow/example_dags/example_latest_only_with_trigger.py took 0.100 seconds
[2024-11-12T07:55:17.652+0000] {processor.py:153} INFO - Started process (PID=137) to work on /home/airflow/.local/lib/python3.7/site-packages/airflow/example_dags/example_latest_only_with_trigger.py
[2024-11-12T07:55:17.653+0000] {processor.py:743} INFO - Processing file /home/airflow/.local/lib/python3.7/site-packages/airflow/example_dags/example_latest_only_with_trigger.py for tasks to queue
[2024-11-12T07:55:17.654+0000] {logging_mixin.py:137} INFO - [2024-11-12T07:55:17.654+0000] {dagbag.py:538} INFO - Filling up the DagBag from /home/airflow/.local/lib/python3.7/site-packages/airflow/example_dags/example_latest_only_with_trigger.py
[2024-11-12T07:55:17.672+0000] {processor.py:753} INFO - DAG(s) dict_keys(['latest_only_with_trigger']) retrieved from /home/airflow/.local/lib/python3.7/site-packages/airflow/example_dags/example_latest_only_with_trigger.py
[2024-11-12T07:55:17.698+0000] {logging_mixin.py:137} INFO - [2024-11-12T07:55:17.698+0000] {dag.py:2690} INFO - Sync 1 DAGs
[2024-11-12T07:55:17.721+0000] {logging_mixin.py:137} INFO - [2024-11-12T07:55:17.721+0000] {dag.py:3441} INFO - Setting next_dagrun for latest_only_with_trigger to 2024-11-12T03:55:17.721356+00:00, run_after=2024-11-12T07:55:17.721356+00:00
[2024-11-12T07:55:17.746+0000] {processor.py:175} INFO - Processing /home/airflow/.local/lib/python3.7/site-packages/airflow/example_dags/example_latest_only_with_trigger.py took 0.097 seconds
[2024-11-12T07:55:48.414+0000] {processor.py:153} INFO - Started process (PID=217) to work on /home/airflow/.local/lib/python3.7/site-packages/airflow/example_dags/example_latest_only_with_trigger.py
[2024-11-12T07:55:48.415+0000] {processor.py:743} INFO - Processing file /home/airflow/.local/lib/python3.7/site-packages/airflow/example_dags/example_latest_only_with_trigger.py for tasks to queue
[2024-11-12T07:55:48.416+0000] {logging_mixin.py:137} INFO - [2024-11-12T07:55:48.416+0000] {dagbag.py:538} INFO - Filling up the DagBag from /home/airflow/.local/lib/python3.7/site-packages/airflow/example_dags/example_latest_only_with_trigger.py
[2024-11-12T07:55:48.434+0000] {processor.py:753} INFO - DAG(s) dict_keys(['latest_only_with_trigger']) retrieved from /home/airflow/.local/lib/python3.7/site-packages/airflow/example_dags/example_latest_only_with_trigger.py
[2024-11-12T07:55:48.468+0000] {logging_mixin.py:137} INFO - [2024-11-12T07:55:48.468+0000] {dag.py:2690} INFO - Sync 1 DAGs
[2024-11-12T07:55:48.500+0000] {logging_mixin.py:137} INFO - [2024-11-12T07:55:48.500+0000] {dag.py:3441} INFO - Setting next_dagrun for latest_only_with_trigger to 2024-11-12T03:55:48.500222+00:00, run_after=2024-11-12T07:55:48.500222+00:00
[2024-11-12T07:55:48.526+0000] {processor.py:175} INFO - Processing /home/airflow/.local/lib/python3.7/site-packages/airflow/example_dags/example_latest_only_with_trigger.py took 0.116 seconds
[2024-11-12T07:56:18.867+0000] {processor.py:153} INFO - Started process (PID=295) to work on /home/airflow/.local/lib/python3.7/site-packages/airflow/example_dags/example_latest_only_with_trigger.py
[2024-11-12T07:56:18.869+0000] {processor.py:743} INFO - Processing file /home/airflow/.local/lib/python3.7/site-packages/airflow/example_dags/example_latest_only_with_trigger.py for tasks to queue
[2024-11-12T07:56:18.869+0000] {logging_mixin.py:137} INFO - [2024-11-12T07:56:18.869+0000] {dagbag.py:538} INFO - Filling up the DagBag from /home/airflow/.local/lib/python3.7/site-packages/airflow/example_dags/example_latest_only_with_trigger.py
[2024-11-12T07:56:18.884+0000] {processor.py:753} INFO - DAG(s) dict_keys(['latest_only_with_trigger']) retrieved from /home/airflow/.local/lib/python3.7/site-packages/airflow/example_dags/example_latest_only_with_trigger.py
[2024-11-12T07:56:18.911+0000] {logging_mixin.py:137} INFO - [2024-11-12T07:56:18.911+0000] {dag.py:2690} INFO - Sync 1 DAGs
[2024-11-12T07:56:18.942+0000] {logging_mixin.py:137} INFO - [2024-11-12T07:56:18.942+0000] {dag.py:3441} INFO - Setting next_dagrun for latest_only_with_trigger to 2024-11-12T03:56:18.941807+00:00, run_after=2024-11-12T07:56:18.941807+00:00
[2024-11-12T07:56:18.968+0000] {processor.py:175} INFO - Processing /home/airflow/.local/lib/python3.7/site-packages/airflow/example_dags/example_latest_only_with_trigger.py took 0.105 seconds
[2024-11-12T07:56:49.247+0000] {processor.py:153} INFO - Started process (PID=366) to work on /home/airflow/.local/lib/python3.7/site-packages/airflow/example_dags/example_latest_only_with_trigger.py
[2024-11-12T07:56:49.248+0000] {processor.py:743} INFO - Processing file /home/airflow/.local/lib/python3.7/site-packages/airflow/example_dags/example_latest_only_with_trigger.py for tasks to queue
[2024-11-12T07:56:49.249+0000] {logging_mixin.py:137} INFO - [2024-11-12T07:56:49.249+0000] {dagbag.py:538} INFO - Filling up the DagBag from /home/airflow/.local/lib/python3.7/site-packages/airflow/example_dags/example_latest_only_with_trigger.py
[2024-11-12T07:56:49.268+0000] {processor.py:753} INFO - DAG(s) dict_keys(['latest_only_with_trigger']) retrieved from /home/airflow/.local/lib/python3.7/site-packages/airflow/example_dags/example_latest_only_with_trigger.py
[2024-11-12T07:56:49.309+0000] {logging_mixin.py:137} INFO - [2024-11-12T07:56:49.309+0000] {dag.py:2690} INFO - Sync 1 DAGs
[2024-11-12T07:56:49.357+0000] {logging_mixin.py:137} INFO - [2024-11-12T07:56:49.357+0000] {dag.py:3441} INFO - Setting next_dagrun for latest_only_with_trigger to 2024-11-12T03:56:49.357147+00:00, run_after=2024-11-12T07:56:49.357147+00:00
[2024-11-12T07:56:49.395+0000] {processor.py:175} INFO - Processing /home/airflow/.local/lib/python3.7/site-packages/airflow/example_dags/example_latest_only_with_trigger.py took 0.152 seconds
[2024-11-12T07:57:19.562+0000] {processor.py:153} INFO - Started process (PID=453) to work on /home/airflow/.local/lib/python3.7/site-packages/airflow/example_dags/example_latest_only_with_trigger.py
[2024-11-12T07:57:19.563+0000] {processor.py:743} INFO - Processing file /home/airflow/.local/lib/python3.7/site-packages/airflow/example_dags/example_latest_only_with_trigger.py for tasks to queue
[2024-11-12T07:57:19.564+0000] {logging_mixin.py:137} INFO - [2024-11-12T07:57:19.563+0000] {dagbag.py:538} INFO - Filling up the DagBag from /home/airflow/.local/lib/python3.7/site-packages/airflow/example_dags/example_latest_only_with_trigger.py
[2024-11-12T07:57:19.577+0000] {processor.py:753} INFO - DAG(s) dict_keys(['latest_only_with_trigger']) retrieved from /home/airflow/.local/lib/python3.7/site-packages/airflow/example_dags/example_latest_only_with_trigger.py
[2024-11-12T07:57:19.602+0000] {logging_mixin.py:137} INFO - [2024-11-12T07:57:19.601+0000] {dag.py:2690} INFO - Sync 1 DAGs
[2024-11-12T07:57:19.626+0000] {logging_mixin.py:137} INFO - [2024-11-12T07:57:19.626+0000] {dag.py:3441} INFO - Setting next_dagrun for latest_only_with_trigger to 2024-11-12T03:57:19.625857+00:00, run_after=2024-11-12T07:57:19.625857+00:00
[2024-11-12T07:57:19.648+0000] {processor.py:175} INFO - Processing /home/airflow/.local/lib/python3.7/site-packages/airflow/example_dags/example_latest_only_with_trigger.py took 0.089 seconds
[2024-11-12T07:57:50.724+0000] {processor.py:153} INFO - Started process (PID=524) to work on /home/airflow/.local/lib/python3.7/site-packages/airflow/example_dags/example_latest_only_with_trigger.py
[2024-11-12T07:57:50.725+0000] {processor.py:743} INFO - Processing file /home/airflow/.local/lib/python3.7/site-packages/airflow/example_dags/example_latest_only_with_trigger.py for tasks to queue
[2024-11-12T07:57:50.726+0000] {logging_mixin.py:137} INFO - [2024-11-12T07:57:50.726+0000] {dagbag.py:538} INFO - Filling up the DagBag from /home/airflow/.local/lib/python3.7/site-packages/airflow/example_dags/example_latest_only_with_trigger.py
[2024-11-12T07:57:50.742+0000] {processor.py:753} INFO - DAG(s) dict_keys(['latest_only_with_trigger']) retrieved from /home/airflow/.local/lib/python3.7/site-packages/airflow/example_dags/example_latest_only_with_trigger.py
[2024-11-12T07:57:50.770+0000] {logging_mixin.py:137} INFO - [2024-11-12T07:57:50.770+0000] {dag.py:2690} INFO - Sync 1 DAGs
[2024-11-12T07:57:50.797+0000] {logging_mixin.py:137} INFO - [2024-11-12T07:57:50.797+0000] {dag.py:3441} INFO - Setting next_dagrun for latest_only_with_trigger to 2024-11-12T03:57:50.797271+00:00, run_after=2024-11-12T07:57:50.797271+00:00
[2024-11-12T07:57:50.821+0000] {processor.py:175} INFO - Processing /home/airflow/.local/lib/python3.7/site-packages/airflow/example_dags/example_latest_only_with_trigger.py took 0.101 seconds
[2024-11-12T07:58:21.264+0000] {processor.py:153} INFO - Started process (PID=611) to work on /home/airflow/.local/lib/python3.7/site-packages/airflow/example_dags/example_latest_only_with_trigger.py
[2024-11-12T07:58:21.265+0000] {processor.py:743} INFO - Processing file /home/airflow/.local/lib/python3.7/site-packages/airflow/example_dags/example_latest_only_with_trigger.py for tasks to queue
[2024-11-12T07:58:21.266+0000] {logging_mixin.py:137} INFO - [2024-11-12T07:58:21.266+0000] {dagbag.py:538} INFO - Filling up the DagBag from /home/airflow/.local/lib/python3.7/site-packages/airflow/example_dags/example_latest_only_with_trigger.py
[2024-11-12T07:58:21.278+0000] {processor.py:753} INFO - DAG(s) dict_keys(['latest_only_with_trigger']) retrieved from /home/airflow/.local/lib/python3.7/site-packages/airflow/example_dags/example_latest_only_with_trigger.py
[2024-11-12T07:58:21.303+0000] {logging_mixin.py:137} INFO - [2024-11-12T07:58:21.303+0000] {dag.py:2690} INFO - Sync 1 DAGs
[2024-11-12T07:58:21.326+0000] {logging_mixin.py:137} INFO - [2024-11-12T07:58:21.326+0000] {dag.py:3441} INFO - Setting next_dagrun for latest_only_with_trigger to 2024-11-12T03:58:21.326359+00:00, run_after=2024-11-12T07:58:21.326359+00:00
[2024-11-12T07:58:21.350+0000] {processor.py:175} INFO - Processing /home/airflow/.local/lib/python3.7/site-packages/airflow/example_dags/example_latest_only_with_trigger.py took 0.089 seconds
[2024-11-12T07:58:52.059+0000] {processor.py:153} INFO - Started process (PID=682) to work on /home/airflow/.local/lib/python3.7/site-packages/airflow/example_dags/example_latest_only_with_trigger.py
[2024-11-12T07:58:52.061+0000] {processor.py:743} INFO - Processing file /home/airflow/.local/lib/python3.7/site-packages/airflow/example_dags/example_latest_only_with_trigger.py for tasks to queue
[2024-11-12T07:58:52.061+0000] {logging_mixin.py:137} INFO - [2024-11-12T07:58:52.061+0000] {dagbag.py:538} INFO - Filling up the DagBag from /home/airflow/.local/lib/python3.7/site-packages/airflow/example_dags/example_latest_only_with_trigger.py
[2024-11-12T07:58:52.076+0000] {processor.py:753} INFO - DAG(s) dict_keys(['latest_only_with_trigger']) retrieved from /home/airflow/.local/lib/python3.7/site-packages/airflow/example_dags/example_latest_only_with_trigger.py
[2024-11-12T07:58:52.104+0000] {logging_mixin.py:137} INFO - [2024-11-12T07:58:52.104+0000] {dag.py:2690} INFO - Sync 1 DAGs
[2024-11-12T07:58:52.135+0000] {logging_mixin.py:137} INFO - [2024-11-12T07:58:52.135+0000] {dag.py:3441} INFO - Setting next_dagrun for latest_only_with_trigger to 2024-11-12T03:58:52.134928+00:00, run_after=2024-11-12T07:58:52.134928+00:00
[2024-11-12T07:58:52.158+0000] {processor.py:175} INFO - Processing /home/airflow/.local/lib/python3.7/site-packages/airflow/example_dags/example_latest_only_with_trigger.py took 0.103 seconds
[2024-11-12T07:59:22.188+0000] {processor.py:153} INFO - Started process (PID=771) to work on /home/airflow/.local/lib/python3.7/site-packages/airflow/example_dags/example_latest_only_with_trigger.py
[2024-11-12T07:59:22.189+0000] {processor.py:743} INFO - Processing file /home/airflow/.local/lib/python3.7/site-packages/airflow/example_dags/example_latest_only_with_trigger.py for tasks to queue
[2024-11-12T07:59:22.190+0000] {logging_mixin.py:137} INFO - [2024-11-12T07:59:22.190+0000] {dagbag.py:538} INFO - Filling up the DagBag from /home/airflow/.local/lib/python3.7/site-packages/airflow/example_dags/example_latest_only_with_trigger.py
[2024-11-12T07:59:22.203+0000] {processor.py:753} INFO - DAG(s) dict_keys(['latest_only_with_trigger']) retrieved from /home/airflow/.local/lib/python3.7/site-packages/airflow/example_dags/example_latest_only_with_trigger.py
[2024-11-12T07:59:22.230+0000] {logging_mixin.py:137} INFO - [2024-11-12T07:59:22.229+0000] {dag.py:2690} INFO - Sync 1 DAGs
[2024-11-12T07:59:22.255+0000] {logging_mixin.py:137} INFO - [2024-11-12T07:59:22.254+0000] {dag.py:3441} INFO - Setting next_dagrun for latest_only_with_trigger to 2024-11-12T03:59:22.254773+00:00, run_after=2024-11-12T07:59:22.254773+00:00
[2024-11-12T07:59:22.277+0000] {processor.py:175} INFO - Processing /home/airflow/.local/lib/python3.7/site-packages/airflow/example_dags/example_latest_only_with_trigger.py took 0.092 seconds
[2024-11-12T07:59:52.405+0000] {processor.py:153} INFO - Started process (PID=842) to work on /home/airflow/.local/lib/python3.7/site-packages/airflow/example_dags/example_latest_only_with_trigger.py
[2024-11-12T07:59:52.406+0000] {processor.py:743} INFO - Processing file /home/airflow/.local/lib/python3.7/site-packages/airflow/example_dags/example_latest_only_with_trigger.py for tasks to queue
[2024-11-12T07:59:52.407+0000] {logging_mixin.py:137} INFO - [2024-11-12T07:59:52.407+0000] {dagbag.py:538} INFO - Filling up the DagBag from /home/airflow/.local/lib/python3.7/site-packages/airflow/example_dags/example_latest_only_with_trigger.py
[2024-11-12T07:59:52.419+0000] {processor.py:753} INFO - DAG(s) dict_keys(['latest_only_with_trigger']) retrieved from /home/airflow/.local/lib/python3.7/site-packages/airflow/example_dags/example_latest_only_with_trigger.py
[2024-11-12T07:59:52.450+0000] {logging_mixin.py:137} INFO - [2024-11-12T07:59:52.449+0000] {dag.py:2690} INFO - Sync 1 DAGs
[2024-11-12T07:59:52.487+0000] {logging_mixin.py:137} INFO - [2024-11-12T07:59:52.487+0000] {dag.py:3441} INFO - Setting next_dagrun for latest_only_with_trigger to 2024-11-12T03:59:52.486750+00:00, run_after=2024-11-12T07:59:52.486750+00:00
[2024-11-12T07:59:52.533+0000] {processor.py:175} INFO - Processing /home/airflow/.local/lib/python3.7/site-packages/airflow/example_dags/example_latest_only_with_trigger.py took 0.132 seconds
[2024-11-12T08:00:22.794+0000] {processor.py:153} INFO - Started process (PID=929) to work on /home/airflow/.local/lib/python3.7/site-packages/airflow/example_dags/example_latest_only_with_trigger.py
[2024-11-12T08:00:22.795+0000] {processor.py:743} INFO - Processing file /home/airflow/.local/lib/python3.7/site-packages/airflow/example_dags/example_latest_only_with_trigger.py for tasks to queue
[2024-11-12T08:00:22.796+0000] {logging_mixin.py:137} INFO - [2024-11-12T08:00:22.796+0000] {dagbag.py:538} INFO - Filling up the DagBag from /home/airflow/.local/lib/python3.7/site-packages/airflow/example_dags/example_latest_only_with_trigger.py
[2024-11-12T08:00:22.812+0000] {processor.py:753} INFO - DAG(s) dict_keys(['latest_only_with_trigger']) retrieved from /home/airflow/.local/lib/python3.7/site-packages/airflow/example_dags/example_latest_only_with_trigger.py
[2024-11-12T08:00:22.840+0000] {logging_mixin.py:137} INFO - [2024-11-12T08:00:22.840+0000] {dag.py:2690} INFO - Sync 1 DAGs
[2024-11-12T08:00:22.869+0000] {logging_mixin.py:137} INFO - [2024-11-12T08:00:22.869+0000] {dag.py:3441} INFO - Setting next_dagrun for latest_only_with_trigger to 2024-11-12T04:00:22.868267+00:00, run_after=2024-11-12T08:00:22.868267+00:00
[2024-11-12T08:00:22.898+0000] {processor.py:175} INFO - Processing /home/airflow/.local/lib/python3.7/site-packages/airflow/example_dags/example_latest_only_with_trigger.py took 0.108 seconds
[2024-11-12T08:00:53.672+0000] {processor.py:153} INFO - Started process (PID=1000) to work on /home/airflow/.local/lib/python3.7/site-packages/airflow/example_dags/example_latest_only_with_trigger.py
[2024-11-12T08:00:53.673+0000] {processor.py:743} INFO - Processing file /home/airflow/.local/lib/python3.7/site-packages/airflow/example_dags/example_latest_only_with_trigger.py for tasks to queue
[2024-11-12T08:00:53.674+0000] {logging_mixin.py:137} INFO - [2024-11-12T08:00:53.674+0000] {dagbag.py:538} INFO - Filling up the DagBag from /home/airflow/.local/lib/python3.7/site-packages/airflow/example_dags/example_latest_only_with_trigger.py
[2024-11-12T08:00:53.689+0000] {processor.py:753} INFO - DAG(s) dict_keys(['latest_only_with_trigger']) retrieved from /home/airflow/.local/lib/python3.7/site-packages/airflow/example_dags/example_latest_only_with_trigger.py
[2024-11-12T08:00:53.713+0000] {logging_mixin.py:137} INFO - [2024-11-12T08:00:53.712+0000] {dag.py:2690} INFO - Sync 1 DAGs
[2024-11-12T08:00:53.737+0000] {logging_mixin.py:137} INFO - [2024-11-12T08:00:53.737+0000] {dag.py:3441} INFO - Setting next_dagrun for latest_only_with_trigger to 2024-11-12T04:00:53.737310+00:00, run_after=2024-11-12T08:00:53.737310+00:00
[2024-11-12T08:00:53.759+0000] {processor.py:175} INFO - Processing /home/airflow/.local/lib/python3.7/site-packages/airflow/example_dags/example_latest_only_with_trigger.py took 0.090 seconds
[2024-11-12T08:01:24.498+0000] {processor.py:153} INFO - Started process (PID=1087) to work on /home/airflow/.local/lib/python3.7/site-packages/airflow/example_dags/example_latest_only_with_trigger.py
[2024-11-12T08:01:24.499+0000] {processor.py:743} INFO - Processing file /home/airflow/.local/lib/python3.7/site-packages/airflow/example_dags/example_latest_only_with_trigger.py for tasks to queue
[2024-11-12T08:01:24.500+0000] {logging_mixin.py:137} INFO - [2024-11-12T08:01:24.500+0000] {dagbag.py:538} INFO - Filling up the DagBag from /home/airflow/.local/lib/python3.7/site-packages/airflow/example_dags/example_latest_only_with_trigger.py
[2024-11-12T08:01:24.522+0000] {processor.py:753} INFO - DAG(s) dict_keys(['latest_only_with_trigger']) retrieved from /home/airflow/.local/lib/python3.7/site-packages/airflow/example_dags/example_latest_only_with_trigger.py
[2024-11-12T08:01:24.557+0000] {logging_mixin.py:137} INFO - [2024-11-12T08:01:24.557+0000] {dag.py:2690} INFO - Sync 1 DAGs
[2024-11-12T08:01:24.583+0000] {logging_mixin.py:137} INFO - [2024-11-12T08:01:24.582+0000] {dag.py:3441} INFO - Setting next_dagrun for latest_only_with_trigger to 2024-11-12T04:01:24.582750+00:00, run_after=2024-11-12T08:01:24.582750+00:00
[2024-11-12T08:01:24.602+0000] {processor.py:175} INFO - Processing /home/airflow/.local/lib/python3.7/site-packages/airflow/example_dags/example_latest_only_with_trigger.py took 0.109 seconds
[2024-11-12T08:02:37.532+0000] {processor.py:153} INFO - Started process (PID=48) to work on /home/airflow/.local/lib/python3.7/site-packages/airflow/example_dags/example_latest_only_with_trigger.py
[2024-11-12T08:02:37.534+0000] {processor.py:743} INFO - Processing file /home/airflow/.local/lib/python3.7/site-packages/airflow/example_dags/example_latest_only_with_trigger.py for tasks to queue
[2024-11-12T08:02:37.536+0000] {logging_mixin.py:137} INFO - [2024-11-12T08:02:37.536+0000] {dagbag.py:538} INFO - Filling up the DagBag from /home/airflow/.local/lib/python3.7/site-packages/airflow/example_dags/example_latest_only_with_trigger.py
[2024-11-12T08:02:37.570+0000] {processor.py:753} INFO - DAG(s) dict_keys(['latest_only_with_trigger']) retrieved from /home/airflow/.local/lib/python3.7/site-packages/airflow/example_dags/example_latest_only_with_trigger.py
[2024-11-12T08:02:37.587+0000] {logging_mixin.py:137} INFO - [2024-11-12T08:02:37.587+0000] {dag.py:2690} INFO - Sync 1 DAGs
[2024-11-12T08:02:37.624+0000] {logging_mixin.py:137} INFO - [2024-11-12T08:02:37.624+0000] {dag.py:3441} INFO - Setting next_dagrun for latest_only_with_trigger to 2024-11-12T04:02:37.624363+00:00, run_after=2024-11-12T08:02:37.624363+00:00
[2024-11-12T08:02:37.660+0000] {processor.py:175} INFO - Processing /home/airflow/.local/lib/python3.7/site-packages/airflow/example_dags/example_latest_only_with_trigger.py took 0.133 seconds
[2024-11-12T08:03:08.624+0000] {processor.py:153} INFO - Started process (PID=135) to work on /home/airflow/.local/lib/python3.7/site-packages/airflow/example_dags/example_latest_only_with_trigger.py
[2024-11-12T08:03:08.625+0000] {processor.py:743} INFO - Processing file /home/airflow/.local/lib/python3.7/site-packages/airflow/example_dags/example_latest_only_with_trigger.py for tasks to queue
[2024-11-12T08:03:08.626+0000] {logging_mixin.py:137} INFO - [2024-11-12T08:03:08.625+0000] {dagbag.py:538} INFO - Filling up the DagBag from /home/airflow/.local/lib/python3.7/site-packages/airflow/example_dags/example_latest_only_with_trigger.py
[2024-11-12T08:03:08.645+0000] {processor.py:753} INFO - DAG(s) dict_keys(['latest_only_with_trigger']) retrieved from /home/airflow/.local/lib/python3.7/site-packages/airflow/example_dags/example_latest_only_with_trigger.py
[2024-11-12T08:03:08.675+0000] {logging_mixin.py:137} INFO - [2024-11-12T08:03:08.675+0000] {dag.py:2690} INFO - Sync 1 DAGs
[2024-11-12T08:03:08.705+0000] {logging_mixin.py:137} INFO - [2024-11-12T08:03:08.705+0000] {dag.py:3441} INFO - Setting next_dagrun for latest_only_with_trigger to 2024-11-12T04:03:08.704823+00:00, run_after=2024-11-12T08:03:08.704823+00:00
[2024-11-12T08:03:08.736+0000] {processor.py:175} INFO - Processing /home/airflow/.local/lib/python3.7/site-packages/airflow/example_dags/example_latest_only_with_trigger.py took 0.115 seconds
[2024-11-12T08:03:39.387+0000] {processor.py:153} INFO - Started process (PID=206) to work on /home/airflow/.local/lib/python3.7/site-packages/airflow/example_dags/example_latest_only_with_trigger.py
[2024-11-12T08:03:39.388+0000] {processor.py:743} INFO - Processing file /home/airflow/.local/lib/python3.7/site-packages/airflow/example_dags/example_latest_only_with_trigger.py for tasks to queue
[2024-11-12T08:03:39.389+0000] {logging_mixin.py:137} INFO - [2024-11-12T08:03:39.388+0000] {dagbag.py:538} INFO - Filling up the DagBag from /home/airflow/.local/lib/python3.7/site-packages/airflow/example_dags/example_latest_only_with_trigger.py
[2024-11-12T08:03:39.401+0000] {processor.py:753} INFO - DAG(s) dict_keys(['latest_only_with_trigger']) retrieved from /home/airflow/.local/lib/python3.7/site-packages/airflow/example_dags/example_latest_only_with_trigger.py
[2024-11-12T08:03:39.426+0000] {logging_mixin.py:137} INFO - [2024-11-12T08:03:39.426+0000] {dag.py:2690} INFO - Sync 1 DAGs
[2024-11-12T08:03:39.448+0000] {logging_mixin.py:137} INFO - [2024-11-12T08:03:39.448+0000] {dag.py:3441} INFO - Setting next_dagrun for latest_only_with_trigger to 2024-11-12T04:03:39.447782+00:00, run_after=2024-11-12T08:03:39.447782+00:00
[2024-11-12T08:03:39.470+0000] {processor.py:175} INFO - Processing /home/airflow/.local/lib/python3.7/site-packages/airflow/example_dags/example_latest_only_with_trigger.py took 0.086 seconds
[2024-11-12T08:04:09.931+0000] {processor.py:153} INFO - Started process (PID=293) to work on /home/airflow/.local/lib/python3.7/site-packages/airflow/example_dags/example_latest_only_with_trigger.py
[2024-11-12T08:04:09.932+0000] {processor.py:743} INFO - Processing file /home/airflow/.local/lib/python3.7/site-packages/airflow/example_dags/example_latest_only_with_trigger.py for tasks to queue
[2024-11-12T08:04:09.933+0000] {logging_mixin.py:137} INFO - [2024-11-12T08:04:09.933+0000] {dagbag.py:538} INFO - Filling up the DagBag from /home/airflow/.local/lib/python3.7/site-packages/airflow/example_dags/example_latest_only_with_trigger.py
[2024-11-12T08:04:09.949+0000] {processor.py:753} INFO - DAG(s) dict_keys(['latest_only_with_trigger']) retrieved from /home/airflow/.local/lib/python3.7/site-packages/airflow/example_dags/example_latest_only_with_trigger.py
[2024-11-12T08:04:09.982+0000] {logging_mixin.py:137} INFO - [2024-11-12T08:04:09.982+0000] {dag.py:2690} INFO - Sync 1 DAGs
[2024-11-12T08:04:10.012+0000] {logging_mixin.py:137} INFO - [2024-11-12T08:04:10.012+0000] {dag.py:3441} INFO - Setting next_dagrun for latest_only_with_trigger to 2024-11-12T04:04:10.012125+00:00, run_after=2024-11-12T08:04:10.012125+00:00
[2024-11-12T08:04:10.035+0000] {processor.py:175} INFO - Processing /home/airflow/.local/lib/python3.7/site-packages/airflow/example_dags/example_latest_only_with_trigger.py took 0.109 seconds
[2024-11-12T08:04:40.858+0000] {processor.py:153} INFO - Started process (PID=364) to work on /home/airflow/.local/lib/python3.7/site-packages/airflow/example_dags/example_latest_only_with_trigger.py
[2024-11-12T08:04:40.859+0000] {processor.py:743} INFO - Processing file /home/airflow/.local/lib/python3.7/site-packages/airflow/example_dags/example_latest_only_with_trigger.py for tasks to queue
[2024-11-12T08:04:40.860+0000] {logging_mixin.py:137} INFO - [2024-11-12T08:04:40.860+0000] {dagbag.py:538} INFO - Filling up the DagBag from /home/airflow/.local/lib/python3.7/site-packages/airflow/example_dags/example_latest_only_with_trigger.py
[2024-11-12T08:04:40.874+0000] {processor.py:753} INFO - DAG(s) dict_keys(['latest_only_with_trigger']) retrieved from /home/airflow/.local/lib/python3.7/site-packages/airflow/example_dags/example_latest_only_with_trigger.py
[2024-11-12T08:04:40.903+0000] {logging_mixin.py:137} INFO - [2024-11-12T08:04:40.903+0000] {dag.py:2690} INFO - Sync 1 DAGs
[2024-11-12T08:04:40.947+0000] {logging_mixin.py:137} INFO - [2024-11-12T08:04:40.947+0000] {dag.py:3441} INFO - Setting next_dagrun for latest_only_with_trigger to 2024-11-12T04:04:40.945935+00:00, run_after=2024-11-12T08:04:40.945935+00:00
[2024-11-12T08:04:40.976+0000] {processor.py:175} INFO - Processing /home/airflow/.local/lib/python3.7/site-packages/airflow/example_dags/example_latest_only_with_trigger.py took 0.122 seconds
[2024-11-12T08:05:11.136+0000] {processor.py:153} INFO - Started process (PID=451) to work on /home/airflow/.local/lib/python3.7/site-packages/airflow/example_dags/example_latest_only_with_trigger.py
[2024-11-12T08:05:11.137+0000] {processor.py:743} INFO - Processing file /home/airflow/.local/lib/python3.7/site-packages/airflow/example_dags/example_latest_only_with_trigger.py for tasks to queue
[2024-11-12T08:05:11.138+0000] {logging_mixin.py:137} INFO - [2024-11-12T08:05:11.138+0000] {dagbag.py:538} INFO - Filling up the DagBag from /home/airflow/.local/lib/python3.7/site-packages/airflow/example_dags/example_latest_only_with_trigger.py
[2024-11-12T08:05:11.156+0000] {processor.py:753} INFO - DAG(s) dict_keys(['latest_only_with_trigger']) retrieved from /home/airflow/.local/lib/python3.7/site-packages/airflow/example_dags/example_latest_only_with_trigger.py
[2024-11-12T08:05:11.185+0000] {logging_mixin.py:137} INFO - [2024-11-12T08:05:11.185+0000] {dag.py:2690} INFO - Sync 1 DAGs
[2024-11-12T08:05:11.215+0000] {logging_mixin.py:137} INFO - [2024-11-12T08:05:11.214+0000] {dag.py:3441} INFO - Setting next_dagrun for latest_only_with_trigger to 2024-11-12T04:05:11.214601+00:00, run_after=2024-11-12T08:05:11.214601+00:00
[2024-11-12T08:05:11.240+0000] {processor.py:175} INFO - Processing /home/airflow/.local/lib/python3.7/site-packages/airflow/example_dags/example_latest_only_with_trigger.py took 0.108 seconds
[2024-11-12T08:05:42.062+0000] {processor.py:153} INFO - Started process (PID=522) to work on /home/airflow/.local/lib/python3.7/site-packages/airflow/example_dags/example_latest_only_with_trigger.py
[2024-11-12T08:05:42.063+0000] {processor.py:743} INFO - Processing file /home/airflow/.local/lib/python3.7/site-packages/airflow/example_dags/example_latest_only_with_trigger.py for tasks to queue
[2024-11-12T08:05:42.064+0000] {logging_mixin.py:137} INFO - [2024-11-12T08:05:42.064+0000] {dagbag.py:538} INFO - Filling up the DagBag from /home/airflow/.local/lib/python3.7/site-packages/airflow/example_dags/example_latest_only_with_trigger.py
[2024-11-12T08:05:42.079+0000] {processor.py:753} INFO - DAG(s) dict_keys(['latest_only_with_trigger']) retrieved from /home/airflow/.local/lib/python3.7/site-packages/airflow/example_dags/example_latest_only_with_trigger.py
[2024-11-12T08:05:42.105+0000] {logging_mixin.py:137} INFO - [2024-11-12T08:05:42.105+0000] {dag.py:2690} INFO - Sync 1 DAGs
[2024-11-12T08:05:42.131+0000] {logging_mixin.py:137} INFO - [2024-11-12T08:05:42.131+0000] {dag.py:3441} INFO - Setting next_dagrun for latest_only_with_trigger to 2024-11-12T04:05:42.131321+00:00, run_after=2024-11-12T08:05:42.131321+00:00
[2024-11-12T08:05:42.157+0000] {processor.py:175} INFO - Processing /home/airflow/.local/lib/python3.7/site-packages/airflow/example_dags/example_latest_only_with_trigger.py took 0.099 seconds
[2024-11-12T08:06:13.128+0000] {processor.py:153} INFO - Started process (PID=609) to work on /home/airflow/.local/lib/python3.7/site-packages/airflow/example_dags/example_latest_only_with_trigger.py
[2024-11-12T08:06:13.131+0000] {processor.py:743} INFO - Processing file /home/airflow/.local/lib/python3.7/site-packages/airflow/example_dags/example_latest_only_with_trigger.py for tasks to queue
[2024-11-12T08:06:13.131+0000] {logging_mixin.py:137} INFO - [2024-11-12T08:06:13.131+0000] {dagbag.py:538} INFO - Filling up the DagBag from /home/airflow/.local/lib/python3.7/site-packages/airflow/example_dags/example_latest_only_with_trigger.py
[2024-11-12T08:06:13.153+0000] {processor.py:753} INFO - DAG(s) dict_keys(['latest_only_with_trigger']) retrieved from /home/airflow/.local/lib/python3.7/site-packages/airflow/example_dags/example_latest_only_with_trigger.py
[2024-11-12T08:06:13.192+0000] {logging_mixin.py:137} INFO - [2024-11-12T08:06:13.191+0000] {dag.py:2690} INFO - Sync 1 DAGs
[2024-11-12T08:06:13.239+0000] {logging_mixin.py:137} INFO - [2024-11-12T08:06:13.239+0000] {dag.py:3441} INFO - Setting next_dagrun for latest_only_with_trigger to 2024-11-12T04:06:13.238876+00:00, run_after=2024-11-12T08:06:13.238876+00:00
[2024-11-12T08:06:13.271+0000] {processor.py:175} INFO - Processing /home/airflow/.local/lib/python3.7/site-packages/airflow/example_dags/example_latest_only_with_trigger.py took 0.150 seconds
[2024-11-12T08:06:43.424+0000] {processor.py:153} INFO - Started process (PID=680) to work on /home/airflow/.local/lib/python3.7/site-packages/airflow/example_dags/example_latest_only_with_trigger.py
[2024-11-12T08:06:43.425+0000] {processor.py:743} INFO - Processing file /home/airflow/.local/lib/python3.7/site-packages/airflow/example_dags/example_latest_only_with_trigger.py for tasks to queue
[2024-11-12T08:06:43.426+0000] {logging_mixin.py:137} INFO - [2024-11-12T08:06:43.426+0000] {dagbag.py:538} INFO - Filling up the DagBag from /home/airflow/.local/lib/python3.7/site-packages/airflow/example_dags/example_latest_only_with_trigger.py
[2024-11-12T08:06:43.457+0000] {processor.py:753} INFO - DAG(s) dict_keys(['latest_only_with_trigger']) retrieved from /home/airflow/.local/lib/python3.7/site-packages/airflow/example_dags/example_latest_only_with_trigger.py
[2024-11-12T08:06:43.486+0000] {logging_mixin.py:137} INFO - [2024-11-12T08:06:43.486+0000] {dag.py:2690} INFO - Sync 1 DAGs
[2024-11-12T08:06:43.512+0000] {logging_mixin.py:137} INFO - [2024-11-12T08:06:43.512+0000] {dag.py:3441} INFO - Setting next_dagrun for latest_only_with_trigger to 2024-11-12T04:06:43.512078+00:00, run_after=2024-11-12T08:06:43.512078+00:00
[2024-11-12T08:06:43.531+0000] {processor.py:175} INFO - Processing /home/airflow/.local/lib/python3.7/site-packages/airflow/example_dags/example_latest_only_with_trigger.py took 0.110 seconds
