[2024-11-12T07:54:46.015+0000] {processor.py:153} INFO - Started process (PID=57) to work on /home/airflow/.local/lib/python3.7/site-packages/airflow/example_dags/example_datasets.py
[2024-11-12T07:54:46.016+0000] {processor.py:743} INFO - Processing file /home/airflow/.local/lib/python3.7/site-packages/airflow/example_dags/example_datasets.py for tasks to queue
[2024-11-12T07:54:46.018+0000] {logging_mixin.py:137} INFO - [2024-11-12T07:54:46.018+0000] {dagbag.py:538} INFO - Filling up the DagBag from /home/airflow/.local/lib/python3.7/site-packages/airflow/example_dags/example_datasets.py
[2024-11-12T07:54:46.056+0000] {processor.py:753} INFO - DAG(s) dict_keys(['dataset_consumes_unknown_never_scheduled', 'dataset_produces_1', 'dataset_produces_2', 'dataset_consumes_1_and_2', 'dataset_consumes_1', 'dataset_consumes_1_never_scheduled']) retrieved from /home/airflow/.local/lib/python3.7/site-packages/airflow/example_dags/example_datasets.py
[2024-11-12T07:54:46.087+0000] {logging_mixin.py:137} INFO - [2024-11-12T07:54:46.087+0000] {dag.py:2690} INFO - Sync 6 DAGs
[2024-11-12T07:54:46.134+0000] {logging_mixin.py:137} INFO - [2024-11-12T07:54:46.134+0000] {dag.py:3441} INFO - Setting next_dagrun for dataset_consumes_1 to None, run_after=None
[2024-11-12T07:54:46.141+0000] {logging_mixin.py:137} INFO - [2024-11-12T07:54:46.141+0000] {dag.py:3441} INFO - Setting next_dagrun for dataset_consumes_1_and_2 to None, run_after=None
[2024-11-12T07:54:46.144+0000] {logging_mixin.py:137} INFO - [2024-11-12T07:54:46.144+0000] {dag.py:3441} INFO - Setting next_dagrun for dataset_consumes_1_never_scheduled to None, run_after=None
[2024-11-12T07:54:46.147+0000] {logging_mixin.py:137} INFO - [2024-11-12T07:54:46.146+0000] {dag.py:3441} INFO - Setting next_dagrun for dataset_consumes_unknown_never_scheduled to None, run_after=None
[2024-11-12T07:54:46.153+0000] {logging_mixin.py:137} INFO - [2024-11-12T07:54:46.153+0000] {dag.py:3441} INFO - Setting next_dagrun for dataset_produces_1 to 2024-11-11T00:00:00+00:00, run_after=2024-11-12T00:00:00+00:00
[2024-11-12T07:54:46.156+0000] {logging_mixin.py:137} INFO - [2024-11-12T07:54:46.156+0000] {dag.py:3441} INFO - Setting next_dagrun for dataset_produces_2 to None, run_after=None
[2024-11-12T07:54:46.243+0000] {processor.py:175} INFO - Processing /home/airflow/.local/lib/python3.7/site-packages/airflow/example_dags/example_datasets.py took 0.234 seconds
[2024-11-12T07:55:16.995+0000] {processor.py:153} INFO - Started process (PID=128) to work on /home/airflow/.local/lib/python3.7/site-packages/airflow/example_dags/example_datasets.py
[2024-11-12T07:55:16.996+0000] {processor.py:743} INFO - Processing file /home/airflow/.local/lib/python3.7/site-packages/airflow/example_dags/example_datasets.py for tasks to queue
[2024-11-12T07:55:16.996+0000] {logging_mixin.py:137} INFO - [2024-11-12T07:55:16.996+0000] {dagbag.py:538} INFO - Filling up the DagBag from /home/airflow/.local/lib/python3.7/site-packages/airflow/example_dags/example_datasets.py
[2024-11-12T07:55:17.011+0000] {processor.py:753} INFO - DAG(s) dict_keys(['dataset_consumes_1_and_2', 'dataset_consumes_unknown_never_scheduled', 'dataset_consumes_1_never_scheduled', 'dataset_consumes_1', 'dataset_produces_1', 'dataset_produces_2']) retrieved from /home/airflow/.local/lib/python3.7/site-packages/airflow/example_dags/example_datasets.py
[2024-11-12T07:55:17.098+0000] {logging_mixin.py:137} INFO - [2024-11-12T07:55:17.098+0000] {dag.py:2690} INFO - Sync 6 DAGs
[2024-11-12T07:55:17.119+0000] {logging_mixin.py:137} INFO - [2024-11-12T07:55:17.118+0000] {dag.py:3441} INFO - Setting next_dagrun for dataset_consumes_1 to None, run_after=None
[2024-11-12T07:55:17.121+0000] {logging_mixin.py:137} INFO - [2024-11-12T07:55:17.121+0000] {dag.py:3441} INFO - Setting next_dagrun for dataset_consumes_1_and_2 to None, run_after=None
[2024-11-12T07:55:17.122+0000] {logging_mixin.py:137} INFO - [2024-11-12T07:55:17.122+0000] {dag.py:3441} INFO - Setting next_dagrun for dataset_consumes_1_never_scheduled to None, run_after=None
[2024-11-12T07:55:17.123+0000] {logging_mixin.py:137} INFO - [2024-11-12T07:55:17.123+0000] {dag.py:3441} INFO - Setting next_dagrun for dataset_consumes_unknown_never_scheduled to None, run_after=None
[2024-11-12T07:55:17.127+0000] {logging_mixin.py:137} INFO - [2024-11-12T07:55:17.126+0000] {dag.py:3441} INFO - Setting next_dagrun for dataset_produces_1 to 2024-11-11T00:00:00+00:00, run_after=2024-11-12T00:00:00+00:00
[2024-11-12T07:55:17.128+0000] {logging_mixin.py:137} INFO - [2024-11-12T07:55:17.128+0000] {dag.py:3441} INFO - Setting next_dagrun for dataset_produces_2 to None, run_after=None
[2024-11-12T07:55:17.169+0000] {processor.py:175} INFO - Processing /home/airflow/.local/lib/python3.7/site-packages/airflow/example_dags/example_datasets.py took 0.179 seconds
[2024-11-12T07:55:47.719+0000] {processor.py:153} INFO - Started process (PID=206) to work on /home/airflow/.local/lib/python3.7/site-packages/airflow/example_dags/example_datasets.py
[2024-11-12T07:55:47.721+0000] {processor.py:743} INFO - Processing file /home/airflow/.local/lib/python3.7/site-packages/airflow/example_dags/example_datasets.py for tasks to queue
[2024-11-12T07:55:47.721+0000] {logging_mixin.py:137} INFO - [2024-11-12T07:55:47.721+0000] {dagbag.py:538} INFO - Filling up the DagBag from /home/airflow/.local/lib/python3.7/site-packages/airflow/example_dags/example_datasets.py
[2024-11-12T07:55:47.747+0000] {processor.py:753} INFO - DAG(s) dict_keys(['dataset_produces_2', 'dataset_consumes_unknown_never_scheduled', 'dataset_consumes_1_never_scheduled', 'dataset_consumes_1_and_2', 'dataset_consumes_1', 'dataset_produces_1']) retrieved from /home/airflow/.local/lib/python3.7/site-packages/airflow/example_dags/example_datasets.py
[2024-11-12T07:55:47.805+0000] {logging_mixin.py:137} INFO - [2024-11-12T07:55:47.805+0000] {dag.py:2690} INFO - Sync 6 DAGs
[2024-11-12T07:55:47.837+0000] {logging_mixin.py:137} INFO - [2024-11-12T07:55:47.837+0000] {dag.py:3441} INFO - Setting next_dagrun for dataset_consumes_1 to None, run_after=None
[2024-11-12T07:55:47.840+0000] {logging_mixin.py:137} INFO - [2024-11-12T07:55:47.840+0000] {dag.py:3441} INFO - Setting next_dagrun for dataset_consumes_1_and_2 to None, run_after=None
[2024-11-12T07:55:47.841+0000] {logging_mixin.py:137} INFO - [2024-11-12T07:55:47.841+0000] {dag.py:3441} INFO - Setting next_dagrun for dataset_consumes_1_never_scheduled to None, run_after=None
[2024-11-12T07:55:47.843+0000] {logging_mixin.py:137} INFO - [2024-11-12T07:55:47.842+0000] {dag.py:3441} INFO - Setting next_dagrun for dataset_consumes_unknown_never_scheduled to None, run_after=None
[2024-11-12T07:55:47.846+0000] {logging_mixin.py:137} INFO - [2024-11-12T07:55:47.846+0000] {dag.py:3441} INFO - Setting next_dagrun for dataset_produces_1 to 2024-11-11T00:00:00+00:00, run_after=2024-11-12T00:00:00+00:00
[2024-11-12T07:55:47.848+0000] {logging_mixin.py:137} INFO - [2024-11-12T07:55:47.848+0000] {dag.py:3441} INFO - Setting next_dagrun for dataset_produces_2 to None, run_after=None
[2024-11-12T07:55:47.899+0000] {processor.py:175} INFO - Processing /home/airflow/.local/lib/python3.7/site-packages/airflow/example_dags/example_datasets.py took 0.186 seconds
[2024-11-12T07:56:18.328+0000] {processor.py:153} INFO - Started process (PID=286) to work on /home/airflow/.local/lib/python3.7/site-packages/airflow/example_dags/example_datasets.py
[2024-11-12T07:56:18.329+0000] {processor.py:743} INFO - Processing file /home/airflow/.local/lib/python3.7/site-packages/airflow/example_dags/example_datasets.py for tasks to queue
[2024-11-12T07:56:18.330+0000] {logging_mixin.py:137} INFO - [2024-11-12T07:56:18.330+0000] {dagbag.py:538} INFO - Filling up the DagBag from /home/airflow/.local/lib/python3.7/site-packages/airflow/example_dags/example_datasets.py
[2024-11-12T07:56:18.349+0000] {processor.py:753} INFO - DAG(s) dict_keys(['dataset_consumes_1_and_2', 'dataset_consumes_1_never_scheduled', 'dataset_produces_1', 'dataset_consumes_1', 'dataset_produces_2', 'dataset_consumes_unknown_never_scheduled']) retrieved from /home/airflow/.local/lib/python3.7/site-packages/airflow/example_dags/example_datasets.py
[2024-11-12T07:56:18.390+0000] {logging_mixin.py:137} INFO - [2024-11-12T07:56:18.390+0000] {dag.py:2690} INFO - Sync 6 DAGs
[2024-11-12T07:56:18.417+0000] {logging_mixin.py:137} INFO - [2024-11-12T07:56:18.417+0000] {dag.py:3441} INFO - Setting next_dagrun for dataset_consumes_1 to None, run_after=None
[2024-11-12T07:56:18.422+0000] {logging_mixin.py:137} INFO - [2024-11-12T07:56:18.422+0000] {dag.py:3441} INFO - Setting next_dagrun for dataset_consumes_1_and_2 to None, run_after=None
[2024-11-12T07:56:18.424+0000] {logging_mixin.py:137} INFO - [2024-11-12T07:56:18.424+0000] {dag.py:3441} INFO - Setting next_dagrun for dataset_consumes_1_never_scheduled to None, run_after=None
[2024-11-12T07:56:18.425+0000] {logging_mixin.py:137} INFO - [2024-11-12T07:56:18.425+0000] {dag.py:3441} INFO - Setting next_dagrun for dataset_consumes_unknown_never_scheduled to None, run_after=None
[2024-11-12T07:56:18.428+0000] {logging_mixin.py:137} INFO - [2024-11-12T07:56:18.428+0000] {dag.py:3441} INFO - Setting next_dagrun for dataset_produces_1 to 2024-11-11T00:00:00+00:00, run_after=2024-11-12T00:00:00+00:00
[2024-11-12T07:56:18.429+0000] {logging_mixin.py:137} INFO - [2024-11-12T07:56:18.429+0000] {dag.py:3441} INFO - Setting next_dagrun for dataset_produces_2 to None, run_after=None
[2024-11-12T07:56:18.474+0000] {processor.py:175} INFO - Processing /home/airflow/.local/lib/python3.7/site-packages/airflow/example_dags/example_datasets.py took 0.150 seconds
[2024-11-12T07:56:48.557+0000] {processor.py:153} INFO - Started process (PID=357) to work on /home/airflow/.local/lib/python3.7/site-packages/airflow/example_dags/example_datasets.py
[2024-11-12T07:56:48.558+0000] {processor.py:743} INFO - Processing file /home/airflow/.local/lib/python3.7/site-packages/airflow/example_dags/example_datasets.py for tasks to queue
[2024-11-12T07:56:48.559+0000] {logging_mixin.py:137} INFO - [2024-11-12T07:56:48.559+0000] {dagbag.py:538} INFO - Filling up the DagBag from /home/airflow/.local/lib/python3.7/site-packages/airflow/example_dags/example_datasets.py
[2024-11-12T07:56:48.572+0000] {processor.py:753} INFO - DAG(s) dict_keys(['dataset_produces_1', 'dataset_consumes_1', 'dataset_consumes_unknown_never_scheduled', 'dataset_produces_2', 'dataset_consumes_1_never_scheduled', 'dataset_consumes_1_and_2']) retrieved from /home/airflow/.local/lib/python3.7/site-packages/airflow/example_dags/example_datasets.py
[2024-11-12T07:56:48.612+0000] {logging_mixin.py:137} INFO - [2024-11-12T07:56:48.611+0000] {dag.py:2690} INFO - Sync 6 DAGs
[2024-11-12T07:56:48.633+0000] {logging_mixin.py:137} INFO - [2024-11-12T07:56:48.633+0000] {dag.py:3441} INFO - Setting next_dagrun for dataset_consumes_1 to None, run_after=None
[2024-11-12T07:56:48.636+0000] {logging_mixin.py:137} INFO - [2024-11-12T07:56:48.636+0000] {dag.py:3441} INFO - Setting next_dagrun for dataset_consumes_1_and_2 to None, run_after=None
[2024-11-12T07:56:48.637+0000] {logging_mixin.py:137} INFO - [2024-11-12T07:56:48.637+0000] {dag.py:3441} INFO - Setting next_dagrun for dataset_consumes_1_never_scheduled to None, run_after=None
[2024-11-12T07:56:48.638+0000] {logging_mixin.py:137} INFO - [2024-11-12T07:56:48.638+0000] {dag.py:3441} INFO - Setting next_dagrun for dataset_consumes_unknown_never_scheduled to None, run_after=None
[2024-11-12T07:56:48.641+0000] {logging_mixin.py:137} INFO - [2024-11-12T07:56:48.641+0000] {dag.py:3441} INFO - Setting next_dagrun for dataset_produces_1 to 2024-11-11T00:00:00+00:00, run_after=2024-11-12T00:00:00+00:00
[2024-11-12T07:56:48.642+0000] {logging_mixin.py:137} INFO - [2024-11-12T07:56:48.642+0000] {dag.py:3441} INFO - Setting next_dagrun for dataset_produces_2 to None, run_after=None
[2024-11-12T07:56:48.678+0000] {processor.py:175} INFO - Processing /home/airflow/.local/lib/python3.7/site-packages/airflow/example_dags/example_datasets.py took 0.125 seconds
[2024-11-12T07:57:19.069+0000] {processor.py:153} INFO - Started process (PID=444) to work on /home/airflow/.local/lib/python3.7/site-packages/airflow/example_dags/example_datasets.py
[2024-11-12T07:57:19.071+0000] {processor.py:743} INFO - Processing file /home/airflow/.local/lib/python3.7/site-packages/airflow/example_dags/example_datasets.py for tasks to queue
[2024-11-12T07:57:19.071+0000] {logging_mixin.py:137} INFO - [2024-11-12T07:57:19.071+0000] {dagbag.py:538} INFO - Filling up the DagBag from /home/airflow/.local/lib/python3.7/site-packages/airflow/example_dags/example_datasets.py
[2024-11-12T07:57:19.085+0000] {processor.py:753} INFO - DAG(s) dict_keys(['dataset_consumes_unknown_never_scheduled', 'dataset_produces_2', 'dataset_consumes_1', 'dataset_consumes_1_never_scheduled', 'dataset_consumes_1_and_2', 'dataset_produces_1']) retrieved from /home/airflow/.local/lib/python3.7/site-packages/airflow/example_dags/example_datasets.py
[2024-11-12T07:57:19.127+0000] {logging_mixin.py:137} INFO - [2024-11-12T07:57:19.127+0000] {dag.py:2690} INFO - Sync 6 DAGs
[2024-11-12T07:57:19.153+0000] {logging_mixin.py:137} INFO - [2024-11-12T07:57:19.152+0000] {dag.py:3441} INFO - Setting next_dagrun for dataset_consumes_1 to None, run_after=None
[2024-11-12T07:57:19.156+0000] {logging_mixin.py:137} INFO - [2024-11-12T07:57:19.156+0000] {dag.py:3441} INFO - Setting next_dagrun for dataset_consumes_1_and_2 to None, run_after=None
[2024-11-12T07:57:19.157+0000] {logging_mixin.py:137} INFO - [2024-11-12T07:57:19.157+0000] {dag.py:3441} INFO - Setting next_dagrun for dataset_consumes_1_never_scheduled to None, run_after=None
[2024-11-12T07:57:19.159+0000] {logging_mixin.py:137} INFO - [2024-11-12T07:57:19.159+0000] {dag.py:3441} INFO - Setting next_dagrun for dataset_consumes_unknown_never_scheduled to None, run_after=None
[2024-11-12T07:57:19.162+0000] {logging_mixin.py:137} INFO - [2024-11-12T07:57:19.162+0000] {dag.py:3441} INFO - Setting next_dagrun for dataset_produces_1 to 2024-11-11T00:00:00+00:00, run_after=2024-11-12T00:00:00+00:00
[2024-11-12T07:57:19.163+0000] {logging_mixin.py:137} INFO - [2024-11-12T07:57:19.163+0000] {dag.py:3441} INFO - Setting next_dagrun for dataset_produces_2 to None, run_after=None
[2024-11-12T07:57:19.202+0000] {processor.py:175} INFO - Processing /home/airflow/.local/lib/python3.7/site-packages/airflow/example_dags/example_datasets.py took 0.136 seconds
[2024-11-12T07:57:50.188+0000] {processor.py:153} INFO - Started process (PID=515) to work on /home/airflow/.local/lib/python3.7/site-packages/airflow/example_dags/example_datasets.py
[2024-11-12T07:57:50.190+0000] {processor.py:743} INFO - Processing file /home/airflow/.local/lib/python3.7/site-packages/airflow/example_dags/example_datasets.py for tasks to queue
[2024-11-12T07:57:50.191+0000] {logging_mixin.py:137} INFO - [2024-11-12T07:57:50.191+0000] {dagbag.py:538} INFO - Filling up the DagBag from /home/airflow/.local/lib/python3.7/site-packages/airflow/example_dags/example_datasets.py
[2024-11-12T07:57:50.210+0000] {processor.py:753} INFO - DAG(s) dict_keys(['dataset_produces_2', 'dataset_produces_1', 'dataset_consumes_1', 'dataset_consumes_1_never_scheduled', 'dataset_consumes_unknown_never_scheduled', 'dataset_consumes_1_and_2']) retrieved from /home/airflow/.local/lib/python3.7/site-packages/airflow/example_dags/example_datasets.py
[2024-11-12T07:57:50.254+0000] {logging_mixin.py:137} INFO - [2024-11-12T07:57:50.253+0000] {dag.py:2690} INFO - Sync 6 DAGs
[2024-11-12T07:57:50.278+0000] {logging_mixin.py:137} INFO - [2024-11-12T07:57:50.278+0000] {dag.py:3441} INFO - Setting next_dagrun for dataset_consumes_1 to None, run_after=None
[2024-11-12T07:57:50.283+0000] {logging_mixin.py:137} INFO - [2024-11-12T07:57:50.282+0000] {dag.py:3441} INFO - Setting next_dagrun for dataset_consumes_1_and_2 to None, run_after=None
[2024-11-12T07:57:50.284+0000] {logging_mixin.py:137} INFO - [2024-11-12T07:57:50.284+0000] {dag.py:3441} INFO - Setting next_dagrun for dataset_consumes_1_never_scheduled to None, run_after=None
[2024-11-12T07:57:50.286+0000] {logging_mixin.py:137} INFO - [2024-11-12T07:57:50.285+0000] {dag.py:3441} INFO - Setting next_dagrun for dataset_consumes_unknown_never_scheduled to None, run_after=None
[2024-11-12T07:57:50.288+0000] {logging_mixin.py:137} INFO - [2024-11-12T07:57:50.288+0000] {dag.py:3441} INFO - Setting next_dagrun for dataset_produces_1 to 2024-11-11T00:00:00+00:00, run_after=2024-11-12T00:00:00+00:00
[2024-11-12T07:57:50.290+0000] {logging_mixin.py:137} INFO - [2024-11-12T07:57:50.290+0000] {dag.py:3441} INFO - Setting next_dagrun for dataset_produces_2 to None, run_after=None
[2024-11-12T07:57:50.328+0000] {processor.py:175} INFO - Processing /home/airflow/.local/lib/python3.7/site-packages/airflow/example_dags/example_datasets.py took 0.143 seconds
[2024-11-12T07:58:20.672+0000] {processor.py:153} INFO - Started process (PID=602) to work on /home/airflow/.local/lib/python3.7/site-packages/airflow/example_dags/example_datasets.py
[2024-11-12T07:58:20.673+0000] {processor.py:743} INFO - Processing file /home/airflow/.local/lib/python3.7/site-packages/airflow/example_dags/example_datasets.py for tasks to queue
[2024-11-12T07:58:20.674+0000] {logging_mixin.py:137} INFO - [2024-11-12T07:58:20.674+0000] {dagbag.py:538} INFO - Filling up the DagBag from /home/airflow/.local/lib/python3.7/site-packages/airflow/example_dags/example_datasets.py
[2024-11-12T07:58:20.688+0000] {processor.py:753} INFO - DAG(s) dict_keys(['dataset_consumes_1', 'dataset_produces_2', 'dataset_consumes_1_and_2', 'dataset_consumes_1_never_scheduled', 'dataset_produces_1', 'dataset_consumes_unknown_never_scheduled']) retrieved from /home/airflow/.local/lib/python3.7/site-packages/airflow/example_dags/example_datasets.py
[2024-11-12T07:58:20.728+0000] {logging_mixin.py:137} INFO - [2024-11-12T07:58:20.728+0000] {dag.py:2690} INFO - Sync 6 DAGs
[2024-11-12T07:58:20.751+0000] {logging_mixin.py:137} INFO - [2024-11-12T07:58:20.751+0000] {dag.py:3441} INFO - Setting next_dagrun for dataset_consumes_1 to None, run_after=None
[2024-11-12T07:58:20.755+0000] {logging_mixin.py:137} INFO - [2024-11-12T07:58:20.755+0000] {dag.py:3441} INFO - Setting next_dagrun for dataset_consumes_1_and_2 to None, run_after=None
[2024-11-12T07:58:20.757+0000] {logging_mixin.py:137} INFO - [2024-11-12T07:58:20.757+0000] {dag.py:3441} INFO - Setting next_dagrun for dataset_consumes_1_never_scheduled to None, run_after=None
[2024-11-12T07:58:20.758+0000] {logging_mixin.py:137} INFO - [2024-11-12T07:58:20.758+0000] {dag.py:3441} INFO - Setting next_dagrun for dataset_consumes_unknown_never_scheduled to None, run_after=None
[2024-11-12T07:58:20.760+0000] {logging_mixin.py:137} INFO - [2024-11-12T07:58:20.760+0000] {dag.py:3441} INFO - Setting next_dagrun for dataset_produces_1 to 2024-11-11T00:00:00+00:00, run_after=2024-11-12T00:00:00+00:00
[2024-11-12T07:58:20.761+0000] {logging_mixin.py:137} INFO - [2024-11-12T07:58:20.761+0000] {dag.py:3441} INFO - Setting next_dagrun for dataset_produces_2 to None, run_after=None
[2024-11-12T07:58:20.803+0000] {processor.py:175} INFO - Processing /home/airflow/.local/lib/python3.7/site-packages/airflow/example_dags/example_datasets.py took 0.134 seconds
[2024-11-12T07:58:51.357+0000] {processor.py:153} INFO - Started process (PID=673) to work on /home/airflow/.local/lib/python3.7/site-packages/airflow/example_dags/example_datasets.py
[2024-11-12T07:58:51.358+0000] {processor.py:743} INFO - Processing file /home/airflow/.local/lib/python3.7/site-packages/airflow/example_dags/example_datasets.py for tasks to queue
[2024-11-12T07:58:51.359+0000] {logging_mixin.py:137} INFO - [2024-11-12T07:58:51.359+0000] {dagbag.py:538} INFO - Filling up the DagBag from /home/airflow/.local/lib/python3.7/site-packages/airflow/example_dags/example_datasets.py
[2024-11-12T07:58:51.376+0000] {processor.py:753} INFO - DAG(s) dict_keys(['dataset_consumes_unknown_never_scheduled', 'dataset_consumes_1_and_2', 'dataset_produces_1', 'dataset_consumes_1_never_scheduled', 'dataset_consumes_1', 'dataset_produces_2']) retrieved from /home/airflow/.local/lib/python3.7/site-packages/airflow/example_dags/example_datasets.py
[2024-11-12T07:58:51.435+0000] {logging_mixin.py:137} INFO - [2024-11-12T07:58:51.435+0000] {dag.py:2690} INFO - Sync 6 DAGs
[2024-11-12T07:58:51.465+0000] {logging_mixin.py:137} INFO - [2024-11-12T07:58:51.465+0000] {dag.py:3441} INFO - Setting next_dagrun for dataset_consumes_1 to None, run_after=None
[2024-11-12T07:58:51.469+0000] {logging_mixin.py:137} INFO - [2024-11-12T07:58:51.469+0000] {dag.py:3441} INFO - Setting next_dagrun for dataset_consumes_1_and_2 to None, run_after=None
[2024-11-12T07:58:51.471+0000] {logging_mixin.py:137} INFO - [2024-11-12T07:58:51.471+0000] {dag.py:3441} INFO - Setting next_dagrun for dataset_consumes_1_never_scheduled to None, run_after=None
[2024-11-12T07:58:51.472+0000] {logging_mixin.py:137} INFO - [2024-11-12T07:58:51.472+0000] {dag.py:3441} INFO - Setting next_dagrun for dataset_consumes_unknown_never_scheduled to None, run_after=None
[2024-11-12T07:58:51.476+0000] {logging_mixin.py:137} INFO - [2024-11-12T07:58:51.475+0000] {dag.py:3441} INFO - Setting next_dagrun for dataset_produces_1 to 2024-11-11T00:00:00+00:00, run_after=2024-11-12T00:00:00+00:00
[2024-11-12T07:58:51.477+0000] {logging_mixin.py:137} INFO - [2024-11-12T07:58:51.477+0000] {dag.py:3441} INFO - Setting next_dagrun for dataset_produces_2 to None, run_after=None
[2024-11-12T07:58:51.532+0000] {processor.py:175} INFO - Processing /home/airflow/.local/lib/python3.7/site-packages/airflow/example_dags/example_datasets.py took 0.178 seconds
[2024-11-12T07:59:21.664+0000] {processor.py:153} INFO - Started process (PID=763) to work on /home/airflow/.local/lib/python3.7/site-packages/airflow/example_dags/example_datasets.py
[2024-11-12T07:59:21.665+0000] {processor.py:743} INFO - Processing file /home/airflow/.local/lib/python3.7/site-packages/airflow/example_dags/example_datasets.py for tasks to queue
[2024-11-12T07:59:21.666+0000] {logging_mixin.py:137} INFO - [2024-11-12T07:59:21.666+0000] {dagbag.py:538} INFO - Filling up the DagBag from /home/airflow/.local/lib/python3.7/site-packages/airflow/example_dags/example_datasets.py
[2024-11-12T07:59:21.680+0000] {processor.py:753} INFO - DAG(s) dict_keys(['dataset_consumes_unknown_never_scheduled', 'dataset_consumes_1', 'dataset_consumes_1_never_scheduled', 'dataset_produces_2', 'dataset_consumes_1_and_2', 'dataset_produces_1']) retrieved from /home/airflow/.local/lib/python3.7/site-packages/airflow/example_dags/example_datasets.py
[2024-11-12T07:59:21.723+0000] {logging_mixin.py:137} INFO - [2024-11-12T07:59:21.723+0000] {dag.py:2690} INFO - Sync 6 DAGs
[2024-11-12T07:59:21.748+0000] {logging_mixin.py:137} INFO - [2024-11-12T07:59:21.747+0000] {dag.py:3441} INFO - Setting next_dagrun for dataset_consumes_1 to None, run_after=None
[2024-11-12T07:59:21.751+0000] {logging_mixin.py:137} INFO - [2024-11-12T07:59:21.751+0000] {dag.py:3441} INFO - Setting next_dagrun for dataset_consumes_1_and_2 to None, run_after=None
[2024-11-12T07:59:21.752+0000] {logging_mixin.py:137} INFO - [2024-11-12T07:59:21.752+0000] {dag.py:3441} INFO - Setting next_dagrun for dataset_consumes_1_never_scheduled to None, run_after=None
[2024-11-12T07:59:21.753+0000] {logging_mixin.py:137} INFO - [2024-11-12T07:59:21.753+0000] {dag.py:3441} INFO - Setting next_dagrun for dataset_consumes_unknown_never_scheduled to None, run_after=None
[2024-11-12T07:59:21.755+0000] {logging_mixin.py:137} INFO - [2024-11-12T07:59:21.755+0000] {dag.py:3441} INFO - Setting next_dagrun for dataset_produces_1 to 2024-11-11T00:00:00+00:00, run_after=2024-11-12T00:00:00+00:00
[2024-11-12T07:59:21.756+0000] {logging_mixin.py:137} INFO - [2024-11-12T07:59:21.756+0000] {dag.py:3441} INFO - Setting next_dagrun for dataset_produces_2 to None, run_after=None
[2024-11-12T07:59:21.795+0000] {processor.py:175} INFO - Processing /home/airflow/.local/lib/python3.7/site-packages/airflow/example_dags/example_datasets.py took 0.134 seconds
[2024-11-12T07:59:51.882+0000] {processor.py:153} INFO - Started process (PID=834) to work on /home/airflow/.local/lib/python3.7/site-packages/airflow/example_dags/example_datasets.py
[2024-11-12T07:59:51.884+0000] {processor.py:743} INFO - Processing file /home/airflow/.local/lib/python3.7/site-packages/airflow/example_dags/example_datasets.py for tasks to queue
[2024-11-12T07:59:51.885+0000] {logging_mixin.py:137} INFO - [2024-11-12T07:59:51.885+0000] {dagbag.py:538} INFO - Filling up the DagBag from /home/airflow/.local/lib/python3.7/site-packages/airflow/example_dags/example_datasets.py
[2024-11-12T07:59:51.901+0000] {processor.py:753} INFO - DAG(s) dict_keys(['dataset_consumes_1_and_2', 'dataset_consumes_1_never_scheduled', 'dataset_produces_1', 'dataset_consumes_1', 'dataset_consumes_unknown_never_scheduled', 'dataset_produces_2']) retrieved from /home/airflow/.local/lib/python3.7/site-packages/airflow/example_dags/example_datasets.py
[2024-11-12T07:59:51.946+0000] {logging_mixin.py:137} INFO - [2024-11-12T07:59:51.945+0000] {dag.py:2690} INFO - Sync 6 DAGs
[2024-11-12T07:59:51.977+0000] {logging_mixin.py:137} INFO - [2024-11-12T07:59:51.977+0000] {dag.py:3441} INFO - Setting next_dagrun for dataset_consumes_1 to None, run_after=None
[2024-11-12T07:59:51.981+0000] {logging_mixin.py:137} INFO - [2024-11-12T07:59:51.980+0000] {dag.py:3441} INFO - Setting next_dagrun for dataset_consumes_1_and_2 to None, run_after=None
[2024-11-12T07:59:51.982+0000] {logging_mixin.py:137} INFO - [2024-11-12T07:59:51.982+0000] {dag.py:3441} INFO - Setting next_dagrun for dataset_consumes_1_never_scheduled to None, run_after=None
[2024-11-12T07:59:51.984+0000] {logging_mixin.py:137} INFO - [2024-11-12T07:59:51.984+0000] {dag.py:3441} INFO - Setting next_dagrun for dataset_consumes_unknown_never_scheduled to None, run_after=None
[2024-11-12T07:59:51.986+0000] {logging_mixin.py:137} INFO - [2024-11-12T07:59:51.986+0000] {dag.py:3441} INFO - Setting next_dagrun for dataset_produces_1 to 2024-11-11T00:00:00+00:00, run_after=2024-11-12T00:00:00+00:00
[2024-11-12T07:59:51.989+0000] {logging_mixin.py:137} INFO - [2024-11-12T07:59:51.988+0000] {dag.py:3441} INFO - Setting next_dagrun for dataset_produces_2 to None, run_after=None
[2024-11-12T07:59:52.033+0000] {processor.py:175} INFO - Processing /home/airflow/.local/lib/python3.7/site-packages/airflow/example_dags/example_datasets.py took 0.154 seconds
[2024-11-12T08:00:22.149+0000] {processor.py:153} INFO - Started process (PID=921) to work on /home/airflow/.local/lib/python3.7/site-packages/airflow/example_dags/example_datasets.py
[2024-11-12T08:00:22.150+0000] {processor.py:743} INFO - Processing file /home/airflow/.local/lib/python3.7/site-packages/airflow/example_dags/example_datasets.py for tasks to queue
[2024-11-12T08:00:22.151+0000] {logging_mixin.py:137} INFO - [2024-11-12T08:00:22.151+0000] {dagbag.py:538} INFO - Filling up the DagBag from /home/airflow/.local/lib/python3.7/site-packages/airflow/example_dags/example_datasets.py
[2024-11-12T08:00:22.171+0000] {processor.py:753} INFO - DAG(s) dict_keys(['dataset_produces_2', 'dataset_consumes_unknown_never_scheduled', 'dataset_consumes_1_never_scheduled', 'dataset_consumes_1', 'dataset_produces_1', 'dataset_consumes_1_and_2']) retrieved from /home/airflow/.local/lib/python3.7/site-packages/airflow/example_dags/example_datasets.py
[2024-11-12T08:00:22.221+0000] {logging_mixin.py:137} INFO - [2024-11-12T08:00:22.220+0000] {dag.py:2690} INFO - Sync 6 DAGs
[2024-11-12T08:00:22.248+0000] {logging_mixin.py:137} INFO - [2024-11-12T08:00:22.248+0000] {dag.py:3441} INFO - Setting next_dagrun for dataset_consumes_1 to None, run_after=None
[2024-11-12T08:00:22.252+0000] {logging_mixin.py:137} INFO - [2024-11-12T08:00:22.252+0000] {dag.py:3441} INFO - Setting next_dagrun for dataset_consumes_1_and_2 to None, run_after=None
[2024-11-12T08:00:22.254+0000] {logging_mixin.py:137} INFO - [2024-11-12T08:00:22.254+0000] {dag.py:3441} INFO - Setting next_dagrun for dataset_consumes_1_never_scheduled to None, run_after=None
[2024-11-12T08:00:22.255+0000] {logging_mixin.py:137} INFO - [2024-11-12T08:00:22.255+0000] {dag.py:3441} INFO - Setting next_dagrun for dataset_consumes_unknown_never_scheduled to None, run_after=None
[2024-11-12T08:00:22.258+0000] {logging_mixin.py:137} INFO - [2024-11-12T08:00:22.257+0000] {dag.py:3441} INFO - Setting next_dagrun for dataset_produces_1 to 2024-11-11T00:00:00+00:00, run_after=2024-11-12T00:00:00+00:00
[2024-11-12T08:00:22.259+0000] {logging_mixin.py:137} INFO - [2024-11-12T08:00:22.259+0000] {dag.py:3441} INFO - Setting next_dagrun for dataset_produces_2 to None, run_after=None
[2024-11-12T08:00:22.308+0000] {processor.py:175} INFO - Processing /home/airflow/.local/lib/python3.7/site-packages/airflow/example_dags/example_datasets.py took 0.164 seconds
[2024-11-12T08:00:53.043+0000] {processor.py:153} INFO - Started process (PID=991) to work on /home/airflow/.local/lib/python3.7/site-packages/airflow/example_dags/example_datasets.py
[2024-11-12T08:00:53.044+0000] {processor.py:743} INFO - Processing file /home/airflow/.local/lib/python3.7/site-packages/airflow/example_dags/example_datasets.py for tasks to queue
[2024-11-12T08:00:53.045+0000] {logging_mixin.py:137} INFO - [2024-11-12T08:00:53.045+0000] {dagbag.py:538} INFO - Filling up the DagBag from /home/airflow/.local/lib/python3.7/site-packages/airflow/example_dags/example_datasets.py
[2024-11-12T08:00:53.060+0000] {processor.py:753} INFO - DAG(s) dict_keys(['dataset_produces_2', 'dataset_consumes_unknown_never_scheduled', 'dataset_consumes_1_and_2', 'dataset_produces_1', 'dataset_consumes_1_never_scheduled', 'dataset_consumes_1']) retrieved from /home/airflow/.local/lib/python3.7/site-packages/airflow/example_dags/example_datasets.py
[2024-11-12T08:00:53.103+0000] {logging_mixin.py:137} INFO - [2024-11-12T08:00:53.102+0000] {dag.py:2690} INFO - Sync 6 DAGs
[2024-11-12T08:00:53.127+0000] {logging_mixin.py:137} INFO - [2024-11-12T08:00:53.127+0000] {dag.py:3441} INFO - Setting next_dagrun for dataset_consumes_1 to None, run_after=None
[2024-11-12T08:00:53.131+0000] {logging_mixin.py:137} INFO - [2024-11-12T08:00:53.131+0000] {dag.py:3441} INFO - Setting next_dagrun for dataset_consumes_1_and_2 to None, run_after=None
[2024-11-12T08:00:53.132+0000] {logging_mixin.py:137} INFO - [2024-11-12T08:00:53.132+0000] {dag.py:3441} INFO - Setting next_dagrun for dataset_consumes_1_never_scheduled to None, run_after=None
[2024-11-12T08:00:53.134+0000] {logging_mixin.py:137} INFO - [2024-11-12T08:00:53.134+0000] {dag.py:3441} INFO - Setting next_dagrun for dataset_consumes_unknown_never_scheduled to None, run_after=None
[2024-11-12T08:00:53.136+0000] {logging_mixin.py:137} INFO - [2024-11-12T08:00:53.136+0000] {dag.py:3441} INFO - Setting next_dagrun for dataset_produces_1 to 2024-11-11T00:00:00+00:00, run_after=2024-11-12T00:00:00+00:00
[2024-11-12T08:00:53.139+0000] {logging_mixin.py:137} INFO - [2024-11-12T08:00:53.139+0000] {dag.py:3441} INFO - Setting next_dagrun for dataset_produces_2 to None, run_after=None
[2024-11-12T08:00:53.178+0000] {processor.py:175} INFO - Processing /home/airflow/.local/lib/python3.7/site-packages/airflow/example_dags/example_datasets.py took 0.138 seconds
[2024-11-12T08:01:23.728+0000] {processor.py:153} INFO - Started process (PID=1078) to work on /home/airflow/.local/lib/python3.7/site-packages/airflow/example_dags/example_datasets.py
[2024-11-12T08:01:23.730+0000] {processor.py:743} INFO - Processing file /home/airflow/.local/lib/python3.7/site-packages/airflow/example_dags/example_datasets.py for tasks to queue
[2024-11-12T08:01:23.731+0000] {logging_mixin.py:137} INFO - [2024-11-12T08:01:23.731+0000] {dagbag.py:538} INFO - Filling up the DagBag from /home/airflow/.local/lib/python3.7/site-packages/airflow/example_dags/example_datasets.py
[2024-11-12T08:01:23.752+0000] {processor.py:753} INFO - DAG(s) dict_keys(['dataset_consumes_1_and_2', 'dataset_produces_1', 'dataset_consumes_1', 'dataset_produces_2', 'dataset_consumes_unknown_never_scheduled', 'dataset_consumes_1_never_scheduled']) retrieved from /home/airflow/.local/lib/python3.7/site-packages/airflow/example_dags/example_datasets.py
[2024-11-12T08:01:23.815+0000] {logging_mixin.py:137} INFO - [2024-11-12T08:01:23.815+0000] {dag.py:2690} INFO - Sync 6 DAGs
[2024-11-12T08:01:23.848+0000] {logging_mixin.py:137} INFO - [2024-11-12T08:01:23.848+0000] {dag.py:3441} INFO - Setting next_dagrun for dataset_consumes_1 to None, run_after=None
[2024-11-12T08:01:23.852+0000] {logging_mixin.py:137} INFO - [2024-11-12T08:01:23.852+0000] {dag.py:3441} INFO - Setting next_dagrun for dataset_consumes_1_and_2 to None, run_after=None
[2024-11-12T08:01:23.854+0000] {logging_mixin.py:137} INFO - [2024-11-12T08:01:23.854+0000] {dag.py:3441} INFO - Setting next_dagrun for dataset_consumes_1_never_scheduled to None, run_after=None
[2024-11-12T08:01:23.856+0000] {logging_mixin.py:137} INFO - [2024-11-12T08:01:23.855+0000] {dag.py:3441} INFO - Setting next_dagrun for dataset_consumes_unknown_never_scheduled to None, run_after=None
[2024-11-12T08:01:23.859+0000] {logging_mixin.py:137} INFO - [2024-11-12T08:01:23.859+0000] {dag.py:3441} INFO - Setting next_dagrun for dataset_produces_1 to 2024-11-11T00:00:00+00:00, run_after=2024-11-12T00:00:00+00:00
[2024-11-12T08:01:23.861+0000] {logging_mixin.py:137} INFO - [2024-11-12T08:01:23.861+0000] {dag.py:3441} INFO - Setting next_dagrun for dataset_produces_2 to None, run_after=None
[2024-11-12T08:01:23.907+0000] {processor.py:175} INFO - Processing /home/airflow/.local/lib/python3.7/site-packages/airflow/example_dags/example_datasets.py took 0.184 seconds
[2024-11-12T08:02:36.777+0000] {processor.py:153} INFO - Started process (PID=39) to work on /home/airflow/.local/lib/python3.7/site-packages/airflow/example_dags/example_datasets.py
[2024-11-12T08:02:36.778+0000] {processor.py:743} INFO - Processing file /home/airflow/.local/lib/python3.7/site-packages/airflow/example_dags/example_datasets.py for tasks to queue
[2024-11-12T08:02:36.779+0000] {logging_mixin.py:137} INFO - [2024-11-12T08:02:36.779+0000] {dagbag.py:538} INFO - Filling up the DagBag from /home/airflow/.local/lib/python3.7/site-packages/airflow/example_dags/example_datasets.py
[2024-11-12T08:02:36.806+0000] {processor.py:753} INFO - DAG(s) dict_keys(['dataset_consumes_1_and_2', 'dataset_consumes_1_never_scheduled', 'dataset_produces_2', 'dataset_consumes_1', 'dataset_produces_1', 'dataset_consumes_unknown_never_scheduled']) retrieved from /home/airflow/.local/lib/python3.7/site-packages/airflow/example_dags/example_datasets.py
[2024-11-12T08:02:36.830+0000] {logging_mixin.py:137} INFO - [2024-11-12T08:02:36.830+0000] {dag.py:2690} INFO - Sync 6 DAGs
[2024-11-12T08:02:36.866+0000] {logging_mixin.py:137} INFO - [2024-11-12T08:02:36.865+0000] {dag.py:3441} INFO - Setting next_dagrun for dataset_consumes_1 to None, run_after=None
[2024-11-12T08:02:36.873+0000] {logging_mixin.py:137} INFO - [2024-11-12T08:02:36.872+0000] {dag.py:3441} INFO - Setting next_dagrun for dataset_consumes_1_and_2 to None, run_after=None
[2024-11-12T08:02:36.877+0000] {logging_mixin.py:137} INFO - [2024-11-12T08:02:36.877+0000] {dag.py:3441} INFO - Setting next_dagrun for dataset_consumes_1_never_scheduled to None, run_after=None
[2024-11-12T08:02:36.879+0000] {logging_mixin.py:137} INFO - [2024-11-12T08:02:36.879+0000] {dag.py:3441} INFO - Setting next_dagrun for dataset_consumes_unknown_never_scheduled to None, run_after=None
[2024-11-12T08:02:36.882+0000] {logging_mixin.py:137} INFO - [2024-11-12T08:02:36.882+0000] {dag.py:3441} INFO - Setting next_dagrun for dataset_produces_1 to 2024-11-11T00:00:00+00:00, run_after=2024-11-12T00:00:00+00:00
[2024-11-12T08:02:36.884+0000] {logging_mixin.py:137} INFO - [2024-11-12T08:02:36.884+0000] {dag.py:3441} INFO - Setting next_dagrun for dataset_produces_2 to None, run_after=None
[2024-11-12T08:02:36.925+0000] {processor.py:175} INFO - Processing /home/airflow/.local/lib/python3.7/site-packages/airflow/example_dags/example_datasets.py took 0.153 seconds
[2024-11-12T08:03:07.489+0000] {processor.py:153} INFO - Started process (PID=119) to work on /home/airflow/.local/lib/python3.7/site-packages/airflow/example_dags/example_datasets.py
[2024-11-12T08:03:07.494+0000] {processor.py:743} INFO - Processing file /home/airflow/.local/lib/python3.7/site-packages/airflow/example_dags/example_datasets.py for tasks to queue
[2024-11-12T08:03:07.495+0000] {logging_mixin.py:137} INFO - [2024-11-12T08:03:07.495+0000] {dagbag.py:538} INFO - Filling up the DagBag from /home/airflow/.local/lib/python3.7/site-packages/airflow/example_dags/example_datasets.py
[2024-11-12T08:03:07.540+0000] {processor.py:753} INFO - DAG(s) dict_keys(['dataset_consumes_unknown_never_scheduled', 'dataset_consumes_1_and_2', 'dataset_consumes_1_never_scheduled', 'dataset_produces_2', 'dataset_consumes_1', 'dataset_produces_1']) retrieved from /home/airflow/.local/lib/python3.7/site-packages/airflow/example_dags/example_datasets.py
[2024-11-12T08:03:07.697+0000] {logging_mixin.py:137} INFO - [2024-11-12T08:03:07.697+0000] {dag.py:2690} INFO - Sync 6 DAGs
[2024-11-12T08:03:07.726+0000] {logging_mixin.py:137} INFO - [2024-11-12T08:03:07.726+0000] {dag.py:3441} INFO - Setting next_dagrun for dataset_consumes_1 to None, run_after=None
[2024-11-12T08:03:07.731+0000] {logging_mixin.py:137} INFO - [2024-11-12T08:03:07.731+0000] {dag.py:3441} INFO - Setting next_dagrun for dataset_consumes_1_and_2 to None, run_after=None
[2024-11-12T08:03:07.734+0000] {logging_mixin.py:137} INFO - [2024-11-12T08:03:07.733+0000] {dag.py:3441} INFO - Setting next_dagrun for dataset_consumes_1_never_scheduled to None, run_after=None
[2024-11-12T08:03:07.736+0000] {logging_mixin.py:137} INFO - [2024-11-12T08:03:07.736+0000] {dag.py:3441} INFO - Setting next_dagrun for dataset_consumes_unknown_never_scheduled to None, run_after=None
[2024-11-12T08:03:07.739+0000] {logging_mixin.py:137} INFO - [2024-11-12T08:03:07.738+0000] {dag.py:3441} INFO - Setting next_dagrun for dataset_produces_1 to 2024-11-11T00:00:00+00:00, run_after=2024-11-12T00:00:00+00:00
[2024-11-12T08:03:07.740+0000] {logging_mixin.py:137} INFO - [2024-11-12T08:03:07.740+0000] {dag.py:3441} INFO - Setting next_dagrun for dataset_produces_2 to None, run_after=None
[2024-11-12T08:03:07.804+0000] {processor.py:175} INFO - Processing /home/airflow/.local/lib/python3.7/site-packages/airflow/example_dags/example_datasets.py took 0.321 seconds
[2024-11-12T08:03:37.923+0000] {processor.py:153} INFO - Started process (PID=197) to work on /home/airflow/.local/lib/python3.7/site-packages/airflow/example_dags/example_datasets.py
[2024-11-12T08:03:37.924+0000] {processor.py:743} INFO - Processing file /home/airflow/.local/lib/python3.7/site-packages/airflow/example_dags/example_datasets.py for tasks to queue
[2024-11-12T08:03:37.924+0000] {logging_mixin.py:137} INFO - [2024-11-12T08:03:37.924+0000] {dagbag.py:538} INFO - Filling up the DagBag from /home/airflow/.local/lib/python3.7/site-packages/airflow/example_dags/example_datasets.py
[2024-11-12T08:03:37.937+0000] {processor.py:753} INFO - DAG(s) dict_keys(['dataset_consumes_unknown_never_scheduled', 'dataset_consumes_1_never_scheduled', 'dataset_produces_1', 'dataset_consumes_1_and_2', 'dataset_produces_2', 'dataset_consumes_1']) retrieved from /home/airflow/.local/lib/python3.7/site-packages/airflow/example_dags/example_datasets.py
[2024-11-12T08:03:37.976+0000] {logging_mixin.py:137} INFO - [2024-11-12T08:03:37.976+0000] {dag.py:2690} INFO - Sync 6 DAGs
[2024-11-12T08:03:37.999+0000] {logging_mixin.py:137} INFO - [2024-11-12T08:03:37.999+0000] {dag.py:3441} INFO - Setting next_dagrun for dataset_consumes_1 to None, run_after=None
[2024-11-12T08:03:38.002+0000] {logging_mixin.py:137} INFO - [2024-11-12T08:03:38.002+0000] {dag.py:3441} INFO - Setting next_dagrun for dataset_consumes_1_and_2 to None, run_after=None
[2024-11-12T08:03:38.004+0000] {logging_mixin.py:137} INFO - [2024-11-12T08:03:38.004+0000] {dag.py:3441} INFO - Setting next_dagrun for dataset_consumes_1_never_scheduled to None, run_after=None
[2024-11-12T08:03:38.005+0000] {logging_mixin.py:137} INFO - [2024-11-12T08:03:38.005+0000] {dag.py:3441} INFO - Setting next_dagrun for dataset_consumes_unknown_never_scheduled to None, run_after=None
[2024-11-12T08:03:38.007+0000] {logging_mixin.py:137} INFO - [2024-11-12T08:03:38.007+0000] {dag.py:3441} INFO - Setting next_dagrun for dataset_produces_1 to 2024-11-11T00:00:00+00:00, run_after=2024-11-12T00:00:00+00:00
[2024-11-12T08:03:38.008+0000] {logging_mixin.py:137} INFO - [2024-11-12T08:03:38.008+0000] {dag.py:3441} INFO - Setting next_dagrun for dataset_produces_2 to None, run_after=None
[2024-11-12T08:03:38.044+0000] {processor.py:175} INFO - Processing /home/airflow/.local/lib/python3.7/site-packages/airflow/example_dags/example_datasets.py took 0.124 seconds
[2024-11-12T08:04:08.347+0000] {processor.py:153} INFO - Started process (PID=275) to work on /home/airflow/.local/lib/python3.7/site-packages/airflow/example_dags/example_datasets.py
[2024-11-12T08:04:08.348+0000] {processor.py:743} INFO - Processing file /home/airflow/.local/lib/python3.7/site-packages/airflow/example_dags/example_datasets.py for tasks to queue
[2024-11-12T08:04:08.349+0000] {logging_mixin.py:137} INFO - [2024-11-12T08:04:08.348+0000] {dagbag.py:538} INFO - Filling up the DagBag from /home/airflow/.local/lib/python3.7/site-packages/airflow/example_dags/example_datasets.py
[2024-11-12T08:04:08.363+0000] {processor.py:753} INFO - DAG(s) dict_keys(['dataset_consumes_1', 'dataset_consumes_1_and_2', 'dataset_consumes_1_never_scheduled', 'dataset_consumes_unknown_never_scheduled', 'dataset_produces_1', 'dataset_produces_2']) retrieved from /home/airflow/.local/lib/python3.7/site-packages/airflow/example_dags/example_datasets.py
[2024-11-12T08:04:08.402+0000] {logging_mixin.py:137} INFO - [2024-11-12T08:04:08.402+0000] {dag.py:2690} INFO - Sync 6 DAGs
[2024-11-12T08:04:08.427+0000] {logging_mixin.py:137} INFO - [2024-11-12T08:04:08.427+0000] {dag.py:3441} INFO - Setting next_dagrun for dataset_consumes_1 to None, run_after=None
[2024-11-12T08:04:08.431+0000] {logging_mixin.py:137} INFO - [2024-11-12T08:04:08.431+0000] {dag.py:3441} INFO - Setting next_dagrun for dataset_consumes_1_and_2 to None, run_after=None
[2024-11-12T08:04:08.433+0000] {logging_mixin.py:137} INFO - [2024-11-12T08:04:08.433+0000] {dag.py:3441} INFO - Setting next_dagrun for dataset_consumes_1_never_scheduled to None, run_after=None
[2024-11-12T08:04:08.434+0000] {logging_mixin.py:137} INFO - [2024-11-12T08:04:08.434+0000] {dag.py:3441} INFO - Setting next_dagrun for dataset_consumes_unknown_never_scheduled to None, run_after=None
[2024-11-12T08:04:08.437+0000] {logging_mixin.py:137} INFO - [2024-11-12T08:04:08.437+0000] {dag.py:3441} INFO - Setting next_dagrun for dataset_produces_1 to 2024-11-11T00:00:00+00:00, run_after=2024-11-12T00:00:00+00:00
[2024-11-12T08:04:08.438+0000] {logging_mixin.py:137} INFO - [2024-11-12T08:04:08.438+0000] {dag.py:3441} INFO - Setting next_dagrun for dataset_produces_2 to None, run_after=None
[2024-11-12T08:04:08.474+0000] {processor.py:175} INFO - Processing /home/airflow/.local/lib/python3.7/site-packages/airflow/example_dags/example_datasets.py took 0.130 seconds
[2024-11-12T08:04:39.212+0000] {processor.py:153} INFO - Started process (PID=355) to work on /home/airflow/.local/lib/python3.7/site-packages/airflow/example_dags/example_datasets.py
[2024-11-12T08:04:39.213+0000] {processor.py:743} INFO - Processing file /home/airflow/.local/lib/python3.7/site-packages/airflow/example_dags/example_datasets.py for tasks to queue
[2024-11-12T08:04:39.214+0000] {logging_mixin.py:137} INFO - [2024-11-12T08:04:39.214+0000] {dagbag.py:538} INFO - Filling up the DagBag from /home/airflow/.local/lib/python3.7/site-packages/airflow/example_dags/example_datasets.py
[2024-11-12T08:04:39.227+0000] {processor.py:753} INFO - DAG(s) dict_keys(['dataset_consumes_1_and_2', 'dataset_consumes_unknown_never_scheduled', 'dataset_produces_1', 'dataset_consumes_1', 'dataset_produces_2', 'dataset_consumes_1_never_scheduled']) retrieved from /home/airflow/.local/lib/python3.7/site-packages/airflow/example_dags/example_datasets.py
[2024-11-12T08:04:39.266+0000] {logging_mixin.py:137} INFO - [2024-11-12T08:04:39.265+0000] {dag.py:2690} INFO - Sync 6 DAGs
[2024-11-12T08:04:39.293+0000] {logging_mixin.py:137} INFO - [2024-11-12T08:04:39.292+0000] {dag.py:3441} INFO - Setting next_dagrun for dataset_consumes_1 to None, run_after=None
[2024-11-12T08:04:39.299+0000] {logging_mixin.py:137} INFO - [2024-11-12T08:04:39.298+0000] {dag.py:3441} INFO - Setting next_dagrun for dataset_consumes_1_and_2 to None, run_after=None
[2024-11-12T08:04:39.300+0000] {logging_mixin.py:137} INFO - [2024-11-12T08:04:39.300+0000] {dag.py:3441} INFO - Setting next_dagrun for dataset_consumes_1_never_scheduled to None, run_after=None
[2024-11-12T08:04:39.301+0000] {logging_mixin.py:137} INFO - [2024-11-12T08:04:39.301+0000] {dag.py:3441} INFO - Setting next_dagrun for dataset_consumes_unknown_never_scheduled to None, run_after=None
[2024-11-12T08:04:39.303+0000] {logging_mixin.py:137} INFO - [2024-11-12T08:04:39.303+0000] {dag.py:3441} INFO - Setting next_dagrun for dataset_produces_1 to 2024-11-11T00:00:00+00:00, run_after=2024-11-12T00:00:00+00:00
[2024-11-12T08:04:39.305+0000] {logging_mixin.py:137} INFO - [2024-11-12T08:04:39.304+0000] {dag.py:3441} INFO - Setting next_dagrun for dataset_produces_2 to None, run_after=None
[2024-11-12T08:04:39.342+0000] {processor.py:175} INFO - Processing /home/airflow/.local/lib/python3.7/site-packages/airflow/example_dags/example_datasets.py took 0.134 seconds
[2024-11-12T08:05:10.360+0000] {processor.py:153} INFO - Started process (PID=442) to work on /home/airflow/.local/lib/python3.7/site-packages/airflow/example_dags/example_datasets.py
[2024-11-12T08:05:10.372+0000] {processor.py:743} INFO - Processing file /home/airflow/.local/lib/python3.7/site-packages/airflow/example_dags/example_datasets.py for tasks to queue
[2024-11-12T08:05:10.373+0000] {logging_mixin.py:137} INFO - [2024-11-12T08:05:10.373+0000] {dagbag.py:538} INFO - Filling up the DagBag from /home/airflow/.local/lib/python3.7/site-packages/airflow/example_dags/example_datasets.py
[2024-11-12T08:05:10.401+0000] {processor.py:753} INFO - DAG(s) dict_keys(['dataset_consumes_unknown_never_scheduled', 'dataset_consumes_1_never_scheduled', 'dataset_consumes_1_and_2', 'dataset_produces_1', 'dataset_consumes_1', 'dataset_produces_2']) retrieved from /home/airflow/.local/lib/python3.7/site-packages/airflow/example_dags/example_datasets.py
[2024-11-12T08:05:10.455+0000] {logging_mixin.py:137} INFO - [2024-11-12T08:05:10.455+0000] {dag.py:2690} INFO - Sync 6 DAGs
[2024-11-12T08:05:10.493+0000] {logging_mixin.py:137} INFO - [2024-11-12T08:05:10.493+0000] {dag.py:3441} INFO - Setting next_dagrun for dataset_consumes_1 to None, run_after=None
[2024-11-12T08:05:10.498+0000] {logging_mixin.py:137} INFO - [2024-11-12T08:05:10.497+0000] {dag.py:3441} INFO - Setting next_dagrun for dataset_consumes_1_and_2 to None, run_after=None
[2024-11-12T08:05:10.499+0000] {logging_mixin.py:137} INFO - [2024-11-12T08:05:10.499+0000] {dag.py:3441} INFO - Setting next_dagrun for dataset_consumes_1_never_scheduled to None, run_after=None
[2024-11-12T08:05:10.501+0000] {logging_mixin.py:137} INFO - [2024-11-12T08:05:10.501+0000] {dag.py:3441} INFO - Setting next_dagrun for dataset_consumes_unknown_never_scheduled to None, run_after=None
[2024-11-12T08:05:10.505+0000] {logging_mixin.py:137} INFO - [2024-11-12T08:05:10.505+0000] {dag.py:3441} INFO - Setting next_dagrun for dataset_produces_1 to 2024-11-11T00:00:00+00:00, run_after=2024-11-12T00:00:00+00:00
[2024-11-12T08:05:10.507+0000] {logging_mixin.py:137} INFO - [2024-11-12T08:05:10.507+0000] {dag.py:3441} INFO - Setting next_dagrun for dataset_produces_2 to None, run_after=None
[2024-11-12T08:05:10.542+0000] {processor.py:175} INFO - Processing /home/airflow/.local/lib/python3.7/site-packages/airflow/example_dags/example_datasets.py took 0.191 seconds
[2024-11-12T08:05:41.495+0000] {processor.py:153} INFO - Started process (PID=513) to work on /home/airflow/.local/lib/python3.7/site-packages/airflow/example_dags/example_datasets.py
[2024-11-12T08:05:41.513+0000] {processor.py:743} INFO - Processing file /home/airflow/.local/lib/python3.7/site-packages/airflow/example_dags/example_datasets.py for tasks to queue
[2024-11-12T08:05:41.514+0000] {logging_mixin.py:137} INFO - [2024-11-12T08:05:41.514+0000] {dagbag.py:538} INFO - Filling up the DagBag from /home/airflow/.local/lib/python3.7/site-packages/airflow/example_dags/example_datasets.py
[2024-11-12T08:05:41.548+0000] {processor.py:753} INFO - DAG(s) dict_keys(['dataset_produces_1', 'dataset_produces_2', 'dataset_consumes_unknown_never_scheduled', 'dataset_consumes_1', 'dataset_consumes_1_and_2', 'dataset_consumes_1_never_scheduled']) retrieved from /home/airflow/.local/lib/python3.7/site-packages/airflow/example_dags/example_datasets.py
[2024-11-12T08:05:41.609+0000] {logging_mixin.py:137} INFO - [2024-11-12T08:05:41.609+0000] {dag.py:2690} INFO - Sync 6 DAGs
[2024-11-12T08:05:41.632+0000] {logging_mixin.py:137} INFO - [2024-11-12T08:05:41.632+0000] {dag.py:3441} INFO - Setting next_dagrun for dataset_consumes_1 to None, run_after=None
[2024-11-12T08:05:41.636+0000] {logging_mixin.py:137} INFO - [2024-11-12T08:05:41.635+0000] {dag.py:3441} INFO - Setting next_dagrun for dataset_consumes_1_and_2 to None, run_after=None
[2024-11-12T08:05:41.637+0000] {logging_mixin.py:137} INFO - [2024-11-12T08:05:41.637+0000] {dag.py:3441} INFO - Setting next_dagrun for dataset_consumes_1_never_scheduled to None, run_after=None
[2024-11-12T08:05:41.638+0000] {logging_mixin.py:137} INFO - [2024-11-12T08:05:41.638+0000] {dag.py:3441} INFO - Setting next_dagrun for dataset_consumes_unknown_never_scheduled to None, run_after=None
[2024-11-12T08:05:41.641+0000] {logging_mixin.py:137} INFO - [2024-11-12T08:05:41.641+0000] {dag.py:3441} INFO - Setting next_dagrun for dataset_produces_1 to 2024-11-11T00:00:00+00:00, run_after=2024-11-12T00:00:00+00:00
[2024-11-12T08:05:41.643+0000] {logging_mixin.py:137} INFO - [2024-11-12T08:05:41.642+0000] {dag.py:3441} INFO - Setting next_dagrun for dataset_produces_2 to None, run_after=None
[2024-11-12T08:05:41.682+0000] {processor.py:175} INFO - Processing /home/airflow/.local/lib/python3.7/site-packages/airflow/example_dags/example_datasets.py took 0.192 seconds
[2024-11-12T08:06:12.167+0000] {processor.py:153} INFO - Started process (PID=600) to work on /home/airflow/.local/lib/python3.7/site-packages/airflow/example_dags/example_datasets.py
[2024-11-12T08:06:12.173+0000] {processor.py:743} INFO - Processing file /home/airflow/.local/lib/python3.7/site-packages/airflow/example_dags/example_datasets.py for tasks to queue
[2024-11-12T08:06:12.174+0000] {logging_mixin.py:137} INFO - [2024-11-12T08:06:12.174+0000] {dagbag.py:538} INFO - Filling up the DagBag from /home/airflow/.local/lib/python3.7/site-packages/airflow/example_dags/example_datasets.py
[2024-11-12T08:06:12.217+0000] {processor.py:753} INFO - DAG(s) dict_keys(['dataset_consumes_unknown_never_scheduled', 'dataset_consumes_1_never_scheduled', 'dataset_consumes_1_and_2', 'dataset_consumes_1', 'dataset_produces_1', 'dataset_produces_2']) retrieved from /home/airflow/.local/lib/python3.7/site-packages/airflow/example_dags/example_datasets.py
[2024-11-12T08:06:12.301+0000] {logging_mixin.py:137} INFO - [2024-11-12T08:06:12.301+0000] {dag.py:2690} INFO - Sync 6 DAGs
[2024-11-12T08:06:12.354+0000] {logging_mixin.py:137} INFO - [2024-11-12T08:06:12.353+0000] {dag.py:3441} INFO - Setting next_dagrun for dataset_consumes_1 to None, run_after=None
[2024-11-12T08:06:12.360+0000] {logging_mixin.py:137} INFO - [2024-11-12T08:06:12.360+0000] {dag.py:3441} INFO - Setting next_dagrun for dataset_consumes_1_and_2 to None, run_after=None
[2024-11-12T08:06:12.365+0000] {logging_mixin.py:137} INFO - [2024-11-12T08:06:12.364+0000] {dag.py:3441} INFO - Setting next_dagrun for dataset_consumes_1_never_scheduled to None, run_after=None
[2024-11-12T08:06:12.367+0000] {logging_mixin.py:137} INFO - [2024-11-12T08:06:12.367+0000] {dag.py:3441} INFO - Setting next_dagrun for dataset_consumes_unknown_never_scheduled to None, run_after=None
[2024-11-12T08:06:12.371+0000] {logging_mixin.py:137} INFO - [2024-11-12T08:06:12.371+0000] {dag.py:3441} INFO - Setting next_dagrun for dataset_produces_1 to 2024-11-11T00:00:00+00:00, run_after=2024-11-12T00:00:00+00:00
[2024-11-12T08:06:12.374+0000] {logging_mixin.py:137} INFO - [2024-11-12T08:06:12.374+0000] {dag.py:3441} INFO - Setting next_dagrun for dataset_produces_2 to None, run_after=None
[2024-11-12T08:06:12.456+0000] {processor.py:175} INFO - Processing /home/airflow/.local/lib/python3.7/site-packages/airflow/example_dags/example_datasets.py took 0.294 seconds
[2024-11-12T08:06:42.910+0000] {processor.py:153} INFO - Started process (PID=671) to work on /home/airflow/.local/lib/python3.7/site-packages/airflow/example_dags/example_datasets.py
[2024-11-12T08:06:42.921+0000] {processor.py:743} INFO - Processing file /home/airflow/.local/lib/python3.7/site-packages/airflow/example_dags/example_datasets.py for tasks to queue
[2024-11-12T08:06:42.921+0000] {logging_mixin.py:137} INFO - [2024-11-12T08:06:42.921+0000] {dagbag.py:538} INFO - Filling up the DagBag from /home/airflow/.local/lib/python3.7/site-packages/airflow/example_dags/example_datasets.py
[2024-11-12T08:06:42.937+0000] {processor.py:753} INFO - DAG(s) dict_keys(['dataset_consumes_1', 'dataset_consumes_1_never_scheduled', 'dataset_produces_1', 'dataset_consumes_unknown_never_scheduled', 'dataset_produces_2', 'dataset_consumes_1_and_2']) retrieved from /home/airflow/.local/lib/python3.7/site-packages/airflow/example_dags/example_datasets.py
[2024-11-12T08:06:42.984+0000] {logging_mixin.py:137} INFO - [2024-11-12T08:06:42.984+0000] {dag.py:2690} INFO - Sync 6 DAGs
[2024-11-12T08:06:43.013+0000] {logging_mixin.py:137} INFO - [2024-11-12T08:06:43.013+0000] {dag.py:3441} INFO - Setting next_dagrun for dataset_consumes_1 to None, run_after=None
[2024-11-12T08:06:43.017+0000] {logging_mixin.py:137} INFO - [2024-11-12T08:06:43.017+0000] {dag.py:3441} INFO - Setting next_dagrun for dataset_consumes_1_and_2 to None, run_after=None
[2024-11-12T08:06:43.019+0000] {logging_mixin.py:137} INFO - [2024-11-12T08:06:43.018+0000] {dag.py:3441} INFO - Setting next_dagrun for dataset_consumes_1_never_scheduled to None, run_after=None
[2024-11-12T08:06:43.020+0000] {logging_mixin.py:137} INFO - [2024-11-12T08:06:43.020+0000] {dag.py:3441} INFO - Setting next_dagrun for dataset_consumes_unknown_never_scheduled to None, run_after=None
[2024-11-12T08:06:43.023+0000] {logging_mixin.py:137} INFO - [2024-11-12T08:06:43.022+0000] {dag.py:3441} INFO - Setting next_dagrun for dataset_produces_1 to 2024-11-11T00:00:00+00:00, run_after=2024-11-12T00:00:00+00:00
[2024-11-12T08:06:43.024+0000] {logging_mixin.py:137} INFO - [2024-11-12T08:06:43.024+0000] {dag.py:3441} INFO - Setting next_dagrun for dataset_produces_2 to None, run_after=None
[2024-11-12T08:06:43.063+0000] {processor.py:175} INFO - Processing /home/airflow/.local/lib/python3.7/site-packages/airflow/example_dags/example_datasets.py took 0.156 seconds
[2024-11-12T08:07:13.866+0000] {processor.py:153} INFO - Started process (PID=751) to work on /home/airflow/.local/lib/python3.7/site-packages/airflow/example_dags/example_datasets.py
[2024-11-12T08:07:13.867+0000] {processor.py:743} INFO - Processing file /home/airflow/.local/lib/python3.7/site-packages/airflow/example_dags/example_datasets.py for tasks to queue
[2024-11-12T08:07:13.868+0000] {logging_mixin.py:137} INFO - [2024-11-12T08:07:13.868+0000] {dagbag.py:538} INFO - Filling up the DagBag from /home/airflow/.local/lib/python3.7/site-packages/airflow/example_dags/example_datasets.py
[2024-11-12T08:07:13.883+0000] {processor.py:753} INFO - DAG(s) dict_keys(['dataset_consumes_unknown_never_scheduled', 'dataset_produces_2', 'dataset_consumes_1_and_2', 'dataset_consumes_1', 'dataset_produces_1', 'dataset_consumes_1_never_scheduled']) retrieved from /home/airflow/.local/lib/python3.7/site-packages/airflow/example_dags/example_datasets.py
[2024-11-12T08:07:13.950+0000] {logging_mixin.py:137} INFO - [2024-11-12T08:07:13.949+0000] {dag.py:2690} INFO - Sync 6 DAGs
[2024-11-12T08:07:13.987+0000] {logging_mixin.py:137} INFO - [2024-11-12T08:07:13.987+0000] {dag.py:3441} INFO - Setting next_dagrun for dataset_consumes_1 to None, run_after=None
[2024-11-12T08:07:13.992+0000] {logging_mixin.py:137} INFO - [2024-11-12T08:07:13.992+0000] {dag.py:3441} INFO - Setting next_dagrun for dataset_consumes_1_and_2 to None, run_after=None
[2024-11-12T08:07:13.993+0000] {logging_mixin.py:137} INFO - [2024-11-12T08:07:13.993+0000] {dag.py:3441} INFO - Setting next_dagrun for dataset_consumes_1_never_scheduled to None, run_after=None
[2024-11-12T08:07:13.994+0000] {logging_mixin.py:137} INFO - [2024-11-12T08:07:13.994+0000] {dag.py:3441} INFO - Setting next_dagrun for dataset_consumes_unknown_never_scheduled to None, run_after=None
[2024-11-12T08:07:13.996+0000] {logging_mixin.py:137} INFO - [2024-11-12T08:07:13.996+0000] {dag.py:3441} INFO - Setting next_dagrun for dataset_produces_1 to 2024-11-11T00:00:00+00:00, run_after=2024-11-12T00:00:00+00:00
[2024-11-12T08:07:13.997+0000] {logging_mixin.py:137} INFO - [2024-11-12T08:07:13.997+0000] {dag.py:3441} INFO - Setting next_dagrun for dataset_produces_2 to None, run_after=None
[2024-11-12T08:07:14.036+0000] {processor.py:175} INFO - Processing /home/airflow/.local/lib/python3.7/site-packages/airflow/example_dags/example_datasets.py took 0.173 seconds
[2024-11-12T08:07:44.698+0000] {processor.py:153} INFO - Started process (PID=829) to work on /home/airflow/.local/lib/python3.7/site-packages/airflow/example_dags/example_datasets.py
[2024-11-12T08:07:44.708+0000] {processor.py:743} INFO - Processing file /home/airflow/.local/lib/python3.7/site-packages/airflow/example_dags/example_datasets.py for tasks to queue
[2024-11-12T08:07:44.709+0000] {logging_mixin.py:137} INFO - [2024-11-12T08:07:44.708+0000] {dagbag.py:538} INFO - Filling up the DagBag from /home/airflow/.local/lib/python3.7/site-packages/airflow/example_dags/example_datasets.py
[2024-11-12T08:07:44.723+0000] {processor.py:753} INFO - DAG(s) dict_keys(['dataset_consumes_1_and_2', 'dataset_consumes_unknown_never_scheduled', 'dataset_produces_2', 'dataset_produces_1', 'dataset_consumes_1', 'dataset_consumes_1_never_scheduled']) retrieved from /home/airflow/.local/lib/python3.7/site-packages/airflow/example_dags/example_datasets.py
[2024-11-12T08:07:44.762+0000] {logging_mixin.py:137} INFO - [2024-11-12T08:07:44.762+0000] {dag.py:2690} INFO - Sync 6 DAGs
[2024-11-12T08:07:44.784+0000] {logging_mixin.py:137} INFO - [2024-11-12T08:07:44.783+0000] {dag.py:3441} INFO - Setting next_dagrun for dataset_consumes_1 to None, run_after=None
[2024-11-12T08:07:44.787+0000] {logging_mixin.py:137} INFO - [2024-11-12T08:07:44.787+0000] {dag.py:3441} INFO - Setting next_dagrun for dataset_consumes_1_and_2 to None, run_after=None
[2024-11-12T08:07:44.788+0000] {logging_mixin.py:137} INFO - [2024-11-12T08:07:44.788+0000] {dag.py:3441} INFO - Setting next_dagrun for dataset_consumes_1_never_scheduled to None, run_after=None
[2024-11-12T08:07:44.790+0000] {logging_mixin.py:137} INFO - [2024-11-12T08:07:44.790+0000] {dag.py:3441} INFO - Setting next_dagrun for dataset_consumes_unknown_never_scheduled to None, run_after=None
[2024-11-12T08:07:44.794+0000] {logging_mixin.py:137} INFO - [2024-11-12T08:07:44.794+0000] {dag.py:3441} INFO - Setting next_dagrun for dataset_produces_1 to 2024-11-11T00:00:00+00:00, run_after=2024-11-12T00:00:00+00:00
[2024-11-12T08:07:44.796+0000] {logging_mixin.py:137} INFO - [2024-11-12T08:07:44.795+0000] {dag.py:3441} INFO - Setting next_dagrun for dataset_produces_2 to None, run_after=None
[2024-11-12T08:07:44.838+0000] {processor.py:175} INFO - Processing /home/airflow/.local/lib/python3.7/site-packages/airflow/example_dags/example_datasets.py took 0.143 seconds
[2024-11-12T08:08:14.903+0000] {processor.py:153} INFO - Started process (PID=900) to work on /home/airflow/.local/lib/python3.7/site-packages/airflow/example_dags/example_datasets.py
[2024-11-12T08:08:14.905+0000] {processor.py:743} INFO - Processing file /home/airflow/.local/lib/python3.7/site-packages/airflow/example_dags/example_datasets.py for tasks to queue
[2024-11-12T08:08:14.905+0000] {logging_mixin.py:137} INFO - [2024-11-12T08:08:14.905+0000] {dagbag.py:538} INFO - Filling up the DagBag from /home/airflow/.local/lib/python3.7/site-packages/airflow/example_dags/example_datasets.py
[2024-11-12T08:08:14.924+0000] {processor.py:753} INFO - DAG(s) dict_keys(['dataset_produces_2', 'dataset_consumes_1_never_scheduled', 'dataset_produces_1', 'dataset_consumes_1', 'dataset_consumes_unknown_never_scheduled', 'dataset_consumes_1_and_2']) retrieved from /home/airflow/.local/lib/python3.7/site-packages/airflow/example_dags/example_datasets.py
[2024-11-12T08:08:14.976+0000] {logging_mixin.py:137} INFO - [2024-11-12T08:08:14.976+0000] {dag.py:2690} INFO - Sync 6 DAGs
[2024-11-12T08:08:15.004+0000] {logging_mixin.py:137} INFO - [2024-11-12T08:08:15.004+0000] {dag.py:3441} INFO - Setting next_dagrun for dataset_consumes_1 to None, run_after=None
[2024-11-12T08:08:15.008+0000] {logging_mixin.py:137} INFO - [2024-11-12T08:08:15.008+0000] {dag.py:3441} INFO - Setting next_dagrun for dataset_consumes_1_and_2 to None, run_after=None
[2024-11-12T08:08:15.010+0000] {logging_mixin.py:137} INFO - [2024-11-12T08:08:15.010+0000] {dag.py:3441} INFO - Setting next_dagrun for dataset_consumes_1_never_scheduled to None, run_after=None
[2024-11-12T08:08:15.011+0000] {logging_mixin.py:137} INFO - [2024-11-12T08:08:15.011+0000] {dag.py:3441} INFO - Setting next_dagrun for dataset_consumes_unknown_never_scheduled to None, run_after=None
[2024-11-12T08:08:15.014+0000] {logging_mixin.py:137} INFO - [2024-11-12T08:08:15.014+0000] {dag.py:3441} INFO - Setting next_dagrun for dataset_produces_1 to 2024-11-11T00:00:00+00:00, run_after=2024-11-12T00:00:00+00:00
[2024-11-12T08:08:15.016+0000] {logging_mixin.py:137} INFO - [2024-11-12T08:08:15.016+0000] {dag.py:3441} INFO - Setting next_dagrun for dataset_produces_2 to None, run_after=None
[2024-11-12T08:08:15.060+0000] {processor.py:175} INFO - Processing /home/airflow/.local/lib/python3.7/site-packages/airflow/example_dags/example_datasets.py took 0.162 seconds
[2024-11-12T08:08:45.569+0000] {processor.py:153} INFO - Started process (PID=971) to work on /home/airflow/.local/lib/python3.7/site-packages/airflow/example_dags/example_datasets.py
[2024-11-12T08:08:45.575+0000] {processor.py:743} INFO - Processing file /home/airflow/.local/lib/python3.7/site-packages/airflow/example_dags/example_datasets.py for tasks to queue
[2024-11-12T08:08:45.575+0000] {logging_mixin.py:137} INFO - [2024-11-12T08:08:45.575+0000] {dagbag.py:538} INFO - Filling up the DagBag from /home/airflow/.local/lib/python3.7/site-packages/airflow/example_dags/example_datasets.py
[2024-11-12T08:08:45.592+0000] {processor.py:753} INFO - DAG(s) dict_keys(['dataset_consumes_1_never_scheduled', 'dataset_produces_1', 'dataset_consumes_1', 'dataset_produces_2', 'dataset_consumes_1_and_2', 'dataset_consumes_unknown_never_scheduled']) retrieved from /home/airflow/.local/lib/python3.7/site-packages/airflow/example_dags/example_datasets.py
[2024-11-12T08:08:45.636+0000] {logging_mixin.py:137} INFO - [2024-11-12T08:08:45.636+0000] {dag.py:2690} INFO - Sync 6 DAGs
[2024-11-12T08:08:45.666+0000] {logging_mixin.py:137} INFO - [2024-11-12T08:08:45.666+0000] {dag.py:3441} INFO - Setting next_dagrun for dataset_consumes_1 to None, run_after=None
[2024-11-12T08:08:45.669+0000] {logging_mixin.py:137} INFO - [2024-11-12T08:08:45.669+0000] {dag.py:3441} INFO - Setting next_dagrun for dataset_consumes_1_and_2 to None, run_after=None
[2024-11-12T08:08:45.671+0000] {logging_mixin.py:137} INFO - [2024-11-12T08:08:45.671+0000] {dag.py:3441} INFO - Setting next_dagrun for dataset_consumes_1_never_scheduled to None, run_after=None
[2024-11-12T08:08:45.672+0000] {logging_mixin.py:137} INFO - [2024-11-12T08:08:45.672+0000] {dag.py:3441} INFO - Setting next_dagrun for dataset_consumes_unknown_never_scheduled to None, run_after=None
[2024-11-12T08:08:45.676+0000] {logging_mixin.py:137} INFO - [2024-11-12T08:08:45.676+0000] {dag.py:3441} INFO - Setting next_dagrun for dataset_produces_1 to 2024-11-11T00:00:00+00:00, run_after=2024-11-12T00:00:00+00:00
[2024-11-12T08:08:45.678+0000] {logging_mixin.py:137} INFO - [2024-11-12T08:08:45.677+0000] {dag.py:3441} INFO - Setting next_dagrun for dataset_produces_2 to None, run_after=None
[2024-11-12T08:08:45.727+0000] {processor.py:175} INFO - Processing /home/airflow/.local/lib/python3.7/site-packages/airflow/example_dags/example_datasets.py took 0.162 seconds
[2024-11-12T08:09:16.592+0000] {processor.py:153} INFO - Started process (PID=1042) to work on /home/airflow/.local/lib/python3.7/site-packages/airflow/example_dags/example_datasets.py
[2024-11-12T08:09:16.594+0000] {processor.py:743} INFO - Processing file /home/airflow/.local/lib/python3.7/site-packages/airflow/example_dags/example_datasets.py for tasks to queue
[2024-11-12T08:09:16.595+0000] {logging_mixin.py:137} INFO - [2024-11-12T08:09:16.595+0000] {dagbag.py:538} INFO - Filling up the DagBag from /home/airflow/.local/lib/python3.7/site-packages/airflow/example_dags/example_datasets.py
[2024-11-12T08:09:16.609+0000] {processor.py:753} INFO - DAG(s) dict_keys(['dataset_produces_2', 'dataset_produces_1', 'dataset_consumes_unknown_never_scheduled', 'dataset_consumes_1_and_2', 'dataset_consumes_1_never_scheduled', 'dataset_consumes_1']) retrieved from /home/airflow/.local/lib/python3.7/site-packages/airflow/example_dags/example_datasets.py
[2024-11-12T08:09:16.651+0000] {logging_mixin.py:137} INFO - [2024-11-12T08:09:16.651+0000] {dag.py:2690} INFO - Sync 6 DAGs
[2024-11-12T08:09:16.676+0000] {logging_mixin.py:137} INFO - [2024-11-12T08:09:16.676+0000] {dag.py:3441} INFO - Setting next_dagrun for dataset_consumes_1 to None, run_after=None
[2024-11-12T08:09:16.680+0000] {logging_mixin.py:137} INFO - [2024-11-12T08:09:16.679+0000] {dag.py:3441} INFO - Setting next_dagrun for dataset_consumes_1_and_2 to None, run_after=None
[2024-11-12T08:09:16.681+0000] {logging_mixin.py:137} INFO - [2024-11-12T08:09:16.681+0000] {dag.py:3441} INFO - Setting next_dagrun for dataset_consumes_1_never_scheduled to None, run_after=None
[2024-11-12T08:09:16.682+0000] {logging_mixin.py:137} INFO - [2024-11-12T08:09:16.682+0000] {dag.py:3441} INFO - Setting next_dagrun for dataset_consumes_unknown_never_scheduled to None, run_after=None
[2024-11-12T08:09:16.685+0000] {logging_mixin.py:137} INFO - [2024-11-12T08:09:16.685+0000] {dag.py:3441} INFO - Setting next_dagrun for dataset_produces_1 to 2024-11-11T00:00:00+00:00, run_after=2024-11-12T00:00:00+00:00
[2024-11-12T08:09:16.686+0000] {logging_mixin.py:137} INFO - [2024-11-12T08:09:16.686+0000] {dag.py:3441} INFO - Setting next_dagrun for dataset_produces_2 to None, run_after=None
[2024-11-12T08:09:16.725+0000] {processor.py:175} INFO - Processing /home/airflow/.local/lib/python3.7/site-packages/airflow/example_dags/example_datasets.py took 0.135 seconds
[2024-11-12T08:09:47.349+0000] {processor.py:153} INFO - Started process (PID=1130) to work on /home/airflow/.local/lib/python3.7/site-packages/airflow/example_dags/example_datasets.py
[2024-11-12T08:09:47.350+0000] {processor.py:743} INFO - Processing file /home/airflow/.local/lib/python3.7/site-packages/airflow/example_dags/example_datasets.py for tasks to queue
[2024-11-12T08:09:47.351+0000] {logging_mixin.py:137} INFO - [2024-11-12T08:09:47.351+0000] {dagbag.py:538} INFO - Filling up the DagBag from /home/airflow/.local/lib/python3.7/site-packages/airflow/example_dags/example_datasets.py
[2024-11-12T08:09:47.364+0000] {processor.py:753} INFO - DAG(s) dict_keys(['dataset_consumes_1', 'dataset_consumes_1_and_2', 'dataset_produces_2', 'dataset_produces_1', 'dataset_consumes_1_never_scheduled', 'dataset_consumes_unknown_never_scheduled']) retrieved from /home/airflow/.local/lib/python3.7/site-packages/airflow/example_dags/example_datasets.py
[2024-11-12T08:09:47.404+0000] {logging_mixin.py:137} INFO - [2024-11-12T08:09:47.404+0000] {dag.py:2690} INFO - Sync 6 DAGs
[2024-11-12T08:09:47.426+0000] {logging_mixin.py:137} INFO - [2024-11-12T08:09:47.426+0000] {dag.py:3441} INFO - Setting next_dagrun for dataset_consumes_1 to None, run_after=None
[2024-11-12T08:09:47.429+0000] {logging_mixin.py:137} INFO - [2024-11-12T08:09:47.429+0000] {dag.py:3441} INFO - Setting next_dagrun for dataset_consumes_1_and_2 to None, run_after=None
[2024-11-12T08:09:47.431+0000] {logging_mixin.py:137} INFO - [2024-11-12T08:09:47.431+0000] {dag.py:3441} INFO - Setting next_dagrun for dataset_consumes_1_never_scheduled to None, run_after=None
[2024-11-12T08:09:47.432+0000] {logging_mixin.py:137} INFO - [2024-11-12T08:09:47.432+0000] {dag.py:3441} INFO - Setting next_dagrun for dataset_consumes_unknown_never_scheduled to None, run_after=None
[2024-11-12T08:09:47.434+0000] {logging_mixin.py:137} INFO - [2024-11-12T08:09:47.434+0000] {dag.py:3441} INFO - Setting next_dagrun for dataset_produces_1 to 2024-11-11T00:00:00+00:00, run_after=2024-11-12T00:00:00+00:00
[2024-11-12T08:09:47.436+0000] {logging_mixin.py:137} INFO - [2024-11-12T08:09:47.435+0000] {dag.py:3441} INFO - Setting next_dagrun for dataset_produces_2 to None, run_after=None
[2024-11-12T08:09:47.472+0000] {processor.py:175} INFO - Processing /home/airflow/.local/lib/python3.7/site-packages/airflow/example_dags/example_datasets.py took 0.127 seconds
[2024-11-12T08:10:17.493+0000] {processor.py:153} INFO - Started process (PID=1201) to work on /home/airflow/.local/lib/python3.7/site-packages/airflow/example_dags/example_datasets.py
[2024-11-12T08:10:17.494+0000] {processor.py:743} INFO - Processing file /home/airflow/.local/lib/python3.7/site-packages/airflow/example_dags/example_datasets.py for tasks to queue
[2024-11-12T08:10:17.495+0000] {logging_mixin.py:137} INFO - [2024-11-12T08:10:17.495+0000] {dagbag.py:538} INFO - Filling up the DagBag from /home/airflow/.local/lib/python3.7/site-packages/airflow/example_dags/example_datasets.py
[2024-11-12T08:10:17.512+0000] {processor.py:753} INFO - DAG(s) dict_keys(['dataset_consumes_unknown_never_scheduled', 'dataset_produces_1', 'dataset_consumes_1_and_2', 'dataset_consumes_1_never_scheduled', 'dataset_consumes_1', 'dataset_produces_2']) retrieved from /home/airflow/.local/lib/python3.7/site-packages/airflow/example_dags/example_datasets.py
[2024-11-12T08:10:17.557+0000] {logging_mixin.py:137} INFO - [2024-11-12T08:10:17.557+0000] {dag.py:2690} INFO - Sync 6 DAGs
[2024-11-12T08:10:17.593+0000] {logging_mixin.py:137} INFO - [2024-11-12T08:10:17.593+0000] {dag.py:3441} INFO - Setting next_dagrun for dataset_consumes_1 to None, run_after=None
[2024-11-12T08:10:17.598+0000] {logging_mixin.py:137} INFO - [2024-11-12T08:10:17.598+0000] {dag.py:3441} INFO - Setting next_dagrun for dataset_consumes_1_and_2 to None, run_after=None
[2024-11-12T08:10:17.600+0000] {logging_mixin.py:137} INFO - [2024-11-12T08:10:17.600+0000] {dag.py:3441} INFO - Setting next_dagrun for dataset_consumes_1_never_scheduled to None, run_after=None
[2024-11-12T08:10:17.601+0000] {logging_mixin.py:137} INFO - [2024-11-12T08:10:17.601+0000] {dag.py:3441} INFO - Setting next_dagrun for dataset_consumes_unknown_never_scheduled to None, run_after=None
[2024-11-12T08:10:17.604+0000] {logging_mixin.py:137} INFO - [2024-11-12T08:10:17.604+0000] {dag.py:3441} INFO - Setting next_dagrun for dataset_produces_1 to 2024-11-11T00:00:00+00:00, run_after=2024-11-12T00:00:00+00:00
[2024-11-12T08:10:17.607+0000] {logging_mixin.py:137} INFO - [2024-11-12T08:10:17.606+0000] {dag.py:3441} INFO - Setting next_dagrun for dataset_produces_2 to None, run_after=None
[2024-11-12T08:10:17.649+0000] {processor.py:175} INFO - Processing /home/airflow/.local/lib/python3.7/site-packages/airflow/example_dags/example_datasets.py took 0.159 seconds
[2024-11-12T08:10:47.787+0000] {processor.py:153} INFO - Started process (PID=1288) to work on /home/airflow/.local/lib/python3.7/site-packages/airflow/example_dags/example_datasets.py
[2024-11-12T08:10:47.798+0000] {processor.py:743} INFO - Processing file /home/airflow/.local/lib/python3.7/site-packages/airflow/example_dags/example_datasets.py for tasks to queue
[2024-11-12T08:10:47.799+0000] {logging_mixin.py:137} INFO - [2024-11-12T08:10:47.799+0000] {dagbag.py:538} INFO - Filling up the DagBag from /home/airflow/.local/lib/python3.7/site-packages/airflow/example_dags/example_datasets.py
[2024-11-12T08:10:47.813+0000] {processor.py:753} INFO - DAG(s) dict_keys(['dataset_consumes_unknown_never_scheduled', 'dataset_consumes_1', 'dataset_produces_2', 'dataset_consumes_1_and_2', 'dataset_consumes_1_never_scheduled', 'dataset_produces_1']) retrieved from /home/airflow/.local/lib/python3.7/site-packages/airflow/example_dags/example_datasets.py
[2024-11-12T08:10:47.860+0000] {logging_mixin.py:137} INFO - [2024-11-12T08:10:47.860+0000] {dag.py:2690} INFO - Sync 6 DAGs
[2024-11-12T08:10:47.887+0000] {logging_mixin.py:137} INFO - [2024-11-12T08:10:47.887+0000] {dag.py:3441} INFO - Setting next_dagrun for dataset_consumes_1 to None, run_after=None
[2024-11-12T08:10:47.890+0000] {logging_mixin.py:137} INFO - [2024-11-12T08:10:47.890+0000] {dag.py:3441} INFO - Setting next_dagrun for dataset_consumes_1_and_2 to None, run_after=None
[2024-11-12T08:10:47.892+0000] {logging_mixin.py:137} INFO - [2024-11-12T08:10:47.892+0000] {dag.py:3441} INFO - Setting next_dagrun for dataset_consumes_1_never_scheduled to None, run_after=None
[2024-11-12T08:10:47.893+0000] {logging_mixin.py:137} INFO - [2024-11-12T08:10:47.893+0000] {dag.py:3441} INFO - Setting next_dagrun for dataset_consumes_unknown_never_scheduled to None, run_after=None
[2024-11-12T08:10:47.896+0000] {logging_mixin.py:137} INFO - [2024-11-12T08:10:47.896+0000] {dag.py:3441} INFO - Setting next_dagrun for dataset_produces_1 to 2024-11-11T00:00:00+00:00, run_after=2024-11-12T00:00:00+00:00
[2024-11-12T08:10:47.898+0000] {logging_mixin.py:137} INFO - [2024-11-12T08:10:47.898+0000] {dag.py:3441} INFO - Setting next_dagrun for dataset_produces_2 to None, run_after=None
[2024-11-12T08:10:47.939+0000] {processor.py:175} INFO - Processing /home/airflow/.local/lib/python3.7/site-packages/airflow/example_dags/example_datasets.py took 0.156 seconds
