[2024-11-12T07:54:47.196+0000] {processor.py:153} INFO - Started process (PID=68) to work on /home/airflow/.local/lib/python3.7/site-packages/airflow/example_dags/example_trigger_target_dag.py
[2024-11-12T07:54:47.197+0000] {processor.py:743} INFO - Processing file /home/airflow/.local/lib/python3.7/site-packages/airflow/example_dags/example_trigger_target_dag.py for tasks to queue
[2024-11-12T07:54:47.198+0000] {logging_mixin.py:137} INFO - [2024-11-12T07:54:47.198+0000] {dagbag.py:538} INFO - Filling up the DagBag from /home/airflow/.local/lib/python3.7/site-packages/airflow/example_dags/example_trigger_target_dag.py
[2024-11-12T07:54:47.225+0000] {processor.py:753} INFO - DAG(s) dict_keys(['example_trigger_target_dag']) retrieved from /home/airflow/.local/lib/python3.7/site-packages/airflow/example_dags/example_trigger_target_dag.py
[2024-11-12T07:54:47.238+0000] {logging_mixin.py:137} INFO - [2024-11-12T07:54:47.238+0000] {dag.py:2690} INFO - Sync 1 DAGs
[2024-11-12T07:54:47.266+0000] {logging_mixin.py:137} INFO - [2024-11-12T07:54:47.266+0000] {dag.py:3441} INFO - Setting next_dagrun for example_trigger_target_dag to None, run_after=None
[2024-11-12T07:54:47.295+0000] {processor.py:175} INFO - Processing /home/airflow/.local/lib/python3.7/site-packages/airflow/example_dags/example_trigger_target_dag.py took 0.102 seconds
[2024-11-12T07:55:17.766+0000] {processor.py:153} INFO - Started process (PID=139) to work on /home/airflow/.local/lib/python3.7/site-packages/airflow/example_dags/example_trigger_target_dag.py
[2024-11-12T07:55:17.767+0000] {processor.py:743} INFO - Processing file /home/airflow/.local/lib/python3.7/site-packages/airflow/example_dags/example_trigger_target_dag.py for tasks to queue
[2024-11-12T07:55:17.767+0000] {logging_mixin.py:137} INFO - [2024-11-12T07:55:17.767+0000] {dagbag.py:538} INFO - Filling up the DagBag from /home/airflow/.local/lib/python3.7/site-packages/airflow/example_dags/example_trigger_target_dag.py
[2024-11-12T07:55:17.787+0000] {processor.py:753} INFO - DAG(s) dict_keys(['example_trigger_target_dag']) retrieved from /home/airflow/.local/lib/python3.7/site-packages/airflow/example_dags/example_trigger_target_dag.py
[2024-11-12T07:55:17.816+0000] {logging_mixin.py:137} INFO - [2024-11-12T07:55:17.816+0000] {dag.py:2690} INFO - Sync 1 DAGs
[2024-11-12T07:55:17.845+0000] {logging_mixin.py:137} INFO - [2024-11-12T07:55:17.844+0000] {dag.py:3441} INFO - Setting next_dagrun for example_trigger_target_dag to None, run_after=None
[2024-11-12T07:55:17.866+0000] {processor.py:175} INFO - Processing /home/airflow/.local/lib/python3.7/site-packages/airflow/example_dags/example_trigger_target_dag.py took 0.103 seconds
[2024-11-12T07:55:48.552+0000] {processor.py:153} INFO - Started process (PID=219) to work on /home/airflow/.local/lib/python3.7/site-packages/airflow/example_dags/example_trigger_target_dag.py
[2024-11-12T07:55:48.554+0000] {processor.py:743} INFO - Processing file /home/airflow/.local/lib/python3.7/site-packages/airflow/example_dags/example_trigger_target_dag.py for tasks to queue
[2024-11-12T07:55:48.555+0000] {logging_mixin.py:137} INFO - [2024-11-12T07:55:48.555+0000] {dagbag.py:538} INFO - Filling up the DagBag from /home/airflow/.local/lib/python3.7/site-packages/airflow/example_dags/example_trigger_target_dag.py
[2024-11-12T07:55:48.587+0000] {processor.py:753} INFO - DAG(s) dict_keys(['example_trigger_target_dag']) retrieved from /home/airflow/.local/lib/python3.7/site-packages/airflow/example_dags/example_trigger_target_dag.py
[2024-11-12T07:55:48.627+0000] {logging_mixin.py:137} INFO - [2024-11-12T07:55:48.627+0000] {dag.py:2690} INFO - Sync 1 DAGs
[2024-11-12T07:55:48.661+0000] {logging_mixin.py:137} INFO - [2024-11-12T07:55:48.661+0000] {dag.py:3441} INFO - Setting next_dagrun for example_trigger_target_dag to None, run_after=None
[2024-11-12T07:55:48.688+0000] {processor.py:175} INFO - Processing /home/airflow/.local/lib/python3.7/site-packages/airflow/example_dags/example_trigger_target_dag.py took 0.141 seconds
[2024-11-12T07:56:18.989+0000] {processor.py:153} INFO - Started process (PID=297) to work on /home/airflow/.local/lib/python3.7/site-packages/airflow/example_dags/example_trigger_target_dag.py
[2024-11-12T07:56:18.990+0000] {processor.py:743} INFO - Processing file /home/airflow/.local/lib/python3.7/site-packages/airflow/example_dags/example_trigger_target_dag.py for tasks to queue
[2024-11-12T07:56:18.991+0000] {logging_mixin.py:137} INFO - [2024-11-12T07:56:18.991+0000] {dagbag.py:538} INFO - Filling up the DagBag from /home/airflow/.local/lib/python3.7/site-packages/airflow/example_dags/example_trigger_target_dag.py
[2024-11-12T07:56:19.016+0000] {processor.py:753} INFO - DAG(s) dict_keys(['example_trigger_target_dag']) retrieved from /home/airflow/.local/lib/python3.7/site-packages/airflow/example_dags/example_trigger_target_dag.py
[2024-11-12T07:56:19.046+0000] {logging_mixin.py:137} INFO - [2024-11-12T07:56:19.046+0000] {dag.py:2690} INFO - Sync 1 DAGs
[2024-11-12T07:56:19.070+0000] {logging_mixin.py:137} INFO - [2024-11-12T07:56:19.070+0000] {dag.py:3441} INFO - Setting next_dagrun for example_trigger_target_dag to None, run_after=None
[2024-11-12T07:56:19.093+0000] {processor.py:175} INFO - Processing /home/airflow/.local/lib/python3.7/site-packages/airflow/example_dags/example_trigger_target_dag.py took 0.107 seconds
[2024-11-12T07:56:49.426+0000] {processor.py:153} INFO - Started process (PID=368) to work on /home/airflow/.local/lib/python3.7/site-packages/airflow/example_dags/example_trigger_target_dag.py
[2024-11-12T07:56:49.428+0000] {processor.py:743} INFO - Processing file /home/airflow/.local/lib/python3.7/site-packages/airflow/example_dags/example_trigger_target_dag.py for tasks to queue
[2024-11-12T07:56:49.429+0000] {logging_mixin.py:137} INFO - [2024-11-12T07:56:49.428+0000] {dagbag.py:538} INFO - Filling up the DagBag from /home/airflow/.local/lib/python3.7/site-packages/airflow/example_dags/example_trigger_target_dag.py
[2024-11-12T07:56:49.460+0000] {processor.py:753} INFO - DAG(s) dict_keys(['example_trigger_target_dag']) retrieved from /home/airflow/.local/lib/python3.7/site-packages/airflow/example_dags/example_trigger_target_dag.py
[2024-11-12T07:56:49.498+0000] {logging_mixin.py:137} INFO - [2024-11-12T07:56:49.497+0000] {dag.py:2690} INFO - Sync 1 DAGs
[2024-11-12T07:56:49.532+0000] {logging_mixin.py:137} INFO - [2024-11-12T07:56:49.532+0000] {dag.py:3441} INFO - Setting next_dagrun for example_trigger_target_dag to None, run_after=None
[2024-11-12T07:56:49.564+0000] {processor.py:175} INFO - Processing /home/airflow/.local/lib/python3.7/site-packages/airflow/example_dags/example_trigger_target_dag.py took 0.143 seconds
[2024-11-12T07:57:19.668+0000] {processor.py:153} INFO - Started process (PID=455) to work on /home/airflow/.local/lib/python3.7/site-packages/airflow/example_dags/example_trigger_target_dag.py
[2024-11-12T07:57:19.669+0000] {processor.py:743} INFO - Processing file /home/airflow/.local/lib/python3.7/site-packages/airflow/example_dags/example_trigger_target_dag.py for tasks to queue
[2024-11-12T07:57:19.669+0000] {logging_mixin.py:137} INFO - [2024-11-12T07:57:19.669+0000] {dagbag.py:538} INFO - Filling up the DagBag from /home/airflow/.local/lib/python3.7/site-packages/airflow/example_dags/example_trigger_target_dag.py
[2024-11-12T07:57:19.689+0000] {processor.py:753} INFO - DAG(s) dict_keys(['example_trigger_target_dag']) retrieved from /home/airflow/.local/lib/python3.7/site-packages/airflow/example_dags/example_trigger_target_dag.py
[2024-11-12T07:57:19.714+0000] {logging_mixin.py:137} INFO - [2024-11-12T07:57:19.714+0000] {dag.py:2690} INFO - Sync 1 DAGs
[2024-11-12T07:57:19.738+0000] {logging_mixin.py:137} INFO - [2024-11-12T07:57:19.738+0000] {dag.py:3441} INFO - Setting next_dagrun for example_trigger_target_dag to None, run_after=None
[2024-11-12T07:57:19.760+0000] {processor.py:175} INFO - Processing /home/airflow/.local/lib/python3.7/site-packages/airflow/example_dags/example_trigger_target_dag.py took 0.095 seconds
[2024-11-12T07:57:50.840+0000] {processor.py:153} INFO - Started process (PID=526) to work on /home/airflow/.local/lib/python3.7/site-packages/airflow/example_dags/example_trigger_target_dag.py
[2024-11-12T07:57:50.842+0000] {processor.py:743} INFO - Processing file /home/airflow/.local/lib/python3.7/site-packages/airflow/example_dags/example_trigger_target_dag.py for tasks to queue
[2024-11-12T07:57:50.843+0000] {logging_mixin.py:137} INFO - [2024-11-12T07:57:50.842+0000] {dagbag.py:538} INFO - Filling up the DagBag from /home/airflow/.local/lib/python3.7/site-packages/airflow/example_dags/example_trigger_target_dag.py
[2024-11-12T07:57:50.864+0000] {processor.py:753} INFO - DAG(s) dict_keys(['example_trigger_target_dag']) retrieved from /home/airflow/.local/lib/python3.7/site-packages/airflow/example_dags/example_trigger_target_dag.py
[2024-11-12T07:57:50.890+0000] {logging_mixin.py:137} INFO - [2024-11-12T07:57:50.890+0000] {dag.py:2690} INFO - Sync 1 DAGs
[2024-11-12T07:57:50.916+0000] {logging_mixin.py:137} INFO - [2024-11-12T07:57:50.916+0000] {dag.py:3441} INFO - Setting next_dagrun for example_trigger_target_dag to None, run_after=None
[2024-11-12T07:57:50.939+0000] {processor.py:175} INFO - Processing /home/airflow/.local/lib/python3.7/site-packages/airflow/example_dags/example_trigger_target_dag.py took 0.102 seconds
[2024-11-12T07:58:21.487+0000] {processor.py:153} INFO - Started process (PID=613) to work on /home/airflow/.local/lib/python3.7/site-packages/airflow/example_dags/example_trigger_target_dag.py
[2024-11-12T07:58:21.488+0000] {processor.py:743} INFO - Processing file /home/airflow/.local/lib/python3.7/site-packages/airflow/example_dags/example_trigger_target_dag.py for tasks to queue
[2024-11-12T07:58:21.489+0000] {logging_mixin.py:137} INFO - [2024-11-12T07:58:21.489+0000] {dagbag.py:538} INFO - Filling up the DagBag from /home/airflow/.local/lib/python3.7/site-packages/airflow/example_dags/example_trigger_target_dag.py
[2024-11-12T07:58:21.508+0000] {processor.py:753} INFO - DAG(s) dict_keys(['example_trigger_target_dag']) retrieved from /home/airflow/.local/lib/python3.7/site-packages/airflow/example_dags/example_trigger_target_dag.py
[2024-11-12T07:58:21.533+0000] {logging_mixin.py:137} INFO - [2024-11-12T07:58:21.533+0000] {dag.py:2690} INFO - Sync 1 DAGs
[2024-11-12T07:58:21.555+0000] {logging_mixin.py:137} INFO - [2024-11-12T07:58:21.555+0000] {dag.py:3441} INFO - Setting next_dagrun for example_trigger_target_dag to None, run_after=None
[2024-11-12T07:58:21.577+0000] {processor.py:175} INFO - Processing /home/airflow/.local/lib/python3.7/site-packages/airflow/example_dags/example_trigger_target_dag.py took 0.094 seconds
[2024-11-12T07:58:52.180+0000] {processor.py:153} INFO - Started process (PID=684) to work on /home/airflow/.local/lib/python3.7/site-packages/airflow/example_dags/example_trigger_target_dag.py
[2024-11-12T07:58:52.181+0000] {processor.py:743} INFO - Processing file /home/airflow/.local/lib/python3.7/site-packages/airflow/example_dags/example_trigger_target_dag.py for tasks to queue
[2024-11-12T07:58:52.182+0000] {logging_mixin.py:137} INFO - [2024-11-12T07:58:52.182+0000] {dagbag.py:538} INFO - Filling up the DagBag from /home/airflow/.local/lib/python3.7/site-packages/airflow/example_dags/example_trigger_target_dag.py
[2024-11-12T07:58:52.205+0000] {processor.py:753} INFO - DAG(s) dict_keys(['example_trigger_target_dag']) retrieved from /home/airflow/.local/lib/python3.7/site-packages/airflow/example_dags/example_trigger_target_dag.py
[2024-11-12T07:58:52.235+0000] {logging_mixin.py:137} INFO - [2024-11-12T07:58:52.235+0000] {dag.py:2690} INFO - Sync 1 DAGs
[2024-11-12T07:58:52.262+0000] {logging_mixin.py:137} INFO - [2024-11-12T07:58:52.261+0000] {dag.py:3441} INFO - Setting next_dagrun for example_trigger_target_dag to None, run_after=None
[2024-11-12T07:58:52.287+0000] {processor.py:175} INFO - Processing /home/airflow/.local/lib/python3.7/site-packages/airflow/example_dags/example_trigger_target_dag.py took 0.112 seconds
[2024-11-12T07:59:22.387+0000] {processor.py:153} INFO - Started process (PID=773) to work on /home/airflow/.local/lib/python3.7/site-packages/airflow/example_dags/example_trigger_target_dag.py
[2024-11-12T07:59:22.388+0000] {processor.py:743} INFO - Processing file /home/airflow/.local/lib/python3.7/site-packages/airflow/example_dags/example_trigger_target_dag.py for tasks to queue
[2024-11-12T07:59:22.388+0000] {logging_mixin.py:137} INFO - [2024-11-12T07:59:22.388+0000] {dagbag.py:538} INFO - Filling up the DagBag from /home/airflow/.local/lib/python3.7/site-packages/airflow/example_dags/example_trigger_target_dag.py
[2024-11-12T07:59:22.406+0000] {processor.py:753} INFO - DAG(s) dict_keys(['example_trigger_target_dag']) retrieved from /home/airflow/.local/lib/python3.7/site-packages/airflow/example_dags/example_trigger_target_dag.py
[2024-11-12T07:59:22.431+0000] {logging_mixin.py:137} INFO - [2024-11-12T07:59:22.431+0000] {dag.py:2690} INFO - Sync 1 DAGs
[2024-11-12T07:59:22.455+0000] {logging_mixin.py:137} INFO - [2024-11-12T07:59:22.455+0000] {dag.py:3441} INFO - Setting next_dagrun for example_trigger_target_dag to None, run_after=None
[2024-11-12T07:59:22.476+0000] {processor.py:175} INFO - Processing /home/airflow/.local/lib/python3.7/site-packages/airflow/example_dags/example_trigger_target_dag.py took 0.092 seconds
[2024-11-12T07:59:52.559+0000] {processor.py:153} INFO - Started process (PID=844) to work on /home/airflow/.local/lib/python3.7/site-packages/airflow/example_dags/example_trigger_target_dag.py
[2024-11-12T07:59:52.560+0000] {processor.py:743} INFO - Processing file /home/airflow/.local/lib/python3.7/site-packages/airflow/example_dags/example_trigger_target_dag.py for tasks to queue
[2024-11-12T07:59:52.562+0000] {logging_mixin.py:137} INFO - [2024-11-12T07:59:52.562+0000] {dagbag.py:538} INFO - Filling up the DagBag from /home/airflow/.local/lib/python3.7/site-packages/airflow/example_dags/example_trigger_target_dag.py
[2024-11-12T07:59:52.593+0000] {processor.py:753} INFO - DAG(s) dict_keys(['example_trigger_target_dag']) retrieved from /home/airflow/.local/lib/python3.7/site-packages/airflow/example_dags/example_trigger_target_dag.py
[2024-11-12T07:59:52.625+0000] {logging_mixin.py:137} INFO - [2024-11-12T07:59:52.624+0000] {dag.py:2690} INFO - Sync 1 DAGs
[2024-11-12T07:59:52.658+0000] {logging_mixin.py:137} INFO - [2024-11-12T07:59:52.658+0000] {dag.py:3441} INFO - Setting next_dagrun for example_trigger_target_dag to None, run_after=None
[2024-11-12T07:59:52.684+0000] {processor.py:175} INFO - Processing /home/airflow/.local/lib/python3.7/site-packages/airflow/example_dags/example_trigger_target_dag.py took 0.129 seconds
[2024-11-12T08:00:22.919+0000] {processor.py:153} INFO - Started process (PID=931) to work on /home/airflow/.local/lib/python3.7/site-packages/airflow/example_dags/example_trigger_target_dag.py
[2024-11-12T08:00:22.920+0000] {processor.py:743} INFO - Processing file /home/airflow/.local/lib/python3.7/site-packages/airflow/example_dags/example_trigger_target_dag.py for tasks to queue
[2024-11-12T08:00:22.921+0000] {logging_mixin.py:137} INFO - [2024-11-12T08:00:22.921+0000] {dagbag.py:538} INFO - Filling up the DagBag from /home/airflow/.local/lib/python3.7/site-packages/airflow/example_dags/example_trigger_target_dag.py
[2024-11-12T08:00:22.945+0000] {processor.py:753} INFO - DAG(s) dict_keys(['example_trigger_target_dag']) retrieved from /home/airflow/.local/lib/python3.7/site-packages/airflow/example_dags/example_trigger_target_dag.py
[2024-11-12T08:00:22.974+0000] {logging_mixin.py:137} INFO - [2024-11-12T08:00:22.974+0000] {dag.py:2690} INFO - Sync 1 DAGs
[2024-11-12T08:00:22.999+0000] {logging_mixin.py:137} INFO - [2024-11-12T08:00:22.999+0000] {dag.py:3441} INFO - Setting next_dagrun for example_trigger_target_dag to None, run_after=None
[2024-11-12T08:00:23.021+0000] {processor.py:175} INFO - Processing /home/airflow/.local/lib/python3.7/site-packages/airflow/example_dags/example_trigger_target_dag.py took 0.105 seconds
[2024-11-12T08:00:53.778+0000] {processor.py:153} INFO - Started process (PID=1002) to work on /home/airflow/.local/lib/python3.7/site-packages/airflow/example_dags/example_trigger_target_dag.py
[2024-11-12T08:00:53.779+0000] {processor.py:743} INFO - Processing file /home/airflow/.local/lib/python3.7/site-packages/airflow/example_dags/example_trigger_target_dag.py for tasks to queue
[2024-11-12T08:00:53.780+0000] {logging_mixin.py:137} INFO - [2024-11-12T08:00:53.779+0000] {dagbag.py:538} INFO - Filling up the DagBag from /home/airflow/.local/lib/python3.7/site-packages/airflow/example_dags/example_trigger_target_dag.py
[2024-11-12T08:00:53.800+0000] {processor.py:753} INFO - DAG(s) dict_keys(['example_trigger_target_dag']) retrieved from /home/airflow/.local/lib/python3.7/site-packages/airflow/example_dags/example_trigger_target_dag.py
[2024-11-12T08:00:53.825+0000] {logging_mixin.py:137} INFO - [2024-11-12T08:00:53.825+0000] {dag.py:2690} INFO - Sync 1 DAGs
[2024-11-12T08:00:53.848+0000] {logging_mixin.py:137} INFO - [2024-11-12T08:00:53.848+0000] {dag.py:3441} INFO - Setting next_dagrun for example_trigger_target_dag to None, run_after=None
[2024-11-12T08:00:53.870+0000] {processor.py:175} INFO - Processing /home/airflow/.local/lib/python3.7/site-packages/airflow/example_dags/example_trigger_target_dag.py took 0.095 seconds
[2024-11-12T08:01:24.625+0000] {processor.py:153} INFO - Started process (PID=1089) to work on /home/airflow/.local/lib/python3.7/site-packages/airflow/example_dags/example_trigger_target_dag.py
[2024-11-12T08:01:24.627+0000] {processor.py:743} INFO - Processing file /home/airflow/.local/lib/python3.7/site-packages/airflow/example_dags/example_trigger_target_dag.py for tasks to queue
[2024-11-12T08:01:24.627+0000] {logging_mixin.py:137} INFO - [2024-11-12T08:01:24.627+0000] {dagbag.py:538} INFO - Filling up the DagBag from /home/airflow/.local/lib/python3.7/site-packages/airflow/example_dags/example_trigger_target_dag.py
[2024-11-12T08:01:24.648+0000] {processor.py:753} INFO - DAG(s) dict_keys(['example_trigger_target_dag']) retrieved from /home/airflow/.local/lib/python3.7/site-packages/airflow/example_dags/example_trigger_target_dag.py
[2024-11-12T08:01:24.675+0000] {logging_mixin.py:137} INFO - [2024-11-12T08:01:24.675+0000] {dag.py:2690} INFO - Sync 1 DAGs
[2024-11-12T08:01:24.702+0000] {logging_mixin.py:137} INFO - [2024-11-12T08:01:24.702+0000] {dag.py:3441} INFO - Setting next_dagrun for example_trigger_target_dag to None, run_after=None
[2024-11-12T08:01:24.726+0000] {processor.py:175} INFO - Processing /home/airflow/.local/lib/python3.7/site-packages/airflow/example_dags/example_trigger_target_dag.py took 0.104 seconds
[2024-11-12T08:02:37.691+0000] {processor.py:153} INFO - Started process (PID=50) to work on /home/airflow/.local/lib/python3.7/site-packages/airflow/example_dags/example_trigger_target_dag.py
[2024-11-12T08:02:37.692+0000] {processor.py:743} INFO - Processing file /home/airflow/.local/lib/python3.7/site-packages/airflow/example_dags/example_trigger_target_dag.py for tasks to queue
[2024-11-12T08:02:37.694+0000] {logging_mixin.py:137} INFO - [2024-11-12T08:02:37.693+0000] {dagbag.py:538} INFO - Filling up the DagBag from /home/airflow/.local/lib/python3.7/site-packages/airflow/example_dags/example_trigger_target_dag.py
[2024-11-12T08:02:37.733+0000] {processor.py:753} INFO - DAG(s) dict_keys(['example_trigger_target_dag']) retrieved from /home/airflow/.local/lib/python3.7/site-packages/airflow/example_dags/example_trigger_target_dag.py
[2024-11-12T08:02:37.752+0000] {logging_mixin.py:137} INFO - [2024-11-12T08:02:37.752+0000] {dag.py:2690} INFO - Sync 1 DAGs
[2024-11-12T08:02:37.788+0000] {logging_mixin.py:137} INFO - [2024-11-12T08:02:37.788+0000] {dag.py:3441} INFO - Setting next_dagrun for example_trigger_target_dag to None, run_after=None
[2024-11-12T08:02:37.818+0000] {processor.py:175} INFO - Processing /home/airflow/.local/lib/python3.7/site-packages/airflow/example_dags/example_trigger_target_dag.py took 0.132 seconds
[2024-11-12T08:03:08.764+0000] {processor.py:153} INFO - Started process (PID=137) to work on /home/airflow/.local/lib/python3.7/site-packages/airflow/example_dags/example_trigger_target_dag.py
[2024-11-12T08:03:08.766+0000] {processor.py:743} INFO - Processing file /home/airflow/.local/lib/python3.7/site-packages/airflow/example_dags/example_trigger_target_dag.py for tasks to queue
[2024-11-12T08:03:08.767+0000] {logging_mixin.py:137} INFO - [2024-11-12T08:03:08.767+0000] {dagbag.py:538} INFO - Filling up the DagBag from /home/airflow/.local/lib/python3.7/site-packages/airflow/example_dags/example_trigger_target_dag.py
[2024-11-12T08:03:08.791+0000] {processor.py:753} INFO - DAG(s) dict_keys(['example_trigger_target_dag']) retrieved from /home/airflow/.local/lib/python3.7/site-packages/airflow/example_dags/example_trigger_target_dag.py
[2024-11-12T08:03:08.822+0000] {logging_mixin.py:137} INFO - [2024-11-12T08:03:08.822+0000] {dag.py:2690} INFO - Sync 1 DAGs
[2024-11-12T08:03:08.856+0000] {logging_mixin.py:137} INFO - [2024-11-12T08:03:08.856+0000] {dag.py:3441} INFO - Setting next_dagrun for example_trigger_target_dag to None, run_after=None
[2024-11-12T08:03:08.887+0000] {processor.py:175} INFO - Processing /home/airflow/.local/lib/python3.7/site-packages/airflow/example_dags/example_trigger_target_dag.py took 0.127 seconds
[2024-11-12T08:03:39.492+0000] {processor.py:153} INFO - Started process (PID=208) to work on /home/airflow/.local/lib/python3.7/site-packages/airflow/example_dags/example_trigger_target_dag.py
[2024-11-12T08:03:39.494+0000] {processor.py:743} INFO - Processing file /home/airflow/.local/lib/python3.7/site-packages/airflow/example_dags/example_trigger_target_dag.py for tasks to queue
[2024-11-12T08:03:39.494+0000] {logging_mixin.py:137} INFO - [2024-11-12T08:03:39.494+0000] {dagbag.py:538} INFO - Filling up the DagBag from /home/airflow/.local/lib/python3.7/site-packages/airflow/example_dags/example_trigger_target_dag.py
[2024-11-12T08:03:39.514+0000] {processor.py:753} INFO - DAG(s) dict_keys(['example_trigger_target_dag']) retrieved from /home/airflow/.local/lib/python3.7/site-packages/airflow/example_dags/example_trigger_target_dag.py
[2024-11-12T08:03:39.541+0000] {logging_mixin.py:137} INFO - [2024-11-12T08:03:39.541+0000] {dag.py:2690} INFO - Sync 1 DAGs
[2024-11-12T08:03:39.565+0000] {logging_mixin.py:137} INFO - [2024-11-12T08:03:39.565+0000] {dag.py:3441} INFO - Setting next_dagrun for example_trigger_target_dag to None, run_after=None
[2024-11-12T08:03:39.588+0000] {processor.py:175} INFO - Processing /home/airflow/.local/lib/python3.7/site-packages/airflow/example_dags/example_trigger_target_dag.py took 0.099 seconds
[2024-11-12T08:04:10.058+0000] {processor.py:153} INFO - Started process (PID=295) to work on /home/airflow/.local/lib/python3.7/site-packages/airflow/example_dags/example_trigger_target_dag.py
[2024-11-12T08:04:10.059+0000] {processor.py:743} INFO - Processing file /home/airflow/.local/lib/python3.7/site-packages/airflow/example_dags/example_trigger_target_dag.py for tasks to queue
[2024-11-12T08:04:10.060+0000] {logging_mixin.py:137} INFO - [2024-11-12T08:04:10.060+0000] {dagbag.py:538} INFO - Filling up the DagBag from /home/airflow/.local/lib/python3.7/site-packages/airflow/example_dags/example_trigger_target_dag.py
[2024-11-12T08:04:10.082+0000] {processor.py:753} INFO - DAG(s) dict_keys(['example_trigger_target_dag']) retrieved from /home/airflow/.local/lib/python3.7/site-packages/airflow/example_dags/example_trigger_target_dag.py
[2024-11-12T08:04:10.115+0000] {logging_mixin.py:137} INFO - [2024-11-12T08:04:10.114+0000] {dag.py:2690} INFO - Sync 1 DAGs
[2024-11-12T08:04:10.148+0000] {logging_mixin.py:137} INFO - [2024-11-12T08:04:10.148+0000] {dag.py:3441} INFO - Setting next_dagrun for example_trigger_target_dag to None, run_after=None
[2024-11-12T08:04:10.175+0000] {processor.py:175} INFO - Processing /home/airflow/.local/lib/python3.7/site-packages/airflow/example_dags/example_trigger_target_dag.py took 0.122 seconds
[2024-11-12T08:04:40.997+0000] {processor.py:153} INFO - Started process (PID=366) to work on /home/airflow/.local/lib/python3.7/site-packages/airflow/example_dags/example_trigger_target_dag.py
[2024-11-12T08:04:40.998+0000] {processor.py:743} INFO - Processing file /home/airflow/.local/lib/python3.7/site-packages/airflow/example_dags/example_trigger_target_dag.py for tasks to queue
[2024-11-12T08:04:40.999+0000] {logging_mixin.py:137} INFO - [2024-11-12T08:04:40.999+0000] {dagbag.py:538} INFO - Filling up the DagBag from /home/airflow/.local/lib/python3.7/site-packages/airflow/example_dags/example_trigger_target_dag.py
[2024-11-12T08:04:41.026+0000] {processor.py:753} INFO - DAG(s) dict_keys(['example_trigger_target_dag']) retrieved from /home/airflow/.local/lib/python3.7/site-packages/airflow/example_dags/example_trigger_target_dag.py
[2024-11-12T08:04:41.056+0000] {logging_mixin.py:137} INFO - [2024-11-12T08:04:41.056+0000] {dag.py:2690} INFO - Sync 1 DAGs
[2024-11-12T08:04:41.090+0000] {logging_mixin.py:137} INFO - [2024-11-12T08:04:41.090+0000] {dag.py:3441} INFO - Setting next_dagrun for example_trigger_target_dag to None, run_after=None
[2024-11-12T08:04:41.117+0000] {processor.py:175} INFO - Processing /home/airflow/.local/lib/python3.7/site-packages/airflow/example_dags/example_trigger_target_dag.py took 0.124 seconds
[2024-11-12T08:05:11.264+0000] {processor.py:153} INFO - Started process (PID=453) to work on /home/airflow/.local/lib/python3.7/site-packages/airflow/example_dags/example_trigger_target_dag.py
[2024-11-12T08:05:11.265+0000] {processor.py:743} INFO - Processing file /home/airflow/.local/lib/python3.7/site-packages/airflow/example_dags/example_trigger_target_dag.py for tasks to queue
[2024-11-12T08:05:11.266+0000] {logging_mixin.py:137} INFO - [2024-11-12T08:05:11.266+0000] {dagbag.py:538} INFO - Filling up the DagBag from /home/airflow/.local/lib/python3.7/site-packages/airflow/example_dags/example_trigger_target_dag.py
[2024-11-12T08:05:11.295+0000] {processor.py:753} INFO - DAG(s) dict_keys(['example_trigger_target_dag']) retrieved from /home/airflow/.local/lib/python3.7/site-packages/airflow/example_dags/example_trigger_target_dag.py
[2024-11-12T08:05:11.323+0000] {logging_mixin.py:137} INFO - [2024-11-12T08:05:11.323+0000] {dag.py:2690} INFO - Sync 1 DAGs
[2024-11-12T08:05:11.350+0000] {logging_mixin.py:137} INFO - [2024-11-12T08:05:11.349+0000] {dag.py:3441} INFO - Setting next_dagrun for example_trigger_target_dag to None, run_after=None
[2024-11-12T08:05:11.373+0000] {processor.py:175} INFO - Processing /home/airflow/.local/lib/python3.7/site-packages/airflow/example_dags/example_trigger_target_dag.py took 0.114 seconds
[2024-11-12T08:05:42.176+0000] {processor.py:153} INFO - Started process (PID=524) to work on /home/airflow/.local/lib/python3.7/site-packages/airflow/example_dags/example_trigger_target_dag.py
[2024-11-12T08:05:42.177+0000] {processor.py:743} INFO - Processing file /home/airflow/.local/lib/python3.7/site-packages/airflow/example_dags/example_trigger_target_dag.py for tasks to queue
[2024-11-12T08:05:42.178+0000] {logging_mixin.py:137} INFO - [2024-11-12T08:05:42.178+0000] {dagbag.py:538} INFO - Filling up the DagBag from /home/airflow/.local/lib/python3.7/site-packages/airflow/example_dags/example_trigger_target_dag.py
[2024-11-12T08:05:42.207+0000] {processor.py:753} INFO - DAG(s) dict_keys(['example_trigger_target_dag']) retrieved from /home/airflow/.local/lib/python3.7/site-packages/airflow/example_dags/example_trigger_target_dag.py
[2024-11-12T08:05:42.236+0000] {logging_mixin.py:137} INFO - [2024-11-12T08:05:42.236+0000] {dag.py:2690} INFO - Sync 1 DAGs
[2024-11-12T08:05:42.259+0000] {logging_mixin.py:137} INFO - [2024-11-12T08:05:42.259+0000] {dag.py:3441} INFO - Setting next_dagrun for example_trigger_target_dag to None, run_after=None
[2024-11-12T08:05:42.281+0000] {processor.py:175} INFO - Processing /home/airflow/.local/lib/python3.7/site-packages/airflow/example_dags/example_trigger_target_dag.py took 0.109 seconds
[2024-11-12T08:06:13.306+0000] {processor.py:153} INFO - Started process (PID=611) to work on /home/airflow/.local/lib/python3.7/site-packages/airflow/example_dags/example_trigger_target_dag.py
[2024-11-12T08:06:13.308+0000] {processor.py:743} INFO - Processing file /home/airflow/.local/lib/python3.7/site-packages/airflow/example_dags/example_trigger_target_dag.py for tasks to queue
[2024-11-12T08:06:13.310+0000] {logging_mixin.py:137} INFO - [2024-11-12T08:06:13.309+0000] {dagbag.py:538} INFO - Filling up the DagBag from /home/airflow/.local/lib/python3.7/site-packages/airflow/example_dags/example_trigger_target_dag.py
[2024-11-12T08:06:13.352+0000] {processor.py:753} INFO - DAG(s) dict_keys(['example_trigger_target_dag']) retrieved from /home/airflow/.local/lib/python3.7/site-packages/airflow/example_dags/example_trigger_target_dag.py
[2024-11-12T08:06:13.391+0000] {logging_mixin.py:137} INFO - [2024-11-12T08:06:13.391+0000] {dag.py:2690} INFO - Sync 1 DAGs
[2024-11-12T08:06:13.440+0000] {logging_mixin.py:137} INFO - [2024-11-12T08:06:13.439+0000] {dag.py:3441} INFO - Setting next_dagrun for example_trigger_target_dag to None, run_after=None
[2024-11-12T08:06:13.481+0000] {processor.py:175} INFO - Processing /home/airflow/.local/lib/python3.7/site-packages/airflow/example_dags/example_trigger_target_dag.py took 0.181 seconds
[2024-11-12T08:06:43.550+0000] {processor.py:153} INFO - Started process (PID=682) to work on /home/airflow/.local/lib/python3.7/site-packages/airflow/example_dags/example_trigger_target_dag.py
[2024-11-12T08:06:43.551+0000] {processor.py:743} INFO - Processing file /home/airflow/.local/lib/python3.7/site-packages/airflow/example_dags/example_trigger_target_dag.py for tasks to queue
[2024-11-12T08:06:43.551+0000] {logging_mixin.py:137} INFO - [2024-11-12T08:06:43.551+0000] {dagbag.py:538} INFO - Filling up the DagBag from /home/airflow/.local/lib/python3.7/site-packages/airflow/example_dags/example_trigger_target_dag.py
[2024-11-12T08:06:43.575+0000] {processor.py:753} INFO - DAG(s) dict_keys(['example_trigger_target_dag']) retrieved from /home/airflow/.local/lib/python3.7/site-packages/airflow/example_dags/example_trigger_target_dag.py
[2024-11-12T08:06:43.604+0000] {logging_mixin.py:137} INFO - [2024-11-12T08:06:43.604+0000] {dag.py:2690} INFO - Sync 1 DAGs
[2024-11-12T08:06:43.628+0000] {logging_mixin.py:137} INFO - [2024-11-12T08:06:43.628+0000] {dag.py:3441} INFO - Setting next_dagrun for example_trigger_target_dag to None, run_after=None
[2024-11-12T08:06:43.652+0000] {processor.py:175} INFO - Processing /home/airflow/.local/lib/python3.7/site-packages/airflow/example_dags/example_trigger_target_dag.py took 0.105 seconds
[2024-11-12T08:07:14.590+0000] {processor.py:153} INFO - Started process (PID=769) to work on /home/airflow/.local/lib/python3.7/site-packages/airflow/example_dags/example_trigger_target_dag.py
[2024-11-12T08:07:14.591+0000] {processor.py:743} INFO - Processing file /home/airflow/.local/lib/python3.7/site-packages/airflow/example_dags/example_trigger_target_dag.py for tasks to queue
[2024-11-12T08:07:14.592+0000] {logging_mixin.py:137} INFO - [2024-11-12T08:07:14.592+0000] {dagbag.py:538} INFO - Filling up the DagBag from /home/airflow/.local/lib/python3.7/site-packages/airflow/example_dags/example_trigger_target_dag.py
[2024-11-12T08:07:14.621+0000] {processor.py:753} INFO - DAG(s) dict_keys(['example_trigger_target_dag']) retrieved from /home/airflow/.local/lib/python3.7/site-packages/airflow/example_dags/example_trigger_target_dag.py
[2024-11-12T08:07:14.650+0000] {logging_mixin.py:137} INFO - [2024-11-12T08:07:14.650+0000] {dag.py:2690} INFO - Sync 1 DAGs
[2024-11-12T08:07:14.679+0000] {logging_mixin.py:137} INFO - [2024-11-12T08:07:14.679+0000] {dag.py:3441} INFO - Setting next_dagrun for example_trigger_target_dag to None, run_after=None
[2024-11-12T08:07:14.701+0000] {processor.py:175} INFO - Processing /home/airflow/.local/lib/python3.7/site-packages/airflow/example_dags/example_trigger_target_dag.py took 0.117 seconds
[2024-11-12T08:07:45.412+0000] {processor.py:153} INFO - Started process (PID=840) to work on /home/airflow/.local/lib/python3.7/site-packages/airflow/example_dags/example_trigger_target_dag.py
[2024-11-12T08:07:45.414+0000] {processor.py:743} INFO - Processing file /home/airflow/.local/lib/python3.7/site-packages/airflow/example_dags/example_trigger_target_dag.py for tasks to queue
[2024-11-12T08:07:45.415+0000] {logging_mixin.py:137} INFO - [2024-11-12T08:07:45.414+0000] {dagbag.py:538} INFO - Filling up the DagBag from /home/airflow/.local/lib/python3.7/site-packages/airflow/example_dags/example_trigger_target_dag.py
[2024-11-12T08:07:45.446+0000] {processor.py:753} INFO - DAG(s) dict_keys(['example_trigger_target_dag']) retrieved from /home/airflow/.local/lib/python3.7/site-packages/airflow/example_dags/example_trigger_target_dag.py
[2024-11-12T08:07:45.472+0000] {logging_mixin.py:137} INFO - [2024-11-12T08:07:45.472+0000] {dag.py:2690} INFO - Sync 1 DAGs
[2024-11-12T08:07:45.500+0000] {logging_mixin.py:137} INFO - [2024-11-12T08:07:45.500+0000] {dag.py:3441} INFO - Setting next_dagrun for example_trigger_target_dag to None, run_after=None
[2024-11-12T08:07:45.523+0000] {processor.py:175} INFO - Processing /home/airflow/.local/lib/python3.7/site-packages/airflow/example_dags/example_trigger_target_dag.py took 0.124 seconds
[2024-11-12T08:08:15.550+0000] {processor.py:153} INFO - Started process (PID=911) to work on /home/airflow/.local/lib/python3.7/site-packages/airflow/example_dags/example_trigger_target_dag.py
[2024-11-12T08:08:15.552+0000] {processor.py:743} INFO - Processing file /home/airflow/.local/lib/python3.7/site-packages/airflow/example_dags/example_trigger_target_dag.py for tasks to queue
[2024-11-12T08:08:15.553+0000] {logging_mixin.py:137} INFO - [2024-11-12T08:08:15.553+0000] {dagbag.py:538} INFO - Filling up the DagBag from /home/airflow/.local/lib/python3.7/site-packages/airflow/example_dags/example_trigger_target_dag.py
[2024-11-12T08:08:15.575+0000] {processor.py:753} INFO - DAG(s) dict_keys(['example_trigger_target_dag']) retrieved from /home/airflow/.local/lib/python3.7/site-packages/airflow/example_dags/example_trigger_target_dag.py
[2024-11-12T08:08:15.602+0000] {logging_mixin.py:137} INFO - [2024-11-12T08:08:15.602+0000] {dag.py:2690} INFO - Sync 1 DAGs
[2024-11-12T08:08:15.625+0000] {logging_mixin.py:137} INFO - [2024-11-12T08:08:15.624+0000] {dag.py:3441} INFO - Setting next_dagrun for example_trigger_target_dag to None, run_after=None
[2024-11-12T08:08:15.650+0000] {processor.py:175} INFO - Processing /home/airflow/.local/lib/python3.7/site-packages/airflow/example_dags/example_trigger_target_dag.py took 0.104 seconds
[2024-11-12T08:08:46.219+0000] {processor.py:153} INFO - Started process (PID=982) to work on /home/airflow/.local/lib/python3.7/site-packages/airflow/example_dags/example_trigger_target_dag.py
[2024-11-12T08:08:46.221+0000] {processor.py:743} INFO - Processing file /home/airflow/.local/lib/python3.7/site-packages/airflow/example_dags/example_trigger_target_dag.py for tasks to queue
[2024-11-12T08:08:46.221+0000] {logging_mixin.py:137} INFO - [2024-11-12T08:08:46.221+0000] {dagbag.py:538} INFO - Filling up the DagBag from /home/airflow/.local/lib/python3.7/site-packages/airflow/example_dags/example_trigger_target_dag.py
[2024-11-12T08:08:46.240+0000] {processor.py:753} INFO - DAG(s) dict_keys(['example_trigger_target_dag']) retrieved from /home/airflow/.local/lib/python3.7/site-packages/airflow/example_dags/example_trigger_target_dag.py
[2024-11-12T08:08:46.266+0000] {logging_mixin.py:137} INFO - [2024-11-12T08:08:46.265+0000] {dag.py:2690} INFO - Sync 1 DAGs
[2024-11-12T08:08:46.289+0000] {logging_mixin.py:137} INFO - [2024-11-12T08:08:46.289+0000] {dag.py:3441} INFO - Setting next_dagrun for example_trigger_target_dag to None, run_after=None
[2024-11-12T08:08:46.310+0000] {processor.py:175} INFO - Processing /home/airflow/.local/lib/python3.7/site-packages/airflow/example_dags/example_trigger_target_dag.py took 0.094 seconds
[2024-11-12T08:09:17.256+0000] {processor.py:153} INFO - Started process (PID=1062) to work on /home/airflow/.local/lib/python3.7/site-packages/airflow/example_dags/example_trigger_target_dag.py
[2024-11-12T08:09:17.257+0000] {processor.py:743} INFO - Processing file /home/airflow/.local/lib/python3.7/site-packages/airflow/example_dags/example_trigger_target_dag.py for tasks to queue
[2024-11-12T08:09:17.258+0000] {logging_mixin.py:137} INFO - [2024-11-12T08:09:17.258+0000] {dagbag.py:538} INFO - Filling up the DagBag from /home/airflow/.local/lib/python3.7/site-packages/airflow/example_dags/example_trigger_target_dag.py
[2024-11-12T08:09:17.286+0000] {processor.py:753} INFO - DAG(s) dict_keys(['example_trigger_target_dag']) retrieved from /home/airflow/.local/lib/python3.7/site-packages/airflow/example_dags/example_trigger_target_dag.py
[2024-11-12T08:09:17.316+0000] {logging_mixin.py:137} INFO - [2024-11-12T08:09:17.316+0000] {dag.py:2690} INFO - Sync 1 DAGs
[2024-11-12T08:09:17.344+0000] {logging_mixin.py:137} INFO - [2024-11-12T08:09:17.344+0000] {dag.py:3441} INFO - Setting next_dagrun for example_trigger_target_dag to None, run_after=None
[2024-11-12T08:09:17.367+0000] {processor.py:175} INFO - Processing /home/airflow/.local/lib/python3.7/site-packages/airflow/example_dags/example_trigger_target_dag.py took 0.115 seconds
[2024-11-12T08:09:47.907+0000] {processor.py:153} INFO - Started process (PID=1141) to work on /home/airflow/.local/lib/python3.7/site-packages/airflow/example_dags/example_trigger_target_dag.py
[2024-11-12T08:09:47.909+0000] {processor.py:743} INFO - Processing file /home/airflow/.local/lib/python3.7/site-packages/airflow/example_dags/example_trigger_target_dag.py for tasks to queue
[2024-11-12T08:09:47.909+0000] {logging_mixin.py:137} INFO - [2024-11-12T08:09:47.909+0000] {dagbag.py:538} INFO - Filling up the DagBag from /home/airflow/.local/lib/python3.7/site-packages/airflow/example_dags/example_trigger_target_dag.py
[2024-11-12T08:09:47.943+0000] {processor.py:753} INFO - DAG(s) dict_keys(['example_trigger_target_dag']) retrieved from /home/airflow/.local/lib/python3.7/site-packages/airflow/example_dags/example_trigger_target_dag.py
[2024-11-12T08:09:47.969+0000] {logging_mixin.py:137} INFO - [2024-11-12T08:09:47.969+0000] {dag.py:2690} INFO - Sync 1 DAGs
[2024-11-12T08:09:47.990+0000] {logging_mixin.py:137} INFO - [2024-11-12T08:09:47.990+0000] {dag.py:3441} INFO - Setting next_dagrun for example_trigger_target_dag to None, run_after=None
[2024-11-12T08:09:48.011+0000] {processor.py:175} INFO - Processing /home/airflow/.local/lib/python3.7/site-packages/airflow/example_dags/example_trigger_target_dag.py took 0.106 seconds
[2024-11-12T08:10:18.247+0000] {processor.py:153} INFO - Started process (PID=1212) to work on /home/airflow/.local/lib/python3.7/site-packages/airflow/example_dags/example_trigger_target_dag.py
[2024-11-12T08:10:18.248+0000] {processor.py:743} INFO - Processing file /home/airflow/.local/lib/python3.7/site-packages/airflow/example_dags/example_trigger_target_dag.py for tasks to queue
[2024-11-12T08:10:18.249+0000] {logging_mixin.py:137} INFO - [2024-11-12T08:10:18.249+0000] {dagbag.py:538} INFO - Filling up the DagBag from /home/airflow/.local/lib/python3.7/site-packages/airflow/example_dags/example_trigger_target_dag.py
[2024-11-12T08:10:18.276+0000] {processor.py:753} INFO - DAG(s) dict_keys(['example_trigger_target_dag']) retrieved from /home/airflow/.local/lib/python3.7/site-packages/airflow/example_dags/example_trigger_target_dag.py
[2024-11-12T08:10:18.305+0000] {logging_mixin.py:137} INFO - [2024-11-12T08:10:18.304+0000] {dag.py:2690} INFO - Sync 1 DAGs
[2024-11-12T08:10:18.338+0000] {logging_mixin.py:137} INFO - [2024-11-12T08:10:18.338+0000] {dag.py:3441} INFO - Setting next_dagrun for example_trigger_target_dag to None, run_after=None
[2024-11-12T08:10:18.362+0000] {processor.py:175} INFO - Processing /home/airflow/.local/lib/python3.7/site-packages/airflow/example_dags/example_trigger_target_dag.py took 0.120 seconds
[2024-11-12T08:10:48.429+0000] {processor.py:153} INFO - Started process (PID=1299) to work on /home/airflow/.local/lib/python3.7/site-packages/airflow/example_dags/example_trigger_target_dag.py
[2024-11-12T08:10:48.430+0000] {processor.py:743} INFO - Processing file /home/airflow/.local/lib/python3.7/site-packages/airflow/example_dags/example_trigger_target_dag.py for tasks to queue
[2024-11-12T08:10:48.431+0000] {logging_mixin.py:137} INFO - [2024-11-12T08:10:48.431+0000] {dagbag.py:538} INFO - Filling up the DagBag from /home/airflow/.local/lib/python3.7/site-packages/airflow/example_dags/example_trigger_target_dag.py
[2024-11-12T08:10:48.452+0000] {processor.py:753} INFO - DAG(s) dict_keys(['example_trigger_target_dag']) retrieved from /home/airflow/.local/lib/python3.7/site-packages/airflow/example_dags/example_trigger_target_dag.py
[2024-11-12T08:10:48.478+0000] {logging_mixin.py:137} INFO - [2024-11-12T08:10:48.478+0000] {dag.py:2690} INFO - Sync 1 DAGs
[2024-11-12T08:10:48.500+0000] {logging_mixin.py:137} INFO - [2024-11-12T08:10:48.500+0000] {dag.py:3441} INFO - Setting next_dagrun for example_trigger_target_dag to None, run_after=None
[2024-11-12T08:10:48.522+0000] {processor.py:175} INFO - Processing /home/airflow/.local/lib/python3.7/site-packages/airflow/example_dags/example_trigger_target_dag.py took 0.097 seconds
[2024-11-12T08:11:18.776+0000] {processor.py:153} INFO - Started process (PID=1370) to work on /home/airflow/.local/lib/python3.7/site-packages/airflow/example_dags/example_trigger_target_dag.py
[2024-11-12T08:11:18.778+0000] {processor.py:743} INFO - Processing file /home/airflow/.local/lib/python3.7/site-packages/airflow/example_dags/example_trigger_target_dag.py for tasks to queue
[2024-11-12T08:11:18.779+0000] {logging_mixin.py:137} INFO - [2024-11-12T08:11:18.778+0000] {dagbag.py:538} INFO - Filling up the DagBag from /home/airflow/.local/lib/python3.7/site-packages/airflow/example_dags/example_trigger_target_dag.py
[2024-11-12T08:11:18.803+0000] {processor.py:753} INFO - DAG(s) dict_keys(['example_trigger_target_dag']) retrieved from /home/airflow/.local/lib/python3.7/site-packages/airflow/example_dags/example_trigger_target_dag.py
[2024-11-12T08:11:18.830+0000] {logging_mixin.py:137} INFO - [2024-11-12T08:11:18.830+0000] {dag.py:2690} INFO - Sync 1 DAGs
[2024-11-12T08:11:18.857+0000] {logging_mixin.py:137} INFO - [2024-11-12T08:11:18.857+0000] {dag.py:3441} INFO - Setting next_dagrun for example_trigger_target_dag to None, run_after=None
[2024-11-12T08:11:18.880+0000] {processor.py:175} INFO - Processing /home/airflow/.local/lib/python3.7/site-packages/airflow/example_dags/example_trigger_target_dag.py took 0.107 seconds
[2024-11-12T08:11:49.312+0000] {processor.py:153} INFO - Started process (PID=1458) to work on /home/airflow/.local/lib/python3.7/site-packages/airflow/example_dags/example_trigger_target_dag.py
[2024-11-12T08:11:49.313+0000] {processor.py:743} INFO - Processing file /home/airflow/.local/lib/python3.7/site-packages/airflow/example_dags/example_trigger_target_dag.py for tasks to queue
[2024-11-12T08:11:49.314+0000] {logging_mixin.py:137} INFO - [2024-11-12T08:11:49.314+0000] {dagbag.py:538} INFO - Filling up the DagBag from /home/airflow/.local/lib/python3.7/site-packages/airflow/example_dags/example_trigger_target_dag.py
[2024-11-12T08:11:49.336+0000] {processor.py:753} INFO - DAG(s) dict_keys(['example_trigger_target_dag']) retrieved from /home/airflow/.local/lib/python3.7/site-packages/airflow/example_dags/example_trigger_target_dag.py
[2024-11-12T08:11:49.363+0000] {logging_mixin.py:137} INFO - [2024-11-12T08:11:49.363+0000] {dag.py:2690} INFO - Sync 1 DAGs
[2024-11-12T08:11:49.389+0000] {logging_mixin.py:137} INFO - [2024-11-12T08:11:49.389+0000] {dag.py:3441} INFO - Setting next_dagrun for example_trigger_target_dag to None, run_after=None
[2024-11-12T08:11:49.412+0000] {processor.py:175} INFO - Processing /home/airflow/.local/lib/python3.7/site-packages/airflow/example_dags/example_trigger_target_dag.py took 0.105 seconds
[2024-11-12T08:12:19.498+0000] {processor.py:153} INFO - Started process (PID=1529) to work on /home/airflow/.local/lib/python3.7/site-packages/airflow/example_dags/example_trigger_target_dag.py
[2024-11-12T08:12:19.499+0000] {processor.py:743} INFO - Processing file /home/airflow/.local/lib/python3.7/site-packages/airflow/example_dags/example_trigger_target_dag.py for tasks to queue
[2024-11-12T08:12:19.500+0000] {logging_mixin.py:137} INFO - [2024-11-12T08:12:19.500+0000] {dagbag.py:538} INFO - Filling up the DagBag from /home/airflow/.local/lib/python3.7/site-packages/airflow/example_dags/example_trigger_target_dag.py
[2024-11-12T08:12:19.519+0000] {processor.py:753} INFO - DAG(s) dict_keys(['example_trigger_target_dag']) retrieved from /home/airflow/.local/lib/python3.7/site-packages/airflow/example_dags/example_trigger_target_dag.py
[2024-11-12T08:12:19.545+0000] {logging_mixin.py:137} INFO - [2024-11-12T08:12:19.545+0000] {dag.py:2690} INFO - Sync 1 DAGs
[2024-11-12T08:12:19.570+0000] {logging_mixin.py:137} INFO - [2024-11-12T08:12:19.570+0000] {dag.py:3441} INFO - Setting next_dagrun for example_trigger_target_dag to None, run_after=None
[2024-11-12T08:12:19.589+0000] {processor.py:175} INFO - Processing /home/airflow/.local/lib/python3.7/site-packages/airflow/example_dags/example_trigger_target_dag.py took 0.095 seconds
[2024-11-12T08:12:50.268+0000] {processor.py:153} INFO - Started process (PID=1616) to work on /home/airflow/.local/lib/python3.7/site-packages/airflow/example_dags/example_trigger_target_dag.py
[2024-11-12T08:12:50.269+0000] {processor.py:743} INFO - Processing file /home/airflow/.local/lib/python3.7/site-packages/airflow/example_dags/example_trigger_target_dag.py for tasks to queue
[2024-11-12T08:12:50.270+0000] {logging_mixin.py:137} INFO - [2024-11-12T08:12:50.270+0000] {dagbag.py:538} INFO - Filling up the DagBag from /home/airflow/.local/lib/python3.7/site-packages/airflow/example_dags/example_trigger_target_dag.py
[2024-11-12T08:12:50.293+0000] {processor.py:753} INFO - DAG(s) dict_keys(['example_trigger_target_dag']) retrieved from /home/airflow/.local/lib/python3.7/site-packages/airflow/example_dags/example_trigger_target_dag.py
[2024-11-12T08:12:50.321+0000] {logging_mixin.py:137} INFO - [2024-11-12T08:12:50.321+0000] {dag.py:2690} INFO - Sync 1 DAGs
[2024-11-12T08:12:50.345+0000] {logging_mixin.py:137} INFO - [2024-11-12T08:12:50.345+0000] {dag.py:3441} INFO - Setting next_dagrun for example_trigger_target_dag to None, run_after=None
[2024-11-12T08:12:50.367+0000] {processor.py:175} INFO - Processing /home/airflow/.local/lib/python3.7/site-packages/airflow/example_dags/example_trigger_target_dag.py took 0.102 seconds
