[2024-11-12T07:54:48.933+0000] {processor.py:153} INFO - Started process (PID=88) to work on /home/airflow/.local/lib/python3.7/site-packages/airflow/example_dags/example_bash_operator.py
[2024-11-12T07:54:48.934+0000] {processor.py:743} INFO - Processing file /home/airflow/.local/lib/python3.7/site-packages/airflow/example_dags/example_bash_operator.py for tasks to queue
[2024-11-12T07:54:48.935+0000] {logging_mixin.py:137} INFO - [2024-11-12T07:54:48.934+0000] {dagbag.py:538} INFO - Filling up the DagBag from /home/airflow/.local/lib/python3.7/site-packages/airflow/example_dags/example_bash_operator.py
[2024-11-12T07:54:48.969+0000] {processor.py:753} INFO - DAG(s) dict_keys(['example_bash_operator']) retrieved from /home/airflow/.local/lib/python3.7/site-packages/airflow/example_dags/example_bash_operator.py
[2024-11-12T07:54:48.983+0000] {logging_mixin.py:137} INFO - [2024-11-12T07:54:48.983+0000] {dag.py:2690} INFO - Sync 1 DAGs
[2024-11-12T07:54:49.013+0000] {logging_mixin.py:137} INFO - [2024-11-12T07:54:49.013+0000] {dag.py:3441} INFO - Setting next_dagrun for example_bash_operator to 2024-11-11T00:00:00+00:00, run_after=2024-11-12T00:00:00+00:00
[2024-11-12T07:54:49.034+0000] {processor.py:175} INFO - Processing /home/airflow/.local/lib/python3.7/site-packages/airflow/example_dags/example_bash_operator.py took 0.105 seconds
[2024-11-12T07:55:19.072+0000] {processor.py:153} INFO - Started process (PID=159) to work on /home/airflow/.local/lib/python3.7/site-packages/airflow/example_dags/example_bash_operator.py
[2024-11-12T07:55:19.073+0000] {processor.py:743} INFO - Processing file /home/airflow/.local/lib/python3.7/site-packages/airflow/example_dags/example_bash_operator.py for tasks to queue
[2024-11-12T07:55:19.074+0000] {logging_mixin.py:137} INFO - [2024-11-12T07:55:19.074+0000] {dagbag.py:538} INFO - Filling up the DagBag from /home/airflow/.local/lib/python3.7/site-packages/airflow/example_dags/example_bash_operator.py
[2024-11-12T07:55:19.095+0000] {processor.py:753} INFO - DAG(s) dict_keys(['example_bash_operator']) retrieved from /home/airflow/.local/lib/python3.7/site-packages/airflow/example_dags/example_bash_operator.py
[2024-11-12T07:55:19.134+0000] {logging_mixin.py:137} INFO - [2024-11-12T07:55:19.134+0000] {dag.py:2690} INFO - Sync 1 DAGs
[2024-11-12T07:55:19.158+0000] {logging_mixin.py:137} INFO - [2024-11-12T07:55:19.158+0000] {dag.py:3441} INFO - Setting next_dagrun for example_bash_operator to 2024-11-11T00:00:00+00:00, run_after=2024-11-12T00:00:00+00:00
[2024-11-12T07:55:19.179+0000] {processor.py:175} INFO - Processing /home/airflow/.local/lib/python3.7/site-packages/airflow/example_dags/example_bash_operator.py took 0.112 seconds
[2024-11-12T07:55:50.199+0000] {processor.py:153} INFO - Started process (PID=246) to work on /home/airflow/.local/lib/python3.7/site-packages/airflow/example_dags/example_bash_operator.py
[2024-11-12T07:55:50.201+0000] {processor.py:743} INFO - Processing file /home/airflow/.local/lib/python3.7/site-packages/airflow/example_dags/example_bash_operator.py for tasks to queue
[2024-11-12T07:55:50.202+0000] {logging_mixin.py:137} INFO - [2024-11-12T07:55:50.202+0000] {dagbag.py:538} INFO - Filling up the DagBag from /home/airflow/.local/lib/python3.7/site-packages/airflow/example_dags/example_bash_operator.py
[2024-11-12T07:55:50.231+0000] {processor.py:753} INFO - DAG(s) dict_keys(['example_bash_operator']) retrieved from /home/airflow/.local/lib/python3.7/site-packages/airflow/example_dags/example_bash_operator.py
[2024-11-12T07:55:50.286+0000] {logging_mixin.py:137} INFO - [2024-11-12T07:55:50.285+0000] {dag.py:2690} INFO - Sync 1 DAGs
[2024-11-12T07:55:50.321+0000] {logging_mixin.py:137} INFO - [2024-11-12T07:55:50.320+0000] {dag.py:3441} INFO - Setting next_dagrun for example_bash_operator to 2024-11-11T00:00:00+00:00, run_after=2024-11-12T00:00:00+00:00
[2024-11-12T07:55:50.348+0000] {processor.py:175} INFO - Processing /home/airflow/.local/lib/python3.7/site-packages/airflow/example_dags/example_bash_operator.py took 0.152 seconds
[2024-11-12T07:56:20.411+0000] {processor.py:153} INFO - Started process (PID=317) to work on /home/airflow/.local/lib/python3.7/site-packages/airflow/example_dags/example_bash_operator.py
[2024-11-12T07:56:20.412+0000] {processor.py:743} INFO - Processing file /home/airflow/.local/lib/python3.7/site-packages/airflow/example_dags/example_bash_operator.py for tasks to queue
[2024-11-12T07:56:20.413+0000] {logging_mixin.py:137} INFO - [2024-11-12T07:56:20.413+0000] {dagbag.py:538} INFO - Filling up the DagBag from /home/airflow/.local/lib/python3.7/site-packages/airflow/example_dags/example_bash_operator.py
[2024-11-12T07:56:20.433+0000] {processor.py:753} INFO - DAG(s) dict_keys(['example_bash_operator']) retrieved from /home/airflow/.local/lib/python3.7/site-packages/airflow/example_dags/example_bash_operator.py
[2024-11-12T07:56:20.467+0000] {logging_mixin.py:137} INFO - [2024-11-12T07:56:20.466+0000] {dag.py:2690} INFO - Sync 1 DAGs
[2024-11-12T07:56:20.489+0000] {logging_mixin.py:137} INFO - [2024-11-12T07:56:20.489+0000] {dag.py:3441} INFO - Setting next_dagrun for example_bash_operator to 2024-11-11T00:00:00+00:00, run_after=2024-11-12T00:00:00+00:00
[2024-11-12T07:56:20.511+0000] {processor.py:175} INFO - Processing /home/airflow/.local/lib/python3.7/site-packages/airflow/example_dags/example_bash_operator.py took 0.104 seconds
[2024-11-12T07:56:51.300+0000] {processor.py:153} INFO - Started process (PID=397) to work on /home/airflow/.local/lib/python3.7/site-packages/airflow/example_dags/example_bash_operator.py
[2024-11-12T07:56:51.302+0000] {processor.py:743} INFO - Processing file /home/airflow/.local/lib/python3.7/site-packages/airflow/example_dags/example_bash_operator.py for tasks to queue
[2024-11-12T07:56:51.302+0000] {logging_mixin.py:137} INFO - [2024-11-12T07:56:51.302+0000] {dagbag.py:538} INFO - Filling up the DagBag from /home/airflow/.local/lib/python3.7/site-packages/airflow/example_dags/example_bash_operator.py
[2024-11-12T07:56:51.330+0000] {processor.py:753} INFO - DAG(s) dict_keys(['example_bash_operator']) retrieved from /home/airflow/.local/lib/python3.7/site-packages/airflow/example_dags/example_bash_operator.py
[2024-11-12T07:56:51.385+0000] {logging_mixin.py:137} INFO - [2024-11-12T07:56:51.385+0000] {dag.py:2690} INFO - Sync 1 DAGs
[2024-11-12T07:56:51.429+0000] {logging_mixin.py:137} INFO - [2024-11-12T07:56:51.429+0000] {dag.py:3441} INFO - Setting next_dagrun for example_bash_operator to 2024-11-11T00:00:00+00:00, run_after=2024-11-12T00:00:00+00:00
[2024-11-12T07:56:51.461+0000] {processor.py:175} INFO - Processing /home/airflow/.local/lib/python3.7/site-packages/airflow/example_dags/example_bash_operator.py took 0.165 seconds
[2024-11-12T07:57:22.158+0000] {processor.py:153} INFO - Started process (PID=475) to work on /home/airflow/.local/lib/python3.7/site-packages/airflow/example_dags/example_bash_operator.py
[2024-11-12T07:57:22.159+0000] {processor.py:743} INFO - Processing file /home/airflow/.local/lib/python3.7/site-packages/airflow/example_dags/example_bash_operator.py for tasks to queue
[2024-11-12T07:57:22.160+0000] {logging_mixin.py:137} INFO - [2024-11-12T07:57:22.160+0000] {dagbag.py:538} INFO - Filling up the DagBag from /home/airflow/.local/lib/python3.7/site-packages/airflow/example_dags/example_bash_operator.py
[2024-11-12T07:57:22.180+0000] {processor.py:753} INFO - DAG(s) dict_keys(['example_bash_operator']) retrieved from /home/airflow/.local/lib/python3.7/site-packages/airflow/example_dags/example_bash_operator.py
[2024-11-12T07:57:22.219+0000] {logging_mixin.py:137} INFO - [2024-11-12T07:57:22.218+0000] {dag.py:2690} INFO - Sync 1 DAGs
[2024-11-12T07:57:22.244+0000] {logging_mixin.py:137} INFO - [2024-11-12T07:57:22.244+0000] {dag.py:3441} INFO - Setting next_dagrun for example_bash_operator to 2024-11-11T00:00:00+00:00, run_after=2024-11-12T00:00:00+00:00
[2024-11-12T07:57:22.266+0000] {processor.py:175} INFO - Processing /home/airflow/.local/lib/python3.7/site-packages/airflow/example_dags/example_bash_operator.py took 0.111 seconds
[2024-11-12T07:57:52.563+0000] {processor.py:153} INFO - Started process (PID=555) to work on /home/airflow/.local/lib/python3.7/site-packages/airflow/example_dags/example_bash_operator.py
[2024-11-12T07:57:52.564+0000] {processor.py:743} INFO - Processing file /home/airflow/.local/lib/python3.7/site-packages/airflow/example_dags/example_bash_operator.py for tasks to queue
[2024-11-12T07:57:52.565+0000] {logging_mixin.py:137} INFO - [2024-11-12T07:57:52.565+0000] {dagbag.py:538} INFO - Filling up the DagBag from /home/airflow/.local/lib/python3.7/site-packages/airflow/example_dags/example_bash_operator.py
[2024-11-12T07:57:52.596+0000] {processor.py:753} INFO - DAG(s) dict_keys(['example_bash_operator']) retrieved from /home/airflow/.local/lib/python3.7/site-packages/airflow/example_dags/example_bash_operator.py
[2024-11-12T07:57:52.669+0000] {logging_mixin.py:137} INFO - [2024-11-12T07:57:52.668+0000] {dag.py:2690} INFO - Sync 1 DAGs
[2024-11-12T07:57:52.710+0000] {logging_mixin.py:137} INFO - [2024-11-12T07:57:52.710+0000] {dag.py:3441} INFO - Setting next_dagrun for example_bash_operator to 2024-11-11T00:00:00+00:00, run_after=2024-11-12T00:00:00+00:00
[2024-11-12T07:57:52.733+0000] {processor.py:175} INFO - Processing /home/airflow/.local/lib/python3.7/site-packages/airflow/example_dags/example_bash_operator.py took 0.175 seconds
[2024-11-12T07:58:22.803+0000] {processor.py:153} INFO - Started process (PID=633) to work on /home/airflow/.local/lib/python3.7/site-packages/airflow/example_dags/example_bash_operator.py
[2024-11-12T07:58:22.804+0000] {processor.py:743} INFO - Processing file /home/airflow/.local/lib/python3.7/site-packages/airflow/example_dags/example_bash_operator.py for tasks to queue
[2024-11-12T07:58:22.805+0000] {logging_mixin.py:137} INFO - [2024-11-12T07:58:22.805+0000] {dagbag.py:538} INFO - Filling up the DagBag from /home/airflow/.local/lib/python3.7/site-packages/airflow/example_dags/example_bash_operator.py
[2024-11-12T07:58:22.827+0000] {processor.py:753} INFO - DAG(s) dict_keys(['example_bash_operator']) retrieved from /home/airflow/.local/lib/python3.7/site-packages/airflow/example_dags/example_bash_operator.py
[2024-11-12T07:58:22.864+0000] {logging_mixin.py:137} INFO - [2024-11-12T07:58:22.864+0000] {dag.py:2690} INFO - Sync 1 DAGs
[2024-11-12T07:58:22.890+0000] {logging_mixin.py:137} INFO - [2024-11-12T07:58:22.890+0000] {dag.py:3441} INFO - Setting next_dagrun for example_bash_operator to 2024-11-11T00:00:00+00:00, run_after=2024-11-12T00:00:00+00:00
[2024-11-12T07:58:22.913+0000] {processor.py:175} INFO - Processing /home/airflow/.local/lib/python3.7/site-packages/airflow/example_dags/example_bash_operator.py took 0.113 seconds
[2024-11-12T07:58:53.778+0000] {processor.py:153} INFO - Started process (PID=712) to work on /home/airflow/.local/lib/python3.7/site-packages/airflow/example_dags/example_bash_operator.py
[2024-11-12T07:58:53.779+0000] {processor.py:743} INFO - Processing file /home/airflow/.local/lib/python3.7/site-packages/airflow/example_dags/example_bash_operator.py for tasks to queue
[2024-11-12T07:58:53.780+0000] {logging_mixin.py:137} INFO - [2024-11-12T07:58:53.780+0000] {dagbag.py:538} INFO - Filling up the DagBag from /home/airflow/.local/lib/python3.7/site-packages/airflow/example_dags/example_bash_operator.py
[2024-11-12T07:58:53.815+0000] {processor.py:753} INFO - DAG(s) dict_keys(['example_bash_operator']) retrieved from /home/airflow/.local/lib/python3.7/site-packages/airflow/example_dags/example_bash_operator.py
[2024-11-12T07:58:53.880+0000] {logging_mixin.py:137} INFO - [2024-11-12T07:58:53.880+0000] {dag.py:2690} INFO - Sync 1 DAGs
[2024-11-12T07:58:53.926+0000] {logging_mixin.py:137} INFO - [2024-11-12T07:58:53.926+0000] {dag.py:3441} INFO - Setting next_dagrun for example_bash_operator to 2024-11-11T00:00:00+00:00, run_after=2024-11-12T00:00:00+00:00
[2024-11-12T07:58:53.956+0000] {processor.py:175} INFO - Processing /home/airflow/.local/lib/python3.7/site-packages/airflow/example_dags/example_bash_operator.py took 0.185 seconds
[2024-11-12T07:59:23.996+0000] {processor.py:153} INFO - Started process (PID=793) to work on /home/airflow/.local/lib/python3.7/site-packages/airflow/example_dags/example_bash_operator.py
[2024-11-12T07:59:23.998+0000] {processor.py:743} INFO - Processing file /home/airflow/.local/lib/python3.7/site-packages/airflow/example_dags/example_bash_operator.py for tasks to queue
[2024-11-12T07:59:23.999+0000] {logging_mixin.py:137} INFO - [2024-11-12T07:59:23.998+0000] {dagbag.py:538} INFO - Filling up the DagBag from /home/airflow/.local/lib/python3.7/site-packages/airflow/example_dags/example_bash_operator.py
[2024-11-12T07:59:24.022+0000] {processor.py:753} INFO - DAG(s) dict_keys(['example_bash_operator']) retrieved from /home/airflow/.local/lib/python3.7/site-packages/airflow/example_dags/example_bash_operator.py
[2024-11-12T07:59:24.060+0000] {logging_mixin.py:137} INFO - [2024-11-12T07:59:24.060+0000] {dag.py:2690} INFO - Sync 1 DAGs
[2024-11-12T07:59:24.088+0000] {logging_mixin.py:137} INFO - [2024-11-12T07:59:24.088+0000] {dag.py:3441} INFO - Setting next_dagrun for example_bash_operator to 2024-11-11T00:00:00+00:00, run_after=2024-11-12T00:00:00+00:00
[2024-11-12T07:59:24.112+0000] {processor.py:175} INFO - Processing /home/airflow/.local/lib/python3.7/site-packages/airflow/example_dags/example_bash_operator.py took 0.119 seconds
[2024-11-12T07:59:54.196+0000] {processor.py:153} INFO - Started process (PID=864) to work on /home/airflow/.local/lib/python3.7/site-packages/airflow/example_dags/example_bash_operator.py
[2024-11-12T07:59:54.198+0000] {processor.py:743} INFO - Processing file /home/airflow/.local/lib/python3.7/site-packages/airflow/example_dags/example_bash_operator.py for tasks to queue
[2024-11-12T07:59:54.199+0000] {logging_mixin.py:137} INFO - [2024-11-12T07:59:54.198+0000] {dagbag.py:538} INFO - Filling up the DagBag from /home/airflow/.local/lib/python3.7/site-packages/airflow/example_dags/example_bash_operator.py
[2024-11-12T07:59:54.223+0000] {processor.py:753} INFO - DAG(s) dict_keys(['example_bash_operator']) retrieved from /home/airflow/.local/lib/python3.7/site-packages/airflow/example_dags/example_bash_operator.py
[2024-11-12T07:59:54.267+0000] {logging_mixin.py:137} INFO - [2024-11-12T07:59:54.267+0000] {dag.py:2690} INFO - Sync 1 DAGs
[2024-11-12T07:59:54.293+0000] {logging_mixin.py:137} INFO - [2024-11-12T07:59:54.293+0000] {dag.py:3441} INFO - Setting next_dagrun for example_bash_operator to 2024-11-11T00:00:00+00:00, run_after=2024-11-12T00:00:00+00:00
[2024-11-12T07:59:54.325+0000] {processor.py:175} INFO - Processing /home/airflow/.local/lib/python3.7/site-packages/airflow/example_dags/example_bash_operator.py took 0.133 seconds
[2024-11-12T08:00:25.297+0000] {processor.py:153} INFO - Started process (PID=951) to work on /home/airflow/.local/lib/python3.7/site-packages/airflow/example_dags/example_bash_operator.py
[2024-11-12T08:00:25.298+0000] {processor.py:743} INFO - Processing file /home/airflow/.local/lib/python3.7/site-packages/airflow/example_dags/example_bash_operator.py for tasks to queue
[2024-11-12T08:00:25.299+0000] {logging_mixin.py:137} INFO - [2024-11-12T08:00:25.299+0000] {dagbag.py:538} INFO - Filling up the DagBag from /home/airflow/.local/lib/python3.7/site-packages/airflow/example_dags/example_bash_operator.py
[2024-11-12T08:00:25.335+0000] {processor.py:753} INFO - DAG(s) dict_keys(['example_bash_operator']) retrieved from /home/airflow/.local/lib/python3.7/site-packages/airflow/example_dags/example_bash_operator.py
[2024-11-12T08:00:25.396+0000] {logging_mixin.py:137} INFO - [2024-11-12T08:00:25.396+0000] {dag.py:2690} INFO - Sync 1 DAGs
[2024-11-12T08:00:25.445+0000] {logging_mixin.py:137} INFO - [2024-11-12T08:00:25.444+0000] {dag.py:3441} INFO - Setting next_dagrun for example_bash_operator to 2024-11-11T00:00:00+00:00, run_after=2024-11-12T00:00:00+00:00
[2024-11-12T08:00:25.477+0000] {processor.py:175} INFO - Processing /home/airflow/.local/lib/python3.7/site-packages/airflow/example_dags/example_bash_operator.py took 0.185 seconds
[2024-11-12T08:00:56.085+0000] {processor.py:153} INFO - Started process (PID=1022) to work on /home/airflow/.local/lib/python3.7/site-packages/airflow/example_dags/example_bash_operator.py
[2024-11-12T08:00:56.087+0000] {processor.py:743} INFO - Processing file /home/airflow/.local/lib/python3.7/site-packages/airflow/example_dags/example_bash_operator.py for tasks to queue
[2024-11-12T08:00:56.087+0000] {logging_mixin.py:137} INFO - [2024-11-12T08:00:56.087+0000] {dagbag.py:538} INFO - Filling up the DagBag from /home/airflow/.local/lib/python3.7/site-packages/airflow/example_dags/example_bash_operator.py
[2024-11-12T08:00:56.106+0000] {processor.py:753} INFO - DAG(s) dict_keys(['example_bash_operator']) retrieved from /home/airflow/.local/lib/python3.7/site-packages/airflow/example_dags/example_bash_operator.py
[2024-11-12T08:00:56.145+0000] {logging_mixin.py:137} INFO - [2024-11-12T08:00:56.144+0000] {dag.py:2690} INFO - Sync 1 DAGs
[2024-11-12T08:00:56.169+0000] {logging_mixin.py:137} INFO - [2024-11-12T08:00:56.169+0000] {dag.py:3441} INFO - Setting next_dagrun for example_bash_operator to 2024-11-11T00:00:00+00:00, run_after=2024-11-12T00:00:00+00:00
[2024-11-12T08:00:56.191+0000] {processor.py:175} INFO - Processing /home/airflow/.local/lib/python3.7/site-packages/airflow/example_dags/example_bash_operator.py took 0.109 seconds
[2024-11-12T08:01:27.033+0000] {processor.py:153} INFO - Started process (PID=1109) to work on /home/airflow/.local/lib/python3.7/site-packages/airflow/example_dags/example_bash_operator.py
[2024-11-12T08:01:27.034+0000] {processor.py:743} INFO - Processing file /home/airflow/.local/lib/python3.7/site-packages/airflow/example_dags/example_bash_operator.py for tasks to queue
[2024-11-12T08:01:27.035+0000] {logging_mixin.py:137} INFO - [2024-11-12T08:01:27.035+0000] {dagbag.py:538} INFO - Filling up the DagBag from /home/airflow/.local/lib/python3.7/site-packages/airflow/example_dags/example_bash_operator.py
[2024-11-12T08:01:27.055+0000] {processor.py:753} INFO - DAG(s) dict_keys(['example_bash_operator']) retrieved from /home/airflow/.local/lib/python3.7/site-packages/airflow/example_dags/example_bash_operator.py
[2024-11-12T08:01:27.091+0000] {logging_mixin.py:137} INFO - [2024-11-12T08:01:27.091+0000] {dag.py:2690} INFO - Sync 1 DAGs
[2024-11-12T08:01:27.132+0000] {logging_mixin.py:137} INFO - [2024-11-12T08:01:27.132+0000] {dag.py:3441} INFO - Setting next_dagrun for example_bash_operator to 2024-11-11T00:00:00+00:00, run_after=2024-11-12T00:00:00+00:00
[2024-11-12T08:01:27.166+0000] {processor.py:175} INFO - Processing /home/airflow/.local/lib/python3.7/site-packages/airflow/example_dags/example_bash_operator.py took 0.136 seconds
[2024-11-12T08:02:39.496+0000] {processor.py:153} INFO - Started process (PID=77) to work on /home/airflow/.local/lib/python3.7/site-packages/airflow/example_dags/example_bash_operator.py
[2024-11-12T08:02:39.498+0000] {processor.py:743} INFO - Processing file /home/airflow/.local/lib/python3.7/site-packages/airflow/example_dags/example_bash_operator.py for tasks to queue
[2024-11-12T08:02:39.499+0000] {logging_mixin.py:137} INFO - [2024-11-12T08:02:39.499+0000] {dagbag.py:538} INFO - Filling up the DagBag from /home/airflow/.local/lib/python3.7/site-packages/airflow/example_dags/example_bash_operator.py
[2024-11-12T08:02:39.540+0000] {processor.py:753} INFO - DAG(s) dict_keys(['example_bash_operator']) retrieved from /home/airflow/.local/lib/python3.7/site-packages/airflow/example_dags/example_bash_operator.py
[2024-11-12T08:02:39.564+0000] {logging_mixin.py:137} INFO - [2024-11-12T08:02:39.563+0000] {dag.py:2690} INFO - Sync 1 DAGs
[2024-11-12T08:02:39.623+0000] {logging_mixin.py:137} INFO - [2024-11-12T08:02:39.622+0000] {dag.py:3441} INFO - Setting next_dagrun for example_bash_operator to 2024-11-11T00:00:00+00:00, run_after=2024-11-12T00:00:00+00:00
[2024-11-12T08:02:39.669+0000] {processor.py:175} INFO - Processing /home/airflow/.local/lib/python3.7/site-packages/airflow/example_dags/example_bash_operator.py took 0.178 seconds
[2024-11-12T08:03:10.243+0000] {processor.py:153} INFO - Started process (PID=157) to work on /home/airflow/.local/lib/python3.7/site-packages/airflow/example_dags/example_bash_operator.py
[2024-11-12T08:03:10.244+0000] {processor.py:743} INFO - Processing file /home/airflow/.local/lib/python3.7/site-packages/airflow/example_dags/example_bash_operator.py for tasks to queue
[2024-11-12T08:03:10.245+0000] {logging_mixin.py:137} INFO - [2024-11-12T08:03:10.245+0000] {dagbag.py:538} INFO - Filling up the DagBag from /home/airflow/.local/lib/python3.7/site-packages/airflow/example_dags/example_bash_operator.py
[2024-11-12T08:03:10.266+0000] {processor.py:753} INFO - DAG(s) dict_keys(['example_bash_operator']) retrieved from /home/airflow/.local/lib/python3.7/site-packages/airflow/example_dags/example_bash_operator.py
[2024-11-12T08:03:10.302+0000] {logging_mixin.py:137} INFO - [2024-11-12T08:03:10.302+0000] {dag.py:2690} INFO - Sync 1 DAGs
[2024-11-12T08:03:10.326+0000] {logging_mixin.py:137} INFO - [2024-11-12T08:03:10.325+0000] {dag.py:3441} INFO - Setting next_dagrun for example_bash_operator to 2024-11-11T00:00:00+00:00, run_after=2024-11-12T00:00:00+00:00
[2024-11-12T08:03:10.346+0000] {processor.py:175} INFO - Processing /home/airflow/.local/lib/python3.7/site-packages/airflow/example_dags/example_bash_operator.py took 0.106 seconds
[2024-11-12T08:03:40.749+0000] {processor.py:153} INFO - Started process (PID=228) to work on /home/airflow/.local/lib/python3.7/site-packages/airflow/example_dags/example_bash_operator.py
[2024-11-12T08:03:40.750+0000] {processor.py:743} INFO - Processing file /home/airflow/.local/lib/python3.7/site-packages/airflow/example_dags/example_bash_operator.py for tasks to queue
[2024-11-12T08:03:40.750+0000] {logging_mixin.py:137} INFO - [2024-11-12T08:03:40.750+0000] {dagbag.py:538} INFO - Filling up the DagBag from /home/airflow/.local/lib/python3.7/site-packages/airflow/example_dags/example_bash_operator.py
[2024-11-12T08:03:40.771+0000] {processor.py:753} INFO - DAG(s) dict_keys(['example_bash_operator']) retrieved from /home/airflow/.local/lib/python3.7/site-packages/airflow/example_dags/example_bash_operator.py
[2024-11-12T08:03:40.810+0000] {logging_mixin.py:137} INFO - [2024-11-12T08:03:40.810+0000] {dag.py:2690} INFO - Sync 1 DAGs
[2024-11-12T08:03:40.835+0000] {logging_mixin.py:137} INFO - [2024-11-12T08:03:40.835+0000] {dag.py:3441} INFO - Setting next_dagrun for example_bash_operator to 2024-11-11T00:00:00+00:00, run_after=2024-11-12T00:00:00+00:00
[2024-11-12T08:03:40.858+0000] {processor.py:175} INFO - Processing /home/airflow/.local/lib/python3.7/site-packages/airflow/example_dags/example_bash_operator.py took 0.112 seconds
[2024-11-12T08:04:11.505+0000] {processor.py:153} INFO - Started process (PID=315) to work on /home/airflow/.local/lib/python3.7/site-packages/airflow/example_dags/example_bash_operator.py
[2024-11-12T08:04:11.507+0000] {processor.py:743} INFO - Processing file /home/airflow/.local/lib/python3.7/site-packages/airflow/example_dags/example_bash_operator.py for tasks to queue
[2024-11-12T08:04:11.508+0000] {logging_mixin.py:137} INFO - [2024-11-12T08:04:11.508+0000] {dagbag.py:538} INFO - Filling up the DagBag from /home/airflow/.local/lib/python3.7/site-packages/airflow/example_dags/example_bash_operator.py
[2024-11-12T08:04:11.539+0000] {processor.py:753} INFO - DAG(s) dict_keys(['example_bash_operator']) retrieved from /home/airflow/.local/lib/python3.7/site-packages/airflow/example_dags/example_bash_operator.py
[2024-11-12T08:04:11.588+0000] {logging_mixin.py:137} INFO - [2024-11-12T08:04:11.588+0000] {dag.py:2690} INFO - Sync 1 DAGs
[2024-11-12T08:04:11.622+0000] {logging_mixin.py:137} INFO - [2024-11-12T08:04:11.622+0000] {dag.py:3441} INFO - Setting next_dagrun for example_bash_operator to 2024-11-11T00:00:00+00:00, run_after=2024-11-12T00:00:00+00:00
[2024-11-12T08:04:11.651+0000] {processor.py:175} INFO - Processing /home/airflow/.local/lib/python3.7/site-packages/airflow/example_dags/example_bash_operator.py took 0.149 seconds
[2024-11-12T08:04:42.641+0000] {processor.py:153} INFO - Started process (PID=386) to work on /home/airflow/.local/lib/python3.7/site-packages/airflow/example_dags/example_bash_operator.py
[2024-11-12T08:04:42.643+0000] {processor.py:743} INFO - Processing file /home/airflow/.local/lib/python3.7/site-packages/airflow/example_dags/example_bash_operator.py for tasks to queue
[2024-11-12T08:04:42.644+0000] {logging_mixin.py:137} INFO - [2024-11-12T08:04:42.644+0000] {dagbag.py:538} INFO - Filling up the DagBag from /home/airflow/.local/lib/python3.7/site-packages/airflow/example_dags/example_bash_operator.py
[2024-11-12T08:04:42.669+0000] {processor.py:753} INFO - DAG(s) dict_keys(['example_bash_operator']) retrieved from /home/airflow/.local/lib/python3.7/site-packages/airflow/example_dags/example_bash_operator.py
[2024-11-12T08:04:42.731+0000] {logging_mixin.py:137} INFO - [2024-11-12T08:04:42.731+0000] {dag.py:2690} INFO - Sync 1 DAGs
[2024-11-12T08:04:42.770+0000] {logging_mixin.py:137} INFO - [2024-11-12T08:04:42.770+0000] {dag.py:3441} INFO - Setting next_dagrun for example_bash_operator to 2024-11-11T00:00:00+00:00, run_after=2024-11-12T00:00:00+00:00
[2024-11-12T08:04:42.796+0000] {processor.py:175} INFO - Processing /home/airflow/.local/lib/python3.7/site-packages/airflow/example_dags/example_bash_operator.py took 0.159 seconds
[2024-11-12T08:05:12.886+0000] {processor.py:153} INFO - Started process (PID=473) to work on /home/airflow/.local/lib/python3.7/site-packages/airflow/example_dags/example_bash_operator.py
[2024-11-12T08:05:12.887+0000] {processor.py:743} INFO - Processing file /home/airflow/.local/lib/python3.7/site-packages/airflow/example_dags/example_bash_operator.py for tasks to queue
[2024-11-12T08:05:12.888+0000] {logging_mixin.py:137} INFO - [2024-11-12T08:05:12.887+0000] {dagbag.py:538} INFO - Filling up the DagBag from /home/airflow/.local/lib/python3.7/site-packages/airflow/example_dags/example_bash_operator.py
[2024-11-12T08:05:12.907+0000] {processor.py:753} INFO - DAG(s) dict_keys(['example_bash_operator']) retrieved from /home/airflow/.local/lib/python3.7/site-packages/airflow/example_dags/example_bash_operator.py
[2024-11-12T08:05:12.943+0000] {logging_mixin.py:137} INFO - [2024-11-12T08:05:12.943+0000] {dag.py:2690} INFO - Sync 1 DAGs
[2024-11-12T08:05:12.968+0000] {logging_mixin.py:137} INFO - [2024-11-12T08:05:12.968+0000] {dag.py:3441} INFO - Setting next_dagrun for example_bash_operator to 2024-11-11T00:00:00+00:00, run_after=2024-11-12T00:00:00+00:00
[2024-11-12T08:05:12.990+0000] {processor.py:175} INFO - Processing /home/airflow/.local/lib/python3.7/site-packages/airflow/example_dags/example_bash_operator.py took 0.108 seconds
[2024-11-12T08:05:43.571+0000] {processor.py:153} INFO - Started process (PID=544) to work on /home/airflow/.local/lib/python3.7/site-packages/airflow/example_dags/example_bash_operator.py
[2024-11-12T08:05:43.572+0000] {processor.py:743} INFO - Processing file /home/airflow/.local/lib/python3.7/site-packages/airflow/example_dags/example_bash_operator.py for tasks to queue
[2024-11-12T08:05:43.572+0000] {logging_mixin.py:137} INFO - [2024-11-12T08:05:43.572+0000] {dagbag.py:538} INFO - Filling up the DagBag from /home/airflow/.local/lib/python3.7/site-packages/airflow/example_dags/example_bash_operator.py
[2024-11-12T08:05:43.599+0000] {processor.py:753} INFO - DAG(s) dict_keys(['example_bash_operator']) retrieved from /home/airflow/.local/lib/python3.7/site-packages/airflow/example_dags/example_bash_operator.py
[2024-11-12T08:05:43.637+0000] {logging_mixin.py:137} INFO - [2024-11-12T08:05:43.637+0000] {dag.py:2690} INFO - Sync 1 DAGs
[2024-11-12T08:05:43.665+0000] {logging_mixin.py:137} INFO - [2024-11-12T08:05:43.665+0000] {dag.py:3441} INFO - Setting next_dagrun for example_bash_operator to 2024-11-11T00:00:00+00:00, run_after=2024-11-12T00:00:00+00:00
[2024-11-12T08:05:43.686+0000] {processor.py:175} INFO - Processing /home/airflow/.local/lib/python3.7/site-packages/airflow/example_dags/example_bash_operator.py took 0.119 seconds
[2024-11-12T08:06:15.142+0000] {processor.py:153} INFO - Started process (PID=631) to work on /home/airflow/.local/lib/python3.7/site-packages/airflow/example_dags/example_bash_operator.py
[2024-11-12T08:06:15.143+0000] {processor.py:743} INFO - Processing file /home/airflow/.local/lib/python3.7/site-packages/airflow/example_dags/example_bash_operator.py for tasks to queue
[2024-11-12T08:06:15.144+0000] {logging_mixin.py:137} INFO - [2024-11-12T08:06:15.143+0000] {dagbag.py:538} INFO - Filling up the DagBag from /home/airflow/.local/lib/python3.7/site-packages/airflow/example_dags/example_bash_operator.py
[2024-11-12T08:06:15.162+0000] {processor.py:753} INFO - DAG(s) dict_keys(['example_bash_operator']) retrieved from /home/airflow/.local/lib/python3.7/site-packages/airflow/example_dags/example_bash_operator.py
[2024-11-12T08:06:15.199+0000] {logging_mixin.py:137} INFO - [2024-11-12T08:06:15.199+0000] {dag.py:2690} INFO - Sync 1 DAGs
[2024-11-12T08:06:15.222+0000] {logging_mixin.py:137} INFO - [2024-11-12T08:06:15.222+0000] {dag.py:3441} INFO - Setting next_dagrun for example_bash_operator to 2024-11-11T00:00:00+00:00, run_after=2024-11-12T00:00:00+00:00
[2024-11-12T08:06:15.244+0000] {processor.py:175} INFO - Processing /home/airflow/.local/lib/python3.7/site-packages/airflow/example_dags/example_bash_operator.py took 0.105 seconds
[2024-11-12T08:06:45.799+0000] {processor.py:153} INFO - Started process (PID=702) to work on /home/airflow/.local/lib/python3.7/site-packages/airflow/example_dags/example_bash_operator.py
[2024-11-12T08:06:45.800+0000] {processor.py:743} INFO - Processing file /home/airflow/.local/lib/python3.7/site-packages/airflow/example_dags/example_bash_operator.py for tasks to queue
[2024-11-12T08:06:45.801+0000] {logging_mixin.py:137} INFO - [2024-11-12T08:06:45.801+0000] {dagbag.py:538} INFO - Filling up the DagBag from /home/airflow/.local/lib/python3.7/site-packages/airflow/example_dags/example_bash_operator.py
[2024-11-12T08:06:45.841+0000] {processor.py:753} INFO - DAG(s) dict_keys(['example_bash_operator']) retrieved from /home/airflow/.local/lib/python3.7/site-packages/airflow/example_dags/example_bash_operator.py
[2024-11-12T08:06:45.889+0000] {logging_mixin.py:137} INFO - [2024-11-12T08:06:45.889+0000] {dag.py:2690} INFO - Sync 1 DAGs
[2024-11-12T08:06:45.920+0000] {logging_mixin.py:137} INFO - [2024-11-12T08:06:45.920+0000] {dag.py:3441} INFO - Setting next_dagrun for example_bash_operator to 2024-11-11T00:00:00+00:00, run_after=2024-11-12T00:00:00+00:00
[2024-11-12T08:06:45.943+0000] {processor.py:175} INFO - Processing /home/airflow/.local/lib/python3.7/site-packages/airflow/example_dags/example_bash_operator.py took 0.148 seconds
[2024-11-12T08:07:16.445+0000] {processor.py:153} INFO - Started process (PID=789) to work on /home/airflow/.local/lib/python3.7/site-packages/airflow/example_dags/example_bash_operator.py
[2024-11-12T08:07:16.446+0000] {processor.py:743} INFO - Processing file /home/airflow/.local/lib/python3.7/site-packages/airflow/example_dags/example_bash_operator.py for tasks to queue
[2024-11-12T08:07:16.447+0000] {logging_mixin.py:137} INFO - [2024-11-12T08:07:16.447+0000] {dagbag.py:538} INFO - Filling up the DagBag from /home/airflow/.local/lib/python3.7/site-packages/airflow/example_dags/example_bash_operator.py
[2024-11-12T08:07:16.472+0000] {processor.py:753} INFO - DAG(s) dict_keys(['example_bash_operator']) retrieved from /home/airflow/.local/lib/python3.7/site-packages/airflow/example_dags/example_bash_operator.py
[2024-11-12T08:07:16.519+0000] {logging_mixin.py:137} INFO - [2024-11-12T08:07:16.519+0000] {dag.py:2690} INFO - Sync 1 DAGs
[2024-11-12T08:07:16.561+0000] {logging_mixin.py:137} INFO - [2024-11-12T08:07:16.561+0000] {dag.py:3441} INFO - Setting next_dagrun for example_bash_operator to 2024-11-11T00:00:00+00:00, run_after=2024-11-12T00:00:00+00:00
[2024-11-12T08:07:16.597+0000] {processor.py:175} INFO - Processing /home/airflow/.local/lib/python3.7/site-packages/airflow/example_dags/example_bash_operator.py took 0.156 seconds
[2024-11-12T08:07:46.628+0000] {processor.py:153} INFO - Started process (PID=860) to work on /home/airflow/.local/lib/python3.7/site-packages/airflow/example_dags/example_bash_operator.py
[2024-11-12T08:07:46.629+0000] {processor.py:743} INFO - Processing file /home/airflow/.local/lib/python3.7/site-packages/airflow/example_dags/example_bash_operator.py for tasks to queue
[2024-11-12T08:07:46.630+0000] {logging_mixin.py:137} INFO - [2024-11-12T08:07:46.630+0000] {dagbag.py:538} INFO - Filling up the DagBag from /home/airflow/.local/lib/python3.7/site-packages/airflow/example_dags/example_bash_operator.py
[2024-11-12T08:07:46.648+0000] {processor.py:753} INFO - DAG(s) dict_keys(['example_bash_operator']) retrieved from /home/airflow/.local/lib/python3.7/site-packages/airflow/example_dags/example_bash_operator.py
[2024-11-12T08:07:46.683+0000] {logging_mixin.py:137} INFO - [2024-11-12T08:07:46.683+0000] {dag.py:2690} INFO - Sync 1 DAGs
[2024-11-12T08:07:46.705+0000] {logging_mixin.py:137} INFO - [2024-11-12T08:07:46.705+0000] {dag.py:3441} INFO - Setting next_dagrun for example_bash_operator to 2024-11-11T00:00:00+00:00, run_after=2024-11-12T00:00:00+00:00
[2024-11-12T08:07:46.724+0000] {processor.py:175} INFO - Processing /home/airflow/.local/lib/python3.7/site-packages/airflow/example_dags/example_bash_operator.py took 0.100 seconds
[2024-11-12T08:08:16.952+0000] {processor.py:153} INFO - Started process (PID=931) to work on /home/airflow/.local/lib/python3.7/site-packages/airflow/example_dags/example_bash_operator.py
[2024-11-12T08:08:16.956+0000] {processor.py:743} INFO - Processing file /home/airflow/.local/lib/python3.7/site-packages/airflow/example_dags/example_bash_operator.py for tasks to queue
[2024-11-12T08:08:16.958+0000] {logging_mixin.py:137} INFO - [2024-11-12T08:08:16.957+0000] {dagbag.py:538} INFO - Filling up the DagBag from /home/airflow/.local/lib/python3.7/site-packages/airflow/example_dags/example_bash_operator.py
[2024-11-12T08:08:17.023+0000] {processor.py:753} INFO - DAG(s) dict_keys(['example_bash_operator']) retrieved from /home/airflow/.local/lib/python3.7/site-packages/airflow/example_dags/example_bash_operator.py
[2024-11-12T08:08:17.124+0000] {logging_mixin.py:137} INFO - [2024-11-12T08:08:17.124+0000] {dag.py:2690} INFO - Sync 1 DAGs
[2024-11-12T08:08:17.171+0000] {logging_mixin.py:137} INFO - [2024-11-12T08:08:17.171+0000] {dag.py:3441} INFO - Setting next_dagrun for example_bash_operator to 2024-11-11T00:00:00+00:00, run_after=2024-11-12T00:00:00+00:00
[2024-11-12T08:08:17.199+0000] {processor.py:175} INFO - Processing /home/airflow/.local/lib/python3.7/site-packages/airflow/example_dags/example_bash_operator.py took 0.255 seconds
[2024-11-12T08:08:47.499+0000] {processor.py:153} INFO - Started process (PID=1002) to work on /home/airflow/.local/lib/python3.7/site-packages/airflow/example_dags/example_bash_operator.py
[2024-11-12T08:08:47.500+0000] {processor.py:743} INFO - Processing file /home/airflow/.local/lib/python3.7/site-packages/airflow/example_dags/example_bash_operator.py for tasks to queue
[2024-11-12T08:08:47.501+0000] {logging_mixin.py:137} INFO - [2024-11-12T08:08:47.501+0000] {dagbag.py:538} INFO - Filling up the DagBag from /home/airflow/.local/lib/python3.7/site-packages/airflow/example_dags/example_bash_operator.py
[2024-11-12T08:08:47.520+0000] {processor.py:753} INFO - DAG(s) dict_keys(['example_bash_operator']) retrieved from /home/airflow/.local/lib/python3.7/site-packages/airflow/example_dags/example_bash_operator.py
[2024-11-12T08:08:47.555+0000] {logging_mixin.py:137} INFO - [2024-11-12T08:08:47.555+0000] {dag.py:2690} INFO - Sync 1 DAGs
[2024-11-12T08:08:47.579+0000] {logging_mixin.py:137} INFO - [2024-11-12T08:08:47.579+0000] {dag.py:3441} INFO - Setting next_dagrun for example_bash_operator to 2024-11-11T00:00:00+00:00, run_after=2024-11-12T00:00:00+00:00
[2024-11-12T08:08:47.602+0000] {processor.py:175} INFO - Processing /home/airflow/.local/lib/python3.7/site-packages/airflow/example_dags/example_bash_operator.py took 0.106 seconds
[2024-11-12T08:09:18.991+0000] {processor.py:153} INFO - Started process (PID=1089) to work on /home/airflow/.local/lib/python3.7/site-packages/airflow/example_dags/example_bash_operator.py
[2024-11-12T08:09:18.993+0000] {processor.py:743} INFO - Processing file /home/airflow/.local/lib/python3.7/site-packages/airflow/example_dags/example_bash_operator.py for tasks to queue
[2024-11-12T08:09:18.994+0000] {logging_mixin.py:137} INFO - [2024-11-12T08:09:18.993+0000] {dagbag.py:538} INFO - Filling up the DagBag from /home/airflow/.local/lib/python3.7/site-packages/airflow/example_dags/example_bash_operator.py
[2024-11-12T08:09:19.026+0000] {processor.py:753} INFO - DAG(s) dict_keys(['example_bash_operator']) retrieved from /home/airflow/.local/lib/python3.7/site-packages/airflow/example_dags/example_bash_operator.py
[2024-11-12T08:09:19.084+0000] {logging_mixin.py:137} INFO - [2024-11-12T08:09:19.084+0000] {dag.py:2690} INFO - Sync 1 DAGs
[2024-11-12T08:09:19.132+0000] {logging_mixin.py:137} INFO - [2024-11-12T08:09:19.131+0000] {dag.py:3441} INFO - Setting next_dagrun for example_bash_operator to 2024-11-11T00:00:00+00:00, run_after=2024-11-12T00:00:00+00:00
[2024-11-12T08:09:19.192+0000] {processor.py:175} INFO - Processing /home/airflow/.local/lib/python3.7/site-packages/airflow/example_dags/example_bash_operator.py took 0.205 seconds
[2024-11-12T08:09:49.284+0000] {processor.py:153} INFO - Started process (PID=1161) to work on /home/airflow/.local/lib/python3.7/site-packages/airflow/example_dags/example_bash_operator.py
[2024-11-12T08:09:49.285+0000] {processor.py:743} INFO - Processing file /home/airflow/.local/lib/python3.7/site-packages/airflow/example_dags/example_bash_operator.py for tasks to queue
[2024-11-12T08:09:49.286+0000] {logging_mixin.py:137} INFO - [2024-11-12T08:09:49.286+0000] {dagbag.py:538} INFO - Filling up the DagBag from /home/airflow/.local/lib/python3.7/site-packages/airflow/example_dags/example_bash_operator.py
[2024-11-12T08:09:49.304+0000] {processor.py:753} INFO - DAG(s) dict_keys(['example_bash_operator']) retrieved from /home/airflow/.local/lib/python3.7/site-packages/airflow/example_dags/example_bash_operator.py
[2024-11-12T08:09:49.336+0000] {logging_mixin.py:137} INFO - [2024-11-12T08:09:49.336+0000] {dag.py:2690} INFO - Sync 1 DAGs
[2024-11-12T08:09:49.358+0000] {logging_mixin.py:137} INFO - [2024-11-12T08:09:49.357+0000] {dag.py:3441} INFO - Setting next_dagrun for example_bash_operator to 2024-11-11T00:00:00+00:00, run_after=2024-11-12T00:00:00+00:00
[2024-11-12T08:09:49.378+0000] {processor.py:175} INFO - Processing /home/airflow/.local/lib/python3.7/site-packages/airflow/example_dags/example_bash_operator.py took 0.097 seconds
[2024-11-12T08:10:19.749+0000] {processor.py:153} INFO - Started process (PID=1239) to work on /home/airflow/.local/lib/python3.7/site-packages/airflow/example_dags/example_bash_operator.py
[2024-11-12T08:10:19.750+0000] {processor.py:743} INFO - Processing file /home/airflow/.local/lib/python3.7/site-packages/airflow/example_dags/example_bash_operator.py for tasks to queue
[2024-11-12T08:10:19.751+0000] {logging_mixin.py:137} INFO - [2024-11-12T08:10:19.751+0000] {dagbag.py:538} INFO - Filling up the DagBag from /home/airflow/.local/lib/python3.7/site-packages/airflow/example_dags/example_bash_operator.py
[2024-11-12T08:10:19.773+0000] {processor.py:753} INFO - DAG(s) dict_keys(['example_bash_operator']) retrieved from /home/airflow/.local/lib/python3.7/site-packages/airflow/example_dags/example_bash_operator.py
[2024-11-12T08:10:19.811+0000] {logging_mixin.py:137} INFO - [2024-11-12T08:10:19.811+0000] {dag.py:2690} INFO - Sync 1 DAGs
[2024-11-12T08:10:19.839+0000] {logging_mixin.py:137} INFO - [2024-11-12T08:10:19.839+0000] {dag.py:3441} INFO - Setting next_dagrun for example_bash_operator to 2024-11-11T00:00:00+00:00, run_after=2024-11-12T00:00:00+00:00
[2024-11-12T08:10:19.859+0000] {processor.py:175} INFO - Processing /home/airflow/.local/lib/python3.7/site-packages/airflow/example_dags/example_bash_operator.py took 0.113 seconds
[2024-11-12T08:10:49.923+0000] {processor.py:153} INFO - Started process (PID=1319) to work on /home/airflow/.local/lib/python3.7/site-packages/airflow/example_dags/example_bash_operator.py
[2024-11-12T08:10:49.925+0000] {processor.py:743} INFO - Processing file /home/airflow/.local/lib/python3.7/site-packages/airflow/example_dags/example_bash_operator.py for tasks to queue
[2024-11-12T08:10:49.925+0000] {logging_mixin.py:137} INFO - [2024-11-12T08:10:49.925+0000] {dagbag.py:538} INFO - Filling up the DagBag from /home/airflow/.local/lib/python3.7/site-packages/airflow/example_dags/example_bash_operator.py
[2024-11-12T08:10:49.946+0000] {processor.py:753} INFO - DAG(s) dict_keys(['example_bash_operator']) retrieved from /home/airflow/.local/lib/python3.7/site-packages/airflow/example_dags/example_bash_operator.py
[2024-11-12T08:10:49.987+0000] {logging_mixin.py:137} INFO - [2024-11-12T08:10:49.987+0000] {dag.py:2690} INFO - Sync 1 DAGs
[2024-11-12T08:10:50.011+0000] {logging_mixin.py:137} INFO - [2024-11-12T08:10:50.011+0000] {dag.py:3441} INFO - Setting next_dagrun for example_bash_operator to 2024-11-11T00:00:00+00:00, run_after=2024-11-12T00:00:00+00:00
[2024-11-12T08:10:50.034+0000] {processor.py:175} INFO - Processing /home/airflow/.local/lib/python3.7/site-packages/airflow/example_dags/example_bash_operator.py took 0.114 seconds
