[2024-11-12T07:54:46.286+0000] {processor.py:153} INFO - Started process (PID=59) to work on /home/airflow/.local/lib/python3.7/site-packages/airflow/example_dags/example_time_delta_sensor_async.py
[2024-11-12T07:54:46.287+0000] {processor.py:743} INFO - Processing file /home/airflow/.local/lib/python3.7/site-packages/airflow/example_dags/example_time_delta_sensor_async.py for tasks to queue
[2024-11-12T07:54:46.288+0000] {logging_mixin.py:137} INFO - [2024-11-12T07:54:46.288+0000] {dagbag.py:538} INFO - Filling up the DagBag from /home/airflow/.local/lib/python3.7/site-packages/airflow/example_dags/example_time_delta_sensor_async.py
[2024-11-12T07:54:46.314+0000] {processor.py:753} INFO - DAG(s) dict_keys(['example_time_delta_sensor_async']) retrieved from /home/airflow/.local/lib/python3.7/site-packages/airflow/example_dags/example_time_delta_sensor_async.py
[2024-11-12T07:54:46.352+0000] {logging_mixin.py:137} INFO - [2024-11-12T07:54:46.351+0000] {dag.py:2690} INFO - Sync 1 DAGs
[2024-11-12T07:54:46.421+0000] {logging_mixin.py:137} INFO - [2024-11-12T07:54:46.420+0000] {dag.py:3441} INFO - Setting next_dagrun for example_time_delta_sensor_async to None, run_after=None
[2024-11-12T07:54:46.478+0000] {processor.py:175} INFO - Processing /home/airflow/.local/lib/python3.7/site-packages/airflow/example_dags/example_time_delta_sensor_async.py took 0.197 seconds
[2024-11-12T07:55:17.190+0000] {processor.py:153} INFO - Started process (PID=130) to work on /home/airflow/.local/lib/python3.7/site-packages/airflow/example_dags/example_time_delta_sensor_async.py
[2024-11-12T07:55:17.192+0000] {processor.py:743} INFO - Processing file /home/airflow/.local/lib/python3.7/site-packages/airflow/example_dags/example_time_delta_sensor_async.py for tasks to queue
[2024-11-12T07:55:17.192+0000] {logging_mixin.py:137} INFO - [2024-11-12T07:55:17.192+0000] {dagbag.py:538} INFO - Filling up the DagBag from /home/airflow/.local/lib/python3.7/site-packages/airflow/example_dags/example_time_delta_sensor_async.py
[2024-11-12T07:55:17.202+0000] {processor.py:753} INFO - DAG(s) dict_keys(['example_time_delta_sensor_async']) retrieved from /home/airflow/.local/lib/python3.7/site-packages/airflow/example_dags/example_time_delta_sensor_async.py
[2024-11-12T07:55:17.234+0000] {logging_mixin.py:137} INFO - [2024-11-12T07:55:17.234+0000] {dag.py:2690} INFO - Sync 1 DAGs
[2024-11-12T07:55:17.255+0000] {logging_mixin.py:137} INFO - [2024-11-12T07:55:17.255+0000] {dag.py:3441} INFO - Setting next_dagrun for example_time_delta_sensor_async to None, run_after=None
[2024-11-12T07:55:17.277+0000] {processor.py:175} INFO - Processing /home/airflow/.local/lib/python3.7/site-packages/airflow/example_dags/example_time_delta_sensor_async.py took 0.092 seconds
[2024-11-12T07:55:47.924+0000] {processor.py:153} INFO - Started process (PID=210) to work on /home/airflow/.local/lib/python3.7/site-packages/airflow/example_dags/example_time_delta_sensor_async.py
[2024-11-12T07:55:47.925+0000] {processor.py:743} INFO - Processing file /home/airflow/.local/lib/python3.7/site-packages/airflow/example_dags/example_time_delta_sensor_async.py for tasks to queue
[2024-11-12T07:55:47.926+0000] {logging_mixin.py:137} INFO - [2024-11-12T07:55:47.926+0000] {dagbag.py:538} INFO - Filling up the DagBag from /home/airflow/.local/lib/python3.7/site-packages/airflow/example_dags/example_time_delta_sensor_async.py
[2024-11-12T07:55:47.945+0000] {processor.py:753} INFO - DAG(s) dict_keys(['example_time_delta_sensor_async']) retrieved from /home/airflow/.local/lib/python3.7/site-packages/airflow/example_dags/example_time_delta_sensor_async.py
[2024-11-12T07:55:47.979+0000] {logging_mixin.py:137} INFO - [2024-11-12T07:55:47.979+0000] {dag.py:2690} INFO - Sync 1 DAGs
[2024-11-12T07:55:48.011+0000] {logging_mixin.py:137} INFO - [2024-11-12T07:55:48.011+0000] {dag.py:3441} INFO - Setting next_dagrun for example_time_delta_sensor_async to None, run_after=None
[2024-11-12T07:55:48.037+0000] {processor.py:175} INFO - Processing /home/airflow/.local/lib/python3.7/site-packages/airflow/example_dags/example_time_delta_sensor_async.py took 0.118 seconds
[2024-11-12T07:56:18.480+0000] {processor.py:153} INFO - Started process (PID=288) to work on /home/airflow/.local/lib/python3.7/site-packages/airflow/example_dags/example_time_delta_sensor_async.py
[2024-11-12T07:56:18.481+0000] {processor.py:743} INFO - Processing file /home/airflow/.local/lib/python3.7/site-packages/airflow/example_dags/example_time_delta_sensor_async.py for tasks to queue
[2024-11-12T07:56:18.482+0000] {logging_mixin.py:137} INFO - [2024-11-12T07:56:18.482+0000] {dagbag.py:538} INFO - Filling up the DagBag from /home/airflow/.local/lib/python3.7/site-packages/airflow/example_dags/example_time_delta_sensor_async.py
[2024-11-12T07:56:18.495+0000] {processor.py:753} INFO - DAG(s) dict_keys(['example_time_delta_sensor_async']) retrieved from /home/airflow/.local/lib/python3.7/site-packages/airflow/example_dags/example_time_delta_sensor_async.py
[2024-11-12T07:56:18.522+0000] {logging_mixin.py:137} INFO - [2024-11-12T07:56:18.522+0000] {dag.py:2690} INFO - Sync 1 DAGs
[2024-11-12T07:56:18.548+0000] {logging_mixin.py:137} INFO - [2024-11-12T07:56:18.548+0000] {dag.py:3441} INFO - Setting next_dagrun for example_time_delta_sensor_async to None, run_after=None
[2024-11-12T07:56:18.574+0000] {processor.py:175} INFO - Processing /home/airflow/.local/lib/python3.7/site-packages/airflow/example_dags/example_time_delta_sensor_async.py took 0.098 seconds
[2024-11-12T07:56:48.814+0000] {processor.py:153} INFO - Started process (PID=359) to work on /home/airflow/.local/lib/python3.7/site-packages/airflow/example_dags/example_time_delta_sensor_async.py
[2024-11-12T07:56:48.815+0000] {processor.py:743} INFO - Processing file /home/airflow/.local/lib/python3.7/site-packages/airflow/example_dags/example_time_delta_sensor_async.py for tasks to queue
[2024-11-12T07:56:48.816+0000] {logging_mixin.py:137} INFO - [2024-11-12T07:56:48.816+0000] {dagbag.py:538} INFO - Filling up the DagBag from /home/airflow/.local/lib/python3.7/site-packages/airflow/example_dags/example_time_delta_sensor_async.py
[2024-11-12T07:56:48.827+0000] {processor.py:753} INFO - DAG(s) dict_keys(['example_time_delta_sensor_async']) retrieved from /home/airflow/.local/lib/python3.7/site-packages/airflow/example_dags/example_time_delta_sensor_async.py
[2024-11-12T07:56:48.853+0000] {logging_mixin.py:137} INFO - [2024-11-12T07:56:48.853+0000] {dag.py:2690} INFO - Sync 1 DAGs
[2024-11-12T07:56:48.885+0000] {logging_mixin.py:137} INFO - [2024-11-12T07:56:48.884+0000] {dag.py:3441} INFO - Setting next_dagrun for example_time_delta_sensor_async to None, run_after=None
[2024-11-12T07:56:48.908+0000] {processor.py:175} INFO - Processing /home/airflow/.local/lib/python3.7/site-packages/airflow/example_dags/example_time_delta_sensor_async.py took 0.097 seconds
[2024-11-12T07:57:19.206+0000] {processor.py:153} INFO - Started process (PID=446) to work on /home/airflow/.local/lib/python3.7/site-packages/airflow/example_dags/example_time_delta_sensor_async.py
[2024-11-12T07:57:19.207+0000] {processor.py:743} INFO - Processing file /home/airflow/.local/lib/python3.7/site-packages/airflow/example_dags/example_time_delta_sensor_async.py for tasks to queue
[2024-11-12T07:57:19.208+0000] {logging_mixin.py:137} INFO - [2024-11-12T07:57:19.208+0000] {dagbag.py:538} INFO - Filling up the DagBag from /home/airflow/.local/lib/python3.7/site-packages/airflow/example_dags/example_time_delta_sensor_async.py
[2024-11-12T07:57:19.218+0000] {processor.py:753} INFO - DAG(s) dict_keys(['example_time_delta_sensor_async']) retrieved from /home/airflow/.local/lib/python3.7/site-packages/airflow/example_dags/example_time_delta_sensor_async.py
[2024-11-12T07:57:19.243+0000] {logging_mixin.py:137} INFO - [2024-11-12T07:57:19.243+0000] {dag.py:2690} INFO - Sync 1 DAGs
[2024-11-12T07:57:19.265+0000] {logging_mixin.py:137} INFO - [2024-11-12T07:57:19.265+0000] {dag.py:3441} INFO - Setting next_dagrun for example_time_delta_sensor_async to None, run_after=None
[2024-11-12T07:57:19.287+0000] {processor.py:175} INFO - Processing /home/airflow/.local/lib/python3.7/site-packages/airflow/example_dags/example_time_delta_sensor_async.py took 0.085 seconds
[2024-11-12T07:57:50.337+0000] {processor.py:153} INFO - Started process (PID=517) to work on /home/airflow/.local/lib/python3.7/site-packages/airflow/example_dags/example_time_delta_sensor_async.py
[2024-11-12T07:57:50.338+0000] {processor.py:743} INFO - Processing file /home/airflow/.local/lib/python3.7/site-packages/airflow/example_dags/example_time_delta_sensor_async.py for tasks to queue
[2024-11-12T07:57:50.339+0000] {logging_mixin.py:137} INFO - [2024-11-12T07:57:50.339+0000] {dagbag.py:538} INFO - Filling up the DagBag from /home/airflow/.local/lib/python3.7/site-packages/airflow/example_dags/example_time_delta_sensor_async.py
[2024-11-12T07:57:50.351+0000] {processor.py:753} INFO - DAG(s) dict_keys(['example_time_delta_sensor_async']) retrieved from /home/airflow/.local/lib/python3.7/site-packages/airflow/example_dags/example_time_delta_sensor_async.py
[2024-11-12T07:57:50.376+0000] {logging_mixin.py:137} INFO - [2024-11-12T07:57:50.376+0000] {dag.py:2690} INFO - Sync 1 DAGs
[2024-11-12T07:57:50.401+0000] {logging_mixin.py:137} INFO - [2024-11-12T07:57:50.400+0000] {dag.py:3441} INFO - Setting next_dagrun for example_time_delta_sensor_async to None, run_after=None
[2024-11-12T07:57:50.423+0000] {processor.py:175} INFO - Processing /home/airflow/.local/lib/python3.7/site-packages/airflow/example_dags/example_time_delta_sensor_async.py took 0.089 seconds
[2024-11-12T07:58:20.825+0000] {processor.py:153} INFO - Started process (PID=604) to work on /home/airflow/.local/lib/python3.7/site-packages/airflow/example_dags/example_time_delta_sensor_async.py
[2024-11-12T07:58:20.826+0000] {processor.py:743} INFO - Processing file /home/airflow/.local/lib/python3.7/site-packages/airflow/example_dags/example_time_delta_sensor_async.py for tasks to queue
[2024-11-12T07:58:20.827+0000] {logging_mixin.py:137} INFO - [2024-11-12T07:58:20.827+0000] {dagbag.py:538} INFO - Filling up the DagBag from /home/airflow/.local/lib/python3.7/site-packages/airflow/example_dags/example_time_delta_sensor_async.py
[2024-11-12T07:58:20.842+0000] {processor.py:753} INFO - DAG(s) dict_keys(['example_time_delta_sensor_async']) retrieved from /home/airflow/.local/lib/python3.7/site-packages/airflow/example_dags/example_time_delta_sensor_async.py
[2024-11-12T07:58:20.869+0000] {logging_mixin.py:137} INFO - [2024-11-12T07:58:20.869+0000] {dag.py:2690} INFO - Sync 1 DAGs
[2024-11-12T07:58:20.893+0000] {logging_mixin.py:137} INFO - [2024-11-12T07:58:20.893+0000] {dag.py:3441} INFO - Setting next_dagrun for example_time_delta_sensor_async to None, run_after=None
[2024-11-12T07:58:20.916+0000] {processor.py:175} INFO - Processing /home/airflow/.local/lib/python3.7/site-packages/airflow/example_dags/example_time_delta_sensor_async.py took 0.094 seconds
[2024-11-12T07:58:51.542+0000] {processor.py:153} INFO - Started process (PID=675) to work on /home/airflow/.local/lib/python3.7/site-packages/airflow/example_dags/example_time_delta_sensor_async.py
[2024-11-12T07:58:51.544+0000] {processor.py:743} INFO - Processing file /home/airflow/.local/lib/python3.7/site-packages/airflow/example_dags/example_time_delta_sensor_async.py for tasks to queue
[2024-11-12T07:58:51.544+0000] {logging_mixin.py:137} INFO - [2024-11-12T07:58:51.544+0000] {dagbag.py:538} INFO - Filling up the DagBag from /home/airflow/.local/lib/python3.7/site-packages/airflow/example_dags/example_time_delta_sensor_async.py
[2024-11-12T07:58:51.569+0000] {processor.py:753} INFO - DAG(s) dict_keys(['example_time_delta_sensor_async']) retrieved from /home/airflow/.local/lib/python3.7/site-packages/airflow/example_dags/example_time_delta_sensor_async.py
[2024-11-12T07:58:51.609+0000] {logging_mixin.py:137} INFO - [2024-11-12T07:58:51.609+0000] {dag.py:2690} INFO - Sync 1 DAGs
[2024-11-12T07:58:51.637+0000] {logging_mixin.py:137} INFO - [2024-11-12T07:58:51.637+0000] {dag.py:3441} INFO - Setting next_dagrun for example_time_delta_sensor_async to None, run_after=None
[2024-11-12T07:58:51.670+0000] {processor.py:175} INFO - Processing /home/airflow/.local/lib/python3.7/site-packages/airflow/example_dags/example_time_delta_sensor_async.py took 0.131 seconds
[2024-11-12T07:59:21.812+0000] {processor.py:153} INFO - Started process (PID=764) to work on /home/airflow/.local/lib/python3.7/site-packages/airflow/example_dags/example_time_delta_sensor_async.py
[2024-11-12T07:59:21.814+0000] {processor.py:743} INFO - Processing file /home/airflow/.local/lib/python3.7/site-packages/airflow/example_dags/example_time_delta_sensor_async.py for tasks to queue
[2024-11-12T07:59:21.814+0000] {logging_mixin.py:137} INFO - [2024-11-12T07:59:21.814+0000] {dagbag.py:538} INFO - Filling up the DagBag from /home/airflow/.local/lib/python3.7/site-packages/airflow/example_dags/example_time_delta_sensor_async.py
[2024-11-12T07:59:21.825+0000] {processor.py:753} INFO - DAG(s) dict_keys(['example_time_delta_sensor_async']) retrieved from /home/airflow/.local/lib/python3.7/site-packages/airflow/example_dags/example_time_delta_sensor_async.py
[2024-11-12T07:59:21.851+0000] {logging_mixin.py:137} INFO - [2024-11-12T07:59:21.851+0000] {dag.py:2690} INFO - Sync 1 DAGs
[2024-11-12T07:59:21.874+0000] {logging_mixin.py:137} INFO - [2024-11-12T07:59:21.874+0000] {dag.py:3441} INFO - Setting next_dagrun for example_time_delta_sensor_async to None, run_after=None
[2024-11-12T07:59:21.898+0000] {processor.py:175} INFO - Processing /home/airflow/.local/lib/python3.7/site-packages/airflow/example_dags/example_time_delta_sensor_async.py took 0.089 seconds
[2024-11-12T07:59:52.052+0000] {processor.py:153} INFO - Started process (PID=835) to work on /home/airflow/.local/lib/python3.7/site-packages/airflow/example_dags/example_time_delta_sensor_async.py
[2024-11-12T07:59:52.053+0000] {processor.py:743} INFO - Processing file /home/airflow/.local/lib/python3.7/site-packages/airflow/example_dags/example_time_delta_sensor_async.py for tasks to queue
[2024-11-12T07:59:52.054+0000] {logging_mixin.py:137} INFO - [2024-11-12T07:59:52.054+0000] {dagbag.py:538} INFO - Filling up the DagBag from /home/airflow/.local/lib/python3.7/site-packages/airflow/example_dags/example_time_delta_sensor_async.py
[2024-11-12T07:59:52.070+0000] {processor.py:753} INFO - DAG(s) dict_keys(['example_time_delta_sensor_async']) retrieved from /home/airflow/.local/lib/python3.7/site-packages/airflow/example_dags/example_time_delta_sensor_async.py
[2024-11-12T07:59:52.097+0000] {logging_mixin.py:137} INFO - [2024-11-12T07:59:52.097+0000] {dag.py:2690} INFO - Sync 1 DAGs
[2024-11-12T07:59:52.120+0000] {logging_mixin.py:137} INFO - [2024-11-12T07:59:52.120+0000] {dag.py:3441} INFO - Setting next_dagrun for example_time_delta_sensor_async to None, run_after=None
[2024-11-12T07:59:52.143+0000] {processor.py:175} INFO - Processing /home/airflow/.local/lib/python3.7/site-packages/airflow/example_dags/example_time_delta_sensor_async.py took 0.094 seconds
[2024-11-12T08:00:22.332+0000] {processor.py:153} INFO - Started process (PID=922) to work on /home/airflow/.local/lib/python3.7/site-packages/airflow/example_dags/example_time_delta_sensor_async.py
[2024-11-12T08:00:22.333+0000] {processor.py:743} INFO - Processing file /home/airflow/.local/lib/python3.7/site-packages/airflow/example_dags/example_time_delta_sensor_async.py for tasks to queue
[2024-11-12T08:00:22.334+0000] {logging_mixin.py:137} INFO - [2024-11-12T08:00:22.334+0000] {dagbag.py:538} INFO - Filling up the DagBag from /home/airflow/.local/lib/python3.7/site-packages/airflow/example_dags/example_time_delta_sensor_async.py
[2024-11-12T08:00:22.351+0000] {processor.py:753} INFO - DAG(s) dict_keys(['example_time_delta_sensor_async']) retrieved from /home/airflow/.local/lib/python3.7/site-packages/airflow/example_dags/example_time_delta_sensor_async.py
[2024-11-12T08:00:22.380+0000] {logging_mixin.py:137} INFO - [2024-11-12T08:00:22.380+0000] {dag.py:2690} INFO - Sync 1 DAGs
[2024-11-12T08:00:22.410+0000] {logging_mixin.py:137} INFO - [2024-11-12T08:00:22.410+0000] {dag.py:3441} INFO - Setting next_dagrun for example_time_delta_sensor_async to None, run_after=None
[2024-11-12T08:00:22.435+0000] {processor.py:175} INFO - Processing /home/airflow/.local/lib/python3.7/site-packages/airflow/example_dags/example_time_delta_sensor_async.py took 0.108 seconds
[2024-11-12T08:00:53.200+0000] {processor.py:153} INFO - Started process (PID=993) to work on /home/airflow/.local/lib/python3.7/site-packages/airflow/example_dags/example_time_delta_sensor_async.py
[2024-11-12T08:00:53.201+0000] {processor.py:743} INFO - Processing file /home/airflow/.local/lib/python3.7/site-packages/airflow/example_dags/example_time_delta_sensor_async.py for tasks to queue
[2024-11-12T08:00:53.202+0000] {logging_mixin.py:137} INFO - [2024-11-12T08:00:53.202+0000] {dagbag.py:538} INFO - Filling up the DagBag from /home/airflow/.local/lib/python3.7/site-packages/airflow/example_dags/example_time_delta_sensor_async.py
[2024-11-12T08:00:53.213+0000] {processor.py:753} INFO - DAG(s) dict_keys(['example_time_delta_sensor_async']) retrieved from /home/airflow/.local/lib/python3.7/site-packages/airflow/example_dags/example_time_delta_sensor_async.py
[2024-11-12T08:00:53.237+0000] {logging_mixin.py:137} INFO - [2024-11-12T08:00:53.237+0000] {dag.py:2690} INFO - Sync 1 DAGs
[2024-11-12T08:00:53.259+0000] {logging_mixin.py:137} INFO - [2024-11-12T08:00:53.259+0000] {dag.py:3441} INFO - Setting next_dagrun for example_time_delta_sensor_async to None, run_after=None
[2024-11-12T08:00:53.280+0000] {processor.py:175} INFO - Processing /home/airflow/.local/lib/python3.7/site-packages/airflow/example_dags/example_time_delta_sensor_async.py took 0.083 seconds
[2024-11-12T08:01:23.922+0000] {processor.py:153} INFO - Started process (PID=1080) to work on /home/airflow/.local/lib/python3.7/site-packages/airflow/example_dags/example_time_delta_sensor_async.py
[2024-11-12T08:01:23.923+0000] {processor.py:743} INFO - Processing file /home/airflow/.local/lib/python3.7/site-packages/airflow/example_dags/example_time_delta_sensor_async.py for tasks to queue
[2024-11-12T08:01:23.924+0000] {logging_mixin.py:137} INFO - [2024-11-12T08:01:23.924+0000] {dagbag.py:538} INFO - Filling up the DagBag from /home/airflow/.local/lib/python3.7/site-packages/airflow/example_dags/example_time_delta_sensor_async.py
[2024-11-12T08:01:23.935+0000] {processor.py:753} INFO - DAG(s) dict_keys(['example_time_delta_sensor_async']) retrieved from /home/airflow/.local/lib/python3.7/site-packages/airflow/example_dags/example_time_delta_sensor_async.py
[2024-11-12T08:01:23.959+0000] {logging_mixin.py:137} INFO - [2024-11-12T08:01:23.959+0000] {dag.py:2690} INFO - Sync 1 DAGs
[2024-11-12T08:01:23.983+0000] {logging_mixin.py:137} INFO - [2024-11-12T08:01:23.983+0000] {dag.py:3441} INFO - Setting next_dagrun for example_time_delta_sensor_async to None, run_after=None
[2024-11-12T08:01:24.007+0000] {processor.py:175} INFO - Processing /home/airflow/.local/lib/python3.7/site-packages/airflow/example_dags/example_time_delta_sensor_async.py took 0.089 seconds
[2024-11-12T08:02:36.960+0000] {processor.py:153} INFO - Started process (PID=41) to work on /home/airflow/.local/lib/python3.7/site-packages/airflow/example_dags/example_time_delta_sensor_async.py
[2024-11-12T08:02:36.962+0000] {processor.py:743} INFO - Processing file /home/airflow/.local/lib/python3.7/site-packages/airflow/example_dags/example_time_delta_sensor_async.py for tasks to queue
[2024-11-12T08:02:36.963+0000] {logging_mixin.py:137} INFO - [2024-11-12T08:02:36.962+0000] {dagbag.py:538} INFO - Filling up the DagBag from /home/airflow/.local/lib/python3.7/site-packages/airflow/example_dags/example_time_delta_sensor_async.py
[2024-11-12T08:02:36.983+0000] {processor.py:753} INFO - DAG(s) dict_keys(['example_time_delta_sensor_async']) retrieved from /home/airflow/.local/lib/python3.7/site-packages/airflow/example_dags/example_time_delta_sensor_async.py
[2024-11-12T08:02:36.999+0000] {logging_mixin.py:137} INFO - [2024-11-12T08:02:36.998+0000] {dag.py:2690} INFO - Sync 1 DAGs
[2024-11-12T08:02:37.044+0000] {logging_mixin.py:137} INFO - [2024-11-12T08:02:37.044+0000] {dag.py:3441} INFO - Setting next_dagrun for example_time_delta_sensor_async to None, run_after=None
[2024-11-12T08:02:37.074+0000] {processor.py:175} INFO - Processing /home/airflow/.local/lib/python3.7/site-packages/airflow/example_dags/example_time_delta_sensor_async.py took 0.121 seconds
[2024-11-12T08:03:07.838+0000] {processor.py:153} INFO - Started process (PID=128) to work on /home/airflow/.local/lib/python3.7/site-packages/airflow/example_dags/example_time_delta_sensor_async.py
[2024-11-12T08:03:07.840+0000] {processor.py:743} INFO - Processing file /home/airflow/.local/lib/python3.7/site-packages/airflow/example_dags/example_time_delta_sensor_async.py for tasks to queue
[2024-11-12T08:03:07.841+0000] {logging_mixin.py:137} INFO - [2024-11-12T08:03:07.841+0000] {dagbag.py:538} INFO - Filling up the DagBag from /home/airflow/.local/lib/python3.7/site-packages/airflow/example_dags/example_time_delta_sensor_async.py
[2024-11-12T08:03:07.866+0000] {processor.py:753} INFO - DAG(s) dict_keys(['example_time_delta_sensor_async']) retrieved from /home/airflow/.local/lib/python3.7/site-packages/airflow/example_dags/example_time_delta_sensor_async.py
[2024-11-12T08:03:07.966+0000] {logging_mixin.py:137} INFO - [2024-11-12T08:03:07.966+0000] {dag.py:2690} INFO - Sync 1 DAGs
[2024-11-12T08:03:08.015+0000] {logging_mixin.py:137} INFO - [2024-11-12T08:03:08.015+0000] {dag.py:3441} INFO - Setting next_dagrun for example_time_delta_sensor_async to None, run_after=None
[2024-11-12T08:03:08.049+0000] {processor.py:175} INFO - Processing /home/airflow/.local/lib/python3.7/site-packages/airflow/example_dags/example_time_delta_sensor_async.py took 0.217 seconds
[2024-11-12T08:03:38.936+0000] {processor.py:153} INFO - Started process (PID=199) to work on /home/airflow/.local/lib/python3.7/site-packages/airflow/example_dags/example_time_delta_sensor_async.py
[2024-11-12T08:03:38.937+0000] {processor.py:743} INFO - Processing file /home/airflow/.local/lib/python3.7/site-packages/airflow/example_dags/example_time_delta_sensor_async.py for tasks to queue
[2024-11-12T08:03:38.938+0000] {logging_mixin.py:137} INFO - [2024-11-12T08:03:38.938+0000] {dagbag.py:538} INFO - Filling up the DagBag from /home/airflow/.local/lib/python3.7/site-packages/airflow/example_dags/example_time_delta_sensor_async.py
[2024-11-12T08:03:38.948+0000] {processor.py:753} INFO - DAG(s) dict_keys(['example_time_delta_sensor_async']) retrieved from /home/airflow/.local/lib/python3.7/site-packages/airflow/example_dags/example_time_delta_sensor_async.py
[2024-11-12T08:03:38.974+0000] {logging_mixin.py:137} INFO - [2024-11-12T08:03:38.974+0000] {dag.py:2690} INFO - Sync 1 DAGs
[2024-11-12T08:03:38.995+0000] {logging_mixin.py:137} INFO - [2024-11-12T08:03:38.995+0000] {dag.py:3441} INFO - Setting next_dagrun for example_time_delta_sensor_async to None, run_after=None
[2024-11-12T08:03:39.017+0000] {processor.py:175} INFO - Processing /home/airflow/.local/lib/python3.7/site-packages/airflow/example_dags/example_time_delta_sensor_async.py took 0.084 seconds
[2024-11-12T08:04:09.373+0000] {processor.py:153} INFO - Started process (PID=286) to work on /home/airflow/.local/lib/python3.7/site-packages/airflow/example_dags/example_time_delta_sensor_async.py
[2024-11-12T08:04:09.386+0000] {processor.py:743} INFO - Processing file /home/airflow/.local/lib/python3.7/site-packages/airflow/example_dags/example_time_delta_sensor_async.py for tasks to queue
[2024-11-12T08:04:09.387+0000] {logging_mixin.py:137} INFO - [2024-11-12T08:04:09.387+0000] {dagbag.py:538} INFO - Filling up the DagBag from /home/airflow/.local/lib/python3.7/site-packages/airflow/example_dags/example_time_delta_sensor_async.py
[2024-11-12T08:04:09.406+0000] {processor.py:753} INFO - DAG(s) dict_keys(['example_time_delta_sensor_async']) retrieved from /home/airflow/.local/lib/python3.7/site-packages/airflow/example_dags/example_time_delta_sensor_async.py
[2024-11-12T08:04:09.446+0000] {logging_mixin.py:137} INFO - [2024-11-12T08:04:09.445+0000] {dag.py:2690} INFO - Sync 1 DAGs
[2024-11-12T08:04:09.475+0000] {logging_mixin.py:137} INFO - [2024-11-12T08:04:09.475+0000] {dag.py:3441} INFO - Setting next_dagrun for example_time_delta_sensor_async to None, run_after=None
[2024-11-12T08:04:09.501+0000] {processor.py:175} INFO - Processing /home/airflow/.local/lib/python3.7/site-packages/airflow/example_dags/example_time_delta_sensor_async.py took 0.133 seconds
[2024-11-12T08:04:40.235+0000] {processor.py:153} INFO - Started process (PID=357) to work on /home/airflow/.local/lib/python3.7/site-packages/airflow/example_dags/example_time_delta_sensor_async.py
[2024-11-12T08:04:40.237+0000] {processor.py:743} INFO - Processing file /home/airflow/.local/lib/python3.7/site-packages/airflow/example_dags/example_time_delta_sensor_async.py for tasks to queue
[2024-11-12T08:04:40.237+0000] {logging_mixin.py:137} INFO - [2024-11-12T08:04:40.237+0000] {dagbag.py:538} INFO - Filling up the DagBag from /home/airflow/.local/lib/python3.7/site-packages/airflow/example_dags/example_time_delta_sensor_async.py
[2024-11-12T08:04:40.253+0000] {processor.py:753} INFO - DAG(s) dict_keys(['example_time_delta_sensor_async']) retrieved from /home/airflow/.local/lib/python3.7/site-packages/airflow/example_dags/example_time_delta_sensor_async.py
[2024-11-12T08:04:40.289+0000] {logging_mixin.py:137} INFO - [2024-11-12T08:04:40.289+0000] {dag.py:2690} INFO - Sync 1 DAGs
[2024-11-12T08:04:40.324+0000] {logging_mixin.py:137} INFO - [2024-11-12T08:04:40.324+0000] {dag.py:3441} INFO - Setting next_dagrun for example_time_delta_sensor_async to None, run_after=None
[2024-11-12T08:04:40.355+0000] {processor.py:175} INFO - Processing /home/airflow/.local/lib/python3.7/site-packages/airflow/example_dags/example_time_delta_sensor_async.py took 0.125 seconds
[2024-11-12T08:05:10.565+0000] {processor.py:153} INFO - Started process (PID=444) to work on /home/airflow/.local/lib/python3.7/site-packages/airflow/example_dags/example_time_delta_sensor_async.py
[2024-11-12T08:05:10.566+0000] {processor.py:743} INFO - Processing file /home/airflow/.local/lib/python3.7/site-packages/airflow/example_dags/example_time_delta_sensor_async.py for tasks to queue
[2024-11-12T08:05:10.567+0000] {logging_mixin.py:137} INFO - [2024-11-12T08:05:10.567+0000] {dagbag.py:538} INFO - Filling up the DagBag from /home/airflow/.local/lib/python3.7/site-packages/airflow/example_dags/example_time_delta_sensor_async.py
[2024-11-12T08:05:10.583+0000] {processor.py:753} INFO - DAG(s) dict_keys(['example_time_delta_sensor_async']) retrieved from /home/airflow/.local/lib/python3.7/site-packages/airflow/example_dags/example_time_delta_sensor_async.py
[2024-11-12T08:05:10.614+0000] {logging_mixin.py:137} INFO - [2024-11-12T08:05:10.614+0000] {dag.py:2690} INFO - Sync 1 DAGs
[2024-11-12T08:05:10.644+0000] {logging_mixin.py:137} INFO - [2024-11-12T08:05:10.644+0000] {dag.py:3441} INFO - Setting next_dagrun for example_time_delta_sensor_async to None, run_after=None
[2024-11-12T08:05:10.671+0000] {processor.py:175} INFO - Processing /home/airflow/.local/lib/python3.7/site-packages/airflow/example_dags/example_time_delta_sensor_async.py took 0.111 seconds
[2024-11-12T08:05:41.655+0000] {processor.py:153} INFO - Started process (PID=515) to work on /home/airflow/.local/lib/python3.7/site-packages/airflow/example_dags/example_time_delta_sensor_async.py
[2024-11-12T08:05:41.656+0000] {processor.py:743} INFO - Processing file /home/airflow/.local/lib/python3.7/site-packages/airflow/example_dags/example_time_delta_sensor_async.py for tasks to queue
[2024-11-12T08:05:41.657+0000] {logging_mixin.py:137} INFO - [2024-11-12T08:05:41.657+0000] {dagbag.py:538} INFO - Filling up the DagBag from /home/airflow/.local/lib/python3.7/site-packages/airflow/example_dags/example_time_delta_sensor_async.py
[2024-11-12T08:05:41.669+0000] {processor.py:753} INFO - DAG(s) dict_keys(['example_time_delta_sensor_async']) retrieved from /home/airflow/.local/lib/python3.7/site-packages/airflow/example_dags/example_time_delta_sensor_async.py
[2024-11-12T08:05:41.700+0000] {logging_mixin.py:137} INFO - [2024-11-12T08:05:41.700+0000] {dag.py:2690} INFO - Sync 1 DAGs
[2024-11-12T08:05:41.728+0000] {logging_mixin.py:137} INFO - [2024-11-12T08:05:41.728+0000] {dag.py:3441} INFO - Setting next_dagrun for example_time_delta_sensor_async to None, run_after=None
[2024-11-12T08:05:41.752+0000] {processor.py:175} INFO - Processing /home/airflow/.local/lib/python3.7/site-packages/airflow/example_dags/example_time_delta_sensor_async.py took 0.102 seconds
[2024-11-12T08:06:12.435+0000] {processor.py:153} INFO - Started process (PID=602) to work on /home/airflow/.local/lib/python3.7/site-packages/airflow/example_dags/example_time_delta_sensor_async.py
[2024-11-12T08:06:12.436+0000] {processor.py:743} INFO - Processing file /home/airflow/.local/lib/python3.7/site-packages/airflow/example_dags/example_time_delta_sensor_async.py for tasks to queue
[2024-11-12T08:06:12.437+0000] {logging_mixin.py:137} INFO - [2024-11-12T08:06:12.437+0000] {dagbag.py:538} INFO - Filling up the DagBag from /home/airflow/.local/lib/python3.7/site-packages/airflow/example_dags/example_time_delta_sensor_async.py
[2024-11-12T08:06:12.458+0000] {processor.py:753} INFO - DAG(s) dict_keys(['example_time_delta_sensor_async']) retrieved from /home/airflow/.local/lib/python3.7/site-packages/airflow/example_dags/example_time_delta_sensor_async.py
[2024-11-12T08:06:12.507+0000] {logging_mixin.py:137} INFO - [2024-11-12T08:06:12.507+0000] {dag.py:2690} INFO - Sync 1 DAGs
[2024-11-12T08:06:12.557+0000] {logging_mixin.py:137} INFO - [2024-11-12T08:06:12.556+0000] {dag.py:3441} INFO - Setting next_dagrun for example_time_delta_sensor_async to None, run_after=None
[2024-11-12T08:06:12.597+0000] {processor.py:175} INFO - Processing /home/airflow/.local/lib/python3.7/site-packages/airflow/example_dags/example_time_delta_sensor_async.py took 0.168 seconds
[2024-11-12T08:06:43.049+0000] {processor.py:153} INFO - Started process (PID=673) to work on /home/airflow/.local/lib/python3.7/site-packages/airflow/example_dags/example_time_delta_sensor_async.py
[2024-11-12T08:06:43.050+0000] {processor.py:743} INFO - Processing file /home/airflow/.local/lib/python3.7/site-packages/airflow/example_dags/example_time_delta_sensor_async.py for tasks to queue
[2024-11-12T08:06:43.050+0000] {logging_mixin.py:137} INFO - [2024-11-12T08:06:43.050+0000] {dagbag.py:538} INFO - Filling up the DagBag from /home/airflow/.local/lib/python3.7/site-packages/airflow/example_dags/example_time_delta_sensor_async.py
[2024-11-12T08:06:43.061+0000] {processor.py:753} INFO - DAG(s) dict_keys(['example_time_delta_sensor_async']) retrieved from /home/airflow/.local/lib/python3.7/site-packages/airflow/example_dags/example_time_delta_sensor_async.py
[2024-11-12T08:06:43.086+0000] {logging_mixin.py:137} INFO - [2024-11-12T08:06:43.086+0000] {dag.py:2690} INFO - Sync 1 DAGs
[2024-11-12T08:06:43.108+0000] {logging_mixin.py:137} INFO - [2024-11-12T08:06:43.108+0000] {dag.py:3441} INFO - Setting next_dagrun for example_time_delta_sensor_async to None, run_after=None
[2024-11-12T08:06:43.131+0000] {processor.py:175} INFO - Processing /home/airflow/.local/lib/python3.7/site-packages/airflow/example_dags/example_time_delta_sensor_async.py took 0.085 seconds
[2024-11-12T08:07:14.038+0000] {processor.py:153} INFO - Started process (PID=760) to work on /home/airflow/.local/lib/python3.7/site-packages/airflow/example_dags/example_time_delta_sensor_async.py
[2024-11-12T08:07:14.039+0000] {processor.py:743} INFO - Processing file /home/airflow/.local/lib/python3.7/site-packages/airflow/example_dags/example_time_delta_sensor_async.py for tasks to queue
[2024-11-12T08:07:14.040+0000] {logging_mixin.py:137} INFO - [2024-11-12T08:07:14.040+0000] {dagbag.py:538} INFO - Filling up the DagBag from /home/airflow/.local/lib/python3.7/site-packages/airflow/example_dags/example_time_delta_sensor_async.py
[2024-11-12T08:07:14.054+0000] {processor.py:753} INFO - DAG(s) dict_keys(['example_time_delta_sensor_async']) retrieved from /home/airflow/.local/lib/python3.7/site-packages/airflow/example_dags/example_time_delta_sensor_async.py
[2024-11-12T08:07:14.081+0000] {logging_mixin.py:137} INFO - [2024-11-12T08:07:14.081+0000] {dag.py:2690} INFO - Sync 1 DAGs
[2024-11-12T08:07:14.114+0000] {logging_mixin.py:137} INFO - [2024-11-12T08:07:14.114+0000] {dag.py:3441} INFO - Setting next_dagrun for example_time_delta_sensor_async to None, run_after=None
[2024-11-12T08:07:14.135+0000] {processor.py:175} INFO - Processing /home/airflow/.local/lib/python3.7/site-packages/airflow/example_dags/example_time_delta_sensor_async.py took 0.100 seconds
[2024-11-12T08:07:44.833+0000] {processor.py:153} INFO - Started process (PID=831) to work on /home/airflow/.local/lib/python3.7/site-packages/airflow/example_dags/example_time_delta_sensor_async.py
[2024-11-12T08:07:44.834+0000] {processor.py:743} INFO - Processing file /home/airflow/.local/lib/python3.7/site-packages/airflow/example_dags/example_time_delta_sensor_async.py for tasks to queue
[2024-11-12T08:07:44.835+0000] {logging_mixin.py:137} INFO - [2024-11-12T08:07:44.835+0000] {dagbag.py:538} INFO - Filling up the DagBag from /home/airflow/.local/lib/python3.7/site-packages/airflow/example_dags/example_time_delta_sensor_async.py
[2024-11-12T08:07:44.846+0000] {processor.py:753} INFO - DAG(s) dict_keys(['example_time_delta_sensor_async']) retrieved from /home/airflow/.local/lib/python3.7/site-packages/airflow/example_dags/example_time_delta_sensor_async.py
[2024-11-12T08:07:44.869+0000] {logging_mixin.py:137} INFO - [2024-11-12T08:07:44.869+0000] {dag.py:2690} INFO - Sync 1 DAGs
[2024-11-12T08:07:44.895+0000] {logging_mixin.py:137} INFO - [2024-11-12T08:07:44.895+0000] {dag.py:3441} INFO - Setting next_dagrun for example_time_delta_sensor_async to None, run_after=None
[2024-11-12T08:07:44.915+0000] {processor.py:175} INFO - Processing /home/airflow/.local/lib/python3.7/site-packages/airflow/example_dags/example_time_delta_sensor_async.py took 0.087 seconds
[2024-11-12T08:08:15.054+0000] {processor.py:153} INFO - Started process (PID=902) to work on /home/airflow/.local/lib/python3.7/site-packages/airflow/example_dags/example_time_delta_sensor_async.py
[2024-11-12T08:08:15.055+0000] {processor.py:743} INFO - Processing file /home/airflow/.local/lib/python3.7/site-packages/airflow/example_dags/example_time_delta_sensor_async.py for tasks to queue
[2024-11-12T08:08:15.056+0000] {logging_mixin.py:137} INFO - [2024-11-12T08:08:15.056+0000] {dagbag.py:538} INFO - Filling up the DagBag from /home/airflow/.local/lib/python3.7/site-packages/airflow/example_dags/example_time_delta_sensor_async.py
[2024-11-12T08:08:15.070+0000] {processor.py:753} INFO - DAG(s) dict_keys(['example_time_delta_sensor_async']) retrieved from /home/airflow/.local/lib/python3.7/site-packages/airflow/example_dags/example_time_delta_sensor_async.py
[2024-11-12T08:08:15.100+0000] {logging_mixin.py:137} INFO - [2024-11-12T08:08:15.100+0000] {dag.py:2690} INFO - Sync 1 DAGs
[2024-11-12T08:08:15.124+0000] {logging_mixin.py:137} INFO - [2024-11-12T08:08:15.124+0000] {dag.py:3441} INFO - Setting next_dagrun for example_time_delta_sensor_async to None, run_after=None
[2024-11-12T08:08:15.146+0000] {processor.py:175} INFO - Processing /home/airflow/.local/lib/python3.7/site-packages/airflow/example_dags/example_time_delta_sensor_async.py took 0.096 seconds
[2024-11-12T08:08:45.707+0000] {processor.py:153} INFO - Started process (PID=973) to work on /home/airflow/.local/lib/python3.7/site-packages/airflow/example_dags/example_time_delta_sensor_async.py
[2024-11-12T08:08:45.708+0000] {processor.py:743} INFO - Processing file /home/airflow/.local/lib/python3.7/site-packages/airflow/example_dags/example_time_delta_sensor_async.py for tasks to queue
[2024-11-12T08:08:45.709+0000] {logging_mixin.py:137} INFO - [2024-11-12T08:08:45.709+0000] {dagbag.py:538} INFO - Filling up the DagBag from /home/airflow/.local/lib/python3.7/site-packages/airflow/example_dags/example_time_delta_sensor_async.py
[2024-11-12T08:08:45.723+0000] {processor.py:753} INFO - DAG(s) dict_keys(['example_time_delta_sensor_async']) retrieved from /home/airflow/.local/lib/python3.7/site-packages/airflow/example_dags/example_time_delta_sensor_async.py
[2024-11-12T08:08:45.753+0000] {logging_mixin.py:137} INFO - [2024-11-12T08:08:45.753+0000] {dag.py:2690} INFO - Sync 1 DAGs
[2024-11-12T08:08:45.782+0000] {logging_mixin.py:137} INFO - [2024-11-12T08:08:45.782+0000] {dag.py:3441} INFO - Setting next_dagrun for example_time_delta_sensor_async to None, run_after=None
[2024-11-12T08:08:45.805+0000] {processor.py:175} INFO - Processing /home/airflow/.local/lib/python3.7/site-packages/airflow/example_dags/example_time_delta_sensor_async.py took 0.102 seconds
[2024-11-12T08:09:16.721+0000] {processor.py:153} INFO - Started process (PID=1044) to work on /home/airflow/.local/lib/python3.7/site-packages/airflow/example_dags/example_time_delta_sensor_async.py
[2024-11-12T08:09:16.722+0000] {processor.py:743} INFO - Processing file /home/airflow/.local/lib/python3.7/site-packages/airflow/example_dags/example_time_delta_sensor_async.py for tasks to queue
[2024-11-12T08:09:16.722+0000] {logging_mixin.py:137} INFO - [2024-11-12T08:09:16.722+0000] {dagbag.py:538} INFO - Filling up the DagBag from /home/airflow/.local/lib/python3.7/site-packages/airflow/example_dags/example_time_delta_sensor_async.py
[2024-11-12T08:09:16.736+0000] {processor.py:753} INFO - DAG(s) dict_keys(['example_time_delta_sensor_async']) retrieved from /home/airflow/.local/lib/python3.7/site-packages/airflow/example_dags/example_time_delta_sensor_async.py
[2024-11-12T08:09:16.761+0000] {logging_mixin.py:137} INFO - [2024-11-12T08:09:16.761+0000] {dag.py:2690} INFO - Sync 1 DAGs
[2024-11-12T08:09:16.785+0000] {logging_mixin.py:137} INFO - [2024-11-12T08:09:16.785+0000] {dag.py:3441} INFO - Setting next_dagrun for example_time_delta_sensor_async to None, run_after=None
[2024-11-12T08:09:16.808+0000] {processor.py:175} INFO - Processing /home/airflow/.local/lib/python3.7/site-packages/airflow/example_dags/example_time_delta_sensor_async.py took 0.092 seconds
[2024-11-12T08:09:47.468+0000] {processor.py:153} INFO - Started process (PID=1132) to work on /home/airflow/.local/lib/python3.7/site-packages/airflow/example_dags/example_time_delta_sensor_async.py
[2024-11-12T08:09:47.469+0000] {processor.py:743} INFO - Processing file /home/airflow/.local/lib/python3.7/site-packages/airflow/example_dags/example_time_delta_sensor_async.py for tasks to queue
[2024-11-12T08:09:47.470+0000] {logging_mixin.py:137} INFO - [2024-11-12T08:09:47.469+0000] {dagbag.py:538} INFO - Filling up the DagBag from /home/airflow/.local/lib/python3.7/site-packages/airflow/example_dags/example_time_delta_sensor_async.py
[2024-11-12T08:09:47.481+0000] {processor.py:753} INFO - DAG(s) dict_keys(['example_time_delta_sensor_async']) retrieved from /home/airflow/.local/lib/python3.7/site-packages/airflow/example_dags/example_time_delta_sensor_async.py
[2024-11-12T08:09:47.505+0000] {logging_mixin.py:137} INFO - [2024-11-12T08:09:47.505+0000] {dag.py:2690} INFO - Sync 1 DAGs
[2024-11-12T08:09:47.526+0000] {logging_mixin.py:137} INFO - [2024-11-12T08:09:47.526+0000] {dag.py:3441} INFO - Setting next_dagrun for example_time_delta_sensor_async to None, run_after=None
[2024-11-12T08:09:47.546+0000] {processor.py:175} INFO - Processing /home/airflow/.local/lib/python3.7/site-packages/airflow/example_dags/example_time_delta_sensor_async.py took 0.082 seconds
[2024-11-12T08:10:17.646+0000] {processor.py:153} INFO - Started process (PID=1203) to work on /home/airflow/.local/lib/python3.7/site-packages/airflow/example_dags/example_time_delta_sensor_async.py
[2024-11-12T08:10:17.647+0000] {processor.py:743} INFO - Processing file /home/airflow/.local/lib/python3.7/site-packages/airflow/example_dags/example_time_delta_sensor_async.py for tasks to queue
[2024-11-12T08:10:17.648+0000] {logging_mixin.py:137} INFO - [2024-11-12T08:10:17.648+0000] {dagbag.py:538} INFO - Filling up the DagBag from /home/airflow/.local/lib/python3.7/site-packages/airflow/example_dags/example_time_delta_sensor_async.py
[2024-11-12T08:10:17.664+0000] {processor.py:753} INFO - DAG(s) dict_keys(['example_time_delta_sensor_async']) retrieved from /home/airflow/.local/lib/python3.7/site-packages/airflow/example_dags/example_time_delta_sensor_async.py
[2024-11-12T08:10:17.691+0000] {logging_mixin.py:137} INFO - [2024-11-12T08:10:17.690+0000] {dag.py:2690} INFO - Sync 1 DAGs
[2024-11-12T08:10:17.716+0000] {logging_mixin.py:137} INFO - [2024-11-12T08:10:17.716+0000] {dag.py:3441} INFO - Setting next_dagrun for example_time_delta_sensor_async to None, run_after=None
[2024-11-12T08:10:17.741+0000] {processor.py:175} INFO - Processing /home/airflow/.local/lib/python3.7/site-packages/airflow/example_dags/example_time_delta_sensor_async.py took 0.099 seconds
[2024-11-12T08:10:47.929+0000] {processor.py:153} INFO - Started process (PID=1290) to work on /home/airflow/.local/lib/python3.7/site-packages/airflow/example_dags/example_time_delta_sensor_async.py
[2024-11-12T08:10:47.931+0000] {processor.py:743} INFO - Processing file /home/airflow/.local/lib/python3.7/site-packages/airflow/example_dags/example_time_delta_sensor_async.py for tasks to queue
[2024-11-12T08:10:47.932+0000] {logging_mixin.py:137} INFO - [2024-11-12T08:10:47.932+0000] {dagbag.py:538} INFO - Filling up the DagBag from /home/airflow/.local/lib/python3.7/site-packages/airflow/example_dags/example_time_delta_sensor_async.py
[2024-11-12T08:10:47.944+0000] {processor.py:753} INFO - DAG(s) dict_keys(['example_time_delta_sensor_async']) retrieved from /home/airflow/.local/lib/python3.7/site-packages/airflow/example_dags/example_time_delta_sensor_async.py
[2024-11-12T08:10:47.969+0000] {logging_mixin.py:137} INFO - [2024-11-12T08:10:47.969+0000] {dag.py:2690} INFO - Sync 1 DAGs
[2024-11-12T08:10:47.997+0000] {logging_mixin.py:137} INFO - [2024-11-12T08:10:47.997+0000] {dag.py:3441} INFO - Setting next_dagrun for example_time_delta_sensor_async to None, run_after=None
[2024-11-12T08:10:48.019+0000] {processor.py:175} INFO - Processing /home/airflow/.local/lib/python3.7/site-packages/airflow/example_dags/example_time_delta_sensor_async.py took 0.094 seconds
[2024-11-12T08:11:18.171+0000] {processor.py:153} INFO - Started process (PID=1361) to work on /home/airflow/.local/lib/python3.7/site-packages/airflow/example_dags/example_time_delta_sensor_async.py
[2024-11-12T08:11:18.172+0000] {processor.py:743} INFO - Processing file /home/airflow/.local/lib/python3.7/site-packages/airflow/example_dags/example_time_delta_sensor_async.py for tasks to queue
[2024-11-12T08:11:18.173+0000] {logging_mixin.py:137} INFO - [2024-11-12T08:11:18.173+0000] {dagbag.py:538} INFO - Filling up the DagBag from /home/airflow/.local/lib/python3.7/site-packages/airflow/example_dags/example_time_delta_sensor_async.py
[2024-11-12T08:11:18.185+0000] {processor.py:753} INFO - DAG(s) dict_keys(['example_time_delta_sensor_async']) retrieved from /home/airflow/.local/lib/python3.7/site-packages/airflow/example_dags/example_time_delta_sensor_async.py
[2024-11-12T08:11:18.218+0000] {logging_mixin.py:137} INFO - [2024-11-12T08:11:18.218+0000] {dag.py:2690} INFO - Sync 1 DAGs
[2024-11-12T08:11:18.242+0000] {logging_mixin.py:137} INFO - [2024-11-12T08:11:18.242+0000] {dag.py:3441} INFO - Setting next_dagrun for example_time_delta_sensor_async to None, run_after=None
[2024-11-12T08:11:18.264+0000] {processor.py:175} INFO - Processing /home/airflow/.local/lib/python3.7/site-packages/airflow/example_dags/example_time_delta_sensor_async.py took 0.096 seconds
[2024-11-12T08:11:48.827+0000] {processor.py:153} INFO - Started process (PID=1449) to work on /home/airflow/.local/lib/python3.7/site-packages/airflow/example_dags/example_time_delta_sensor_async.py
[2024-11-12T08:11:48.829+0000] {processor.py:743} INFO - Processing file /home/airflow/.local/lib/python3.7/site-packages/airflow/example_dags/example_time_delta_sensor_async.py for tasks to queue
[2024-11-12T08:11:48.829+0000] {logging_mixin.py:137} INFO - [2024-11-12T08:11:48.829+0000] {dagbag.py:538} INFO - Filling up the DagBag from /home/airflow/.local/lib/python3.7/site-packages/airflow/example_dags/example_time_delta_sensor_async.py
[2024-11-12T08:11:48.841+0000] {processor.py:753} INFO - DAG(s) dict_keys(['example_time_delta_sensor_async']) retrieved from /home/airflow/.local/lib/python3.7/site-packages/airflow/example_dags/example_time_delta_sensor_async.py
[2024-11-12T08:11:48.867+0000] {logging_mixin.py:137} INFO - [2024-11-12T08:11:48.867+0000] {dag.py:2690} INFO - Sync 1 DAGs
[2024-11-12T08:11:48.890+0000] {logging_mixin.py:137} INFO - [2024-11-12T08:11:48.890+0000] {dag.py:3441} INFO - Setting next_dagrun for example_time_delta_sensor_async to None, run_after=None
[2024-11-12T08:11:48.915+0000] {processor.py:175} INFO - Processing /home/airflow/.local/lib/python3.7/site-packages/airflow/example_dags/example_time_delta_sensor_async.py took 0.091 seconds
[2024-11-12T08:12:18.997+0000] {processor.py:153} INFO - Started process (PID=1520) to work on /home/airflow/.local/lib/python3.7/site-packages/airflow/example_dags/example_time_delta_sensor_async.py
[2024-11-12T08:12:18.998+0000] {processor.py:743} INFO - Processing file /home/airflow/.local/lib/python3.7/site-packages/airflow/example_dags/example_time_delta_sensor_async.py for tasks to queue
[2024-11-12T08:12:18.999+0000] {logging_mixin.py:137} INFO - [2024-11-12T08:12:18.999+0000] {dagbag.py:538} INFO - Filling up the DagBag from /home/airflow/.local/lib/python3.7/site-packages/airflow/example_dags/example_time_delta_sensor_async.py
[2024-11-12T08:12:19.010+0000] {processor.py:753} INFO - DAG(s) dict_keys(['example_time_delta_sensor_async']) retrieved from /home/airflow/.local/lib/python3.7/site-packages/airflow/example_dags/example_time_delta_sensor_async.py
[2024-11-12T08:12:19.037+0000] {logging_mixin.py:137} INFO - [2024-11-12T08:12:19.036+0000] {dag.py:2690} INFO - Sync 1 DAGs
[2024-11-12T08:12:19.059+0000] {logging_mixin.py:137} INFO - [2024-11-12T08:12:19.059+0000] {dag.py:3441} INFO - Setting next_dagrun for example_time_delta_sensor_async to None, run_after=None
[2024-11-12T08:12:19.083+0000] {processor.py:175} INFO - Processing /home/airflow/.local/lib/python3.7/site-packages/airflow/example_dags/example_time_delta_sensor_async.py took 0.089 seconds
[2024-11-12T08:12:49.652+0000] {processor.py:153} INFO - Started process (PID=1607) to work on /home/airflow/.local/lib/python3.7/site-packages/airflow/example_dags/example_time_delta_sensor_async.py
[2024-11-12T08:12:49.653+0000] {processor.py:743} INFO - Processing file /home/airflow/.local/lib/python3.7/site-packages/airflow/example_dags/example_time_delta_sensor_async.py for tasks to queue
[2024-11-12T08:12:49.654+0000] {logging_mixin.py:137} INFO - [2024-11-12T08:12:49.654+0000] {dagbag.py:538} INFO - Filling up the DagBag from /home/airflow/.local/lib/python3.7/site-packages/airflow/example_dags/example_time_delta_sensor_async.py
[2024-11-12T08:12:49.667+0000] {processor.py:753} INFO - DAG(s) dict_keys(['example_time_delta_sensor_async']) retrieved from /home/airflow/.local/lib/python3.7/site-packages/airflow/example_dags/example_time_delta_sensor_async.py
[2024-11-12T08:12:49.696+0000] {logging_mixin.py:137} INFO - [2024-11-12T08:12:49.695+0000] {dag.py:2690} INFO - Sync 1 DAGs
[2024-11-12T08:12:49.726+0000] {logging_mixin.py:137} INFO - [2024-11-12T08:12:49.726+0000] {dag.py:3441} INFO - Setting next_dagrun for example_time_delta_sensor_async to None, run_after=None
[2024-11-12T08:12:49.761+0000] {processor.py:175} INFO - Processing /home/airflow/.local/lib/python3.7/site-packages/airflow/example_dags/example_time_delta_sensor_async.py took 0.113 seconds
