[2024-11-12T07:54:47.364+0000] {processor.py:153} INFO - Started process (PID=71) to work on /home/airflow/.local/lib/python3.7/site-packages/airflow/example_dags/example_nested_branch_dag.py
[2024-11-12T07:54:47.365+0000] {processor.py:743} INFO - Processing file /home/airflow/.local/lib/python3.7/site-packages/airflow/example_dags/example_nested_branch_dag.py for tasks to queue
[2024-11-12T07:54:47.366+0000] {logging_mixin.py:137} INFO - [2024-11-12T07:54:47.366+0000] {dagbag.py:538} INFO - Filling up the DagBag from /home/airflow/.local/lib/python3.7/site-packages/airflow/example_dags/example_nested_branch_dag.py
[2024-11-12T07:54:47.403+0000] {processor.py:753} INFO - DAG(s) dict_keys(['example_nested_branch_dag']) retrieved from /home/airflow/.local/lib/python3.7/site-packages/airflow/example_dags/example_nested_branch_dag.py
[2024-11-12T07:54:47.423+0000] {logging_mixin.py:137} INFO - [2024-11-12T07:54:47.423+0000] {dag.py:2690} INFO - Sync 1 DAGs
[2024-11-12T07:54:47.463+0000] {logging_mixin.py:137} INFO - [2024-11-12T07:54:47.463+0000] {dag.py:3441} INFO - Setting next_dagrun for example_nested_branch_dag to 2024-11-11T00:00:00+00:00, run_after=2024-11-12T00:00:00+00:00
[2024-11-12T07:54:47.498+0000] {processor.py:175} INFO - Processing /home/airflow/.local/lib/python3.7/site-packages/airflow/example_dags/example_nested_branch_dag.py took 0.137 seconds
[2024-11-12T07:55:17.933+0000] {processor.py:153} INFO - Started process (PID=142) to work on /home/airflow/.local/lib/python3.7/site-packages/airflow/example_dags/example_nested_branch_dag.py
[2024-11-12T07:55:17.934+0000] {processor.py:743} INFO - Processing file /home/airflow/.local/lib/python3.7/site-packages/airflow/example_dags/example_nested_branch_dag.py for tasks to queue
[2024-11-12T07:55:17.936+0000] {logging_mixin.py:137} INFO - [2024-11-12T07:55:17.936+0000] {dagbag.py:538} INFO - Filling up the DagBag from /home/airflow/.local/lib/python3.7/site-packages/airflow/example_dags/example_nested_branch_dag.py
[2024-11-12T07:55:17.962+0000] {processor.py:753} INFO - DAG(s) dict_keys(['example_nested_branch_dag']) retrieved from /home/airflow/.local/lib/python3.7/site-packages/airflow/example_dags/example_nested_branch_dag.py
[2024-11-12T07:55:17.988+0000] {logging_mixin.py:137} INFO - [2024-11-12T07:55:17.988+0000] {dag.py:2690} INFO - Sync 1 DAGs
[2024-11-12T07:55:18.011+0000] {logging_mixin.py:137} INFO - [2024-11-12T07:55:18.011+0000] {dag.py:3441} INFO - Setting next_dagrun for example_nested_branch_dag to 2024-11-11T00:00:00+00:00, run_after=2024-11-12T00:00:00+00:00
[2024-11-12T07:55:18.033+0000] {processor.py:175} INFO - Processing /home/airflow/.local/lib/python3.7/site-packages/airflow/example_dags/example_nested_branch_dag.py took 0.103 seconds
[2024-11-12T07:55:48.846+0000] {processor.py:153} INFO - Started process (PID=222) to work on /home/airflow/.local/lib/python3.7/site-packages/airflow/example_dags/example_nested_branch_dag.py
[2024-11-12T07:55:48.847+0000] {processor.py:743} INFO - Processing file /home/airflow/.local/lib/python3.7/site-packages/airflow/example_dags/example_nested_branch_dag.py for tasks to queue
[2024-11-12T07:55:48.848+0000] {logging_mixin.py:137} INFO - [2024-11-12T07:55:48.848+0000] {dagbag.py:538} INFO - Filling up the DagBag from /home/airflow/.local/lib/python3.7/site-packages/airflow/example_dags/example_nested_branch_dag.py
[2024-11-12T07:55:48.881+0000] {processor.py:753} INFO - DAG(s) dict_keys(['example_nested_branch_dag']) retrieved from /home/airflow/.local/lib/python3.7/site-packages/airflow/example_dags/example_nested_branch_dag.py
[2024-11-12T07:55:48.918+0000] {logging_mixin.py:137} INFO - [2024-11-12T07:55:48.918+0000] {dag.py:2690} INFO - Sync 1 DAGs
[2024-11-12T07:55:48.962+0000] {logging_mixin.py:137} INFO - [2024-11-12T07:55:48.962+0000] {dag.py:3441} INFO - Setting next_dagrun for example_nested_branch_dag to 2024-11-11T00:00:00+00:00, run_after=2024-11-12T00:00:00+00:00
[2024-11-12T07:55:49.053+0000] {processor.py:175} INFO - Processing /home/airflow/.local/lib/python3.7/site-packages/airflow/example_dags/example_nested_branch_dag.py took 0.211 seconds
[2024-11-12T07:56:19.195+0000] {processor.py:153} INFO - Started process (PID=300) to work on /home/airflow/.local/lib/python3.7/site-packages/airflow/example_dags/example_nested_branch_dag.py
[2024-11-12T07:56:19.197+0000] {processor.py:743} INFO - Processing file /home/airflow/.local/lib/python3.7/site-packages/airflow/example_dags/example_nested_branch_dag.py for tasks to queue
[2024-11-12T07:56:19.197+0000] {logging_mixin.py:137} INFO - [2024-11-12T07:56:19.197+0000] {dagbag.py:538} INFO - Filling up the DagBag from /home/airflow/.local/lib/python3.7/site-packages/airflow/example_dags/example_nested_branch_dag.py
[2024-11-12T07:56:19.222+0000] {processor.py:753} INFO - DAG(s) dict_keys(['example_nested_branch_dag']) retrieved from /home/airflow/.local/lib/python3.7/site-packages/airflow/example_dags/example_nested_branch_dag.py
[2024-11-12T07:56:19.249+0000] {logging_mixin.py:137} INFO - [2024-11-12T07:56:19.248+0000] {dag.py:2690} INFO - Sync 1 DAGs
[2024-11-12T07:56:19.273+0000] {logging_mixin.py:137} INFO - [2024-11-12T07:56:19.273+0000] {dag.py:3441} INFO - Setting next_dagrun for example_nested_branch_dag to 2024-11-11T00:00:00+00:00, run_after=2024-11-12T00:00:00+00:00
[2024-11-12T07:56:19.293+0000] {processor.py:175} INFO - Processing /home/airflow/.local/lib/python3.7/site-packages/airflow/example_dags/example_nested_branch_dag.py took 0.101 seconds
[2024-11-12T07:56:49.721+0000] {processor.py:153} INFO - Started process (PID=371) to work on /home/airflow/.local/lib/python3.7/site-packages/airflow/example_dags/example_nested_branch_dag.py
[2024-11-12T07:56:49.723+0000] {processor.py:743} INFO - Processing file /home/airflow/.local/lib/python3.7/site-packages/airflow/example_dags/example_nested_branch_dag.py for tasks to queue
[2024-11-12T07:56:49.724+0000] {logging_mixin.py:137} INFO - [2024-11-12T07:56:49.724+0000] {dagbag.py:538} INFO - Filling up the DagBag from /home/airflow/.local/lib/python3.7/site-packages/airflow/example_dags/example_nested_branch_dag.py
[2024-11-12T07:56:49.760+0000] {processor.py:753} INFO - DAG(s) dict_keys(['example_nested_branch_dag']) retrieved from /home/airflow/.local/lib/python3.7/site-packages/airflow/example_dags/example_nested_branch_dag.py
[2024-11-12T07:56:49.794+0000] {logging_mixin.py:137} INFO - [2024-11-12T07:56:49.794+0000] {dag.py:2690} INFO - Sync 1 DAGs
[2024-11-12T07:56:49.825+0000] {logging_mixin.py:137} INFO - [2024-11-12T07:56:49.825+0000] {dag.py:3441} INFO - Setting next_dagrun for example_nested_branch_dag to 2024-11-11T00:00:00+00:00, run_after=2024-11-12T00:00:00+00:00
[2024-11-12T07:56:49.847+0000] {processor.py:175} INFO - Processing /home/airflow/.local/lib/python3.7/site-packages/airflow/example_dags/example_nested_branch_dag.py took 0.132 seconds
[2024-11-12T07:57:20.007+0000] {processor.py:153} INFO - Started process (PID=458) to work on /home/airflow/.local/lib/python3.7/site-packages/airflow/example_dags/example_nested_branch_dag.py
[2024-11-12T07:57:20.009+0000] {processor.py:743} INFO - Processing file /home/airflow/.local/lib/python3.7/site-packages/airflow/example_dags/example_nested_branch_dag.py for tasks to queue
[2024-11-12T07:57:20.009+0000] {logging_mixin.py:137} INFO - [2024-11-12T07:57:20.009+0000] {dagbag.py:538} INFO - Filling up the DagBag from /home/airflow/.local/lib/python3.7/site-packages/airflow/example_dags/example_nested_branch_dag.py
[2024-11-12T07:57:20.031+0000] {processor.py:753} INFO - DAG(s) dict_keys(['example_nested_branch_dag']) retrieved from /home/airflow/.local/lib/python3.7/site-packages/airflow/example_dags/example_nested_branch_dag.py
[2024-11-12T07:57:20.059+0000] {logging_mixin.py:137} INFO - [2024-11-12T07:57:20.059+0000] {dag.py:2690} INFO - Sync 1 DAGs
[2024-11-12T07:57:20.084+0000] {logging_mixin.py:137} INFO - [2024-11-12T07:57:20.084+0000] {dag.py:3441} INFO - Setting next_dagrun for example_nested_branch_dag to 2024-11-11T00:00:00+00:00, run_after=2024-11-12T00:00:00+00:00
[2024-11-12T07:57:20.106+0000] {processor.py:175} INFO - Processing /home/airflow/.local/lib/python3.7/site-packages/airflow/example_dags/example_nested_branch_dag.py took 0.102 seconds
[2024-11-12T07:57:51.094+0000] {processor.py:153} INFO - Started process (PID=529) to work on /home/airflow/.local/lib/python3.7/site-packages/airflow/example_dags/example_nested_branch_dag.py
[2024-11-12T07:57:51.095+0000] {processor.py:743} INFO - Processing file /home/airflow/.local/lib/python3.7/site-packages/airflow/example_dags/example_nested_branch_dag.py for tasks to queue
[2024-11-12T07:57:51.095+0000] {logging_mixin.py:137} INFO - [2024-11-12T07:57:51.095+0000] {dagbag.py:538} INFO - Filling up the DagBag from /home/airflow/.local/lib/python3.7/site-packages/airflow/example_dags/example_nested_branch_dag.py
[2024-11-12T07:57:51.123+0000] {processor.py:753} INFO - DAG(s) dict_keys(['example_nested_branch_dag']) retrieved from /home/airflow/.local/lib/python3.7/site-packages/airflow/example_dags/example_nested_branch_dag.py
[2024-11-12T07:57:51.151+0000] {logging_mixin.py:137} INFO - [2024-11-12T07:57:51.151+0000] {dag.py:2690} INFO - Sync 1 DAGs
[2024-11-12T07:57:51.178+0000] {logging_mixin.py:137} INFO - [2024-11-12T07:57:51.178+0000] {dag.py:3441} INFO - Setting next_dagrun for example_nested_branch_dag to 2024-11-11T00:00:00+00:00, run_after=2024-11-12T00:00:00+00:00
[2024-11-12T07:57:51.198+0000] {processor.py:175} INFO - Processing /home/airflow/.local/lib/python3.7/site-packages/airflow/example_dags/example_nested_branch_dag.py took 0.112 seconds
[2024-11-12T07:58:21.598+0000] {processor.py:153} INFO - Started process (PID=616) to work on /home/airflow/.local/lib/python3.7/site-packages/airflow/example_dags/example_nested_branch_dag.py
[2024-11-12T07:58:21.599+0000] {processor.py:743} INFO - Processing file /home/airflow/.local/lib/python3.7/site-packages/airflow/example_dags/example_nested_branch_dag.py for tasks to queue
[2024-11-12T07:58:21.600+0000] {logging_mixin.py:137} INFO - [2024-11-12T07:58:21.600+0000] {dagbag.py:538} INFO - Filling up the DagBag from /home/airflow/.local/lib/python3.7/site-packages/airflow/example_dags/example_nested_branch_dag.py
[2024-11-12T07:58:21.622+0000] {processor.py:753} INFO - DAG(s) dict_keys(['example_nested_branch_dag']) retrieved from /home/airflow/.local/lib/python3.7/site-packages/airflow/example_dags/example_nested_branch_dag.py
[2024-11-12T07:58:21.647+0000] {logging_mixin.py:137} INFO - [2024-11-12T07:58:21.647+0000] {dag.py:2690} INFO - Sync 1 DAGs
[2024-11-12T07:58:21.670+0000] {logging_mixin.py:137} INFO - [2024-11-12T07:58:21.670+0000] {dag.py:3441} INFO - Setting next_dagrun for example_nested_branch_dag to 2024-11-11T00:00:00+00:00, run_after=2024-11-12T00:00:00+00:00
[2024-11-12T07:58:21.692+0000] {processor.py:175} INFO - Processing /home/airflow/.local/lib/python3.7/site-packages/airflow/example_dags/example_nested_branch_dag.py took 0.096 seconds
[2024-11-12T07:58:52.403+0000] {processor.py:153} INFO - Started process (PID=687) to work on /home/airflow/.local/lib/python3.7/site-packages/airflow/example_dags/example_nested_branch_dag.py
[2024-11-12T07:58:52.405+0000] {processor.py:743} INFO - Processing file /home/airflow/.local/lib/python3.7/site-packages/airflow/example_dags/example_nested_branch_dag.py for tasks to queue
[2024-11-12T07:58:52.406+0000] {logging_mixin.py:137} INFO - [2024-11-12T07:58:52.406+0000] {dagbag.py:538} INFO - Filling up the DagBag from /home/airflow/.local/lib/python3.7/site-packages/airflow/example_dags/example_nested_branch_dag.py
[2024-11-12T07:58:52.434+0000] {processor.py:753} INFO - DAG(s) dict_keys(['example_nested_branch_dag']) retrieved from /home/airflow/.local/lib/python3.7/site-packages/airflow/example_dags/example_nested_branch_dag.py
[2024-11-12T07:58:52.464+0000] {logging_mixin.py:137} INFO - [2024-11-12T07:58:52.464+0000] {dag.py:2690} INFO - Sync 1 DAGs
[2024-11-12T07:58:52.493+0000] {logging_mixin.py:137} INFO - [2024-11-12T07:58:52.493+0000] {dag.py:3441} INFO - Setting next_dagrun for example_nested_branch_dag to 2024-11-11T00:00:00+00:00, run_after=2024-11-12T00:00:00+00:00
[2024-11-12T07:58:52.519+0000] {processor.py:175} INFO - Processing /home/airflow/.local/lib/python3.7/site-packages/airflow/example_dags/example_nested_branch_dag.py took 0.119 seconds
[2024-11-12T07:59:22.607+0000] {processor.py:153} INFO - Started process (PID=776) to work on /home/airflow/.local/lib/python3.7/site-packages/airflow/example_dags/example_nested_branch_dag.py
[2024-11-12T07:59:22.608+0000] {processor.py:743} INFO - Processing file /home/airflow/.local/lib/python3.7/site-packages/airflow/example_dags/example_nested_branch_dag.py for tasks to queue
[2024-11-12T07:59:22.608+0000] {logging_mixin.py:137} INFO - [2024-11-12T07:59:22.608+0000] {dagbag.py:538} INFO - Filling up the DagBag from /home/airflow/.local/lib/python3.7/site-packages/airflow/example_dags/example_nested_branch_dag.py
[2024-11-12T07:59:22.638+0000] {processor.py:753} INFO - DAG(s) dict_keys(['example_nested_branch_dag']) retrieved from /home/airflow/.local/lib/python3.7/site-packages/airflow/example_dags/example_nested_branch_dag.py
[2024-11-12T07:59:22.667+0000] {logging_mixin.py:137} INFO - [2024-11-12T07:59:22.667+0000] {dag.py:2690} INFO - Sync 1 DAGs
[2024-11-12T07:59:22.697+0000] {logging_mixin.py:137} INFO - [2024-11-12T07:59:22.697+0000] {dag.py:3441} INFO - Setting next_dagrun for example_nested_branch_dag to 2024-11-11T00:00:00+00:00, run_after=2024-11-12T00:00:00+00:00
[2024-11-12T07:59:22.721+0000] {processor.py:175} INFO - Processing /home/airflow/.local/lib/python3.7/site-packages/airflow/example_dags/example_nested_branch_dag.py took 0.118 seconds
[2024-11-12T07:59:52.811+0000] {processor.py:153} INFO - Started process (PID=847) to work on /home/airflow/.local/lib/python3.7/site-packages/airflow/example_dags/example_nested_branch_dag.py
[2024-11-12T07:59:52.812+0000] {processor.py:743} INFO - Processing file /home/airflow/.local/lib/python3.7/site-packages/airflow/example_dags/example_nested_branch_dag.py for tasks to queue
[2024-11-12T07:59:52.813+0000] {logging_mixin.py:137} INFO - [2024-11-12T07:59:52.813+0000] {dagbag.py:538} INFO - Filling up the DagBag from /home/airflow/.local/lib/python3.7/site-packages/airflow/example_dags/example_nested_branch_dag.py
[2024-11-12T07:59:52.840+0000] {processor.py:753} INFO - DAG(s) dict_keys(['example_nested_branch_dag']) retrieved from /home/airflow/.local/lib/python3.7/site-packages/airflow/example_dags/example_nested_branch_dag.py
[2024-11-12T07:59:52.873+0000] {logging_mixin.py:137} INFO - [2024-11-12T07:59:52.872+0000] {dag.py:2690} INFO - Sync 1 DAGs
[2024-11-12T07:59:52.910+0000] {logging_mixin.py:137} INFO - [2024-11-12T07:59:52.909+0000] {dag.py:3441} INFO - Setting next_dagrun for example_nested_branch_dag to 2024-11-11T00:00:00+00:00, run_after=2024-11-12T00:00:00+00:00
[2024-11-12T07:59:52.937+0000] {processor.py:175} INFO - Processing /home/airflow/.local/lib/python3.7/site-packages/airflow/example_dags/example_nested_branch_dag.py took 0.130 seconds
[2024-11-12T08:00:23.128+0000] {processor.py:153} INFO - Started process (PID=934) to work on /home/airflow/.local/lib/python3.7/site-packages/airflow/example_dags/example_nested_branch_dag.py
[2024-11-12T08:00:23.129+0000] {processor.py:743} INFO - Processing file /home/airflow/.local/lib/python3.7/site-packages/airflow/example_dags/example_nested_branch_dag.py for tasks to queue
[2024-11-12T08:00:23.130+0000] {logging_mixin.py:137} INFO - [2024-11-12T08:00:23.129+0000] {dagbag.py:538} INFO - Filling up the DagBag from /home/airflow/.local/lib/python3.7/site-packages/airflow/example_dags/example_nested_branch_dag.py
[2024-11-12T08:00:23.153+0000] {processor.py:753} INFO - DAG(s) dict_keys(['example_nested_branch_dag']) retrieved from /home/airflow/.local/lib/python3.7/site-packages/airflow/example_dags/example_nested_branch_dag.py
[2024-11-12T08:00:23.181+0000] {logging_mixin.py:137} INFO - [2024-11-12T08:00:23.181+0000] {dag.py:2690} INFO - Sync 1 DAGs
[2024-11-12T08:00:23.208+0000] {logging_mixin.py:137} INFO - [2024-11-12T08:00:23.207+0000] {dag.py:3441} INFO - Setting next_dagrun for example_nested_branch_dag to 2024-11-11T00:00:00+00:00, run_after=2024-11-12T00:00:00+00:00
[2024-11-12T08:00:23.231+0000] {processor.py:175} INFO - Processing /home/airflow/.local/lib/python3.7/site-packages/airflow/example_dags/example_nested_branch_dag.py took 0.107 seconds
[2024-11-12T08:00:53.922+0000] {processor.py:153} INFO - Started process (PID=1005) to work on /home/airflow/.local/lib/python3.7/site-packages/airflow/example_dags/example_nested_branch_dag.py
[2024-11-12T08:00:53.924+0000] {processor.py:743} INFO - Processing file /home/airflow/.local/lib/python3.7/site-packages/airflow/example_dags/example_nested_branch_dag.py for tasks to queue
[2024-11-12T08:00:53.924+0000] {logging_mixin.py:137} INFO - [2024-11-12T08:00:53.924+0000] {dagbag.py:538} INFO - Filling up the DagBag from /home/airflow/.local/lib/python3.7/site-packages/airflow/example_dags/example_nested_branch_dag.py
[2024-11-12T08:00:53.946+0000] {processor.py:753} INFO - DAG(s) dict_keys(['example_nested_branch_dag']) retrieved from /home/airflow/.local/lib/python3.7/site-packages/airflow/example_dags/example_nested_branch_dag.py
[2024-11-12T08:00:53.972+0000] {logging_mixin.py:137} INFO - [2024-11-12T08:00:53.972+0000] {dag.py:2690} INFO - Sync 1 DAGs
[2024-11-12T08:00:53.999+0000] {logging_mixin.py:137} INFO - [2024-11-12T08:00:53.998+0000] {dag.py:3441} INFO - Setting next_dagrun for example_nested_branch_dag to 2024-11-11T00:00:00+00:00, run_after=2024-11-12T00:00:00+00:00
[2024-11-12T08:00:54.021+0000] {processor.py:175} INFO - Processing /home/airflow/.local/lib/python3.7/site-packages/airflow/example_dags/example_nested_branch_dag.py took 0.102 seconds
[2024-11-12T08:01:24.870+0000] {processor.py:153} INFO - Started process (PID=1092) to work on /home/airflow/.local/lib/python3.7/site-packages/airflow/example_dags/example_nested_branch_dag.py
[2024-11-12T08:01:24.871+0000] {processor.py:743} INFO - Processing file /home/airflow/.local/lib/python3.7/site-packages/airflow/example_dags/example_nested_branch_dag.py for tasks to queue
[2024-11-12T08:01:24.872+0000] {logging_mixin.py:137} INFO - [2024-11-12T08:01:24.872+0000] {dagbag.py:538} INFO - Filling up the DagBag from /home/airflow/.local/lib/python3.7/site-packages/airflow/example_dags/example_nested_branch_dag.py
[2024-11-12T08:01:24.895+0000] {processor.py:753} INFO - DAG(s) dict_keys(['example_nested_branch_dag']) retrieved from /home/airflow/.local/lib/python3.7/site-packages/airflow/example_dags/example_nested_branch_dag.py
[2024-11-12T08:01:24.924+0000] {logging_mixin.py:137} INFO - [2024-11-12T08:01:24.923+0000] {dag.py:2690} INFO - Sync 1 DAGs
[2024-11-12T08:01:24.953+0000] {logging_mixin.py:137} INFO - [2024-11-12T08:01:24.953+0000] {dag.py:3441} INFO - Setting next_dagrun for example_nested_branch_dag to 2024-11-11T00:00:00+00:00, run_after=2024-11-12T00:00:00+00:00
[2024-11-12T08:01:24.978+0000] {processor.py:175} INFO - Processing /home/airflow/.local/lib/python3.7/site-packages/airflow/example_dags/example_nested_branch_dag.py took 0.112 seconds
[2024-11-12T08:02:37.959+0000] {processor.py:153} INFO - Started process (PID=53) to work on /home/airflow/.local/lib/python3.7/site-packages/airflow/example_dags/example_nested_branch_dag.py
[2024-11-12T08:02:37.960+0000] {processor.py:743} INFO - Processing file /home/airflow/.local/lib/python3.7/site-packages/airflow/example_dags/example_nested_branch_dag.py for tasks to queue
[2024-11-12T08:02:37.962+0000] {logging_mixin.py:137} INFO - [2024-11-12T08:02:37.961+0000] {dagbag.py:538} INFO - Filling up the DagBag from /home/airflow/.local/lib/python3.7/site-packages/airflow/example_dags/example_nested_branch_dag.py
[2024-11-12T08:02:38.009+0000] {processor.py:753} INFO - DAG(s) dict_keys(['example_nested_branch_dag']) retrieved from /home/airflow/.local/lib/python3.7/site-packages/airflow/example_dags/example_nested_branch_dag.py
[2024-11-12T08:02:38.027+0000] {logging_mixin.py:137} INFO - [2024-11-12T08:02:38.026+0000] {dag.py:2690} INFO - Sync 1 DAGs
[2024-11-12T08:02:38.066+0000] {logging_mixin.py:137} INFO - [2024-11-12T08:02:38.066+0000] {dag.py:3441} INFO - Setting next_dagrun for example_nested_branch_dag to 2024-11-11T00:00:00+00:00, run_after=2024-11-12T00:00:00+00:00
[2024-11-12T08:02:38.094+0000] {processor.py:175} INFO - Processing /home/airflow/.local/lib/python3.7/site-packages/airflow/example_dags/example_nested_branch_dag.py took 0.142 seconds
[2024-11-12T08:03:09.088+0000] {processor.py:153} INFO - Started process (PID=140) to work on /home/airflow/.local/lib/python3.7/site-packages/airflow/example_dags/example_nested_branch_dag.py
[2024-11-12T08:03:09.089+0000] {processor.py:743} INFO - Processing file /home/airflow/.local/lib/python3.7/site-packages/airflow/example_dags/example_nested_branch_dag.py for tasks to queue
[2024-11-12T08:03:09.103+0000] {logging_mixin.py:137} INFO - [2024-11-12T08:03:09.100+0000] {dagbag.py:538} INFO - Filling up the DagBag from /home/airflow/.local/lib/python3.7/site-packages/airflow/example_dags/example_nested_branch_dag.py
[2024-11-12T08:03:09.132+0000] {processor.py:753} INFO - DAG(s) dict_keys(['example_nested_branch_dag']) retrieved from /home/airflow/.local/lib/python3.7/site-packages/airflow/example_dags/example_nested_branch_dag.py
[2024-11-12T08:03:09.169+0000] {logging_mixin.py:137} INFO - [2024-11-12T08:03:09.168+0000] {dag.py:2690} INFO - Sync 1 DAGs
[2024-11-12T08:03:09.205+0000] {logging_mixin.py:137} INFO - [2024-11-12T08:03:09.205+0000] {dag.py:3441} INFO - Setting next_dagrun for example_nested_branch_dag to 2024-11-11T00:00:00+00:00, run_after=2024-11-12T00:00:00+00:00
[2024-11-12T08:03:09.235+0000] {processor.py:175} INFO - Processing /home/airflow/.local/lib/python3.7/site-packages/airflow/example_dags/example_nested_branch_dag.py took 0.152 seconds
[2024-11-12T08:03:39.725+0000] {processor.py:153} INFO - Started process (PID=211) to work on /home/airflow/.local/lib/python3.7/site-packages/airflow/example_dags/example_nested_branch_dag.py
[2024-11-12T08:03:39.726+0000] {processor.py:743} INFO - Processing file /home/airflow/.local/lib/python3.7/site-packages/airflow/example_dags/example_nested_branch_dag.py for tasks to queue
[2024-11-12T08:03:39.727+0000] {logging_mixin.py:137} INFO - [2024-11-12T08:03:39.727+0000] {dagbag.py:538} INFO - Filling up the DagBag from /home/airflow/.local/lib/python3.7/site-packages/airflow/example_dags/example_nested_branch_dag.py
[2024-11-12T08:03:39.754+0000] {processor.py:753} INFO - DAG(s) dict_keys(['example_nested_branch_dag']) retrieved from /home/airflow/.local/lib/python3.7/site-packages/airflow/example_dags/example_nested_branch_dag.py
[2024-11-12T08:03:39.783+0000] {logging_mixin.py:137} INFO - [2024-11-12T08:03:39.783+0000] {dag.py:2690} INFO - Sync 1 DAGs
[2024-11-12T08:03:39.808+0000] {logging_mixin.py:137} INFO - [2024-11-12T08:03:39.808+0000] {dag.py:3441} INFO - Setting next_dagrun for example_nested_branch_dag to 2024-11-11T00:00:00+00:00, run_after=2024-11-12T00:00:00+00:00
[2024-11-12T08:03:39.831+0000] {processor.py:175} INFO - Processing /home/airflow/.local/lib/python3.7/site-packages/airflow/example_dags/example_nested_branch_dag.py took 0.110 seconds
[2024-11-12T08:04:10.238+0000] {processor.py:153} INFO - Started process (PID=298) to work on /home/airflow/.local/lib/python3.7/site-packages/airflow/example_dags/example_nested_branch_dag.py
[2024-11-12T08:04:10.240+0000] {processor.py:743} INFO - Processing file /home/airflow/.local/lib/python3.7/site-packages/airflow/example_dags/example_nested_branch_dag.py for tasks to queue
[2024-11-12T08:04:10.240+0000] {logging_mixin.py:137} INFO - [2024-11-12T08:04:10.240+0000] {dagbag.py:538} INFO - Filling up the DagBag from /home/airflow/.local/lib/python3.7/site-packages/airflow/example_dags/example_nested_branch_dag.py
[2024-11-12T08:04:10.269+0000] {processor.py:753} INFO - DAG(s) dict_keys(['example_nested_branch_dag']) retrieved from /home/airflow/.local/lib/python3.7/site-packages/airflow/example_dags/example_nested_branch_dag.py
[2024-11-12T08:04:10.298+0000] {logging_mixin.py:137} INFO - [2024-11-12T08:04:10.298+0000] {dag.py:2690} INFO - Sync 1 DAGs
[2024-11-12T08:04:10.328+0000] {logging_mixin.py:137} INFO - [2024-11-12T08:04:10.327+0000] {dag.py:3441} INFO - Setting next_dagrun for example_nested_branch_dag to 2024-11-11T00:00:00+00:00, run_after=2024-11-12T00:00:00+00:00
[2024-11-12T08:04:10.354+0000] {processor.py:175} INFO - Processing /home/airflow/.local/lib/python3.7/site-packages/airflow/example_dags/example_nested_branch_dag.py took 0.119 seconds
[2024-11-12T08:04:41.170+0000] {processor.py:153} INFO - Started process (PID=369) to work on /home/airflow/.local/lib/python3.7/site-packages/airflow/example_dags/example_nested_branch_dag.py
[2024-11-12T08:04:41.171+0000] {processor.py:743} INFO - Processing file /home/airflow/.local/lib/python3.7/site-packages/airflow/example_dags/example_nested_branch_dag.py for tasks to queue
[2024-11-12T08:04:41.171+0000] {logging_mixin.py:137} INFO - [2024-11-12T08:04:41.171+0000] {dagbag.py:538} INFO - Filling up the DagBag from /home/airflow/.local/lib/python3.7/site-packages/airflow/example_dags/example_nested_branch_dag.py
[2024-11-12T08:04:41.199+0000] {processor.py:753} INFO - DAG(s) dict_keys(['example_nested_branch_dag']) retrieved from /home/airflow/.local/lib/python3.7/site-packages/airflow/example_dags/example_nested_branch_dag.py
[2024-11-12T08:04:41.228+0000] {logging_mixin.py:137} INFO - [2024-11-12T08:04:41.228+0000] {dag.py:2690} INFO - Sync 1 DAGs
[2024-11-12T08:04:41.259+0000] {logging_mixin.py:137} INFO - [2024-11-12T08:04:41.259+0000] {dag.py:3441} INFO - Setting next_dagrun for example_nested_branch_dag to 2024-11-11T00:00:00+00:00, run_after=2024-11-12T00:00:00+00:00
[2024-11-12T08:04:41.282+0000] {processor.py:175} INFO - Processing /home/airflow/.local/lib/python3.7/site-packages/airflow/example_dags/example_nested_branch_dag.py took 0.116 seconds
[2024-11-12T08:05:11.451+0000] {processor.py:153} INFO - Started process (PID=456) to work on /home/airflow/.local/lib/python3.7/site-packages/airflow/example_dags/example_nested_branch_dag.py
[2024-11-12T08:05:11.452+0000] {processor.py:743} INFO - Processing file /home/airflow/.local/lib/python3.7/site-packages/airflow/example_dags/example_nested_branch_dag.py for tasks to queue
[2024-11-12T08:05:11.453+0000] {logging_mixin.py:137} INFO - [2024-11-12T08:05:11.453+0000] {dagbag.py:538} INFO - Filling up the DagBag from /home/airflow/.local/lib/python3.7/site-packages/airflow/example_dags/example_nested_branch_dag.py
[2024-11-12T08:05:11.483+0000] {processor.py:753} INFO - DAG(s) dict_keys(['example_nested_branch_dag']) retrieved from /home/airflow/.local/lib/python3.7/site-packages/airflow/example_dags/example_nested_branch_dag.py
[2024-11-12T08:05:11.515+0000] {logging_mixin.py:137} INFO - [2024-11-12T08:05:11.515+0000] {dag.py:2690} INFO - Sync 1 DAGs
[2024-11-12T08:05:11.550+0000] {logging_mixin.py:137} INFO - [2024-11-12T08:05:11.550+0000] {dag.py:3441} INFO - Setting next_dagrun for example_nested_branch_dag to 2024-11-11T00:00:00+00:00, run_after=2024-11-12T00:00:00+00:00
[2024-11-12T08:05:11.580+0000] {processor.py:175} INFO - Processing /home/airflow/.local/lib/python3.7/site-packages/airflow/example_dags/example_nested_branch_dag.py took 0.134 seconds
[2024-11-12T08:05:42.353+0000] {processor.py:153} INFO - Started process (PID=527) to work on /home/airflow/.local/lib/python3.7/site-packages/airflow/example_dags/example_nested_branch_dag.py
[2024-11-12T08:05:42.354+0000] {processor.py:743} INFO - Processing file /home/airflow/.local/lib/python3.7/site-packages/airflow/example_dags/example_nested_branch_dag.py for tasks to queue
[2024-11-12T08:05:42.355+0000] {logging_mixin.py:137} INFO - [2024-11-12T08:05:42.355+0000] {dagbag.py:538} INFO - Filling up the DagBag from /home/airflow/.local/lib/python3.7/site-packages/airflow/example_dags/example_nested_branch_dag.py
[2024-11-12T08:05:42.376+0000] {processor.py:753} INFO - DAG(s) dict_keys(['example_nested_branch_dag']) retrieved from /home/airflow/.local/lib/python3.7/site-packages/airflow/example_dags/example_nested_branch_dag.py
[2024-11-12T08:05:42.401+0000] {logging_mixin.py:137} INFO - [2024-11-12T08:05:42.401+0000] {dag.py:2690} INFO - Sync 1 DAGs
[2024-11-12T08:05:42.426+0000] {logging_mixin.py:137} INFO - [2024-11-12T08:05:42.425+0000] {dag.py:3441} INFO - Setting next_dagrun for example_nested_branch_dag to 2024-11-11T00:00:00+00:00, run_after=2024-11-12T00:00:00+00:00
[2024-11-12T08:05:42.448+0000] {processor.py:175} INFO - Processing /home/airflow/.local/lib/python3.7/site-packages/airflow/example_dags/example_nested_branch_dag.py took 0.099 seconds
[2024-11-12T08:06:13.645+0000] {processor.py:153} INFO - Started process (PID=614) to work on /home/airflow/.local/lib/python3.7/site-packages/airflow/example_dags/example_nested_branch_dag.py
[2024-11-12T08:06:13.648+0000] {processor.py:743} INFO - Processing file /home/airflow/.local/lib/python3.7/site-packages/airflow/example_dags/example_nested_branch_dag.py for tasks to queue
[2024-11-12T08:06:13.649+0000] {logging_mixin.py:137} INFO - [2024-11-12T08:06:13.649+0000] {dagbag.py:538} INFO - Filling up the DagBag from /home/airflow/.local/lib/python3.7/site-packages/airflow/example_dags/example_nested_branch_dag.py
[2024-11-12T08:06:13.695+0000] {processor.py:753} INFO - DAG(s) dict_keys(['example_nested_branch_dag']) retrieved from /home/airflow/.local/lib/python3.7/site-packages/airflow/example_dags/example_nested_branch_dag.py
[2024-11-12T08:06:13.761+0000] {logging_mixin.py:137} INFO - [2024-11-12T08:06:13.760+0000] {dag.py:2690} INFO - Sync 1 DAGs
[2024-11-12T08:06:13.853+0000] {logging_mixin.py:137} INFO - [2024-11-12T08:06:13.853+0000] {dag.py:3441} INFO - Setting next_dagrun for example_nested_branch_dag to 2024-11-11T00:00:00+00:00, run_after=2024-11-12T00:00:00+00:00
[2024-11-12T08:06:13.905+0000] {processor.py:175} INFO - Processing /home/airflow/.local/lib/python3.7/site-packages/airflow/example_dags/example_nested_branch_dag.py took 0.265 seconds
[2024-11-12T08:06:44.683+0000] {processor.py:153} INFO - Started process (PID=685) to work on /home/airflow/.local/lib/python3.7/site-packages/airflow/example_dags/example_nested_branch_dag.py
[2024-11-12T08:06:44.684+0000] {processor.py:743} INFO - Processing file /home/airflow/.local/lib/python3.7/site-packages/airflow/example_dags/example_nested_branch_dag.py for tasks to queue
[2024-11-12T08:06:44.684+0000] {logging_mixin.py:137} INFO - [2024-11-12T08:06:44.684+0000] {dagbag.py:538} INFO - Filling up the DagBag from /home/airflow/.local/lib/python3.7/site-packages/airflow/example_dags/example_nested_branch_dag.py
[2024-11-12T08:06:44.709+0000] {processor.py:753} INFO - DAG(s) dict_keys(['example_nested_branch_dag']) retrieved from /home/airflow/.local/lib/python3.7/site-packages/airflow/example_dags/example_nested_branch_dag.py
[2024-11-12T08:06:44.734+0000] {logging_mixin.py:137} INFO - [2024-11-12T08:06:44.734+0000] {dag.py:2690} INFO - Sync 1 DAGs
[2024-11-12T08:06:44.758+0000] {logging_mixin.py:137} INFO - [2024-11-12T08:06:44.758+0000] {dag.py:3441} INFO - Setting next_dagrun for example_nested_branch_dag to 2024-11-11T00:00:00+00:00, run_after=2024-11-12T00:00:00+00:00
[2024-11-12T08:06:44.781+0000] {processor.py:175} INFO - Processing /home/airflow/.local/lib/python3.7/site-packages/airflow/example_dags/example_nested_branch_dag.py took 0.101 seconds
[2024-11-12T08:07:14.800+0000] {processor.py:153} INFO - Started process (PID=771) to work on /home/airflow/.local/lib/python3.7/site-packages/airflow/example_dags/example_nested_branch_dag.py
[2024-11-12T08:07:14.801+0000] {processor.py:743} INFO - Processing file /home/airflow/.local/lib/python3.7/site-packages/airflow/example_dags/example_nested_branch_dag.py for tasks to queue
[2024-11-12T08:07:14.802+0000] {logging_mixin.py:137} INFO - [2024-11-12T08:07:14.802+0000] {dagbag.py:538} INFO - Filling up the DagBag from /home/airflow/.local/lib/python3.7/site-packages/airflow/example_dags/example_nested_branch_dag.py
[2024-11-12T08:07:14.826+0000] {processor.py:753} INFO - DAG(s) dict_keys(['example_nested_branch_dag']) retrieved from /home/airflow/.local/lib/python3.7/site-packages/airflow/example_dags/example_nested_branch_dag.py
[2024-11-12T08:07:14.856+0000] {logging_mixin.py:137} INFO - [2024-11-12T08:07:14.856+0000] {dag.py:2690} INFO - Sync 1 DAGs
[2024-11-12T08:07:14.882+0000] {logging_mixin.py:137} INFO - [2024-11-12T08:07:14.882+0000] {dag.py:3441} INFO - Setting next_dagrun for example_nested_branch_dag to 2024-11-11T00:00:00+00:00, run_after=2024-11-12T00:00:00+00:00
[2024-11-12T08:07:14.908+0000] {processor.py:175} INFO - Processing /home/airflow/.local/lib/python3.7/site-packages/airflow/example_dags/example_nested_branch_dag.py took 0.112 seconds
[2024-11-12T08:07:45.628+0000] {processor.py:153} INFO - Started process (PID=843) to work on /home/airflow/.local/lib/python3.7/site-packages/airflow/example_dags/example_nested_branch_dag.py
[2024-11-12T08:07:45.629+0000] {processor.py:743} INFO - Processing file /home/airflow/.local/lib/python3.7/site-packages/airflow/example_dags/example_nested_branch_dag.py for tasks to queue
[2024-11-12T08:07:45.630+0000] {logging_mixin.py:137} INFO - [2024-11-12T08:07:45.630+0000] {dagbag.py:538} INFO - Filling up the DagBag from /home/airflow/.local/lib/python3.7/site-packages/airflow/example_dags/example_nested_branch_dag.py
[2024-11-12T08:07:45.657+0000] {processor.py:753} INFO - DAG(s) dict_keys(['example_nested_branch_dag']) retrieved from /home/airflow/.local/lib/python3.7/site-packages/airflow/example_dags/example_nested_branch_dag.py
[2024-11-12T08:07:45.683+0000] {logging_mixin.py:137} INFO - [2024-11-12T08:07:45.683+0000] {dag.py:2690} INFO - Sync 1 DAGs
[2024-11-12T08:07:45.712+0000] {logging_mixin.py:137} INFO - [2024-11-12T08:07:45.712+0000] {dag.py:3441} INFO - Setting next_dagrun for example_nested_branch_dag to 2024-11-11T00:00:00+00:00, run_after=2024-11-12T00:00:00+00:00
[2024-11-12T08:07:45.733+0000] {processor.py:175} INFO - Processing /home/airflow/.local/lib/python3.7/site-packages/airflow/example_dags/example_nested_branch_dag.py took 0.109 seconds
[2024-11-12T08:08:15.787+0000] {processor.py:153} INFO - Started process (PID=914) to work on /home/airflow/.local/lib/python3.7/site-packages/airflow/example_dags/example_nested_branch_dag.py
[2024-11-12T08:08:15.788+0000] {processor.py:743} INFO - Processing file /home/airflow/.local/lib/python3.7/site-packages/airflow/example_dags/example_nested_branch_dag.py for tasks to queue
[2024-11-12T08:08:15.789+0000] {logging_mixin.py:137} INFO - [2024-11-12T08:08:15.788+0000] {dagbag.py:538} INFO - Filling up the DagBag from /home/airflow/.local/lib/python3.7/site-packages/airflow/example_dags/example_nested_branch_dag.py
[2024-11-12T08:08:15.810+0000] {processor.py:753} INFO - DAG(s) dict_keys(['example_nested_branch_dag']) retrieved from /home/airflow/.local/lib/python3.7/site-packages/airflow/example_dags/example_nested_branch_dag.py
[2024-11-12T08:08:15.835+0000] {logging_mixin.py:137} INFO - [2024-11-12T08:08:15.835+0000] {dag.py:2690} INFO - Sync 1 DAGs
[2024-11-12T08:08:15.861+0000] {logging_mixin.py:137} INFO - [2024-11-12T08:08:15.861+0000] {dag.py:3441} INFO - Setting next_dagrun for example_nested_branch_dag to 2024-11-11T00:00:00+00:00, run_after=2024-11-12T00:00:00+00:00
[2024-11-12T08:08:15.883+0000] {processor.py:175} INFO - Processing /home/airflow/.local/lib/python3.7/site-packages/airflow/example_dags/example_nested_branch_dag.py took 0.101 seconds
[2024-11-12T08:08:46.394+0000] {processor.py:153} INFO - Started process (PID=985) to work on /home/airflow/.local/lib/python3.7/site-packages/airflow/example_dags/example_nested_branch_dag.py
[2024-11-12T08:08:46.396+0000] {processor.py:743} INFO - Processing file /home/airflow/.local/lib/python3.7/site-packages/airflow/example_dags/example_nested_branch_dag.py for tasks to queue
[2024-11-12T08:08:46.396+0000] {logging_mixin.py:137} INFO - [2024-11-12T08:08:46.396+0000] {dagbag.py:538} INFO - Filling up the DagBag from /home/airflow/.local/lib/python3.7/site-packages/airflow/example_dags/example_nested_branch_dag.py
[2024-11-12T08:08:46.428+0000] {processor.py:753} INFO - DAG(s) dict_keys(['example_nested_branch_dag']) retrieved from /home/airflow/.local/lib/python3.7/site-packages/airflow/example_dags/example_nested_branch_dag.py
[2024-11-12T08:08:46.455+0000] {logging_mixin.py:137} INFO - [2024-11-12T08:08:46.455+0000] {dag.py:2690} INFO - Sync 1 DAGs
[2024-11-12T08:08:46.480+0000] {logging_mixin.py:137} INFO - [2024-11-12T08:08:46.479+0000] {dag.py:3441} INFO - Setting next_dagrun for example_nested_branch_dag to 2024-11-11T00:00:00+00:00, run_after=2024-11-12T00:00:00+00:00
[2024-11-12T08:08:46.501+0000] {processor.py:175} INFO - Processing /home/airflow/.local/lib/python3.7/site-packages/airflow/example_dags/example_nested_branch_dag.py took 0.109 seconds
[2024-11-12T08:09:17.509+0000] {processor.py:153} INFO - Started process (PID=1065) to work on /home/airflow/.local/lib/python3.7/site-packages/airflow/example_dags/example_nested_branch_dag.py
[2024-11-12T08:09:17.510+0000] {processor.py:743} INFO - Processing file /home/airflow/.local/lib/python3.7/site-packages/airflow/example_dags/example_nested_branch_dag.py for tasks to queue
[2024-11-12T08:09:17.510+0000] {logging_mixin.py:137} INFO - [2024-11-12T08:09:17.510+0000] {dagbag.py:538} INFO - Filling up the DagBag from /home/airflow/.local/lib/python3.7/site-packages/airflow/example_dags/example_nested_branch_dag.py
[2024-11-12T08:09:17.535+0000] {processor.py:753} INFO - DAG(s) dict_keys(['example_nested_branch_dag']) retrieved from /home/airflow/.local/lib/python3.7/site-packages/airflow/example_dags/example_nested_branch_dag.py
[2024-11-12T08:09:17.566+0000] {logging_mixin.py:137} INFO - [2024-11-12T08:09:17.565+0000] {dag.py:2690} INFO - Sync 1 DAGs
[2024-11-12T08:09:17.601+0000] {logging_mixin.py:137} INFO - [2024-11-12T08:09:17.601+0000] {dag.py:3441} INFO - Setting next_dagrun for example_nested_branch_dag to 2024-11-11T00:00:00+00:00, run_after=2024-11-12T00:00:00+00:00
[2024-11-12T08:09:17.628+0000] {processor.py:175} INFO - Processing /home/airflow/.local/lib/python3.7/site-packages/airflow/example_dags/example_nested_branch_dag.py took 0.124 seconds
[2024-11-12T08:09:48.102+0000] {processor.py:153} INFO - Started process (PID=1144) to work on /home/airflow/.local/lib/python3.7/site-packages/airflow/example_dags/example_nested_branch_dag.py
[2024-11-12T08:09:48.103+0000] {processor.py:743} INFO - Processing file /home/airflow/.local/lib/python3.7/site-packages/airflow/example_dags/example_nested_branch_dag.py for tasks to queue
[2024-11-12T08:09:48.104+0000] {logging_mixin.py:137} INFO - [2024-11-12T08:09:48.104+0000] {dagbag.py:538} INFO - Filling up the DagBag from /home/airflow/.local/lib/python3.7/site-packages/airflow/example_dags/example_nested_branch_dag.py
[2024-11-12T08:09:48.126+0000] {processor.py:753} INFO - DAG(s) dict_keys(['example_nested_branch_dag']) retrieved from /home/airflow/.local/lib/python3.7/site-packages/airflow/example_dags/example_nested_branch_dag.py
[2024-11-12T08:09:48.151+0000] {logging_mixin.py:137} INFO - [2024-11-12T08:09:48.150+0000] {dag.py:2690} INFO - Sync 1 DAGs
[2024-11-12T08:09:48.174+0000] {logging_mixin.py:137} INFO - [2024-11-12T08:09:48.174+0000] {dag.py:3441} INFO - Setting next_dagrun for example_nested_branch_dag to 2024-11-11T00:00:00+00:00, run_after=2024-11-12T00:00:00+00:00
[2024-11-12T08:09:48.195+0000] {processor.py:175} INFO - Processing /home/airflow/.local/lib/python3.7/site-packages/airflow/example_dags/example_nested_branch_dag.py took 0.096 seconds
[2024-11-12T08:10:18.483+0000] {processor.py:153} INFO - Started process (PID=1215) to work on /home/airflow/.local/lib/python3.7/site-packages/airflow/example_dags/example_nested_branch_dag.py
[2024-11-12T08:10:18.484+0000] {processor.py:743} INFO - Processing file /home/airflow/.local/lib/python3.7/site-packages/airflow/example_dags/example_nested_branch_dag.py for tasks to queue
[2024-11-12T08:10:18.485+0000] {logging_mixin.py:137} INFO - [2024-11-12T08:10:18.485+0000] {dagbag.py:538} INFO - Filling up the DagBag from /home/airflow/.local/lib/python3.7/site-packages/airflow/example_dags/example_nested_branch_dag.py
[2024-11-12T08:10:18.510+0000] {processor.py:753} INFO - DAG(s) dict_keys(['example_nested_branch_dag']) retrieved from /home/airflow/.local/lib/python3.7/site-packages/airflow/example_dags/example_nested_branch_dag.py
[2024-11-12T08:10:18.539+0000] {logging_mixin.py:137} INFO - [2024-11-12T08:10:18.538+0000] {dag.py:2690} INFO - Sync 1 DAGs
[2024-11-12T08:10:18.578+0000] {logging_mixin.py:137} INFO - [2024-11-12T08:10:18.578+0000] {dag.py:3441} INFO - Setting next_dagrun for example_nested_branch_dag to 2024-11-11T00:00:00+00:00, run_after=2024-11-12T00:00:00+00:00
[2024-11-12T08:10:18.607+0000] {processor.py:175} INFO - Processing /home/airflow/.local/lib/python3.7/site-packages/airflow/example_dags/example_nested_branch_dag.py took 0.129 seconds
[2024-11-12T08:10:48.765+0000] {processor.py:153} INFO - Started process (PID=1302) to work on /home/airflow/.local/lib/python3.7/site-packages/airflow/example_dags/example_nested_branch_dag.py
[2024-11-12T08:10:48.766+0000] {processor.py:743} INFO - Processing file /home/airflow/.local/lib/python3.7/site-packages/airflow/example_dags/example_nested_branch_dag.py for tasks to queue
[2024-11-12T08:10:48.767+0000] {logging_mixin.py:137} INFO - [2024-11-12T08:10:48.767+0000] {dagbag.py:538} INFO - Filling up the DagBag from /home/airflow/.local/lib/python3.7/site-packages/airflow/example_dags/example_nested_branch_dag.py
[2024-11-12T08:10:48.789+0000] {processor.py:753} INFO - DAG(s) dict_keys(['example_nested_branch_dag']) retrieved from /home/airflow/.local/lib/python3.7/site-packages/airflow/example_dags/example_nested_branch_dag.py
[2024-11-12T08:10:48.816+0000] {logging_mixin.py:137} INFO - [2024-11-12T08:10:48.815+0000] {dag.py:2690} INFO - Sync 1 DAGs
[2024-11-12T08:10:48.839+0000] {logging_mixin.py:137} INFO - [2024-11-12T08:10:48.839+0000] {dag.py:3441} INFO - Setting next_dagrun for example_nested_branch_dag to 2024-11-11T00:00:00+00:00, run_after=2024-11-12T00:00:00+00:00
[2024-11-12T08:10:48.861+0000] {processor.py:175} INFO - Processing /home/airflow/.local/lib/python3.7/site-packages/airflow/example_dags/example_nested_branch_dag.py took 0.100 seconds
[2024-11-12T08:11:18.996+0000] {processor.py:153} INFO - Started process (PID=1373) to work on /home/airflow/.local/lib/python3.7/site-packages/airflow/example_dags/example_nested_branch_dag.py
[2024-11-12T08:11:18.997+0000] {processor.py:743} INFO - Processing file /home/airflow/.local/lib/python3.7/site-packages/airflow/example_dags/example_nested_branch_dag.py for tasks to queue
[2024-11-12T08:11:18.999+0000] {logging_mixin.py:137} INFO - [2024-11-12T08:11:18.999+0000] {dagbag.py:538} INFO - Filling up the DagBag from /home/airflow/.local/lib/python3.7/site-packages/airflow/example_dags/example_nested_branch_dag.py
[2024-11-12T08:11:19.025+0000] {processor.py:753} INFO - DAG(s) dict_keys(['example_nested_branch_dag']) retrieved from /home/airflow/.local/lib/python3.7/site-packages/airflow/example_dags/example_nested_branch_dag.py
[2024-11-12T08:11:19.054+0000] {logging_mixin.py:137} INFO - [2024-11-12T08:11:19.054+0000] {dag.py:2690} INFO - Sync 1 DAGs
[2024-11-12T08:11:19.087+0000] {logging_mixin.py:137} INFO - [2024-11-12T08:11:19.087+0000] {dag.py:3441} INFO - Setting next_dagrun for example_nested_branch_dag to 2024-11-11T00:00:00+00:00, run_after=2024-11-12T00:00:00+00:00
[2024-11-12T08:11:19.110+0000] {processor.py:175} INFO - Processing /home/airflow/.local/lib/python3.7/site-packages/airflow/example_dags/example_nested_branch_dag.py took 0.119 seconds
[2024-11-12T08:11:50.071+0000] {processor.py:153} INFO - Started process (PID=1461) to work on /home/airflow/.local/lib/python3.7/site-packages/airflow/example_dags/example_nested_branch_dag.py
[2024-11-12T08:11:50.072+0000] {processor.py:743} INFO - Processing file /home/airflow/.local/lib/python3.7/site-packages/airflow/example_dags/example_nested_branch_dag.py for tasks to queue
[2024-11-12T08:11:50.073+0000] {logging_mixin.py:137} INFO - [2024-11-12T08:11:50.073+0000] {dagbag.py:538} INFO - Filling up the DagBag from /home/airflow/.local/lib/python3.7/site-packages/airflow/example_dags/example_nested_branch_dag.py
[2024-11-12T08:11:50.101+0000] {processor.py:753} INFO - DAG(s) dict_keys(['example_nested_branch_dag']) retrieved from /home/airflow/.local/lib/python3.7/site-packages/airflow/example_dags/example_nested_branch_dag.py
[2024-11-12T08:11:50.129+0000] {logging_mixin.py:137} INFO - [2024-11-12T08:11:50.129+0000] {dag.py:2690} INFO - Sync 1 DAGs
[2024-11-12T08:11:50.156+0000] {logging_mixin.py:137} INFO - [2024-11-12T08:11:50.156+0000] {dag.py:3441} INFO - Setting next_dagrun for example_nested_branch_dag to 2024-11-11T00:00:00+00:00, run_after=2024-11-12T00:00:00+00:00
[2024-11-12T08:11:50.179+0000] {processor.py:175} INFO - Processing /home/airflow/.local/lib/python3.7/site-packages/airflow/example_dags/example_nested_branch_dag.py took 0.111 seconds
[2024-11-12T08:12:20.714+0000] {processor.py:153} INFO - Started process (PID=1532) to work on /home/airflow/.local/lib/python3.7/site-packages/airflow/example_dags/example_nested_branch_dag.py
[2024-11-12T08:12:20.715+0000] {processor.py:743} INFO - Processing file /home/airflow/.local/lib/python3.7/site-packages/airflow/example_dags/example_nested_branch_dag.py for tasks to queue
[2024-11-12T08:12:20.716+0000] {logging_mixin.py:137} INFO - [2024-11-12T08:12:20.716+0000] {dagbag.py:538} INFO - Filling up the DagBag from /home/airflow/.local/lib/python3.7/site-packages/airflow/example_dags/example_nested_branch_dag.py
[2024-11-12T08:12:20.745+0000] {processor.py:753} INFO - DAG(s) dict_keys(['example_nested_branch_dag']) retrieved from /home/airflow/.local/lib/python3.7/site-packages/airflow/example_dags/example_nested_branch_dag.py
[2024-11-12T08:12:20.776+0000] {logging_mixin.py:137} INFO - [2024-11-12T08:12:20.776+0000] {dag.py:2690} INFO - Sync 1 DAGs
[2024-11-12T08:12:20.810+0000] {logging_mixin.py:137} INFO - [2024-11-12T08:12:20.809+0000] {dag.py:3441} INFO - Setting next_dagrun for example_nested_branch_dag to 2024-11-11T00:00:00+00:00, run_after=2024-11-12T00:00:00+00:00
[2024-11-12T08:12:20.837+0000] {processor.py:175} INFO - Processing /home/airflow/.local/lib/python3.7/site-packages/airflow/example_dags/example_nested_branch_dag.py took 0.127 seconds
[2024-11-12T08:12:51.464+0000] {processor.py:153} INFO - Started process (PID=1619) to work on /home/airflow/.local/lib/python3.7/site-packages/airflow/example_dags/example_nested_branch_dag.py
[2024-11-12T08:12:51.466+0000] {processor.py:743} INFO - Processing file /home/airflow/.local/lib/python3.7/site-packages/airflow/example_dags/example_nested_branch_dag.py for tasks to queue
[2024-11-12T08:12:51.466+0000] {logging_mixin.py:137} INFO - [2024-11-12T08:12:51.466+0000] {dagbag.py:538} INFO - Filling up the DagBag from /home/airflow/.local/lib/python3.7/site-packages/airflow/example_dags/example_nested_branch_dag.py
[2024-11-12T08:12:51.490+0000] {processor.py:753} INFO - DAG(s) dict_keys(['example_nested_branch_dag']) retrieved from /home/airflow/.local/lib/python3.7/site-packages/airflow/example_dags/example_nested_branch_dag.py
[2024-11-12T08:12:51.518+0000] {logging_mixin.py:137} INFO - [2024-11-12T08:12:51.517+0000] {dag.py:2690} INFO - Sync 1 DAGs
[2024-11-12T08:12:51.558+0000] {logging_mixin.py:137} INFO - [2024-11-12T08:12:51.558+0000] {dag.py:3441} INFO - Setting next_dagrun for example_nested_branch_dag to 2024-11-11T00:00:00+00:00, run_after=2024-11-12T00:00:00+00:00
[2024-11-12T08:12:51.582+0000] {processor.py:175} INFO - Processing /home/airflow/.local/lib/python3.7/site-packages/airflow/example_dags/example_nested_branch_dag.py took 0.121 seconds
