[2024-11-12T07:54:47.323+0000] {processor.py:153} INFO - Started process (PID=70) to work on /home/airflow/.local/lib/python3.7/site-packages/airflow/example_dags/example_dag_decorator.py
[2024-11-12T07:54:47.324+0000] {processor.py:743} INFO - Processing file /home/airflow/.local/lib/python3.7/site-packages/airflow/example_dags/example_dag_decorator.py for tasks to queue
[2024-11-12T07:54:47.325+0000] {logging_mixin.py:137} INFO - [2024-11-12T07:54:47.325+0000] {dagbag.py:538} INFO - Filling up the DagBag from /home/airflow/.local/lib/python3.7/site-packages/airflow/example_dags/example_dag_decorator.py
[2024-11-12T07:54:47.356+0000] {logging_mixin.py:137} INFO - [2024-11-12T07:54:47.356+0000] {taskmixin.py:205} WARNING - Dependency <Task(_PythonDecoratedOperator): prepare_email>, send_email already registered for DAG: example_dag_decorator
[2024-11-12T07:54:47.357+0000] {logging_mixin.py:137} INFO - [2024-11-12T07:54:47.357+0000] {taskmixin.py:205} WARNING - Dependency <Task(EmailOperator): send_email>, prepare_email already registered for DAG: example_dag_decorator
[2024-11-12T07:54:47.381+0000] {processor.py:753} INFO - DAG(s) dict_keys(['example_dag_decorator']) retrieved from /home/airflow/.local/lib/python3.7/site-packages/airflow/example_dags/example_dag_decorator.py
[2024-11-12T07:54:47.401+0000] {logging_mixin.py:137} INFO - [2024-11-12T07:54:47.400+0000] {dag.py:2690} INFO - Sync 1 DAGs
[2024-11-12T07:54:47.442+0000] {logging_mixin.py:137} INFO - [2024-11-12T07:54:47.441+0000] {dag.py:3441} INFO - Setting next_dagrun for example_dag_decorator to None, run_after=None
[2024-11-12T07:54:47.475+0000] {processor.py:175} INFO - Processing /home/airflow/.local/lib/python3.7/site-packages/airflow/example_dags/example_dag_decorator.py took 0.157 seconds
[2024-11-12T07:55:17.883+0000] {processor.py:153} INFO - Started process (PID=141) to work on /home/airflow/.local/lib/python3.7/site-packages/airflow/example_dags/example_dag_decorator.py
[2024-11-12T07:55:17.885+0000] {processor.py:743} INFO - Processing file /home/airflow/.local/lib/python3.7/site-packages/airflow/example_dags/example_dag_decorator.py for tasks to queue
[2024-11-12T07:55:17.885+0000] {logging_mixin.py:137} INFO - [2024-11-12T07:55:17.885+0000] {dagbag.py:538} INFO - Filling up the DagBag from /home/airflow/.local/lib/python3.7/site-packages/airflow/example_dags/example_dag_decorator.py
[2024-11-12T07:55:17.901+0000] {logging_mixin.py:137} INFO - [2024-11-12T07:55:17.901+0000] {taskmixin.py:205} WARNING - Dependency <Task(_PythonDecoratedOperator): prepare_email>, send_email already registered for DAG: example_dag_decorator
[2024-11-12T07:55:17.901+0000] {logging_mixin.py:137} INFO - [2024-11-12T07:55:17.901+0000] {taskmixin.py:205} WARNING - Dependency <Task(EmailOperator): send_email>, prepare_email already registered for DAG: example_dag_decorator
[2024-11-12T07:55:17.913+0000] {processor.py:753} INFO - DAG(s) dict_keys(['example_dag_decorator']) retrieved from /home/airflow/.local/lib/python3.7/site-packages/airflow/example_dags/example_dag_decorator.py
[2024-11-12T07:55:17.986+0000] {logging_mixin.py:137} INFO - [2024-11-12T07:55:17.986+0000] {dag.py:2690} INFO - Sync 1 DAGs
[2024-11-12T07:55:18.006+0000] {logging_mixin.py:137} INFO - [2024-11-12T07:55:18.006+0000] {dag.py:3441} INFO - Setting next_dagrun for example_dag_decorator to None, run_after=None
[2024-11-12T07:55:18.029+0000] {processor.py:175} INFO - Processing /home/airflow/.local/lib/python3.7/site-packages/airflow/example_dags/example_dag_decorator.py took 0.149 seconds
[2024-11-12T07:55:48.716+0000] {processor.py:153} INFO - Started process (PID=221) to work on /home/airflow/.local/lib/python3.7/site-packages/airflow/example_dags/example_dag_decorator.py
[2024-11-12T07:55:48.717+0000] {processor.py:743} INFO - Processing file /home/airflow/.local/lib/python3.7/site-packages/airflow/example_dags/example_dag_decorator.py for tasks to queue
[2024-11-12T07:55:48.718+0000] {logging_mixin.py:137} INFO - [2024-11-12T07:55:48.718+0000] {dagbag.py:538} INFO - Filling up the DagBag from /home/airflow/.local/lib/python3.7/site-packages/airflow/example_dags/example_dag_decorator.py
[2024-11-12T07:55:48.737+0000] {logging_mixin.py:137} INFO - [2024-11-12T07:55:48.737+0000] {taskmixin.py:205} WARNING - Dependency <Task(_PythonDecoratedOperator): prepare_email>, send_email already registered for DAG: example_dag_decorator
[2024-11-12T07:55:48.738+0000] {logging_mixin.py:137} INFO - [2024-11-12T07:55:48.738+0000] {taskmixin.py:205} WARNING - Dependency <Task(EmailOperator): send_email>, prepare_email already registered for DAG: example_dag_decorator
[2024-11-12T07:55:48.750+0000] {processor.py:753} INFO - DAG(s) dict_keys(['example_dag_decorator']) retrieved from /home/airflow/.local/lib/python3.7/site-packages/airflow/example_dags/example_dag_decorator.py
[2024-11-12T07:55:48.845+0000] {logging_mixin.py:137} INFO - [2024-11-12T07:55:48.844+0000] {dag.py:2690} INFO - Sync 1 DAGs
[2024-11-12T07:55:48.874+0000] {logging_mixin.py:137} INFO - [2024-11-12T07:55:48.874+0000] {dag.py:3441} INFO - Setting next_dagrun for example_dag_decorator to None, run_after=None
[2024-11-12T07:55:48.903+0000] {processor.py:175} INFO - Processing /home/airflow/.local/lib/python3.7/site-packages/airflow/example_dags/example_dag_decorator.py took 0.193 seconds
[2024-11-12T07:56:19.112+0000] {processor.py:153} INFO - Started process (PID=299) to work on /home/airflow/.local/lib/python3.7/site-packages/airflow/example_dags/example_dag_decorator.py
[2024-11-12T07:56:19.113+0000] {processor.py:743} INFO - Processing file /home/airflow/.local/lib/python3.7/site-packages/airflow/example_dags/example_dag_decorator.py for tasks to queue
[2024-11-12T07:56:19.114+0000] {logging_mixin.py:137} INFO - [2024-11-12T07:56:19.114+0000] {dagbag.py:538} INFO - Filling up the DagBag from /home/airflow/.local/lib/python3.7/site-packages/airflow/example_dags/example_dag_decorator.py
[2024-11-12T07:56:19.130+0000] {logging_mixin.py:137} INFO - [2024-11-12T07:56:19.130+0000] {taskmixin.py:205} WARNING - Dependency <Task(_PythonDecoratedOperator): prepare_email>, send_email already registered for DAG: example_dag_decorator
[2024-11-12T07:56:19.130+0000] {logging_mixin.py:137} INFO - [2024-11-12T07:56:19.130+0000] {taskmixin.py:205} WARNING - Dependency <Task(EmailOperator): send_email>, prepare_email already registered for DAG: example_dag_decorator
[2024-11-12T07:56:19.142+0000] {processor.py:753} INFO - DAG(s) dict_keys(['example_dag_decorator']) retrieved from /home/airflow/.local/lib/python3.7/site-packages/airflow/example_dags/example_dag_decorator.py
[2024-11-12T07:56:19.206+0000] {logging_mixin.py:137} INFO - [2024-11-12T07:56:19.206+0000] {dag.py:2690} INFO - Sync 1 DAGs
[2024-11-12T07:56:19.229+0000] {logging_mixin.py:137} INFO - [2024-11-12T07:56:19.229+0000] {dag.py:3441} INFO - Setting next_dagrun for example_dag_decorator to None, run_after=None
[2024-11-12T07:56:19.253+0000] {processor.py:175} INFO - Processing /home/airflow/.local/lib/python3.7/site-packages/airflow/example_dags/example_dag_decorator.py took 0.144 seconds
[2024-11-12T07:56:49.594+0000] {processor.py:153} INFO - Started process (PID=370) to work on /home/airflow/.local/lib/python3.7/site-packages/airflow/example_dags/example_dag_decorator.py
[2024-11-12T07:56:49.595+0000] {processor.py:743} INFO - Processing file /home/airflow/.local/lib/python3.7/site-packages/airflow/example_dags/example_dag_decorator.py for tasks to queue
[2024-11-12T07:56:49.596+0000] {logging_mixin.py:137} INFO - [2024-11-12T07:56:49.596+0000] {dagbag.py:538} INFO - Filling up the DagBag from /home/airflow/.local/lib/python3.7/site-packages/airflow/example_dags/example_dag_decorator.py
[2024-11-12T07:56:49.618+0000] {logging_mixin.py:137} INFO - [2024-11-12T07:56:49.618+0000] {taskmixin.py:205} WARNING - Dependency <Task(_PythonDecoratedOperator): prepare_email>, send_email already registered for DAG: example_dag_decorator
[2024-11-12T07:56:49.619+0000] {logging_mixin.py:137} INFO - [2024-11-12T07:56:49.619+0000] {taskmixin.py:205} WARNING - Dependency <Task(EmailOperator): send_email>, prepare_email already registered for DAG: example_dag_decorator
[2024-11-12T07:56:49.631+0000] {processor.py:753} INFO - DAG(s) dict_keys(['example_dag_decorator']) retrieved from /home/airflow/.local/lib/python3.7/site-packages/airflow/example_dags/example_dag_decorator.py
[2024-11-12T07:56:49.721+0000] {logging_mixin.py:137} INFO - [2024-11-12T07:56:49.721+0000] {dag.py:2690} INFO - Sync 1 DAGs
[2024-11-12T07:56:49.753+0000] {logging_mixin.py:137} INFO - [2024-11-12T07:56:49.753+0000] {dag.py:3441} INFO - Setting next_dagrun for example_dag_decorator to None, run_after=None
[2024-11-12T07:56:49.779+0000] {processor.py:175} INFO - Processing /home/airflow/.local/lib/python3.7/site-packages/airflow/example_dags/example_dag_decorator.py took 0.190 seconds
[2024-11-12T07:57:19.859+0000] {processor.py:153} INFO - Started process (PID=457) to work on /home/airflow/.local/lib/python3.7/site-packages/airflow/example_dags/example_dag_decorator.py
[2024-11-12T07:57:19.860+0000] {processor.py:743} INFO - Processing file /home/airflow/.local/lib/python3.7/site-packages/airflow/example_dags/example_dag_decorator.py for tasks to queue
[2024-11-12T07:57:19.861+0000] {logging_mixin.py:137} INFO - [2024-11-12T07:57:19.861+0000] {dagbag.py:538} INFO - Filling up the DagBag from /home/airflow/.local/lib/python3.7/site-packages/airflow/example_dags/example_dag_decorator.py
[2024-11-12T07:57:19.875+0000] {logging_mixin.py:137} INFO - [2024-11-12T07:57:19.875+0000] {taskmixin.py:205} WARNING - Dependency <Task(_PythonDecoratedOperator): prepare_email>, send_email already registered for DAG: example_dag_decorator
[2024-11-12T07:57:19.876+0000] {logging_mixin.py:137} INFO - [2024-11-12T07:57:19.875+0000] {taskmixin.py:205} WARNING - Dependency <Task(EmailOperator): send_email>, prepare_email already registered for DAG: example_dag_decorator
[2024-11-12T07:57:19.886+0000] {processor.py:753} INFO - DAG(s) dict_keys(['example_dag_decorator']) retrieved from /home/airflow/.local/lib/python3.7/site-packages/airflow/example_dags/example_dag_decorator.py
[2024-11-12T07:57:19.948+0000] {logging_mixin.py:137} INFO - [2024-11-12T07:57:19.948+0000] {dag.py:2690} INFO - Sync 1 DAGs
[2024-11-12T07:57:19.967+0000] {logging_mixin.py:137} INFO - [2024-11-12T07:57:19.967+0000] {dag.py:3441} INFO - Setting next_dagrun for example_dag_decorator to None, run_after=None
[2024-11-12T07:57:19.990+0000] {processor.py:175} INFO - Processing /home/airflow/.local/lib/python3.7/site-packages/airflow/example_dags/example_dag_decorator.py took 0.135 seconds
[2024-11-12T07:57:50.965+0000] {processor.py:153} INFO - Started process (PID=528) to work on /home/airflow/.local/lib/python3.7/site-packages/airflow/example_dags/example_dag_decorator.py
[2024-11-12T07:57:50.967+0000] {processor.py:743} INFO - Processing file /home/airflow/.local/lib/python3.7/site-packages/airflow/example_dags/example_dag_decorator.py for tasks to queue
[2024-11-12T07:57:50.967+0000] {logging_mixin.py:137} INFO - [2024-11-12T07:57:50.967+0000] {dagbag.py:538} INFO - Filling up the DagBag from /home/airflow/.local/lib/python3.7/site-packages/airflow/example_dags/example_dag_decorator.py
[2024-11-12T07:57:50.988+0000] {logging_mixin.py:137} INFO - [2024-11-12T07:57:50.988+0000] {taskmixin.py:205} WARNING - Dependency <Task(_PythonDecoratedOperator): prepare_email>, send_email already registered for DAG: example_dag_decorator
[2024-11-12T07:57:50.989+0000] {logging_mixin.py:137} INFO - [2024-11-12T07:57:50.988+0000] {taskmixin.py:205} WARNING - Dependency <Task(EmailOperator): send_email>, prepare_email already registered for DAG: example_dag_decorator
[2024-11-12T07:57:51.016+0000] {processor.py:753} INFO - DAG(s) dict_keys(['example_dag_decorator']) retrieved from /home/airflow/.local/lib/python3.7/site-packages/airflow/example_dags/example_dag_decorator.py
[2024-11-12T07:57:51.113+0000] {logging_mixin.py:137} INFO - [2024-11-12T07:57:51.113+0000] {dag.py:2690} INFO - Sync 1 DAGs
[2024-11-12T07:57:51.135+0000] {logging_mixin.py:137} INFO - [2024-11-12T07:57:51.135+0000] {dag.py:3441} INFO - Setting next_dagrun for example_dag_decorator to None, run_after=None
[2024-11-12T07:57:51.161+0000] {processor.py:175} INFO - Processing /home/airflow/.local/lib/python3.7/site-packages/airflow/example_dags/example_dag_decorator.py took 0.200 seconds
[2024-11-12T07:58:21.595+0000] {processor.py:153} INFO - Started process (PID=615) to work on /home/airflow/.local/lib/python3.7/site-packages/airflow/example_dags/example_dag_decorator.py
[2024-11-12T07:58:21.596+0000] {processor.py:743} INFO - Processing file /home/airflow/.local/lib/python3.7/site-packages/airflow/example_dags/example_dag_decorator.py for tasks to queue
[2024-11-12T07:58:21.596+0000] {logging_mixin.py:137} INFO - [2024-11-12T07:58:21.596+0000] {dagbag.py:538} INFO - Filling up the DagBag from /home/airflow/.local/lib/python3.7/site-packages/airflow/example_dags/example_dag_decorator.py
[2024-11-12T07:58:21.611+0000] {logging_mixin.py:137} INFO - [2024-11-12T07:58:21.611+0000] {taskmixin.py:205} WARNING - Dependency <Task(_PythonDecoratedOperator): prepare_email>, send_email already registered for DAG: example_dag_decorator
[2024-11-12T07:58:21.611+0000] {logging_mixin.py:137} INFO - [2024-11-12T07:58:21.611+0000] {taskmixin.py:205} WARNING - Dependency <Task(EmailOperator): send_email>, prepare_email already registered for DAG: example_dag_decorator
[2024-11-12T07:58:21.622+0000] {processor.py:753} INFO - DAG(s) dict_keys(['example_dag_decorator']) retrieved from /home/airflow/.local/lib/python3.7/site-packages/airflow/example_dags/example_dag_decorator.py
[2024-11-12T07:58:21.683+0000] {logging_mixin.py:137} INFO - [2024-11-12T07:58:21.682+0000] {dag.py:2690} INFO - Sync 1 DAGs
[2024-11-12T07:58:21.707+0000] {logging_mixin.py:137} INFO - [2024-11-12T07:58:21.707+0000] {dag.py:3441} INFO - Setting next_dagrun for example_dag_decorator to None, run_after=None
[2024-11-12T07:58:21.730+0000] {processor.py:175} INFO - Processing /home/airflow/.local/lib/python3.7/site-packages/airflow/example_dags/example_dag_decorator.py took 0.138 seconds
[2024-11-12T07:58:52.309+0000] {processor.py:153} INFO - Started process (PID=686) to work on /home/airflow/.local/lib/python3.7/site-packages/airflow/example_dags/example_dag_decorator.py
[2024-11-12T07:58:52.310+0000] {processor.py:743} INFO - Processing file /home/airflow/.local/lib/python3.7/site-packages/airflow/example_dags/example_dag_decorator.py for tasks to queue
[2024-11-12T07:58:52.312+0000] {logging_mixin.py:137} INFO - [2024-11-12T07:58:52.312+0000] {dagbag.py:538} INFO - Filling up the DagBag from /home/airflow/.local/lib/python3.7/site-packages/airflow/example_dags/example_dag_decorator.py
[2024-11-12T07:58:52.332+0000] {logging_mixin.py:137} INFO - [2024-11-12T07:58:52.332+0000] {taskmixin.py:205} WARNING - Dependency <Task(_PythonDecoratedOperator): prepare_email>, send_email already registered for DAG: example_dag_decorator
[2024-11-12T07:58:52.332+0000] {logging_mixin.py:137} INFO - [2024-11-12T07:58:52.332+0000] {taskmixin.py:205} WARNING - Dependency <Task(EmailOperator): send_email>, prepare_email already registered for DAG: example_dag_decorator
[2024-11-12T07:58:52.346+0000] {processor.py:753} INFO - DAG(s) dict_keys(['example_dag_decorator']) retrieved from /home/airflow/.local/lib/python3.7/site-packages/airflow/example_dags/example_dag_decorator.py
[2024-11-12T07:58:52.428+0000] {logging_mixin.py:137} INFO - [2024-11-12T07:58:52.428+0000] {dag.py:2690} INFO - Sync 1 DAGs
[2024-11-12T07:58:52.453+0000] {logging_mixin.py:137} INFO - [2024-11-12T07:58:52.452+0000] {dag.py:3441} INFO - Setting next_dagrun for example_dag_decorator to None, run_after=None
[2024-11-12T07:58:52.481+0000] {processor.py:175} INFO - Processing /home/airflow/.local/lib/python3.7/site-packages/airflow/example_dags/example_dag_decorator.py took 0.176 seconds
[2024-11-12T07:59:22.602+0000] {processor.py:153} INFO - Started process (PID=775) to work on /home/airflow/.local/lib/python3.7/site-packages/airflow/example_dags/example_dag_decorator.py
[2024-11-12T07:59:22.604+0000] {processor.py:743} INFO - Processing file /home/airflow/.local/lib/python3.7/site-packages/airflow/example_dags/example_dag_decorator.py for tasks to queue
[2024-11-12T07:59:22.604+0000] {logging_mixin.py:137} INFO - [2024-11-12T07:59:22.604+0000] {dagbag.py:538} INFO - Filling up the DagBag from /home/airflow/.local/lib/python3.7/site-packages/airflow/example_dags/example_dag_decorator.py
[2024-11-12T07:59:22.627+0000] {logging_mixin.py:137} INFO - [2024-11-12T07:59:22.627+0000] {taskmixin.py:205} WARNING - Dependency <Task(_PythonDecoratedOperator): prepare_email>, send_email already registered for DAG: example_dag_decorator
[2024-11-12T07:59:22.628+0000] {logging_mixin.py:137} INFO - [2024-11-12T07:59:22.628+0000] {taskmixin.py:205} WARNING - Dependency <Task(EmailOperator): send_email>, prepare_email already registered for DAG: example_dag_decorator
[2024-11-12T07:59:22.641+0000] {processor.py:753} INFO - DAG(s) dict_keys(['example_dag_decorator']) retrieved from /home/airflow/.local/lib/python3.7/site-packages/airflow/example_dags/example_dag_decorator.py
[2024-11-12T07:59:22.719+0000] {logging_mixin.py:137} INFO - [2024-11-12T07:59:22.719+0000] {dag.py:2690} INFO - Sync 1 DAGs
[2024-11-12T07:59:22.745+0000] {logging_mixin.py:137} INFO - [2024-11-12T07:59:22.745+0000] {dag.py:3441} INFO - Setting next_dagrun for example_dag_decorator to None, run_after=None
[2024-11-12T07:59:22.784+0000] {processor.py:175} INFO - Processing /home/airflow/.local/lib/python3.7/site-packages/airflow/example_dags/example_dag_decorator.py took 0.185 seconds
[2024-11-12T07:59:52.807+0000] {processor.py:153} INFO - Started process (PID=846) to work on /home/airflow/.local/lib/python3.7/site-packages/airflow/example_dags/example_dag_decorator.py
[2024-11-12T07:59:52.808+0000] {processor.py:743} INFO - Processing file /home/airflow/.local/lib/python3.7/site-packages/airflow/example_dags/example_dag_decorator.py for tasks to queue
[2024-11-12T07:59:52.809+0000] {logging_mixin.py:137} INFO - [2024-11-12T07:59:52.808+0000] {dagbag.py:538} INFO - Filling up the DagBag from /home/airflow/.local/lib/python3.7/site-packages/airflow/example_dags/example_dag_decorator.py
[2024-11-12T07:59:52.828+0000] {logging_mixin.py:137} INFO - [2024-11-12T07:59:52.828+0000] {taskmixin.py:205} WARNING - Dependency <Task(_PythonDecoratedOperator): prepare_email>, send_email already registered for DAG: example_dag_decorator
[2024-11-12T07:59:52.828+0000] {logging_mixin.py:137} INFO - [2024-11-12T07:59:52.828+0000] {taskmixin.py:205} WARNING - Dependency <Task(EmailOperator): send_email>, prepare_email already registered for DAG: example_dag_decorator
[2024-11-12T07:59:52.840+0000] {processor.py:753} INFO - DAG(s) dict_keys(['example_dag_decorator']) retrieved from /home/airflow/.local/lib/python3.7/site-packages/airflow/example_dags/example_dag_decorator.py
[2024-11-12T07:59:52.931+0000] {logging_mixin.py:137} INFO - [2024-11-12T07:59:52.930+0000] {dag.py:2690} INFO - Sync 1 DAGs
[2024-11-12T07:59:52.962+0000] {logging_mixin.py:137} INFO - [2024-11-12T07:59:52.962+0000] {dag.py:3441} INFO - Setting next_dagrun for example_dag_decorator to None, run_after=None
[2024-11-12T07:59:52.994+0000] {processor.py:175} INFO - Processing /home/airflow/.local/lib/python3.7/site-packages/airflow/example_dags/example_dag_decorator.py took 0.191 seconds
[2024-11-12T08:00:23.042+0000] {processor.py:153} INFO - Started process (PID=933) to work on /home/airflow/.local/lib/python3.7/site-packages/airflow/example_dags/example_dag_decorator.py
[2024-11-12T08:00:23.043+0000] {processor.py:743} INFO - Processing file /home/airflow/.local/lib/python3.7/site-packages/airflow/example_dags/example_dag_decorator.py for tasks to queue
[2024-11-12T08:00:23.044+0000] {logging_mixin.py:137} INFO - [2024-11-12T08:00:23.044+0000] {dagbag.py:538} INFO - Filling up the DagBag from /home/airflow/.local/lib/python3.7/site-packages/airflow/example_dags/example_dag_decorator.py
[2024-11-12T08:00:23.061+0000] {logging_mixin.py:137} INFO - [2024-11-12T08:00:23.060+0000] {taskmixin.py:205} WARNING - Dependency <Task(_PythonDecoratedOperator): prepare_email>, send_email already registered for DAG: example_dag_decorator
[2024-11-12T08:00:23.061+0000] {logging_mixin.py:137} INFO - [2024-11-12T08:00:23.061+0000] {taskmixin.py:205} WARNING - Dependency <Task(EmailOperator): send_email>, prepare_email already registered for DAG: example_dag_decorator
[2024-11-12T08:00:23.072+0000] {processor.py:753} INFO - DAG(s) dict_keys(['example_dag_decorator']) retrieved from /home/airflow/.local/lib/python3.7/site-packages/airflow/example_dags/example_dag_decorator.py
[2024-11-12T08:00:23.135+0000] {logging_mixin.py:137} INFO - [2024-11-12T08:00:23.135+0000] {dag.py:2690} INFO - Sync 1 DAGs
[2024-11-12T08:00:23.157+0000] {logging_mixin.py:137} INFO - [2024-11-12T08:00:23.157+0000] {dag.py:3441} INFO - Setting next_dagrun for example_dag_decorator to None, run_after=None
[2024-11-12T08:00:23.181+0000] {processor.py:175} INFO - Processing /home/airflow/.local/lib/python3.7/site-packages/airflow/example_dags/example_dag_decorator.py took 0.143 seconds
[2024-11-12T08:00:53.887+0000] {processor.py:153} INFO - Started process (PID=1004) to work on /home/airflow/.local/lib/python3.7/site-packages/airflow/example_dags/example_dag_decorator.py
[2024-11-12T08:00:53.889+0000] {processor.py:743} INFO - Processing file /home/airflow/.local/lib/python3.7/site-packages/airflow/example_dags/example_dag_decorator.py for tasks to queue
[2024-11-12T08:00:53.889+0000] {logging_mixin.py:137} INFO - [2024-11-12T08:00:53.889+0000] {dagbag.py:538} INFO - Filling up the DagBag from /home/airflow/.local/lib/python3.7/site-packages/airflow/example_dags/example_dag_decorator.py
[2024-11-12T08:00:53.906+0000] {logging_mixin.py:137} INFO - [2024-11-12T08:00:53.906+0000] {taskmixin.py:205} WARNING - Dependency <Task(_PythonDecoratedOperator): prepare_email>, send_email already registered for DAG: example_dag_decorator
[2024-11-12T08:00:53.906+0000] {logging_mixin.py:137} INFO - [2024-11-12T08:00:53.906+0000] {taskmixin.py:205} WARNING - Dependency <Task(EmailOperator): send_email>, prepare_email already registered for DAG: example_dag_decorator
[2024-11-12T08:00:53.918+0000] {processor.py:753} INFO - DAG(s) dict_keys(['example_dag_decorator']) retrieved from /home/airflow/.local/lib/python3.7/site-packages/airflow/example_dags/example_dag_decorator.py
[2024-11-12T08:00:53.980+0000] {logging_mixin.py:137} INFO - [2024-11-12T08:00:53.980+0000] {dag.py:2690} INFO - Sync 1 DAGs
[2024-11-12T08:00:54.001+0000] {logging_mixin.py:137} INFO - [2024-11-12T08:00:54.001+0000] {dag.py:3441} INFO - Setting next_dagrun for example_dag_decorator to None, run_after=None
[2024-11-12T08:00:54.025+0000] {processor.py:175} INFO - Processing /home/airflow/.local/lib/python3.7/site-packages/airflow/example_dags/example_dag_decorator.py took 0.140 seconds
[2024-11-12T08:01:24.865+0000] {processor.py:153} INFO - Started process (PID=1091) to work on /home/airflow/.local/lib/python3.7/site-packages/airflow/example_dags/example_dag_decorator.py
[2024-11-12T08:01:24.867+0000] {processor.py:743} INFO - Processing file /home/airflow/.local/lib/python3.7/site-packages/airflow/example_dags/example_dag_decorator.py for tasks to queue
[2024-11-12T08:01:24.867+0000] {logging_mixin.py:137} INFO - [2024-11-12T08:01:24.867+0000] {dagbag.py:538} INFO - Filling up the DagBag from /home/airflow/.local/lib/python3.7/site-packages/airflow/example_dags/example_dag_decorator.py
[2024-11-12T08:01:24.887+0000] {logging_mixin.py:137} INFO - [2024-11-12T08:01:24.887+0000] {taskmixin.py:205} WARNING - Dependency <Task(_PythonDecoratedOperator): prepare_email>, send_email already registered for DAG: example_dag_decorator
[2024-11-12T08:01:24.887+0000] {logging_mixin.py:137} INFO - [2024-11-12T08:01:24.887+0000] {taskmixin.py:205} WARNING - Dependency <Task(EmailOperator): send_email>, prepare_email already registered for DAG: example_dag_decorator
[2024-11-12T08:01:24.899+0000] {processor.py:753} INFO - DAG(s) dict_keys(['example_dag_decorator']) retrieved from /home/airflow/.local/lib/python3.7/site-packages/airflow/example_dags/example_dag_decorator.py
[2024-11-12T08:01:24.973+0000] {logging_mixin.py:137} INFO - [2024-11-12T08:01:24.973+0000] {dag.py:2690} INFO - Sync 1 DAGs
[2024-11-12T08:01:24.998+0000] {logging_mixin.py:137} INFO - [2024-11-12T08:01:24.998+0000] {dag.py:3441} INFO - Setting next_dagrun for example_dag_decorator to None, run_after=None
[2024-11-12T08:01:25.026+0000] {processor.py:175} INFO - Processing /home/airflow/.local/lib/python3.7/site-packages/airflow/example_dags/example_dag_decorator.py took 0.164 seconds
[2024-11-12T08:02:37.951+0000] {processor.py:153} INFO - Started process (PID=52) to work on /home/airflow/.local/lib/python3.7/site-packages/airflow/example_dags/example_dag_decorator.py
[2024-11-12T08:02:37.953+0000] {processor.py:743} INFO - Processing file /home/airflow/.local/lib/python3.7/site-packages/airflow/example_dags/example_dag_decorator.py for tasks to queue
[2024-11-12T08:02:37.954+0000] {logging_mixin.py:137} INFO - [2024-11-12T08:02:37.954+0000] {dagbag.py:538} INFO - Filling up the DagBag from /home/airflow/.local/lib/python3.7/site-packages/airflow/example_dags/example_dag_decorator.py
[2024-11-12T08:02:37.990+0000] {logging_mixin.py:137} INFO - [2024-11-12T08:02:37.989+0000] {taskmixin.py:205} WARNING - Dependency <Task(_PythonDecoratedOperator): prepare_email>, send_email already registered for DAG: example_dag_decorator
[2024-11-12T08:02:37.990+0000] {logging_mixin.py:137} INFO - [2024-11-12T08:02:37.990+0000] {taskmixin.py:205} WARNING - Dependency <Task(EmailOperator): send_email>, prepare_email already registered for DAG: example_dag_decorator
[2024-11-12T08:02:38.007+0000] {processor.py:753} INFO - DAG(s) dict_keys(['example_dag_decorator']) retrieved from /home/airflow/.local/lib/python3.7/site-packages/airflow/example_dags/example_dag_decorator.py
[2024-11-12T08:02:38.024+0000] {logging_mixin.py:137} INFO - [2024-11-12T08:02:38.024+0000] {dag.py:2690} INFO - Sync 1 DAGs
[2024-11-12T08:02:38.053+0000] {logging_mixin.py:137} INFO - [2024-11-12T08:02:38.053+0000] {dag.py:3441} INFO - Setting next_dagrun for example_dag_decorator to None, run_after=None
[2024-11-12T08:02:38.078+0000] {processor.py:175} INFO - Processing /home/airflow/.local/lib/python3.7/site-packages/airflow/example_dags/example_dag_decorator.py took 0.132 seconds
[2024-11-12T08:03:08.930+0000] {processor.py:153} INFO - Started process (PID=139) to work on /home/airflow/.local/lib/python3.7/site-packages/airflow/example_dags/example_dag_decorator.py
[2024-11-12T08:03:08.932+0000] {processor.py:743} INFO - Processing file /home/airflow/.local/lib/python3.7/site-packages/airflow/example_dags/example_dag_decorator.py for tasks to queue
[2024-11-12T08:03:08.934+0000] {logging_mixin.py:137} INFO - [2024-11-12T08:03:08.934+0000] {dagbag.py:538} INFO - Filling up the DagBag from /home/airflow/.local/lib/python3.7/site-packages/airflow/example_dags/example_dag_decorator.py
[2024-11-12T08:03:08.961+0000] {logging_mixin.py:137} INFO - [2024-11-12T08:03:08.960+0000] {taskmixin.py:205} WARNING - Dependency <Task(_PythonDecoratedOperator): prepare_email>, send_email already registered for DAG: example_dag_decorator
[2024-11-12T08:03:08.961+0000] {logging_mixin.py:137} INFO - [2024-11-12T08:03:08.961+0000] {taskmixin.py:205} WARNING - Dependency <Task(EmailOperator): send_email>, prepare_email already registered for DAG: example_dag_decorator
[2024-11-12T08:03:08.980+0000] {processor.py:753} INFO - DAG(s) dict_keys(['example_dag_decorator']) retrieved from /home/airflow/.local/lib/python3.7/site-packages/airflow/example_dags/example_dag_decorator.py
[2024-11-12T08:03:09.071+0000] {logging_mixin.py:137} INFO - [2024-11-12T08:03:09.070+0000] {dag.py:2690} INFO - Sync 1 DAGs
[2024-11-12T08:03:09.111+0000] {logging_mixin.py:137} INFO - [2024-11-12T08:03:09.111+0000] {dag.py:3441} INFO - Setting next_dagrun for example_dag_decorator to None, run_after=None
[2024-11-12T08:03:09.138+0000] {processor.py:175} INFO - Processing /home/airflow/.local/lib/python3.7/site-packages/airflow/example_dags/example_dag_decorator.py took 0.214 seconds
[2024-11-12T08:03:39.618+0000] {processor.py:153} INFO - Started process (PID=210) to work on /home/airflow/.local/lib/python3.7/site-packages/airflow/example_dags/example_dag_decorator.py
[2024-11-12T08:03:39.620+0000] {processor.py:743} INFO - Processing file /home/airflow/.local/lib/python3.7/site-packages/airflow/example_dags/example_dag_decorator.py for tasks to queue
[2024-11-12T08:03:39.620+0000] {logging_mixin.py:137} INFO - [2024-11-12T08:03:39.620+0000] {dagbag.py:538} INFO - Filling up the DagBag from /home/airflow/.local/lib/python3.7/site-packages/airflow/example_dags/example_dag_decorator.py
[2024-11-12T08:03:39.638+0000] {logging_mixin.py:137} INFO - [2024-11-12T08:03:39.637+0000] {taskmixin.py:205} WARNING - Dependency <Task(_PythonDecoratedOperator): prepare_email>, send_email already registered for DAG: example_dag_decorator
[2024-11-12T08:03:39.638+0000] {logging_mixin.py:137} INFO - [2024-11-12T08:03:39.638+0000] {taskmixin.py:205} WARNING - Dependency <Task(EmailOperator): send_email>, prepare_email already registered for DAG: example_dag_decorator
[2024-11-12T08:03:39.649+0000] {processor.py:753} INFO - DAG(s) dict_keys(['example_dag_decorator']) retrieved from /home/airflow/.local/lib/python3.7/site-packages/airflow/example_dags/example_dag_decorator.py
[2024-11-12T08:03:39.723+0000] {logging_mixin.py:137} INFO - [2024-11-12T08:03:39.723+0000] {dag.py:2690} INFO - Sync 1 DAGs
[2024-11-12T08:03:39.748+0000] {logging_mixin.py:137} INFO - [2024-11-12T08:03:39.748+0000] {dag.py:3441} INFO - Setting next_dagrun for example_dag_decorator to None, run_after=None
[2024-11-12T08:03:39.774+0000] {processor.py:175} INFO - Processing /home/airflow/.local/lib/python3.7/site-packages/airflow/example_dags/example_dag_decorator.py took 0.159 seconds
[2024-11-12T08:04:10.200+0000] {processor.py:153} INFO - Started process (PID=297) to work on /home/airflow/.local/lib/python3.7/site-packages/airflow/example_dags/example_dag_decorator.py
[2024-11-12T08:04:10.201+0000] {processor.py:743} INFO - Processing file /home/airflow/.local/lib/python3.7/site-packages/airflow/example_dags/example_dag_decorator.py for tasks to queue
[2024-11-12T08:04:10.202+0000] {logging_mixin.py:137} INFO - [2024-11-12T08:04:10.202+0000] {dagbag.py:538} INFO - Filling up the DagBag from /home/airflow/.local/lib/python3.7/site-packages/airflow/example_dags/example_dag_decorator.py
[2024-11-12T08:04:10.226+0000] {logging_mixin.py:137} INFO - [2024-11-12T08:04:10.225+0000] {taskmixin.py:205} WARNING - Dependency <Task(_PythonDecoratedOperator): prepare_email>, send_email already registered for DAG: example_dag_decorator
[2024-11-12T08:04:10.226+0000] {logging_mixin.py:137} INFO - [2024-11-12T08:04:10.226+0000] {taskmixin.py:205} WARNING - Dependency <Task(EmailOperator): send_email>, prepare_email already registered for DAG: example_dag_decorator
[2024-11-12T08:04:10.242+0000] {processor.py:753} INFO - DAG(s) dict_keys(['example_dag_decorator']) retrieved from /home/airflow/.local/lib/python3.7/site-packages/airflow/example_dags/example_dag_decorator.py
[2024-11-12T08:04:10.324+0000] {logging_mixin.py:137} INFO - [2024-11-12T08:04:10.324+0000] {dag.py:2690} INFO - Sync 1 DAGs
[2024-11-12T08:04:10.352+0000] {logging_mixin.py:137} INFO - [2024-11-12T08:04:10.352+0000] {dag.py:3441} INFO - Setting next_dagrun for example_dag_decorator to None, run_after=None
[2024-11-12T08:04:10.386+0000] {processor.py:175} INFO - Processing /home/airflow/.local/lib/python3.7/site-packages/airflow/example_dags/example_dag_decorator.py took 0.191 seconds
[2024-11-12T08:04:41.138+0000] {processor.py:153} INFO - Started process (PID=368) to work on /home/airflow/.local/lib/python3.7/site-packages/airflow/example_dags/example_dag_decorator.py
[2024-11-12T08:04:41.140+0000] {processor.py:743} INFO - Processing file /home/airflow/.local/lib/python3.7/site-packages/airflow/example_dags/example_dag_decorator.py for tasks to queue
[2024-11-12T08:04:41.141+0000] {logging_mixin.py:137} INFO - [2024-11-12T08:04:41.141+0000] {dagbag.py:538} INFO - Filling up the DagBag from /home/airflow/.local/lib/python3.7/site-packages/airflow/example_dags/example_dag_decorator.py
[2024-11-12T08:04:41.165+0000] {logging_mixin.py:137} INFO - [2024-11-12T08:04:41.165+0000] {taskmixin.py:205} WARNING - Dependency <Task(_PythonDecoratedOperator): prepare_email>, send_email already registered for DAG: example_dag_decorator
[2024-11-12T08:04:41.165+0000] {logging_mixin.py:137} INFO - [2024-11-12T08:04:41.165+0000] {taskmixin.py:205} WARNING - Dependency <Task(EmailOperator): send_email>, prepare_email already registered for DAG: example_dag_decorator
[2024-11-12T08:04:41.177+0000] {processor.py:753} INFO - DAG(s) dict_keys(['example_dag_decorator']) retrieved from /home/airflow/.local/lib/python3.7/site-packages/airflow/example_dags/example_dag_decorator.py
[2024-11-12T08:04:41.252+0000] {logging_mixin.py:137} INFO - [2024-11-12T08:04:41.252+0000] {dag.py:2690} INFO - Sync 1 DAGs
[2024-11-12T08:04:41.277+0000] {logging_mixin.py:137} INFO - [2024-11-12T08:04:41.277+0000] {dag.py:3441} INFO - Setting next_dagrun for example_dag_decorator to None, run_after=None
[2024-11-12T08:04:41.303+0000] {processor.py:175} INFO - Processing /home/airflow/.local/lib/python3.7/site-packages/airflow/example_dags/example_dag_decorator.py took 0.169 seconds
[2024-11-12T08:05:11.394+0000] {processor.py:153} INFO - Started process (PID=455) to work on /home/airflow/.local/lib/python3.7/site-packages/airflow/example_dags/example_dag_decorator.py
[2024-11-12T08:05:11.396+0000] {processor.py:743} INFO - Processing file /home/airflow/.local/lib/python3.7/site-packages/airflow/example_dags/example_dag_decorator.py for tasks to queue
[2024-11-12T08:05:11.396+0000] {logging_mixin.py:137} INFO - [2024-11-12T08:05:11.396+0000] {dagbag.py:538} INFO - Filling up the DagBag from /home/airflow/.local/lib/python3.7/site-packages/airflow/example_dags/example_dag_decorator.py
[2024-11-12T08:05:11.421+0000] {logging_mixin.py:137} INFO - [2024-11-12T08:05:11.421+0000] {taskmixin.py:205} WARNING - Dependency <Task(_PythonDecoratedOperator): prepare_email>, send_email already registered for DAG: example_dag_decorator
[2024-11-12T08:05:11.421+0000] {logging_mixin.py:137} INFO - [2024-11-12T08:05:11.421+0000] {taskmixin.py:205} WARNING - Dependency <Task(EmailOperator): send_email>, prepare_email already registered for DAG: example_dag_decorator
[2024-11-12T08:05:11.438+0000] {processor.py:753} INFO - DAG(s) dict_keys(['example_dag_decorator']) retrieved from /home/airflow/.local/lib/python3.7/site-packages/airflow/example_dags/example_dag_decorator.py
[2024-11-12T08:05:11.519+0000] {logging_mixin.py:137} INFO - [2024-11-12T08:05:11.519+0000] {dag.py:2690} INFO - Sync 1 DAGs
[2024-11-12T08:05:11.542+0000] {logging_mixin.py:137} INFO - [2024-11-12T08:05:11.542+0000] {dag.py:3441} INFO - Setting next_dagrun for example_dag_decorator to None, run_after=None
[2024-11-12T08:05:11.572+0000] {processor.py:175} INFO - Processing /home/airflow/.local/lib/python3.7/site-packages/airflow/example_dags/example_dag_decorator.py took 0.182 seconds
[2024-11-12T08:05:42.300+0000] {processor.py:153} INFO - Started process (PID=526) to work on /home/airflow/.local/lib/python3.7/site-packages/airflow/example_dags/example_dag_decorator.py
[2024-11-12T08:05:42.301+0000] {processor.py:743} INFO - Processing file /home/airflow/.local/lib/python3.7/site-packages/airflow/example_dags/example_dag_decorator.py for tasks to queue
[2024-11-12T08:05:42.302+0000] {logging_mixin.py:137} INFO - [2024-11-12T08:05:42.302+0000] {dagbag.py:538} INFO - Filling up the DagBag from /home/airflow/.local/lib/python3.7/site-packages/airflow/example_dags/example_dag_decorator.py
[2024-11-12T08:05:42.316+0000] {logging_mixin.py:137} INFO - [2024-11-12T08:05:42.316+0000] {taskmixin.py:205} WARNING - Dependency <Task(_PythonDecoratedOperator): prepare_email>, send_email already registered for DAG: example_dag_decorator
[2024-11-12T08:05:42.316+0000] {logging_mixin.py:137} INFO - [2024-11-12T08:05:42.316+0000] {taskmixin.py:205} WARNING - Dependency <Task(EmailOperator): send_email>, prepare_email already registered for DAG: example_dag_decorator
[2024-11-12T08:05:42.327+0000] {processor.py:753} INFO - DAG(s) dict_keys(['example_dag_decorator']) retrieved from /home/airflow/.local/lib/python3.7/site-packages/airflow/example_dags/example_dag_decorator.py
[2024-11-12T08:05:42.387+0000] {logging_mixin.py:137} INFO - [2024-11-12T08:05:42.387+0000] {dag.py:2690} INFO - Sync 1 DAGs
[2024-11-12T08:05:42.409+0000] {logging_mixin.py:137} INFO - [2024-11-12T08:05:42.409+0000] {dag.py:3441} INFO - Setting next_dagrun for example_dag_decorator to None, run_after=None
[2024-11-12T08:05:42.431+0000] {processor.py:175} INFO - Processing /home/airflow/.local/lib/python3.7/site-packages/airflow/example_dags/example_dag_decorator.py took 0.134 seconds
[2024-11-12T08:06:13.517+0000] {processor.py:153} INFO - Started process (PID=613) to work on /home/airflow/.local/lib/python3.7/site-packages/airflow/example_dags/example_dag_decorator.py
[2024-11-12T08:06:13.519+0000] {processor.py:743} INFO - Processing file /home/airflow/.local/lib/python3.7/site-packages/airflow/example_dags/example_dag_decorator.py for tasks to queue
[2024-11-12T08:06:13.520+0000] {logging_mixin.py:137} INFO - [2024-11-12T08:06:13.520+0000] {dagbag.py:538} INFO - Filling up the DagBag from /home/airflow/.local/lib/python3.7/site-packages/airflow/example_dags/example_dag_decorator.py
[2024-11-12T08:06:13.550+0000] {logging_mixin.py:137} INFO - [2024-11-12T08:06:13.549+0000] {taskmixin.py:205} WARNING - Dependency <Task(_PythonDecoratedOperator): prepare_email>, send_email already registered for DAG: example_dag_decorator
[2024-11-12T08:06:13.550+0000] {logging_mixin.py:137} INFO - [2024-11-12T08:06:13.550+0000] {taskmixin.py:205} WARNING - Dependency <Task(EmailOperator): send_email>, prepare_email already registered for DAG: example_dag_decorator
[2024-11-12T08:06:13.569+0000] {processor.py:753} INFO - DAG(s) dict_keys(['example_dag_decorator']) retrieved from /home/airflow/.local/lib/python3.7/site-packages/airflow/example_dags/example_dag_decorator.py
[2024-11-12T08:06:13.668+0000] {logging_mixin.py:137} INFO - [2024-11-12T08:06:13.668+0000] {dag.py:2690} INFO - Sync 1 DAGs
[2024-11-12T08:06:13.704+0000] {logging_mixin.py:137} INFO - [2024-11-12T08:06:13.704+0000] {dag.py:3441} INFO - Setting next_dagrun for example_dag_decorator to None, run_after=None
[2024-11-12T08:06:13.768+0000] {processor.py:175} INFO - Processing /home/airflow/.local/lib/python3.7/site-packages/airflow/example_dags/example_dag_decorator.py took 0.261 seconds
