[2024-11-12T07:54:45.724+0000] {processor.py:153} INFO - Started process (PID=55) to work on /home/airflow/.local/lib/python3.7/site-packages/airflow/example_dags/example_task_group_decorator.py
[2024-11-12T07:54:45.726+0000] {processor.py:743} INFO - Processing file /home/airflow/.local/lib/python3.7/site-packages/airflow/example_dags/example_task_group_decorator.py for tasks to queue
[2024-11-12T07:54:45.727+0000] {logging_mixin.py:137} INFO - [2024-11-12T07:54:45.727+0000] {dagbag.py:538} INFO - Filling up the DagBag from /home/airflow/.local/lib/python3.7/site-packages/airflow/example_dags/example_task_group_decorator.py
[2024-11-12T07:54:45.836+0000] {processor.py:753} INFO - DAG(s) dict_keys(['example_task_group_decorator']) retrieved from /home/airflow/.local/lib/python3.7/site-packages/airflow/example_dags/example_task_group_decorator.py
[2024-11-12T07:54:45.883+0000] {logging_mixin.py:137} INFO - [2024-11-12T07:54:45.882+0000] {dag.py:2690} INFO - Sync 1 DAGs
[2024-11-12T07:54:45.940+0000] {logging_mixin.py:137} INFO - [2024-11-12T07:54:45.940+0000] {dag.py:3441} INFO - Setting next_dagrun for example_task_group_decorator to 2024-11-11T07:54:45.940152+00:00, run_after=2024-11-12T07:54:45.940152+00:00
[2024-11-12T07:54:45.986+0000] {processor.py:175} INFO - Processing /home/airflow/.local/lib/python3.7/site-packages/airflow/example_dags/example_task_group_decorator.py took 0.267 seconds
[2024-11-12T07:55:16.856+0000] {processor.py:153} INFO - Started process (PID=126) to work on /home/airflow/.local/lib/python3.7/site-packages/airflow/example_dags/example_task_group_decorator.py
[2024-11-12T07:55:16.857+0000] {processor.py:743} INFO - Processing file /home/airflow/.local/lib/python3.7/site-packages/airflow/example_dags/example_task_group_decorator.py for tasks to queue
[2024-11-12T07:55:16.858+0000] {logging_mixin.py:137} INFO - [2024-11-12T07:55:16.858+0000] {dagbag.py:538} INFO - Filling up the DagBag from /home/airflow/.local/lib/python3.7/site-packages/airflow/example_dags/example_task_group_decorator.py
[2024-11-12T07:55:16.887+0000] {processor.py:753} INFO - DAG(s) dict_keys(['example_task_group_decorator']) retrieved from /home/airflow/.local/lib/python3.7/site-packages/airflow/example_dags/example_task_group_decorator.py
[2024-11-12T07:55:16.920+0000] {logging_mixin.py:137} INFO - [2024-11-12T07:55:16.920+0000] {dag.py:2690} INFO - Sync 1 DAGs
[2024-11-12T07:55:16.945+0000] {logging_mixin.py:137} INFO - [2024-11-12T07:55:16.945+0000] {dag.py:3441} INFO - Setting next_dagrun for example_task_group_decorator to 2024-11-11T07:55:16.944976+00:00, run_after=2024-11-12T07:55:16.944976+00:00
[2024-11-12T07:55:16.980+0000] {processor.py:175} INFO - Processing /home/airflow/.local/lib/python3.7/site-packages/airflow/example_dags/example_task_group_decorator.py took 0.127 seconds
[2024-11-12T07:55:47.538+0000] {processor.py:153} INFO - Started process (PID=197) to work on /home/airflow/.local/lib/python3.7/site-packages/airflow/example_dags/example_task_group_decorator.py
[2024-11-12T07:55:47.550+0000] {processor.py:743} INFO - Processing file /home/airflow/.local/lib/python3.7/site-packages/airflow/example_dags/example_task_group_decorator.py for tasks to queue
[2024-11-12T07:55:47.551+0000] {logging_mixin.py:137} INFO - [2024-11-12T07:55:47.550+0000] {dagbag.py:538} INFO - Filling up the DagBag from /home/airflow/.local/lib/python3.7/site-packages/airflow/example_dags/example_task_group_decorator.py
[2024-11-12T07:55:47.584+0000] {processor.py:753} INFO - DAG(s) dict_keys(['example_task_group_decorator']) retrieved from /home/airflow/.local/lib/python3.7/site-packages/airflow/example_dags/example_task_group_decorator.py
[2024-11-12T07:55:47.638+0000] {logging_mixin.py:137} INFO - [2024-11-12T07:55:47.638+0000] {dag.py:2690} INFO - Sync 1 DAGs
[2024-11-12T07:55:47.696+0000] {logging_mixin.py:137} INFO - [2024-11-12T07:55:47.696+0000] {dag.py:3441} INFO - Setting next_dagrun for example_task_group_decorator to 2024-11-11T07:55:47.695859+00:00, run_after=2024-11-12T07:55:47.695859+00:00
[2024-11-12T07:55:47.731+0000] {processor.py:175} INFO - Processing /home/airflow/.local/lib/python3.7/site-packages/airflow/example_dags/example_task_group_decorator.py took 0.197 seconds
[2024-11-12T07:56:18.208+0000] {processor.py:153} INFO - Started process (PID=284) to work on /home/airflow/.local/lib/python3.7/site-packages/airflow/example_dags/example_task_group_decorator.py
[2024-11-12T07:56:18.210+0000] {processor.py:743} INFO - Processing file /home/airflow/.local/lib/python3.7/site-packages/airflow/example_dags/example_task_group_decorator.py for tasks to queue
[2024-11-12T07:56:18.211+0000] {logging_mixin.py:137} INFO - [2024-11-12T07:56:18.210+0000] {dagbag.py:538} INFO - Filling up the DagBag from /home/airflow/.local/lib/python3.7/site-packages/airflow/example_dags/example_task_group_decorator.py
[2024-11-12T07:56:18.242+0000] {processor.py:753} INFO - DAG(s) dict_keys(['example_task_group_decorator']) retrieved from /home/airflow/.local/lib/python3.7/site-packages/airflow/example_dags/example_task_group_decorator.py
[2024-11-12T07:56:18.271+0000] {logging_mixin.py:137} INFO - [2024-11-12T07:56:18.271+0000] {dag.py:2690} INFO - Sync 1 DAGs
[2024-11-12T07:56:18.298+0000] {logging_mixin.py:137} INFO - [2024-11-12T07:56:18.298+0000] {dag.py:3441} INFO - Setting next_dagrun for example_task_group_decorator to 2024-11-11T07:56:18.298251+00:00, run_after=2024-11-12T07:56:18.298251+00:00
[2024-11-12T07:56:18.322+0000] {processor.py:175} INFO - Processing /home/airflow/.local/lib/python3.7/site-packages/airflow/example_dags/example_task_group_decorator.py took 0.118 seconds
[2024-11-12T07:56:48.437+0000] {processor.py:153} INFO - Started process (PID=355) to work on /home/airflow/.local/lib/python3.7/site-packages/airflow/example_dags/example_task_group_decorator.py
[2024-11-12T07:56:48.439+0000] {processor.py:743} INFO - Processing file /home/airflow/.local/lib/python3.7/site-packages/airflow/example_dags/example_task_group_decorator.py for tasks to queue
[2024-11-12T07:56:48.439+0000] {logging_mixin.py:137} INFO - [2024-11-12T07:56:48.439+0000] {dagbag.py:538} INFO - Filling up the DagBag from /home/airflow/.local/lib/python3.7/site-packages/airflow/example_dags/example_task_group_decorator.py
[2024-11-12T07:56:48.468+0000] {processor.py:753} INFO - DAG(s) dict_keys(['example_task_group_decorator']) retrieved from /home/airflow/.local/lib/python3.7/site-packages/airflow/example_dags/example_task_group_decorator.py
[2024-11-12T07:56:48.496+0000] {logging_mixin.py:137} INFO - [2024-11-12T07:56:48.496+0000] {dag.py:2690} INFO - Sync 1 DAGs
[2024-11-12T07:56:48.520+0000] {logging_mixin.py:137} INFO - [2024-11-12T07:56:48.520+0000] {dag.py:3441} INFO - Setting next_dagrun for example_task_group_decorator to 2024-11-11T07:56:48.520451+00:00, run_after=2024-11-12T07:56:48.520451+00:00
[2024-11-12T07:56:48.543+0000] {processor.py:175} INFO - Processing /home/airflow/.local/lib/python3.7/site-packages/airflow/example_dags/example_task_group_decorator.py took 0.109 seconds
[2024-11-12T07:57:18.951+0000] {processor.py:153} INFO - Started process (PID=442) to work on /home/airflow/.local/lib/python3.7/site-packages/airflow/example_dags/example_task_group_decorator.py
[2024-11-12T07:57:18.962+0000] {processor.py:743} INFO - Processing file /home/airflow/.local/lib/python3.7/site-packages/airflow/example_dags/example_task_group_decorator.py for tasks to queue
[2024-11-12T07:57:18.963+0000] {logging_mixin.py:137} INFO - [2024-11-12T07:57:18.963+0000] {dagbag.py:538} INFO - Filling up the DagBag from /home/airflow/.local/lib/python3.7/site-packages/airflow/example_dags/example_task_group_decorator.py
[2024-11-12T07:57:18.987+0000] {processor.py:753} INFO - DAG(s) dict_keys(['example_task_group_decorator']) retrieved from /home/airflow/.local/lib/python3.7/site-packages/airflow/example_dags/example_task_group_decorator.py
[2024-11-12T07:57:19.014+0000] {logging_mixin.py:137} INFO - [2024-11-12T07:57:19.013+0000] {dag.py:2690} INFO - Sync 1 DAGs
[2024-11-12T07:57:19.039+0000] {logging_mixin.py:137} INFO - [2024-11-12T07:57:19.039+0000] {dag.py:3441} INFO - Setting next_dagrun for example_task_group_decorator to 2024-11-11T07:57:19.039486+00:00, run_after=2024-11-12T07:57:19.039486+00:00
[2024-11-12T07:57:19.061+0000] {processor.py:175} INFO - Processing /home/airflow/.local/lib/python3.7/site-packages/airflow/example_dags/example_task_group_decorator.py took 0.113 seconds
[2024-11-12T07:57:50.051+0000] {processor.py:153} INFO - Started process (PID=513) to work on /home/airflow/.local/lib/python3.7/site-packages/airflow/example_dags/example_task_group_decorator.py
[2024-11-12T07:57:50.062+0000] {processor.py:743} INFO - Processing file /home/airflow/.local/lib/python3.7/site-packages/airflow/example_dags/example_task_group_decorator.py for tasks to queue
[2024-11-12T07:57:50.063+0000] {logging_mixin.py:137} INFO - [2024-11-12T07:57:50.063+0000] {dagbag.py:538} INFO - Filling up the DagBag from /home/airflow/.local/lib/python3.7/site-packages/airflow/example_dags/example_task_group_decorator.py
[2024-11-12T07:57:50.109+0000] {processor.py:753} INFO - DAG(s) dict_keys(['example_task_group_decorator']) retrieved from /home/airflow/.local/lib/python3.7/site-packages/airflow/example_dags/example_task_group_decorator.py
[2024-11-12T07:57:50.134+0000] {logging_mixin.py:137} INFO - [2024-11-12T07:57:50.134+0000] {dag.py:2690} INFO - Sync 1 DAGs
[2024-11-12T07:57:50.162+0000] {logging_mixin.py:137} INFO - [2024-11-12T07:57:50.162+0000] {dag.py:3441} INFO - Setting next_dagrun for example_task_group_decorator to 2024-11-11T07:57:50.162116+00:00, run_after=2024-11-12T07:57:50.162116+00:00
[2024-11-12T07:57:50.187+0000] {processor.py:175} INFO - Processing /home/airflow/.local/lib/python3.7/site-packages/airflow/example_dags/example_task_group_decorator.py took 0.140 seconds
[2024-11-12T07:58:20.515+0000] {processor.py:153} INFO - Started process (PID=600) to work on /home/airflow/.local/lib/python3.7/site-packages/airflow/example_dags/example_task_group_decorator.py
[2024-11-12T07:58:20.527+0000] {processor.py:743} INFO - Processing file /home/airflow/.local/lib/python3.7/site-packages/airflow/example_dags/example_task_group_decorator.py for tasks to queue
[2024-11-12T07:58:20.528+0000] {logging_mixin.py:137} INFO - [2024-11-12T07:58:20.528+0000] {dagbag.py:538} INFO - Filling up the DagBag from /home/airflow/.local/lib/python3.7/site-packages/airflow/example_dags/example_task_group_decorator.py
[2024-11-12T07:58:20.566+0000] {processor.py:753} INFO - DAG(s) dict_keys(['example_task_group_decorator']) retrieved from /home/airflow/.local/lib/python3.7/site-packages/airflow/example_dags/example_task_group_decorator.py
[2024-11-12T07:58:20.601+0000] {logging_mixin.py:137} INFO - [2024-11-12T07:58:20.601+0000] {dag.py:2690} INFO - Sync 1 DAGs
[2024-11-12T07:58:20.635+0000] {logging_mixin.py:137} INFO - [2024-11-12T07:58:20.634+0000] {dag.py:3441} INFO - Setting next_dagrun for example_task_group_decorator to 2024-11-11T07:58:20.634415+00:00, run_after=2024-11-12T07:58:20.634415+00:00
[2024-11-12T07:58:20.661+0000] {processor.py:175} INFO - Processing /home/airflow/.local/lib/python3.7/site-packages/airflow/example_dags/example_task_group_decorator.py took 0.150 seconds
[2024-11-12T07:58:51.225+0000] {processor.py:153} INFO - Started process (PID=671) to work on /home/airflow/.local/lib/python3.7/site-packages/airflow/example_dags/example_task_group_decorator.py
[2024-11-12T07:58:51.226+0000] {processor.py:743} INFO - Processing file /home/airflow/.local/lib/python3.7/site-packages/airflow/example_dags/example_task_group_decorator.py for tasks to queue
[2024-11-12T07:58:51.227+0000] {logging_mixin.py:137} INFO - [2024-11-12T07:58:51.227+0000] {dagbag.py:538} INFO - Filling up the DagBag from /home/airflow/.local/lib/python3.7/site-packages/airflow/example_dags/example_task_group_decorator.py
[2024-11-12T07:58:51.254+0000] {processor.py:753} INFO - DAG(s) dict_keys(['example_task_group_decorator']) retrieved from /home/airflow/.local/lib/python3.7/site-packages/airflow/example_dags/example_task_group_decorator.py
[2024-11-12T07:58:51.282+0000] {logging_mixin.py:137} INFO - [2024-11-12T07:58:51.282+0000] {dag.py:2690} INFO - Sync 1 DAGs
[2024-11-12T07:58:51.310+0000] {logging_mixin.py:137} INFO - [2024-11-12T07:58:51.310+0000] {dag.py:3441} INFO - Setting next_dagrun for example_task_group_decorator to 2024-11-11T07:58:51.310124+00:00, run_after=2024-11-12T07:58:51.310124+00:00
[2024-11-12T07:58:51.343+0000] {processor.py:175} INFO - Processing /home/airflow/.local/lib/python3.7/site-packages/airflow/example_dags/example_task_group_decorator.py took 0.121 seconds
[2024-11-12T07:59:21.428+0000] {processor.py:153} INFO - Started process (PID=760) to work on /home/airflow/.local/lib/python3.7/site-packages/airflow/example_dags/example_task_group_decorator.py
[2024-11-12T07:59:21.429+0000] {processor.py:743} INFO - Processing file /home/airflow/.local/lib/python3.7/site-packages/airflow/example_dags/example_task_group_decorator.py for tasks to queue
[2024-11-12T07:59:21.430+0000] {logging_mixin.py:137} INFO - [2024-11-12T07:59:21.430+0000] {dagbag.py:538} INFO - Filling up the DagBag from /home/airflow/.local/lib/python3.7/site-packages/airflow/example_dags/example_task_group_decorator.py
[2024-11-12T07:59:21.457+0000] {processor.py:753} INFO - DAG(s) dict_keys(['example_task_group_decorator']) retrieved from /home/airflow/.local/lib/python3.7/site-packages/airflow/example_dags/example_task_group_decorator.py
[2024-11-12T07:59:21.483+0000] {logging_mixin.py:137} INFO - [2024-11-12T07:59:21.483+0000] {dag.py:2690} INFO - Sync 1 DAGs
[2024-11-12T07:59:21.506+0000] {logging_mixin.py:137} INFO - [2024-11-12T07:59:21.506+0000] {dag.py:3441} INFO - Setting next_dagrun for example_task_group_decorator to 2024-11-11T07:59:21.506059+00:00, run_after=2024-11-12T07:59:21.506059+00:00
[2024-11-12T07:59:21.529+0000] {processor.py:175} INFO - Processing /home/airflow/.local/lib/python3.7/site-packages/airflow/example_dags/example_task_group_decorator.py took 0.104 seconds
[2024-11-12T07:59:51.593+0000] {processor.py:153} INFO - Started process (PID=831) to work on /home/airflow/.local/lib/python3.7/site-packages/airflow/example_dags/example_task_group_decorator.py
[2024-11-12T07:59:51.594+0000] {processor.py:743} INFO - Processing file /home/airflow/.local/lib/python3.7/site-packages/airflow/example_dags/example_task_group_decorator.py for tasks to queue
[2024-11-12T07:59:51.597+0000] {logging_mixin.py:137} INFO - [2024-11-12T07:59:51.595+0000] {dagbag.py:538} INFO - Filling up the DagBag from /home/airflow/.local/lib/python3.7/site-packages/airflow/example_dags/example_task_group_decorator.py
[2024-11-12T07:59:51.661+0000] {processor.py:753} INFO - DAG(s) dict_keys(['example_task_group_decorator']) retrieved from /home/airflow/.local/lib/python3.7/site-packages/airflow/example_dags/example_task_group_decorator.py
[2024-11-12T07:59:51.690+0000] {logging_mixin.py:137} INFO - [2024-11-12T07:59:51.690+0000] {dag.py:2690} INFO - Sync 1 DAGs
[2024-11-12T07:59:51.717+0000] {logging_mixin.py:137} INFO - [2024-11-12T07:59:51.717+0000] {dag.py:3441} INFO - Setting next_dagrun for example_task_group_decorator to 2024-11-11T07:59:51.716834+00:00, run_after=2024-11-12T07:59:51.716834+00:00
[2024-11-12T07:59:51.739+0000] {processor.py:175} INFO - Processing /home/airflow/.local/lib/python3.7/site-packages/airflow/example_dags/example_task_group_decorator.py took 0.149 seconds
[2024-11-12T08:00:21.835+0000] {processor.py:153} INFO - Started process (PID=918) to work on /home/airflow/.local/lib/python3.7/site-packages/airflow/example_dags/example_task_group_decorator.py
[2024-11-12T08:00:21.837+0000] {processor.py:743} INFO - Processing file /home/airflow/.local/lib/python3.7/site-packages/airflow/example_dags/example_task_group_decorator.py for tasks to queue
[2024-11-12T08:00:21.838+0000] {logging_mixin.py:137} INFO - [2024-11-12T08:00:21.837+0000] {dagbag.py:538} INFO - Filling up the DagBag from /home/airflow/.local/lib/python3.7/site-packages/airflow/example_dags/example_task_group_decorator.py
[2024-11-12T08:00:21.875+0000] {processor.py:753} INFO - DAG(s) dict_keys(['example_task_group_decorator']) retrieved from /home/airflow/.local/lib/python3.7/site-packages/airflow/example_dags/example_task_group_decorator.py
[2024-11-12T08:00:21.907+0000] {logging_mixin.py:137} INFO - [2024-11-12T08:00:21.907+0000] {dag.py:2690} INFO - Sync 1 DAGs
[2024-11-12T08:00:21.937+0000] {logging_mixin.py:137} INFO - [2024-11-12T08:00:21.937+0000] {dag.py:3441} INFO - Setting next_dagrun for example_task_group_decorator to 2024-11-11T08:00:21.936724+00:00, run_after=2024-11-12T08:00:21.936724+00:00
[2024-11-12T08:00:21.964+0000] {processor.py:175} INFO - Processing /home/airflow/.local/lib/python3.7/site-packages/airflow/example_dags/example_task_group_decorator.py took 0.133 seconds
[2024-11-12T08:00:52.900+0000] {processor.py:153} INFO - Started process (PID=989) to work on /home/airflow/.local/lib/python3.7/site-packages/airflow/example_dags/example_task_group_decorator.py
[2024-11-12T08:00:52.902+0000] {processor.py:743} INFO - Processing file /home/airflow/.local/lib/python3.7/site-packages/airflow/example_dags/example_task_group_decorator.py for tasks to queue
[2024-11-12T08:00:52.903+0000] {logging_mixin.py:137} INFO - [2024-11-12T08:00:52.902+0000] {dagbag.py:538} INFO - Filling up the DagBag from /home/airflow/.local/lib/python3.7/site-packages/airflow/example_dags/example_task_group_decorator.py
[2024-11-12T08:00:52.930+0000] {processor.py:753} INFO - DAG(s) dict_keys(['example_task_group_decorator']) retrieved from /home/airflow/.local/lib/python3.7/site-packages/airflow/example_dags/example_task_group_decorator.py
[2024-11-12T08:00:52.975+0000] {logging_mixin.py:137} INFO - [2024-11-12T08:00:52.974+0000] {dag.py:2690} INFO - Sync 1 DAGs
[2024-11-12T08:00:53.004+0000] {logging_mixin.py:137} INFO - [2024-11-12T08:00:53.004+0000] {dag.py:3441} INFO - Setting next_dagrun for example_task_group_decorator to 2024-11-11T08:00:53.004100+00:00, run_after=2024-11-12T08:00:53.004100+00:00
[2024-11-12T08:00:53.028+0000] {processor.py:175} INFO - Processing /home/airflow/.local/lib/python3.7/site-packages/airflow/example_dags/example_task_group_decorator.py took 0.131 seconds
[2024-11-12T08:01:23.578+0000] {processor.py:153} INFO - Started process (PID=1076) to work on /home/airflow/.local/lib/python3.7/site-packages/airflow/example_dags/example_task_group_decorator.py
[2024-11-12T08:01:23.589+0000] {processor.py:743} INFO - Processing file /home/airflow/.local/lib/python3.7/site-packages/airflow/example_dags/example_task_group_decorator.py for tasks to queue
[2024-11-12T08:01:23.590+0000] {logging_mixin.py:137} INFO - [2024-11-12T08:01:23.590+0000] {dagbag.py:538} INFO - Filling up the DagBag from /home/airflow/.local/lib/python3.7/site-packages/airflow/example_dags/example_task_group_decorator.py
[2024-11-12T08:01:23.625+0000] {processor.py:753} INFO - DAG(s) dict_keys(['example_task_group_decorator']) retrieved from /home/airflow/.local/lib/python3.7/site-packages/airflow/example_dags/example_task_group_decorator.py
[2024-11-12T08:01:23.657+0000] {logging_mixin.py:137} INFO - [2024-11-12T08:01:23.657+0000] {dag.py:2690} INFO - Sync 1 DAGs
[2024-11-12T08:01:23.690+0000] {logging_mixin.py:137} INFO - [2024-11-12T08:01:23.690+0000] {dag.py:3441} INFO - Setting next_dagrun for example_task_group_decorator to 2024-11-11T08:01:23.689980+00:00, run_after=2024-11-12T08:01:23.689980+00:00
[2024-11-12T08:01:23.724+0000] {processor.py:175} INFO - Processing /home/airflow/.local/lib/python3.7/site-packages/airflow/example_dags/example_task_group_decorator.py took 0.150 seconds
[2024-11-12T08:02:36.598+0000] {processor.py:153} INFO - Started process (PID=37) to work on /home/airflow/.local/lib/python3.7/site-packages/airflow/example_dags/example_task_group_decorator.py
[2024-11-12T08:02:36.600+0000] {processor.py:743} INFO - Processing file /home/airflow/.local/lib/python3.7/site-packages/airflow/example_dags/example_task_group_decorator.py for tasks to queue
[2024-11-12T08:02:36.601+0000] {logging_mixin.py:137} INFO - [2024-11-12T08:02:36.601+0000] {dagbag.py:538} INFO - Filling up the DagBag from /home/airflow/.local/lib/python3.7/site-packages/airflow/example_dags/example_task_group_decorator.py
[2024-11-12T08:02:36.658+0000] {processor.py:753} INFO - DAG(s) dict_keys(['example_task_group_decorator']) retrieved from /home/airflow/.local/lib/python3.7/site-packages/airflow/example_dags/example_task_group_decorator.py
[2024-11-12T08:02:36.689+0000] {logging_mixin.py:137} INFO - [2024-11-12T08:02:36.689+0000] {dag.py:2690} INFO - Sync 1 DAGs
[2024-11-12T08:02:36.725+0000] {logging_mixin.py:137} INFO - [2024-11-12T08:02:36.725+0000] {dag.py:3441} INFO - Setting next_dagrun for example_task_group_decorator to 2024-11-11T08:02:36.725445+00:00, run_after=2024-11-12T08:02:36.725445+00:00
[2024-11-12T08:02:36.755+0000] {processor.py:175} INFO - Processing /home/airflow/.local/lib/python3.7/site-packages/airflow/example_dags/example_task_group_decorator.py took 0.164 seconds
[2024-11-12T08:03:07.299+0000] {processor.py:153} INFO - Started process (PID=117) to work on /home/airflow/.local/lib/python3.7/site-packages/airflow/example_dags/example_task_group_decorator.py
[2024-11-12T08:03:07.310+0000] {processor.py:743} INFO - Processing file /home/airflow/.local/lib/python3.7/site-packages/airflow/example_dags/example_task_group_decorator.py for tasks to queue
[2024-11-12T08:03:07.311+0000] {logging_mixin.py:137} INFO - [2024-11-12T08:03:07.311+0000] {dagbag.py:538} INFO - Filling up the DagBag from /home/airflow/.local/lib/python3.7/site-packages/airflow/example_dags/example_task_group_decorator.py
[2024-11-12T08:03:07.356+0000] {processor.py:753} INFO - DAG(s) dict_keys(['example_task_group_decorator']) retrieved from /home/airflow/.local/lib/python3.7/site-packages/airflow/example_dags/example_task_group_decorator.py
[2024-11-12T08:03:07.391+0000] {logging_mixin.py:137} INFO - [2024-11-12T08:03:07.390+0000] {dag.py:2690} INFO - Sync 1 DAGs
[2024-11-12T08:03:07.426+0000] {logging_mixin.py:137} INFO - [2024-11-12T08:03:07.425+0000] {dag.py:3441} INFO - Setting next_dagrun for example_task_group_decorator to 2024-11-11T08:03:07.425574+00:00, run_after=2024-11-12T08:03:07.425574+00:00
[2024-11-12T08:03:07.467+0000] {processor.py:175} INFO - Processing /home/airflow/.local/lib/python3.7/site-packages/airflow/example_dags/example_task_group_decorator.py took 0.173 seconds
[2024-11-12T08:03:37.809+0000] {processor.py:153} INFO - Started process (PID=195) to work on /home/airflow/.local/lib/python3.7/site-packages/airflow/example_dags/example_task_group_decorator.py
[2024-11-12T08:03:37.809+0000] {processor.py:743} INFO - Processing file /home/airflow/.local/lib/python3.7/site-packages/airflow/example_dags/example_task_group_decorator.py for tasks to queue
[2024-11-12T08:03:37.810+0000] {logging_mixin.py:137} INFO - [2024-11-12T08:03:37.810+0000] {dagbag.py:538} INFO - Filling up the DagBag from /home/airflow/.local/lib/python3.7/site-packages/airflow/example_dags/example_task_group_decorator.py
[2024-11-12T08:03:37.842+0000] {processor.py:753} INFO - DAG(s) dict_keys(['example_task_group_decorator']) retrieved from /home/airflow/.local/lib/python3.7/site-packages/airflow/example_dags/example_task_group_decorator.py
[2024-11-12T08:03:37.868+0000] {logging_mixin.py:137} INFO - [2024-11-12T08:03:37.867+0000] {dag.py:2690} INFO - Sync 1 DAGs
[2024-11-12T08:03:37.890+0000] {logging_mixin.py:137} INFO - [2024-11-12T08:03:37.890+0000] {dag.py:3441} INFO - Setting next_dagrun for example_task_group_decorator to 2024-11-11T08:03:37.889829+00:00, run_after=2024-11-12T08:03:37.889829+00:00
[2024-11-12T08:03:37.911+0000] {processor.py:175} INFO - Processing /home/airflow/.local/lib/python3.7/site-packages/airflow/example_dags/example_task_group_decorator.py took 0.106 seconds
[2024-11-12T08:04:08.227+0000] {processor.py:153} INFO - Started process (PID=273) to work on /home/airflow/.local/lib/python3.7/site-packages/airflow/example_dags/example_task_group_decorator.py
[2024-11-12T08:04:08.239+0000] {processor.py:743} INFO - Processing file /home/airflow/.local/lib/python3.7/site-packages/airflow/example_dags/example_task_group_decorator.py for tasks to queue
[2024-11-12T08:04:08.240+0000] {logging_mixin.py:137} INFO - [2024-11-12T08:04:08.240+0000] {dagbag.py:538} INFO - Filling up the DagBag from /home/airflow/.local/lib/python3.7/site-packages/airflow/example_dags/example_task_group_decorator.py
[2024-11-12T08:04:08.266+0000] {processor.py:753} INFO - DAG(s) dict_keys(['example_task_group_decorator']) retrieved from /home/airflow/.local/lib/python3.7/site-packages/airflow/example_dags/example_task_group_decorator.py
[2024-11-12T08:04:08.294+0000] {logging_mixin.py:137} INFO - [2024-11-12T08:04:08.293+0000] {dag.py:2690} INFO - Sync 1 DAGs
[2024-11-12T08:04:08.317+0000] {logging_mixin.py:137} INFO - [2024-11-12T08:04:08.317+0000] {dag.py:3441} INFO - Setting next_dagrun for example_task_group_decorator to 2024-11-11T08:04:08.317241+00:00, run_after=2024-11-12T08:04:08.317241+00:00
[2024-11-12T08:04:08.340+0000] {processor.py:175} INFO - Processing /home/airflow/.local/lib/python3.7/site-packages/airflow/example_dags/example_task_group_decorator.py took 0.117 seconds
[2024-11-12T08:04:39.091+0000] {processor.py:153} INFO - Started process (PID=353) to work on /home/airflow/.local/lib/python3.7/site-packages/airflow/example_dags/example_task_group_decorator.py
[2024-11-12T08:04:39.093+0000] {processor.py:743} INFO - Processing file /home/airflow/.local/lib/python3.7/site-packages/airflow/example_dags/example_task_group_decorator.py for tasks to queue
[2024-11-12T08:04:39.094+0000] {logging_mixin.py:137} INFO - [2024-11-12T08:04:39.094+0000] {dagbag.py:538} INFO - Filling up the DagBag from /home/airflow/.local/lib/python3.7/site-packages/airflow/example_dags/example_task_group_decorator.py
[2024-11-12T08:04:39.123+0000] {processor.py:753} INFO - DAG(s) dict_keys(['example_task_group_decorator']) retrieved from /home/airflow/.local/lib/python3.7/site-packages/airflow/example_dags/example_task_group_decorator.py
[2024-11-12T08:04:39.149+0000] {logging_mixin.py:137} INFO - [2024-11-12T08:04:39.149+0000] {dag.py:2690} INFO - Sync 1 DAGs
[2024-11-12T08:04:39.175+0000] {logging_mixin.py:137} INFO - [2024-11-12T08:04:39.175+0000] {dag.py:3441} INFO - Setting next_dagrun for example_task_group_decorator to 2024-11-11T08:04:39.174790+00:00, run_after=2024-11-12T08:04:39.174790+00:00
[2024-11-12T08:04:39.198+0000] {processor.py:175} INFO - Processing /home/airflow/.local/lib/python3.7/site-packages/airflow/example_dags/example_task_group_decorator.py took 0.112 seconds
[2024-11-12T08:05:09.228+0000] {processor.py:153} INFO - Started process (PID=425) to work on /home/airflow/.local/lib/python3.7/site-packages/airflow/example_dags/example_task_group_decorator.py
[2024-11-12T08:05:09.230+0000] {processor.py:743} INFO - Processing file /home/airflow/.local/lib/python3.7/site-packages/airflow/example_dags/example_task_group_decorator.py for tasks to queue
[2024-11-12T08:05:09.230+0000] {logging_mixin.py:137} INFO - [2024-11-12T08:05:09.230+0000] {dagbag.py:538} INFO - Filling up the DagBag from /home/airflow/.local/lib/python3.7/site-packages/airflow/example_dags/example_task_group_decorator.py
[2024-11-12T08:05:09.257+0000] {processor.py:753} INFO - DAG(s) dict_keys(['example_task_group_decorator']) retrieved from /home/airflow/.local/lib/python3.7/site-packages/airflow/example_dags/example_task_group_decorator.py
[2024-11-12T08:05:09.283+0000] {logging_mixin.py:137} INFO - [2024-11-12T08:05:09.283+0000] {dag.py:2690} INFO - Sync 1 DAGs
[2024-11-12T08:05:09.307+0000] {logging_mixin.py:137} INFO - [2024-11-12T08:05:09.307+0000] {dag.py:3441} INFO - Setting next_dagrun for example_task_group_decorator to 2024-11-11T08:05:09.307065+00:00, run_after=2024-11-12T08:05:09.307065+00:00
[2024-11-12T08:05:09.329+0000] {processor.py:175} INFO - Processing /home/airflow/.local/lib/python3.7/site-packages/airflow/example_dags/example_task_group_decorator.py took 0.104 seconds
[2024-11-12T08:05:39.359+0000] {processor.py:153} INFO - Started process (PID=511) to work on /home/airflow/.local/lib/python3.7/site-packages/airflow/example_dags/example_task_group_decorator.py
[2024-11-12T08:05:39.370+0000] {processor.py:743} INFO - Processing file /home/airflow/.local/lib/python3.7/site-packages/airflow/example_dags/example_task_group_decorator.py for tasks to queue
[2024-11-12T08:05:39.370+0000] {logging_mixin.py:137} INFO - [2024-11-12T08:05:39.370+0000] {dagbag.py:538} INFO - Filling up the DagBag from /home/airflow/.local/lib/python3.7/site-packages/airflow/example_dags/example_task_group_decorator.py
[2024-11-12T08:05:39.398+0000] {processor.py:753} INFO - DAG(s) dict_keys(['example_task_group_decorator']) retrieved from /home/airflow/.local/lib/python3.7/site-packages/airflow/example_dags/example_task_group_decorator.py
[2024-11-12T08:05:39.426+0000] {logging_mixin.py:137} INFO - [2024-11-12T08:05:39.425+0000] {dag.py:2690} INFO - Sync 1 DAGs
[2024-11-12T08:05:39.449+0000] {logging_mixin.py:137} INFO - [2024-11-12T08:05:39.449+0000] {dag.py:3441} INFO - Setting next_dagrun for example_task_group_decorator to 2024-11-11T08:05:39.449608+00:00, run_after=2024-11-12T08:05:39.449608+00:00
[2024-11-12T08:05:39.473+0000] {processor.py:175} INFO - Processing /home/airflow/.local/lib/python3.7/site-packages/airflow/example_dags/example_task_group_decorator.py took 0.117 seconds
[2024-11-12T08:06:10.037+0000] {processor.py:153} INFO - Started process (PID=582) to work on /home/airflow/.local/lib/python3.7/site-packages/airflow/example_dags/example_task_group_decorator.py
[2024-11-12T08:06:10.038+0000] {processor.py:743} INFO - Processing file /home/airflow/.local/lib/python3.7/site-packages/airflow/example_dags/example_task_group_decorator.py for tasks to queue
[2024-11-12T08:06:10.039+0000] {logging_mixin.py:137} INFO - [2024-11-12T08:06:10.039+0000] {dagbag.py:538} INFO - Filling up the DagBag from /home/airflow/.local/lib/python3.7/site-packages/airflow/example_dags/example_task_group_decorator.py
[2024-11-12T08:06:10.065+0000] {processor.py:753} INFO - DAG(s) dict_keys(['example_task_group_decorator']) retrieved from /home/airflow/.local/lib/python3.7/site-packages/airflow/example_dags/example_task_group_decorator.py
[2024-11-12T08:06:10.092+0000] {logging_mixin.py:137} INFO - [2024-11-12T08:06:10.091+0000] {dag.py:2690} INFO - Sync 1 DAGs
[2024-11-12T08:06:10.115+0000] {logging_mixin.py:137} INFO - [2024-11-12T08:06:10.114+0000] {dag.py:3441} INFO - Setting next_dagrun for example_task_group_decorator to 2024-11-11T08:06:10.114618+00:00, run_after=2024-11-12T08:06:10.114618+00:00
[2024-11-12T08:06:10.138+0000] {processor.py:175} INFO - Processing /home/airflow/.local/lib/python3.7/site-packages/airflow/example_dags/example_task_group_decorator.py took 0.104 seconds
[2024-11-12T08:06:40.584+0000] {processor.py:153} INFO - Started process (PID=669) to work on /home/airflow/.local/lib/python3.7/site-packages/airflow/example_dags/example_task_group_decorator.py
[2024-11-12T08:06:40.585+0000] {processor.py:743} INFO - Processing file /home/airflow/.local/lib/python3.7/site-packages/airflow/example_dags/example_task_group_decorator.py for tasks to queue
[2024-11-12T08:06:40.586+0000] {logging_mixin.py:137} INFO - [2024-11-12T08:06:40.586+0000] {dagbag.py:538} INFO - Filling up the DagBag from /home/airflow/.local/lib/python3.7/site-packages/airflow/example_dags/example_task_group_decorator.py
[2024-11-12T08:06:40.654+0000] {processor.py:753} INFO - DAG(s) dict_keys(['example_task_group_decorator']) retrieved from /home/airflow/.local/lib/python3.7/site-packages/airflow/example_dags/example_task_group_decorator.py
[2024-11-12T08:06:40.726+0000] {logging_mixin.py:137} INFO - [2024-11-12T08:06:40.726+0000] {dag.py:2690} INFO - Sync 1 DAGs
[2024-11-12T08:06:40.823+0000] {logging_mixin.py:137} INFO - [2024-11-12T08:06:40.822+0000] {dag.py:3441} INFO - Setting next_dagrun for example_task_group_decorator to 2024-11-11T08:06:40.821114+00:00, run_after=2024-11-12T08:06:40.821114+00:00
[2024-11-12T08:06:40.873+0000] {processor.py:175} INFO - Processing /home/airflow/.local/lib/python3.7/site-packages/airflow/example_dags/example_task_group_decorator.py took 0.300 seconds
