[2024-11-12T07:54:47.504+0000] {processor.py:153} INFO - Started process (PID=72) to work on /home/airflow/.local/lib/python3.7/site-packages/airflow/example_dags/example_kubernetes_executor.py
[2024-11-12T07:54:47.506+0000] {processor.py:743} INFO - Processing file /home/airflow/.local/lib/python3.7/site-packages/airflow/example_dags/example_kubernetes_executor.py for tasks to queue
[2024-11-12T07:54:47.508+0000] {logging_mixin.py:137} INFO - [2024-11-12T07:54:47.508+0000] {dagbag.py:538} INFO - Filling up the DagBag from /home/airflow/.local/lib/python3.7/site-packages/airflow/example_dags/example_kubernetes_executor.py
[2024-11-12T07:54:47.562+0000] {processor.py:753} INFO - DAG(s) dict_keys(['example_kubernetes_executor']) retrieved from /home/airflow/.local/lib/python3.7/site-packages/airflow/example_dags/example_kubernetes_executor.py
[2024-11-12T07:54:47.583+0000] {logging_mixin.py:137} INFO - [2024-11-12T07:54:47.583+0000] {dag.py:2690} INFO - Sync 1 DAGs
[2024-11-12T07:54:47.630+0000] {logging_mixin.py:137} INFO - [2024-11-12T07:54:47.630+0000] {dag.py:3441} INFO - Setting next_dagrun for example_kubernetes_executor to None, run_after=None
[2024-11-12T07:54:47.664+0000] {processor.py:175} INFO - Processing /home/airflow/.local/lib/python3.7/site-packages/airflow/example_dags/example_kubernetes_executor.py took 0.166 seconds
[2024-11-12T07:55:18.048+0000] {processor.py:153} INFO - Started process (PID=143) to work on /home/airflow/.local/lib/python3.7/site-packages/airflow/example_dags/example_kubernetes_executor.py
[2024-11-12T07:55:18.049+0000] {processor.py:743} INFO - Processing file /home/airflow/.local/lib/python3.7/site-packages/airflow/example_dags/example_kubernetes_executor.py for tasks to queue
[2024-11-12T07:55:18.050+0000] {logging_mixin.py:137} INFO - [2024-11-12T07:55:18.050+0000] {dagbag.py:538} INFO - Filling up the DagBag from /home/airflow/.local/lib/python3.7/site-packages/airflow/example_dags/example_kubernetes_executor.py
[2024-11-12T07:55:18.077+0000] {processor.py:753} INFO - DAG(s) dict_keys(['example_kubernetes_executor']) retrieved from /home/airflow/.local/lib/python3.7/site-packages/airflow/example_dags/example_kubernetes_executor.py
[2024-11-12T07:55:18.105+0000] {logging_mixin.py:137} INFO - [2024-11-12T07:55:18.105+0000] {dag.py:2690} INFO - Sync 1 DAGs
[2024-11-12T07:55:18.127+0000] {logging_mixin.py:137} INFO - [2024-11-12T07:55:18.127+0000] {dag.py:3441} INFO - Setting next_dagrun for example_kubernetes_executor to None, run_after=None
[2024-11-12T07:55:18.148+0000] {processor.py:175} INFO - Processing /home/airflow/.local/lib/python3.7/site-packages/airflow/example_dags/example_kubernetes_executor.py took 0.102 seconds
[2024-11-12T07:55:48.928+0000] {processor.py:153} INFO - Started process (PID=223) to work on /home/airflow/.local/lib/python3.7/site-packages/airflow/example_dags/example_kubernetes_executor.py
[2024-11-12T07:55:48.931+0000] {processor.py:743} INFO - Processing file /home/airflow/.local/lib/python3.7/site-packages/airflow/example_dags/example_kubernetes_executor.py for tasks to queue
[2024-11-12T07:55:48.932+0000] {logging_mixin.py:137} INFO - [2024-11-12T07:55:48.932+0000] {dagbag.py:538} INFO - Filling up the DagBag from /home/airflow/.local/lib/python3.7/site-packages/airflow/example_dags/example_kubernetes_executor.py
[2024-11-12T07:55:49.020+0000] {processor.py:753} INFO - DAG(s) dict_keys(['example_kubernetes_executor']) retrieved from /home/airflow/.local/lib/python3.7/site-packages/airflow/example_dags/example_kubernetes_executor.py
[2024-11-12T07:55:49.092+0000] {logging_mixin.py:137} INFO - [2024-11-12T07:55:49.092+0000] {dag.py:2690} INFO - Sync 1 DAGs
[2024-11-12T07:55:49.131+0000] {logging_mixin.py:137} INFO - [2024-11-12T07:55:49.130+0000] {dag.py:3441} INFO - Setting next_dagrun for example_kubernetes_executor to None, run_after=None
[2024-11-12T07:55:49.157+0000] {processor.py:175} INFO - Processing /home/airflow/.local/lib/python3.7/site-packages/airflow/example_dags/example_kubernetes_executor.py took 0.233 seconds
[2024-11-12T07:56:19.270+0000] {processor.py:153} INFO - Started process (PID=301) to work on /home/airflow/.local/lib/python3.7/site-packages/airflow/example_dags/example_kubernetes_executor.py
[2024-11-12T07:56:19.272+0000] {processor.py:743} INFO - Processing file /home/airflow/.local/lib/python3.7/site-packages/airflow/example_dags/example_kubernetes_executor.py for tasks to queue
[2024-11-12T07:56:19.273+0000] {logging_mixin.py:137} INFO - [2024-11-12T07:56:19.272+0000] {dagbag.py:538} INFO - Filling up the DagBag from /home/airflow/.local/lib/python3.7/site-packages/airflow/example_dags/example_kubernetes_executor.py
[2024-11-12T07:56:19.303+0000] {processor.py:753} INFO - DAG(s) dict_keys(['example_kubernetes_executor']) retrieved from /home/airflow/.local/lib/python3.7/site-packages/airflow/example_dags/example_kubernetes_executor.py
[2024-11-12T07:56:19.339+0000] {logging_mixin.py:137} INFO - [2024-11-12T07:56:19.338+0000] {dag.py:2690} INFO - Sync 1 DAGs
[2024-11-12T07:56:19.371+0000] {logging_mixin.py:137} INFO - [2024-11-12T07:56:19.371+0000] {dag.py:3441} INFO - Setting next_dagrun for example_kubernetes_executor to None, run_after=None
[2024-11-12T07:56:19.398+0000] {processor.py:175} INFO - Processing /home/airflow/.local/lib/python3.7/site-packages/airflow/example_dags/example_kubernetes_executor.py took 0.130 seconds
[2024-11-12T07:56:49.806+0000] {processor.py:153} INFO - Started process (PID=372) to work on /home/airflow/.local/lib/python3.7/site-packages/airflow/example_dags/example_kubernetes_executor.py
[2024-11-12T07:56:49.807+0000] {processor.py:743} INFO - Processing file /home/airflow/.local/lib/python3.7/site-packages/airflow/example_dags/example_kubernetes_executor.py for tasks to queue
[2024-11-12T07:56:49.807+0000] {logging_mixin.py:137} INFO - [2024-11-12T07:56:49.807+0000] {dagbag.py:538} INFO - Filling up the DagBag from /home/airflow/.local/lib/python3.7/site-packages/airflow/example_dags/example_kubernetes_executor.py
[2024-11-12T07:56:49.840+0000] {processor.py:753} INFO - DAG(s) dict_keys(['example_kubernetes_executor']) retrieved from /home/airflow/.local/lib/python3.7/site-packages/airflow/example_dags/example_kubernetes_executor.py
[2024-11-12T07:56:49.877+0000] {logging_mixin.py:137} INFO - [2024-11-12T07:56:49.876+0000] {dag.py:2690} INFO - Sync 1 DAGs
[2024-11-12T07:56:49.907+0000] {logging_mixin.py:137} INFO - [2024-11-12T07:56:49.907+0000] {dag.py:3441} INFO - Setting next_dagrun for example_kubernetes_executor to None, run_after=None
[2024-11-12T07:56:49.935+0000] {processor.py:175} INFO - Processing /home/airflow/.local/lib/python3.7/site-packages/airflow/example_dags/example_kubernetes_executor.py took 0.134 seconds
[2024-11-12T07:57:20.011+0000] {processor.py:153} INFO - Started process (PID=459) to work on /home/airflow/.local/lib/python3.7/site-packages/airflow/example_dags/example_kubernetes_executor.py
[2024-11-12T07:57:20.012+0000] {processor.py:743} INFO - Processing file /home/airflow/.local/lib/python3.7/site-packages/airflow/example_dags/example_kubernetes_executor.py for tasks to queue
[2024-11-12T07:57:20.013+0000] {logging_mixin.py:137} INFO - [2024-11-12T07:57:20.013+0000] {dagbag.py:538} INFO - Filling up the DagBag from /home/airflow/.local/lib/python3.7/site-packages/airflow/example_dags/example_kubernetes_executor.py
[2024-11-12T07:57:20.038+0000] {processor.py:753} INFO - DAG(s) dict_keys(['example_kubernetes_executor']) retrieved from /home/airflow/.local/lib/python3.7/site-packages/airflow/example_dags/example_kubernetes_executor.py
[2024-11-12T07:57:20.068+0000] {logging_mixin.py:137} INFO - [2024-11-12T07:57:20.068+0000] {dag.py:2690} INFO - Sync 1 DAGs
[2024-11-12T07:57:20.093+0000] {logging_mixin.py:137} INFO - [2024-11-12T07:57:20.092+0000] {dag.py:3441} INFO - Setting next_dagrun for example_kubernetes_executor to None, run_after=None
[2024-11-12T07:57:20.115+0000] {processor.py:175} INFO - Processing /home/airflow/.local/lib/python3.7/site-packages/airflow/example_dags/example_kubernetes_executor.py took 0.107 seconds
[2024-11-12T07:57:51.180+0000] {processor.py:153} INFO - Started process (PID=530) to work on /home/airflow/.local/lib/python3.7/site-packages/airflow/example_dags/example_kubernetes_executor.py
[2024-11-12T07:57:51.181+0000] {processor.py:743} INFO - Processing file /home/airflow/.local/lib/python3.7/site-packages/airflow/example_dags/example_kubernetes_executor.py for tasks to queue
[2024-11-12T07:57:51.182+0000] {logging_mixin.py:137} INFO - [2024-11-12T07:57:51.182+0000] {dagbag.py:538} INFO - Filling up the DagBag from /home/airflow/.local/lib/python3.7/site-packages/airflow/example_dags/example_kubernetes_executor.py
[2024-11-12T07:57:51.211+0000] {processor.py:753} INFO - DAG(s) dict_keys(['example_kubernetes_executor']) retrieved from /home/airflow/.local/lib/python3.7/site-packages/airflow/example_dags/example_kubernetes_executor.py
[2024-11-12T07:57:51.252+0000] {logging_mixin.py:137} INFO - [2024-11-12T07:57:51.252+0000] {dag.py:2690} INFO - Sync 1 DAGs
[2024-11-12T07:57:51.285+0000] {logging_mixin.py:137} INFO - [2024-11-12T07:57:51.285+0000] {dag.py:3441} INFO - Setting next_dagrun for example_kubernetes_executor to None, run_after=None
[2024-11-12T07:57:51.308+0000] {processor.py:175} INFO - Processing /home/airflow/.local/lib/python3.7/site-packages/airflow/example_dags/example_kubernetes_executor.py took 0.131 seconds
[2024-11-12T07:58:21.709+0000] {processor.py:153} INFO - Started process (PID=617) to work on /home/airflow/.local/lib/python3.7/site-packages/airflow/example_dags/example_kubernetes_executor.py
[2024-11-12T07:58:21.711+0000] {processor.py:743} INFO - Processing file /home/airflow/.local/lib/python3.7/site-packages/airflow/example_dags/example_kubernetes_executor.py for tasks to queue
[2024-11-12T07:58:21.711+0000] {logging_mixin.py:137} INFO - [2024-11-12T07:58:21.711+0000] {dagbag.py:538} INFO - Filling up the DagBag from /home/airflow/.local/lib/python3.7/site-packages/airflow/example_dags/example_kubernetes_executor.py
[2024-11-12T07:58:21.741+0000] {processor.py:753} INFO - DAG(s) dict_keys(['example_kubernetes_executor']) retrieved from /home/airflow/.local/lib/python3.7/site-packages/airflow/example_dags/example_kubernetes_executor.py
[2024-11-12T07:58:21.781+0000] {logging_mixin.py:137} INFO - [2024-11-12T07:58:21.781+0000] {dag.py:2690} INFO - Sync 1 DAGs
[2024-11-12T07:58:21.808+0000] {logging_mixin.py:137} INFO - [2024-11-12T07:58:21.807+0000] {dag.py:3441} INFO - Setting next_dagrun for example_kubernetes_executor to None, run_after=None
[2024-11-12T07:58:21.830+0000] {processor.py:175} INFO - Processing /home/airflow/.local/lib/python3.7/site-packages/airflow/example_dags/example_kubernetes_executor.py took 0.123 seconds
[2024-11-12T07:58:52.500+0000] {processor.py:153} INFO - Started process (PID=688) to work on /home/airflow/.local/lib/python3.7/site-packages/airflow/example_dags/example_kubernetes_executor.py
[2024-11-12T07:58:52.502+0000] {processor.py:743} INFO - Processing file /home/airflow/.local/lib/python3.7/site-packages/airflow/example_dags/example_kubernetes_executor.py for tasks to queue
[2024-11-12T07:58:52.503+0000] {logging_mixin.py:137} INFO - [2024-11-12T07:58:52.503+0000] {dagbag.py:538} INFO - Filling up the DagBag from /home/airflow/.local/lib/python3.7/site-packages/airflow/example_dags/example_kubernetes_executor.py
[2024-11-12T07:58:52.534+0000] {processor.py:753} INFO - DAG(s) dict_keys(['example_kubernetes_executor']) retrieved from /home/airflow/.local/lib/python3.7/site-packages/airflow/example_dags/example_kubernetes_executor.py
[2024-11-12T07:58:52.570+0000] {logging_mixin.py:137} INFO - [2024-11-12T07:58:52.570+0000] {dag.py:2690} INFO - Sync 1 DAGs
[2024-11-12T07:58:52.597+0000] {logging_mixin.py:137} INFO - [2024-11-12T07:58:52.597+0000] {dag.py:3441} INFO - Setting next_dagrun for example_kubernetes_executor to None, run_after=None
[2024-11-12T07:58:52.624+0000] {processor.py:175} INFO - Processing /home/airflow/.local/lib/python3.7/site-packages/airflow/example_dags/example_kubernetes_executor.py took 0.126 seconds
[2024-11-12T07:59:22.742+0000] {processor.py:153} INFO - Started process (PID=777) to work on /home/airflow/.local/lib/python3.7/site-packages/airflow/example_dags/example_kubernetes_executor.py
[2024-11-12T07:59:22.743+0000] {processor.py:743} INFO - Processing file /home/airflow/.local/lib/python3.7/site-packages/airflow/example_dags/example_kubernetes_executor.py for tasks to queue
[2024-11-12T07:59:22.744+0000] {logging_mixin.py:137} INFO - [2024-11-12T07:59:22.743+0000] {dagbag.py:538} INFO - Filling up the DagBag from /home/airflow/.local/lib/python3.7/site-packages/airflow/example_dags/example_kubernetes_executor.py
[2024-11-12T07:59:22.789+0000] {processor.py:753} INFO - DAG(s) dict_keys(['example_kubernetes_executor']) retrieved from /home/airflow/.local/lib/python3.7/site-packages/airflow/example_dags/example_kubernetes_executor.py
[2024-11-12T07:59:22.821+0000] {logging_mixin.py:137} INFO - [2024-11-12T07:59:22.821+0000] {dag.py:2690} INFO - Sync 1 DAGs
[2024-11-12T07:59:22.853+0000] {logging_mixin.py:137} INFO - [2024-11-12T07:59:22.853+0000] {dag.py:3441} INFO - Setting next_dagrun for example_kubernetes_executor to None, run_after=None
[2024-11-12T07:59:22.880+0000] {processor.py:175} INFO - Processing /home/airflow/.local/lib/python3.7/site-packages/airflow/example_dags/example_kubernetes_executor.py took 0.141 seconds
[2024-11-12T07:59:52.960+0000] {processor.py:153} INFO - Started process (PID=848) to work on /home/airflow/.local/lib/python3.7/site-packages/airflow/example_dags/example_kubernetes_executor.py
[2024-11-12T07:59:52.961+0000] {processor.py:743} INFO - Processing file /home/airflow/.local/lib/python3.7/site-packages/airflow/example_dags/example_kubernetes_executor.py for tasks to queue
[2024-11-12T07:59:52.962+0000] {logging_mixin.py:137} INFO - [2024-11-12T07:59:52.962+0000] {dagbag.py:538} INFO - Filling up the DagBag from /home/airflow/.local/lib/python3.7/site-packages/airflow/example_dags/example_kubernetes_executor.py
[2024-11-12T07:59:53.002+0000] {processor.py:753} INFO - DAG(s) dict_keys(['example_kubernetes_executor']) retrieved from /home/airflow/.local/lib/python3.7/site-packages/airflow/example_dags/example_kubernetes_executor.py
[2024-11-12T07:59:53.040+0000] {logging_mixin.py:137} INFO - [2024-11-12T07:59:53.040+0000] {dag.py:2690} INFO - Sync 1 DAGs
[2024-11-12T07:59:53.067+0000] {logging_mixin.py:137} INFO - [2024-11-12T07:59:53.067+0000] {dag.py:3441} INFO - Setting next_dagrun for example_kubernetes_executor to None, run_after=None
[2024-11-12T07:59:53.099+0000] {processor.py:175} INFO - Processing /home/airflow/.local/lib/python3.7/site-packages/airflow/example_dags/example_kubernetes_executor.py took 0.143 seconds
[2024-11-12T08:00:23.200+0000] {processor.py:153} INFO - Started process (PID=935) to work on /home/airflow/.local/lib/python3.7/site-packages/airflow/example_dags/example_kubernetes_executor.py
[2024-11-12T08:00:23.202+0000] {processor.py:743} INFO - Processing file /home/airflow/.local/lib/python3.7/site-packages/airflow/example_dags/example_kubernetes_executor.py for tasks to queue
[2024-11-12T08:00:23.202+0000] {logging_mixin.py:137} INFO - [2024-11-12T08:00:23.202+0000] {dagbag.py:538} INFO - Filling up the DagBag from /home/airflow/.local/lib/python3.7/site-packages/airflow/example_dags/example_kubernetes_executor.py
[2024-11-12T08:00:23.232+0000] {processor.py:753} INFO - DAG(s) dict_keys(['example_kubernetes_executor']) retrieved from /home/airflow/.local/lib/python3.7/site-packages/airflow/example_dags/example_kubernetes_executor.py
[2024-11-12T08:00:23.262+0000] {logging_mixin.py:137} INFO - [2024-11-12T08:00:23.262+0000] {dag.py:2690} INFO - Sync 1 DAGs
[2024-11-12T08:00:23.285+0000] {logging_mixin.py:137} INFO - [2024-11-12T08:00:23.285+0000] {dag.py:3441} INFO - Setting next_dagrun for example_kubernetes_executor to None, run_after=None
[2024-11-12T08:00:23.308+0000] {processor.py:175} INFO - Processing /home/airflow/.local/lib/python3.7/site-packages/airflow/example_dags/example_kubernetes_executor.py took 0.111 seconds
[2024-11-12T08:00:54.038+0000] {processor.py:153} INFO - Started process (PID=1006) to work on /home/airflow/.local/lib/python3.7/site-packages/airflow/example_dags/example_kubernetes_executor.py
[2024-11-12T08:00:54.040+0000] {processor.py:743} INFO - Processing file /home/airflow/.local/lib/python3.7/site-packages/airflow/example_dags/example_kubernetes_executor.py for tasks to queue
[2024-11-12T08:00:54.040+0000] {logging_mixin.py:137} INFO - [2024-11-12T08:00:54.040+0000] {dagbag.py:538} INFO - Filling up the DagBag from /home/airflow/.local/lib/python3.7/site-packages/airflow/example_dags/example_kubernetes_executor.py
[2024-11-12T08:00:54.064+0000] {processor.py:753} INFO - DAG(s) dict_keys(['example_kubernetes_executor']) retrieved from /home/airflow/.local/lib/python3.7/site-packages/airflow/example_dags/example_kubernetes_executor.py
[2024-11-12T08:00:54.092+0000] {logging_mixin.py:137} INFO - [2024-11-12T08:00:54.092+0000] {dag.py:2690} INFO - Sync 1 DAGs
[2024-11-12T08:00:54.113+0000] {logging_mixin.py:137} INFO - [2024-11-12T08:00:54.113+0000] {dag.py:3441} INFO - Setting next_dagrun for example_kubernetes_executor to None, run_after=None
[2024-11-12T08:00:54.134+0000] {processor.py:175} INFO - Processing /home/airflow/.local/lib/python3.7/site-packages/airflow/example_dags/example_kubernetes_executor.py took 0.098 seconds
[2024-11-12T08:01:25.000+0000] {processor.py:153} INFO - Started process (PID=1093) to work on /home/airflow/.local/lib/python3.7/site-packages/airflow/example_dags/example_kubernetes_executor.py
[2024-11-12T08:01:25.001+0000] {processor.py:743} INFO - Processing file /home/airflow/.local/lib/python3.7/site-packages/airflow/example_dags/example_kubernetes_executor.py for tasks to queue
[2024-11-12T08:01:25.002+0000] {logging_mixin.py:137} INFO - [2024-11-12T08:01:25.002+0000] {dagbag.py:538} INFO - Filling up the DagBag from /home/airflow/.local/lib/python3.7/site-packages/airflow/example_dags/example_kubernetes_executor.py
[2024-11-12T08:01:25.034+0000] {processor.py:753} INFO - DAG(s) dict_keys(['example_kubernetes_executor']) retrieved from /home/airflow/.local/lib/python3.7/site-packages/airflow/example_dags/example_kubernetes_executor.py
[2024-11-12T08:01:25.066+0000] {logging_mixin.py:137} INFO - [2024-11-12T08:01:25.065+0000] {dag.py:2690} INFO - Sync 1 DAGs
[2024-11-12T08:01:25.093+0000] {logging_mixin.py:137} INFO - [2024-11-12T08:01:25.093+0000] {dag.py:3441} INFO - Setting next_dagrun for example_kubernetes_executor to None, run_after=None
[2024-11-12T08:01:25.117+0000] {processor.py:175} INFO - Processing /home/airflow/.local/lib/python3.7/site-packages/airflow/example_dags/example_kubernetes_executor.py took 0.121 seconds
[2024-11-12T08:02:38.102+0000] {processor.py:153} INFO - Started process (PID=54) to work on /home/airflow/.local/lib/python3.7/site-packages/airflow/example_dags/example_kubernetes_executor.py
[2024-11-12T08:02:38.104+0000] {processor.py:743} INFO - Processing file /home/airflow/.local/lib/python3.7/site-packages/airflow/example_dags/example_kubernetes_executor.py for tasks to queue
[2024-11-12T08:02:38.105+0000] {logging_mixin.py:137} INFO - [2024-11-12T08:02:38.105+0000] {dagbag.py:538} INFO - Filling up the DagBag from /home/airflow/.local/lib/python3.7/site-packages/airflow/example_dags/example_kubernetes_executor.py
[2024-11-12T08:02:38.148+0000] {processor.py:753} INFO - DAG(s) dict_keys(['example_kubernetes_executor']) retrieved from /home/airflow/.local/lib/python3.7/site-packages/airflow/example_dags/example_kubernetes_executor.py
[2024-11-12T08:02:38.165+0000] {logging_mixin.py:137} INFO - [2024-11-12T08:02:38.164+0000] {dag.py:2690} INFO - Sync 1 DAGs
[2024-11-12T08:02:38.200+0000] {logging_mixin.py:137} INFO - [2024-11-12T08:02:38.200+0000] {dag.py:3441} INFO - Setting next_dagrun for example_kubernetes_executor to None, run_after=None
[2024-11-12T08:02:38.229+0000] {processor.py:175} INFO - Processing /home/airflow/.local/lib/python3.7/site-packages/airflow/example_dags/example_kubernetes_executor.py took 0.134 seconds
[2024-11-12T08:03:09.165+0000] {processor.py:153} INFO - Started process (PID=141) to work on /home/airflow/.local/lib/python3.7/site-packages/airflow/example_dags/example_kubernetes_executor.py
[2024-11-12T08:03:09.167+0000] {processor.py:743} INFO - Processing file /home/airflow/.local/lib/python3.7/site-packages/airflow/example_dags/example_kubernetes_executor.py for tasks to queue
[2024-11-12T08:03:09.168+0000] {logging_mixin.py:137} INFO - [2024-11-12T08:03:09.168+0000] {dagbag.py:538} INFO - Filling up the DagBag from /home/airflow/.local/lib/python3.7/site-packages/airflow/example_dags/example_kubernetes_executor.py
[2024-11-12T08:03:09.202+0000] {processor.py:753} INFO - DAG(s) dict_keys(['example_kubernetes_executor']) retrieved from /home/airflow/.local/lib/python3.7/site-packages/airflow/example_dags/example_kubernetes_executor.py
[2024-11-12T08:03:09.239+0000] {logging_mixin.py:137} INFO - [2024-11-12T08:03:09.239+0000] {dag.py:2690} INFO - Sync 1 DAGs
[2024-11-12T08:03:09.269+0000] {logging_mixin.py:137} INFO - [2024-11-12T08:03:09.269+0000] {dag.py:3441} INFO - Setting next_dagrun for example_kubernetes_executor to None, run_after=None
[2024-11-12T08:03:09.290+0000] {processor.py:175} INFO - Processing /home/airflow/.local/lib/python3.7/site-packages/airflow/example_dags/example_kubernetes_executor.py took 0.129 seconds
[2024-11-12T08:03:39.793+0000] {processor.py:153} INFO - Started process (PID=212) to work on /home/airflow/.local/lib/python3.7/site-packages/airflow/example_dags/example_kubernetes_executor.py
[2024-11-12T08:03:39.794+0000] {processor.py:743} INFO - Processing file /home/airflow/.local/lib/python3.7/site-packages/airflow/example_dags/example_kubernetes_executor.py for tasks to queue
[2024-11-12T08:03:39.795+0000] {logging_mixin.py:137} INFO - [2024-11-12T08:03:39.795+0000] {dagbag.py:538} INFO - Filling up the DagBag from /home/airflow/.local/lib/python3.7/site-packages/airflow/example_dags/example_kubernetes_executor.py
[2024-11-12T08:03:39.822+0000] {processor.py:753} INFO - DAG(s) dict_keys(['example_kubernetes_executor']) retrieved from /home/airflow/.local/lib/python3.7/site-packages/airflow/example_dags/example_kubernetes_executor.py
[2024-11-12T08:03:39.854+0000] {logging_mixin.py:137} INFO - [2024-11-12T08:03:39.854+0000] {dag.py:2690} INFO - Sync 1 DAGs
[2024-11-12T08:03:39.882+0000] {logging_mixin.py:137} INFO - [2024-11-12T08:03:39.882+0000] {dag.py:3441} INFO - Setting next_dagrun for example_kubernetes_executor to None, run_after=None
[2024-11-12T08:03:39.906+0000] {processor.py:175} INFO - Processing /home/airflow/.local/lib/python3.7/site-packages/airflow/example_dags/example_kubernetes_executor.py took 0.116 seconds
[2024-11-12T08:04:10.375+0000] {processor.py:153} INFO - Started process (PID=299) to work on /home/airflow/.local/lib/python3.7/site-packages/airflow/example_dags/example_kubernetes_executor.py
[2024-11-12T08:04:10.377+0000] {processor.py:743} INFO - Processing file /home/airflow/.local/lib/python3.7/site-packages/airflow/example_dags/example_kubernetes_executor.py for tasks to queue
[2024-11-12T08:04:10.377+0000] {logging_mixin.py:137} INFO - [2024-11-12T08:04:10.377+0000] {dagbag.py:538} INFO - Filling up the DagBag from /home/airflow/.local/lib/python3.7/site-packages/airflow/example_dags/example_kubernetes_executor.py
[2024-11-12T08:04:10.414+0000] {processor.py:753} INFO - DAG(s) dict_keys(['example_kubernetes_executor']) retrieved from /home/airflow/.local/lib/python3.7/site-packages/airflow/example_dags/example_kubernetes_executor.py
[2024-11-12T08:04:10.468+0000] {logging_mixin.py:137} INFO - [2024-11-12T08:04:10.468+0000] {dag.py:2690} INFO - Sync 1 DAGs
[2024-11-12T08:04:10.498+0000] {logging_mixin.py:137} INFO - [2024-11-12T08:04:10.498+0000] {dag.py:3441} INFO - Setting next_dagrun for example_kubernetes_executor to None, run_after=None
[2024-11-12T08:04:10.522+0000] {processor.py:175} INFO - Processing /home/airflow/.local/lib/python3.7/site-packages/airflow/example_dags/example_kubernetes_executor.py took 0.151 seconds
[2024-11-12T08:04:41.304+0000] {processor.py:153} INFO - Started process (PID=370) to work on /home/airflow/.local/lib/python3.7/site-packages/airflow/example_dags/example_kubernetes_executor.py
[2024-11-12T08:04:41.305+0000] {processor.py:743} INFO - Processing file /home/airflow/.local/lib/python3.7/site-packages/airflow/example_dags/example_kubernetes_executor.py for tasks to queue
[2024-11-12T08:04:41.306+0000] {logging_mixin.py:137} INFO - [2024-11-12T08:04:41.306+0000] {dagbag.py:538} INFO - Filling up the DagBag from /home/airflow/.local/lib/python3.7/site-packages/airflow/example_dags/example_kubernetes_executor.py
[2024-11-12T08:04:41.336+0000] {processor.py:753} INFO - DAG(s) dict_keys(['example_kubernetes_executor']) retrieved from /home/airflow/.local/lib/python3.7/site-packages/airflow/example_dags/example_kubernetes_executor.py
[2024-11-12T08:04:41.367+0000] {logging_mixin.py:137} INFO - [2024-11-12T08:04:41.366+0000] {dag.py:2690} INFO - Sync 1 DAGs
[2024-11-12T08:04:41.395+0000] {logging_mixin.py:137} INFO - [2024-11-12T08:04:41.395+0000] {dag.py:3441} INFO - Setting next_dagrun for example_kubernetes_executor to None, run_after=None
[2024-11-12T08:04:41.421+0000] {processor.py:175} INFO - Processing /home/airflow/.local/lib/python3.7/site-packages/airflow/example_dags/example_kubernetes_executor.py took 0.122 seconds
[2024-11-12T08:05:11.595+0000] {processor.py:153} INFO - Started process (PID=457) to work on /home/airflow/.local/lib/python3.7/site-packages/airflow/example_dags/example_kubernetes_executor.py
[2024-11-12T08:05:11.596+0000] {processor.py:743} INFO - Processing file /home/airflow/.local/lib/python3.7/site-packages/airflow/example_dags/example_kubernetes_executor.py for tasks to queue
[2024-11-12T08:05:11.597+0000] {logging_mixin.py:137} INFO - [2024-11-12T08:05:11.597+0000] {dagbag.py:538} INFO - Filling up the DagBag from /home/airflow/.local/lib/python3.7/site-packages/airflow/example_dags/example_kubernetes_executor.py
[2024-11-12T08:05:11.635+0000] {processor.py:753} INFO - DAG(s) dict_keys(['example_kubernetes_executor']) retrieved from /home/airflow/.local/lib/python3.7/site-packages/airflow/example_dags/example_kubernetes_executor.py
[2024-11-12T08:05:11.667+0000] {logging_mixin.py:137} INFO - [2024-11-12T08:05:11.667+0000] {dag.py:2690} INFO - Sync 1 DAGs
[2024-11-12T08:05:11.697+0000] {logging_mixin.py:137} INFO - [2024-11-12T08:05:11.697+0000] {dag.py:3441} INFO - Setting next_dagrun for example_kubernetes_executor to None, run_after=None
[2024-11-12T08:05:11.731+0000] {processor.py:175} INFO - Processing /home/airflow/.local/lib/python3.7/site-packages/airflow/example_dags/example_kubernetes_executor.py took 0.140 seconds
[2024-11-12T08:05:42.450+0000] {processor.py:153} INFO - Started process (PID=528) to work on /home/airflow/.local/lib/python3.7/site-packages/airflow/example_dags/example_kubernetes_executor.py
[2024-11-12T08:05:42.452+0000] {processor.py:743} INFO - Processing file /home/airflow/.local/lib/python3.7/site-packages/airflow/example_dags/example_kubernetes_executor.py for tasks to queue
[2024-11-12T08:05:42.453+0000] {logging_mixin.py:137} INFO - [2024-11-12T08:05:42.453+0000] {dagbag.py:538} INFO - Filling up the DagBag from /home/airflow/.local/lib/python3.7/site-packages/airflow/example_dags/example_kubernetes_executor.py
[2024-11-12T08:05:42.479+0000] {processor.py:753} INFO - DAG(s) dict_keys(['example_kubernetes_executor']) retrieved from /home/airflow/.local/lib/python3.7/site-packages/airflow/example_dags/example_kubernetes_executor.py
[2024-11-12T08:05:42.508+0000] {logging_mixin.py:137} INFO - [2024-11-12T08:05:42.508+0000] {dag.py:2690} INFO - Sync 1 DAGs
[2024-11-12T08:05:42.531+0000] {logging_mixin.py:137} INFO - [2024-11-12T08:05:42.531+0000] {dag.py:3441} INFO - Setting next_dagrun for example_kubernetes_executor to None, run_after=None
[2024-11-12T08:05:42.552+0000] {processor.py:175} INFO - Processing /home/airflow/.local/lib/python3.7/site-packages/airflow/example_dags/example_kubernetes_executor.py took 0.106 seconds
[2024-11-12T08:06:13.841+0000] {processor.py:153} INFO - Started process (PID=615) to work on /home/airflow/.local/lib/python3.7/site-packages/airflow/example_dags/example_kubernetes_executor.py
[2024-11-12T08:06:13.842+0000] {processor.py:743} INFO - Processing file /home/airflow/.local/lib/python3.7/site-packages/airflow/example_dags/example_kubernetes_executor.py for tasks to queue
[2024-11-12T08:06:13.844+0000] {logging_mixin.py:137} INFO - [2024-11-12T08:06:13.843+0000] {dagbag.py:538} INFO - Filling up the DagBag from /home/airflow/.local/lib/python3.7/site-packages/airflow/example_dags/example_kubernetes_executor.py
[2024-11-12T08:06:13.905+0000] {processor.py:753} INFO - DAG(s) dict_keys(['example_kubernetes_executor']) retrieved from /home/airflow/.local/lib/python3.7/site-packages/airflow/example_dags/example_kubernetes_executor.py
[2024-11-12T08:06:13.960+0000] {logging_mixin.py:137} INFO - [2024-11-12T08:06:13.958+0000] {dag.py:2690} INFO - Sync 1 DAGs
[2024-11-12T08:06:14.036+0000] {logging_mixin.py:137} INFO - [2024-11-12T08:06:14.036+0000] {dag.py:3441} INFO - Setting next_dagrun for example_kubernetes_executor to None, run_after=None
[2024-11-12T08:06:14.074+0000] {processor.py:175} INFO - Processing /home/airflow/.local/lib/python3.7/site-packages/airflow/example_dags/example_kubernetes_executor.py took 0.240 seconds
[2024-11-12T08:06:44.803+0000] {processor.py:153} INFO - Started process (PID=686) to work on /home/airflow/.local/lib/python3.7/site-packages/airflow/example_dags/example_kubernetes_executor.py
[2024-11-12T08:06:44.804+0000] {processor.py:743} INFO - Processing file /home/airflow/.local/lib/python3.7/site-packages/airflow/example_dags/example_kubernetes_executor.py for tasks to queue
[2024-11-12T08:06:44.805+0000] {logging_mixin.py:137} INFO - [2024-11-12T08:06:44.805+0000] {dagbag.py:538} INFO - Filling up the DagBag from /home/airflow/.local/lib/python3.7/site-packages/airflow/example_dags/example_kubernetes_executor.py
[2024-11-12T08:06:44.835+0000] {processor.py:753} INFO - DAG(s) dict_keys(['example_kubernetes_executor']) retrieved from /home/airflow/.local/lib/python3.7/site-packages/airflow/example_dags/example_kubernetes_executor.py
[2024-11-12T08:06:44.865+0000] {logging_mixin.py:137} INFO - [2024-11-12T08:06:44.865+0000] {dag.py:2690} INFO - Sync 1 DAGs
[2024-11-12T08:06:44.889+0000] {logging_mixin.py:137} INFO - [2024-11-12T08:06:44.889+0000] {dag.py:3441} INFO - Setting next_dagrun for example_kubernetes_executor to None, run_after=None
[2024-11-12T08:06:44.911+0000] {processor.py:175} INFO - Processing /home/airflow/.local/lib/python3.7/site-packages/airflow/example_dags/example_kubernetes_executor.py took 0.111 seconds
[2024-11-12T08:07:14.934+0000] {processor.py:153} INFO - Started process (PID=773) to work on /home/airflow/.local/lib/python3.7/site-packages/airflow/example_dags/example_kubernetes_executor.py
[2024-11-12T08:07:14.935+0000] {processor.py:743} INFO - Processing file /home/airflow/.local/lib/python3.7/site-packages/airflow/example_dags/example_kubernetes_executor.py for tasks to queue
[2024-11-12T08:07:14.936+0000] {logging_mixin.py:137} INFO - [2024-11-12T08:07:14.936+0000] {dagbag.py:538} INFO - Filling up the DagBag from /home/airflow/.local/lib/python3.7/site-packages/airflow/example_dags/example_kubernetes_executor.py
[2024-11-12T08:07:14.976+0000] {processor.py:753} INFO - DAG(s) dict_keys(['example_kubernetes_executor']) retrieved from /home/airflow/.local/lib/python3.7/site-packages/airflow/example_dags/example_kubernetes_executor.py
[2024-11-12T08:07:15.031+0000] {logging_mixin.py:137} INFO - [2024-11-12T08:07:15.030+0000] {dag.py:2690} INFO - Sync 1 DAGs
[2024-11-12T08:07:15.107+0000] {logging_mixin.py:137} INFO - [2024-11-12T08:07:15.105+0000] {dag.py:3441} INFO - Setting next_dagrun for example_kubernetes_executor to None, run_after=None
[2024-11-12T08:07:15.147+0000] {processor.py:175} INFO - Processing /home/airflow/.local/lib/python3.7/site-packages/airflow/example_dags/example_kubernetes_executor.py took 0.218 seconds
[2024-11-12T08:07:45.715+0000] {processor.py:153} INFO - Started process (PID=844) to work on /home/airflow/.local/lib/python3.7/site-packages/airflow/example_dags/example_kubernetes_executor.py
[2024-11-12T08:07:45.716+0000] {processor.py:743} INFO - Processing file /home/airflow/.local/lib/python3.7/site-packages/airflow/example_dags/example_kubernetes_executor.py for tasks to queue
[2024-11-12T08:07:45.716+0000] {logging_mixin.py:137} INFO - [2024-11-12T08:07:45.716+0000] {dagbag.py:538} INFO - Filling up the DagBag from /home/airflow/.local/lib/python3.7/site-packages/airflow/example_dags/example_kubernetes_executor.py
[2024-11-12T08:07:45.746+0000] {processor.py:753} INFO - DAG(s) dict_keys(['example_kubernetes_executor']) retrieved from /home/airflow/.local/lib/python3.7/site-packages/airflow/example_dags/example_kubernetes_executor.py
[2024-11-12T08:07:45.775+0000] {logging_mixin.py:137} INFO - [2024-11-12T08:07:45.775+0000] {dag.py:2690} INFO - Sync 1 DAGs
[2024-11-12T08:07:45.797+0000] {logging_mixin.py:137} INFO - [2024-11-12T08:07:45.797+0000] {dag.py:3441} INFO - Setting next_dagrun for example_kubernetes_executor to None, run_after=None
[2024-11-12T08:07:45.820+0000] {processor.py:175} INFO - Processing /home/airflow/.local/lib/python3.7/site-packages/airflow/example_dags/example_kubernetes_executor.py took 0.109 seconds
[2024-11-12T08:08:15.902+0000] {processor.py:153} INFO - Started process (PID=915) to work on /home/airflow/.local/lib/python3.7/site-packages/airflow/example_dags/example_kubernetes_executor.py
[2024-11-12T08:08:15.904+0000] {processor.py:743} INFO - Processing file /home/airflow/.local/lib/python3.7/site-packages/airflow/example_dags/example_kubernetes_executor.py for tasks to queue
[2024-11-12T08:08:15.904+0000] {logging_mixin.py:137} INFO - [2024-11-12T08:08:15.904+0000] {dagbag.py:538} INFO - Filling up the DagBag from /home/airflow/.local/lib/python3.7/site-packages/airflow/example_dags/example_kubernetes_executor.py
[2024-11-12T08:08:15.931+0000] {processor.py:753} INFO - DAG(s) dict_keys(['example_kubernetes_executor']) retrieved from /home/airflow/.local/lib/python3.7/site-packages/airflow/example_dags/example_kubernetes_executor.py
[2024-11-12T08:08:15.959+0000] {logging_mixin.py:137} INFO - [2024-11-12T08:08:15.959+0000] {dag.py:2690} INFO - Sync 1 DAGs
[2024-11-12T08:08:15.984+0000] {logging_mixin.py:137} INFO - [2024-11-12T08:08:15.984+0000] {dag.py:3441} INFO - Setting next_dagrun for example_kubernetes_executor to None, run_after=None
[2024-11-12T08:08:16.007+0000] {processor.py:175} INFO - Processing /home/airflow/.local/lib/python3.7/site-packages/airflow/example_dags/example_kubernetes_executor.py took 0.107 seconds
[2024-11-12T08:08:46.496+0000] {processor.py:153} INFO - Started process (PID=986) to work on /home/airflow/.local/lib/python3.7/site-packages/airflow/example_dags/example_kubernetes_executor.py
[2024-11-12T08:08:46.498+0000] {processor.py:743} INFO - Processing file /home/airflow/.local/lib/python3.7/site-packages/airflow/example_dags/example_kubernetes_executor.py for tasks to queue
[2024-11-12T08:08:46.499+0000] {logging_mixin.py:137} INFO - [2024-11-12T08:08:46.498+0000] {dagbag.py:538} INFO - Filling up the DagBag from /home/airflow/.local/lib/python3.7/site-packages/airflow/example_dags/example_kubernetes_executor.py
[2024-11-12T08:08:46.526+0000] {processor.py:753} INFO - DAG(s) dict_keys(['example_kubernetes_executor']) retrieved from /home/airflow/.local/lib/python3.7/site-packages/airflow/example_dags/example_kubernetes_executor.py
[2024-11-12T08:08:46.555+0000] {logging_mixin.py:137} INFO - [2024-11-12T08:08:46.555+0000] {dag.py:2690} INFO - Sync 1 DAGs
[2024-11-12T08:08:46.577+0000] {logging_mixin.py:137} INFO - [2024-11-12T08:08:46.576+0000] {dag.py:3441} INFO - Setting next_dagrun for example_kubernetes_executor to None, run_after=None
[2024-11-12T08:08:46.598+0000] {processor.py:175} INFO - Processing /home/airflow/.local/lib/python3.7/site-packages/airflow/example_dags/example_kubernetes_executor.py took 0.106 seconds
[2024-11-12T08:09:17.588+0000] {processor.py:153} INFO - Started process (PID=1066) to work on /home/airflow/.local/lib/python3.7/site-packages/airflow/example_dags/example_kubernetes_executor.py
[2024-11-12T08:09:17.590+0000] {processor.py:743} INFO - Processing file /home/airflow/.local/lib/python3.7/site-packages/airflow/example_dags/example_kubernetes_executor.py for tasks to queue
[2024-11-12T08:09:17.591+0000] {logging_mixin.py:137} INFO - [2024-11-12T08:09:17.591+0000] {dagbag.py:538} INFO - Filling up the DagBag from /home/airflow/.local/lib/python3.7/site-packages/airflow/example_dags/example_kubernetes_executor.py
[2024-11-12T08:09:17.630+0000] {processor.py:753} INFO - DAG(s) dict_keys(['example_kubernetes_executor']) retrieved from /home/airflow/.local/lib/python3.7/site-packages/airflow/example_dags/example_kubernetes_executor.py
[2024-11-12T08:09:17.668+0000] {logging_mixin.py:137} INFO - [2024-11-12T08:09:17.668+0000] {dag.py:2690} INFO - Sync 1 DAGs
[2024-11-12T08:09:17.703+0000] {logging_mixin.py:137} INFO - [2024-11-12T08:09:17.703+0000] {dag.py:3441} INFO - Setting next_dagrun for example_kubernetes_executor to None, run_after=None
[2024-11-12T08:09:17.731+0000] {processor.py:175} INFO - Processing /home/airflow/.local/lib/python3.7/site-packages/airflow/example_dags/example_kubernetes_executor.py took 0.148 seconds
[2024-11-12T08:09:48.176+0000] {processor.py:153} INFO - Started process (PID=1145) to work on /home/airflow/.local/lib/python3.7/site-packages/airflow/example_dags/example_kubernetes_executor.py
[2024-11-12T08:09:48.177+0000] {processor.py:743} INFO - Processing file /home/airflow/.local/lib/python3.7/site-packages/airflow/example_dags/example_kubernetes_executor.py for tasks to queue
[2024-11-12T08:09:48.178+0000] {logging_mixin.py:137} INFO - [2024-11-12T08:09:48.178+0000] {dagbag.py:538} INFO - Filling up the DagBag from /home/airflow/.local/lib/python3.7/site-packages/airflow/example_dags/example_kubernetes_executor.py
[2024-11-12T08:09:48.203+0000] {processor.py:753} INFO - DAG(s) dict_keys(['example_kubernetes_executor']) retrieved from /home/airflow/.local/lib/python3.7/site-packages/airflow/example_dags/example_kubernetes_executor.py
[2024-11-12T08:09:48.230+0000] {logging_mixin.py:137} INFO - [2024-11-12T08:09:48.230+0000] {dag.py:2690} INFO - Sync 1 DAGs
[2024-11-12T08:09:48.251+0000] {logging_mixin.py:137} INFO - [2024-11-12T08:09:48.251+0000] {dag.py:3441} INFO - Setting next_dagrun for example_kubernetes_executor to None, run_after=None
[2024-11-12T08:09:48.272+0000] {processor.py:175} INFO - Processing /home/airflow/.local/lib/python3.7/site-packages/airflow/example_dags/example_kubernetes_executor.py took 0.099 seconds
[2024-11-12T08:10:18.588+0000] {processor.py:153} INFO - Started process (PID=1216) to work on /home/airflow/.local/lib/python3.7/site-packages/airflow/example_dags/example_kubernetes_executor.py
[2024-11-12T08:10:18.589+0000] {processor.py:743} INFO - Processing file /home/airflow/.local/lib/python3.7/site-packages/airflow/example_dags/example_kubernetes_executor.py for tasks to queue
[2024-11-12T08:10:18.590+0000] {logging_mixin.py:137} INFO - [2024-11-12T08:10:18.590+0000] {dagbag.py:538} INFO - Filling up the DagBag from /home/airflow/.local/lib/python3.7/site-packages/airflow/example_dags/example_kubernetes_executor.py
[2024-11-12T08:10:18.633+0000] {processor.py:753} INFO - DAG(s) dict_keys(['example_kubernetes_executor']) retrieved from /home/airflow/.local/lib/python3.7/site-packages/airflow/example_dags/example_kubernetes_executor.py
[2024-11-12T08:10:18.670+0000] {logging_mixin.py:137} INFO - [2024-11-12T08:10:18.670+0000] {dag.py:2690} INFO - Sync 1 DAGs
[2024-11-12T08:10:18.701+0000] {logging_mixin.py:137} INFO - [2024-11-12T08:10:18.701+0000] {dag.py:3441} INFO - Setting next_dagrun for example_kubernetes_executor to None, run_after=None
[2024-11-12T08:10:18.732+0000] {processor.py:175} INFO - Processing /home/airflow/.local/lib/python3.7/site-packages/airflow/example_dags/example_kubernetes_executor.py took 0.149 seconds
[2024-11-12T08:10:48.770+0000] {processor.py:153} INFO - Started process (PID=1303) to work on /home/airflow/.local/lib/python3.7/site-packages/airflow/example_dags/example_kubernetes_executor.py
[2024-11-12T08:10:48.771+0000] {processor.py:743} INFO - Processing file /home/airflow/.local/lib/python3.7/site-packages/airflow/example_dags/example_kubernetes_executor.py for tasks to queue
[2024-11-12T08:10:48.771+0000] {logging_mixin.py:137} INFO - [2024-11-12T08:10:48.771+0000] {dagbag.py:538} INFO - Filling up the DagBag from /home/airflow/.local/lib/python3.7/site-packages/airflow/example_dags/example_kubernetes_executor.py
[2024-11-12T08:10:48.799+0000] {processor.py:753} INFO - DAG(s) dict_keys(['example_kubernetes_executor']) retrieved from /home/airflow/.local/lib/python3.7/site-packages/airflow/example_dags/example_kubernetes_executor.py
[2024-11-12T08:10:48.829+0000] {logging_mixin.py:137} INFO - [2024-11-12T08:10:48.829+0000] {dag.py:2690} INFO - Sync 1 DAGs
[2024-11-12T08:10:48.851+0000] {logging_mixin.py:137} INFO - [2024-11-12T08:10:48.851+0000] {dag.py:3441} INFO - Setting next_dagrun for example_kubernetes_executor to None, run_after=None
[2024-11-12T08:10:48.873+0000] {processor.py:175} INFO - Processing /home/airflow/.local/lib/python3.7/site-packages/airflow/example_dags/example_kubernetes_executor.py took 0.107 seconds
