[2024-11-12T07:54:46.842+0000] {processor.py:153} INFO - Started process (PID=64) to work on /home/airflow/.local/lib/python3.7/site-packages/airflow/example_dags/example_external_task_marker_dag.py
[2024-11-12T07:54:46.843+0000] {processor.py:743} INFO - Processing file /home/airflow/.local/lib/python3.7/site-packages/airflow/example_dags/example_external_task_marker_dag.py for tasks to queue
[2024-11-12T07:54:46.845+0000] {logging_mixin.py:137} INFO - [2024-11-12T07:54:46.844+0000] {dagbag.py:538} INFO - Filling up the DagBag from /home/airflow/.local/lib/python3.7/site-packages/airflow/example_dags/example_external_task_marker_dag.py
[2024-11-12T07:54:46.878+0000] {processor.py:753} INFO - DAG(s) dict_keys(['example_external_task_marker_child', 'example_external_task_marker_parent']) retrieved from /home/airflow/.local/lib/python3.7/site-packages/airflow/example_dags/example_external_task_marker_dag.py
[2024-11-12T07:54:46.900+0000] {logging_mixin.py:137} INFO - [2024-11-12T07:54:46.900+0000] {dag.py:2690} INFO - Sync 2 DAGs
[2024-11-12T07:54:46.934+0000] {logging_mixin.py:137} INFO - [2024-11-12T07:54:46.933+0000] {dag.py:3441} INFO - Setting next_dagrun for example_external_task_marker_child to None, run_after=None
[2024-11-12T07:54:46.938+0000] {logging_mixin.py:137} INFO - [2024-11-12T07:54:46.938+0000] {dag.py:3441} INFO - Setting next_dagrun for example_external_task_marker_parent to None, run_after=None
[2024-11-12T07:54:46.959+0000] {processor.py:175} INFO - Processing /home/airflow/.local/lib/python3.7/site-packages/airflow/example_dags/example_external_task_marker_dag.py took 0.127 seconds
[2024-11-12T07:55:17.536+0000] {processor.py:153} INFO - Started process (PID=135) to work on /home/airflow/.local/lib/python3.7/site-packages/airflow/example_dags/example_external_task_marker_dag.py
[2024-11-12T07:55:17.538+0000] {processor.py:743} INFO - Processing file /home/airflow/.local/lib/python3.7/site-packages/airflow/example_dags/example_external_task_marker_dag.py for tasks to queue
[2024-11-12T07:55:17.538+0000] {logging_mixin.py:137} INFO - [2024-11-12T07:55:17.538+0000] {dagbag.py:538} INFO - Filling up the DagBag from /home/airflow/.local/lib/python3.7/site-packages/airflow/example_dags/example_external_task_marker_dag.py
[2024-11-12T07:55:17.554+0000] {processor.py:753} INFO - DAG(s) dict_keys(['example_external_task_marker_parent', 'example_external_task_marker_child']) retrieved from /home/airflow/.local/lib/python3.7/site-packages/airflow/example_dags/example_external_task_marker_dag.py
[2024-11-12T07:55:17.616+0000] {logging_mixin.py:137} INFO - [2024-11-12T07:55:17.616+0000] {dag.py:2690} INFO - Sync 2 DAGs
[2024-11-12T07:55:17.638+0000] {logging_mixin.py:137} INFO - [2024-11-12T07:55:17.638+0000] {dag.py:3441} INFO - Setting next_dagrun for example_external_task_marker_child to None, run_after=None
[2024-11-12T07:55:17.642+0000] {logging_mixin.py:137} INFO - [2024-11-12T07:55:17.642+0000] {dag.py:3441} INFO - Setting next_dagrun for example_external_task_marker_parent to None, run_after=None
[2024-11-12T07:55:17.664+0000] {processor.py:175} INFO - Processing /home/airflow/.local/lib/python3.7/site-packages/airflow/example_dags/example_external_task_marker_dag.py took 0.131 seconds
[2024-11-12T07:55:48.253+0000] {processor.py:153} INFO - Started process (PID=215) to work on /home/airflow/.local/lib/python3.7/site-packages/airflow/example_dags/example_external_task_marker_dag.py
[2024-11-12T07:55:48.254+0000] {processor.py:743} INFO - Processing file /home/airflow/.local/lib/python3.7/site-packages/airflow/example_dags/example_external_task_marker_dag.py for tasks to queue
[2024-11-12T07:55:48.255+0000] {logging_mixin.py:137} INFO - [2024-11-12T07:55:48.255+0000] {dagbag.py:538} INFO - Filling up the DagBag from /home/airflow/.local/lib/python3.7/site-packages/airflow/example_dags/example_external_task_marker_dag.py
[2024-11-12T07:55:48.274+0000] {processor.py:753} INFO - DAG(s) dict_keys(['example_external_task_marker_child', 'example_external_task_marker_parent']) retrieved from /home/airflow/.local/lib/python3.7/site-packages/airflow/example_dags/example_external_task_marker_dag.py
[2024-11-12T07:55:48.319+0000] {logging_mixin.py:137} INFO - [2024-11-12T07:55:48.319+0000] {dag.py:2690} INFO - Sync 2 DAGs
[2024-11-12T07:55:48.364+0000] {logging_mixin.py:137} INFO - [2024-11-12T07:55:48.364+0000] {dag.py:3441} INFO - Setting next_dagrun for example_external_task_marker_child to None, run_after=None
[2024-11-12T07:55:48.370+0000] {logging_mixin.py:137} INFO - [2024-11-12T07:55:48.369+0000] {dag.py:3441} INFO - Setting next_dagrun for example_external_task_marker_parent to None, run_after=None
[2024-11-12T07:55:48.393+0000] {processor.py:175} INFO - Processing /home/airflow/.local/lib/python3.7/site-packages/airflow/example_dags/example_external_task_marker_dag.py took 0.146 seconds
[2024-11-12T07:56:18.742+0000] {processor.py:153} INFO - Started process (PID=293) to work on /home/airflow/.local/lib/python3.7/site-packages/airflow/example_dags/example_external_task_marker_dag.py
[2024-11-12T07:56:18.743+0000] {processor.py:743} INFO - Processing file /home/airflow/.local/lib/python3.7/site-packages/airflow/example_dags/example_external_task_marker_dag.py for tasks to queue
[2024-11-12T07:56:18.744+0000] {logging_mixin.py:137} INFO - [2024-11-12T07:56:18.743+0000] {dagbag.py:538} INFO - Filling up the DagBag from /home/airflow/.local/lib/python3.7/site-packages/airflow/example_dags/example_external_task_marker_dag.py
[2024-11-12T07:56:18.759+0000] {processor.py:753} INFO - DAG(s) dict_keys(['example_external_task_marker_child', 'example_external_task_marker_parent']) retrieved from /home/airflow/.local/lib/python3.7/site-packages/airflow/example_dags/example_external_task_marker_dag.py
[2024-11-12T07:56:18.792+0000] {logging_mixin.py:137} INFO - [2024-11-12T07:56:18.791+0000] {dag.py:2690} INFO - Sync 2 DAGs
[2024-11-12T07:56:18.820+0000] {logging_mixin.py:137} INFO - [2024-11-12T07:56:18.820+0000] {dag.py:3441} INFO - Setting next_dagrun for example_external_task_marker_child to None, run_after=None
[2024-11-12T07:56:18.823+0000] {logging_mixin.py:137} INFO - [2024-11-12T07:56:18.823+0000] {dag.py:3441} INFO - Setting next_dagrun for example_external_task_marker_parent to None, run_after=None
[2024-11-12T07:56:18.846+0000] {processor.py:175} INFO - Processing /home/airflow/.local/lib/python3.7/site-packages/airflow/example_dags/example_external_task_marker_dag.py took 0.108 seconds
[2024-11-12T07:56:49.095+0000] {processor.py:153} INFO - Started process (PID=364) to work on /home/airflow/.local/lib/python3.7/site-packages/airflow/example_dags/example_external_task_marker_dag.py
[2024-11-12T07:56:49.096+0000] {processor.py:743} INFO - Processing file /home/airflow/.local/lib/python3.7/site-packages/airflow/example_dags/example_external_task_marker_dag.py for tasks to queue
[2024-11-12T07:56:49.097+0000] {logging_mixin.py:137} INFO - [2024-11-12T07:56:49.097+0000] {dagbag.py:538} INFO - Filling up the DagBag from /home/airflow/.local/lib/python3.7/site-packages/airflow/example_dags/example_external_task_marker_dag.py
[2024-11-12T07:56:49.116+0000] {processor.py:753} INFO - DAG(s) dict_keys(['example_external_task_marker_child', 'example_external_task_marker_parent']) retrieved from /home/airflow/.local/lib/python3.7/site-packages/airflow/example_dags/example_external_task_marker_dag.py
[2024-11-12T07:56:49.156+0000] {logging_mixin.py:137} INFO - [2024-11-12T07:56:49.155+0000] {dag.py:2690} INFO - Sync 2 DAGs
[2024-11-12T07:56:49.190+0000] {logging_mixin.py:137} INFO - [2024-11-12T07:56:49.189+0000] {dag.py:3441} INFO - Setting next_dagrun for example_external_task_marker_child to None, run_after=None
[2024-11-12T07:56:49.195+0000] {logging_mixin.py:137} INFO - [2024-11-12T07:56:49.195+0000] {dag.py:3441} INFO - Setting next_dagrun for example_external_task_marker_parent to None, run_after=None
[2024-11-12T07:56:49.222+0000] {processor.py:175} INFO - Processing /home/airflow/.local/lib/python3.7/site-packages/airflow/example_dags/example_external_task_marker_dag.py took 0.131 seconds
[2024-11-12T07:57:19.450+0000] {processor.py:153} INFO - Started process (PID=451) to work on /home/airflow/.local/lib/python3.7/site-packages/airflow/example_dags/example_external_task_marker_dag.py
[2024-11-12T07:57:19.451+0000] {processor.py:743} INFO - Processing file /home/airflow/.local/lib/python3.7/site-packages/airflow/example_dags/example_external_task_marker_dag.py for tasks to queue
[2024-11-12T07:57:19.452+0000] {logging_mixin.py:137} INFO - [2024-11-12T07:57:19.452+0000] {dagbag.py:538} INFO - Filling up the DagBag from /home/airflow/.local/lib/python3.7/site-packages/airflow/example_dags/example_external_task_marker_dag.py
[2024-11-12T07:57:19.465+0000] {processor.py:753} INFO - DAG(s) dict_keys(['example_external_task_marker_parent', 'example_external_task_marker_child']) retrieved from /home/airflow/.local/lib/python3.7/site-packages/airflow/example_dags/example_external_task_marker_dag.py
[2024-11-12T07:57:19.494+0000] {logging_mixin.py:137} INFO - [2024-11-12T07:57:19.493+0000] {dag.py:2690} INFO - Sync 2 DAGs
[2024-11-12T07:57:19.517+0000] {logging_mixin.py:137} INFO - [2024-11-12T07:57:19.517+0000] {dag.py:3441} INFO - Setting next_dagrun for example_external_task_marker_child to None, run_after=None
[2024-11-12T07:57:19.522+0000] {logging_mixin.py:137} INFO - [2024-11-12T07:57:19.521+0000] {dag.py:3441} INFO - Setting next_dagrun for example_external_task_marker_parent to None, run_after=None
[2024-11-12T07:57:19.543+0000] {processor.py:175} INFO - Processing /home/airflow/.local/lib/python3.7/site-packages/airflow/example_dags/example_external_task_marker_dag.py took 0.096 seconds
[2024-11-12T07:57:50.600+0000] {processor.py:153} INFO - Started process (PID=522) to work on /home/airflow/.local/lib/python3.7/site-packages/airflow/example_dags/example_external_task_marker_dag.py
[2024-11-12T07:57:50.601+0000] {processor.py:743} INFO - Processing file /home/airflow/.local/lib/python3.7/site-packages/airflow/example_dags/example_external_task_marker_dag.py for tasks to queue
[2024-11-12T07:57:50.602+0000] {logging_mixin.py:137} INFO - [2024-11-12T07:57:50.602+0000] {dagbag.py:538} INFO - Filling up the DagBag from /home/airflow/.local/lib/python3.7/site-packages/airflow/example_dags/example_external_task_marker_dag.py
[2024-11-12T07:57:50.618+0000] {processor.py:753} INFO - DAG(s) dict_keys(['example_external_task_marker_child', 'example_external_task_marker_parent']) retrieved from /home/airflow/.local/lib/python3.7/site-packages/airflow/example_dags/example_external_task_marker_dag.py
[2024-11-12T07:57:50.650+0000] {logging_mixin.py:137} INFO - [2024-11-12T07:57:50.649+0000] {dag.py:2690} INFO - Sync 2 DAGs
[2024-11-12T07:57:50.677+0000] {logging_mixin.py:137} INFO - [2024-11-12T07:57:50.677+0000] {dag.py:3441} INFO - Setting next_dagrun for example_external_task_marker_child to None, run_after=None
[2024-11-12T07:57:50.680+0000] {logging_mixin.py:137} INFO - [2024-11-12T07:57:50.680+0000] {dag.py:3441} INFO - Setting next_dagrun for example_external_task_marker_parent to None, run_after=None
[2024-11-12T07:57:50.703+0000] {processor.py:175} INFO - Processing /home/airflow/.local/lib/python3.7/site-packages/airflow/example_dags/example_external_task_marker_dag.py took 0.106 seconds
[2024-11-12T07:58:21.155+0000] {processor.py:153} INFO - Started process (PID=609) to work on /home/airflow/.local/lib/python3.7/site-packages/airflow/example_dags/example_external_task_marker_dag.py
[2024-11-12T07:58:21.156+0000] {processor.py:743} INFO - Processing file /home/airflow/.local/lib/python3.7/site-packages/airflow/example_dags/example_external_task_marker_dag.py for tasks to queue
[2024-11-12T07:58:21.156+0000] {logging_mixin.py:137} INFO - [2024-11-12T07:58:21.156+0000] {dagbag.py:538} INFO - Filling up the DagBag from /home/airflow/.local/lib/python3.7/site-packages/airflow/example_dags/example_external_task_marker_dag.py
[2024-11-12T07:58:21.169+0000] {processor.py:753} INFO - DAG(s) dict_keys(['example_external_task_marker_parent', 'example_external_task_marker_child']) retrieved from /home/airflow/.local/lib/python3.7/site-packages/airflow/example_dags/example_external_task_marker_dag.py
[2024-11-12T07:58:21.198+0000] {logging_mixin.py:137} INFO - [2024-11-12T07:58:21.198+0000] {dag.py:2690} INFO - Sync 2 DAGs
[2024-11-12T07:58:21.222+0000] {logging_mixin.py:137} INFO - [2024-11-12T07:58:21.222+0000] {dag.py:3441} INFO - Setting next_dagrun for example_external_task_marker_child to None, run_after=None
[2024-11-12T07:58:21.225+0000] {logging_mixin.py:137} INFO - [2024-11-12T07:58:21.225+0000] {dag.py:3441} INFO - Setting next_dagrun for example_external_task_marker_parent to None, run_after=None
[2024-11-12T07:58:21.247+0000] {processor.py:175} INFO - Processing /home/airflow/.local/lib/python3.7/site-packages/airflow/example_dags/example_external_task_marker_dag.py took 0.095 seconds
[2024-11-12T07:58:51.908+0000] {processor.py:153} INFO - Started process (PID=680) to work on /home/airflow/.local/lib/python3.7/site-packages/airflow/example_dags/example_external_task_marker_dag.py
[2024-11-12T07:58:51.909+0000] {processor.py:743} INFO - Processing file /home/airflow/.local/lib/python3.7/site-packages/airflow/example_dags/example_external_task_marker_dag.py for tasks to queue
[2024-11-12T07:58:51.910+0000] {logging_mixin.py:137} INFO - [2024-11-12T07:58:51.909+0000] {dagbag.py:538} INFO - Filling up the DagBag from /home/airflow/.local/lib/python3.7/site-packages/airflow/example_dags/example_external_task_marker_dag.py
[2024-11-12T07:58:51.931+0000] {processor.py:753} INFO - DAG(s) dict_keys(['example_external_task_marker_parent', 'example_external_task_marker_child']) retrieved from /home/airflow/.local/lib/python3.7/site-packages/airflow/example_dags/example_external_task_marker_dag.py
[2024-11-12T07:58:51.973+0000] {logging_mixin.py:137} INFO - [2024-11-12T07:58:51.973+0000] {dag.py:2690} INFO - Sync 2 DAGs
[2024-11-12T07:58:52.006+0000] {logging_mixin.py:137} INFO - [2024-11-12T07:58:52.006+0000] {dag.py:3441} INFO - Setting next_dagrun for example_external_task_marker_child to None, run_after=None
[2024-11-12T07:58:52.011+0000] {logging_mixin.py:137} INFO - [2024-11-12T07:58:52.011+0000] {dag.py:3441} INFO - Setting next_dagrun for example_external_task_marker_parent to None, run_after=None
[2024-11-12T07:58:52.037+0000] {processor.py:175} INFO - Processing /home/airflow/.local/lib/python3.7/site-packages/airflow/example_dags/example_external_task_marker_dag.py took 0.132 seconds
[2024-11-12T07:59:22.077+0000] {processor.py:153} INFO - Started process (PID=769) to work on /home/airflow/.local/lib/python3.7/site-packages/airflow/example_dags/example_external_task_marker_dag.py
[2024-11-12T07:59:22.078+0000] {processor.py:743} INFO - Processing file /home/airflow/.local/lib/python3.7/site-packages/airflow/example_dags/example_external_task_marker_dag.py for tasks to queue
[2024-11-12T07:59:22.079+0000] {logging_mixin.py:137} INFO - [2024-11-12T07:59:22.079+0000] {dagbag.py:538} INFO - Filling up the DagBag from /home/airflow/.local/lib/python3.7/site-packages/airflow/example_dags/example_external_task_marker_dag.py
[2024-11-12T07:59:22.092+0000] {processor.py:753} INFO - DAG(s) dict_keys(['example_external_task_marker_parent', 'example_external_task_marker_child']) retrieved from /home/airflow/.local/lib/python3.7/site-packages/airflow/example_dags/example_external_task_marker_dag.py
[2024-11-12T07:59:22.119+0000] {logging_mixin.py:137} INFO - [2024-11-12T07:59:22.119+0000] {dag.py:2690} INFO - Sync 2 DAGs
[2024-11-12T07:59:22.144+0000] {logging_mixin.py:137} INFO - [2024-11-12T07:59:22.144+0000] {dag.py:3441} INFO - Setting next_dagrun for example_external_task_marker_child to None, run_after=None
[2024-11-12T07:59:22.148+0000] {logging_mixin.py:137} INFO - [2024-11-12T07:59:22.147+0000] {dag.py:3441} INFO - Setting next_dagrun for example_external_task_marker_parent to None, run_after=None
[2024-11-12T07:59:22.168+0000] {processor.py:175} INFO - Processing /home/airflow/.local/lib/python3.7/site-packages/airflow/example_dags/example_external_task_marker_dag.py took 0.094 seconds
[2024-11-12T07:59:52.292+0000] {processor.py:153} INFO - Started process (PID=840) to work on /home/airflow/.local/lib/python3.7/site-packages/airflow/example_dags/example_external_task_marker_dag.py
[2024-11-12T07:59:52.293+0000] {processor.py:743} INFO - Processing file /home/airflow/.local/lib/python3.7/site-packages/airflow/example_dags/example_external_task_marker_dag.py for tasks to queue
[2024-11-12T07:59:52.294+0000] {logging_mixin.py:137} INFO - [2024-11-12T07:59:52.294+0000] {dagbag.py:538} INFO - Filling up the DagBag from /home/airflow/.local/lib/python3.7/site-packages/airflow/example_dags/example_external_task_marker_dag.py
[2024-11-12T07:59:52.307+0000] {processor.py:753} INFO - DAG(s) dict_keys(['example_external_task_marker_child', 'example_external_task_marker_parent']) retrieved from /home/airflow/.local/lib/python3.7/site-packages/airflow/example_dags/example_external_task_marker_dag.py
[2024-11-12T07:59:52.336+0000] {logging_mixin.py:137} INFO - [2024-11-12T07:59:52.336+0000] {dag.py:2690} INFO - Sync 2 DAGs
[2024-11-12T07:59:52.359+0000] {logging_mixin.py:137} INFO - [2024-11-12T07:59:52.359+0000] {dag.py:3441} INFO - Setting next_dagrun for example_external_task_marker_child to None, run_after=None
[2024-11-12T07:59:52.363+0000] {logging_mixin.py:137} INFO - [2024-11-12T07:59:52.363+0000] {dag.py:3441} INFO - Setting next_dagrun for example_external_task_marker_parent to None, run_after=None
[2024-11-12T07:59:52.384+0000] {processor.py:175} INFO - Processing /home/airflow/.local/lib/python3.7/site-packages/airflow/example_dags/example_external_task_marker_dag.py took 0.095 seconds
[2024-11-12T08:00:22.644+0000] {processor.py:153} INFO - Started process (PID=927) to work on /home/airflow/.local/lib/python3.7/site-packages/airflow/example_dags/example_external_task_marker_dag.py
[2024-11-12T08:00:22.645+0000] {processor.py:743} INFO - Processing file /home/airflow/.local/lib/python3.7/site-packages/airflow/example_dags/example_external_task_marker_dag.py for tasks to queue
[2024-11-12T08:00:22.646+0000] {logging_mixin.py:137} INFO - [2024-11-12T08:00:22.646+0000] {dagbag.py:538} INFO - Filling up the DagBag from /home/airflow/.local/lib/python3.7/site-packages/airflow/example_dags/example_external_task_marker_dag.py
[2024-11-12T08:00:22.663+0000] {processor.py:753} INFO - DAG(s) dict_keys(['example_external_task_marker_child', 'example_external_task_marker_parent']) retrieved from /home/airflow/.local/lib/python3.7/site-packages/airflow/example_dags/example_external_task_marker_dag.py
[2024-11-12T08:00:22.702+0000] {logging_mixin.py:137} INFO - [2024-11-12T08:00:22.702+0000] {dag.py:2690} INFO - Sync 2 DAGs
[2024-11-12T08:00:22.736+0000] {logging_mixin.py:137} INFO - [2024-11-12T08:00:22.736+0000] {dag.py:3441} INFO - Setting next_dagrun for example_external_task_marker_child to None, run_after=None
[2024-11-12T08:00:22.741+0000] {logging_mixin.py:137} INFO - [2024-11-12T08:00:22.741+0000] {dag.py:3441} INFO - Setting next_dagrun for example_external_task_marker_parent to None, run_after=None
[2024-11-12T08:00:22.771+0000] {processor.py:175} INFO - Processing /home/airflow/.local/lib/python3.7/site-packages/airflow/example_dags/example_external_task_marker_dag.py took 0.131 seconds
[2024-11-12T08:00:53.550+0000] {processor.py:153} INFO - Started process (PID=998) to work on /home/airflow/.local/lib/python3.7/site-packages/airflow/example_dags/example_external_task_marker_dag.py
[2024-11-12T08:00:53.552+0000] {processor.py:743} INFO - Processing file /home/airflow/.local/lib/python3.7/site-packages/airflow/example_dags/example_external_task_marker_dag.py for tasks to queue
[2024-11-12T08:00:53.553+0000] {logging_mixin.py:137} INFO - [2024-11-12T08:00:53.552+0000] {dagbag.py:538} INFO - Filling up the DagBag from /home/airflow/.local/lib/python3.7/site-packages/airflow/example_dags/example_external_task_marker_dag.py
[2024-11-12T08:00:53.567+0000] {processor.py:753} INFO - DAG(s) dict_keys(['example_external_task_marker_child', 'example_external_task_marker_parent']) retrieved from /home/airflow/.local/lib/python3.7/site-packages/airflow/example_dags/example_external_task_marker_dag.py
[2024-11-12T08:00:53.599+0000] {logging_mixin.py:137} INFO - [2024-11-12T08:00:53.599+0000] {dag.py:2690} INFO - Sync 2 DAGs
[2024-11-12T08:00:53.626+0000] {logging_mixin.py:137} INFO - [2024-11-12T08:00:53.625+0000] {dag.py:3441} INFO - Setting next_dagrun for example_external_task_marker_child to None, run_after=None
[2024-11-12T08:00:53.629+0000] {logging_mixin.py:137} INFO - [2024-11-12T08:00:53.629+0000] {dag.py:3441} INFO - Setting next_dagrun for example_external_task_marker_parent to None, run_after=None
[2024-11-12T08:00:53.651+0000] {processor.py:175} INFO - Processing /home/airflow/.local/lib/python3.7/site-packages/airflow/example_dags/example_external_task_marker_dag.py took 0.104 seconds
[2024-11-12T08:01:24.374+0000] {processor.py:153} INFO - Started process (PID=1085) to work on /home/airflow/.local/lib/python3.7/site-packages/airflow/example_dags/example_external_task_marker_dag.py
[2024-11-12T08:01:24.375+0000] {processor.py:743} INFO - Processing file /home/airflow/.local/lib/python3.7/site-packages/airflow/example_dags/example_external_task_marker_dag.py for tasks to queue
[2024-11-12T08:01:24.376+0000] {logging_mixin.py:137} INFO - [2024-11-12T08:01:24.376+0000] {dagbag.py:538} INFO - Filling up the DagBag from /home/airflow/.local/lib/python3.7/site-packages/airflow/example_dags/example_external_task_marker_dag.py
[2024-11-12T08:01:24.388+0000] {processor.py:753} INFO - DAG(s) dict_keys(['example_external_task_marker_child', 'example_external_task_marker_parent']) retrieved from /home/airflow/.local/lib/python3.7/site-packages/airflow/example_dags/example_external_task_marker_dag.py
[2024-11-12T08:01:24.419+0000] {logging_mixin.py:137} INFO - [2024-11-12T08:01:24.419+0000] {dag.py:2690} INFO - Sync 2 DAGs
[2024-11-12T08:01:24.445+0000] {logging_mixin.py:137} INFO - [2024-11-12T08:01:24.445+0000] {dag.py:3441} INFO - Setting next_dagrun for example_external_task_marker_child to None, run_after=None
[2024-11-12T08:01:24.448+0000] {logging_mixin.py:137} INFO - [2024-11-12T08:01:24.448+0000] {dag.py:3441} INFO - Setting next_dagrun for example_external_task_marker_parent to None, run_after=None
[2024-11-12T08:01:24.471+0000] {processor.py:175} INFO - Processing /home/airflow/.local/lib/python3.7/site-packages/airflow/example_dags/example_external_task_marker_dag.py took 0.099 seconds
[2024-11-12T08:02:37.381+0000] {processor.py:153} INFO - Started process (PID=46) to work on /home/airflow/.local/lib/python3.7/site-packages/airflow/example_dags/example_external_task_marker_dag.py
[2024-11-12T08:02:37.382+0000] {processor.py:743} INFO - Processing file /home/airflow/.local/lib/python3.7/site-packages/airflow/example_dags/example_external_task_marker_dag.py for tasks to queue
[2024-11-12T08:02:37.383+0000] {logging_mixin.py:137} INFO - [2024-11-12T08:02:37.383+0000] {dagbag.py:538} INFO - Filling up the DagBag from /home/airflow/.local/lib/python3.7/site-packages/airflow/example_dags/example_external_task_marker_dag.py
[2024-11-12T08:02:37.405+0000] {processor.py:753} INFO - DAG(s) dict_keys(['example_external_task_marker_child', 'example_external_task_marker_parent']) retrieved from /home/airflow/.local/lib/python3.7/site-packages/airflow/example_dags/example_external_task_marker_dag.py
[2024-11-12T08:02:37.424+0000] {logging_mixin.py:137} INFO - [2024-11-12T08:02:37.424+0000] {dag.py:2690} INFO - Sync 2 DAGs
[2024-11-12T08:02:37.463+0000] {logging_mixin.py:137} INFO - [2024-11-12T08:02:37.463+0000] {dag.py:3441} INFO - Setting next_dagrun for example_external_task_marker_child to None, run_after=None
[2024-11-12T08:02:37.467+0000] {logging_mixin.py:137} INFO - [2024-11-12T08:02:37.467+0000] {dag.py:3441} INFO - Setting next_dagrun for example_external_task_marker_parent to None, run_after=None
[2024-11-12T08:02:37.497+0000] {processor.py:175} INFO - Processing /home/airflow/.local/lib/python3.7/site-packages/airflow/example_dags/example_external_task_marker_dag.py took 0.121 seconds
[2024-11-12T08:03:08.435+0000] {processor.py:153} INFO - Started process (PID=133) to work on /home/airflow/.local/lib/python3.7/site-packages/airflow/example_dags/example_external_task_marker_dag.py
[2024-11-12T08:03:08.436+0000] {processor.py:743} INFO - Processing file /home/airflow/.local/lib/python3.7/site-packages/airflow/example_dags/example_external_task_marker_dag.py for tasks to queue
[2024-11-12T08:03:08.437+0000] {logging_mixin.py:137} INFO - [2024-11-12T08:03:08.437+0000] {dagbag.py:538} INFO - Filling up the DagBag from /home/airflow/.local/lib/python3.7/site-packages/airflow/example_dags/example_external_task_marker_dag.py
[2024-11-12T08:03:08.456+0000] {processor.py:753} INFO - DAG(s) dict_keys(['example_external_task_marker_parent', 'example_external_task_marker_child']) retrieved from /home/airflow/.local/lib/python3.7/site-packages/airflow/example_dags/example_external_task_marker_dag.py
[2024-11-12T08:03:08.543+0000] {logging_mixin.py:137} INFO - [2024-11-12T08:03:08.543+0000] {dag.py:2690} INFO - Sync 2 DAGs
[2024-11-12T08:03:08.574+0000] {logging_mixin.py:137} INFO - [2024-11-12T08:03:08.574+0000] {dag.py:3441} INFO - Setting next_dagrun for example_external_task_marker_child to None, run_after=None
[2024-11-12T08:03:08.579+0000] {logging_mixin.py:137} INFO - [2024-11-12T08:03:08.579+0000] {dag.py:3441} INFO - Setting next_dagrun for example_external_task_marker_parent to None, run_after=None
[2024-11-12T08:03:08.600+0000] {processor.py:175} INFO - Processing /home/airflow/.local/lib/python3.7/site-packages/airflow/example_dags/example_external_task_marker_dag.py took 0.169 seconds
[2024-11-12T08:03:39.272+0000] {processor.py:153} INFO - Started process (PID=204) to work on /home/airflow/.local/lib/python3.7/site-packages/airflow/example_dags/example_external_task_marker_dag.py
[2024-11-12T08:03:39.272+0000] {processor.py:743} INFO - Processing file /home/airflow/.local/lib/python3.7/site-packages/airflow/example_dags/example_external_task_marker_dag.py for tasks to queue
[2024-11-12T08:03:39.273+0000] {logging_mixin.py:137} INFO - [2024-11-12T08:03:39.273+0000] {dagbag.py:538} INFO - Filling up the DagBag from /home/airflow/.local/lib/python3.7/site-packages/airflow/example_dags/example_external_task_marker_dag.py
[2024-11-12T08:03:39.289+0000] {processor.py:753} INFO - DAG(s) dict_keys(['example_external_task_marker_parent', 'example_external_task_marker_child']) retrieved from /home/airflow/.local/lib/python3.7/site-packages/airflow/example_dags/example_external_task_marker_dag.py
[2024-11-12T08:03:39.318+0000] {logging_mixin.py:137} INFO - [2024-11-12T08:03:39.318+0000] {dag.py:2690} INFO - Sync 2 DAGs
[2024-11-12T08:03:39.343+0000] {logging_mixin.py:137} INFO - [2024-11-12T08:03:39.343+0000] {dag.py:3441} INFO - Setting next_dagrun for example_external_task_marker_child to None, run_after=None
[2024-11-12T08:03:39.347+0000] {logging_mixin.py:137} INFO - [2024-11-12T08:03:39.346+0000] {dag.py:3441} INFO - Setting next_dagrun for example_external_task_marker_parent to None, run_after=None
[2024-11-12T08:03:39.368+0000] {processor.py:175} INFO - Processing /home/airflow/.local/lib/python3.7/site-packages/airflow/example_dags/example_external_task_marker_dag.py took 0.101 seconds
[2024-11-12T08:04:09.800+0000] {processor.py:153} INFO - Started process (PID=291) to work on /home/airflow/.local/lib/python3.7/site-packages/airflow/example_dags/example_external_task_marker_dag.py
[2024-11-12T08:04:09.801+0000] {processor.py:743} INFO - Processing file /home/airflow/.local/lib/python3.7/site-packages/airflow/example_dags/example_external_task_marker_dag.py for tasks to queue
[2024-11-12T08:04:09.802+0000] {logging_mixin.py:137} INFO - [2024-11-12T08:04:09.802+0000] {dagbag.py:538} INFO - Filling up the DagBag from /home/airflow/.local/lib/python3.7/site-packages/airflow/example_dags/example_external_task_marker_dag.py
[2024-11-12T08:04:09.819+0000] {processor.py:753} INFO - DAG(s) dict_keys(['example_external_task_marker_child', 'example_external_task_marker_parent']) retrieved from /home/airflow/.local/lib/python3.7/site-packages/airflow/example_dags/example_external_task_marker_dag.py
[2024-11-12T08:04:09.853+0000] {logging_mixin.py:137} INFO - [2024-11-12T08:04:09.853+0000] {dag.py:2690} INFO - Sync 2 DAGs
[2024-11-12T08:04:09.880+0000] {logging_mixin.py:137} INFO - [2024-11-12T08:04:09.879+0000] {dag.py:3441} INFO - Setting next_dagrun for example_external_task_marker_child to None, run_after=None
[2024-11-12T08:04:09.883+0000] {logging_mixin.py:137} INFO - [2024-11-12T08:04:09.883+0000] {dag.py:3441} INFO - Setting next_dagrun for example_external_task_marker_parent to None, run_after=None
[2024-11-12T08:04:09.909+0000] {processor.py:175} INFO - Processing /home/airflow/.local/lib/python3.7/site-packages/airflow/example_dags/example_external_task_marker_dag.py took 0.114 seconds
[2024-11-12T08:04:40.718+0000] {processor.py:153} INFO - Started process (PID=362) to work on /home/airflow/.local/lib/python3.7/site-packages/airflow/example_dags/example_external_task_marker_dag.py
[2024-11-12T08:04:40.719+0000] {processor.py:743} INFO - Processing file /home/airflow/.local/lib/python3.7/site-packages/airflow/example_dags/example_external_task_marker_dag.py for tasks to queue
[2024-11-12T08:04:40.720+0000] {logging_mixin.py:137} INFO - [2024-11-12T08:04:40.720+0000] {dagbag.py:538} INFO - Filling up the DagBag from /home/airflow/.local/lib/python3.7/site-packages/airflow/example_dags/example_external_task_marker_dag.py
[2024-11-12T08:04:40.747+0000] {processor.py:753} INFO - DAG(s) dict_keys(['example_external_task_marker_child', 'example_external_task_marker_parent']) retrieved from /home/airflow/.local/lib/python3.7/site-packages/airflow/example_dags/example_external_task_marker_dag.py
[2024-11-12T08:04:40.783+0000] {logging_mixin.py:137} INFO - [2024-11-12T08:04:40.783+0000] {dag.py:2690} INFO - Sync 2 DAGs
[2024-11-12T08:04:40.815+0000] {logging_mixin.py:137} INFO - [2024-11-12T08:04:40.815+0000] {dag.py:3441} INFO - Setting next_dagrun for example_external_task_marker_child to None, run_after=None
[2024-11-12T08:04:40.818+0000] {logging_mixin.py:137} INFO - [2024-11-12T08:04:40.818+0000] {dag.py:3441} INFO - Setting next_dagrun for example_external_task_marker_parent to None, run_after=None
[2024-11-12T08:04:40.839+0000] {processor.py:175} INFO - Processing /home/airflow/.local/lib/python3.7/site-packages/airflow/example_dags/example_external_task_marker_dag.py took 0.127 seconds
[2024-11-12T08:05:11.002+0000] {processor.py:153} INFO - Started process (PID=449) to work on /home/airflow/.local/lib/python3.7/site-packages/airflow/example_dags/example_external_task_marker_dag.py
[2024-11-12T08:05:11.004+0000] {processor.py:743} INFO - Processing file /home/airflow/.local/lib/python3.7/site-packages/airflow/example_dags/example_external_task_marker_dag.py for tasks to queue
[2024-11-12T08:05:11.005+0000] {logging_mixin.py:137} INFO - [2024-11-12T08:05:11.004+0000] {dagbag.py:538} INFO - Filling up the DagBag from /home/airflow/.local/lib/python3.7/site-packages/airflow/example_dags/example_external_task_marker_dag.py
[2024-11-12T08:05:11.022+0000] {processor.py:753} INFO - DAG(s) dict_keys(['example_external_task_marker_parent', 'example_external_task_marker_child']) retrieved from /home/airflow/.local/lib/python3.7/site-packages/airflow/example_dags/example_external_task_marker_dag.py
[2024-11-12T08:05:11.055+0000] {logging_mixin.py:137} INFO - [2024-11-12T08:05:11.055+0000] {dag.py:2690} INFO - Sync 2 DAGs
[2024-11-12T08:05:11.088+0000] {logging_mixin.py:137} INFO - [2024-11-12T08:05:11.088+0000] {dag.py:3441} INFO - Setting next_dagrun for example_external_task_marker_child to None, run_after=None
[2024-11-12T08:05:11.092+0000] {logging_mixin.py:137} INFO - [2024-11-12T08:05:11.092+0000] {dag.py:3441} INFO - Setting next_dagrun for example_external_task_marker_parent to None, run_after=None
[2024-11-12T08:05:11.115+0000] {processor.py:175} INFO - Processing /home/airflow/.local/lib/python3.7/site-packages/airflow/example_dags/example_external_task_marker_dag.py took 0.117 seconds
[2024-11-12T08:05:41.946+0000] {processor.py:153} INFO - Started process (PID=520) to work on /home/airflow/.local/lib/python3.7/site-packages/airflow/example_dags/example_external_task_marker_dag.py
[2024-11-12T08:05:41.948+0000] {processor.py:743} INFO - Processing file /home/airflow/.local/lib/python3.7/site-packages/airflow/example_dags/example_external_task_marker_dag.py for tasks to queue
[2024-11-12T08:05:41.948+0000] {logging_mixin.py:137} INFO - [2024-11-12T08:05:41.948+0000] {dagbag.py:538} INFO - Filling up the DagBag from /home/airflow/.local/lib/python3.7/site-packages/airflow/example_dags/example_external_task_marker_dag.py
[2024-11-12T08:05:41.962+0000] {processor.py:753} INFO - DAG(s) dict_keys(['example_external_task_marker_child', 'example_external_task_marker_parent']) retrieved from /home/airflow/.local/lib/python3.7/site-packages/airflow/example_dags/example_external_task_marker_dag.py
[2024-11-12T08:05:41.991+0000] {logging_mixin.py:137} INFO - [2024-11-12T08:05:41.991+0000] {dag.py:2690} INFO - Sync 2 DAGs
[2024-11-12T08:05:42.017+0000] {logging_mixin.py:137} INFO - [2024-11-12T08:05:42.017+0000] {dag.py:3441} INFO - Setting next_dagrun for example_external_task_marker_child to None, run_after=None
[2024-11-12T08:05:42.020+0000] {logging_mixin.py:137} INFO - [2024-11-12T08:05:42.020+0000] {dag.py:3441} INFO - Setting next_dagrun for example_external_task_marker_parent to None, run_after=None
[2024-11-12T08:05:42.040+0000] {processor.py:175} INFO - Processing /home/airflow/.local/lib/python3.7/site-packages/airflow/example_dags/example_external_task_marker_dag.py took 0.098 seconds
[2024-11-12T08:06:12.936+0000] {processor.py:153} INFO - Started process (PID=607) to work on /home/airflow/.local/lib/python3.7/site-packages/airflow/example_dags/example_external_task_marker_dag.py
[2024-11-12T08:06:12.938+0000] {processor.py:743} INFO - Processing file /home/airflow/.local/lib/python3.7/site-packages/airflow/example_dags/example_external_task_marker_dag.py for tasks to queue
[2024-11-12T08:06:12.939+0000] {logging_mixin.py:137} INFO - [2024-11-12T08:06:12.938+0000] {dagbag.py:538} INFO - Filling up the DagBag from /home/airflow/.local/lib/python3.7/site-packages/airflow/example_dags/example_external_task_marker_dag.py
[2024-11-12T08:06:12.964+0000] {processor.py:753} INFO - DAG(s) dict_keys(['example_external_task_marker_parent', 'example_external_task_marker_child']) retrieved from /home/airflow/.local/lib/python3.7/site-packages/airflow/example_dags/example_external_task_marker_dag.py
[2024-11-12T08:06:13.003+0000] {logging_mixin.py:137} INFO - [2024-11-12T08:06:13.003+0000] {dag.py:2690} INFO - Sync 2 DAGs
[2024-11-12T08:06:13.044+0000] {logging_mixin.py:137} INFO - [2024-11-12T08:06:13.044+0000] {dag.py:3441} INFO - Setting next_dagrun for example_external_task_marker_child to None, run_after=None
[2024-11-12T08:06:13.051+0000] {logging_mixin.py:137} INFO - [2024-11-12T08:06:13.051+0000] {dag.py:3441} INFO - Setting next_dagrun for example_external_task_marker_parent to None, run_after=None
[2024-11-12T08:06:13.092+0000] {processor.py:175} INFO - Processing /home/airflow/.local/lib/python3.7/site-packages/airflow/example_dags/example_external_task_marker_dag.py took 0.161 seconds
[2024-11-12T08:06:43.315+0000] {processor.py:153} INFO - Started process (PID=678) to work on /home/airflow/.local/lib/python3.7/site-packages/airflow/example_dags/example_external_task_marker_dag.py
[2024-11-12T08:06:43.316+0000] {processor.py:743} INFO - Processing file /home/airflow/.local/lib/python3.7/site-packages/airflow/example_dags/example_external_task_marker_dag.py for tasks to queue
[2024-11-12T08:06:43.317+0000] {logging_mixin.py:137} INFO - [2024-11-12T08:06:43.317+0000] {dagbag.py:538} INFO - Filling up the DagBag from /home/airflow/.local/lib/python3.7/site-packages/airflow/example_dags/example_external_task_marker_dag.py
[2024-11-12T08:06:43.330+0000] {processor.py:753} INFO - DAG(s) dict_keys(['example_external_task_marker_parent', 'example_external_task_marker_child']) retrieved from /home/airflow/.local/lib/python3.7/site-packages/airflow/example_dags/example_external_task_marker_dag.py
[2024-11-12T08:06:43.359+0000] {logging_mixin.py:137} INFO - [2024-11-12T08:06:43.359+0000] {dag.py:2690} INFO - Sync 2 DAGs
[2024-11-12T08:06:43.383+0000] {logging_mixin.py:137} INFO - [2024-11-12T08:06:43.383+0000] {dag.py:3441} INFO - Setting next_dagrun for example_external_task_marker_child to None, run_after=None
[2024-11-12T08:06:43.386+0000] {logging_mixin.py:137} INFO - [2024-11-12T08:06:43.386+0000] {dag.py:3441} INFO - Setting next_dagrun for example_external_task_marker_parent to None, run_after=None
[2024-11-12T08:06:43.406+0000] {processor.py:175} INFO - Processing /home/airflow/.local/lib/python3.7/site-packages/airflow/example_dags/example_external_task_marker_dag.py took 0.095 seconds
[2024-11-12T08:07:14.322+0000] {processor.py:153} INFO - Started process (PID=765) to work on /home/airflow/.local/lib/python3.7/site-packages/airflow/example_dags/example_external_task_marker_dag.py
[2024-11-12T08:07:14.323+0000] {processor.py:743} INFO - Processing file /home/airflow/.local/lib/python3.7/site-packages/airflow/example_dags/example_external_task_marker_dag.py for tasks to queue
[2024-11-12T08:07:14.324+0000] {logging_mixin.py:137} INFO - [2024-11-12T08:07:14.324+0000] {dagbag.py:538} INFO - Filling up the DagBag from /home/airflow/.local/lib/python3.7/site-packages/airflow/example_dags/example_external_task_marker_dag.py
[2024-11-12T08:07:14.339+0000] {processor.py:753} INFO - DAG(s) dict_keys(['example_external_task_marker_child', 'example_external_task_marker_parent']) retrieved from /home/airflow/.local/lib/python3.7/site-packages/airflow/example_dags/example_external_task_marker_dag.py
[2024-11-12T08:07:14.373+0000] {logging_mixin.py:137} INFO - [2024-11-12T08:07:14.373+0000] {dag.py:2690} INFO - Sync 2 DAGs
[2024-11-12T08:07:14.404+0000] {logging_mixin.py:137} INFO - [2024-11-12T08:07:14.404+0000] {dag.py:3441} INFO - Setting next_dagrun for example_external_task_marker_child to None, run_after=None
[2024-11-12T08:07:14.409+0000] {logging_mixin.py:137} INFO - [2024-11-12T08:07:14.409+0000] {dag.py:3441} INFO - Setting next_dagrun for example_external_task_marker_parent to None, run_after=None
[2024-11-12T08:07:14.431+0000] {processor.py:175} INFO - Processing /home/airflow/.local/lib/python3.7/site-packages/airflow/example_dags/example_external_task_marker_dag.py took 0.114 seconds
[2024-11-12T08:07:45.083+0000] {processor.py:153} INFO - Started process (PID=836) to work on /home/airflow/.local/lib/python3.7/site-packages/airflow/example_dags/example_external_task_marker_dag.py
[2024-11-12T08:07:45.084+0000] {processor.py:743} INFO - Processing file /home/airflow/.local/lib/python3.7/site-packages/airflow/example_dags/example_external_task_marker_dag.py for tasks to queue
[2024-11-12T08:07:45.085+0000] {logging_mixin.py:137} INFO - [2024-11-12T08:07:45.085+0000] {dagbag.py:538} INFO - Filling up the DagBag from /home/airflow/.local/lib/python3.7/site-packages/airflow/example_dags/example_external_task_marker_dag.py
[2024-11-12T08:07:45.097+0000] {processor.py:753} INFO - DAG(s) dict_keys(['example_external_task_marker_parent', 'example_external_task_marker_child']) retrieved from /home/airflow/.local/lib/python3.7/site-packages/airflow/example_dags/example_external_task_marker_dag.py
[2024-11-12T08:07:45.124+0000] {logging_mixin.py:137} INFO - [2024-11-12T08:07:45.124+0000] {dag.py:2690} INFO - Sync 2 DAGs
[2024-11-12T08:07:45.146+0000] {logging_mixin.py:137} INFO - [2024-11-12T08:07:45.146+0000] {dag.py:3441} INFO - Setting next_dagrun for example_external_task_marker_child to None, run_after=None
[2024-11-12T08:07:45.149+0000] {logging_mixin.py:137} INFO - [2024-11-12T08:07:45.149+0000] {dag.py:3441} INFO - Setting next_dagrun for example_external_task_marker_parent to None, run_after=None
[2024-11-12T08:07:45.169+0000] {processor.py:175} INFO - Processing /home/airflow/.local/lib/python3.7/site-packages/airflow/example_dags/example_external_task_marker_dag.py took 0.090 seconds
[2024-11-12T08:08:15.329+0000] {processor.py:153} INFO - Started process (PID=907) to work on /home/airflow/.local/lib/python3.7/site-packages/airflow/example_dags/example_external_task_marker_dag.py
[2024-11-12T08:08:15.331+0000] {processor.py:743} INFO - Processing file /home/airflow/.local/lib/python3.7/site-packages/airflow/example_dags/example_external_task_marker_dag.py for tasks to queue
[2024-11-12T08:08:15.331+0000] {logging_mixin.py:137} INFO - [2024-11-12T08:08:15.331+0000] {dagbag.py:538} INFO - Filling up the DagBag from /home/airflow/.local/lib/python3.7/site-packages/airflow/example_dags/example_external_task_marker_dag.py
[2024-11-12T08:08:15.347+0000] {processor.py:753} INFO - DAG(s) dict_keys(['example_external_task_marker_parent', 'example_external_task_marker_child']) retrieved from /home/airflow/.local/lib/python3.7/site-packages/airflow/example_dags/example_external_task_marker_dag.py
[2024-11-12T08:08:15.375+0000] {logging_mixin.py:137} INFO - [2024-11-12T08:08:15.375+0000] {dag.py:2690} INFO - Sync 2 DAGs
[2024-11-12T08:08:15.399+0000] {logging_mixin.py:137} INFO - [2024-11-12T08:08:15.399+0000] {dag.py:3441} INFO - Setting next_dagrun for example_external_task_marker_child to None, run_after=None
[2024-11-12T08:08:15.403+0000] {logging_mixin.py:137} INFO - [2024-11-12T08:08:15.403+0000] {dag.py:3441} INFO - Setting next_dagrun for example_external_task_marker_parent to None, run_after=None
[2024-11-12T08:08:15.422+0000] {processor.py:175} INFO - Processing /home/airflow/.local/lib/python3.7/site-packages/airflow/example_dags/example_external_task_marker_dag.py took 0.096 seconds
[2024-11-12T08:08:46.005+0000] {processor.py:153} INFO - Started process (PID=978) to work on /home/airflow/.local/lib/python3.7/site-packages/airflow/example_dags/example_external_task_marker_dag.py
[2024-11-12T08:08:46.007+0000] {processor.py:743} INFO - Processing file /home/airflow/.local/lib/python3.7/site-packages/airflow/example_dags/example_external_task_marker_dag.py for tasks to queue
[2024-11-12T08:08:46.007+0000] {logging_mixin.py:137} INFO - [2024-11-12T08:08:46.007+0000] {dagbag.py:538} INFO - Filling up the DagBag from /home/airflow/.local/lib/python3.7/site-packages/airflow/example_dags/example_external_task_marker_dag.py
[2024-11-12T08:08:46.022+0000] {processor.py:753} INFO - DAG(s) dict_keys(['example_external_task_marker_child', 'example_external_task_marker_parent']) retrieved from /home/airflow/.local/lib/python3.7/site-packages/airflow/example_dags/example_external_task_marker_dag.py
[2024-11-12T08:08:46.050+0000] {logging_mixin.py:137} INFO - [2024-11-12T08:08:46.050+0000] {dag.py:2690} INFO - Sync 2 DAGs
[2024-11-12T08:08:46.074+0000] {logging_mixin.py:137} INFO - [2024-11-12T08:08:46.074+0000] {dag.py:3441} INFO - Setting next_dagrun for example_external_task_marker_child to None, run_after=None
[2024-11-12T08:08:46.078+0000] {logging_mixin.py:137} INFO - [2024-11-12T08:08:46.077+0000] {dag.py:3441} INFO - Setting next_dagrun for example_external_task_marker_parent to None, run_after=None
[2024-11-12T08:08:46.098+0000] {processor.py:175} INFO - Processing /home/airflow/.local/lib/python3.7/site-packages/airflow/example_dags/example_external_task_marker_dag.py took 0.096 seconds
[2024-11-12T08:09:17.002+0000] {processor.py:153} INFO - Started process (PID=1056) to work on /home/airflow/.local/lib/python3.7/site-packages/airflow/example_dags/example_external_task_marker_dag.py
[2024-11-12T08:09:17.003+0000] {processor.py:743} INFO - Processing file /home/airflow/.local/lib/python3.7/site-packages/airflow/example_dags/example_external_task_marker_dag.py for tasks to queue
[2024-11-12T08:09:17.004+0000] {logging_mixin.py:137} INFO - [2024-11-12T08:09:17.004+0000] {dagbag.py:538} INFO - Filling up the DagBag from /home/airflow/.local/lib/python3.7/site-packages/airflow/example_dags/example_external_task_marker_dag.py
[2024-11-12T08:09:17.019+0000] {processor.py:753} INFO - DAG(s) dict_keys(['example_external_task_marker_child', 'example_external_task_marker_parent']) retrieved from /home/airflow/.local/lib/python3.7/site-packages/airflow/example_dags/example_external_task_marker_dag.py
[2024-11-12T08:09:17.050+0000] {logging_mixin.py:137} INFO - [2024-11-12T08:09:17.049+0000] {dag.py:2690} INFO - Sync 2 DAGs
[2024-11-12T08:09:17.075+0000] {logging_mixin.py:137} INFO - [2024-11-12T08:09:17.075+0000] {dag.py:3441} INFO - Setting next_dagrun for example_external_task_marker_child to None, run_after=None
[2024-11-12T08:09:17.080+0000] {logging_mixin.py:137} INFO - [2024-11-12T08:09:17.080+0000] {dag.py:3441} INFO - Setting next_dagrun for example_external_task_marker_parent to None, run_after=None
[2024-11-12T08:09:17.102+0000] {processor.py:175} INFO - Processing /home/airflow/.local/lib/python3.7/site-packages/airflow/example_dags/example_external_task_marker_dag.py took 0.103 seconds
[2024-11-12T08:09:47.704+0000] {processor.py:153} INFO - Started process (PID=1137) to work on /home/airflow/.local/lib/python3.7/site-packages/airflow/example_dags/example_external_task_marker_dag.py
[2024-11-12T08:09:47.705+0000] {processor.py:743} INFO - Processing file /home/airflow/.local/lib/python3.7/site-packages/airflow/example_dags/example_external_task_marker_dag.py for tasks to queue
[2024-11-12T08:09:47.706+0000] {logging_mixin.py:137} INFO - [2024-11-12T08:09:47.706+0000] {dagbag.py:538} INFO - Filling up the DagBag from /home/airflow/.local/lib/python3.7/site-packages/airflow/example_dags/example_external_task_marker_dag.py
[2024-11-12T08:09:47.717+0000] {processor.py:753} INFO - DAG(s) dict_keys(['example_external_task_marker_parent', 'example_external_task_marker_child']) retrieved from /home/airflow/.local/lib/python3.7/site-packages/airflow/example_dags/example_external_task_marker_dag.py
[2024-11-12T08:09:47.745+0000] {logging_mixin.py:137} INFO - [2024-11-12T08:09:47.745+0000] {dag.py:2690} INFO - Sync 2 DAGs
[2024-11-12T08:09:47.768+0000] {logging_mixin.py:137} INFO - [2024-11-12T08:09:47.768+0000] {dag.py:3441} INFO - Setting next_dagrun for example_external_task_marker_child to None, run_after=None
[2024-11-12T08:09:47.771+0000] {logging_mixin.py:137} INFO - [2024-11-12T08:09:47.771+0000] {dag.py:3441} INFO - Setting next_dagrun for example_external_task_marker_parent to None, run_after=None
[2024-11-12T08:09:47.790+0000] {processor.py:175} INFO - Processing /home/airflow/.local/lib/python3.7/site-packages/airflow/example_dags/example_external_task_marker_dag.py took 0.089 seconds
[2024-11-12T08:10:17.962+0000] {processor.py:153} INFO - Started process (PID=1208) to work on /home/airflow/.local/lib/python3.7/site-packages/airflow/example_dags/example_external_task_marker_dag.py
[2024-11-12T08:10:17.964+0000] {processor.py:743} INFO - Processing file /home/airflow/.local/lib/python3.7/site-packages/airflow/example_dags/example_external_task_marker_dag.py for tasks to queue
[2024-11-12T08:10:17.965+0000] {logging_mixin.py:137} INFO - [2024-11-12T08:10:17.964+0000] {dagbag.py:538} INFO - Filling up the DagBag from /home/airflow/.local/lib/python3.7/site-packages/airflow/example_dags/example_external_task_marker_dag.py
[2024-11-12T08:10:17.983+0000] {processor.py:753} INFO - DAG(s) dict_keys(['example_external_task_marker_child', 'example_external_task_marker_parent']) retrieved from /home/airflow/.local/lib/python3.7/site-packages/airflow/example_dags/example_external_task_marker_dag.py
[2024-11-12T08:10:18.021+0000] {logging_mixin.py:137} INFO - [2024-11-12T08:10:18.021+0000] {dag.py:2690} INFO - Sync 2 DAGs
[2024-11-12T08:10:18.052+0000] {logging_mixin.py:137} INFO - [2024-11-12T08:10:18.052+0000] {dag.py:3441} INFO - Setting next_dagrun for example_external_task_marker_child to None, run_after=None
[2024-11-12T08:10:18.057+0000] {logging_mixin.py:137} INFO - [2024-11-12T08:10:18.057+0000] {dag.py:3441} INFO - Setting next_dagrun for example_external_task_marker_parent to None, run_after=None
[2024-11-12T08:10:18.082+0000] {processor.py:175} INFO - Processing /home/airflow/.local/lib/python3.7/site-packages/airflow/example_dags/example_external_task_marker_dag.py took 0.124 seconds
[2024-11-12T08:10:48.210+0000] {processor.py:153} INFO - Started process (PID=1295) to work on /home/airflow/.local/lib/python3.7/site-packages/airflow/example_dags/example_external_task_marker_dag.py
[2024-11-12T08:10:48.212+0000] {processor.py:743} INFO - Processing file /home/airflow/.local/lib/python3.7/site-packages/airflow/example_dags/example_external_task_marker_dag.py for tasks to queue
[2024-11-12T08:10:48.213+0000] {logging_mixin.py:137} INFO - [2024-11-12T08:10:48.212+0000] {dagbag.py:538} INFO - Filling up the DagBag from /home/airflow/.local/lib/python3.7/site-packages/airflow/example_dags/example_external_task_marker_dag.py
[2024-11-12T08:10:48.229+0000] {processor.py:753} INFO - DAG(s) dict_keys(['example_external_task_marker_child', 'example_external_task_marker_parent']) retrieved from /home/airflow/.local/lib/python3.7/site-packages/airflow/example_dags/example_external_task_marker_dag.py
[2024-11-12T08:10:48.259+0000] {logging_mixin.py:137} INFO - [2024-11-12T08:10:48.259+0000] {dag.py:2690} INFO - Sync 2 DAGs
[2024-11-12T08:10:48.284+0000] {logging_mixin.py:137} INFO - [2024-11-12T08:10:48.284+0000] {dag.py:3441} INFO - Setting next_dagrun for example_external_task_marker_child to None, run_after=None
[2024-11-12T08:10:48.287+0000] {logging_mixin.py:137} INFO - [2024-11-12T08:10:48.287+0000] {dag.py:3441} INFO - Setting next_dagrun for example_external_task_marker_parent to None, run_after=None
[2024-11-12T08:10:48.307+0000] {processor.py:175} INFO - Processing /home/airflow/.local/lib/python3.7/site-packages/airflow/example_dags/example_external_task_marker_dag.py took 0.100 seconds
[2024-11-12T08:11:18.503+0000] {processor.py:153} INFO - Started process (PID=1366) to work on /home/airflow/.local/lib/python3.7/site-packages/airflow/example_dags/example_external_task_marker_dag.py
[2024-11-12T08:11:18.505+0000] {processor.py:743} INFO - Processing file /home/airflow/.local/lib/python3.7/site-packages/airflow/example_dags/example_external_task_marker_dag.py for tasks to queue
[2024-11-12T08:11:18.505+0000] {logging_mixin.py:137} INFO - [2024-11-12T08:11:18.505+0000] {dagbag.py:538} INFO - Filling up the DagBag from /home/airflow/.local/lib/python3.7/site-packages/airflow/example_dags/example_external_task_marker_dag.py
[2024-11-12T08:11:18.521+0000] {processor.py:753} INFO - DAG(s) dict_keys(['example_external_task_marker_parent', 'example_external_task_marker_child']) retrieved from /home/airflow/.local/lib/python3.7/site-packages/airflow/example_dags/example_external_task_marker_dag.py
[2024-11-12T08:11:18.556+0000] {logging_mixin.py:137} INFO - [2024-11-12T08:11:18.556+0000] {dag.py:2690} INFO - Sync 2 DAGs
[2024-11-12T08:11:18.587+0000] {logging_mixin.py:137} INFO - [2024-11-12T08:11:18.587+0000] {dag.py:3441} INFO - Setting next_dagrun for example_external_task_marker_child to None, run_after=None
[2024-11-12T08:11:18.592+0000] {logging_mixin.py:137} INFO - [2024-11-12T08:11:18.592+0000] {dag.py:3441} INFO - Setting next_dagrun for example_external_task_marker_parent to None, run_after=None
[2024-11-12T08:11:18.616+0000] {processor.py:175} INFO - Processing /home/airflow/.local/lib/python3.7/site-packages/airflow/example_dags/example_external_task_marker_dag.py took 0.117 seconds
[2024-11-12T08:11:49.090+0000] {processor.py:153} INFO - Started process (PID=1454) to work on /home/airflow/.local/lib/python3.7/site-packages/airflow/example_dags/example_external_task_marker_dag.py
[2024-11-12T08:11:49.092+0000] {processor.py:743} INFO - Processing file /home/airflow/.local/lib/python3.7/site-packages/airflow/example_dags/example_external_task_marker_dag.py for tasks to queue
[2024-11-12T08:11:49.092+0000] {logging_mixin.py:137} INFO - [2024-11-12T08:11:49.092+0000] {dagbag.py:538} INFO - Filling up the DagBag from /home/airflow/.local/lib/python3.7/site-packages/airflow/example_dags/example_external_task_marker_dag.py
[2024-11-12T08:11:49.103+0000] {processor.py:753} INFO - DAG(s) dict_keys(['example_external_task_marker_child', 'example_external_task_marker_parent']) retrieved from /home/airflow/.local/lib/python3.7/site-packages/airflow/example_dags/example_external_task_marker_dag.py
[2024-11-12T08:11:49.131+0000] {logging_mixin.py:137} INFO - [2024-11-12T08:11:49.131+0000] {dag.py:2690} INFO - Sync 2 DAGs
[2024-11-12T08:11:49.155+0000] {logging_mixin.py:137} INFO - [2024-11-12T08:11:49.155+0000] {dag.py:3441} INFO - Setting next_dagrun for example_external_task_marker_child to None, run_after=None
[2024-11-12T08:11:49.159+0000] {logging_mixin.py:137} INFO - [2024-11-12T08:11:49.159+0000] {dag.py:3441} INFO - Setting next_dagrun for example_external_task_marker_parent to None, run_after=None
[2024-11-12T08:11:49.179+0000] {processor.py:175} INFO - Processing /home/airflow/.local/lib/python3.7/site-packages/airflow/example_dags/example_external_task_marker_dag.py took 0.092 seconds
[2024-11-12T08:12:19.264+0000] {processor.py:153} INFO - Started process (PID=1525) to work on /home/airflow/.local/lib/python3.7/site-packages/airflow/example_dags/example_external_task_marker_dag.py
[2024-11-12T08:12:19.265+0000] {processor.py:743} INFO - Processing file /home/airflow/.local/lib/python3.7/site-packages/airflow/example_dags/example_external_task_marker_dag.py for tasks to queue
[2024-11-12T08:12:19.266+0000] {logging_mixin.py:137} INFO - [2024-11-12T08:12:19.266+0000] {dagbag.py:538} INFO - Filling up the DagBag from /home/airflow/.local/lib/python3.7/site-packages/airflow/example_dags/example_external_task_marker_dag.py
[2024-11-12T08:12:19.278+0000] {processor.py:753} INFO - DAG(s) dict_keys(['example_external_task_marker_parent', 'example_external_task_marker_child']) retrieved from /home/airflow/.local/lib/python3.7/site-packages/airflow/example_dags/example_external_task_marker_dag.py
[2024-11-12T08:12:19.306+0000] {logging_mixin.py:137} INFO - [2024-11-12T08:12:19.306+0000] {dag.py:2690} INFO - Sync 2 DAGs
[2024-11-12T08:12:19.331+0000] {logging_mixin.py:137} INFO - [2024-11-12T08:12:19.331+0000] {dag.py:3441} INFO - Setting next_dagrun for example_external_task_marker_child to None, run_after=None
[2024-11-12T08:12:19.334+0000] {logging_mixin.py:137} INFO - [2024-11-12T08:12:19.334+0000] {dag.py:3441} INFO - Setting next_dagrun for example_external_task_marker_parent to None, run_after=None
[2024-11-12T08:12:19.354+0000] {processor.py:175} INFO - Processing /home/airflow/.local/lib/python3.7/site-packages/airflow/example_dags/example_external_task_marker_dag.py took 0.093 seconds
[2024-11-12T08:12:50.012+0000] {processor.py:153} INFO - Started process (PID=1612) to work on /home/airflow/.local/lib/python3.7/site-packages/airflow/example_dags/example_external_task_marker_dag.py
[2024-11-12T08:12:50.014+0000] {processor.py:743} INFO - Processing file /home/airflow/.local/lib/python3.7/site-packages/airflow/example_dags/example_external_task_marker_dag.py for tasks to queue
[2024-11-12T08:12:50.015+0000] {logging_mixin.py:137} INFO - [2024-11-12T08:12:50.015+0000] {dagbag.py:538} INFO - Filling up the DagBag from /home/airflow/.local/lib/python3.7/site-packages/airflow/example_dags/example_external_task_marker_dag.py
[2024-11-12T08:12:50.031+0000] {processor.py:753} INFO - DAG(s) dict_keys(['example_external_task_marker_child', 'example_external_task_marker_parent']) retrieved from /home/airflow/.local/lib/python3.7/site-packages/airflow/example_dags/example_external_task_marker_dag.py
[2024-11-12T08:12:50.065+0000] {logging_mixin.py:137} INFO - [2024-11-12T08:12:50.065+0000] {dag.py:2690} INFO - Sync 2 DAGs
[2024-11-12T08:12:50.107+0000] {logging_mixin.py:137} INFO - [2024-11-12T08:12:50.107+0000] {dag.py:3441} INFO - Setting next_dagrun for example_external_task_marker_child to None, run_after=None
[2024-11-12T08:12:50.112+0000] {logging_mixin.py:137} INFO - [2024-11-12T08:12:50.112+0000] {dag.py:3441} INFO - Setting next_dagrun for example_external_task_marker_parent to None, run_after=None
[2024-11-12T08:12:50.134+0000] {processor.py:175} INFO - Processing /home/airflow/.local/lib/python3.7/site-packages/airflow/example_dags/example_external_task_marker_dag.py took 0.126 seconds
