[2024-11-12T07:54:48.703+0000] {processor.py:153} INFO - Started process (PID=85) to work on /home/airflow/.local/lib/python3.7/site-packages/airflow/example_dags/example_xcomargs.py
[2024-11-12T07:54:48.704+0000] {processor.py:743} INFO - Processing file /home/airflow/.local/lib/python3.7/site-packages/airflow/example_dags/example_xcomargs.py for tasks to queue
[2024-11-12T07:54:48.705+0000] {logging_mixin.py:137} INFO - [2024-11-12T07:54:48.704+0000] {dagbag.py:538} INFO - Filling up the DagBag from /home/airflow/.local/lib/python3.7/site-packages/airflow/example_dags/example_xcomargs.py
[2024-11-12T07:54:48.736+0000] {processor.py:753} INFO - DAG(s) dict_keys(['example_xcom_args_with_operators', 'example_xcom_args']) retrieved from /home/airflow/.local/lib/python3.7/site-packages/airflow/example_dags/example_xcomargs.py
[2024-11-12T07:54:48.751+0000] {logging_mixin.py:137} INFO - [2024-11-12T07:54:48.750+0000] {dag.py:2690} INFO - Sync 2 DAGs
[2024-11-12T07:54:48.785+0000] {logging_mixin.py:137} INFO - [2024-11-12T07:54:48.785+0000] {dag.py:3441} INFO - Setting next_dagrun for example_xcom_args to None, run_after=None
[2024-11-12T07:54:48.790+0000] {logging_mixin.py:137} INFO - [2024-11-12T07:54:48.790+0000] {dag.py:3441} INFO - Setting next_dagrun for example_xcom_args_with_operators to None, run_after=None
[2024-11-12T07:54:48.816+0000] {processor.py:175} INFO - Processing /home/airflow/.local/lib/python3.7/site-packages/airflow/example_dags/example_xcomargs.py took 0.119 seconds
[2024-11-12T07:55:18.884+0000] {processor.py:153} INFO - Started process (PID=156) to work on /home/airflow/.local/lib/python3.7/site-packages/airflow/example_dags/example_xcomargs.py
[2024-11-12T07:55:18.886+0000] {processor.py:743} INFO - Processing file /home/airflow/.local/lib/python3.7/site-packages/airflow/example_dags/example_xcomargs.py for tasks to queue
[2024-11-12T07:55:18.886+0000] {logging_mixin.py:137} INFO - [2024-11-12T07:55:18.886+0000] {dagbag.py:538} INFO - Filling up the DagBag from /home/airflow/.local/lib/python3.7/site-packages/airflow/example_dags/example_xcomargs.py
[2024-11-12T07:55:18.909+0000] {processor.py:753} INFO - DAG(s) dict_keys(['example_xcom_args', 'example_xcom_args_with_operators']) retrieved from /home/airflow/.local/lib/python3.7/site-packages/airflow/example_dags/example_xcomargs.py
[2024-11-12T07:55:18.941+0000] {logging_mixin.py:137} INFO - [2024-11-12T07:55:18.940+0000] {dag.py:2690} INFO - Sync 2 DAGs
[2024-11-12T07:55:18.969+0000] {logging_mixin.py:137} INFO - [2024-11-12T07:55:18.969+0000] {dag.py:3441} INFO - Setting next_dagrun for example_xcom_args to None, run_after=None
[2024-11-12T07:55:18.973+0000] {logging_mixin.py:137} INFO - [2024-11-12T07:55:18.972+0000] {dag.py:3441} INFO - Setting next_dagrun for example_xcom_args_with_operators to None, run_after=None
[2024-11-12T07:55:18.992+0000] {processor.py:175} INFO - Processing /home/airflow/.local/lib/python3.7/site-packages/airflow/example_dags/example_xcomargs.py took 0.112 seconds
[2024-11-12T07:55:49.990+0000] {processor.py:153} INFO - Started process (PID=243) to work on /home/airflow/.local/lib/python3.7/site-packages/airflow/example_dags/example_xcomargs.py
[2024-11-12T07:55:49.991+0000] {processor.py:743} INFO - Processing file /home/airflow/.local/lib/python3.7/site-packages/airflow/example_dags/example_xcomargs.py for tasks to queue
[2024-11-12T07:55:49.992+0000] {logging_mixin.py:137} INFO - [2024-11-12T07:55:49.991+0000] {dagbag.py:538} INFO - Filling up the DagBag from /home/airflow/.local/lib/python3.7/site-packages/airflow/example_dags/example_xcomargs.py
[2024-11-12T07:55:50.025+0000] {processor.py:753} INFO - DAG(s) dict_keys(['example_xcom_args_with_operators', 'example_xcom_args']) retrieved from /home/airflow/.local/lib/python3.7/site-packages/airflow/example_dags/example_xcomargs.py
[2024-11-12T07:55:50.066+0000] {logging_mixin.py:137} INFO - [2024-11-12T07:55:50.066+0000] {dag.py:2690} INFO - Sync 2 DAGs
[2024-11-12T07:55:50.099+0000] {logging_mixin.py:137} INFO - [2024-11-12T07:55:50.099+0000] {dag.py:3441} INFO - Setting next_dagrun for example_xcom_args to None, run_after=None
[2024-11-12T07:55:50.104+0000] {logging_mixin.py:137} INFO - [2024-11-12T07:55:50.103+0000] {dag.py:3441} INFO - Setting next_dagrun for example_xcom_args_with_operators to None, run_after=None
[2024-11-12T07:55:50.127+0000] {processor.py:175} INFO - Processing /home/airflow/.local/lib/python3.7/site-packages/airflow/example_dags/example_xcomargs.py took 0.141 seconds
[2024-11-12T07:56:20.198+0000] {processor.py:153} INFO - Started process (PID=314) to work on /home/airflow/.local/lib/python3.7/site-packages/airflow/example_dags/example_xcomargs.py
[2024-11-12T07:56:20.199+0000] {processor.py:743} INFO - Processing file /home/airflow/.local/lib/python3.7/site-packages/airflow/example_dags/example_xcomargs.py for tasks to queue
[2024-11-12T07:56:20.200+0000] {logging_mixin.py:137} INFO - [2024-11-12T07:56:20.199+0000] {dagbag.py:538} INFO - Filling up the DagBag from /home/airflow/.local/lib/python3.7/site-packages/airflow/example_dags/example_xcomargs.py
[2024-11-12T07:56:20.225+0000] {processor.py:753} INFO - DAG(s) dict_keys(['example_xcom_args_with_operators', 'example_xcom_args']) retrieved from /home/airflow/.local/lib/python3.7/site-packages/airflow/example_dags/example_xcomargs.py
[2024-11-12T07:56:20.253+0000] {logging_mixin.py:137} INFO - [2024-11-12T07:56:20.253+0000] {dag.py:2690} INFO - Sync 2 DAGs
[2024-11-12T07:56:20.275+0000] {logging_mixin.py:137} INFO - [2024-11-12T07:56:20.275+0000] {dag.py:3441} INFO - Setting next_dagrun for example_xcom_args to None, run_after=None
[2024-11-12T07:56:20.279+0000] {logging_mixin.py:137} INFO - [2024-11-12T07:56:20.279+0000] {dag.py:3441} INFO - Setting next_dagrun for example_xcom_args_with_operators to None, run_after=None
[2024-11-12T07:56:20.299+0000] {processor.py:175} INFO - Processing /home/airflow/.local/lib/python3.7/site-packages/airflow/example_dags/example_xcomargs.py took 0.104 seconds
[2024-11-12T07:56:50.986+0000] {processor.py:153} INFO - Started process (PID=394) to work on /home/airflow/.local/lib/python3.7/site-packages/airflow/example_dags/example_xcomargs.py
[2024-11-12T07:56:50.987+0000] {processor.py:743} INFO - Processing file /home/airflow/.local/lib/python3.7/site-packages/airflow/example_dags/example_xcomargs.py for tasks to queue
[2024-11-12T07:56:50.988+0000] {logging_mixin.py:137} INFO - [2024-11-12T07:56:50.988+0000] {dagbag.py:538} INFO - Filling up the DagBag from /home/airflow/.local/lib/python3.7/site-packages/airflow/example_dags/example_xcomargs.py
[2024-11-12T07:56:51.026+0000] {processor.py:753} INFO - DAG(s) dict_keys(['example_xcom_args', 'example_xcom_args_with_operators']) retrieved from /home/airflow/.local/lib/python3.7/site-packages/airflow/example_dags/example_xcomargs.py
[2024-11-12T07:56:51.082+0000] {logging_mixin.py:137} INFO - [2024-11-12T07:56:51.082+0000] {dag.py:2690} INFO - Sync 2 DAGs
[2024-11-12T07:56:51.125+0000] {logging_mixin.py:137} INFO - [2024-11-12T07:56:51.125+0000] {dag.py:3441} INFO - Setting next_dagrun for example_xcom_args to None, run_after=None
[2024-11-12T07:56:51.132+0000] {logging_mixin.py:137} INFO - [2024-11-12T07:56:51.132+0000] {dag.py:3441} INFO - Setting next_dagrun for example_xcom_args_with_operators to None, run_after=None
[2024-11-12T07:56:51.164+0000] {processor.py:175} INFO - Processing /home/airflow/.local/lib/python3.7/site-packages/airflow/example_dags/example_xcomargs.py took 0.185 seconds
[2024-11-12T07:57:21.966+0000] {processor.py:153} INFO - Started process (PID=472) to work on /home/airflow/.local/lib/python3.7/site-packages/airflow/example_dags/example_xcomargs.py
[2024-11-12T07:57:21.968+0000] {processor.py:743} INFO - Processing file /home/airflow/.local/lib/python3.7/site-packages/airflow/example_dags/example_xcomargs.py for tasks to queue
[2024-11-12T07:57:21.968+0000] {logging_mixin.py:137} INFO - [2024-11-12T07:57:21.968+0000] {dagbag.py:538} INFO - Filling up the DagBag from /home/airflow/.local/lib/python3.7/site-packages/airflow/example_dags/example_xcomargs.py
[2024-11-12T07:57:21.989+0000] {processor.py:753} INFO - DAG(s) dict_keys(['example_xcom_args', 'example_xcom_args_with_operators']) retrieved from /home/airflow/.local/lib/python3.7/site-packages/airflow/example_dags/example_xcomargs.py
[2024-11-12T07:57:22.019+0000] {logging_mixin.py:137} INFO - [2024-11-12T07:57:22.018+0000] {dag.py:2690} INFO - Sync 2 DAGs
[2024-11-12T07:57:22.043+0000] {logging_mixin.py:137} INFO - [2024-11-12T07:57:22.043+0000] {dag.py:3441} INFO - Setting next_dagrun for example_xcom_args to None, run_after=None
[2024-11-12T07:57:22.047+0000] {logging_mixin.py:137} INFO - [2024-11-12T07:57:22.046+0000] {dag.py:3441} INFO - Setting next_dagrun for example_xcom_args_with_operators to None, run_after=None
[2024-11-12T07:57:22.067+0000] {processor.py:175} INFO - Processing /home/airflow/.local/lib/python3.7/site-packages/airflow/example_dags/example_xcomargs.py took 0.104 seconds
[2024-11-12T07:57:52.312+0000] {processor.py:153} INFO - Started process (PID=550) to work on /home/airflow/.local/lib/python3.7/site-packages/airflow/example_dags/example_xcomargs.py
[2024-11-12T07:57:52.313+0000] {processor.py:743} INFO - Processing file /home/airflow/.local/lib/python3.7/site-packages/airflow/example_dags/example_xcomargs.py for tasks to queue
[2024-11-12T07:57:52.314+0000] {logging_mixin.py:137} INFO - [2024-11-12T07:57:52.314+0000] {dagbag.py:538} INFO - Filling up the DagBag from /home/airflow/.local/lib/python3.7/site-packages/airflow/example_dags/example_xcomargs.py
[2024-11-12T07:57:52.349+0000] {processor.py:753} INFO - DAG(s) dict_keys(['example_xcom_args', 'example_xcom_args_with_operators']) retrieved from /home/airflow/.local/lib/python3.7/site-packages/airflow/example_dags/example_xcomargs.py
[2024-11-12T07:57:52.385+0000] {logging_mixin.py:137} INFO - [2024-11-12T07:57:52.385+0000] {dag.py:2690} INFO - Sync 2 DAGs
[2024-11-12T07:57:52.420+0000] {logging_mixin.py:137} INFO - [2024-11-12T07:57:52.420+0000] {dag.py:3441} INFO - Setting next_dagrun for example_xcom_args to None, run_after=None
[2024-11-12T07:57:52.425+0000] {logging_mixin.py:137} INFO - [2024-11-12T07:57:52.425+0000] {dag.py:3441} INFO - Setting next_dagrun for example_xcom_args_with_operators to None, run_after=None
[2024-11-12T07:57:52.445+0000] {processor.py:175} INFO - Processing /home/airflow/.local/lib/python3.7/site-packages/airflow/example_dags/example_xcomargs.py took 0.139 seconds
[2024-11-12T07:58:22.481+0000] {processor.py:153} INFO - Started process (PID=630) to work on /home/airflow/.local/lib/python3.7/site-packages/airflow/example_dags/example_xcomargs.py
[2024-11-12T07:58:22.482+0000] {processor.py:743} INFO - Processing file /home/airflow/.local/lib/python3.7/site-packages/airflow/example_dags/example_xcomargs.py for tasks to queue
[2024-11-12T07:58:22.483+0000] {logging_mixin.py:137} INFO - [2024-11-12T07:58:22.483+0000] {dagbag.py:538} INFO - Filling up the DagBag from /home/airflow/.local/lib/python3.7/site-packages/airflow/example_dags/example_xcomargs.py
[2024-11-12T07:58:22.505+0000] {processor.py:753} INFO - DAG(s) dict_keys(['example_xcom_args_with_operators', 'example_xcom_args']) retrieved from /home/airflow/.local/lib/python3.7/site-packages/airflow/example_dags/example_xcomargs.py
[2024-11-12T07:58:22.534+0000] {logging_mixin.py:137} INFO - [2024-11-12T07:58:22.534+0000] {dag.py:2690} INFO - Sync 2 DAGs
[2024-11-12T07:58:22.555+0000] {logging_mixin.py:137} INFO - [2024-11-12T07:58:22.554+0000] {dag.py:3441} INFO - Setting next_dagrun for example_xcom_args to None, run_after=None
[2024-11-12T07:58:22.558+0000] {logging_mixin.py:137} INFO - [2024-11-12T07:58:22.558+0000] {dag.py:3441} INFO - Setting next_dagrun for example_xcom_args_with_operators to None, run_after=None
[2024-11-12T07:58:22.576+0000] {processor.py:175} INFO - Processing /home/airflow/.local/lib/python3.7/site-packages/airflow/example_dags/example_xcomargs.py took 0.098 seconds
[2024-11-12T07:58:53.476+0000] {processor.py:153} INFO - Started process (PID=701) to work on /home/airflow/.local/lib/python3.7/site-packages/airflow/example_dags/example_xcomargs.py
[2024-11-12T07:58:53.478+0000] {processor.py:743} INFO - Processing file /home/airflow/.local/lib/python3.7/site-packages/airflow/example_dags/example_xcomargs.py for tasks to queue
[2024-11-12T07:58:53.480+0000] {logging_mixin.py:137} INFO - [2024-11-12T07:58:53.479+0000] {dagbag.py:538} INFO - Filling up the DagBag from /home/airflow/.local/lib/python3.7/site-packages/airflow/example_dags/example_xcomargs.py
[2024-11-12T07:58:53.517+0000] {processor.py:753} INFO - DAG(s) dict_keys(['example_xcom_args', 'example_xcom_args_with_operators']) retrieved from /home/airflow/.local/lib/python3.7/site-packages/airflow/example_dags/example_xcomargs.py
[2024-11-12T07:58:53.555+0000] {logging_mixin.py:137} INFO - [2024-11-12T07:58:53.555+0000] {dag.py:2690} INFO - Sync 2 DAGs
[2024-11-12T07:58:53.600+0000] {logging_mixin.py:137} INFO - [2024-11-12T07:58:53.599+0000] {dag.py:3441} INFO - Setting next_dagrun for example_xcom_args to None, run_after=None
[2024-11-12T07:58:53.605+0000] {logging_mixin.py:137} INFO - [2024-11-12T07:58:53.605+0000] {dag.py:3441} INFO - Setting next_dagrun for example_xcom_args_with_operators to None, run_after=None
[2024-11-12T07:58:53.633+0000] {processor.py:175} INFO - Processing /home/airflow/.local/lib/python3.7/site-packages/airflow/example_dags/example_xcomargs.py took 0.162 seconds
[2024-11-12T07:59:23.745+0000] {processor.py:153} INFO - Started process (PID=790) to work on /home/airflow/.local/lib/python3.7/site-packages/airflow/example_dags/example_xcomargs.py
[2024-11-12T07:59:23.746+0000] {processor.py:743} INFO - Processing file /home/airflow/.local/lib/python3.7/site-packages/airflow/example_dags/example_xcomargs.py for tasks to queue
[2024-11-12T07:59:23.747+0000] {logging_mixin.py:137} INFO - [2024-11-12T07:59:23.747+0000] {dagbag.py:538} INFO - Filling up the DagBag from /home/airflow/.local/lib/python3.7/site-packages/airflow/example_dags/example_xcomargs.py
[2024-11-12T07:59:23.769+0000] {processor.py:753} INFO - DAG(s) dict_keys(['example_xcom_args', 'example_xcom_args_with_operators']) retrieved from /home/airflow/.local/lib/python3.7/site-packages/airflow/example_dags/example_xcomargs.py
[2024-11-12T07:59:23.800+0000] {logging_mixin.py:137} INFO - [2024-11-12T07:59:23.799+0000] {dag.py:2690} INFO - Sync 2 DAGs
[2024-11-12T07:59:23.828+0000] {logging_mixin.py:137} INFO - [2024-11-12T07:59:23.828+0000] {dag.py:3441} INFO - Setting next_dagrun for example_xcom_args to None, run_after=None
[2024-11-12T07:59:23.834+0000] {logging_mixin.py:137} INFO - [2024-11-12T07:59:23.833+0000] {dag.py:3441} INFO - Setting next_dagrun for example_xcom_args_with_operators to None, run_after=None
[2024-11-12T07:59:23.857+0000] {processor.py:175} INFO - Processing /home/airflow/.local/lib/python3.7/site-packages/airflow/example_dags/example_xcomargs.py took 0.116 seconds
[2024-11-12T07:59:53.877+0000] {processor.py:153} INFO - Started process (PID=861) to work on /home/airflow/.local/lib/python3.7/site-packages/airflow/example_dags/example_xcomargs.py
[2024-11-12T07:59:53.878+0000] {processor.py:743} INFO - Processing file /home/airflow/.local/lib/python3.7/site-packages/airflow/example_dags/example_xcomargs.py for tasks to queue
[2024-11-12T07:59:53.879+0000] {logging_mixin.py:137} INFO - [2024-11-12T07:59:53.879+0000] {dagbag.py:538} INFO - Filling up the DagBag from /home/airflow/.local/lib/python3.7/site-packages/airflow/example_dags/example_xcomargs.py
[2024-11-12T07:59:53.909+0000] {processor.py:753} INFO - DAG(s) dict_keys(['example_xcom_args', 'example_xcom_args_with_operators']) retrieved from /home/airflow/.local/lib/python3.7/site-packages/airflow/example_dags/example_xcomargs.py
[2024-11-12T07:59:53.947+0000] {logging_mixin.py:137} INFO - [2024-11-12T07:59:53.947+0000] {dag.py:2690} INFO - Sync 2 DAGs
[2024-11-12T07:59:53.974+0000] {logging_mixin.py:137} INFO - [2024-11-12T07:59:53.974+0000] {dag.py:3441} INFO - Setting next_dagrun for example_xcom_args to None, run_after=None
[2024-11-12T07:59:53.980+0000] {logging_mixin.py:137} INFO - [2024-11-12T07:59:53.980+0000] {dag.py:3441} INFO - Setting next_dagrun for example_xcom_args_with_operators to None, run_after=None
[2024-11-12T07:59:54.002+0000] {processor.py:175} INFO - Processing /home/airflow/.local/lib/python3.7/site-packages/airflow/example_dags/example_xcomargs.py took 0.129 seconds
[2024-11-12T08:00:24.030+0000] {processor.py:153} INFO - Started process (PID=948) to work on /home/airflow/.local/lib/python3.7/site-packages/airflow/example_dags/example_xcomargs.py
[2024-11-12T08:00:24.031+0000] {processor.py:743} INFO - Processing file /home/airflow/.local/lib/python3.7/site-packages/airflow/example_dags/example_xcomargs.py for tasks to queue
[2024-11-12T08:00:24.032+0000] {logging_mixin.py:137} INFO - [2024-11-12T08:00:24.032+0000] {dagbag.py:538} INFO - Filling up the DagBag from /home/airflow/.local/lib/python3.7/site-packages/airflow/example_dags/example_xcomargs.py
[2024-11-12T08:00:24.055+0000] {processor.py:753} INFO - DAG(s) dict_keys(['example_xcom_args', 'example_xcom_args_with_operators']) retrieved from /home/airflow/.local/lib/python3.7/site-packages/airflow/example_dags/example_xcomargs.py
[2024-11-12T08:00:24.084+0000] {logging_mixin.py:137} INFO - [2024-11-12T08:00:24.084+0000] {dag.py:2690} INFO - Sync 2 DAGs
[2024-11-12T08:00:24.107+0000] {logging_mixin.py:137} INFO - [2024-11-12T08:00:24.107+0000] {dag.py:3441} INFO - Setting next_dagrun for example_xcom_args to None, run_after=None
[2024-11-12T08:00:24.111+0000] {logging_mixin.py:137} INFO - [2024-11-12T08:00:24.111+0000] {dag.py:3441} INFO - Setting next_dagrun for example_xcom_args_with_operators to None, run_after=None
[2024-11-12T08:00:24.132+0000] {processor.py:175} INFO - Processing /home/airflow/.local/lib/python3.7/site-packages/airflow/example_dags/example_xcomargs.py took 0.105 seconds
[2024-11-12T08:00:54.852+0000] {processor.py:153} INFO - Started process (PID=1019) to work on /home/airflow/.local/lib/python3.7/site-packages/airflow/example_dags/example_xcomargs.py
[2024-11-12T08:00:54.853+0000] {processor.py:743} INFO - Processing file /home/airflow/.local/lib/python3.7/site-packages/airflow/example_dags/example_xcomargs.py for tasks to queue
[2024-11-12T08:00:54.854+0000] {logging_mixin.py:137} INFO - [2024-11-12T08:00:54.854+0000] {dagbag.py:538} INFO - Filling up the DagBag from /home/airflow/.local/lib/python3.7/site-packages/airflow/example_dags/example_xcomargs.py
[2024-11-12T08:00:54.876+0000] {processor.py:753} INFO - DAG(s) dict_keys(['example_xcom_args_with_operators', 'example_xcom_args']) retrieved from /home/airflow/.local/lib/python3.7/site-packages/airflow/example_dags/example_xcomargs.py
[2024-11-12T08:00:54.906+0000] {logging_mixin.py:137} INFO - [2024-11-12T08:00:54.906+0000] {dag.py:2690} INFO - Sync 2 DAGs
[2024-11-12T08:00:54.933+0000] {logging_mixin.py:137} INFO - [2024-11-12T08:00:54.933+0000] {dag.py:3441} INFO - Setting next_dagrun for example_xcom_args to None, run_after=None
[2024-11-12T08:00:54.937+0000] {logging_mixin.py:137} INFO - [2024-11-12T08:00:54.936+0000] {dag.py:3441} INFO - Setting next_dagrun for example_xcom_args_with_operators to None, run_after=None
[2024-11-12T08:00:54.959+0000] {processor.py:175} INFO - Processing /home/airflow/.local/lib/python3.7/site-packages/airflow/example_dags/example_xcomargs.py took 0.110 seconds
[2024-11-12T08:01:25.860+0000] {processor.py:153} INFO - Started process (PID=1106) to work on /home/airflow/.local/lib/python3.7/site-packages/airflow/example_dags/example_xcomargs.py
[2024-11-12T08:01:25.862+0000] {processor.py:743} INFO - Processing file /home/airflow/.local/lib/python3.7/site-packages/airflow/example_dags/example_xcomargs.py for tasks to queue
[2024-11-12T08:01:25.862+0000] {logging_mixin.py:137} INFO - [2024-11-12T08:01:25.862+0000] {dagbag.py:538} INFO - Filling up the DagBag from /home/airflow/.local/lib/python3.7/site-packages/airflow/example_dags/example_xcomargs.py
[2024-11-12T08:01:25.886+0000] {processor.py:753} INFO - DAG(s) dict_keys(['example_xcom_args_with_operators', 'example_xcom_args']) retrieved from /home/airflow/.local/lib/python3.7/site-packages/airflow/example_dags/example_xcomargs.py
[2024-11-12T08:01:25.926+0000] {logging_mixin.py:137} INFO - [2024-11-12T08:01:25.925+0000] {dag.py:2690} INFO - Sync 2 DAGs
[2024-11-12T08:01:25.951+0000] {logging_mixin.py:137} INFO - [2024-11-12T08:01:25.951+0000] {dag.py:3441} INFO - Setting next_dagrun for example_xcom_args to None, run_after=None
[2024-11-12T08:01:25.955+0000] {logging_mixin.py:137} INFO - [2024-11-12T08:01:25.955+0000] {dag.py:3441} INFO - Setting next_dagrun for example_xcom_args_with_operators to None, run_after=None
[2024-11-12T08:01:25.973+0000] {processor.py:175} INFO - Processing /home/airflow/.local/lib/python3.7/site-packages/airflow/example_dags/example_xcomargs.py took 0.116 seconds
[2024-11-12T08:02:39.185+0000] {processor.py:153} INFO - Started process (PID=67) to work on /home/airflow/.local/lib/python3.7/site-packages/airflow/example_dags/example_xcomargs.py
[2024-11-12T08:02:39.187+0000] {processor.py:743} INFO - Processing file /home/airflow/.local/lib/python3.7/site-packages/airflow/example_dags/example_xcomargs.py for tasks to queue
[2024-11-12T08:02:39.188+0000] {logging_mixin.py:137} INFO - [2024-11-12T08:02:39.188+0000] {dagbag.py:538} INFO - Filling up the DagBag from /home/airflow/.local/lib/python3.7/site-packages/airflow/example_dags/example_xcomargs.py
[2024-11-12T08:02:39.231+0000] {processor.py:753} INFO - DAG(s) dict_keys(['example_xcom_args', 'example_xcom_args_with_operators']) retrieved from /home/airflow/.local/lib/python3.7/site-packages/airflow/example_dags/example_xcomargs.py
[2024-11-12T08:02:39.253+0000] {logging_mixin.py:137} INFO - [2024-11-12T08:02:39.253+0000] {dag.py:2690} INFO - Sync 2 DAGs
[2024-11-12T08:02:39.289+0000] {logging_mixin.py:137} INFO - [2024-11-12T08:02:39.289+0000] {dag.py:3441} INFO - Setting next_dagrun for example_xcom_args to None, run_after=None
[2024-11-12T08:02:39.296+0000] {logging_mixin.py:137} INFO - [2024-11-12T08:02:39.296+0000] {dag.py:3441} INFO - Setting next_dagrun for example_xcom_args_with_operators to None, run_after=None
[2024-11-12T08:02:39.327+0000] {processor.py:175} INFO - Processing /home/airflow/.local/lib/python3.7/site-packages/airflow/example_dags/example_xcomargs.py took 0.149 seconds
[2024-11-12T08:03:10.089+0000] {processor.py:153} INFO - Started process (PID=154) to work on /home/airflow/.local/lib/python3.7/site-packages/airflow/example_dags/example_xcomargs.py
[2024-11-12T08:03:10.091+0000] {processor.py:743} INFO - Processing file /home/airflow/.local/lib/python3.7/site-packages/airflow/example_dags/example_xcomargs.py for tasks to queue
[2024-11-12T08:03:10.092+0000] {logging_mixin.py:137} INFO - [2024-11-12T08:03:10.092+0000] {dagbag.py:538} INFO - Filling up the DagBag from /home/airflow/.local/lib/python3.7/site-packages/airflow/example_dags/example_xcomargs.py
[2024-11-12T08:03:10.124+0000] {processor.py:753} INFO - DAG(s) dict_keys(['example_xcom_args', 'example_xcom_args_with_operators']) retrieved from /home/airflow/.local/lib/python3.7/site-packages/airflow/example_dags/example_xcomargs.py
[2024-11-12T08:03:10.159+0000] {logging_mixin.py:137} INFO - [2024-11-12T08:03:10.158+0000] {dag.py:2690} INFO - Sync 2 DAGs
[2024-11-12T08:03:10.180+0000] {logging_mixin.py:137} INFO - [2024-11-12T08:03:10.180+0000] {dag.py:3441} INFO - Setting next_dagrun for example_xcom_args to None, run_after=None
[2024-11-12T08:03:10.183+0000] {logging_mixin.py:137} INFO - [2024-11-12T08:03:10.183+0000] {dag.py:3441} INFO - Setting next_dagrun for example_xcom_args_with_operators to None, run_after=None
[2024-11-12T08:03:10.202+0000] {processor.py:175} INFO - Processing /home/airflow/.local/lib/python3.7/site-packages/airflow/example_dags/example_xcomargs.py took 0.118 seconds
[2024-11-12T08:03:40.580+0000] {processor.py:153} INFO - Started process (PID=225) to work on /home/airflow/.local/lib/python3.7/site-packages/airflow/example_dags/example_xcomargs.py
[2024-11-12T08:03:40.580+0000] {processor.py:743} INFO - Processing file /home/airflow/.local/lib/python3.7/site-packages/airflow/example_dags/example_xcomargs.py for tasks to queue
[2024-11-12T08:03:40.581+0000] {logging_mixin.py:137} INFO - [2024-11-12T08:03:40.581+0000] {dagbag.py:538} INFO - Filling up the DagBag from /home/airflow/.local/lib/python3.7/site-packages/airflow/example_dags/example_xcomargs.py
[2024-11-12T08:03:40.603+0000] {processor.py:753} INFO - DAG(s) dict_keys(['example_xcom_args', 'example_xcom_args_with_operators']) retrieved from /home/airflow/.local/lib/python3.7/site-packages/airflow/example_dags/example_xcomargs.py
[2024-11-12T08:03:40.635+0000] {logging_mixin.py:137} INFO - [2024-11-12T08:03:40.634+0000] {dag.py:2690} INFO - Sync 2 DAGs
[2024-11-12T08:03:40.658+0000] {logging_mixin.py:137} INFO - [2024-11-12T08:03:40.658+0000] {dag.py:3441} INFO - Setting next_dagrun for example_xcom_args to None, run_after=None
[2024-11-12T08:03:40.661+0000] {logging_mixin.py:137} INFO - [2024-11-12T08:03:40.661+0000] {dag.py:3441} INFO - Setting next_dagrun for example_xcom_args_with_operators to None, run_after=None
[2024-11-12T08:03:40.682+0000] {processor.py:175} INFO - Processing /home/airflow/.local/lib/python3.7/site-packages/airflow/example_dags/example_xcomargs.py took 0.105 seconds
[2024-11-12T08:04:11.317+0000] {processor.py:153} INFO - Started process (PID=312) to work on /home/airflow/.local/lib/python3.7/site-packages/airflow/example_dags/example_xcomargs.py
[2024-11-12T08:04:11.318+0000] {processor.py:743} INFO - Processing file /home/airflow/.local/lib/python3.7/site-packages/airflow/example_dags/example_xcomargs.py for tasks to queue
[2024-11-12T08:04:11.319+0000] {logging_mixin.py:137} INFO - [2024-11-12T08:04:11.318+0000] {dagbag.py:538} INFO - Filling up the DagBag from /home/airflow/.local/lib/python3.7/site-packages/airflow/example_dags/example_xcomargs.py
[2024-11-12T08:04:11.348+0000] {processor.py:753} INFO - DAG(s) dict_keys(['example_xcom_args', 'example_xcom_args_with_operators']) retrieved from /home/airflow/.local/lib/python3.7/site-packages/airflow/example_dags/example_xcomargs.py
[2024-11-12T08:04:11.380+0000] {logging_mixin.py:137} INFO - [2024-11-12T08:04:11.380+0000] {dag.py:2690} INFO - Sync 2 DAGs
[2024-11-12T08:04:11.409+0000] {logging_mixin.py:137} INFO - [2024-11-12T08:04:11.409+0000] {dag.py:3441} INFO - Setting next_dagrun for example_xcom_args to None, run_after=None
[2024-11-12T08:04:11.413+0000] {logging_mixin.py:137} INFO - [2024-11-12T08:04:11.412+0000] {dag.py:3441} INFO - Setting next_dagrun for example_xcom_args_with_operators to None, run_after=None
[2024-11-12T08:04:11.430+0000] {processor.py:175} INFO - Processing /home/airflow/.local/lib/python3.7/site-packages/airflow/example_dags/example_xcomargs.py took 0.118 seconds
[2024-11-12T08:04:42.308+0000] {processor.py:153} INFO - Started process (PID=383) to work on /home/airflow/.local/lib/python3.7/site-packages/airflow/example_dags/example_xcomargs.py
[2024-11-12T08:04:42.310+0000] {processor.py:743} INFO - Processing file /home/airflow/.local/lib/python3.7/site-packages/airflow/example_dags/example_xcomargs.py for tasks to queue
[2024-11-12T08:04:42.311+0000] {logging_mixin.py:137} INFO - [2024-11-12T08:04:42.310+0000] {dagbag.py:538} INFO - Filling up the DagBag from /home/airflow/.local/lib/python3.7/site-packages/airflow/example_dags/example_xcomargs.py
[2024-11-12T08:04:42.344+0000] {processor.py:753} INFO - DAG(s) dict_keys(['example_xcom_args', 'example_xcom_args_with_operators']) retrieved from /home/airflow/.local/lib/python3.7/site-packages/airflow/example_dags/example_xcomargs.py
[2024-11-12T08:04:42.382+0000] {logging_mixin.py:137} INFO - [2024-11-12T08:04:42.382+0000] {dag.py:2690} INFO - Sync 2 DAGs
[2024-11-12T08:04:42.433+0000] {logging_mixin.py:137} INFO - [2024-11-12T08:04:42.433+0000] {dag.py:3441} INFO - Setting next_dagrun for example_xcom_args to None, run_after=None
[2024-11-12T08:04:42.439+0000] {logging_mixin.py:137} INFO - [2024-11-12T08:04:42.439+0000] {dag.py:3441} INFO - Setting next_dagrun for example_xcom_args_with_operators to None, run_after=None
[2024-11-12T08:04:42.460+0000] {processor.py:175} INFO - Processing /home/airflow/.local/lib/python3.7/site-packages/airflow/example_dags/example_xcomargs.py took 0.157 seconds
[2024-11-12T08:05:12.556+0000] {processor.py:153} INFO - Started process (PID=470) to work on /home/airflow/.local/lib/python3.7/site-packages/airflow/example_dags/example_xcomargs.py
[2024-11-12T08:05:12.557+0000] {processor.py:743} INFO - Processing file /home/airflow/.local/lib/python3.7/site-packages/airflow/example_dags/example_xcomargs.py for tasks to queue
[2024-11-12T08:05:12.558+0000] {logging_mixin.py:137} INFO - [2024-11-12T08:05:12.558+0000] {dagbag.py:538} INFO - Filling up the DagBag from /home/airflow/.local/lib/python3.7/site-packages/airflow/example_dags/example_xcomargs.py
[2024-11-12T08:05:12.579+0000] {processor.py:753} INFO - DAG(s) dict_keys(['example_xcom_args', 'example_xcom_args_with_operators']) retrieved from /home/airflow/.local/lib/python3.7/site-packages/airflow/example_dags/example_xcomargs.py
[2024-11-12T08:05:12.606+0000] {logging_mixin.py:137} INFO - [2024-11-12T08:05:12.606+0000] {dag.py:2690} INFO - Sync 2 DAGs
[2024-11-12T08:05:12.630+0000] {logging_mixin.py:137} INFO - [2024-11-12T08:05:12.630+0000] {dag.py:3441} INFO - Setting next_dagrun for example_xcom_args to None, run_after=None
[2024-11-12T08:05:12.634+0000] {logging_mixin.py:137} INFO - [2024-11-12T08:05:12.634+0000] {dag.py:3441} INFO - Setting next_dagrun for example_xcom_args_with_operators to None, run_after=None
[2024-11-12T08:05:12.654+0000] {processor.py:175} INFO - Processing /home/airflow/.local/lib/python3.7/site-packages/airflow/example_dags/example_xcomargs.py took 0.102 seconds
[2024-11-12T08:05:43.363+0000] {processor.py:153} INFO - Started process (PID=541) to work on /home/airflow/.local/lib/python3.7/site-packages/airflow/example_dags/example_xcomargs.py
[2024-11-12T08:05:43.364+0000] {processor.py:743} INFO - Processing file /home/airflow/.local/lib/python3.7/site-packages/airflow/example_dags/example_xcomargs.py for tasks to queue
[2024-11-12T08:05:43.365+0000] {logging_mixin.py:137} INFO - [2024-11-12T08:05:43.364+0000] {dagbag.py:538} INFO - Filling up the DagBag from /home/airflow/.local/lib/python3.7/site-packages/airflow/example_dags/example_xcomargs.py
[2024-11-12T08:05:43.384+0000] {processor.py:753} INFO - DAG(s) dict_keys(['example_xcom_args', 'example_xcom_args_with_operators']) retrieved from /home/airflow/.local/lib/python3.7/site-packages/airflow/example_dags/example_xcomargs.py
[2024-11-12T08:05:43.412+0000] {logging_mixin.py:137} INFO - [2024-11-12T08:05:43.411+0000] {dag.py:2690} INFO - Sync 2 DAGs
[2024-11-12T08:05:43.432+0000] {logging_mixin.py:137} INFO - [2024-11-12T08:05:43.432+0000] {dag.py:3441} INFO - Setting next_dagrun for example_xcom_args to None, run_after=None
[2024-11-12T08:05:43.435+0000] {logging_mixin.py:137} INFO - [2024-11-12T08:05:43.435+0000] {dag.py:3441} INFO - Setting next_dagrun for example_xcom_args_with_operators to None, run_after=None
[2024-11-12T08:05:43.453+0000] {processor.py:175} INFO - Processing /home/airflow/.local/lib/python3.7/site-packages/airflow/example_dags/example_xcomargs.py took 0.093 seconds
[2024-11-12T08:06:14.986+0000] {processor.py:153} INFO - Started process (PID=628) to work on /home/airflow/.local/lib/python3.7/site-packages/airflow/example_dags/example_xcomargs.py
[2024-11-12T08:06:14.987+0000] {processor.py:743} INFO - Processing file /home/airflow/.local/lib/python3.7/site-packages/airflow/example_dags/example_xcomargs.py for tasks to queue
[2024-11-12T08:06:14.987+0000] {logging_mixin.py:137} INFO - [2024-11-12T08:06:14.987+0000] {dagbag.py:538} INFO - Filling up the DagBag from /home/airflow/.local/lib/python3.7/site-packages/airflow/example_dags/example_xcomargs.py
[2024-11-12T08:06:15.010+0000] {processor.py:753} INFO - DAG(s) dict_keys(['example_xcom_args', 'example_xcom_args_with_operators']) retrieved from /home/airflow/.local/lib/python3.7/site-packages/airflow/example_dags/example_xcomargs.py
[2024-11-12T08:06:15.037+0000] {logging_mixin.py:137} INFO - [2024-11-12T08:06:15.037+0000] {dag.py:2690} INFO - Sync 2 DAGs
[2024-11-12T08:06:15.063+0000] {logging_mixin.py:137} INFO - [2024-11-12T08:06:15.063+0000] {dag.py:3441} INFO - Setting next_dagrun for example_xcom_args to None, run_after=None
[2024-11-12T08:06:15.066+0000] {logging_mixin.py:137} INFO - [2024-11-12T08:06:15.066+0000] {dag.py:3441} INFO - Setting next_dagrun for example_xcom_args_with_operators to None, run_after=None
[2024-11-12T08:06:15.085+0000] {processor.py:175} INFO - Processing /home/airflow/.local/lib/python3.7/site-packages/airflow/example_dags/example_xcomargs.py took 0.102 seconds
[2024-11-12T08:06:45.553+0000] {processor.py:153} INFO - Started process (PID=699) to work on /home/airflow/.local/lib/python3.7/site-packages/airflow/example_dags/example_xcomargs.py
[2024-11-12T08:06:45.555+0000] {processor.py:743} INFO - Processing file /home/airflow/.local/lib/python3.7/site-packages/airflow/example_dags/example_xcomargs.py for tasks to queue
[2024-11-12T08:06:45.555+0000] {logging_mixin.py:137} INFO - [2024-11-12T08:06:45.555+0000] {dagbag.py:538} INFO - Filling up the DagBag from /home/airflow/.local/lib/python3.7/site-packages/airflow/example_dags/example_xcomargs.py
[2024-11-12T08:06:45.586+0000] {processor.py:753} INFO - DAG(s) dict_keys(['example_xcom_args_with_operators', 'example_xcom_args']) retrieved from /home/airflow/.local/lib/python3.7/site-packages/airflow/example_dags/example_xcomargs.py
[2024-11-12T08:06:45.634+0000] {logging_mixin.py:137} INFO - [2024-11-12T08:06:45.633+0000] {dag.py:2690} INFO - Sync 2 DAGs
[2024-11-12T08:06:45.671+0000] {logging_mixin.py:137} INFO - [2024-11-12T08:06:45.671+0000] {dag.py:3441} INFO - Setting next_dagrun for example_xcom_args to None, run_after=None
[2024-11-12T08:06:45.690+0000] {logging_mixin.py:137} INFO - [2024-11-12T08:06:45.690+0000] {dag.py:3441} INFO - Setting next_dagrun for example_xcom_args_with_operators to None, run_after=None
[2024-11-12T08:06:45.709+0000] {processor.py:175} INFO - Processing /home/airflow/.local/lib/python3.7/site-packages/airflow/example_dags/example_xcomargs.py took 0.160 seconds
[2024-11-12T08:07:16.234+0000] {processor.py:153} INFO - Started process (PID=786) to work on /home/airflow/.local/lib/python3.7/site-packages/airflow/example_dags/example_xcomargs.py
[2024-11-12T08:07:16.236+0000] {processor.py:743} INFO - Processing file /home/airflow/.local/lib/python3.7/site-packages/airflow/example_dags/example_xcomargs.py for tasks to queue
[2024-11-12T08:07:16.237+0000] {logging_mixin.py:137} INFO - [2024-11-12T08:07:16.237+0000] {dagbag.py:538} INFO - Filling up the DagBag from /home/airflow/.local/lib/python3.7/site-packages/airflow/example_dags/example_xcomargs.py
[2024-11-12T08:07:16.275+0000] {processor.py:753} INFO - DAG(s) dict_keys(['example_xcom_args_with_operators', 'example_xcom_args']) retrieved from /home/airflow/.local/lib/python3.7/site-packages/airflow/example_dags/example_xcomargs.py
[2024-11-12T08:07:16.317+0000] {logging_mixin.py:137} INFO - [2024-11-12T08:07:16.317+0000] {dag.py:2690} INFO - Sync 2 DAGs
[2024-11-12T08:07:16.365+0000] {logging_mixin.py:137} INFO - [2024-11-12T08:07:16.364+0000] {dag.py:3441} INFO - Setting next_dagrun for example_xcom_args to None, run_after=None
[2024-11-12T08:07:16.371+0000] {logging_mixin.py:137} INFO - [2024-11-12T08:07:16.371+0000] {dag.py:3441} INFO - Setting next_dagrun for example_xcom_args_with_operators to None, run_after=None
[2024-11-12T08:07:16.398+0000] {processor.py:175} INFO - Processing /home/airflow/.local/lib/python3.7/site-packages/airflow/example_dags/example_xcomargs.py took 0.168 seconds
[2024-11-12T08:07:46.462+0000] {processor.py:153} INFO - Started process (PID=857) to work on /home/airflow/.local/lib/python3.7/site-packages/airflow/example_dags/example_xcomargs.py
[2024-11-12T08:07:46.463+0000] {processor.py:743} INFO - Processing file /home/airflow/.local/lib/python3.7/site-packages/airflow/example_dags/example_xcomargs.py for tasks to queue
[2024-11-12T08:07:46.464+0000] {logging_mixin.py:137} INFO - [2024-11-12T08:07:46.464+0000] {dagbag.py:538} INFO - Filling up the DagBag from /home/airflow/.local/lib/python3.7/site-packages/airflow/example_dags/example_xcomargs.py
[2024-11-12T08:07:46.484+0000] {processor.py:753} INFO - DAG(s) dict_keys(['example_xcom_args_with_operators', 'example_xcom_args']) retrieved from /home/airflow/.local/lib/python3.7/site-packages/airflow/example_dags/example_xcomargs.py
[2024-11-12T08:07:46.514+0000] {logging_mixin.py:137} INFO - [2024-11-12T08:07:46.513+0000] {dag.py:2690} INFO - Sync 2 DAGs
[2024-11-12T08:07:46.538+0000] {logging_mixin.py:137} INFO - [2024-11-12T08:07:46.538+0000] {dag.py:3441} INFO - Setting next_dagrun for example_xcom_args to None, run_after=None
[2024-11-12T08:07:46.541+0000] {logging_mixin.py:137} INFO - [2024-11-12T08:07:46.541+0000] {dag.py:3441} INFO - Setting next_dagrun for example_xcom_args_with_operators to None, run_after=None
[2024-11-12T08:07:46.562+0000] {processor.py:175} INFO - Processing /home/airflow/.local/lib/python3.7/site-packages/airflow/example_dags/example_xcomargs.py took 0.103 seconds
[2024-11-12T08:08:16.651+0000] {processor.py:153} INFO - Started process (PID=928) to work on /home/airflow/.local/lib/python3.7/site-packages/airflow/example_dags/example_xcomargs.py
[2024-11-12T08:08:16.653+0000] {processor.py:743} INFO - Processing file /home/airflow/.local/lib/python3.7/site-packages/airflow/example_dags/example_xcomargs.py for tasks to queue
[2024-11-12T08:08:16.654+0000] {logging_mixin.py:137} INFO - [2024-11-12T08:08:16.653+0000] {dagbag.py:538} INFO - Filling up the DagBag from /home/airflow/.local/lib/python3.7/site-packages/airflow/example_dags/example_xcomargs.py
[2024-11-12T08:08:16.680+0000] {processor.py:753} INFO - DAG(s) dict_keys(['example_xcom_args_with_operators', 'example_xcom_args']) retrieved from /home/airflow/.local/lib/python3.7/site-packages/airflow/example_dags/example_xcomargs.py
[2024-11-12T08:08:16.716+0000] {logging_mixin.py:137} INFO - [2024-11-12T08:08:16.716+0000] {dag.py:2690} INFO - Sync 2 DAGs
[2024-11-12T08:08:16.757+0000] {logging_mixin.py:137} INFO - [2024-11-12T08:08:16.757+0000] {dag.py:3441} INFO - Setting next_dagrun for example_xcom_args to None, run_after=None
[2024-11-12T08:08:16.766+0000] {logging_mixin.py:137} INFO - [2024-11-12T08:08:16.766+0000] {dag.py:3441} INFO - Setting next_dagrun for example_xcom_args_with_operators to None, run_after=None
[2024-11-12T08:08:16.810+0000] {processor.py:175} INFO - Processing /home/airflow/.local/lib/python3.7/site-packages/airflow/example_dags/example_xcomargs.py took 0.164 seconds
[2024-11-12T08:08:47.281+0000] {processor.py:153} INFO - Started process (PID=999) to work on /home/airflow/.local/lib/python3.7/site-packages/airflow/example_dags/example_xcomargs.py
[2024-11-12T08:08:47.282+0000] {processor.py:743} INFO - Processing file /home/airflow/.local/lib/python3.7/site-packages/airflow/example_dags/example_xcomargs.py for tasks to queue
[2024-11-12T08:08:47.282+0000] {logging_mixin.py:137} INFO - [2024-11-12T08:08:47.282+0000] {dagbag.py:538} INFO - Filling up the DagBag from /home/airflow/.local/lib/python3.7/site-packages/airflow/example_dags/example_xcomargs.py
[2024-11-12T08:08:47.303+0000] {processor.py:753} INFO - DAG(s) dict_keys(['example_xcom_args_with_operators', 'example_xcom_args']) retrieved from /home/airflow/.local/lib/python3.7/site-packages/airflow/example_dags/example_xcomargs.py
[2024-11-12T08:08:47.331+0000] {logging_mixin.py:137} INFO - [2024-11-12T08:08:47.331+0000] {dag.py:2690} INFO - Sync 2 DAGs
[2024-11-12T08:08:47.353+0000] {logging_mixin.py:137} INFO - [2024-11-12T08:08:47.353+0000] {dag.py:3441} INFO - Setting next_dagrun for example_xcom_args to None, run_after=None
[2024-11-12T08:08:47.357+0000] {logging_mixin.py:137} INFO - [2024-11-12T08:08:47.356+0000] {dag.py:3441} INFO - Setting next_dagrun for example_xcom_args_with_operators to None, run_after=None
[2024-11-12T08:08:47.376+0000] {processor.py:175} INFO - Processing /home/airflow/.local/lib/python3.7/site-packages/airflow/example_dags/example_xcomargs.py took 0.098 seconds
[2024-11-12T08:09:18.761+0000] {processor.py:153} INFO - Started process (PID=1086) to work on /home/airflow/.local/lib/python3.7/site-packages/airflow/example_dags/example_xcomargs.py
[2024-11-12T08:09:18.767+0000] {processor.py:743} INFO - Processing file /home/airflow/.local/lib/python3.7/site-packages/airflow/example_dags/example_xcomargs.py for tasks to queue
[2024-11-12T08:09:18.770+0000] {logging_mixin.py:137} INFO - [2024-11-12T08:09:18.769+0000] {dagbag.py:538} INFO - Filling up the DagBag from /home/airflow/.local/lib/python3.7/site-packages/airflow/example_dags/example_xcomargs.py
[2024-11-12T08:09:18.827+0000] {processor.py:753} INFO - DAG(s) dict_keys(['example_xcom_args_with_operators', 'example_xcom_args']) retrieved from /home/airflow/.local/lib/python3.7/site-packages/airflow/example_dags/example_xcomargs.py
[2024-11-12T08:09:18.868+0000] {logging_mixin.py:137} INFO - [2024-11-12T08:09:18.868+0000] {dag.py:2690} INFO - Sync 2 DAGs
[2024-11-12T08:09:18.905+0000] {logging_mixin.py:137} INFO - [2024-11-12T08:09:18.905+0000] {dag.py:3441} INFO - Setting next_dagrun for example_xcom_args to None, run_after=None
[2024-11-12T08:09:18.910+0000] {logging_mixin.py:137} INFO - [2024-11-12T08:09:18.910+0000] {dag.py:3441} INFO - Setting next_dagrun for example_xcom_args_with_operators to None, run_after=None
[2024-11-12T08:09:18.938+0000] {processor.py:175} INFO - Processing /home/airflow/.local/lib/python3.7/site-packages/airflow/example_dags/example_xcomargs.py took 0.198 seconds
[2024-11-12T08:09:48.976+0000] {processor.py:153} INFO - Started process (PID=1158) to work on /home/airflow/.local/lib/python3.7/site-packages/airflow/example_dags/example_xcomargs.py
[2024-11-12T08:09:48.977+0000] {processor.py:743} INFO - Processing file /home/airflow/.local/lib/python3.7/site-packages/airflow/example_dags/example_xcomargs.py for tasks to queue
[2024-11-12T08:09:48.978+0000] {logging_mixin.py:137} INFO - [2024-11-12T08:09:48.977+0000] {dagbag.py:538} INFO - Filling up the DagBag from /home/airflow/.local/lib/python3.7/site-packages/airflow/example_dags/example_xcomargs.py
[2024-11-12T08:09:49.000+0000] {processor.py:753} INFO - DAG(s) dict_keys(['example_xcom_args_with_operators', 'example_xcom_args']) retrieved from /home/airflow/.local/lib/python3.7/site-packages/airflow/example_dags/example_xcomargs.py
[2024-11-12T08:09:49.027+0000] {logging_mixin.py:137} INFO - [2024-11-12T08:09:49.026+0000] {dag.py:2690} INFO - Sync 2 DAGs
[2024-11-12T08:09:49.051+0000] {logging_mixin.py:137} INFO - [2024-11-12T08:09:49.051+0000] {dag.py:3441} INFO - Setting next_dagrun for example_xcom_args to None, run_after=None
[2024-11-12T08:09:49.055+0000] {logging_mixin.py:137} INFO - [2024-11-12T08:09:49.055+0000] {dag.py:3441} INFO - Setting next_dagrun for example_xcom_args_with_operators to None, run_after=None
[2024-11-12T08:09:49.071+0000] {processor.py:175} INFO - Processing /home/airflow/.local/lib/python3.7/site-packages/airflow/example_dags/example_xcomargs.py took 0.099 seconds
[2024-11-12T08:10:19.520+0000] {processor.py:153} INFO - Started process (PID=1229) to work on /home/airflow/.local/lib/python3.7/site-packages/airflow/example_dags/example_xcomargs.py
[2024-11-12T08:10:19.521+0000] {processor.py:743} INFO - Processing file /home/airflow/.local/lib/python3.7/site-packages/airflow/example_dags/example_xcomargs.py for tasks to queue
[2024-11-12T08:10:19.522+0000] {logging_mixin.py:137} INFO - [2024-11-12T08:10:19.521+0000] {dagbag.py:538} INFO - Filling up the DagBag from /home/airflow/.local/lib/python3.7/site-packages/airflow/example_dags/example_xcomargs.py
[2024-11-12T08:10:19.543+0000] {processor.py:753} INFO - DAG(s) dict_keys(['example_xcom_args', 'example_xcom_args_with_operators']) retrieved from /home/airflow/.local/lib/python3.7/site-packages/airflow/example_dags/example_xcomargs.py
[2024-11-12T08:10:19.576+0000] {logging_mixin.py:137} INFO - [2024-11-12T08:10:19.576+0000] {dag.py:2690} INFO - Sync 2 DAGs
[2024-11-12T08:10:19.601+0000] {logging_mixin.py:137} INFO - [2024-11-12T08:10:19.601+0000] {dag.py:3441} INFO - Setting next_dagrun for example_xcom_args to None, run_after=None
[2024-11-12T08:10:19.605+0000] {logging_mixin.py:137} INFO - [2024-11-12T08:10:19.605+0000] {dag.py:3441} INFO - Setting next_dagrun for example_xcom_args_with_operators to None, run_after=None
[2024-11-12T08:10:19.627+0000] {processor.py:175} INFO - Processing /home/airflow/.local/lib/python3.7/site-packages/airflow/example_dags/example_xcomargs.py took 0.111 seconds
[2024-11-12T08:10:49.709+0000] {processor.py:153} INFO - Started process (PID=1316) to work on /home/airflow/.local/lib/python3.7/site-packages/airflow/example_dags/example_xcomargs.py
[2024-11-12T08:10:49.711+0000] {processor.py:743} INFO - Processing file /home/airflow/.local/lib/python3.7/site-packages/airflow/example_dags/example_xcomargs.py for tasks to queue
[2024-11-12T08:10:49.711+0000] {logging_mixin.py:137} INFO - [2024-11-12T08:10:49.711+0000] {dagbag.py:538} INFO - Filling up the DagBag from /home/airflow/.local/lib/python3.7/site-packages/airflow/example_dags/example_xcomargs.py
[2024-11-12T08:10:49.733+0000] {processor.py:753} INFO - DAG(s) dict_keys(['example_xcom_args', 'example_xcom_args_with_operators']) retrieved from /home/airflow/.local/lib/python3.7/site-packages/airflow/example_dags/example_xcomargs.py
[2024-11-12T08:10:49.763+0000] {logging_mixin.py:137} INFO - [2024-11-12T08:10:49.762+0000] {dag.py:2690} INFO - Sync 2 DAGs
[2024-11-12T08:10:49.785+0000] {logging_mixin.py:137} INFO - [2024-11-12T08:10:49.785+0000] {dag.py:3441} INFO - Setting next_dagrun for example_xcom_args to None, run_after=None
[2024-11-12T08:10:49.789+0000] {logging_mixin.py:137} INFO - [2024-11-12T08:10:49.789+0000] {dag.py:3441} INFO - Setting next_dagrun for example_xcom_args_with_operators to None, run_after=None
[2024-11-12T08:10:49.809+0000] {processor.py:175} INFO - Processing /home/airflow/.local/lib/python3.7/site-packages/airflow/example_dags/example_xcomargs.py took 0.102 seconds
[2024-11-12T08:11:19.870+0000] {processor.py:153} INFO - Started process (PID=1387) to work on /home/airflow/.local/lib/python3.7/site-packages/airflow/example_dags/example_xcomargs.py
[2024-11-12T08:11:19.871+0000] {processor.py:743} INFO - Processing file /home/airflow/.local/lib/python3.7/site-packages/airflow/example_dags/example_xcomargs.py for tasks to queue
[2024-11-12T08:11:19.872+0000] {logging_mixin.py:137} INFO - [2024-11-12T08:11:19.871+0000] {dagbag.py:538} INFO - Filling up the DagBag from /home/airflow/.local/lib/python3.7/site-packages/airflow/example_dags/example_xcomargs.py
[2024-11-12T08:11:19.894+0000] {processor.py:753} INFO - DAG(s) dict_keys(['example_xcom_args_with_operators', 'example_xcom_args']) retrieved from /home/airflow/.local/lib/python3.7/site-packages/airflow/example_dags/example_xcomargs.py
[2024-11-12T08:11:19.924+0000] {logging_mixin.py:137} INFO - [2024-11-12T08:11:19.923+0000] {dag.py:2690} INFO - Sync 2 DAGs
[2024-11-12T08:11:19.947+0000] {logging_mixin.py:137} INFO - [2024-11-12T08:11:19.947+0000] {dag.py:3441} INFO - Setting next_dagrun for example_xcom_args to None, run_after=None
[2024-11-12T08:11:19.951+0000] {logging_mixin.py:137} INFO - [2024-11-12T08:11:19.951+0000] {dag.py:3441} INFO - Setting next_dagrun for example_xcom_args_with_operators to None, run_after=None
[2024-11-12T08:11:19.972+0000] {processor.py:175} INFO - Processing /home/airflow/.local/lib/python3.7/site-packages/airflow/example_dags/example_xcomargs.py took 0.106 seconds
[2024-11-12T08:11:51.013+0000] {processor.py:153} INFO - Started process (PID=1475) to work on /home/airflow/.local/lib/python3.7/site-packages/airflow/example_dags/example_xcomargs.py
[2024-11-12T08:11:51.015+0000] {processor.py:743} INFO - Processing file /home/airflow/.local/lib/python3.7/site-packages/airflow/example_dags/example_xcomargs.py for tasks to queue
[2024-11-12T08:11:51.015+0000] {logging_mixin.py:137} INFO - [2024-11-12T08:11:51.015+0000] {dagbag.py:538} INFO - Filling up the DagBag from /home/airflow/.local/lib/python3.7/site-packages/airflow/example_dags/example_xcomargs.py
[2024-11-12T08:11:51.047+0000] {processor.py:753} INFO - DAG(s) dict_keys(['example_xcom_args_with_operators', 'example_xcom_args']) retrieved from /home/airflow/.local/lib/python3.7/site-packages/airflow/example_dags/example_xcomargs.py
[2024-11-12T08:11:51.080+0000] {logging_mixin.py:137} INFO - [2024-11-12T08:11:51.079+0000] {dag.py:2690} INFO - Sync 2 DAGs
[2024-11-12T08:11:51.111+0000] {logging_mixin.py:137} INFO - [2024-11-12T08:11:51.111+0000] {dag.py:3441} INFO - Setting next_dagrun for example_xcom_args to None, run_after=None
[2024-11-12T08:11:51.117+0000] {logging_mixin.py:137} INFO - [2024-11-12T08:11:51.116+0000] {dag.py:3441} INFO - Setting next_dagrun for example_xcom_args_with_operators to None, run_after=None
[2024-11-12T08:11:51.139+0000] {processor.py:175} INFO - Processing /home/airflow/.local/lib/python3.7/site-packages/airflow/example_dags/example_xcomargs.py took 0.130 seconds
[2024-11-12T08:12:21.636+0000] {processor.py:153} INFO - Started process (PID=1546) to work on /home/airflow/.local/lib/python3.7/site-packages/airflow/example_dags/example_xcomargs.py
[2024-11-12T08:12:21.637+0000] {processor.py:743} INFO - Processing file /home/airflow/.local/lib/python3.7/site-packages/airflow/example_dags/example_xcomargs.py for tasks to queue
[2024-11-12T08:12:21.637+0000] {logging_mixin.py:137} INFO - [2024-11-12T08:12:21.637+0000] {dagbag.py:538} INFO - Filling up the DagBag from /home/airflow/.local/lib/python3.7/site-packages/airflow/example_dags/example_xcomargs.py
[2024-11-12T08:12:21.660+0000] {processor.py:753} INFO - DAG(s) dict_keys(['example_xcom_args_with_operators', 'example_xcom_args']) retrieved from /home/airflow/.local/lib/python3.7/site-packages/airflow/example_dags/example_xcomargs.py
[2024-11-12T08:12:21.691+0000] {logging_mixin.py:137} INFO - [2024-11-12T08:12:21.691+0000] {dag.py:2690} INFO - Sync 2 DAGs
[2024-11-12T08:12:21.716+0000] {logging_mixin.py:137} INFO - [2024-11-12T08:12:21.716+0000] {dag.py:3441} INFO - Setting next_dagrun for example_xcom_args to None, run_after=None
[2024-11-12T08:12:21.720+0000] {logging_mixin.py:137} INFO - [2024-11-12T08:12:21.720+0000] {dag.py:3441} INFO - Setting next_dagrun for example_xcom_args_with_operators to None, run_after=None
[2024-11-12T08:12:21.740+0000] {processor.py:175} INFO - Processing /home/airflow/.local/lib/python3.7/site-packages/airflow/example_dags/example_xcomargs.py took 0.108 seconds
[2024-11-12T08:12:52.320+0000] {processor.py:153} INFO - Started process (PID=1633) to work on /home/airflow/.local/lib/python3.7/site-packages/airflow/example_dags/example_xcomargs.py
[2024-11-12T08:12:52.322+0000] {processor.py:743} INFO - Processing file /home/airflow/.local/lib/python3.7/site-packages/airflow/example_dags/example_xcomargs.py for tasks to queue
[2024-11-12T08:12:52.322+0000] {logging_mixin.py:137} INFO - [2024-11-12T08:12:52.322+0000] {dagbag.py:538} INFO - Filling up the DagBag from /home/airflow/.local/lib/python3.7/site-packages/airflow/example_dags/example_xcomargs.py
[2024-11-12T08:12:52.346+0000] {processor.py:753} INFO - DAG(s) dict_keys(['example_xcom_args', 'example_xcom_args_with_operators']) retrieved from /home/airflow/.local/lib/python3.7/site-packages/airflow/example_dags/example_xcomargs.py
[2024-11-12T08:12:52.380+0000] {logging_mixin.py:137} INFO - [2024-11-12T08:12:52.380+0000] {dag.py:2690} INFO - Sync 2 DAGs
[2024-11-12T08:12:52.407+0000] {logging_mixin.py:137} INFO - [2024-11-12T08:12:52.407+0000] {dag.py:3441} INFO - Setting next_dagrun for example_xcom_args to None, run_after=None
[2024-11-12T08:12:52.411+0000] {logging_mixin.py:137} INFO - [2024-11-12T08:12:52.411+0000] {dag.py:3441} INFO - Setting next_dagrun for example_xcom_args_with_operators to None, run_after=None
[2024-11-12T08:12:52.434+0000] {processor.py:175} INFO - Processing /home/airflow/.local/lib/python3.7/site-packages/airflow/example_dags/example_xcomargs.py took 0.117 seconds
