[2024-11-12T07:54:48.221+0000] {processor.py:153} INFO - Started process (PID=79) to work on /home/airflow/.local/lib/python3.7/site-packages/airflow/example_dags/example_short_circuit_decorator.py
[2024-11-12T07:54:48.222+0000] {processor.py:743} INFO - Processing file /home/airflow/.local/lib/python3.7/site-packages/airflow/example_dags/example_short_circuit_decorator.py for tasks to queue
[2024-11-12T07:54:48.223+0000] {logging_mixin.py:137} INFO - [2024-11-12T07:54:48.223+0000] {dagbag.py:538} INFO - Filling up the DagBag from /home/airflow/.local/lib/python3.7/site-packages/airflow/example_dags/example_short_circuit_decorator.py
[2024-11-12T07:54:48.266+0000] {processor.py:753} INFO - DAG(s) dict_keys(['example_short_circuit_decorator']) retrieved from /home/airflow/.local/lib/python3.7/site-packages/airflow/example_dags/example_short_circuit_decorator.py
[2024-11-12T07:54:48.286+0000] {logging_mixin.py:137} INFO - [2024-11-12T07:54:48.286+0000] {dag.py:2690} INFO - Sync 1 DAGs
[2024-11-12T07:54:48.326+0000] {logging_mixin.py:137} INFO - [2024-11-12T07:54:48.325+0000] {dag.py:3441} INFO - Setting next_dagrun for example_short_circuit_decorator to 2024-11-11T07:54:48.325453+00:00, run_after=2024-11-12T07:54:48.325453+00:00
[2024-11-12T07:54:48.363+0000] {processor.py:175} INFO - Processing /home/airflow/.local/lib/python3.7/site-packages/airflow/example_dags/example_short_circuit_decorator.py took 0.147 seconds
[2024-11-12T07:55:18.512+0000] {processor.py:153} INFO - Started process (PID=150) to work on /home/airflow/.local/lib/python3.7/site-packages/airflow/example_dags/example_short_circuit_decorator.py
[2024-11-12T07:55:18.514+0000] {processor.py:743} INFO - Processing file /home/airflow/.local/lib/python3.7/site-packages/airflow/example_dags/example_short_circuit_decorator.py for tasks to queue
[2024-11-12T07:55:18.514+0000] {logging_mixin.py:137} INFO - [2024-11-12T07:55:18.514+0000] {dagbag.py:538} INFO - Filling up the DagBag from /home/airflow/.local/lib/python3.7/site-packages/airflow/example_dags/example_short_circuit_decorator.py
[2024-11-12T07:55:18.537+0000] {processor.py:753} INFO - DAG(s) dict_keys(['example_short_circuit_decorator']) retrieved from /home/airflow/.local/lib/python3.7/site-packages/airflow/example_dags/example_short_circuit_decorator.py
[2024-11-12T07:55:18.563+0000] {logging_mixin.py:137} INFO - [2024-11-12T07:55:18.563+0000] {dag.py:2690} INFO - Sync 1 DAGs
[2024-11-12T07:55:18.586+0000] {logging_mixin.py:137} INFO - [2024-11-12T07:55:18.586+0000] {dag.py:3441} INFO - Setting next_dagrun for example_short_circuit_decorator to 2024-11-11T07:55:18.586193+00:00, run_after=2024-11-12T07:55:18.586193+00:00
[2024-11-12T07:55:18.613+0000] {processor.py:175} INFO - Processing /home/airflow/.local/lib/python3.7/site-packages/airflow/example_dags/example_short_circuit_decorator.py took 0.104 seconds
[2024-11-12T07:55:49.525+0000] {processor.py:153} INFO - Started process (PID=237) to work on /home/airflow/.local/lib/python3.7/site-packages/airflow/example_dags/example_short_circuit_decorator.py
[2024-11-12T07:55:49.527+0000] {processor.py:743} INFO - Processing file /home/airflow/.local/lib/python3.7/site-packages/airflow/example_dags/example_short_circuit_decorator.py for tasks to queue
[2024-11-12T07:55:49.528+0000] {logging_mixin.py:137} INFO - [2024-11-12T07:55:49.527+0000] {dagbag.py:538} INFO - Filling up the DagBag from /home/airflow/.local/lib/python3.7/site-packages/airflow/example_dags/example_short_circuit_decorator.py
[2024-11-12T07:55:49.559+0000] {processor.py:753} INFO - DAG(s) dict_keys(['example_short_circuit_decorator']) retrieved from /home/airflow/.local/lib/python3.7/site-packages/airflow/example_dags/example_short_circuit_decorator.py
[2024-11-12T07:55:49.588+0000] {logging_mixin.py:137} INFO - [2024-11-12T07:55:49.588+0000] {dag.py:2690} INFO - Sync 1 DAGs
[2024-11-12T07:55:49.625+0000] {logging_mixin.py:137} INFO - [2024-11-12T07:55:49.625+0000] {dag.py:3441} INFO - Setting next_dagrun for example_short_circuit_decorator to 2024-11-11T07:55:49.624710+00:00, run_after=2024-11-12T07:55:49.624710+00:00
[2024-11-12T07:55:49.653+0000] {processor.py:175} INFO - Processing /home/airflow/.local/lib/python3.7/site-packages/airflow/example_dags/example_short_circuit_decorator.py took 0.130 seconds
[2024-11-12T07:56:19.738+0000] {processor.py:153} INFO - Started process (PID=308) to work on /home/airflow/.local/lib/python3.7/site-packages/airflow/example_dags/example_short_circuit_decorator.py
[2024-11-12T07:56:19.739+0000] {processor.py:743} INFO - Processing file /home/airflow/.local/lib/python3.7/site-packages/airflow/example_dags/example_short_circuit_decorator.py for tasks to queue
[2024-11-12T07:56:19.740+0000] {logging_mixin.py:137} INFO - [2024-11-12T07:56:19.740+0000] {dagbag.py:538} INFO - Filling up the DagBag from /home/airflow/.local/lib/python3.7/site-packages/airflow/example_dags/example_short_circuit_decorator.py
[2024-11-12T07:56:19.779+0000] {processor.py:753} INFO - DAG(s) dict_keys(['example_short_circuit_decorator']) retrieved from /home/airflow/.local/lib/python3.7/site-packages/airflow/example_dags/example_short_circuit_decorator.py
[2024-11-12T07:56:19.805+0000] {logging_mixin.py:137} INFO - [2024-11-12T07:56:19.805+0000] {dag.py:2690} INFO - Sync 1 DAGs
[2024-11-12T07:56:19.828+0000] {logging_mixin.py:137} INFO - [2024-11-12T07:56:19.828+0000] {dag.py:3441} INFO - Setting next_dagrun for example_short_circuit_decorator to 2024-11-11T07:56:19.828057+00:00, run_after=2024-11-12T07:56:19.828057+00:00
[2024-11-12T07:56:19.850+0000] {processor.py:175} INFO - Processing /home/airflow/.local/lib/python3.7/site-packages/airflow/example_dags/example_short_circuit_decorator.py took 0.115 seconds
[2024-11-12T07:56:50.400+0000] {processor.py:153} INFO - Started process (PID=386) to work on /home/airflow/.local/lib/python3.7/site-packages/airflow/example_dags/example_short_circuit_decorator.py
[2024-11-12T07:56:50.401+0000] {processor.py:743} INFO - Processing file /home/airflow/.local/lib/python3.7/site-packages/airflow/example_dags/example_short_circuit_decorator.py for tasks to queue
[2024-11-12T07:56:50.402+0000] {logging_mixin.py:137} INFO - [2024-11-12T07:56:50.402+0000] {dagbag.py:538} INFO - Filling up the DagBag from /home/airflow/.local/lib/python3.7/site-packages/airflow/example_dags/example_short_circuit_decorator.py
[2024-11-12T07:56:50.434+0000] {processor.py:753} INFO - DAG(s) dict_keys(['example_short_circuit_decorator']) retrieved from /home/airflow/.local/lib/python3.7/site-packages/airflow/example_dags/example_short_circuit_decorator.py
[2024-11-12T07:56:50.466+0000] {logging_mixin.py:137} INFO - [2024-11-12T07:56:50.466+0000] {dag.py:2690} INFO - Sync 1 DAGs
[2024-11-12T07:56:50.503+0000] {logging_mixin.py:137} INFO - [2024-11-12T07:56:50.502+0000] {dag.py:3441} INFO - Setting next_dagrun for example_short_circuit_decorator to 2024-11-11T07:56:50.502349+00:00, run_after=2024-11-12T07:56:50.502349+00:00
[2024-11-12T07:56:50.543+0000] {processor.py:175} INFO - Processing /home/airflow/.local/lib/python3.7/site-packages/airflow/example_dags/example_short_circuit_decorator.py took 0.146 seconds
[2024-11-12T07:57:20.578+0000] {processor.py:153} INFO - Started process (PID=466) to work on /home/airflow/.local/lib/python3.7/site-packages/airflow/example_dags/example_short_circuit_decorator.py
[2024-11-12T07:57:20.579+0000] {processor.py:743} INFO - Processing file /home/airflow/.local/lib/python3.7/site-packages/airflow/example_dags/example_short_circuit_decorator.py for tasks to queue
[2024-11-12T07:57:20.579+0000] {logging_mixin.py:137} INFO - [2024-11-12T07:57:20.579+0000] {dagbag.py:538} INFO - Filling up the DagBag from /home/airflow/.local/lib/python3.7/site-packages/airflow/example_dags/example_short_circuit_decorator.py
[2024-11-12T07:57:20.605+0000] {processor.py:753} INFO - DAG(s) dict_keys(['example_short_circuit_decorator']) retrieved from /home/airflow/.local/lib/python3.7/site-packages/airflow/example_dags/example_short_circuit_decorator.py
[2024-11-12T07:57:20.634+0000] {logging_mixin.py:137} INFO - [2024-11-12T07:57:20.634+0000] {dag.py:2690} INFO - Sync 1 DAGs
[2024-11-12T07:57:20.663+0000] {logging_mixin.py:137} INFO - [2024-11-12T07:57:20.663+0000] {dag.py:3441} INFO - Setting next_dagrun for example_short_circuit_decorator to 2024-11-11T07:57:20.663448+00:00, run_after=2024-11-12T07:57:20.663448+00:00
[2024-11-12T07:57:20.687+0000] {processor.py:175} INFO - Processing /home/airflow/.local/lib/python3.7/site-packages/airflow/example_dags/example_short_circuit_decorator.py took 0.113 seconds
[2024-11-12T07:57:51.755+0000] {processor.py:153} INFO - Started process (PID=537) to work on /home/airflow/.local/lib/python3.7/site-packages/airflow/example_dags/example_short_circuit_decorator.py
[2024-11-12T07:57:51.756+0000] {processor.py:743} INFO - Processing file /home/airflow/.local/lib/python3.7/site-packages/airflow/example_dags/example_short_circuit_decorator.py for tasks to queue
[2024-11-12T07:57:51.757+0000] {logging_mixin.py:137} INFO - [2024-11-12T07:57:51.757+0000] {dagbag.py:538} INFO - Filling up the DagBag from /home/airflow/.local/lib/python3.7/site-packages/airflow/example_dags/example_short_circuit_decorator.py
[2024-11-12T07:57:51.783+0000] {processor.py:753} INFO - DAG(s) dict_keys(['example_short_circuit_decorator']) retrieved from /home/airflow/.local/lib/python3.7/site-packages/airflow/example_dags/example_short_circuit_decorator.py
[2024-11-12T07:57:51.809+0000] {logging_mixin.py:137} INFO - [2024-11-12T07:57:51.809+0000] {dag.py:2690} INFO - Sync 1 DAGs
[2024-11-12T07:57:51.831+0000] {logging_mixin.py:137} INFO - [2024-11-12T07:57:51.831+0000] {dag.py:3441} INFO - Setting next_dagrun for example_short_circuit_decorator to 2024-11-11T07:57:51.831357+00:00, run_after=2024-11-12T07:57:51.831357+00:00
[2024-11-12T07:57:51.855+0000] {processor.py:175} INFO - Processing /home/airflow/.local/lib/python3.7/site-packages/airflow/example_dags/example_short_circuit_decorator.py took 0.104 seconds
[2024-11-12T07:58:22.101+0000] {processor.py:153} INFO - Started process (PID=624) to work on /home/airflow/.local/lib/python3.7/site-packages/airflow/example_dags/example_short_circuit_decorator.py
[2024-11-12T07:58:22.102+0000] {processor.py:743} INFO - Processing file /home/airflow/.local/lib/python3.7/site-packages/airflow/example_dags/example_short_circuit_decorator.py for tasks to queue
[2024-11-12T07:58:22.102+0000] {logging_mixin.py:137} INFO - [2024-11-12T07:58:22.102+0000] {dagbag.py:538} INFO - Filling up the DagBag from /home/airflow/.local/lib/python3.7/site-packages/airflow/example_dags/example_short_circuit_decorator.py
[2024-11-12T07:58:22.144+0000] {processor.py:753} INFO - DAG(s) dict_keys(['example_short_circuit_decorator']) retrieved from /home/airflow/.local/lib/python3.7/site-packages/airflow/example_dags/example_short_circuit_decorator.py
[2024-11-12T07:58:22.174+0000] {logging_mixin.py:137} INFO - [2024-11-12T07:58:22.174+0000] {dag.py:2690} INFO - Sync 1 DAGs
[2024-11-12T07:58:22.199+0000] {logging_mixin.py:137} INFO - [2024-11-12T07:58:22.199+0000] {dag.py:3441} INFO - Setting next_dagrun for example_short_circuit_decorator to 2024-11-11T07:58:22.198894+00:00, run_after=2024-11-12T07:58:22.198894+00:00
[2024-11-12T07:58:22.223+0000] {processor.py:175} INFO - Processing /home/airflow/.local/lib/python3.7/site-packages/airflow/example_dags/example_short_circuit_decorator.py took 0.125 seconds
[2024-11-12T07:58:52.982+0000] {processor.py:153} INFO - Started process (PID=695) to work on /home/airflow/.local/lib/python3.7/site-packages/airflow/example_dags/example_short_circuit_decorator.py
[2024-11-12T07:58:52.983+0000] {processor.py:743} INFO - Processing file /home/airflow/.local/lib/python3.7/site-packages/airflow/example_dags/example_short_circuit_decorator.py for tasks to queue
[2024-11-12T07:58:52.983+0000] {logging_mixin.py:137} INFO - [2024-11-12T07:58:52.983+0000] {dagbag.py:538} INFO - Filling up the DagBag from /home/airflow/.local/lib/python3.7/site-packages/airflow/example_dags/example_short_circuit_decorator.py
[2024-11-12T07:58:53.011+0000] {processor.py:753} INFO - DAG(s) dict_keys(['example_short_circuit_decorator']) retrieved from /home/airflow/.local/lib/python3.7/site-packages/airflow/example_dags/example_short_circuit_decorator.py
[2024-11-12T07:58:53.041+0000] {logging_mixin.py:137} INFO - [2024-11-12T07:58:53.041+0000] {dag.py:2690} INFO - Sync 1 DAGs
[2024-11-12T07:58:53.084+0000] {logging_mixin.py:137} INFO - [2024-11-12T07:58:53.082+0000] {dag.py:3441} INFO - Setting next_dagrun for example_short_circuit_decorator to 2024-11-11T07:58:53.082375+00:00, run_after=2024-11-12T07:58:53.082375+00:00
[2024-11-12T07:58:53.109+0000] {processor.py:175} INFO - Processing /home/airflow/.local/lib/python3.7/site-packages/airflow/example_dags/example_short_circuit_decorator.py took 0.132 seconds
[2024-11-12T07:59:23.217+0000] {processor.py:153} INFO - Started process (PID=784) to work on /home/airflow/.local/lib/python3.7/site-packages/airflow/example_dags/example_short_circuit_decorator.py
[2024-11-12T07:59:23.218+0000] {processor.py:743} INFO - Processing file /home/airflow/.local/lib/python3.7/site-packages/airflow/example_dags/example_short_circuit_decorator.py for tasks to queue
[2024-11-12T07:59:23.219+0000] {logging_mixin.py:137} INFO - [2024-11-12T07:59:23.219+0000] {dagbag.py:538} INFO - Filling up the DagBag from /home/airflow/.local/lib/python3.7/site-packages/airflow/example_dags/example_short_circuit_decorator.py
[2024-11-12T07:59:23.242+0000] {processor.py:753} INFO - DAG(s) dict_keys(['example_short_circuit_decorator']) retrieved from /home/airflow/.local/lib/python3.7/site-packages/airflow/example_dags/example_short_circuit_decorator.py
[2024-11-12T07:59:23.268+0000] {logging_mixin.py:137} INFO - [2024-11-12T07:59:23.268+0000] {dag.py:2690} INFO - Sync 1 DAGs
[2024-11-12T07:59:23.294+0000] {logging_mixin.py:137} INFO - [2024-11-12T07:59:23.293+0000] {dag.py:3441} INFO - Setting next_dagrun for example_short_circuit_decorator to 2024-11-11T07:59:23.293351+00:00, run_after=2024-11-12T07:59:23.293351+00:00
[2024-11-12T07:59:23.317+0000] {processor.py:175} INFO - Processing /home/airflow/.local/lib/python3.7/site-packages/airflow/example_dags/example_short_circuit_decorator.py took 0.105 seconds
[2024-11-12T07:59:53.409+0000] {processor.py:153} INFO - Started process (PID=855) to work on /home/airflow/.local/lib/python3.7/site-packages/airflow/example_dags/example_short_circuit_decorator.py
[2024-11-12T07:59:53.410+0000] {processor.py:743} INFO - Processing file /home/airflow/.local/lib/python3.7/site-packages/airflow/example_dags/example_short_circuit_decorator.py for tasks to queue
[2024-11-12T07:59:53.411+0000] {logging_mixin.py:137} INFO - [2024-11-12T07:59:53.411+0000] {dagbag.py:538} INFO - Filling up the DagBag from /home/airflow/.local/lib/python3.7/site-packages/airflow/example_dags/example_short_circuit_decorator.py
[2024-11-12T07:59:53.437+0000] {processor.py:753} INFO - DAG(s) dict_keys(['example_short_circuit_decorator']) retrieved from /home/airflow/.local/lib/python3.7/site-packages/airflow/example_dags/example_short_circuit_decorator.py
[2024-11-12T07:59:53.465+0000] {logging_mixin.py:137} INFO - [2024-11-12T07:59:53.464+0000] {dag.py:2690} INFO - Sync 1 DAGs
[2024-11-12T07:59:53.493+0000] {logging_mixin.py:137} INFO - [2024-11-12T07:59:53.493+0000] {dag.py:3441} INFO - Setting next_dagrun for example_short_circuit_decorator to 2024-11-11T07:59:53.493179+00:00, run_after=2024-11-12T07:59:53.493179+00:00
[2024-11-12T07:59:53.518+0000] {processor.py:175} INFO - Processing /home/airflow/.local/lib/python3.7/site-packages/airflow/example_dags/example_short_circuit_decorator.py took 0.113 seconds
[2024-11-12T08:00:23.579+0000] {processor.py:153} INFO - Started process (PID=942) to work on /home/airflow/.local/lib/python3.7/site-packages/airflow/example_dags/example_short_circuit_decorator.py
[2024-11-12T08:00:23.580+0000] {processor.py:743} INFO - Processing file /home/airflow/.local/lib/python3.7/site-packages/airflow/example_dags/example_short_circuit_decorator.py for tasks to queue
[2024-11-12T08:00:23.581+0000] {logging_mixin.py:137} INFO - [2024-11-12T08:00:23.581+0000] {dagbag.py:538} INFO - Filling up the DagBag from /home/airflow/.local/lib/python3.7/site-packages/airflow/example_dags/example_short_circuit_decorator.py
[2024-11-12T08:00:23.606+0000] {processor.py:753} INFO - DAG(s) dict_keys(['example_short_circuit_decorator']) retrieved from /home/airflow/.local/lib/python3.7/site-packages/airflow/example_dags/example_short_circuit_decorator.py
[2024-11-12T08:00:23.633+0000] {logging_mixin.py:137} INFO - [2024-11-12T08:00:23.633+0000] {dag.py:2690} INFO - Sync 1 DAGs
[2024-11-12T08:00:23.657+0000] {logging_mixin.py:137} INFO - [2024-11-12T08:00:23.657+0000] {dag.py:3441} INFO - Setting next_dagrun for example_short_circuit_decorator to 2024-11-11T08:00:23.657122+00:00, run_after=2024-11-12T08:00:23.657122+00:00
[2024-11-12T08:00:23.679+0000] {processor.py:175} INFO - Processing /home/airflow/.local/lib/python3.7/site-packages/airflow/example_dags/example_short_circuit_decorator.py took 0.102 seconds
[2024-11-12T08:00:54.501+0000] {processor.py:153} INFO - Started process (PID=1013) to work on /home/airflow/.local/lib/python3.7/site-packages/airflow/example_dags/example_short_circuit_decorator.py
[2024-11-12T08:00:54.502+0000] {processor.py:743} INFO - Processing file /home/airflow/.local/lib/python3.7/site-packages/airflow/example_dags/example_short_circuit_decorator.py for tasks to queue
[2024-11-12T08:00:54.503+0000] {logging_mixin.py:137} INFO - [2024-11-12T08:00:54.502+0000] {dagbag.py:538} INFO - Filling up the DagBag from /home/airflow/.local/lib/python3.7/site-packages/airflow/example_dags/example_short_circuit_decorator.py
[2024-11-12T08:00:54.525+0000] {processor.py:753} INFO - DAG(s) dict_keys(['example_short_circuit_decorator']) retrieved from /home/airflow/.local/lib/python3.7/site-packages/airflow/example_dags/example_short_circuit_decorator.py
[2024-11-12T08:00:54.552+0000] {logging_mixin.py:137} INFO - [2024-11-12T08:00:54.552+0000] {dag.py:2690} INFO - Sync 1 DAGs
[2024-11-12T08:00:54.579+0000] {logging_mixin.py:137} INFO - [2024-11-12T08:00:54.579+0000] {dag.py:3441} INFO - Setting next_dagrun for example_short_circuit_decorator to 2024-11-11T08:00:54.579080+00:00, run_after=2024-11-12T08:00:54.579080+00:00
[2024-11-12T08:00:54.602+0000] {processor.py:175} INFO - Processing /home/airflow/.local/lib/python3.7/site-packages/airflow/example_dags/example_short_circuit_decorator.py took 0.104 seconds
[2024-11-12T08:01:25.461+0000] {processor.py:153} INFO - Started process (PID=1100) to work on /home/airflow/.local/lib/python3.7/site-packages/airflow/example_dags/example_short_circuit_decorator.py
[2024-11-12T08:01:25.462+0000] {processor.py:743} INFO - Processing file /home/airflow/.local/lib/python3.7/site-packages/airflow/example_dags/example_short_circuit_decorator.py for tasks to queue
[2024-11-12T08:01:25.463+0000] {logging_mixin.py:137} INFO - [2024-11-12T08:01:25.462+0000] {dagbag.py:538} INFO - Filling up the DagBag from /home/airflow/.local/lib/python3.7/site-packages/airflow/example_dags/example_short_circuit_decorator.py
[2024-11-12T08:01:25.492+0000] {processor.py:753} INFO - DAG(s) dict_keys(['example_short_circuit_decorator']) retrieved from /home/airflow/.local/lib/python3.7/site-packages/airflow/example_dags/example_short_circuit_decorator.py
[2024-11-12T08:01:25.522+0000] {logging_mixin.py:137} INFO - [2024-11-12T08:01:25.522+0000] {dag.py:2690} INFO - Sync 1 DAGs
[2024-11-12T08:01:25.553+0000] {logging_mixin.py:137} INFO - [2024-11-12T08:01:25.552+0000] {dag.py:3441} INFO - Setting next_dagrun for example_short_circuit_decorator to 2024-11-11T08:01:25.552618+00:00, run_after=2024-11-12T08:01:25.552618+00:00
[2024-11-12T08:01:25.578+0000] {processor.py:175} INFO - Processing /home/airflow/.local/lib/python3.7/site-packages/airflow/example_dags/example_short_circuit_decorator.py took 0.121 seconds
[2024-11-12T08:02:38.691+0000] {processor.py:153} INFO - Started process (PID=61) to work on /home/airflow/.local/lib/python3.7/site-packages/airflow/example_dags/example_short_circuit_decorator.py
[2024-11-12T08:02:38.693+0000] {processor.py:743} INFO - Processing file /home/airflow/.local/lib/python3.7/site-packages/airflow/example_dags/example_short_circuit_decorator.py for tasks to queue
[2024-11-12T08:02:38.694+0000] {logging_mixin.py:137} INFO - [2024-11-12T08:02:38.694+0000] {dagbag.py:538} INFO - Filling up the DagBag from /home/airflow/.local/lib/python3.7/site-packages/airflow/example_dags/example_short_circuit_decorator.py
[2024-11-12T08:02:38.742+0000] {processor.py:753} INFO - DAG(s) dict_keys(['example_short_circuit_decorator']) retrieved from /home/airflow/.local/lib/python3.7/site-packages/airflow/example_dags/example_short_circuit_decorator.py
[2024-11-12T08:02:38.761+0000] {logging_mixin.py:137} INFO - [2024-11-12T08:02:38.760+0000] {dag.py:2690} INFO - Sync 1 DAGs
[2024-11-12T08:02:38.803+0000] {logging_mixin.py:137} INFO - [2024-11-12T08:02:38.803+0000] {dag.py:3441} INFO - Setting next_dagrun for example_short_circuit_decorator to 2024-11-11T08:02:38.802688+00:00, run_after=2024-11-12T08:02:38.802688+00:00
[2024-11-12T08:02:38.838+0000] {processor.py:175} INFO - Processing /home/airflow/.local/lib/python3.7/site-packages/airflow/example_dags/example_short_circuit_decorator.py took 0.155 seconds
[2024-11-12T08:03:09.668+0000] {processor.py:153} INFO - Started process (PID=148) to work on /home/airflow/.local/lib/python3.7/site-packages/airflow/example_dags/example_short_circuit_decorator.py
[2024-11-12T08:03:09.669+0000] {processor.py:743} INFO - Processing file /home/airflow/.local/lib/python3.7/site-packages/airflow/example_dags/example_short_circuit_decorator.py for tasks to queue
[2024-11-12T08:03:09.670+0000] {logging_mixin.py:137} INFO - [2024-11-12T08:03:09.670+0000] {dagbag.py:538} INFO - Filling up the DagBag from /home/airflow/.local/lib/python3.7/site-packages/airflow/example_dags/example_short_circuit_decorator.py
[2024-11-12T08:03:09.697+0000] {processor.py:753} INFO - DAG(s) dict_keys(['example_short_circuit_decorator']) retrieved from /home/airflow/.local/lib/python3.7/site-packages/airflow/example_dags/example_short_circuit_decorator.py
[2024-11-12T08:03:09.731+0000] {logging_mixin.py:137} INFO - [2024-11-12T08:03:09.731+0000] {dag.py:2690} INFO - Sync 1 DAGs
[2024-11-12T08:03:09.768+0000] {logging_mixin.py:137} INFO - [2024-11-12T08:03:09.768+0000] {dag.py:3441} INFO - Setting next_dagrun for example_short_circuit_decorator to 2024-11-11T08:03:09.767797+00:00, run_after=2024-11-12T08:03:09.767797+00:00
[2024-11-12T08:03:09.798+0000] {processor.py:175} INFO - Processing /home/airflow/.local/lib/python3.7/site-packages/airflow/example_dags/example_short_circuit_decorator.py took 0.133 seconds
[2024-11-12T08:03:40.201+0000] {processor.py:153} INFO - Started process (PID=219) to work on /home/airflow/.local/lib/python3.7/site-packages/airflow/example_dags/example_short_circuit_decorator.py
[2024-11-12T08:03:40.202+0000] {processor.py:743} INFO - Processing file /home/airflow/.local/lib/python3.7/site-packages/airflow/example_dags/example_short_circuit_decorator.py for tasks to queue
[2024-11-12T08:03:40.202+0000] {logging_mixin.py:137} INFO - [2024-11-12T08:03:40.202+0000] {dagbag.py:538} INFO - Filling up the DagBag from /home/airflow/.local/lib/python3.7/site-packages/airflow/example_dags/example_short_circuit_decorator.py
[2024-11-12T08:03:40.227+0000] {processor.py:753} INFO - DAG(s) dict_keys(['example_short_circuit_decorator']) retrieved from /home/airflow/.local/lib/python3.7/site-packages/airflow/example_dags/example_short_circuit_decorator.py
[2024-11-12T08:03:40.254+0000] {logging_mixin.py:137} INFO - [2024-11-12T08:03:40.254+0000] {dag.py:2690} INFO - Sync 1 DAGs
[2024-11-12T08:03:40.283+0000] {logging_mixin.py:137} INFO - [2024-11-12T08:03:40.283+0000] {dag.py:3441} INFO - Setting next_dagrun for example_short_circuit_decorator to 2024-11-11T08:03:40.282752+00:00, run_after=2024-11-12T08:03:40.282752+00:00
[2024-11-12T08:03:40.311+0000] {processor.py:175} INFO - Processing /home/airflow/.local/lib/python3.7/site-packages/airflow/example_dags/example_short_circuit_decorator.py took 0.113 seconds
[2024-11-12T08:04:10.909+0000] {processor.py:153} INFO - Started process (PID=306) to work on /home/airflow/.local/lib/python3.7/site-packages/airflow/example_dags/example_short_circuit_decorator.py
[2024-11-12T08:04:10.910+0000] {processor.py:743} INFO - Processing file /home/airflow/.local/lib/python3.7/site-packages/airflow/example_dags/example_short_circuit_decorator.py for tasks to queue
[2024-11-12T08:04:10.911+0000] {logging_mixin.py:137} INFO - [2024-11-12T08:04:10.911+0000] {dagbag.py:538} INFO - Filling up the DagBag from /home/airflow/.local/lib/python3.7/site-packages/airflow/example_dags/example_short_circuit_decorator.py
[2024-11-12T08:04:10.938+0000] {processor.py:753} INFO - DAG(s) dict_keys(['example_short_circuit_decorator']) retrieved from /home/airflow/.local/lib/python3.7/site-packages/airflow/example_dags/example_short_circuit_decorator.py
[2024-11-12T08:04:10.966+0000] {logging_mixin.py:137} INFO - [2024-11-12T08:04:10.966+0000] {dag.py:2690} INFO - Sync 1 DAGs
[2024-11-12T08:04:10.993+0000] {logging_mixin.py:137} INFO - [2024-11-12T08:04:10.993+0000] {dag.py:3441} INFO - Setting next_dagrun for example_short_circuit_decorator to 2024-11-11T08:04:10.992977+00:00, run_after=2024-11-12T08:04:10.992977+00:00
[2024-11-12T08:04:11.018+0000] {processor.py:175} INFO - Processing /home/airflow/.local/lib/python3.7/site-packages/airflow/example_dags/example_short_circuit_decorator.py took 0.114 seconds
[2024-11-12T08:04:41.845+0000] {processor.py:153} INFO - Started process (PID=377) to work on /home/airflow/.local/lib/python3.7/site-packages/airflow/example_dags/example_short_circuit_decorator.py
[2024-11-12T08:04:41.846+0000] {processor.py:743} INFO - Processing file /home/airflow/.local/lib/python3.7/site-packages/airflow/example_dags/example_short_circuit_decorator.py for tasks to queue
[2024-11-12T08:04:41.847+0000] {logging_mixin.py:137} INFO - [2024-11-12T08:04:41.847+0000] {dagbag.py:538} INFO - Filling up the DagBag from /home/airflow/.local/lib/python3.7/site-packages/airflow/example_dags/example_short_circuit_decorator.py
[2024-11-12T08:04:41.879+0000] {processor.py:753} INFO - DAG(s) dict_keys(['example_short_circuit_decorator']) retrieved from /home/airflow/.local/lib/python3.7/site-packages/airflow/example_dags/example_short_circuit_decorator.py
[2024-11-12T08:04:41.910+0000] {logging_mixin.py:137} INFO - [2024-11-12T08:04:41.910+0000] {dag.py:2690} INFO - Sync 1 DAGs
[2024-11-12T08:04:41.949+0000] {logging_mixin.py:137} INFO - [2024-11-12T08:04:41.949+0000] {dag.py:3441} INFO - Setting next_dagrun for example_short_circuit_decorator to 2024-11-11T08:04:41.949226+00:00, run_after=2024-11-12T08:04:41.949226+00:00
[2024-11-12T08:04:41.979+0000] {processor.py:175} INFO - Processing /home/airflow/.local/lib/python3.7/site-packages/airflow/example_dags/example_short_circuit_decorator.py took 0.139 seconds
[2024-11-12T08:05:12.107+0000] {processor.py:153} INFO - Started process (PID=464) to work on /home/airflow/.local/lib/python3.7/site-packages/airflow/example_dags/example_short_circuit_decorator.py
[2024-11-12T08:05:12.109+0000] {processor.py:743} INFO - Processing file /home/airflow/.local/lib/python3.7/site-packages/airflow/example_dags/example_short_circuit_decorator.py for tasks to queue
[2024-11-12T08:05:12.109+0000] {logging_mixin.py:137} INFO - [2024-11-12T08:05:12.109+0000] {dagbag.py:538} INFO - Filling up the DagBag from /home/airflow/.local/lib/python3.7/site-packages/airflow/example_dags/example_short_circuit_decorator.py
[2024-11-12T08:05:12.132+0000] {processor.py:753} INFO - DAG(s) dict_keys(['example_short_circuit_decorator']) retrieved from /home/airflow/.local/lib/python3.7/site-packages/airflow/example_dags/example_short_circuit_decorator.py
[2024-11-12T08:05:12.157+0000] {logging_mixin.py:137} INFO - [2024-11-12T08:05:12.157+0000] {dag.py:2690} INFO - Sync 1 DAGs
[2024-11-12T08:05:12.186+0000] {logging_mixin.py:137} INFO - [2024-11-12T08:05:12.186+0000] {dag.py:3441} INFO - Setting next_dagrun for example_short_circuit_decorator to 2024-11-11T08:05:12.186378+00:00, run_after=2024-11-12T08:05:12.186378+00:00
[2024-11-12T08:05:12.209+0000] {processor.py:175} INFO - Processing /home/airflow/.local/lib/python3.7/site-packages/airflow/example_dags/example_short_circuit_decorator.py took 0.105 seconds
[2024-11-12T08:05:42.907+0000] {processor.py:153} INFO - Started process (PID=535) to work on /home/airflow/.local/lib/python3.7/site-packages/airflow/example_dags/example_short_circuit_decorator.py
[2024-11-12T08:05:42.908+0000] {processor.py:743} INFO - Processing file /home/airflow/.local/lib/python3.7/site-packages/airflow/example_dags/example_short_circuit_decorator.py for tasks to queue
[2024-11-12T08:05:42.908+0000] {logging_mixin.py:137} INFO - [2024-11-12T08:05:42.908+0000] {dagbag.py:538} INFO - Filling up the DagBag from /home/airflow/.local/lib/python3.7/site-packages/airflow/example_dags/example_short_circuit_decorator.py
[2024-11-12T08:05:42.935+0000] {processor.py:753} INFO - DAG(s) dict_keys(['example_short_circuit_decorator']) retrieved from /home/airflow/.local/lib/python3.7/site-packages/airflow/example_dags/example_short_circuit_decorator.py
[2024-11-12T08:05:42.961+0000] {logging_mixin.py:137} INFO - [2024-11-12T08:05:42.961+0000] {dag.py:2690} INFO - Sync 1 DAGs
[2024-11-12T08:05:42.987+0000] {logging_mixin.py:137} INFO - [2024-11-12T08:05:42.987+0000] {dag.py:3441} INFO - Setting next_dagrun for example_short_circuit_decorator to 2024-11-11T08:05:42.987339+00:00, run_after=2024-11-12T08:05:42.987339+00:00
[2024-11-12T08:05:43.011+0000] {processor.py:175} INFO - Processing /home/airflow/.local/lib/python3.7/site-packages/airflow/example_dags/example_short_circuit_decorator.py took 0.108 seconds
[2024-11-12T08:06:14.489+0000] {processor.py:153} INFO - Started process (PID=622) to work on /home/airflow/.local/lib/python3.7/site-packages/airflow/example_dags/example_short_circuit_decorator.py
[2024-11-12T08:06:14.491+0000] {processor.py:743} INFO - Processing file /home/airflow/.local/lib/python3.7/site-packages/airflow/example_dags/example_short_circuit_decorator.py for tasks to queue
[2024-11-12T08:06:14.493+0000] {logging_mixin.py:137} INFO - [2024-11-12T08:06:14.493+0000] {dagbag.py:538} INFO - Filling up the DagBag from /home/airflow/.local/lib/python3.7/site-packages/airflow/example_dags/example_short_circuit_decorator.py
[2024-11-12T08:06:14.535+0000] {processor.py:753} INFO - DAG(s) dict_keys(['example_short_circuit_decorator']) retrieved from /home/airflow/.local/lib/python3.7/site-packages/airflow/example_dags/example_short_circuit_decorator.py
[2024-11-12T08:06:14.578+0000] {logging_mixin.py:137} INFO - [2024-11-12T08:06:14.578+0000] {dag.py:2690} INFO - Sync 1 DAGs
[2024-11-12T08:06:14.614+0000] {logging_mixin.py:137} INFO - [2024-11-12T08:06:14.614+0000] {dag.py:3441} INFO - Setting next_dagrun for example_short_circuit_decorator to 2024-11-11T08:06:14.613933+00:00, run_after=2024-11-12T08:06:14.613933+00:00
[2024-11-12T08:06:14.649+0000] {processor.py:175} INFO - Processing /home/airflow/.local/lib/python3.7/site-packages/airflow/example_dags/example_short_circuit_decorator.py took 0.165 seconds
[2024-11-12T08:06:45.172+0000] {processor.py:153} INFO - Started process (PID=693) to work on /home/airflow/.local/lib/python3.7/site-packages/airflow/example_dags/example_short_circuit_decorator.py
[2024-11-12T08:06:45.173+0000] {processor.py:743} INFO - Processing file /home/airflow/.local/lib/python3.7/site-packages/airflow/example_dags/example_short_circuit_decorator.py for tasks to queue
[2024-11-12T08:06:45.174+0000] {logging_mixin.py:137} INFO - [2024-11-12T08:06:45.173+0000] {dagbag.py:538} INFO - Filling up the DagBag from /home/airflow/.local/lib/python3.7/site-packages/airflow/example_dags/example_short_circuit_decorator.py
[2024-11-12T08:06:45.199+0000] {processor.py:753} INFO - DAG(s) dict_keys(['example_short_circuit_decorator']) retrieved from /home/airflow/.local/lib/python3.7/site-packages/airflow/example_dags/example_short_circuit_decorator.py
[2024-11-12T08:06:45.225+0000] {logging_mixin.py:137} INFO - [2024-11-12T08:06:45.225+0000] {dag.py:2690} INFO - Sync 1 DAGs
[2024-11-12T08:06:45.248+0000] {logging_mixin.py:137} INFO - [2024-11-12T08:06:45.248+0000] {dag.py:3441} INFO - Setting next_dagrun for example_short_circuit_decorator to 2024-11-11T08:06:45.248347+00:00, run_after=2024-11-12T08:06:45.248347+00:00
[2024-11-12T08:06:45.271+0000] {processor.py:175} INFO - Processing /home/airflow/.local/lib/python3.7/site-packages/airflow/example_dags/example_short_circuit_decorator.py took 0.102 seconds
[2024-11-12T08:07:15.715+0000] {processor.py:153} INFO - Started process (PID=780) to work on /home/airflow/.local/lib/python3.7/site-packages/airflow/example_dags/example_short_circuit_decorator.py
[2024-11-12T08:07:15.716+0000] {processor.py:743} INFO - Processing file /home/airflow/.local/lib/python3.7/site-packages/airflow/example_dags/example_short_circuit_decorator.py for tasks to queue
[2024-11-12T08:07:15.717+0000] {logging_mixin.py:137} INFO - [2024-11-12T08:07:15.717+0000] {dagbag.py:538} INFO - Filling up the DagBag from /home/airflow/.local/lib/python3.7/site-packages/airflow/example_dags/example_short_circuit_decorator.py
[2024-11-12T08:07:15.744+0000] {processor.py:753} INFO - DAG(s) dict_keys(['example_short_circuit_decorator']) retrieved from /home/airflow/.local/lib/python3.7/site-packages/airflow/example_dags/example_short_circuit_decorator.py
[2024-11-12T08:07:15.779+0000] {logging_mixin.py:137} INFO - [2024-11-12T08:07:15.779+0000] {dag.py:2690} INFO - Sync 1 DAGs
[2024-11-12T08:07:15.818+0000] {logging_mixin.py:137} INFO - [2024-11-12T08:07:15.817+0000] {dag.py:3441} INFO - Setting next_dagrun for example_short_circuit_decorator to 2024-11-11T08:07:15.817525+00:00, run_after=2024-11-12T08:07:15.817525+00:00
[2024-11-12T08:07:15.846+0000] {processor.py:175} INFO - Processing /home/airflow/.local/lib/python3.7/site-packages/airflow/example_dags/example_short_circuit_decorator.py took 0.135 seconds
[2024-11-12T08:07:46.114+0000] {processor.py:153} INFO - Started process (PID=851) to work on /home/airflow/.local/lib/python3.7/site-packages/airflow/example_dags/example_short_circuit_decorator.py
[2024-11-12T08:07:46.115+0000] {processor.py:743} INFO - Processing file /home/airflow/.local/lib/python3.7/site-packages/airflow/example_dags/example_short_circuit_decorator.py for tasks to queue
[2024-11-12T08:07:46.116+0000] {logging_mixin.py:137} INFO - [2024-11-12T08:07:46.116+0000] {dagbag.py:538} INFO - Filling up the DagBag from /home/airflow/.local/lib/python3.7/site-packages/airflow/example_dags/example_short_circuit_decorator.py
[2024-11-12T08:07:46.147+0000] {processor.py:753} INFO - DAG(s) dict_keys(['example_short_circuit_decorator']) retrieved from /home/airflow/.local/lib/python3.7/site-packages/airflow/example_dags/example_short_circuit_decorator.py
[2024-11-12T08:07:46.173+0000] {logging_mixin.py:137} INFO - [2024-11-12T08:07:46.173+0000] {dag.py:2690} INFO - Sync 1 DAGs
[2024-11-12T08:07:46.201+0000] {logging_mixin.py:137} INFO - [2024-11-12T08:07:46.201+0000] {dag.py:3441} INFO - Setting next_dagrun for example_short_circuit_decorator to 2024-11-11T08:07:46.200698+00:00, run_after=2024-11-12T08:07:46.200698+00:00
[2024-11-12T08:07:46.220+0000] {processor.py:175} INFO - Processing /home/airflow/.local/lib/python3.7/site-packages/airflow/example_dags/example_short_circuit_decorator.py took 0.109 seconds
[2024-11-12T08:08:16.279+0000] {processor.py:153} INFO - Started process (PID=922) to work on /home/airflow/.local/lib/python3.7/site-packages/airflow/example_dags/example_short_circuit_decorator.py
[2024-11-12T08:08:16.280+0000] {processor.py:743} INFO - Processing file /home/airflow/.local/lib/python3.7/site-packages/airflow/example_dags/example_short_circuit_decorator.py for tasks to queue
[2024-11-12T08:08:16.281+0000] {logging_mixin.py:137} INFO - [2024-11-12T08:08:16.281+0000] {dagbag.py:538} INFO - Filling up the DagBag from /home/airflow/.local/lib/python3.7/site-packages/airflow/example_dags/example_short_circuit_decorator.py
[2024-11-12T08:08:16.303+0000] {processor.py:753} INFO - DAG(s) dict_keys(['example_short_circuit_decorator']) retrieved from /home/airflow/.local/lib/python3.7/site-packages/airflow/example_dags/example_short_circuit_decorator.py
[2024-11-12T08:08:16.329+0000] {logging_mixin.py:137} INFO - [2024-11-12T08:08:16.329+0000] {dag.py:2690} INFO - Sync 1 DAGs
[2024-11-12T08:08:16.353+0000] {logging_mixin.py:137} INFO - [2024-11-12T08:08:16.353+0000] {dag.py:3441} INFO - Setting next_dagrun for example_short_circuit_decorator to 2024-11-11T08:08:16.353321+00:00, run_after=2024-11-12T08:08:16.353321+00:00
[2024-11-12T08:08:16.378+0000] {processor.py:175} INFO - Processing /home/airflow/.local/lib/python3.7/site-packages/airflow/example_dags/example_short_circuit_decorator.py took 0.102 seconds
[2024-11-12T08:08:46.937+0000] {processor.py:153} INFO - Started process (PID=993) to work on /home/airflow/.local/lib/python3.7/site-packages/airflow/example_dags/example_short_circuit_decorator.py
[2024-11-12T08:08:46.938+0000] {processor.py:743} INFO - Processing file /home/airflow/.local/lib/python3.7/site-packages/airflow/example_dags/example_short_circuit_decorator.py for tasks to queue
[2024-11-12T08:08:46.939+0000] {logging_mixin.py:137} INFO - [2024-11-12T08:08:46.938+0000] {dagbag.py:538} INFO - Filling up the DagBag from /home/airflow/.local/lib/python3.7/site-packages/airflow/example_dags/example_short_circuit_decorator.py
[2024-11-12T08:08:46.960+0000] {processor.py:753} INFO - DAG(s) dict_keys(['example_short_circuit_decorator']) retrieved from /home/airflow/.local/lib/python3.7/site-packages/airflow/example_dags/example_short_circuit_decorator.py
[2024-11-12T08:08:46.986+0000] {logging_mixin.py:137} INFO - [2024-11-12T08:08:46.986+0000] {dag.py:2690} INFO - Sync 1 DAGs
[2024-11-12T08:08:47.008+0000] {logging_mixin.py:137} INFO - [2024-11-12T08:08:47.008+0000] {dag.py:3441} INFO - Setting next_dagrun for example_short_circuit_decorator to 2024-11-11T08:08:47.008099+00:00, run_after=2024-11-12T08:08:47.008099+00:00
[2024-11-12T08:08:47.029+0000] {processor.py:175} INFO - Processing /home/airflow/.local/lib/python3.7/site-packages/airflow/example_dags/example_short_circuit_decorator.py took 0.096 seconds
[2024-11-12T08:09:18.118+0000] {processor.py:153} INFO - Started process (PID=1080) to work on /home/airflow/.local/lib/python3.7/site-packages/airflow/example_dags/example_short_circuit_decorator.py
[2024-11-12T08:09:18.126+0000] {processor.py:743} INFO - Processing file /home/airflow/.local/lib/python3.7/site-packages/airflow/example_dags/example_short_circuit_decorator.py for tasks to queue
[2024-11-12T08:09:18.127+0000] {logging_mixin.py:137} INFO - [2024-11-12T08:09:18.127+0000] {dagbag.py:538} INFO - Filling up the DagBag from /home/airflow/.local/lib/python3.7/site-packages/airflow/example_dags/example_short_circuit_decorator.py
[2024-11-12T08:09:18.213+0000] {processor.py:753} INFO - DAG(s) dict_keys(['example_short_circuit_decorator']) retrieved from /home/airflow/.local/lib/python3.7/site-packages/airflow/example_dags/example_short_circuit_decorator.py
[2024-11-12T08:09:18.266+0000] {logging_mixin.py:137} INFO - [2024-11-12T08:09:18.265+0000] {dag.py:2690} INFO - Sync 1 DAGs
[2024-11-12T08:09:18.297+0000] {logging_mixin.py:137} INFO - [2024-11-12T08:09:18.297+0000] {dag.py:3441} INFO - Setting next_dagrun for example_short_circuit_decorator to 2024-11-11T08:09:18.297128+00:00, run_after=2024-11-12T08:09:18.297128+00:00
[2024-11-12T08:09:18.322+0000] {processor.py:175} INFO - Processing /home/airflow/.local/lib/python3.7/site-packages/airflow/example_dags/example_short_circuit_decorator.py took 0.209 seconds
[2024-11-12T08:09:48.545+0000] {processor.py:153} INFO - Started process (PID=1152) to work on /home/airflow/.local/lib/python3.7/site-packages/airflow/example_dags/example_short_circuit_decorator.py
[2024-11-12T08:09:48.547+0000] {processor.py:743} INFO - Processing file /home/airflow/.local/lib/python3.7/site-packages/airflow/example_dags/example_short_circuit_decorator.py for tasks to queue
[2024-11-12T08:09:48.547+0000] {logging_mixin.py:137} INFO - [2024-11-12T08:09:48.547+0000] {dagbag.py:538} INFO - Filling up the DagBag from /home/airflow/.local/lib/python3.7/site-packages/airflow/example_dags/example_short_circuit_decorator.py
[2024-11-12T08:09:48.572+0000] {processor.py:753} INFO - DAG(s) dict_keys(['example_short_circuit_decorator']) retrieved from /home/airflow/.local/lib/python3.7/site-packages/airflow/example_dags/example_short_circuit_decorator.py
[2024-11-12T08:09:48.600+0000] {logging_mixin.py:137} INFO - [2024-11-12T08:09:48.600+0000] {dag.py:2690} INFO - Sync 1 DAGs
[2024-11-12T08:09:48.624+0000] {logging_mixin.py:137} INFO - [2024-11-12T08:09:48.624+0000] {dag.py:3441} INFO - Setting next_dagrun for example_short_circuit_decorator to 2024-11-11T08:09:48.624316+00:00, run_after=2024-11-12T08:09:48.624316+00:00
[2024-11-12T08:09:48.647+0000] {processor.py:175} INFO - Processing /home/airflow/.local/lib/python3.7/site-packages/airflow/example_dags/example_short_circuit_decorator.py took 0.105 seconds
[2024-11-12T08:10:19.164+0000] {processor.py:153} INFO - Started process (PID=1223) to work on /home/airflow/.local/lib/python3.7/site-packages/airflow/example_dags/example_short_circuit_decorator.py
[2024-11-12T08:10:19.166+0000] {processor.py:743} INFO - Processing file /home/airflow/.local/lib/python3.7/site-packages/airflow/example_dags/example_short_circuit_decorator.py for tasks to queue
[2024-11-12T08:10:19.166+0000] {logging_mixin.py:137} INFO - [2024-11-12T08:10:19.166+0000] {dagbag.py:538} INFO - Filling up the DagBag from /home/airflow/.local/lib/python3.7/site-packages/airflow/example_dags/example_short_circuit_decorator.py
[2024-11-12T08:10:19.189+0000] {processor.py:753} INFO - DAG(s) dict_keys(['example_short_circuit_decorator']) retrieved from /home/airflow/.local/lib/python3.7/site-packages/airflow/example_dags/example_short_circuit_decorator.py
[2024-11-12T08:10:19.213+0000] {logging_mixin.py:137} INFO - [2024-11-12T08:10:19.213+0000] {dag.py:2690} INFO - Sync 1 DAGs
[2024-11-12T08:10:19.241+0000] {logging_mixin.py:137} INFO - [2024-11-12T08:10:19.240+0000] {dag.py:3441} INFO - Setting next_dagrun for example_short_circuit_decorator to 2024-11-11T08:10:19.240480+00:00, run_after=2024-11-12T08:10:19.240480+00:00
[2024-11-12T08:10:19.262+0000] {processor.py:175} INFO - Processing /home/airflow/.local/lib/python3.7/site-packages/airflow/example_dags/example_short_circuit_decorator.py took 0.101 seconds
[2024-11-12T08:10:49.313+0000] {processor.py:153} INFO - Started process (PID=1310) to work on /home/airflow/.local/lib/python3.7/site-packages/airflow/example_dags/example_short_circuit_decorator.py
[2024-11-12T08:10:49.315+0000] {processor.py:743} INFO - Processing file /home/airflow/.local/lib/python3.7/site-packages/airflow/example_dags/example_short_circuit_decorator.py for tasks to queue
[2024-11-12T08:10:49.315+0000] {logging_mixin.py:137} INFO - [2024-11-12T08:10:49.315+0000] {dagbag.py:538} INFO - Filling up the DagBag from /home/airflow/.local/lib/python3.7/site-packages/airflow/example_dags/example_short_circuit_decorator.py
[2024-11-12T08:10:49.339+0000] {processor.py:753} INFO - DAG(s) dict_keys(['example_short_circuit_decorator']) retrieved from /home/airflow/.local/lib/python3.7/site-packages/airflow/example_dags/example_short_circuit_decorator.py
[2024-11-12T08:10:49.365+0000] {logging_mixin.py:137} INFO - [2024-11-12T08:10:49.365+0000] {dag.py:2690} INFO - Sync 1 DAGs
[2024-11-12T08:10:49.391+0000] {logging_mixin.py:137} INFO - [2024-11-12T08:10:49.390+0000] {dag.py:3441} INFO - Setting next_dagrun for example_short_circuit_decorator to 2024-11-11T08:10:49.390750+00:00, run_after=2024-11-12T08:10:49.390750+00:00
[2024-11-12T08:10:49.415+0000] {processor.py:175} INFO - Processing /home/airflow/.local/lib/python3.7/site-packages/airflow/example_dags/example_short_circuit_decorator.py took 0.105 seconds
