[2024-11-12T07:54:48.676+0000] {processor.py:153} INFO - Started process (PID=84) to work on /home/airflow/.local/lib/python3.7/site-packages/airflow/example_dags/tutorial_dag.py
[2024-11-12T07:54:48.677+0000] {processor.py:743} INFO - Processing file /home/airflow/.local/lib/python3.7/site-packages/airflow/example_dags/tutorial_dag.py for tasks to queue
[2024-11-12T07:54:48.678+0000] {logging_mixin.py:137} INFO - [2024-11-12T07:54:48.678+0000] {dagbag.py:538} INFO - Filling up the DagBag from /home/airflow/.local/lib/python3.7/site-packages/airflow/example_dags/tutorial_dag.py
[2024-11-12T07:54:48.700+0000] {processor.py:753} INFO - DAG(s) dict_keys(['tutorial_dag']) retrieved from /home/airflow/.local/lib/python3.7/site-packages/airflow/example_dags/tutorial_dag.py
[2024-11-12T07:54:48.717+0000] {logging_mixin.py:137} INFO - [2024-11-12T07:54:48.717+0000] {dag.py:2690} INFO - Sync 1 DAGs
[2024-11-12T07:54:48.758+0000] {logging_mixin.py:137} INFO - [2024-11-12T07:54:48.758+0000] {dag.py:3441} INFO - Setting next_dagrun for tutorial_dag to None, run_after=None
[2024-11-12T07:54:48.784+0000] {processor.py:175} INFO - Processing /home/airflow/.local/lib/python3.7/site-packages/airflow/example_dags/tutorial_dag.py took 0.114 seconds
[2024-11-12T07:55:18.849+0000] {processor.py:153} INFO - Started process (PID=155) to work on /home/airflow/.local/lib/python3.7/site-packages/airflow/example_dags/tutorial_dag.py
[2024-11-12T07:55:18.850+0000] {processor.py:743} INFO - Processing file /home/airflow/.local/lib/python3.7/site-packages/airflow/example_dags/tutorial_dag.py for tasks to queue
[2024-11-12T07:55:18.850+0000] {logging_mixin.py:137} INFO - [2024-11-12T07:55:18.850+0000] {dagbag.py:538} INFO - Filling up the DagBag from /home/airflow/.local/lib/python3.7/site-packages/airflow/example_dags/tutorial_dag.py
[2024-11-12T07:55:18.862+0000] {processor.py:753} INFO - DAG(s) dict_keys(['tutorial_dag']) retrieved from /home/airflow/.local/lib/python3.7/site-packages/airflow/example_dags/tutorial_dag.py
[2024-11-12T07:55:18.888+0000] {logging_mixin.py:137} INFO - [2024-11-12T07:55:18.888+0000] {dag.py:2690} INFO - Sync 1 DAGs
[2024-11-12T07:55:18.916+0000] {logging_mixin.py:137} INFO - [2024-11-12T07:55:18.916+0000] {dag.py:3441} INFO - Setting next_dagrun for tutorial_dag to None, run_after=None
[2024-11-12T07:55:18.940+0000] {processor.py:175} INFO - Processing /home/airflow/.local/lib/python3.7/site-packages/airflow/example_dags/tutorial_dag.py took 0.095 seconds
[2024-11-12T07:55:49.905+0000] {processor.py:153} INFO - Started process (PID=242) to work on /home/airflow/.local/lib/python3.7/site-packages/airflow/example_dags/tutorial_dag.py
[2024-11-12T07:55:49.907+0000] {processor.py:743} INFO - Processing file /home/airflow/.local/lib/python3.7/site-packages/airflow/example_dags/tutorial_dag.py for tasks to queue
[2024-11-12T07:55:49.907+0000] {logging_mixin.py:137} INFO - [2024-11-12T07:55:49.907+0000] {dagbag.py:538} INFO - Filling up the DagBag from /home/airflow/.local/lib/python3.7/site-packages/airflow/example_dags/tutorial_dag.py
[2024-11-12T07:55:49.927+0000] {processor.py:753} INFO - DAG(s) dict_keys(['tutorial_dag']) retrieved from /home/airflow/.local/lib/python3.7/site-packages/airflow/example_dags/tutorial_dag.py
[2024-11-12T07:55:49.964+0000] {logging_mixin.py:137} INFO - [2024-11-12T07:55:49.964+0000] {dag.py:2690} INFO - Sync 1 DAGs
[2024-11-12T07:55:50.002+0000] {logging_mixin.py:137} INFO - [2024-11-12T07:55:50.002+0000] {dag.py:3441} INFO - Setting next_dagrun for tutorial_dag to None, run_after=None
[2024-11-12T07:55:50.032+0000] {processor.py:175} INFO - Processing /home/airflow/.local/lib/python3.7/site-packages/airflow/example_dags/tutorial_dag.py took 0.131 seconds
[2024-11-12T07:56:20.088+0000] {processor.py:153} INFO - Started process (PID=313) to work on /home/airflow/.local/lib/python3.7/site-packages/airflow/example_dags/tutorial_dag.py
[2024-11-12T07:56:20.089+0000] {processor.py:743} INFO - Processing file /home/airflow/.local/lib/python3.7/site-packages/airflow/example_dags/tutorial_dag.py for tasks to queue
[2024-11-12T07:56:20.089+0000] {logging_mixin.py:137} INFO - [2024-11-12T07:56:20.089+0000] {dagbag.py:538} INFO - Filling up the DagBag from /home/airflow/.local/lib/python3.7/site-packages/airflow/example_dags/tutorial_dag.py
[2024-11-12T07:56:20.104+0000] {processor.py:753} INFO - DAG(s) dict_keys(['tutorial_dag']) retrieved from /home/airflow/.local/lib/python3.7/site-packages/airflow/example_dags/tutorial_dag.py
[2024-11-12T07:56:20.133+0000] {logging_mixin.py:137} INFO - [2024-11-12T07:56:20.133+0000] {dag.py:2690} INFO - Sync 1 DAGs
[2024-11-12T07:56:20.155+0000] {logging_mixin.py:137} INFO - [2024-11-12T07:56:20.155+0000] {dag.py:3441} INFO - Setting next_dagrun for tutorial_dag to None, run_after=None
[2024-11-12T07:56:20.178+0000] {processor.py:175} INFO - Processing /home/airflow/.local/lib/python3.7/site-packages/airflow/example_dags/tutorial_dag.py took 0.093 seconds
[2024-11-12T07:56:50.920+0000] {processor.py:153} INFO - Started process (PID=393) to work on /home/airflow/.local/lib/python3.7/site-packages/airflow/example_dags/tutorial_dag.py
[2024-11-12T07:56:50.922+0000] {processor.py:743} INFO - Processing file /home/airflow/.local/lib/python3.7/site-packages/airflow/example_dags/tutorial_dag.py for tasks to queue
[2024-11-12T07:56:50.923+0000] {logging_mixin.py:137} INFO - [2024-11-12T07:56:50.922+0000] {dagbag.py:538} INFO - Filling up the DagBag from /home/airflow/.local/lib/python3.7/site-packages/airflow/example_dags/tutorial_dag.py
[2024-11-12T07:56:50.945+0000] {processor.py:753} INFO - DAG(s) dict_keys(['tutorial_dag']) retrieved from /home/airflow/.local/lib/python3.7/site-packages/airflow/example_dags/tutorial_dag.py
[2024-11-12T07:56:50.988+0000] {logging_mixin.py:137} INFO - [2024-11-12T07:56:50.988+0000] {dag.py:2690} INFO - Sync 1 DAGs
[2024-11-12T07:56:51.033+0000] {logging_mixin.py:137} INFO - [2024-11-12T07:56:51.033+0000] {dag.py:3441} INFO - Setting next_dagrun for tutorial_dag to None, run_after=None
[2024-11-12T07:56:51.071+0000] {processor.py:175} INFO - Processing /home/airflow/.local/lib/python3.7/site-packages/airflow/example_dags/tutorial_dag.py took 0.158 seconds
[2024-11-12T07:57:21.944+0000] {processor.py:153} INFO - Started process (PID=471) to work on /home/airflow/.local/lib/python3.7/site-packages/airflow/example_dags/tutorial_dag.py
[2024-11-12T07:57:21.946+0000] {processor.py:743} INFO - Processing file /home/airflow/.local/lib/python3.7/site-packages/airflow/example_dags/tutorial_dag.py for tasks to queue
[2024-11-12T07:57:21.946+0000] {logging_mixin.py:137} INFO - [2024-11-12T07:57:21.946+0000] {dagbag.py:538} INFO - Filling up the DagBag from /home/airflow/.local/lib/python3.7/site-packages/airflow/example_dags/tutorial_dag.py
[2024-11-12T07:57:21.959+0000] {processor.py:753} INFO - DAG(s) dict_keys(['tutorial_dag']) retrieved from /home/airflow/.local/lib/python3.7/site-packages/airflow/example_dags/tutorial_dag.py
[2024-11-12T07:57:21.984+0000] {logging_mixin.py:137} INFO - [2024-11-12T07:57:21.984+0000] {dag.py:2690} INFO - Sync 1 DAGs
[2024-11-12T07:57:22.008+0000] {logging_mixin.py:137} INFO - [2024-11-12T07:57:22.008+0000] {dag.py:3441} INFO - Setting next_dagrun for tutorial_dag to None, run_after=None
[2024-11-12T07:57:22.030+0000] {processor.py:175} INFO - Processing /home/airflow/.local/lib/python3.7/site-packages/airflow/example_dags/tutorial_dag.py took 0.089 seconds
[2024-11-12T07:57:52.305+0000] {processor.py:153} INFO - Started process (PID=549) to work on /home/airflow/.local/lib/python3.7/site-packages/airflow/example_dags/tutorial_dag.py
[2024-11-12T07:57:52.306+0000] {processor.py:743} INFO - Processing file /home/airflow/.local/lib/python3.7/site-packages/airflow/example_dags/tutorial_dag.py for tasks to queue
[2024-11-12T07:57:52.307+0000] {logging_mixin.py:137} INFO - [2024-11-12T07:57:52.307+0000] {dagbag.py:538} INFO - Filling up the DagBag from /home/airflow/.local/lib/python3.7/site-packages/airflow/example_dags/tutorial_dag.py
[2024-11-12T07:57:52.327+0000] {processor.py:753} INFO - DAG(s) dict_keys(['tutorial_dag']) retrieved from /home/airflow/.local/lib/python3.7/site-packages/airflow/example_dags/tutorial_dag.py
[2024-11-12T07:57:52.363+0000] {logging_mixin.py:137} INFO - [2024-11-12T07:57:52.363+0000] {dag.py:2690} INFO - Sync 1 DAGs
[2024-11-12T07:57:52.394+0000] {logging_mixin.py:137} INFO - [2024-11-12T07:57:52.394+0000] {dag.py:3441} INFO - Setting next_dagrun for tutorial_dag to None, run_after=None
[2024-11-12T07:57:52.417+0000] {processor.py:175} INFO - Processing /home/airflow/.local/lib/python3.7/site-packages/airflow/example_dags/tutorial_dag.py took 0.117 seconds
[2024-11-12T07:58:22.442+0000] {processor.py:153} INFO - Started process (PID=629) to work on /home/airflow/.local/lib/python3.7/site-packages/airflow/example_dags/tutorial_dag.py
[2024-11-12T07:58:22.443+0000] {processor.py:743} INFO - Processing file /home/airflow/.local/lib/python3.7/site-packages/airflow/example_dags/tutorial_dag.py for tasks to queue
[2024-11-12T07:58:22.443+0000] {logging_mixin.py:137} INFO - [2024-11-12T07:58:22.443+0000] {dagbag.py:538} INFO - Filling up the DagBag from /home/airflow/.local/lib/python3.7/site-packages/airflow/example_dags/tutorial_dag.py
[2024-11-12T07:58:22.456+0000] {processor.py:753} INFO - DAG(s) dict_keys(['tutorial_dag']) retrieved from /home/airflow/.local/lib/python3.7/site-packages/airflow/example_dags/tutorial_dag.py
[2024-11-12T07:58:22.483+0000] {logging_mixin.py:137} INFO - [2024-11-12T07:58:22.483+0000] {dag.py:2690} INFO - Sync 1 DAGs
[2024-11-12T07:58:22.506+0000] {logging_mixin.py:137} INFO - [2024-11-12T07:58:22.505+0000] {dag.py:3441} INFO - Setting next_dagrun for tutorial_dag to None, run_after=None
[2024-11-12T07:58:22.527+0000] {processor.py:175} INFO - Processing /home/airflow/.local/lib/python3.7/site-packages/airflow/example_dags/tutorial_dag.py took 0.089 seconds
[2024-11-12T07:58:53.436+0000] {processor.py:153} INFO - Started process (PID=700) to work on /home/airflow/.local/lib/python3.7/site-packages/airflow/example_dags/tutorial_dag.py
[2024-11-12T07:58:53.437+0000] {processor.py:743} INFO - Processing file /home/airflow/.local/lib/python3.7/site-packages/airflow/example_dags/tutorial_dag.py for tasks to queue
[2024-11-12T07:58:53.438+0000] {logging_mixin.py:137} INFO - [2024-11-12T07:58:53.437+0000] {dagbag.py:538} INFO - Filling up the DagBag from /home/airflow/.local/lib/python3.7/site-packages/airflow/example_dags/tutorial_dag.py
[2024-11-12T07:58:53.455+0000] {processor.py:753} INFO - DAG(s) dict_keys(['tutorial_dag']) retrieved from /home/airflow/.local/lib/python3.7/site-packages/airflow/example_dags/tutorial_dag.py
[2024-11-12T07:58:53.493+0000] {logging_mixin.py:137} INFO - [2024-11-12T07:58:53.493+0000] {dag.py:2690} INFO - Sync 1 DAGs
[2024-11-12T07:58:53.535+0000] {logging_mixin.py:137} INFO - [2024-11-12T07:58:53.535+0000] {dag.py:3441} INFO - Setting next_dagrun for tutorial_dag to None, run_after=None
[2024-11-12T07:58:53.564+0000] {processor.py:175} INFO - Processing /home/airflow/.local/lib/python3.7/site-packages/airflow/example_dags/tutorial_dag.py took 0.132 seconds
[2024-11-12T07:59:23.645+0000] {processor.py:153} INFO - Started process (PID=789) to work on /home/airflow/.local/lib/python3.7/site-packages/airflow/example_dags/tutorial_dag.py
[2024-11-12T07:59:23.646+0000] {processor.py:743} INFO - Processing file /home/airflow/.local/lib/python3.7/site-packages/airflow/example_dags/tutorial_dag.py for tasks to queue
[2024-11-12T07:59:23.647+0000] {logging_mixin.py:137} INFO - [2024-11-12T07:59:23.646+0000] {dagbag.py:538} INFO - Filling up the DagBag from /home/airflow/.local/lib/python3.7/site-packages/airflow/example_dags/tutorial_dag.py
[2024-11-12T07:59:23.657+0000] {processor.py:753} INFO - DAG(s) dict_keys(['tutorial_dag']) retrieved from /home/airflow/.local/lib/python3.7/site-packages/airflow/example_dags/tutorial_dag.py
[2024-11-12T07:59:23.683+0000] {logging_mixin.py:137} INFO - [2024-11-12T07:59:23.683+0000] {dag.py:2690} INFO - Sync 1 DAGs
[2024-11-12T07:59:23.705+0000] {logging_mixin.py:137} INFO - [2024-11-12T07:59:23.705+0000] {dag.py:3441} INFO - Setting next_dagrun for tutorial_dag to None, run_after=None
[2024-11-12T07:59:23.727+0000] {processor.py:175} INFO - Processing /home/airflow/.local/lib/python3.7/site-packages/airflow/example_dags/tutorial_dag.py took 0.085 seconds
[2024-11-12T07:59:53.826+0000] {processor.py:153} INFO - Started process (PID=860) to work on /home/airflow/.local/lib/python3.7/site-packages/airflow/example_dags/tutorial_dag.py
[2024-11-12T07:59:53.827+0000] {processor.py:743} INFO - Processing file /home/airflow/.local/lib/python3.7/site-packages/airflow/example_dags/tutorial_dag.py for tasks to queue
[2024-11-12T07:59:53.828+0000] {logging_mixin.py:137} INFO - [2024-11-12T07:59:53.828+0000] {dagbag.py:538} INFO - Filling up the DagBag from /home/airflow/.local/lib/python3.7/site-packages/airflow/example_dags/tutorial_dag.py
[2024-11-12T07:59:53.843+0000] {processor.py:753} INFO - DAG(s) dict_keys(['tutorial_dag']) retrieved from /home/airflow/.local/lib/python3.7/site-packages/airflow/example_dags/tutorial_dag.py
[2024-11-12T07:59:53.872+0000] {logging_mixin.py:137} INFO - [2024-11-12T07:59:53.872+0000] {dag.py:2690} INFO - Sync 1 DAGs
[2024-11-12T07:59:53.902+0000] {logging_mixin.py:137} INFO - [2024-11-12T07:59:53.902+0000] {dag.py:3441} INFO - Setting next_dagrun for tutorial_dag to None, run_after=None
[2024-11-12T07:59:53.928+0000] {processor.py:175} INFO - Processing /home/airflow/.local/lib/python3.7/site-packages/airflow/example_dags/tutorial_dag.py took 0.110 seconds
[2024-11-12T08:00:24.027+0000] {processor.py:153} INFO - Started process (PID=947) to work on /home/airflow/.local/lib/python3.7/site-packages/airflow/example_dags/tutorial_dag.py
[2024-11-12T08:00:24.028+0000] {processor.py:743} INFO - Processing file /home/airflow/.local/lib/python3.7/site-packages/airflow/example_dags/tutorial_dag.py for tasks to queue
[2024-11-12T08:00:24.028+0000] {logging_mixin.py:137} INFO - [2024-11-12T08:00:24.028+0000] {dagbag.py:538} INFO - Filling up the DagBag from /home/airflow/.local/lib/python3.7/site-packages/airflow/example_dags/tutorial_dag.py
[2024-11-12T08:00:24.042+0000] {processor.py:753} INFO - DAG(s) dict_keys(['tutorial_dag']) retrieved from /home/airflow/.local/lib/python3.7/site-packages/airflow/example_dags/tutorial_dag.py
[2024-11-12T08:00:24.069+0000] {logging_mixin.py:137} INFO - [2024-11-12T08:00:24.069+0000] {dag.py:2690} INFO - Sync 1 DAGs
[2024-11-12T08:00:24.092+0000] {logging_mixin.py:137} INFO - [2024-11-12T08:00:24.092+0000] {dag.py:3441} INFO - Setting next_dagrun for tutorial_dag to None, run_after=None
[2024-11-12T08:00:24.114+0000] {processor.py:175} INFO - Processing /home/airflow/.local/lib/python3.7/site-packages/airflow/example_dags/tutorial_dag.py took 0.091 seconds
[2024-11-12T08:00:54.848+0000] {processor.py:153} INFO - Started process (PID=1018) to work on /home/airflow/.local/lib/python3.7/site-packages/airflow/example_dags/tutorial_dag.py
[2024-11-12T08:00:54.849+0000] {processor.py:743} INFO - Processing file /home/airflow/.local/lib/python3.7/site-packages/airflow/example_dags/tutorial_dag.py for tasks to queue
[2024-11-12T08:00:54.850+0000] {logging_mixin.py:137} INFO - [2024-11-12T08:00:54.850+0000] {dagbag.py:538} INFO - Filling up the DagBag from /home/airflow/.local/lib/python3.7/site-packages/airflow/example_dags/tutorial_dag.py
[2024-11-12T08:00:54.861+0000] {processor.py:753} INFO - DAG(s) dict_keys(['tutorial_dag']) retrieved from /home/airflow/.local/lib/python3.7/site-packages/airflow/example_dags/tutorial_dag.py
[2024-11-12T08:00:54.887+0000] {logging_mixin.py:137} INFO - [2024-11-12T08:00:54.887+0000] {dag.py:2690} INFO - Sync 1 DAGs
[2024-11-12T08:00:54.911+0000] {logging_mixin.py:137} INFO - [2024-11-12T08:00:54.911+0000] {dag.py:3441} INFO - Setting next_dagrun for tutorial_dag to None, run_after=None
[2024-11-12T08:00:54.937+0000] {processor.py:175} INFO - Processing /home/airflow/.local/lib/python3.7/site-packages/airflow/example_dags/tutorial_dag.py took 0.092 seconds
[2024-11-12T08:01:25.803+0000] {processor.py:153} INFO - Started process (PID=1105) to work on /home/airflow/.local/lib/python3.7/site-packages/airflow/example_dags/tutorial_dag.py
[2024-11-12T08:01:25.804+0000] {processor.py:743} INFO - Processing file /home/airflow/.local/lib/python3.7/site-packages/airflow/example_dags/tutorial_dag.py for tasks to queue
[2024-11-12T08:01:25.805+0000] {logging_mixin.py:137} INFO - [2024-11-12T08:01:25.805+0000] {dagbag.py:538} INFO - Filling up the DagBag from /home/airflow/.local/lib/python3.7/site-packages/airflow/example_dags/tutorial_dag.py
[2024-11-12T08:01:25.819+0000] {processor.py:753} INFO - DAG(s) dict_keys(['tutorial_dag']) retrieved from /home/airflow/.local/lib/python3.7/site-packages/airflow/example_dags/tutorial_dag.py
[2024-11-12T08:01:25.846+0000] {logging_mixin.py:137} INFO - [2024-11-12T08:01:25.846+0000] {dag.py:2690} INFO - Sync 1 DAGs
[2024-11-12T08:01:25.873+0000] {logging_mixin.py:137} INFO - [2024-11-12T08:01:25.873+0000] {dag.py:3441} INFO - Setting next_dagrun for tutorial_dag to None, run_after=None
[2024-11-12T08:01:25.896+0000] {processor.py:175} INFO - Processing /home/airflow/.local/lib/python3.7/site-packages/airflow/example_dags/tutorial_dag.py took 0.097 seconds
[2024-11-12T08:02:39.026+0000] {processor.py:153} INFO - Started process (PID=66) to work on /home/airflow/.local/lib/python3.7/site-packages/airflow/example_dags/tutorial_dag.py
[2024-11-12T08:02:39.028+0000] {processor.py:743} INFO - Processing file /home/airflow/.local/lib/python3.7/site-packages/airflow/example_dags/tutorial_dag.py for tasks to queue
[2024-11-12T08:02:39.029+0000] {logging_mixin.py:137} INFO - [2024-11-12T08:02:39.029+0000] {dagbag.py:538} INFO - Filling up the DagBag from /home/airflow/.local/lib/python3.7/site-packages/airflow/example_dags/tutorial_dag.py
[2024-11-12T08:02:39.054+0000] {processor.py:753} INFO - DAG(s) dict_keys(['tutorial_dag']) retrieved from /home/airflow/.local/lib/python3.7/site-packages/airflow/example_dags/tutorial_dag.py
[2024-11-12T08:02:39.075+0000] {logging_mixin.py:137} INFO - [2024-11-12T08:02:39.075+0000] {dag.py:2690} INFO - Sync 1 DAGs
[2024-11-12T08:02:39.120+0000] {logging_mixin.py:137} INFO - [2024-11-12T08:02:39.120+0000] {dag.py:3441} INFO - Setting next_dagrun for tutorial_dag to None, run_after=None
[2024-11-12T08:02:39.158+0000] {processor.py:175} INFO - Processing /home/airflow/.local/lib/python3.7/site-packages/airflow/example_dags/tutorial_dag.py took 0.136 seconds
[2024-11-12T08:03:10.013+0000] {processor.py:153} INFO - Started process (PID=153) to work on /home/airflow/.local/lib/python3.7/site-packages/airflow/example_dags/tutorial_dag.py
[2024-11-12T08:03:10.014+0000] {processor.py:743} INFO - Processing file /home/airflow/.local/lib/python3.7/site-packages/airflow/example_dags/tutorial_dag.py for tasks to queue
[2024-11-12T08:03:10.015+0000] {logging_mixin.py:137} INFO - [2024-11-12T08:03:10.015+0000] {dagbag.py:538} INFO - Filling up the DagBag from /home/airflow/.local/lib/python3.7/site-packages/airflow/example_dags/tutorial_dag.py
[2024-11-12T08:03:10.027+0000] {processor.py:753} INFO - DAG(s) dict_keys(['tutorial_dag']) retrieved from /home/airflow/.local/lib/python3.7/site-packages/airflow/example_dags/tutorial_dag.py
[2024-11-12T08:03:10.055+0000] {logging_mixin.py:137} INFO - [2024-11-12T08:03:10.055+0000] {dag.py:2690} INFO - Sync 1 DAGs
[2024-11-12T08:03:10.086+0000] {logging_mixin.py:137} INFO - [2024-11-12T08:03:10.086+0000] {dag.py:3441} INFO - Setting next_dagrun for tutorial_dag to None, run_after=None
[2024-11-12T08:03:10.113+0000] {processor.py:175} INFO - Processing /home/airflow/.local/lib/python3.7/site-packages/airflow/example_dags/tutorial_dag.py took 0.103 seconds
[2024-11-12T08:03:40.531+0000] {processor.py:153} INFO - Started process (PID=224) to work on /home/airflow/.local/lib/python3.7/site-packages/airflow/example_dags/tutorial_dag.py
[2024-11-12T08:03:40.532+0000] {processor.py:743} INFO - Processing file /home/airflow/.local/lib/python3.7/site-packages/airflow/example_dags/tutorial_dag.py for tasks to queue
[2024-11-12T08:03:40.532+0000] {logging_mixin.py:137} INFO - [2024-11-12T08:03:40.532+0000] {dagbag.py:538} INFO - Filling up the DagBag from /home/airflow/.local/lib/python3.7/site-packages/airflow/example_dags/tutorial_dag.py
[2024-11-12T08:03:40.545+0000] {processor.py:753} INFO - DAG(s) dict_keys(['tutorial_dag']) retrieved from /home/airflow/.local/lib/python3.7/site-packages/airflow/example_dags/tutorial_dag.py
[2024-11-12T08:03:40.573+0000] {logging_mixin.py:137} INFO - [2024-11-12T08:03:40.573+0000] {dag.py:2690} INFO - Sync 1 DAGs
[2024-11-12T08:03:40.596+0000] {logging_mixin.py:137} INFO - [2024-11-12T08:03:40.596+0000] {dag.py:3441} INFO - Setting next_dagrun for tutorial_dag to None, run_after=None
[2024-11-12T08:03:40.619+0000] {processor.py:175} INFO - Processing /home/airflow/.local/lib/python3.7/site-packages/airflow/example_dags/tutorial_dag.py took 0.092 seconds
[2024-11-12T08:04:11.283+0000] {processor.py:153} INFO - Started process (PID=311) to work on /home/airflow/.local/lib/python3.7/site-packages/airflow/example_dags/tutorial_dag.py
[2024-11-12T08:04:11.284+0000] {processor.py:743} INFO - Processing file /home/airflow/.local/lib/python3.7/site-packages/airflow/example_dags/tutorial_dag.py for tasks to queue
[2024-11-12T08:04:11.285+0000] {logging_mixin.py:137} INFO - [2024-11-12T08:04:11.285+0000] {dagbag.py:538} INFO - Filling up the DagBag from /home/airflow/.local/lib/python3.7/site-packages/airflow/example_dags/tutorial_dag.py
[2024-11-12T08:04:11.299+0000] {processor.py:753} INFO - DAG(s) dict_keys(['tutorial_dag']) retrieved from /home/airflow/.local/lib/python3.7/site-packages/airflow/example_dags/tutorial_dag.py
[2024-11-12T08:04:11.327+0000] {logging_mixin.py:137} INFO - [2024-11-12T08:04:11.326+0000] {dag.py:2690} INFO - Sync 1 DAGs
[2024-11-12T08:04:11.355+0000] {logging_mixin.py:137} INFO - [2024-11-12T08:04:11.355+0000] {dag.py:3441} INFO - Setting next_dagrun for tutorial_dag to None, run_after=None
[2024-11-12T08:04:11.376+0000] {processor.py:175} INFO - Processing /home/airflow/.local/lib/python3.7/site-packages/airflow/example_dags/tutorial_dag.py took 0.098 seconds
[2024-11-12T08:04:42.303+0000] {processor.py:153} INFO - Started process (PID=382) to work on /home/airflow/.local/lib/python3.7/site-packages/airflow/example_dags/tutorial_dag.py
[2024-11-12T08:04:42.304+0000] {processor.py:743} INFO - Processing file /home/airflow/.local/lib/python3.7/site-packages/airflow/example_dags/tutorial_dag.py for tasks to queue
[2024-11-12T08:04:42.305+0000] {logging_mixin.py:137} INFO - [2024-11-12T08:04:42.305+0000] {dagbag.py:538} INFO - Filling up the DagBag from /home/airflow/.local/lib/python3.7/site-packages/airflow/example_dags/tutorial_dag.py
[2024-11-12T08:04:42.320+0000] {processor.py:753} INFO - DAG(s) dict_keys(['tutorial_dag']) retrieved from /home/airflow/.local/lib/python3.7/site-packages/airflow/example_dags/tutorial_dag.py
[2024-11-12T08:04:42.352+0000] {logging_mixin.py:137} INFO - [2024-11-12T08:04:42.352+0000] {dag.py:2690} INFO - Sync 1 DAGs
[2024-11-12T08:04:42.381+0000] {logging_mixin.py:137} INFO - [2024-11-12T08:04:42.381+0000] {dag.py:3441} INFO - Setting next_dagrun for tutorial_dag to None, run_after=None
[2024-11-12T08:04:42.405+0000] {processor.py:175} INFO - Processing /home/airflow/.local/lib/python3.7/site-packages/airflow/example_dags/tutorial_dag.py took 0.107 seconds
[2024-11-12T08:05:12.447+0000] {processor.py:153} INFO - Started process (PID=469) to work on /home/airflow/.local/lib/python3.7/site-packages/airflow/example_dags/tutorial_dag.py
[2024-11-12T08:05:12.448+0000] {processor.py:743} INFO - Processing file /home/airflow/.local/lib/python3.7/site-packages/airflow/example_dags/tutorial_dag.py for tasks to queue
[2024-11-12T08:05:12.449+0000] {logging_mixin.py:137} INFO - [2024-11-12T08:05:12.449+0000] {dagbag.py:538} INFO - Filling up the DagBag from /home/airflow/.local/lib/python3.7/site-packages/airflow/example_dags/tutorial_dag.py
[2024-11-12T08:05:12.459+0000] {processor.py:753} INFO - DAG(s) dict_keys(['tutorial_dag']) retrieved from /home/airflow/.local/lib/python3.7/site-packages/airflow/example_dags/tutorial_dag.py
[2024-11-12T08:05:12.484+0000] {logging_mixin.py:137} INFO - [2024-11-12T08:05:12.484+0000] {dag.py:2690} INFO - Sync 1 DAGs
[2024-11-12T08:05:12.513+0000] {logging_mixin.py:137} INFO - [2024-11-12T08:05:12.513+0000] {dag.py:3441} INFO - Setting next_dagrun for tutorial_dag to None, run_after=None
[2024-11-12T08:05:12.538+0000] {processor.py:175} INFO - Processing /home/airflow/.local/lib/python3.7/site-packages/airflow/example_dags/tutorial_dag.py took 0.093 seconds
[2024-11-12T08:05:43.264+0000] {processor.py:153} INFO - Started process (PID=540) to work on /home/airflow/.local/lib/python3.7/site-packages/airflow/example_dags/tutorial_dag.py
[2024-11-12T08:05:43.265+0000] {processor.py:743} INFO - Processing file /home/airflow/.local/lib/python3.7/site-packages/airflow/example_dags/tutorial_dag.py for tasks to queue
[2024-11-12T08:05:43.266+0000] {logging_mixin.py:137} INFO - [2024-11-12T08:05:43.265+0000] {dagbag.py:538} INFO - Filling up the DagBag from /home/airflow/.local/lib/python3.7/site-packages/airflow/example_dags/tutorial_dag.py
[2024-11-12T08:05:43.280+0000] {processor.py:753} INFO - DAG(s) dict_keys(['tutorial_dag']) retrieved from /home/airflow/.local/lib/python3.7/site-packages/airflow/example_dags/tutorial_dag.py
[2024-11-12T08:05:43.303+0000] {logging_mixin.py:137} INFO - [2024-11-12T08:05:43.303+0000] {dag.py:2690} INFO - Sync 1 DAGs
[2024-11-12T08:05:43.326+0000] {logging_mixin.py:137} INFO - [2024-11-12T08:05:43.325+0000] {dag.py:3441} INFO - Setting next_dagrun for tutorial_dag to None, run_after=None
[2024-11-12T08:05:43.346+0000] {processor.py:175} INFO - Processing /home/airflow/.local/lib/python3.7/site-packages/airflow/example_dags/tutorial_dag.py took 0.086 seconds
[2024-11-12T08:06:14.929+0000] {processor.py:153} INFO - Started process (PID=627) to work on /home/airflow/.local/lib/python3.7/site-packages/airflow/example_dags/tutorial_dag.py
[2024-11-12T08:06:14.931+0000] {processor.py:743} INFO - Processing file /home/airflow/.local/lib/python3.7/site-packages/airflow/example_dags/tutorial_dag.py for tasks to queue
[2024-11-12T08:06:14.932+0000] {logging_mixin.py:137} INFO - [2024-11-12T08:06:14.932+0000] {dagbag.py:538} INFO - Filling up the DagBag from /home/airflow/.local/lib/python3.7/site-packages/airflow/example_dags/tutorial_dag.py
[2024-11-12T08:06:14.950+0000] {processor.py:753} INFO - DAG(s) dict_keys(['tutorial_dag']) retrieved from /home/airflow/.local/lib/python3.7/site-packages/airflow/example_dags/tutorial_dag.py
[2024-11-12T08:06:14.979+0000] {logging_mixin.py:137} INFO - [2024-11-12T08:06:14.979+0000] {dag.py:2690} INFO - Sync 1 DAGs
[2024-11-12T08:06:15.001+0000] {logging_mixin.py:137} INFO - [2024-11-12T08:06:15.001+0000] {dag.py:3441} INFO - Setting next_dagrun for tutorial_dag to None, run_after=None
[2024-11-12T08:06:15.021+0000] {processor.py:175} INFO - Processing /home/airflow/.local/lib/python3.7/site-packages/airflow/example_dags/tutorial_dag.py took 0.098 seconds
[2024-11-12T08:06:45.516+0000] {processor.py:153} INFO - Started process (PID=698) to work on /home/airflow/.local/lib/python3.7/site-packages/airflow/example_dags/tutorial_dag.py
[2024-11-12T08:06:45.517+0000] {processor.py:743} INFO - Processing file /home/airflow/.local/lib/python3.7/site-packages/airflow/example_dags/tutorial_dag.py for tasks to queue
[2024-11-12T08:06:45.518+0000] {logging_mixin.py:137} INFO - [2024-11-12T08:06:45.518+0000] {dagbag.py:538} INFO - Filling up the DagBag from /home/airflow/.local/lib/python3.7/site-packages/airflow/example_dags/tutorial_dag.py
[2024-11-12T08:06:45.533+0000] {processor.py:753} INFO - DAG(s) dict_keys(['tutorial_dag']) retrieved from /home/airflow/.local/lib/python3.7/site-packages/airflow/example_dags/tutorial_dag.py
[2024-11-12T08:06:45.571+0000] {logging_mixin.py:137} INFO - [2024-11-12T08:06:45.571+0000] {dag.py:2690} INFO - Sync 1 DAGs
[2024-11-12T08:06:45.615+0000] {logging_mixin.py:137} INFO - [2024-11-12T08:06:45.614+0000] {dag.py:3441} INFO - Setting next_dagrun for tutorial_dag to None, run_after=None
[2024-11-12T08:06:45.640+0000] {processor.py:175} INFO - Processing /home/airflow/.local/lib/python3.7/site-packages/airflow/example_dags/tutorial_dag.py took 0.134 seconds
[2024-11-12T08:07:16.103+0000] {processor.py:153} INFO - Started process (PID=785) to work on /home/airflow/.local/lib/python3.7/site-packages/airflow/example_dags/tutorial_dag.py
[2024-11-12T08:07:16.105+0000] {processor.py:743} INFO - Processing file /home/airflow/.local/lib/python3.7/site-packages/airflow/example_dags/tutorial_dag.py for tasks to queue
[2024-11-12T08:07:16.106+0000] {logging_mixin.py:137} INFO - [2024-11-12T08:07:16.106+0000] {dagbag.py:538} INFO - Filling up the DagBag from /home/airflow/.local/lib/python3.7/site-packages/airflow/example_dags/tutorial_dag.py
[2024-11-12T08:07:16.124+0000] {processor.py:753} INFO - DAG(s) dict_keys(['tutorial_dag']) retrieved from /home/airflow/.local/lib/python3.7/site-packages/airflow/example_dags/tutorial_dag.py
[2024-11-12T08:07:16.171+0000] {logging_mixin.py:137} INFO - [2024-11-12T08:07:16.170+0000] {dag.py:2690} INFO - Sync 1 DAGs
[2024-11-12T08:07:16.226+0000] {logging_mixin.py:137} INFO - [2024-11-12T08:07:16.226+0000] {dag.py:3441} INFO - Setting next_dagrun for tutorial_dag to None, run_after=None
[2024-11-12T08:07:16.261+0000] {processor.py:175} INFO - Processing /home/airflow/.local/lib/python3.7/site-packages/airflow/example_dags/tutorial_dag.py took 0.163 seconds
[2024-11-12T08:07:46.423+0000] {processor.py:153} INFO - Started process (PID=856) to work on /home/airflow/.local/lib/python3.7/site-packages/airflow/example_dags/tutorial_dag.py
[2024-11-12T08:07:46.424+0000] {processor.py:743} INFO - Processing file /home/airflow/.local/lib/python3.7/site-packages/airflow/example_dags/tutorial_dag.py for tasks to queue
[2024-11-12T08:07:46.425+0000] {logging_mixin.py:137} INFO - [2024-11-12T08:07:46.424+0000] {dagbag.py:538} INFO - Filling up the DagBag from /home/airflow/.local/lib/python3.7/site-packages/airflow/example_dags/tutorial_dag.py
[2024-11-12T08:07:46.439+0000] {processor.py:753} INFO - DAG(s) dict_keys(['tutorial_dag']) retrieved from /home/airflow/.local/lib/python3.7/site-packages/airflow/example_dags/tutorial_dag.py
[2024-11-12T08:07:46.464+0000] {logging_mixin.py:137} INFO - [2024-11-12T08:07:46.464+0000] {dag.py:2690} INFO - Sync 1 DAGs
[2024-11-12T08:07:46.486+0000] {logging_mixin.py:137} INFO - [2024-11-12T08:07:46.486+0000] {dag.py:3441} INFO - Setting next_dagrun for tutorial_dag to None, run_after=None
[2024-11-12T08:07:46.506+0000] {processor.py:175} INFO - Processing /home/airflow/.local/lib/python3.7/site-packages/airflow/example_dags/tutorial_dag.py took 0.086 seconds
[2024-11-12T08:08:16.601+0000] {processor.py:153} INFO - Started process (PID=927) to work on /home/airflow/.local/lib/python3.7/site-packages/airflow/example_dags/tutorial_dag.py
[2024-11-12T08:08:16.602+0000] {processor.py:743} INFO - Processing file /home/airflow/.local/lib/python3.7/site-packages/airflow/example_dags/tutorial_dag.py for tasks to queue
[2024-11-12T08:08:16.603+0000] {logging_mixin.py:137} INFO - [2024-11-12T08:08:16.602+0000] {dagbag.py:538} INFO - Filling up the DagBag from /home/airflow/.local/lib/python3.7/site-packages/airflow/example_dags/tutorial_dag.py
[2024-11-12T08:08:16.617+0000] {processor.py:753} INFO - DAG(s) dict_keys(['tutorial_dag']) retrieved from /home/airflow/.local/lib/python3.7/site-packages/airflow/example_dags/tutorial_dag.py
[2024-11-12T08:08:16.647+0000] {logging_mixin.py:137} INFO - [2024-11-12T08:08:16.647+0000] {dag.py:2690} INFO - Sync 1 DAGs
[2024-11-12T08:08:16.676+0000] {logging_mixin.py:137} INFO - [2024-11-12T08:08:16.676+0000] {dag.py:3441} INFO - Setting next_dagrun for tutorial_dag to None, run_after=None
[2024-11-12T08:08:16.703+0000] {processor.py:175} INFO - Processing /home/airflow/.local/lib/python3.7/site-packages/airflow/example_dags/tutorial_dag.py took 0.107 seconds
[2024-11-12T08:08:47.178+0000] {processor.py:153} INFO - Started process (PID=998) to work on /home/airflow/.local/lib/python3.7/site-packages/airflow/example_dags/tutorial_dag.py
[2024-11-12T08:08:47.180+0000] {processor.py:743} INFO - Processing file /home/airflow/.local/lib/python3.7/site-packages/airflow/example_dags/tutorial_dag.py for tasks to queue
[2024-11-12T08:08:47.181+0000] {logging_mixin.py:137} INFO - [2024-11-12T08:08:47.180+0000] {dagbag.py:538} INFO - Filling up the DagBag from /home/airflow/.local/lib/python3.7/site-packages/airflow/example_dags/tutorial_dag.py
[2024-11-12T08:08:47.193+0000] {processor.py:753} INFO - DAG(s) dict_keys(['tutorial_dag']) retrieved from /home/airflow/.local/lib/python3.7/site-packages/airflow/example_dags/tutorial_dag.py
[2024-11-12T08:08:47.218+0000] {logging_mixin.py:137} INFO - [2024-11-12T08:08:47.218+0000] {dag.py:2690} INFO - Sync 1 DAGs
[2024-11-12T08:08:47.240+0000] {logging_mixin.py:137} INFO - [2024-11-12T08:08:47.240+0000] {dag.py:3441} INFO - Setting next_dagrun for tutorial_dag to None, run_after=None
[2024-11-12T08:08:47.264+0000] {processor.py:175} INFO - Processing /home/airflow/.local/lib/python3.7/site-packages/airflow/example_dags/tutorial_dag.py took 0.090 seconds
[2024-11-12T08:09:18.622+0000] {processor.py:153} INFO - Started process (PID=1085) to work on /home/airflow/.local/lib/python3.7/site-packages/airflow/example_dags/tutorial_dag.py
[2024-11-12T08:09:18.624+0000] {processor.py:743} INFO - Processing file /home/airflow/.local/lib/python3.7/site-packages/airflow/example_dags/tutorial_dag.py for tasks to queue
[2024-11-12T08:09:18.625+0000] {logging_mixin.py:137} INFO - [2024-11-12T08:09:18.625+0000] {dagbag.py:538} INFO - Filling up the DagBag from /home/airflow/.local/lib/python3.7/site-packages/airflow/example_dags/tutorial_dag.py
[2024-11-12T08:09:18.647+0000] {processor.py:753} INFO - DAG(s) dict_keys(['tutorial_dag']) retrieved from /home/airflow/.local/lib/python3.7/site-packages/airflow/example_dags/tutorial_dag.py
[2024-11-12T08:09:18.693+0000] {logging_mixin.py:137} INFO - [2024-11-12T08:09:18.693+0000] {dag.py:2690} INFO - Sync 1 DAGs
[2024-11-12T08:09:18.742+0000] {logging_mixin.py:137} INFO - [2024-11-12T08:09:18.742+0000] {dag.py:3441} INFO - Setting next_dagrun for tutorial_dag to None, run_after=None
[2024-11-12T08:09:18.790+0000] {processor.py:175} INFO - Processing /home/airflow/.local/lib/python3.7/site-packages/airflow/example_dags/tutorial_dag.py took 0.173 seconds
[2024-11-12T08:09:48.875+0000] {processor.py:153} INFO - Started process (PID=1157) to work on /home/airflow/.local/lib/python3.7/site-packages/airflow/example_dags/tutorial_dag.py
[2024-11-12T08:09:48.876+0000] {processor.py:743} INFO - Processing file /home/airflow/.local/lib/python3.7/site-packages/airflow/example_dags/tutorial_dag.py for tasks to queue
[2024-11-12T08:09:48.877+0000] {logging_mixin.py:137} INFO - [2024-11-12T08:09:48.877+0000] {dagbag.py:538} INFO - Filling up the DagBag from /home/airflow/.local/lib/python3.7/site-packages/airflow/example_dags/tutorial_dag.py
[2024-11-12T08:09:48.891+0000] {processor.py:753} INFO - DAG(s) dict_keys(['tutorial_dag']) retrieved from /home/airflow/.local/lib/python3.7/site-packages/airflow/example_dags/tutorial_dag.py
[2024-11-12T08:09:48.917+0000] {logging_mixin.py:137} INFO - [2024-11-12T08:09:48.917+0000] {dag.py:2690} INFO - Sync 1 DAGs
[2024-11-12T08:09:48.940+0000] {logging_mixin.py:137} INFO - [2024-11-12T08:09:48.940+0000] {dag.py:3441} INFO - Setting next_dagrun for tutorial_dag to None, run_after=None
[2024-11-12T08:09:48.959+0000] {processor.py:175} INFO - Processing /home/airflow/.local/lib/python3.7/site-packages/airflow/example_dags/tutorial_dag.py took 0.087 seconds
[2024-11-12T08:10:19.515+0000] {processor.py:153} INFO - Started process (PID=1228) to work on /home/airflow/.local/lib/python3.7/site-packages/airflow/example_dags/tutorial_dag.py
[2024-11-12T08:10:19.516+0000] {processor.py:743} INFO - Processing file /home/airflow/.local/lib/python3.7/site-packages/airflow/example_dags/tutorial_dag.py for tasks to queue
[2024-11-12T08:10:19.517+0000] {logging_mixin.py:137} INFO - [2024-11-12T08:10:19.517+0000] {dagbag.py:538} INFO - Filling up the DagBag from /home/airflow/.local/lib/python3.7/site-packages/airflow/example_dags/tutorial_dag.py
[2024-11-12T08:10:19.528+0000] {processor.py:753} INFO - DAG(s) dict_keys(['tutorial_dag']) retrieved from /home/airflow/.local/lib/python3.7/site-packages/airflow/example_dags/tutorial_dag.py
[2024-11-12T08:10:19.556+0000] {logging_mixin.py:137} INFO - [2024-11-12T08:10:19.556+0000] {dag.py:2690} INFO - Sync 1 DAGs
[2024-11-12T08:10:19.584+0000] {logging_mixin.py:137} INFO - [2024-11-12T08:10:19.583+0000] {dag.py:3441} INFO - Setting next_dagrun for tutorial_dag to None, run_after=None
[2024-11-12T08:10:19.605+0000] {processor.py:175} INFO - Processing /home/airflow/.local/lib/python3.7/site-packages/airflow/example_dags/tutorial_dag.py took 0.095 seconds
[2024-11-12T08:10:49.705+0000] {processor.py:153} INFO - Started process (PID=1315) to work on /home/airflow/.local/lib/python3.7/site-packages/airflow/example_dags/tutorial_dag.py
[2024-11-12T08:10:49.706+0000] {processor.py:743} INFO - Processing file /home/airflow/.local/lib/python3.7/site-packages/airflow/example_dags/tutorial_dag.py for tasks to queue
[2024-11-12T08:10:49.707+0000] {logging_mixin.py:137} INFO - [2024-11-12T08:10:49.707+0000] {dagbag.py:538} INFO - Filling up the DagBag from /home/airflow/.local/lib/python3.7/site-packages/airflow/example_dags/tutorial_dag.py
[2024-11-12T08:10:49.718+0000] {processor.py:753} INFO - DAG(s) dict_keys(['tutorial_dag']) retrieved from /home/airflow/.local/lib/python3.7/site-packages/airflow/example_dags/tutorial_dag.py
[2024-11-12T08:10:49.743+0000] {logging_mixin.py:137} INFO - [2024-11-12T08:10:49.743+0000] {dag.py:2690} INFO - Sync 1 DAGs
[2024-11-12T08:10:49.766+0000] {logging_mixin.py:137} INFO - [2024-11-12T08:10:49.766+0000] {dag.py:3441} INFO - Setting next_dagrun for tutorial_dag to None, run_after=None
[2024-11-12T08:10:49.787+0000] {processor.py:175} INFO - Processing /home/airflow/.local/lib/python3.7/site-packages/airflow/example_dags/tutorial_dag.py took 0.086 seconds
[2024-11-12T08:11:19.831+0000] {processor.py:153} INFO - Started process (PID=1386) to work on /home/airflow/.local/lib/python3.7/site-packages/airflow/example_dags/tutorial_dag.py
[2024-11-12T08:11:19.832+0000] {processor.py:743} INFO - Processing file /home/airflow/.local/lib/python3.7/site-packages/airflow/example_dags/tutorial_dag.py for tasks to queue
[2024-11-12T08:11:19.833+0000] {logging_mixin.py:137} INFO - [2024-11-12T08:11:19.833+0000] {dagbag.py:538} INFO - Filling up the DagBag from /home/airflow/.local/lib/python3.7/site-packages/airflow/example_dags/tutorial_dag.py
[2024-11-12T08:11:19.846+0000] {processor.py:753} INFO - DAG(s) dict_keys(['tutorial_dag']) retrieved from /home/airflow/.local/lib/python3.7/site-packages/airflow/example_dags/tutorial_dag.py
[2024-11-12T08:11:19.872+0000] {logging_mixin.py:137} INFO - [2024-11-12T08:11:19.872+0000] {dag.py:2690} INFO - Sync 1 DAGs
[2024-11-12T08:11:19.895+0000] {logging_mixin.py:137} INFO - [2024-11-12T08:11:19.895+0000] {dag.py:3441} INFO - Setting next_dagrun for tutorial_dag to None, run_after=None
[2024-11-12T08:11:19.917+0000] {processor.py:175} INFO - Processing /home/airflow/.local/lib/python3.7/site-packages/airflow/example_dags/tutorial_dag.py took 0.089 seconds
[2024-11-12T08:11:51.008+0000] {processor.py:153} INFO - Started process (PID=1474) to work on /home/airflow/.local/lib/python3.7/site-packages/airflow/example_dags/tutorial_dag.py
[2024-11-12T08:11:51.009+0000] {processor.py:743} INFO - Processing file /home/airflow/.local/lib/python3.7/site-packages/airflow/example_dags/tutorial_dag.py for tasks to queue
[2024-11-12T08:11:51.010+0000] {logging_mixin.py:137} INFO - [2024-11-12T08:11:51.010+0000] {dagbag.py:538} INFO - Filling up the DagBag from /home/airflow/.local/lib/python3.7/site-packages/airflow/example_dags/tutorial_dag.py
[2024-11-12T08:11:51.027+0000] {processor.py:753} INFO - DAG(s) dict_keys(['tutorial_dag']) retrieved from /home/airflow/.local/lib/python3.7/site-packages/airflow/example_dags/tutorial_dag.py
[2024-11-12T08:11:51.059+0000] {logging_mixin.py:137} INFO - [2024-11-12T08:11:51.059+0000] {dag.py:2690} INFO - Sync 1 DAGs
[2024-11-12T08:11:51.084+0000] {logging_mixin.py:137} INFO - [2024-11-12T08:11:51.084+0000] {dag.py:3441} INFO - Setting next_dagrun for tutorial_dag to None, run_after=None
[2024-11-12T08:11:51.110+0000] {processor.py:175} INFO - Processing /home/airflow/.local/lib/python3.7/site-packages/airflow/example_dags/tutorial_dag.py took 0.106 seconds
[2024-11-12T08:12:21.568+0000] {processor.py:153} INFO - Started process (PID=1545) to work on /home/airflow/.local/lib/python3.7/site-packages/airflow/example_dags/tutorial_dag.py
[2024-11-12T08:12:21.569+0000] {processor.py:743} INFO - Processing file /home/airflow/.local/lib/python3.7/site-packages/airflow/example_dags/tutorial_dag.py for tasks to queue
[2024-11-12T08:12:21.570+0000] {logging_mixin.py:137} INFO - [2024-11-12T08:12:21.570+0000] {dagbag.py:538} INFO - Filling up the DagBag from /home/airflow/.local/lib/python3.7/site-packages/airflow/example_dags/tutorial_dag.py
[2024-11-12T08:12:21.581+0000] {processor.py:753} INFO - DAG(s) dict_keys(['tutorial_dag']) retrieved from /home/airflow/.local/lib/python3.7/site-packages/airflow/example_dags/tutorial_dag.py
[2024-11-12T08:12:21.607+0000] {logging_mixin.py:137} INFO - [2024-11-12T08:12:21.607+0000] {dag.py:2690} INFO - Sync 1 DAGs
[2024-11-12T08:12:21.636+0000] {logging_mixin.py:137} INFO - [2024-11-12T08:12:21.636+0000] {dag.py:3441} INFO - Setting next_dagrun for tutorial_dag to None, run_after=None
[2024-11-12T08:12:21.658+0000] {processor.py:175} INFO - Processing /home/airflow/.local/lib/python3.7/site-packages/airflow/example_dags/tutorial_dag.py took 0.096 seconds
[2024-11-12T08:12:52.239+0000] {processor.py:153} INFO - Started process (PID=1632) to work on /home/airflow/.local/lib/python3.7/site-packages/airflow/example_dags/tutorial_dag.py
[2024-11-12T08:12:52.243+0000] {processor.py:743} INFO - Processing file /home/airflow/.local/lib/python3.7/site-packages/airflow/example_dags/tutorial_dag.py for tasks to queue
[2024-11-12T08:12:52.244+0000] {logging_mixin.py:137} INFO - [2024-11-12T08:12:52.244+0000] {dagbag.py:538} INFO - Filling up the DagBag from /home/airflow/.local/lib/python3.7/site-packages/airflow/example_dags/tutorial_dag.py
[2024-11-12T08:12:52.256+0000] {processor.py:753} INFO - DAG(s) dict_keys(['tutorial_dag']) retrieved from /home/airflow/.local/lib/python3.7/site-packages/airflow/example_dags/tutorial_dag.py
[2024-11-12T08:12:52.284+0000] {logging_mixin.py:137} INFO - [2024-11-12T08:12:52.284+0000] {dag.py:2690} INFO - Sync 1 DAGs
[2024-11-12T08:12:52.311+0000] {logging_mixin.py:137} INFO - [2024-11-12T08:12:52.311+0000] {dag.py:3441} INFO - Setting next_dagrun for tutorial_dag to None, run_after=None
[2024-11-12T08:12:52.332+0000] {processor.py:175} INFO - Processing /home/airflow/.local/lib/python3.7/site-packages/airflow/example_dags/tutorial_dag.py took 0.107 seconds
