[2024-11-12T07:54:48.809+0000] {processor.py:153} INFO - Started process (PID=86) to work on /home/airflow/.local/lib/python3.7/site-packages/airflow/example_dags/tutorial.py
[2024-11-12T07:54:48.810+0000] {processor.py:743} INFO - Processing file /home/airflow/.local/lib/python3.7/site-packages/airflow/example_dags/tutorial.py for tasks to queue
[2024-11-12T07:54:48.811+0000] {logging_mixin.py:137} INFO - [2024-11-12T07:54:48.811+0000] {dagbag.py:538} INFO - Filling up the DagBag from /home/airflow/.local/lib/python3.7/site-packages/airflow/example_dags/tutorial.py
[2024-11-12T07:54:48.833+0000] {processor.py:753} INFO - DAG(s) dict_keys(['tutorial']) retrieved from /home/airflow/.local/lib/python3.7/site-packages/airflow/example_dags/tutorial.py
[2024-11-12T07:54:48.852+0000] {logging_mixin.py:137} INFO - [2024-11-12T07:54:48.852+0000] {dag.py:2690} INFO - Sync 1 DAGs
[2024-11-12T07:54:48.886+0000] {logging_mixin.py:137} INFO - [2024-11-12T07:54:48.885+0000] {dag.py:3441} INFO - Setting next_dagrun for tutorial to 2024-11-11T07:54:48.885358+00:00, run_after=2024-11-12T07:54:48.885358+00:00
[2024-11-12T07:54:48.912+0000] {processor.py:175} INFO - Processing /home/airflow/.local/lib/python3.7/site-packages/airflow/example_dags/tutorial.py took 0.107 seconds
[2024-11-12T07:55:18.963+0000] {processor.py:153} INFO - Started process (PID=157) to work on /home/airflow/.local/lib/python3.7/site-packages/airflow/example_dags/tutorial.py
[2024-11-12T07:55:18.964+0000] {processor.py:743} INFO - Processing file /home/airflow/.local/lib/python3.7/site-packages/airflow/example_dags/tutorial.py for tasks to queue
[2024-11-12T07:55:18.965+0000] {logging_mixin.py:137} INFO - [2024-11-12T07:55:18.964+0000] {dagbag.py:538} INFO - Filling up the DagBag from /home/airflow/.local/lib/python3.7/site-packages/airflow/example_dags/tutorial.py
[2024-11-12T07:55:18.977+0000] {processor.py:753} INFO - DAG(s) dict_keys(['tutorial']) retrieved from /home/airflow/.local/lib/python3.7/site-packages/airflow/example_dags/tutorial.py
[2024-11-12T07:55:19.004+0000] {logging_mixin.py:137} INFO - [2024-11-12T07:55:19.004+0000] {dag.py:2690} INFO - Sync 1 DAGs
[2024-11-12T07:55:19.029+0000] {logging_mixin.py:137} INFO - [2024-11-12T07:55:19.029+0000] {dag.py:3441} INFO - Setting next_dagrun for tutorial to 2024-11-11T07:55:19.028806+00:00, run_after=2024-11-12T07:55:19.028806+00:00
[2024-11-12T07:55:19.050+0000] {processor.py:175} INFO - Processing /home/airflow/.local/lib/python3.7/site-packages/airflow/example_dags/tutorial.py took 0.090 seconds
[2024-11-12T07:55:50.058+0000] {processor.py:153} INFO - Started process (PID=244) to work on /home/airflow/.local/lib/python3.7/site-packages/airflow/example_dags/tutorial.py
[2024-11-12T07:55:50.060+0000] {processor.py:743} INFO - Processing file /home/airflow/.local/lib/python3.7/site-packages/airflow/example_dags/tutorial.py for tasks to queue
[2024-11-12T07:55:50.061+0000] {logging_mixin.py:137} INFO - [2024-11-12T07:55:50.061+0000] {dagbag.py:538} INFO - Filling up the DagBag from /home/airflow/.local/lib/python3.7/site-packages/airflow/example_dags/tutorial.py
[2024-11-12T07:55:50.079+0000] {processor.py:753} INFO - DAG(s) dict_keys(['tutorial']) retrieved from /home/airflow/.local/lib/python3.7/site-packages/airflow/example_dags/tutorial.py
[2024-11-12T07:55:50.111+0000] {logging_mixin.py:137} INFO - [2024-11-12T07:55:50.110+0000] {dag.py:2690} INFO - Sync 1 DAGs
[2024-11-12T07:55:50.145+0000] {logging_mixin.py:137} INFO - [2024-11-12T07:55:50.145+0000] {dag.py:3441} INFO - Setting next_dagrun for tutorial to 2024-11-11T07:55:50.145335+00:00, run_after=2024-11-12T07:55:50.145335+00:00
[2024-11-12T07:55:50.174+0000] {processor.py:175} INFO - Processing /home/airflow/.local/lib/python3.7/site-packages/airflow/example_dags/tutorial.py took 0.119 seconds
[2024-11-12T07:56:20.202+0000] {processor.py:153} INFO - Started process (PID=315) to work on /home/airflow/.local/lib/python3.7/site-packages/airflow/example_dags/tutorial.py
[2024-11-12T07:56:20.203+0000] {processor.py:743} INFO - Processing file /home/airflow/.local/lib/python3.7/site-packages/airflow/example_dags/tutorial.py for tasks to queue
[2024-11-12T07:56:20.204+0000] {logging_mixin.py:137} INFO - [2024-11-12T07:56:20.203+0000] {dagbag.py:538} INFO - Filling up the DagBag from /home/airflow/.local/lib/python3.7/site-packages/airflow/example_dags/tutorial.py
[2024-11-12T07:56:20.218+0000] {processor.py:753} INFO - DAG(s) dict_keys(['tutorial']) retrieved from /home/airflow/.local/lib/python3.7/site-packages/airflow/example_dags/tutorial.py
[2024-11-12T07:56:20.245+0000] {logging_mixin.py:137} INFO - [2024-11-12T07:56:20.245+0000] {dag.py:2690} INFO - Sync 1 DAGs
[2024-11-12T07:56:20.267+0000] {logging_mixin.py:137} INFO - [2024-11-12T07:56:20.266+0000] {dag.py:3441} INFO - Setting next_dagrun for tutorial to 2024-11-11T07:56:20.266752+00:00, run_after=2024-11-12T07:56:20.266752+00:00
[2024-11-12T07:56:20.289+0000] {processor.py:175} INFO - Processing /home/airflow/.local/lib/python3.7/site-packages/airflow/example_dags/tutorial.py took 0.090 seconds
[2024-11-12T07:56:51.102+0000] {processor.py:153} INFO - Started process (PID=395) to work on /home/airflow/.local/lib/python3.7/site-packages/airflow/example_dags/tutorial.py
[2024-11-12T07:56:51.106+0000] {processor.py:743} INFO - Processing file /home/airflow/.local/lib/python3.7/site-packages/airflow/example_dags/tutorial.py for tasks to queue
[2024-11-12T07:56:51.107+0000] {logging_mixin.py:137} INFO - [2024-11-12T07:56:51.106+0000] {dagbag.py:538} INFO - Filling up the DagBag from /home/airflow/.local/lib/python3.7/site-packages/airflow/example_dags/tutorial.py
[2024-11-12T07:56:51.130+0000] {processor.py:753} INFO - DAG(s) dict_keys(['tutorial']) retrieved from /home/airflow/.local/lib/python3.7/site-packages/airflow/example_dags/tutorial.py
[2024-11-12T07:56:51.176+0000] {logging_mixin.py:137} INFO - [2024-11-12T07:56:51.176+0000] {dag.py:2690} INFO - Sync 1 DAGs
[2024-11-12T07:56:51.228+0000] {logging_mixin.py:137} INFO - [2024-11-12T07:56:51.228+0000] {dag.py:3441} INFO - Setting next_dagrun for tutorial to 2024-11-11T07:56:51.227679+00:00, run_after=2024-11-12T07:56:51.227679+00:00
[2024-11-12T07:56:51.269+0000] {processor.py:175} INFO - Processing /home/airflow/.local/lib/python3.7/site-packages/airflow/example_dags/tutorial.py took 0.173 seconds
[2024-11-12T07:57:22.048+0000] {processor.py:153} INFO - Started process (PID=473) to work on /home/airflow/.local/lib/python3.7/site-packages/airflow/example_dags/tutorial.py
[2024-11-12T07:57:22.049+0000] {processor.py:743} INFO - Processing file /home/airflow/.local/lib/python3.7/site-packages/airflow/example_dags/tutorial.py for tasks to queue
[2024-11-12T07:57:22.050+0000] {logging_mixin.py:137} INFO - [2024-11-12T07:57:22.050+0000] {dagbag.py:538} INFO - Filling up the DagBag from /home/airflow/.local/lib/python3.7/site-packages/airflow/example_dags/tutorial.py
[2024-11-12T07:57:22.063+0000] {processor.py:753} INFO - DAG(s) dict_keys(['tutorial']) retrieved from /home/airflow/.local/lib/python3.7/site-packages/airflow/example_dags/tutorial.py
[2024-11-12T07:57:22.090+0000] {logging_mixin.py:137} INFO - [2024-11-12T07:57:22.090+0000] {dag.py:2690} INFO - Sync 1 DAGs
[2024-11-12T07:57:22.117+0000] {logging_mixin.py:137} INFO - [2024-11-12T07:57:22.117+0000] {dag.py:3441} INFO - Setting next_dagrun for tutorial to 2024-11-11T07:57:22.117506+00:00, run_after=2024-11-12T07:57:22.117506+00:00
[2024-11-12T07:57:22.140+0000] {processor.py:175} INFO - Processing /home/airflow/.local/lib/python3.7/site-packages/airflow/example_dags/tutorial.py took 0.095 seconds
[2024-11-12T07:57:52.437+0000] {processor.py:153} INFO - Started process (PID=551) to work on /home/airflow/.local/lib/python3.7/site-packages/airflow/example_dags/tutorial.py
[2024-11-12T07:57:52.438+0000] {processor.py:743} INFO - Processing file /home/airflow/.local/lib/python3.7/site-packages/airflow/example_dags/tutorial.py for tasks to queue
[2024-11-12T07:57:52.438+0000] {logging_mixin.py:137} INFO - [2024-11-12T07:57:52.438+0000] {dagbag.py:538} INFO - Filling up the DagBag from /home/airflow/.local/lib/python3.7/site-packages/airflow/example_dags/tutorial.py
[2024-11-12T07:57:52.454+0000] {processor.py:753} INFO - DAG(s) dict_keys(['tutorial']) retrieved from /home/airflow/.local/lib/python3.7/site-packages/airflow/example_dags/tutorial.py
[2024-11-12T07:57:52.481+0000] {logging_mixin.py:137} INFO - [2024-11-12T07:57:52.481+0000] {dag.py:2690} INFO - Sync 1 DAGs
[2024-11-12T07:57:52.511+0000] {logging_mixin.py:137} INFO - [2024-11-12T07:57:52.511+0000] {dag.py:3441} INFO - Setting next_dagrun for tutorial to 2024-11-11T07:57:52.511200+00:00, run_after=2024-11-12T07:57:52.511200+00:00
[2024-11-12T07:57:52.538+0000] {processor.py:175} INFO - Processing /home/airflow/.local/lib/python3.7/site-packages/airflow/example_dags/tutorial.py took 0.105 seconds
[2024-11-12T07:58:22.591+0000] {processor.py:153} INFO - Started process (PID=631) to work on /home/airflow/.local/lib/python3.7/site-packages/airflow/example_dags/tutorial.py
[2024-11-12T07:58:22.593+0000] {processor.py:743} INFO - Processing file /home/airflow/.local/lib/python3.7/site-packages/airflow/example_dags/tutorial.py for tasks to queue
[2024-11-12T07:58:22.593+0000] {logging_mixin.py:137} INFO - [2024-11-12T07:58:22.593+0000] {dagbag.py:538} INFO - Filling up the DagBag from /home/airflow/.local/lib/python3.7/site-packages/airflow/example_dags/tutorial.py
[2024-11-12T07:58:22.606+0000] {processor.py:753} INFO - DAG(s) dict_keys(['tutorial']) retrieved from /home/airflow/.local/lib/python3.7/site-packages/airflow/example_dags/tutorial.py
[2024-11-12T07:58:22.630+0000] {logging_mixin.py:137} INFO - [2024-11-12T07:58:22.629+0000] {dag.py:2690} INFO - Sync 1 DAGs
[2024-11-12T07:58:22.651+0000] {logging_mixin.py:137} INFO - [2024-11-12T07:58:22.650+0000] {dag.py:3441} INFO - Setting next_dagrun for tutorial to 2024-11-11T07:58:22.650743+00:00, run_after=2024-11-12T07:58:22.650743+00:00
[2024-11-12T07:58:22.670+0000] {processor.py:175} INFO - Processing /home/airflow/.local/lib/python3.7/site-packages/airflow/example_dags/tutorial.py took 0.082 seconds
[2024-11-12T07:58:53.589+0000] {processor.py:153} INFO - Started process (PID=710) to work on /home/airflow/.local/lib/python3.7/site-packages/airflow/example_dags/tutorial.py
[2024-11-12T07:58:53.591+0000] {processor.py:743} INFO - Processing file /home/airflow/.local/lib/python3.7/site-packages/airflow/example_dags/tutorial.py for tasks to queue
[2024-11-12T07:58:53.592+0000] {logging_mixin.py:137} INFO - [2024-11-12T07:58:53.592+0000] {dagbag.py:538} INFO - Filling up the DagBag from /home/airflow/.local/lib/python3.7/site-packages/airflow/example_dags/tutorial.py
[2024-11-12T07:58:53.613+0000] {processor.py:753} INFO - DAG(s) dict_keys(['tutorial']) retrieved from /home/airflow/.local/lib/python3.7/site-packages/airflow/example_dags/tutorial.py
[2024-11-12T07:58:53.648+0000] {logging_mixin.py:137} INFO - [2024-11-12T07:58:53.648+0000] {dag.py:2690} INFO - Sync 1 DAGs
[2024-11-12T07:58:53.686+0000] {logging_mixin.py:137} INFO - [2024-11-12T07:58:53.685+0000] {dag.py:3441} INFO - Setting next_dagrun for tutorial to 2024-11-11T07:58:53.685701+00:00, run_after=2024-11-12T07:58:53.685701+00:00
[2024-11-12T07:58:53.727+0000] {processor.py:175} INFO - Processing /home/airflow/.local/lib/python3.7/site-packages/airflow/example_dags/tutorial.py took 0.142 seconds
[2024-11-12T07:59:23.876+0000] {processor.py:153} INFO - Started process (PID=791) to work on /home/airflow/.local/lib/python3.7/site-packages/airflow/example_dags/tutorial.py
[2024-11-12T07:59:23.878+0000] {processor.py:743} INFO - Processing file /home/airflow/.local/lib/python3.7/site-packages/airflow/example_dags/tutorial.py for tasks to queue
[2024-11-12T07:59:23.878+0000] {logging_mixin.py:137} INFO - [2024-11-12T07:59:23.878+0000] {dagbag.py:538} INFO - Filling up the DagBag from /home/airflow/.local/lib/python3.7/site-packages/airflow/example_dags/tutorial.py
[2024-11-12T07:59:23.893+0000] {processor.py:753} INFO - DAG(s) dict_keys(['tutorial']) retrieved from /home/airflow/.local/lib/python3.7/site-packages/airflow/example_dags/tutorial.py
[2024-11-12T07:59:23.922+0000] {logging_mixin.py:137} INFO - [2024-11-12T07:59:23.921+0000] {dag.py:2690} INFO - Sync 1 DAGs
[2024-11-12T07:59:23.948+0000] {logging_mixin.py:137} INFO - [2024-11-12T07:59:23.948+0000] {dag.py:3441} INFO - Setting next_dagrun for tutorial to 2024-11-11T07:59:23.947973+00:00, run_after=2024-11-12T07:59:23.947973+00:00
[2024-11-12T07:59:23.974+0000] {processor.py:175} INFO - Processing /home/airflow/.local/lib/python3.7/site-packages/airflow/example_dags/tutorial.py took 0.101 seconds
[2024-11-12T07:59:54.030+0000] {processor.py:153} INFO - Started process (PID=862) to work on /home/airflow/.local/lib/python3.7/site-packages/airflow/example_dags/tutorial.py
[2024-11-12T07:59:54.031+0000] {processor.py:743} INFO - Processing file /home/airflow/.local/lib/python3.7/site-packages/airflow/example_dags/tutorial.py for tasks to queue
[2024-11-12T07:59:54.032+0000] {logging_mixin.py:137} INFO - [2024-11-12T07:59:54.032+0000] {dagbag.py:538} INFO - Filling up the DagBag from /home/airflow/.local/lib/python3.7/site-packages/airflow/example_dags/tutorial.py
[2024-11-12T07:59:54.055+0000] {processor.py:753} INFO - DAG(s) dict_keys(['tutorial']) retrieved from /home/airflow/.local/lib/python3.7/site-packages/airflow/example_dags/tutorial.py
[2024-11-12T07:59:54.095+0000] {logging_mixin.py:137} INFO - [2024-11-12T07:59:54.095+0000] {dag.py:2690} INFO - Sync 1 DAGs
[2024-11-12T07:59:54.137+0000] {logging_mixin.py:137} INFO - [2024-11-12T07:59:54.137+0000] {dag.py:3441} INFO - Setting next_dagrun for tutorial to 2024-11-11T07:59:54.137138+00:00, run_after=2024-11-12T07:59:54.137138+00:00
[2024-11-12T07:59:54.170+0000] {processor.py:175} INFO - Processing /home/airflow/.local/lib/python3.7/site-packages/airflow/example_dags/tutorial.py took 0.146 seconds
[2024-11-12T08:00:25.152+0000] {processor.py:153} INFO - Started process (PID=949) to work on /home/airflow/.local/lib/python3.7/site-packages/airflow/example_dags/tutorial.py
[2024-11-12T08:00:25.153+0000] {processor.py:743} INFO - Processing file /home/airflow/.local/lib/python3.7/site-packages/airflow/example_dags/tutorial.py for tasks to queue
[2024-11-12T08:00:25.154+0000] {logging_mixin.py:137} INFO - [2024-11-12T08:00:25.154+0000] {dagbag.py:538} INFO - Filling up the DagBag from /home/airflow/.local/lib/python3.7/site-packages/airflow/example_dags/tutorial.py
[2024-11-12T08:00:25.172+0000] {processor.py:753} INFO - DAG(s) dict_keys(['tutorial']) retrieved from /home/airflow/.local/lib/python3.7/site-packages/airflow/example_dags/tutorial.py
[2024-11-12T08:00:25.204+0000] {logging_mixin.py:137} INFO - [2024-11-12T08:00:25.204+0000] {dag.py:2690} INFO - Sync 1 DAGs
[2024-11-12T08:00:25.236+0000] {logging_mixin.py:137} INFO - [2024-11-12T08:00:25.236+0000] {dag.py:3441} INFO - Setting next_dagrun for tutorial to 2024-11-11T08:00:25.235841+00:00, run_after=2024-11-12T08:00:25.235841+00:00
[2024-11-12T08:00:25.269+0000] {processor.py:175} INFO - Processing /home/airflow/.local/lib/python3.7/site-packages/airflow/example_dags/tutorial.py took 0.134 seconds
[2024-11-12T08:00:55.968+0000] {processor.py:153} INFO - Started process (PID=1020) to work on /home/airflow/.local/lib/python3.7/site-packages/airflow/example_dags/tutorial.py
[2024-11-12T08:00:55.979+0000] {processor.py:743} INFO - Processing file /home/airflow/.local/lib/python3.7/site-packages/airflow/example_dags/tutorial.py for tasks to queue
[2024-11-12T08:00:55.980+0000] {logging_mixin.py:137} INFO - [2024-11-12T08:00:55.980+0000] {dagbag.py:538} INFO - Filling up the DagBag from /home/airflow/.local/lib/python3.7/site-packages/airflow/example_dags/tutorial.py
[2024-11-12T08:00:55.993+0000] {processor.py:753} INFO - DAG(s) dict_keys(['tutorial']) retrieved from /home/airflow/.local/lib/python3.7/site-packages/airflow/example_dags/tutorial.py
[2024-11-12T08:00:56.021+0000] {logging_mixin.py:137} INFO - [2024-11-12T08:00:56.020+0000] {dag.py:2690} INFO - Sync 1 DAGs
[2024-11-12T08:00:56.043+0000] {logging_mixin.py:137} INFO - [2024-11-12T08:00:56.043+0000] {dag.py:3441} INFO - Setting next_dagrun for tutorial to 2024-11-11T08:00:56.043605+00:00, run_after=2024-11-12T08:00:56.043605+00:00
[2024-11-12T08:00:56.067+0000] {processor.py:175} INFO - Processing /home/airflow/.local/lib/python3.7/site-packages/airflow/example_dags/tutorial.py took 0.103 seconds
[2024-11-12T08:01:26.929+0000] {processor.py:153} INFO - Started process (PID=1107) to work on /home/airflow/.local/lib/python3.7/site-packages/airflow/example_dags/tutorial.py
[2024-11-12T08:01:26.931+0000] {processor.py:743} INFO - Processing file /home/airflow/.local/lib/python3.7/site-packages/airflow/example_dags/tutorial.py for tasks to queue
[2024-11-12T08:01:26.931+0000] {logging_mixin.py:137} INFO - [2024-11-12T08:01:26.931+0000] {dagbag.py:538} INFO - Filling up the DagBag from /home/airflow/.local/lib/python3.7/site-packages/airflow/example_dags/tutorial.py
[2024-11-12T08:01:26.944+0000] {processor.py:753} INFO - DAG(s) dict_keys(['tutorial']) retrieved from /home/airflow/.local/lib/python3.7/site-packages/airflow/example_dags/tutorial.py
[2024-11-12T08:01:26.970+0000] {logging_mixin.py:137} INFO - [2024-11-12T08:01:26.970+0000] {dag.py:2690} INFO - Sync 1 DAGs
[2024-11-12T08:01:26.994+0000] {logging_mixin.py:137} INFO - [2024-11-12T08:01:26.994+0000] {dag.py:3441} INFO - Setting next_dagrun for tutorial to 2024-11-11T08:01:26.993833+00:00, run_after=2024-11-12T08:01:26.993833+00:00
[2024-11-12T08:01:27.016+0000] {processor.py:175} INFO - Processing /home/airflow/.local/lib/python3.7/site-packages/airflow/example_dags/tutorial.py took 0.090 seconds
[2024-11-12T08:02:39.202+0000] {processor.py:153} INFO - Started process (PID=68) to work on /home/airflow/.local/lib/python3.7/site-packages/airflow/example_dags/tutorial.py
[2024-11-12T08:02:39.204+0000] {processor.py:743} INFO - Processing file /home/airflow/.local/lib/python3.7/site-packages/airflow/example_dags/tutorial.py for tasks to queue
[2024-11-12T08:02:39.205+0000] {logging_mixin.py:137} INFO - [2024-11-12T08:02:39.205+0000] {dagbag.py:538} INFO - Filling up the DagBag from /home/airflow/.local/lib/python3.7/site-packages/airflow/example_dags/tutorial.py
[2024-11-12T08:02:39.234+0000] {processor.py:753} INFO - DAG(s) dict_keys(['tutorial']) retrieved from /home/airflow/.local/lib/python3.7/site-packages/airflow/example_dags/tutorial.py
[2024-11-12T08:02:39.261+0000] {logging_mixin.py:137} INFO - [2024-11-12T08:02:39.261+0000] {dag.py:2690} INFO - Sync 1 DAGs
[2024-11-12T08:02:39.297+0000] {logging_mixin.py:137} INFO - [2024-11-12T08:02:39.297+0000] {dag.py:3441} INFO - Setting next_dagrun for tutorial to 2024-11-11T08:02:39.297146+00:00, run_after=2024-11-12T08:02:39.297146+00:00
[2024-11-12T08:02:39.333+0000] {processor.py:175} INFO - Processing /home/airflow/.local/lib/python3.7/site-packages/airflow/example_dags/tutorial.py took 0.135 seconds
[2024-11-12T08:03:10.137+0000] {processor.py:153} INFO - Started process (PID=155) to work on /home/airflow/.local/lib/python3.7/site-packages/airflow/example_dags/tutorial.py
[2024-11-12T08:03:10.138+0000] {processor.py:743} INFO - Processing file /home/airflow/.local/lib/python3.7/site-packages/airflow/example_dags/tutorial.py for tasks to queue
[2024-11-12T08:03:10.139+0000] {logging_mixin.py:137} INFO - [2024-11-12T08:03:10.139+0000] {dagbag.py:538} INFO - Filling up the DagBag from /home/airflow/.local/lib/python3.7/site-packages/airflow/example_dags/tutorial.py
[2024-11-12T08:03:10.158+0000] {processor.py:753} INFO - DAG(s) dict_keys(['tutorial']) retrieved from /home/airflow/.local/lib/python3.7/site-packages/airflow/example_dags/tutorial.py
[2024-11-12T08:03:10.180+0000] {logging_mixin.py:137} INFO - [2024-11-12T08:03:10.180+0000] {dag.py:2690} INFO - Sync 1 DAGs
[2024-11-12T08:03:10.204+0000] {logging_mixin.py:137} INFO - [2024-11-12T08:03:10.203+0000] {dag.py:3441} INFO - Setting next_dagrun for tutorial to 2024-11-11T08:03:10.203702+00:00, run_after=2024-11-12T08:03:10.203702+00:00
[2024-11-12T08:03:10.224+0000] {processor.py:175} INFO - Processing /home/airflow/.local/lib/python3.7/site-packages/airflow/example_dags/tutorial.py took 0.090 seconds
[2024-11-12T08:03:40.638+0000] {processor.py:153} INFO - Started process (PID=226) to work on /home/airflow/.local/lib/python3.7/site-packages/airflow/example_dags/tutorial.py
[2024-11-12T08:03:40.639+0000] {processor.py:743} INFO - Processing file /home/airflow/.local/lib/python3.7/site-packages/airflow/example_dags/tutorial.py for tasks to queue
[2024-11-12T08:03:40.640+0000] {logging_mixin.py:137} INFO - [2024-11-12T08:03:40.639+0000] {dagbag.py:538} INFO - Filling up the DagBag from /home/airflow/.local/lib/python3.7/site-packages/airflow/example_dags/tutorial.py
[2024-11-12T08:03:40.652+0000] {processor.py:753} INFO - DAG(s) dict_keys(['tutorial']) retrieved from /home/airflow/.local/lib/python3.7/site-packages/airflow/example_dags/tutorial.py
[2024-11-12T08:03:40.679+0000] {logging_mixin.py:137} INFO - [2024-11-12T08:03:40.679+0000] {dag.py:2690} INFO - Sync 1 DAGs
[2024-11-12T08:03:40.703+0000] {logging_mixin.py:137} INFO - [2024-11-12T08:03:40.703+0000] {dag.py:3441} INFO - Setting next_dagrun for tutorial to 2024-11-11T08:03:40.703031+00:00, run_after=2024-11-12T08:03:40.703031+00:00
[2024-11-12T08:03:40.730+0000] {processor.py:175} INFO - Processing /home/airflow/.local/lib/python3.7/site-packages/airflow/example_dags/tutorial.py took 0.095 seconds
[2024-11-12T08:04:11.397+0000] {processor.py:153} INFO - Started process (PID=313) to work on /home/airflow/.local/lib/python3.7/site-packages/airflow/example_dags/tutorial.py
[2024-11-12T08:04:11.398+0000] {processor.py:743} INFO - Processing file /home/airflow/.local/lib/python3.7/site-packages/airflow/example_dags/tutorial.py for tasks to queue
[2024-11-12T08:04:11.399+0000] {logging_mixin.py:137} INFO - [2024-11-12T08:04:11.399+0000] {dagbag.py:538} INFO - Filling up the DagBag from /home/airflow/.local/lib/python3.7/site-packages/airflow/example_dags/tutorial.py
[2024-11-12T08:04:11.415+0000] {processor.py:753} INFO - DAG(s) dict_keys(['tutorial']) retrieved from /home/airflow/.local/lib/python3.7/site-packages/airflow/example_dags/tutorial.py
[2024-11-12T08:04:11.439+0000] {logging_mixin.py:137} INFO - [2024-11-12T08:04:11.439+0000] {dag.py:2690} INFO - Sync 1 DAGs
[2024-11-12T08:04:11.463+0000] {logging_mixin.py:137} INFO - [2024-11-12T08:04:11.463+0000] {dag.py:3441} INFO - Setting next_dagrun for tutorial to 2024-11-11T08:04:11.462903+00:00, run_after=2024-11-12T08:04:11.462903+00:00
[2024-11-12T08:04:11.484+0000] {processor.py:175} INFO - Processing /home/airflow/.local/lib/python3.7/site-packages/airflow/example_dags/tutorial.py took 0.091 seconds
[2024-11-12T08:04:42.444+0000] {processor.py:153} INFO - Started process (PID=384) to work on /home/airflow/.local/lib/python3.7/site-packages/airflow/example_dags/tutorial.py
[2024-11-12T08:04:42.445+0000] {processor.py:743} INFO - Processing file /home/airflow/.local/lib/python3.7/site-packages/airflow/example_dags/tutorial.py for tasks to queue
[2024-11-12T08:04:42.445+0000] {logging_mixin.py:137} INFO - [2024-11-12T08:04:42.445+0000] {dagbag.py:538} INFO - Filling up the DagBag from /home/airflow/.local/lib/python3.7/site-packages/airflow/example_dags/tutorial.py
[2024-11-12T08:04:42.465+0000] {processor.py:753} INFO - DAG(s) dict_keys(['tutorial']) retrieved from /home/airflow/.local/lib/python3.7/site-packages/airflow/example_dags/tutorial.py
[2024-11-12T08:04:42.514+0000] {logging_mixin.py:137} INFO - [2024-11-12T08:04:42.514+0000] {dag.py:2690} INFO - Sync 1 DAGs
[2024-11-12T08:04:42.591+0000] {logging_mixin.py:137} INFO - [2024-11-12T08:04:42.590+0000] {dag.py:3441} INFO - Setting next_dagrun for tutorial to 2024-11-11T08:04:42.590589+00:00, run_after=2024-11-12T08:04:42.590589+00:00
[2024-11-12T08:04:42.616+0000] {processor.py:175} INFO - Processing /home/airflow/.local/lib/python3.7/site-packages/airflow/example_dags/tutorial.py took 0.177 seconds
[2024-11-12T08:05:12.671+0000] {processor.py:153} INFO - Started process (PID=471) to work on /home/airflow/.local/lib/python3.7/site-packages/airflow/example_dags/tutorial.py
[2024-11-12T08:05:12.672+0000] {processor.py:743} INFO - Processing file /home/airflow/.local/lib/python3.7/site-packages/airflow/example_dags/tutorial.py for tasks to queue
[2024-11-12T08:05:12.672+0000] {logging_mixin.py:137} INFO - [2024-11-12T08:05:12.672+0000] {dagbag.py:538} INFO - Filling up the DagBag from /home/airflow/.local/lib/python3.7/site-packages/airflow/example_dags/tutorial.py
[2024-11-12T08:05:12.685+0000] {processor.py:753} INFO - DAG(s) dict_keys(['tutorial']) retrieved from /home/airflow/.local/lib/python3.7/site-packages/airflow/example_dags/tutorial.py
[2024-11-12T08:05:12.709+0000] {logging_mixin.py:137} INFO - [2024-11-12T08:05:12.709+0000] {dag.py:2690} INFO - Sync 1 DAGs
[2024-11-12T08:05:12.731+0000] {logging_mixin.py:137} INFO - [2024-11-12T08:05:12.730+0000] {dag.py:3441} INFO - Setting next_dagrun for tutorial to 2024-11-11T08:05:12.730728+00:00, run_after=2024-11-12T08:05:12.730728+00:00
[2024-11-12T08:05:12.752+0000] {processor.py:175} INFO - Processing /home/airflow/.local/lib/python3.7/site-packages/airflow/example_dags/tutorial.py took 0.084 seconds
[2024-11-12T08:05:43.469+0000] {processor.py:153} INFO - Started process (PID=542) to work on /home/airflow/.local/lib/python3.7/site-packages/airflow/example_dags/tutorial.py
[2024-11-12T08:05:43.470+0000] {processor.py:743} INFO - Processing file /home/airflow/.local/lib/python3.7/site-packages/airflow/example_dags/tutorial.py for tasks to queue
[2024-11-12T08:05:43.471+0000] {logging_mixin.py:137} INFO - [2024-11-12T08:05:43.471+0000] {dagbag.py:538} INFO - Filling up the DagBag from /home/airflow/.local/lib/python3.7/site-packages/airflow/example_dags/tutorial.py
[2024-11-12T08:05:43.483+0000] {processor.py:753} INFO - DAG(s) dict_keys(['tutorial']) retrieved from /home/airflow/.local/lib/python3.7/site-packages/airflow/example_dags/tutorial.py
[2024-11-12T08:05:43.508+0000] {logging_mixin.py:137} INFO - [2024-11-12T08:05:43.508+0000] {dag.py:2690} INFO - Sync 1 DAGs
[2024-11-12T08:05:43.529+0000] {logging_mixin.py:137} INFO - [2024-11-12T08:05:43.529+0000] {dag.py:3441} INFO - Setting next_dagrun for tutorial to 2024-11-11T08:05:43.529375+00:00, run_after=2024-11-12T08:05:43.529375+00:00
[2024-11-12T08:05:43.550+0000] {processor.py:175} INFO - Processing /home/airflow/.local/lib/python3.7/site-packages/airflow/example_dags/tutorial.py took 0.084 seconds
[2024-11-12T08:06:15.038+0000] {processor.py:153} INFO - Started process (PID=629) to work on /home/airflow/.local/lib/python3.7/site-packages/airflow/example_dags/tutorial.py
[2024-11-12T08:06:15.039+0000] {processor.py:743} INFO - Processing file /home/airflow/.local/lib/python3.7/site-packages/airflow/example_dags/tutorial.py for tasks to queue
[2024-11-12T08:06:15.040+0000] {logging_mixin.py:137} INFO - [2024-11-12T08:06:15.040+0000] {dagbag.py:538} INFO - Filling up the DagBag from /home/airflow/.local/lib/python3.7/site-packages/airflow/example_dags/tutorial.py
[2024-11-12T08:06:15.054+0000] {processor.py:753} INFO - DAG(s) dict_keys(['tutorial']) retrieved from /home/airflow/.local/lib/python3.7/site-packages/airflow/example_dags/tutorial.py
[2024-11-12T08:06:15.079+0000] {logging_mixin.py:137} INFO - [2024-11-12T08:06:15.079+0000] {dag.py:2690} INFO - Sync 1 DAGs
[2024-11-12T08:06:15.102+0000] {logging_mixin.py:137} INFO - [2024-11-12T08:06:15.102+0000] {dag.py:3441} INFO - Setting next_dagrun for tutorial to 2024-11-11T08:06:15.102425+00:00, run_after=2024-11-12T08:06:15.102425+00:00
[2024-11-12T08:06:15.125+0000] {processor.py:175} INFO - Processing /home/airflow/.local/lib/python3.7/site-packages/airflow/example_dags/tutorial.py took 0.090 seconds
[2024-11-12T08:06:45.665+0000] {processor.py:153} INFO - Started process (PID=700) to work on /home/airflow/.local/lib/python3.7/site-packages/airflow/example_dags/tutorial.py
[2024-11-12T08:06:45.666+0000] {processor.py:743} INFO - Processing file /home/airflow/.local/lib/python3.7/site-packages/airflow/example_dags/tutorial.py for tasks to queue
[2024-11-12T08:06:45.667+0000] {logging_mixin.py:137} INFO - [2024-11-12T08:06:45.667+0000] {dagbag.py:538} INFO - Filling up the DagBag from /home/airflow/.local/lib/python3.7/site-packages/airflow/example_dags/tutorial.py
[2024-11-12T08:06:45.697+0000] {processor.py:753} INFO - DAG(s) dict_keys(['tutorial']) retrieved from /home/airflow/.local/lib/python3.7/site-packages/airflow/example_dags/tutorial.py
[2024-11-12T08:06:45.720+0000] {logging_mixin.py:137} INFO - [2024-11-12T08:06:45.720+0000] {dag.py:2690} INFO - Sync 1 DAGs
[2024-11-12T08:06:45.750+0000] {logging_mixin.py:137} INFO - [2024-11-12T08:06:45.750+0000] {dag.py:3441} INFO - Setting next_dagrun for tutorial to 2024-11-11T08:06:45.750218+00:00, run_after=2024-11-12T08:06:45.750218+00:00
[2024-11-12T08:06:45.768+0000] {processor.py:175} INFO - Processing /home/airflow/.local/lib/python3.7/site-packages/airflow/example_dags/tutorial.py took 0.107 seconds
[2024-11-12T08:07:16.288+0000] {processor.py:153} INFO - Started process (PID=787) to work on /home/airflow/.local/lib/python3.7/site-packages/airflow/example_dags/tutorial.py
[2024-11-12T08:07:16.290+0000] {processor.py:743} INFO - Processing file /home/airflow/.local/lib/python3.7/site-packages/airflow/example_dags/tutorial.py for tasks to queue
[2024-11-12T08:07:16.291+0000] {logging_mixin.py:137} INFO - [2024-11-12T08:07:16.291+0000] {dagbag.py:538} INFO - Filling up the DagBag from /home/airflow/.local/lib/python3.7/site-packages/airflow/example_dags/tutorial.py
[2024-11-12T08:07:16.313+0000] {processor.py:753} INFO - DAG(s) dict_keys(['tutorial']) retrieved from /home/airflow/.local/lib/python3.7/site-packages/airflow/example_dags/tutorial.py
[2024-11-12T08:07:16.354+0000] {logging_mixin.py:137} INFO - [2024-11-12T08:07:16.354+0000] {dag.py:2690} INFO - Sync 1 DAGs
[2024-11-12T08:07:16.396+0000] {logging_mixin.py:137} INFO - [2024-11-12T08:07:16.395+0000] {dag.py:3441} INFO - Setting next_dagrun for tutorial to 2024-11-11T08:07:16.395633+00:00, run_after=2024-11-12T08:07:16.395633+00:00
[2024-11-12T08:07:16.420+0000] {processor.py:175} INFO - Processing /home/airflow/.local/lib/python3.7/site-packages/airflow/example_dags/tutorial.py took 0.137 seconds
[2024-11-12T08:07:46.524+0000] {processor.py:153} INFO - Started process (PID=858) to work on /home/airflow/.local/lib/python3.7/site-packages/airflow/example_dags/tutorial.py
[2024-11-12T08:07:46.525+0000] {processor.py:743} INFO - Processing file /home/airflow/.local/lib/python3.7/site-packages/airflow/example_dags/tutorial.py for tasks to queue
[2024-11-12T08:07:46.526+0000] {logging_mixin.py:137} INFO - [2024-11-12T08:07:46.526+0000] {dagbag.py:538} INFO - Filling up the DagBag from /home/airflow/.local/lib/python3.7/site-packages/airflow/example_dags/tutorial.py
[2024-11-12T08:07:46.540+0000] {processor.py:753} INFO - DAG(s) dict_keys(['tutorial']) retrieved from /home/airflow/.local/lib/python3.7/site-packages/airflow/example_dags/tutorial.py
[2024-11-12T08:07:46.566+0000] {logging_mixin.py:137} INFO - [2024-11-12T08:07:46.566+0000] {dag.py:2690} INFO - Sync 1 DAGs
[2024-11-12T08:07:46.588+0000] {logging_mixin.py:137} INFO - [2024-11-12T08:07:46.588+0000] {dag.py:3441} INFO - Setting next_dagrun for tutorial to 2024-11-11T08:07:46.588323+00:00, run_after=2024-11-12T08:07:46.588323+00:00
[2024-11-12T08:07:46.610+0000] {processor.py:175} INFO - Processing /home/airflow/.local/lib/python3.7/site-packages/airflow/example_dags/tutorial.py took 0.089 seconds
[2024-11-12T08:08:16.725+0000] {processor.py:153} INFO - Started process (PID=929) to work on /home/airflow/.local/lib/python3.7/site-packages/airflow/example_dags/tutorial.py
[2024-11-12T08:08:16.726+0000] {processor.py:743} INFO - Processing file /home/airflow/.local/lib/python3.7/site-packages/airflow/example_dags/tutorial.py for tasks to queue
[2024-11-12T08:08:16.727+0000] {logging_mixin.py:137} INFO - [2024-11-12T08:08:16.727+0000] {dagbag.py:538} INFO - Filling up the DagBag from /home/airflow/.local/lib/python3.7/site-packages/airflow/example_dags/tutorial.py
[2024-11-12T08:08:16.757+0000] {processor.py:753} INFO - DAG(s) dict_keys(['tutorial']) retrieved from /home/airflow/.local/lib/python3.7/site-packages/airflow/example_dags/tutorial.py
[2024-11-12T08:08:16.813+0000] {logging_mixin.py:137} INFO - [2024-11-12T08:08:16.812+0000] {dag.py:2690} INFO - Sync 1 DAGs
[2024-11-12T08:08:16.855+0000] {logging_mixin.py:137} INFO - [2024-11-12T08:08:16.854+0000] {dag.py:3441} INFO - Setting next_dagrun for tutorial to 2024-11-11T08:08:16.853383+00:00, run_after=2024-11-12T08:08:16.853383+00:00
[2024-11-12T08:08:16.908+0000] {processor.py:175} INFO - Processing /home/airflow/.local/lib/python3.7/site-packages/airflow/example_dags/tutorial.py took 0.187 seconds
[2024-11-12T08:08:47.395+0000] {processor.py:153} INFO - Started process (PID=1000) to work on /home/airflow/.local/lib/python3.7/site-packages/airflow/example_dags/tutorial.py
[2024-11-12T08:08:47.396+0000] {processor.py:743} INFO - Processing file /home/airflow/.local/lib/python3.7/site-packages/airflow/example_dags/tutorial.py for tasks to queue
[2024-11-12T08:08:47.397+0000] {logging_mixin.py:137} INFO - [2024-11-12T08:08:47.397+0000] {dagbag.py:538} INFO - Filling up the DagBag from /home/airflow/.local/lib/python3.7/site-packages/airflow/example_dags/tutorial.py
[2024-11-12T08:08:47.410+0000] {processor.py:753} INFO - DAG(s) dict_keys(['tutorial']) retrieved from /home/airflow/.local/lib/python3.7/site-packages/airflow/example_dags/tutorial.py
[2024-11-12T08:08:47.435+0000] {logging_mixin.py:137} INFO - [2024-11-12T08:08:47.435+0000] {dag.py:2690} INFO - Sync 1 DAGs
[2024-11-12T08:08:47.458+0000] {logging_mixin.py:137} INFO - [2024-11-12T08:08:47.457+0000] {dag.py:3441} INFO - Setting next_dagrun for tutorial to 2024-11-11T08:08:47.457725+00:00, run_after=2024-11-12T08:08:47.457725+00:00
[2024-11-12T08:08:47.480+0000] {processor.py:175} INFO - Processing /home/airflow/.local/lib/python3.7/site-packages/airflow/example_dags/tutorial.py took 0.089 seconds
[2024-11-12T08:09:18.821+0000] {processor.py:153} INFO - Started process (PID=1087) to work on /home/airflow/.local/lib/python3.7/site-packages/airflow/example_dags/tutorial.py
[2024-11-12T08:09:18.823+0000] {processor.py:743} INFO - Processing file /home/airflow/.local/lib/python3.7/site-packages/airflow/example_dags/tutorial.py for tasks to queue
[2024-11-12T08:09:18.824+0000] {logging_mixin.py:137} INFO - [2024-11-12T08:09:18.824+0000] {dagbag.py:538} INFO - Filling up the DagBag from /home/airflow/.local/lib/python3.7/site-packages/airflow/example_dags/tutorial.py
[2024-11-12T08:09:18.846+0000] {processor.py:753} INFO - DAG(s) dict_keys(['tutorial']) retrieved from /home/airflow/.local/lib/python3.7/site-packages/airflow/example_dags/tutorial.py
[2024-11-12T08:09:18.887+0000] {logging_mixin.py:137} INFO - [2024-11-12T08:09:18.886+0000] {dag.py:2690} INFO - Sync 1 DAGs
[2024-11-12T08:09:18.926+0000] {logging_mixin.py:137} INFO - [2024-11-12T08:09:18.926+0000] {dag.py:3441} INFO - Setting next_dagrun for tutorial to 2024-11-11T08:09:18.925616+00:00, run_after=2024-11-12T08:09:18.925616+00:00
[2024-11-12T08:09:18.961+0000] {processor.py:175} INFO - Processing /home/airflow/.local/lib/python3.7/site-packages/airflow/example_dags/tutorial.py took 0.145 seconds
[2024-11-12T08:09:49.087+0000] {processor.py:153} INFO - Started process (PID=1159) to work on /home/airflow/.local/lib/python3.7/site-packages/airflow/example_dags/tutorial.py
[2024-11-12T08:09:49.088+0000] {processor.py:743} INFO - Processing file /home/airflow/.local/lib/python3.7/site-packages/airflow/example_dags/tutorial.py for tasks to queue
[2024-11-12T08:09:49.089+0000] {logging_mixin.py:137} INFO - [2024-11-12T08:09:49.089+0000] {dagbag.py:538} INFO - Filling up the DagBag from /home/airflow/.local/lib/python3.7/site-packages/airflow/example_dags/tutorial.py
[2024-11-12T08:09:49.100+0000] {processor.py:753} INFO - DAG(s) dict_keys(['tutorial']) retrieved from /home/airflow/.local/lib/python3.7/site-packages/airflow/example_dags/tutorial.py
[2024-11-12T08:09:49.123+0000] {logging_mixin.py:137} INFO - [2024-11-12T08:09:49.123+0000] {dag.py:2690} INFO - Sync 1 DAGs
[2024-11-12T08:09:49.145+0000] {logging_mixin.py:137} INFO - [2024-11-12T08:09:49.145+0000] {dag.py:3441} INFO - Setting next_dagrun for tutorial to 2024-11-11T08:09:49.145272+00:00, run_after=2024-11-12T08:09:49.145272+00:00
[2024-11-12T08:09:49.165+0000] {processor.py:175} INFO - Processing /home/airflow/.local/lib/python3.7/site-packages/airflow/example_dags/tutorial.py took 0.081 seconds
[2024-11-12T08:10:19.626+0000] {processor.py:153} INFO - Started process (PID=1230) to work on /home/airflow/.local/lib/python3.7/site-packages/airflow/example_dags/tutorial.py
[2024-11-12T08:10:19.628+0000] {processor.py:743} INFO - Processing file /home/airflow/.local/lib/python3.7/site-packages/airflow/example_dags/tutorial.py for tasks to queue
[2024-11-12T08:10:19.629+0000] {logging_mixin.py:137} INFO - [2024-11-12T08:10:19.628+0000] {dagbag.py:538} INFO - Filling up the DagBag from /home/airflow/.local/lib/python3.7/site-packages/airflow/example_dags/tutorial.py
[2024-11-12T08:10:19.648+0000] {processor.py:753} INFO - DAG(s) dict_keys(['tutorial']) retrieved from /home/airflow/.local/lib/python3.7/site-packages/airflow/example_dags/tutorial.py
[2024-11-12T08:10:19.673+0000] {logging_mixin.py:137} INFO - [2024-11-12T08:10:19.673+0000] {dag.py:2690} INFO - Sync 1 DAGs
[2024-11-12T08:10:19.699+0000] {logging_mixin.py:137} INFO - [2024-11-12T08:10:19.699+0000] {dag.py:3441} INFO - Setting next_dagrun for tutorial to 2024-11-11T08:10:19.698815+00:00, run_after=2024-11-12T08:10:19.698815+00:00
[2024-11-12T08:10:19.727+0000] {processor.py:175} INFO - Processing /home/airflow/.local/lib/python3.7/site-packages/airflow/example_dags/tutorial.py took 0.105 seconds
[2024-11-12T08:10:49.807+0000] {processor.py:153} INFO - Started process (PID=1317) to work on /home/airflow/.local/lib/python3.7/site-packages/airflow/example_dags/tutorial.py
[2024-11-12T08:10:49.808+0000] {processor.py:743} INFO - Processing file /home/airflow/.local/lib/python3.7/site-packages/airflow/example_dags/tutorial.py for tasks to queue
[2024-11-12T08:10:49.809+0000] {logging_mixin.py:137} INFO - [2024-11-12T08:10:49.808+0000] {dagbag.py:538} INFO - Filling up the DagBag from /home/airflow/.local/lib/python3.7/site-packages/airflow/example_dags/tutorial.py
[2024-11-12T08:10:49.836+0000] {processor.py:753} INFO - DAG(s) dict_keys(['tutorial']) retrieved from /home/airflow/.local/lib/python3.7/site-packages/airflow/example_dags/tutorial.py
[2024-11-12T08:10:49.860+0000] {logging_mixin.py:137} INFO - [2024-11-12T08:10:49.859+0000] {dag.py:2690} INFO - Sync 1 DAGs
[2024-11-12T08:10:49.883+0000] {logging_mixin.py:137} INFO - [2024-11-12T08:10:49.883+0000] {dag.py:3441} INFO - Setting next_dagrun for tutorial to 2024-11-11T08:10:49.883226+00:00, run_after=2024-11-12T08:10:49.883226+00:00
[2024-11-12T08:10:49.903+0000] {processor.py:175} INFO - Processing /home/airflow/.local/lib/python3.7/site-packages/airflow/example_dags/tutorial.py took 0.100 seconds
