[2024-11-13 12:27:32,146] INFO Reading configuration from: /opt/kafka/config/zookeeper.properties (org.apache.zookeeper.server.quorum.QuorumPeerConfig)
[2024-11-13 12:27:32,147] INFO clientPortAddress is 0.0.0.0:2181 (org.apache.zookeeper.server.quorum.QuorumPeerConfig)
[2024-11-13 12:27:32,147] INFO secureClientPort is not set (org.apache.zookeeper.server.quorum.QuorumPeerConfig)
[2024-11-13 12:27:32,148] INFO autopurge.snapRetainCount set to 3 (org.apache.zookeeper.server.DatadirCleanupManager)
[2024-11-13 12:27:32,148] INFO autopurge.purgeInterval set to 0 (org.apache.zookeeper.server.DatadirCleanupManager)
[2024-11-13 12:27:32,148] INFO Purge task is not scheduled. (org.apache.zookeeper.server.DatadirCleanupManager)
[2024-11-13 12:27:32,149] WARN Either no config or no quorum defined in config, running  in standalone mode (org.apache.zookeeper.server.quorum.QuorumPeerMain)
[2024-11-13 12:27:32,150] INFO Log4j 1.2 jmx support found and enabled. (org.apache.zookeeper.jmx.ManagedUtil)
[2024-11-13 12:27:32,156] INFO Reading configuration from: /opt/kafka/config/zookeeper.properties (org.apache.zookeeper.server.quorum.QuorumPeerConfig)
[2024-11-13 12:27:32,157] INFO clientPortAddress is 0.0.0.0:2181 (org.apache.zookeeper.server.quorum.QuorumPeerConfig)
[2024-11-13 12:27:32,157] INFO secureClientPort is not set (org.apache.zookeeper.server.quorum.QuorumPeerConfig)
[2024-11-13 12:27:32,157] INFO Starting server (org.apache.zookeeper.server.ZooKeeperServerMain)
[2024-11-13 12:27:32,158] INFO zookeeper.snapshot.trust.empty : false (org.apache.zookeeper.server.persistence.FileTxnSnapLog)
[2024-11-13 12:27:32,162] INFO Server environment:zookeeper.version=3.5.9-83df9301aa5c2a5d284a9940177808c01bc35cef, built on 01/06/2021 20:03 GMT (org.apache.zookeeper.server.ZooKeeperServer)
[2024-11-13 12:27:32,162] INFO Server environment:host.name=3c514a41460e (org.apache.zookeeper.server.ZooKeeperServer)
[2024-11-13 12:27:32,162] INFO Server environment:java.version=17.0.2 (org.apache.zookeeper.server.ZooKeeperServer)
[2024-11-13 12:27:32,163] INFO Server environment:java.vendor=Oracle Corporation (org.apache.zookeeper.server.ZooKeeperServer)
[2024-11-13 12:27:32,163] INFO Server environment:java.home=/usr/local/openjdk-17 (org.apache.zookeeper.server.ZooKeeperServer)
[2024-11-13 12:27:32,163] INFO Server environment:java.class.path=/opt/kafka/bin/../libs/activation-1.1.1.jar:/opt/kafka/bin/../libs/aopalliance-repackaged-2.6.1.jar:/opt/kafka/bin/../libs/argparse4j-0.7.0.jar:/opt/kafka/bin/../libs/audience-annotations-0.5.0.jar:/opt/kafka/bin/../libs/commons-cli-1.4.jar:/opt/kafka/bin/../libs/commons-lang3-3.8.1.jar:/opt/kafka/bin/../libs/connect-api-2.7.1.jar:/opt/kafka/bin/../libs/connect-basic-auth-extension-2.7.1.jar:/opt/kafka/bin/../libs/connect-file-2.7.1.jar:/opt/kafka/bin/../libs/connect-json-2.7.1.jar:/opt/kafka/bin/../libs/connect-mirror-2.7.1.jar:/opt/kafka/bin/../libs/connect-mirror-client-2.7.1.jar:/opt/kafka/bin/../libs/connect-runtime-2.7.1.jar:/opt/kafka/bin/../libs/connect-transforms-2.7.1.jar:/opt/kafka/bin/../libs/hk2-api-2.6.1.jar:/opt/kafka/bin/../libs/hk2-locator-2.6.1.jar:/opt/kafka/bin/../libs/hk2-utils-2.6.1.jar:/opt/kafka/bin/../libs/jackson-annotations-2.10.5.jar:/opt/kafka/bin/../libs/jackson-core-2.10.5.jar:/opt/kafka/bin/../libs/jackson-databind-2.10.5.1.jar:/opt/kafka/bin/../libs/jackson-dataformat-csv-2.10.5.jar:/opt/kafka/bin/../libs/jackson-datatype-jdk8-2.10.5.jar:/opt/kafka/bin/../libs/jackson-jaxrs-base-2.10.5.jar:/opt/kafka/bin/../libs/jackson-jaxrs-json-provider-2.10.5.jar:/opt/kafka/bin/../libs/jackson-module-jaxb-annotations-2.10.5.jar:/opt/kafka/bin/../libs/jackson-module-paranamer-2.10.5.jar:/opt/kafka/bin/../libs/jackson-module-scala_2.13-2.10.5.jar:/opt/kafka/bin/../libs/jakarta.activation-api-1.2.1.jar:/opt/kafka/bin/../libs/jakarta.annotation-api-1.3.5.jar:/opt/kafka/bin/../libs/jakarta.inject-2.6.1.jar:/opt/kafka/bin/../libs/jakarta.validation-api-2.0.2.jar:/opt/kafka/bin/../libs/jakarta.ws.rs-api-2.1.6.jar:/opt/kafka/bin/../libs/jakarta.xml.bind-api-2.3.2.jar:/opt/kafka/bin/../libs/javassist-3.25.0-GA.jar:/opt/kafka/bin/../libs/javassist-3.26.0-GA.jar:/opt/kafka/bin/../libs/javax.servlet-api-3.1.0.jar:/opt/kafka/bin/../libs/javax.ws.rs-api-2.1.1.jar:/opt/kafka/bin/../libs/jaxb-api-2.3.0.jar:/opt/kafka/bin/../libs/jersey-client-2.31.jar:/opt/kafka/bin/../libs/jersey-common-2.31.jar:/opt/kafka/bin/../libs/jersey-container-servlet-2.31.jar:/opt/kafka/bin/../libs/jersey-container-servlet-core-2.31.jar:/opt/kafka/bin/../libs/jersey-hk2-2.31.jar:/opt/kafka/bin/../libs/jersey-media-jaxb-2.31.jar:/opt/kafka/bin/../libs/jersey-server-2.31.jar:/opt/kafka/bin/../libs/jetty-client-9.4.38.v20210224.jar:/opt/kafka/bin/../libs/jetty-continuation-9.4.38.v20210224.jar:/opt/kafka/bin/../libs/jetty-http-9.4.38.v20210224.jar:/opt/kafka/bin/../libs/jetty-io-9.4.38.v20210224.jar:/opt/kafka/bin/../libs/jetty-security-9.4.38.v20210224.jar:/opt/kafka/bin/../libs/jetty-server-9.4.38.v20210224.jar:/opt/kafka/bin/../libs/jetty-servlet-9.4.38.v20210224.jar:/opt/kafka/bin/../libs/jetty-servlets-9.4.38.v20210224.jar:/opt/kafka/bin/../libs/jetty-util-9.4.38.v20210224.jar:/opt/kafka/bin/../libs/jetty-util-ajax-9.4.38.v20210224.jar:/opt/kafka/bin/../libs/jopt-simple-5.0.4.jar:/opt/kafka/bin/../libs/kafka-clients-2.7.1.jar:/opt/kafka/bin/../libs/kafka-log4j-appender-2.7.1.jar:/opt/kafka/bin/../libs/kafka-raft-2.7.1.jar:/opt/kafka/bin/../libs/kafka-streams-2.7.1.jar:/opt/kafka/bin/../libs/kafka-streams-examples-2.7.1.jar:/opt/kafka/bin/../libs/kafka-streams-scala_2.13-2.7.1.jar:/opt/kafka/bin/../libs/kafka-streams-test-utils-2.7.1.jar:/opt/kafka/bin/../libs/kafka-tools-2.7.1.jar:/opt/kafka/bin/../libs/kafka_2.13-2.7.1-sources.jar:/opt/kafka/bin/../libs/kafka_2.13-2.7.1.jar:/opt/kafka/bin/../libs/log4j-1.2.17.jar:/opt/kafka/bin/../libs/lz4-java-1.7.1.jar:/opt/kafka/bin/../libs/maven-artifact-3.6.3.jar:/opt/kafka/bin/../libs/metrics-core-2.2.0.jar:/opt/kafka/bin/../libs/netty-buffer-4.1.59.Final.jar:/opt/kafka/bin/../libs/netty-codec-4.1.59.Final.jar:/opt/kafka/bin/../libs/netty-common-4.1.59.Final.jar:/opt/kafka/bin/../libs/netty-handler-4.1.59.Final.jar:/opt/kafka/bin/../libs/netty-resolver-4.1.59.Final.jar:/opt/kafka/bin/../libs/netty-transport-4.1.59.Final.jar:/opt/kafka/bin/../libs/netty-transport-native-epoll-4.1.59.Final.jar:/opt/kafka/bin/../libs/netty-transport-native-unix-common-4.1.59.Final.jar:/opt/kafka/bin/../libs/osgi-resource-locator-1.0.3.jar:/opt/kafka/bin/../libs/paranamer-2.8.jar:/opt/kafka/bin/../libs/plexus-utils-3.2.1.jar:/opt/kafka/bin/../libs/reflections-0.9.12.jar:/opt/kafka/bin/../libs/rocksdbjni-5.18.4.jar:/opt/kafka/bin/../libs/scala-collection-compat_2.13-2.2.0.jar:/opt/kafka/bin/../libs/scala-java8-compat_2.13-0.9.1.jar:/opt/kafka/bin/../libs/scala-library-2.13.3.jar:/opt/kafka/bin/../libs/scala-logging_2.13-3.9.2.jar:/opt/kafka/bin/../libs/scala-reflect-2.13.3.jar:/opt/kafka/bin/../libs/slf4j-api-1.7.30.jar:/opt/kafka/bin/../libs/slf4j-log4j12-1.7.30.jar:/opt/kafka/bin/../libs/snappy-java-1.1.7.7.jar:/opt/kafka/bin/../libs/zookeeper-3.5.9.jar:/opt/kafka/bin/../libs/zookeeper-jute-3.5.9.jar:/opt/kafka/bin/../libs/zstd-jni-1.4.5-6.jar (org.apache.zookeeper.server.ZooKeeperServer)
[2024-11-13 12:27:32,163] INFO Server environment:java.library.path=/usr/java/packages/lib:/usr/lib64:/lib64:/lib:/usr/lib (org.apache.zookeeper.server.ZooKeeperServer)
[2024-11-13 12:27:32,164] INFO Server environment:java.io.tmpdir=/tmp (org.apache.zookeeper.server.ZooKeeperServer)
[2024-11-13 12:27:32,164] INFO Server environment:java.compiler=<NA> (org.apache.zookeeper.server.ZooKeeperServer)
[2024-11-13 12:27:32,164] INFO Server environment:os.name=Linux (org.apache.zookeeper.server.ZooKeeperServer)
[2024-11-13 12:27:32,164] INFO Server environment:os.arch=aarch64 (org.apache.zookeeper.server.ZooKeeperServer)
[2024-11-13 12:27:32,164] INFO Server environment:os.version=6.10.0-linuxkit (org.apache.zookeeper.server.ZooKeeperServer)
[2024-11-13 12:27:32,164] INFO Server environment:user.name=root (org.apache.zookeeper.server.ZooKeeperServer)
[2024-11-13 12:27:32,165] INFO Server environment:user.home=/root (org.apache.zookeeper.server.ZooKeeperServer)
[2024-11-13 12:27:32,165] INFO Server environment:user.dir=/ (org.apache.zookeeper.server.ZooKeeperServer)
[2024-11-13 12:27:32,165] INFO Server environment:os.memory.free=497MB (org.apache.zookeeper.server.ZooKeeperServer)
[2024-11-13 12:27:32,165] INFO Server environment:os.memory.max=512MB (org.apache.zookeeper.server.ZooKeeperServer)
[2024-11-13 12:27:32,165] INFO Server environment:os.memory.total=512MB (org.apache.zookeeper.server.ZooKeeperServer)
[2024-11-13 12:27:32,166] INFO minSessionTimeout set to 6000 (org.apache.zookeeper.server.ZooKeeperServer)
[2024-11-13 12:27:32,166] INFO maxSessionTimeout set to 60000 (org.apache.zookeeper.server.ZooKeeperServer)
[2024-11-13 12:27:32,166] INFO Created server with tickTime 3000 minSessionTimeout 6000 maxSessionTimeout 60000 datadir /tmp/zookeeper/version-2 snapdir /tmp/zookeeper/version-2 (org.apache.zookeeper.server.ZooKeeperServer)
[2024-11-13 12:27:32,170] INFO Using org.apache.zookeeper.server.NIOServerCnxnFactory as server connection factory (org.apache.zookeeper.server.ServerCnxnFactory)
[2024-11-13 12:27:32,172] INFO Configuring NIO connection handler with 10s sessionless connection timeout, 2 selector thread(s), 32 worker threads, and 64 kB direct buffers. (org.apache.zookeeper.server.NIOServerCnxnFactory)
[2024-11-13 12:27:32,173] INFO binding to port 0.0.0.0/0.0.0.0:2181 (org.apache.zookeeper.server.NIOServerCnxnFactory)
[2024-11-13 12:27:32,178] INFO zookeeper.snapshotSizeFactor = 0.33 (org.apache.zookeeper.server.ZKDatabase)
[2024-11-13 12:27:32,179] INFO Snapshotting: 0x0 to /tmp/zookeeper/version-2/snapshot.0 (org.apache.zookeeper.server.persistence.FileTxnSnapLog)
[2024-11-13 12:27:32,180] INFO Snapshotting: 0x0 to /tmp/zookeeper/version-2/snapshot.0 (org.apache.zookeeper.server.persistence.FileTxnSnapLog)
[2024-11-13 12:27:32,185] INFO PrepRequestProcessor (sid:0) started, reconfigEnabled=false (org.apache.zookeeper.server.PrepRequestProcessor)
[2024-11-13 12:27:32,187] INFO Using checkIntervalMs=60000 maxPerMinute=10000 (org.apache.zookeeper.server.ContainerManager)
[2024-11-13 12:27:32,382] INFO Creating new log file: log.1 (org.apache.zookeeper.server.persistence.FileTxnLog)
